2020-01-14-04-14-47
train_hm.py
--------------------------------------------------------------------------------------------------------------------
alpha: 0.7
batchSize: 8
bottleneckFeatures: 0
dir_lf: D:\Data\cs-8395-dl
dir_project: C:\Users\Reasat\Projects\cs-8395-dl\Assignment_1_detection
encoder: hm_net
epoch: 100
folderData: assignment1_data
gamma: 2
lr: 0.001
resume_from: None
--------------------------------------------------------------------------------------------------------------------
creating directory to save model at D:\Data\cs-8395-dl\model\2020-01-14-04-14-47
loading images to RAM
train samples 105
loading images to RAM
validation samples 10
HM_Net(
  (conv1): conv_bn_3x3(
    (block): Sequential(
      (0): Conv2d(3, 8, kernel_size=(3, 3), stride=(1, 1), padding=(1, 1))
      (1): ReLU()
      (2): BatchNorm2d(8, eps=1e-05, momentum=0.1, affine=True, track_running_stats=True)
    )
  )
  (conv2): conv_bn_3x3(
    (block): Sequential(
      (0): Conv2d(8, 16, kernel_size=(3, 3), stride=(1, 1), padding=(1, 1))
      (1): ReLU()
      (2): BatchNorm2d(16, eps=1e-05, momentum=0.1, affine=True, track_running_stats=True)
    )
  )
  (conv3): conv_bn_3x3(
    (block): Sequential(
      (0): Conv2d(16, 16, kernel_size=(3, 3), stride=(1, 1), padding=(1, 1))
      (1): ReLU()
      (2): BatchNorm2d(16, eps=1e-05, momentum=0.1, affine=True, track_running_stats=True)
    )
  )
  (conv4): conv_bn_3x3(
    (block): Sequential(
      (0): Conv2d(16, 8, kernel_size=(3, 3), stride=(1, 1), padding=(1, 1))
      (1): ReLU()
      (2): BatchNorm2d(8, eps=1e-05, momentum=0.1, affine=True, track_running_stats=True)
    )
  )
  (conv5): conv_bn_3x3(
    (block): Sequential(
      (0): Conv2d(8, 1, kernel_size=(3, 3), stride=(1, 1), padding=(1, 1))
      (1): ReLU()
      (2): BatchNorm2d(1, eps=1e-05, momentum=0.1, affine=True, track_running_stats=True)
    )
  )
)
train >>> epoch: 1/100, batch: 1/14, mean_loss: 0.4105
train >>> epoch: 1/100, batch: 2/14, mean_loss: 0.3670
train >>> epoch: 1/100, batch: 3/14, mean_loss: 0.3454
train >>> epoch: 1/100, batch: 4/14, mean_loss: 0.3141
train >>> epoch: 1/100, batch: 5/14, mean_loss: 0.2878
train >>> epoch: 1/100, batch: 6/14, mean_loss: 0.2694
train >>> epoch: 1/100, batch: 7/14, mean_loss: 0.2527
train >>> epoch: 1/100, batch: 8/14, mean_loss: 0.2410
train >>> epoch: 1/100, batch: 9/14, mean_loss: 0.2297
train >>> epoch: 1/100, batch: 10/14, mean_loss: 0.2193
train >>> epoch: 1/100, batch: 11/14, mean_loss: 0.2106
train >>> epoch: 1/100, batch: 12/14, mean_loss: 0.2036
train >>> epoch: 1/100, batch: 13/14, mean_loss: 0.1969
train >>> epoch: 1/100, batch: 14/14, mean_loss: 0.1899
valid >>> epoch: 1/100, mean_loss: 0.1341
criteria decreased from inf to 0.1341, saving best model at D:\Data\cs-8395-dl\model\2020-01-14-04-14-47\2020-01-14-04-14-47_hm_net_best.pt
train >>> epoch: 2/100, batch: 1/14, mean_loss: 0.1051
train >>> epoch: 2/100, batch: 2/14, mean_loss: 0.1046
train >>> epoch: 2/100, batch: 3/14, mean_loss: 0.1038
train >>> epoch: 2/100, batch: 4/14, mean_loss: 0.1053
train >>> epoch: 2/100, batch: 5/14, mean_loss: 0.1046
train >>> epoch: 2/100, batch: 6/14, mean_loss: 0.1035
train >>> epoch: 2/100, batch: 7/14, mean_loss: 0.1041
train >>> epoch: 2/100, batch: 8/14, mean_loss: 0.1034
train >>> epoch: 2/100, batch: 9/14, mean_loss: 0.1024
train >>> epoch: 2/100, batch: 10/14, mean_loss: 0.1024
train >>> epoch: 2/100, batch: 11/14, mean_loss: 0.1015
train >>> epoch: 2/100, batch: 12/14, mean_loss: 0.1022
train >>> epoch: 2/100, batch: 13/14, mean_loss: 0.1005
train >>> epoch: 2/100, batch: 14/14, mean_loss: 0.1000
valid >>> epoch: 2/100, mean_loss: 0.1521
train >>> epoch: 3/100, batch: 1/14, mean_loss: 0.0895
train >>> epoch: 3/100, batch: 2/14, mean_loss: 0.0885
train >>> epoch: 3/100, batch: 3/14, mean_loss: 0.0855
train >>> epoch: 3/100, batch: 4/14, mean_loss: 0.0872
train >>> epoch: 3/100, batch: 5/14, mean_loss: 0.0856
train >>> epoch: 3/100, batch: 6/14, mean_loss: 0.0873
train >>> epoch: 3/100, batch: 7/14, mean_loss: 0.0883
train >>> epoch: 3/100, batch: 8/14, mean_loss: 0.0896
train >>> epoch: 3/100, batch: 9/14, mean_loss: 0.0914
train >>> epoch: 3/100, batch: 10/14, mean_loss: 0.0890
train >>> epoch: 3/100, batch: 11/14, mean_loss: 0.0896
train >>> epoch: 3/100, batch: 12/14, mean_loss: 0.0888
train >>> epoch: 3/100, batch: 13/14, mean_loss: 0.0883
train >>> epoch: 3/100, batch: 14/14, mean_loss: 0.0907
valid >>> epoch: 3/100, mean_loss: 0.1091
criteria decreased from 0.1341 to 0.1091, saving best model at D:\Data\cs-8395-dl\model\2020-01-14-04-14-47\2020-01-14-04-14-47_hm_net_best.pt
train >>> epoch: 4/100, batch: 1/14, mean_loss: 0.0766
train >>> epoch: 4/100, batch: 2/14, mean_loss: 0.0841
train >>> epoch: 4/100, batch: 3/14, mean_loss: 0.0802
train >>> epoch: 4/100, batch: 4/14, mean_loss: 0.0823
train >>> epoch: 4/100, batch: 5/14, mean_loss: 0.0821
train >>> epoch: 4/100, batch: 6/14, mean_loss: 0.0839
train >>> epoch: 4/100, batch: 7/14, mean_loss: 0.0837
train >>> epoch: 4/100, batch: 8/14, mean_loss: 0.0841
train >>> epoch: 4/100, batch: 9/14, mean_loss: 0.0844
train >>> epoch: 4/100, batch: 10/14, mean_loss: 0.0839
train >>> epoch: 4/100, batch: 11/14, mean_loss: 0.0829
train >>> epoch: 4/100, batch: 12/14, mean_loss: 0.0814
train >>> epoch: 4/100, batch: 13/14, mean_loss: 0.0800
train >>> epoch: 4/100, batch: 14/14, mean_loss: 0.0896
valid >>> epoch: 4/100, mean_loss: 0.1024
criteria decreased from 0.1091 to 0.1024, saving best model at D:\Data\cs-8395-dl\model\2020-01-14-04-14-47\2020-01-14-04-14-47_hm_net_best.pt
train >>> epoch: 5/100, batch: 1/14, mean_loss: 0.0919
train >>> epoch: 5/100, batch: 2/14, mean_loss: 0.0860
train >>> epoch: 5/100, batch: 3/14, mean_loss: 0.0875
train >>> epoch: 5/100, batch: 4/14, mean_loss: 0.0870
train >>> epoch: 5/100, batch: 5/14, mean_loss: 0.0873
train >>> epoch: 5/100, batch: 6/14, mean_loss: 0.0865
train >>> epoch: 5/100, batch: 7/14, mean_loss: 0.0829
train >>> epoch: 5/100, batch: 8/14, mean_loss: 0.0806
train >>> epoch: 5/100, batch: 9/14, mean_loss: 0.0798
train >>> epoch: 5/100, batch: 10/14, mean_loss: 0.0799
train >>> epoch: 5/100, batch: 11/14, mean_loss: 0.0791
train >>> epoch: 5/100, batch: 12/14, mean_loss: 0.0777
train >>> epoch: 5/100, batch: 13/14, mean_loss: 0.0777
train >>> epoch: 5/100, batch: 14/14, mean_loss: 0.0849
valid >>> epoch: 5/100, mean_loss: 0.0726
criteria decreased from 0.1024 to 0.0726, saving best model at D:\Data\cs-8395-dl\model\2020-01-14-04-14-47\2020-01-14-04-14-47_hm_net_best.pt
train >>> epoch: 6/100, batch: 1/14, mean_loss: 0.0701
train >>> epoch: 6/100, batch: 2/14, mean_loss: 0.0756
train >>> epoch: 6/100, batch: 3/14, mean_loss: 0.0740
train >>> epoch: 6/100, batch: 4/14, mean_loss: 0.0746
train >>> epoch: 6/100, batch: 5/14, mean_loss: 0.0730
train >>> epoch: 6/100, batch: 6/14, mean_loss: 0.0714
train >>> epoch: 6/100, batch: 7/14, mean_loss: 0.0704
train >>> epoch: 6/100, batch: 8/14, mean_loss: 0.0725
train >>> epoch: 6/100, batch: 9/14, mean_loss: 0.0715
train >>> epoch: 6/100, batch: 10/14, mean_loss: 0.0711
train >>> epoch: 6/100, batch: 11/14, mean_loss: 0.0708
train >>> epoch: 6/100, batch: 12/14, mean_loss: 0.0708
train >>> epoch: 6/100, batch: 13/14, mean_loss: 0.0711
train >>> epoch: 6/100, batch: 14/14, mean_loss: 0.0721
valid >>> epoch: 6/100, mean_loss: 0.0744
train >>> epoch: 7/100, batch: 1/14, mean_loss: 0.0785
train >>> epoch: 7/100, batch: 2/14, mean_loss: 0.0778
train >>> epoch: 7/100, batch: 3/14, mean_loss: 0.0749
train >>> epoch: 7/100, batch: 4/14, mean_loss: 0.0716
train >>> epoch: 7/100, batch: 5/14, mean_loss: 0.0717
train >>> epoch: 7/100, batch: 6/14, mean_loss: 0.0710
train >>> epoch: 7/100, batch: 7/14, mean_loss: 0.0715
train >>> epoch: 7/100, batch: 8/14, mean_loss: 0.0708
train >>> epoch: 7/100, batch: 9/14, mean_loss: 0.0692
train >>> epoch: 7/100, batch: 10/14, mean_loss: 0.0695
train >>> epoch: 7/100, batch: 11/14, mean_loss: 0.0682
train >>> epoch: 7/100, batch: 12/14, mean_loss: 0.0678
train >>> epoch: 7/100, batch: 13/14, mean_loss: 0.0674
train >>> epoch: 7/100, batch: 14/14, mean_loss: 0.0747
valid >>> epoch: 7/100, mean_loss: 0.0735
train >>> epoch: 8/100, batch: 1/14, mean_loss: 0.0519
train >>> epoch: 8/100, batch: 2/14, mean_loss: 0.0561
train >>> epoch: 8/100, batch: 3/14, mean_loss: 0.0602
train >>> epoch: 8/100, batch: 4/14, mean_loss: 0.0619
train >>> epoch: 8/100, batch: 5/14, mean_loss: 0.0579
train >>> epoch: 8/100, batch: 6/14, mean_loss: 0.0602
train >>> epoch: 8/100, batch: 7/14, mean_loss: 0.0603
train >>> epoch: 8/100, batch: 8/14, mean_loss: 0.0611
train >>> epoch: 8/100, batch: 9/14, mean_loss: 0.0604
train >>> epoch: 8/100, batch: 10/14, mean_loss: 0.0609
train >>> epoch: 8/100, batch: 11/14, mean_loss: 0.0606
train >>> epoch: 8/100, batch: 12/14, mean_loss: 0.0616
train >>> epoch: 8/100, batch: 13/14, mean_loss: 0.0623
train >>> epoch: 8/100, batch: 14/14, mean_loss: 0.0699
valid >>> epoch: 8/100, mean_loss: 0.0861
train >>> epoch: 9/100, batch: 1/14, mean_loss: 0.0745
train >>> epoch: 9/100, batch: 2/14, mean_loss: 0.0703
train >>> epoch: 9/100, batch: 3/14, mean_loss: 0.0696
train >>> epoch: 9/100, batch: 4/14, mean_loss: 0.0668
train >>> epoch: 9/100, batch: 5/14, mean_loss: 0.0698
train >>> epoch: 9/100, batch: 6/14, mean_loss: 0.0674
train >>> epoch: 9/100, batch: 7/14, mean_loss: 0.0660
train >>> epoch: 9/100, batch: 8/14, mean_loss: 0.0646
train >>> epoch: 9/100, batch: 9/14, mean_loss: 0.0656
train >>> epoch: 9/100, batch: 10/14, mean_loss: 0.0666
train >>> epoch: 9/100, batch: 11/14, mean_loss: 0.0659
train >>> epoch: 9/100, batch: 12/14, mean_loss: 0.0663
train >>> epoch: 9/100, batch: 13/14, mean_loss: 0.0652
train >>> epoch: 9/100, batch: 14/14, mean_loss: 0.0655
valid >>> epoch: 9/100, mean_loss: 0.0618
criteria decreased from 0.0726 to 0.0618, saving best model at D:\Data\cs-8395-dl\model\2020-01-14-04-14-47\2020-01-14-04-14-47_hm_net_best.pt
train >>> epoch: 10/100, batch: 1/14, mean_loss: 0.0676
train >>> epoch: 10/100, batch: 2/14, mean_loss: 0.0619
train >>> epoch: 10/100, batch: 3/14, mean_loss: 0.0664
train >>> epoch: 10/100, batch: 4/14, mean_loss: 0.0616
train >>> epoch: 10/100, batch: 5/14, mean_loss: 0.0622
train >>> epoch: 10/100, batch: 6/14, mean_loss: 0.0612
train >>> epoch: 10/100, batch: 7/14, mean_loss: 0.0615
train >>> epoch: 10/100, batch: 8/14, mean_loss: 0.0607
train >>> epoch: 10/100, batch: 9/14, mean_loss: 0.0602
train >>> epoch: 10/100, batch: 10/14, mean_loss: 0.0590
train >>> epoch: 10/100, batch: 11/14, mean_loss: 0.0598
train >>> epoch: 10/100, batch: 12/14, mean_loss: 0.0600
train >>> epoch: 10/100, batch: 13/14, mean_loss: 0.0585
train >>> epoch: 10/100, batch: 14/14, mean_loss: 0.0594
valid >>> epoch: 10/100, mean_loss: 0.0816
train >>> epoch: 11/100, batch: 1/14, mean_loss: 0.0383
train >>> epoch: 11/100, batch: 2/14, mean_loss: 0.0467
train >>> epoch: 11/100, batch: 3/14, mean_loss: 0.0523
train >>> epoch: 11/100, batch: 4/14, mean_loss: 0.0535
train >>> epoch: 11/100, batch: 5/14, mean_loss: 0.0524
train >>> epoch: 11/100, batch: 6/14, mean_loss: 0.0516
train >>> epoch: 11/100, batch: 7/14, mean_loss: 0.0516
train >>> epoch: 11/100, batch: 8/14, mean_loss: 0.0504
train >>> epoch: 11/100, batch: 9/14, mean_loss: 0.0525
train >>> epoch: 11/100, batch: 10/14, mean_loss: 0.0532
train >>> epoch: 11/100, batch: 11/14, mean_loss: 0.0528
train >>> epoch: 11/100, batch: 12/14, mean_loss: 0.0538
train >>> epoch: 11/100, batch: 13/14, mean_loss: 0.0537
train >>> epoch: 11/100, batch: 14/14, mean_loss: 0.0583
valid >>> epoch: 11/100, mean_loss: 0.0981
train >>> epoch: 12/100, batch: 1/14, mean_loss: 0.0619
train >>> epoch: 12/100, batch: 2/14, mean_loss: 0.0582
train >>> epoch: 12/100, batch: 3/14, mean_loss: 0.0577
train >>> epoch: 12/100, batch: 4/14, mean_loss: 0.0576
train >>> epoch: 12/100, batch: 5/14, mean_loss: 0.0552
train >>> epoch: 12/100, batch: 6/14, mean_loss: 0.0565
train >>> epoch: 12/100, batch: 7/14, mean_loss: 0.0583
train >>> epoch: 12/100, batch: 8/14, mean_loss: 0.0567
train >>> epoch: 12/100, batch: 9/14, mean_loss: 0.0567
train >>> epoch: 12/100, batch: 10/14, mean_loss: 0.0572
train >>> epoch: 12/100, batch: 11/14, mean_loss: 0.0575
train >>> epoch: 12/100, batch: 12/14, mean_loss: 0.0580
train >>> epoch: 12/100, batch: 13/14, mean_loss: 0.0590
train >>> epoch: 12/100, batch: 14/14, mean_loss: 0.0643
valid >>> epoch: 12/100, mean_loss: 0.0833
train >>> epoch: 13/100, batch: 1/14, mean_loss: 0.0630
train >>> epoch: 13/100, batch: 2/14, mean_loss: 0.0566
train >>> epoch: 13/100, batch: 3/14, mean_loss: 0.0499
train >>> epoch: 13/100, batch: 4/14, mean_loss: 0.0498
train >>> epoch: 13/100, batch: 5/14, mean_loss: 0.0543
train >>> epoch: 13/100, batch: 6/14, mean_loss: 0.0550
train >>> epoch: 13/100, batch: 7/14, mean_loss: 0.0575
train >>> epoch: 13/100, batch: 8/14, mean_loss: 0.0565
train >>> epoch: 13/100, batch: 9/14, mean_loss: 0.0565
train >>> epoch: 13/100, batch: 10/14, mean_loss: 0.0571
train >>> epoch: 13/100, batch: 11/14, mean_loss: 0.0575
train >>> epoch: 13/100, batch: 12/14, mean_loss: 0.0574
train >>> epoch: 13/100, batch: 13/14, mean_loss: 0.0586
train >>> epoch: 13/100, batch: 14/14, mean_loss: 0.0669
valid >>> epoch: 13/100, mean_loss: 0.1452
train >>> epoch: 14/100, batch: 1/14, mean_loss: 0.0680
train >>> epoch: 14/100, batch: 2/14, mean_loss: 0.0808
train >>> epoch: 14/100, batch: 3/14, mean_loss: 0.0729
train >>> epoch: 14/100, batch: 4/14, mean_loss: 0.0668
train >>> epoch: 14/100, batch: 5/14, mean_loss: 0.0668
train >>> epoch: 14/100, batch: 6/14, mean_loss: 0.0645
train >>> epoch: 14/100, batch: 7/14, mean_loss: 0.0645
train >>> epoch: 14/100, batch: 8/14, mean_loss: 0.0646
train >>> epoch: 14/100, batch: 9/14, mean_loss: 0.0646
train >>> epoch: 14/100, batch: 10/14, mean_loss: 0.0650
train >>> epoch: 14/100, batch: 11/14, mean_loss: 0.0650
train >>> epoch: 14/100, batch: 12/14, mean_loss: 0.0660
train >>> epoch: 14/100, batch: 13/14, mean_loss: 0.0669
train >>> epoch: 14/100, batch: 14/14, mean_loss: 0.0671
valid >>> epoch: 14/100, mean_loss: 0.0878
train >>> epoch: 15/100, batch: 1/14, mean_loss: 0.0696
train >>> epoch: 15/100, batch: 2/14, mean_loss: 0.0714
train >>> epoch: 15/100, batch: 3/14, mean_loss: 0.0712
train >>> epoch: 15/100, batch: 4/14, mean_loss: 0.0748
train >>> epoch: 15/100, batch: 5/14, mean_loss: 0.0739
train >>> epoch: 15/100, batch: 6/14, mean_loss: 0.0724
train >>> epoch: 15/100, batch: 7/14, mean_loss: 0.0733
train >>> epoch: 15/100, batch: 8/14, mean_loss: 0.0742
train >>> epoch: 15/100, batch: 9/14, mean_loss: 0.0740
train >>> epoch: 15/100, batch: 10/14, mean_loss: 0.0738
train >>> epoch: 15/100, batch: 11/14, mean_loss: 0.0740
train >>> epoch: 15/100, batch: 12/14, mean_loss: 0.0750
train >>> epoch: 15/100, batch: 13/14, mean_loss: 0.0738
train >>> epoch: 15/100, batch: 14/14, mean_loss: 0.0785
valid >>> epoch: 15/100, mean_loss: 0.0744
train >>> epoch: 16/100, batch: 1/14, mean_loss: 0.0794
train >>> epoch: 16/100, batch: 2/14, mean_loss: 0.0739
train >>> epoch: 16/100, batch: 3/14, mean_loss: 0.0736
train >>> epoch: 16/100, batch: 4/14, mean_loss: 0.0721
train >>> epoch: 16/100, batch: 5/14, mean_loss: 0.0724
train >>> epoch: 16/100, batch: 6/14, mean_loss: 0.0721
train >>> epoch: 16/100, batch: 7/14, mean_loss: 0.0696
train >>> epoch: 16/100, batch: 8/14, mean_loss: 0.0683
train >>> epoch: 16/100, batch: 9/14, mean_loss: 0.0685
train >>> epoch: 16/100, batch: 10/14, mean_loss: 0.0676
train >>> epoch: 16/100, batch: 11/14, mean_loss: 0.0678
train >>> epoch: 16/100, batch: 12/14, mean_loss: 0.0674
train >>> epoch: 16/100, batch: 13/14, mean_loss: 0.0674
train >>> epoch: 16/100, batch: 14/14, mean_loss: 0.0677
valid >>> epoch: 16/100, mean_loss: 0.0850
train >>> epoch: 17/100, batch: 1/14, mean_loss: 0.0710
train >>> epoch: 17/100, batch: 2/14, mean_loss: 0.0729
train >>> epoch: 17/100, batch: 3/14, mean_loss: 0.0661
train >>> epoch: 17/100, batch: 4/14, mean_loss: 0.0638
train >>> epoch: 17/100, batch: 5/14, mean_loss: 0.0628
train >>> epoch: 17/100, batch: 6/14, mean_loss: 0.0642
train >>> epoch: 17/100, batch: 7/14, mean_loss: 0.0626
train >>> epoch: 17/100, batch: 8/14, mean_loss: 0.0614
train >>> epoch: 17/100, batch: 9/14, mean_loss: 0.0621
train >>> epoch: 17/100, batch: 10/14, mean_loss: 0.0611
train >>> epoch: 17/100, batch: 11/14, mean_loss: 0.0589
train >>> epoch: 17/100, batch: 12/14, mean_loss: 0.0595
train >>> epoch: 17/100, batch: 13/14, mean_loss: 0.0595
train >>> epoch: 17/100, batch: 14/14, mean_loss: 0.0641
valid >>> epoch: 17/100, mean_loss: 0.0825
train >>> epoch: 18/100, batch: 1/14, mean_loss: 0.0531
train >>> epoch: 18/100, batch: 2/14, mean_loss: 0.0618
train >>> epoch: 18/100, batch: 3/14, mean_loss: 0.0607
train >>> epoch: 18/100, batch: 4/14, mean_loss: 0.0596
train >>> epoch: 18/100, batch: 5/14, mean_loss: 0.0609
train >>> epoch: 18/100, batch: 6/14, mean_loss: 0.0595
train >>> epoch: 18/100, batch: 7/14, mean_loss: 0.0593
train >>> epoch: 18/100, batch: 8/14, mean_loss: 0.0588
train >>> epoch: 18/100, batch: 9/14, mean_loss: 0.0590
train >>> epoch: 18/100, batch: 10/14, mean_loss: 0.0578
train >>> epoch: 18/100, batch: 11/14, mean_loss: 0.0565
train >>> epoch: 18/100, batch: 12/14, mean_loss: 0.0562
train >>> epoch: 18/100, batch: 13/14, mean_loss: 0.0561
train >>> epoch: 18/100, batch: 14/14, mean_loss: 0.0568
valid >>> epoch: 18/100, mean_loss: 0.0927
train >>> epoch: 19/100, batch: 1/14, mean_loss: 0.0643
train >>> epoch: 19/100, batch: 2/14, mean_loss: 0.0577
train >>> epoch: 19/100, batch: 3/14, mean_loss: 0.0569
train >>> epoch: 19/100, batch: 4/14, mean_loss: 0.0558
train >>> epoch: 19/100, batch: 5/14, mean_loss: 0.0563
train >>> epoch: 19/100, batch: 6/14, mean_loss: 0.0545
train >>> epoch: 19/100, batch: 7/14, mean_loss: 0.0539
train >>> epoch: 19/100, batch: 8/14, mean_loss: 0.0540
train >>> epoch: 19/100, batch: 9/14, mean_loss: 0.0551
train >>> epoch: 19/100, batch: 10/14, mean_loss: 0.0553
train >>> epoch: 19/100, batch: 11/14, mean_loss: 0.0541
train >>> epoch: 19/100, batch: 12/14, mean_loss: 0.0538
train >>> epoch: 19/100, batch: 13/14, mean_loss: 0.0529
train >>> epoch: 19/100, batch: 14/14, mean_loss: 0.0562
valid >>> epoch: 19/100, mean_loss: 0.1064
train >>> epoch: 20/100, batch: 1/14, mean_loss: 0.0549
train >>> epoch: 20/100, batch: 2/14, mean_loss: 0.0525
train >>> epoch: 20/100, batch: 3/14, mean_loss: 0.0557
train >>> epoch: 20/100, batch: 4/14, mean_loss: 0.0557
train >>> epoch: 20/100, batch: 5/14, mean_loss: 0.0541
train >>> epoch: 20/100, batch: 6/14, mean_loss: 0.0527
train >>> epoch: 20/100, batch: 7/14, mean_loss: 0.0523
train >>> epoch: 20/100, batch: 8/14, mean_loss: 0.0510
train >>> epoch: 20/100, batch: 9/14, mean_loss: 0.0494
train >>> epoch: 20/100, batch: 10/14, mean_loss: 0.0497
train >>> epoch: 20/100, batch: 11/14, mean_loss: 0.0502
train >>> epoch: 20/100, batch: 12/14, mean_loss: 0.0503
train >>> epoch: 20/100, batch: 13/14, mean_loss: 0.0502
train >>> epoch: 20/100, batch: 14/14, mean_loss: 0.0553
valid >>> epoch: 20/100, mean_loss: 0.0517
criteria decreased from 0.0618 to 0.0517, saving best model at D:\Data\cs-8395-dl\model\2020-01-14-04-14-47\2020-01-14-04-14-47_hm_net_best.pt
train >>> epoch: 21/100, batch: 1/14, mean_loss: 0.0431
train >>> epoch: 21/100, batch: 2/14, mean_loss: 0.0452
train >>> epoch: 21/100, batch: 3/14, mean_loss: 0.0454
train >>> epoch: 21/100, batch: 4/14, mean_loss: 0.0442
train >>> epoch: 21/100, batch: 5/14, mean_loss: 0.0445
train >>> epoch: 21/100, batch: 6/14, mean_loss: 0.0449
train >>> epoch: 21/100, batch: 7/14, mean_loss: 0.0444
train >>> epoch: 21/100, batch: 8/14, mean_loss: 0.0454
train >>> epoch: 21/100, batch: 9/14, mean_loss: 0.0459
train >>> epoch: 21/100, batch: 10/14, mean_loss: 0.0468
train >>> epoch: 21/100, batch: 11/14, mean_loss: 0.0465
train >>> epoch: 21/100, batch: 12/14, mean_loss: 0.0475
train >>> epoch: 21/100, batch: 13/14, mean_loss: 0.0476
train >>> epoch: 21/100, batch: 14/14, mean_loss: 0.0544
valid >>> epoch: 21/100, mean_loss: 0.0512
criteria decreased from 0.0517 to 0.0512, saving best model at D:\Data\cs-8395-dl\model\2020-01-14-04-14-47\2020-01-14-04-14-47_hm_net_best.pt
train >>> epoch: 22/100, batch: 1/14, mean_loss: 0.0472
train >>> epoch: 22/100, batch: 2/14, mean_loss: 0.0480
train >>> epoch: 22/100, batch: 3/14, mean_loss: 0.0444
train >>> epoch: 22/100, batch: 4/14, mean_loss: 0.0432
train >>> epoch: 22/100, batch: 5/14, mean_loss: 0.0460
train >>> epoch: 22/100, batch: 6/14, mean_loss: 0.0464
train >>> epoch: 22/100, batch: 7/14, mean_loss: 0.0462
train >>> epoch: 22/100, batch: 8/14, mean_loss: 0.0461
train >>> epoch: 22/100, batch: 9/14, mean_loss: 0.0466
train >>> epoch: 22/100, batch: 10/14, mean_loss: 0.0466
train >>> epoch: 22/100, batch: 11/14, mean_loss: 0.0473
train >>> epoch: 22/100, batch: 12/14, mean_loss: 0.0466
train >>> epoch: 22/100, batch: 13/14, mean_loss: 0.0465
train >>> epoch: 22/100, batch: 14/14, mean_loss: 0.0517
valid >>> epoch: 22/100, mean_loss: 0.0656
train >>> epoch: 23/100, batch: 1/14, mean_loss: 0.0490
train >>> epoch: 23/100, batch: 2/14, mean_loss: 0.0486
train >>> epoch: 23/100, batch: 3/14, mean_loss: 0.0495
train >>> epoch: 23/100, batch: 4/14, mean_loss: 0.0497
train >>> epoch: 23/100, batch: 5/14, mean_loss: 0.0486
train >>> epoch: 23/100, batch: 6/14, mean_loss: 0.0470
train >>> epoch: 23/100, batch: 7/14, mean_loss: 0.0466
train >>> epoch: 23/100, batch: 8/14, mean_loss: 0.0455
train >>> epoch: 23/100, batch: 9/14, mean_loss: 0.0444
train >>> epoch: 23/100, batch: 10/14, mean_loss: 0.0449
train >>> epoch: 23/100, batch: 11/14, mean_loss: 0.0453
train >>> epoch: 23/100, batch: 12/14, mean_loss: 0.0447
train >>> epoch: 23/100, batch: 13/14, mean_loss: 0.0453
train >>> epoch: 23/100, batch: 14/14, mean_loss: 0.0491
valid >>> epoch: 23/100, mean_loss: 0.1010
train >>> epoch: 24/100, batch: 1/14, mean_loss: 0.0489
train >>> epoch: 24/100, batch: 2/14, mean_loss: 0.0480
train >>> epoch: 24/100, batch: 3/14, mean_loss: 0.0485
train >>> epoch: 24/100, batch: 4/14, mean_loss: 0.0467
train >>> epoch: 24/100, batch: 5/14, mean_loss: 0.0454
train >>> epoch: 24/100, batch: 6/14, mean_loss: 0.0431
train >>> epoch: 24/100, batch: 7/14, mean_loss: 0.0439
train >>> epoch: 24/100, batch: 8/14, mean_loss: 0.0434
train >>> epoch: 24/100, batch: 9/14, mean_loss: 0.0436
train >>> epoch: 24/100, batch: 10/14, mean_loss: 0.0435
train >>> epoch: 24/100, batch: 11/14, mean_loss: 0.0435
train >>> epoch: 24/100, batch: 12/14, mean_loss: 0.0444
train >>> epoch: 24/100, batch: 13/14, mean_loss: 0.0446
train >>> epoch: 24/100, batch: 14/14, mean_loss: 0.0467
valid >>> epoch: 24/100, mean_loss: 0.0588
train >>> epoch: 25/100, batch: 1/14, mean_loss: 0.0260
train >>> epoch: 25/100, batch: 2/14, mean_loss: 0.0361
train >>> epoch: 25/100, batch: 3/14, mean_loss: 0.0346
train >>> epoch: 25/100, batch: 4/14, mean_loss: 0.0366
train >>> epoch: 25/100, batch: 5/14, mean_loss: 0.0387
train >>> epoch: 25/100, batch: 6/14, mean_loss: 0.0397
train >>> epoch: 25/100, batch: 7/14, mean_loss: 0.0397
train >>> epoch: 25/100, batch: 8/14, mean_loss: 0.0404
train >>> epoch: 25/100, batch: 9/14, mean_loss: 0.0403
train >>> epoch: 25/100, batch: 10/14, mean_loss: 0.0397
train >>> epoch: 25/100, batch: 11/14, mean_loss: 0.0396
train >>> epoch: 25/100, batch: 12/14, mean_loss: 0.0409
train >>> epoch: 25/100, batch: 13/14, mean_loss: 0.0403
train >>> epoch: 25/100, batch: 14/14, mean_loss: 0.0443
valid >>> epoch: 25/100, mean_loss: 0.0461
criteria decreased from 0.0512 to 0.0461, saving best model at D:\Data\cs-8395-dl\model\2020-01-14-04-14-47\2020-01-14-04-14-47_hm_net_best.pt
train >>> epoch: 26/100, batch: 1/14, mean_loss: 0.0530
train >>> epoch: 26/100, batch: 2/14, mean_loss: 0.0453
train >>> epoch: 26/100, batch: 3/14, mean_loss: 0.0470
train >>> epoch: 26/100, batch: 4/14, mean_loss: 0.0428
train >>> epoch: 26/100, batch: 5/14, mean_loss: 0.0431
train >>> epoch: 26/100, batch: 6/14, mean_loss: 0.0426
train >>> epoch: 26/100, batch: 7/14, mean_loss: 0.0425
train >>> epoch: 26/100, batch: 8/14, mean_loss: 0.0420
train >>> epoch: 26/100, batch: 9/14, mean_loss: 0.0424
train >>> epoch: 26/100, batch: 10/14, mean_loss: 0.0413
train >>> epoch: 26/100, batch: 11/14, mean_loss: 0.0418
train >>> epoch: 26/100, batch: 12/14, mean_loss: 0.0408
train >>> epoch: 26/100, batch: 13/14, mean_loss: 0.0409
train >>> epoch: 26/100, batch: 14/14, mean_loss: 0.0431
valid >>> epoch: 26/100, mean_loss: 0.0953
train >>> epoch: 27/100, batch: 1/14, mean_loss: 0.0429
train >>> epoch: 27/100, batch: 2/14, mean_loss: 0.0377
train >>> epoch: 27/100, batch: 3/14, mean_loss: 0.0420
train >>> epoch: 27/100, batch: 4/14, mean_loss: 0.0392
train >>> epoch: 27/100, batch: 5/14, mean_loss: 0.0376
train >>> epoch: 27/100, batch: 6/14, mean_loss: 0.0382
train >>> epoch: 27/100, batch: 7/14, mean_loss: 0.0388
train >>> epoch: 27/100, batch: 8/14, mean_loss: 0.0388
train >>> epoch: 27/100, batch: 9/14, mean_loss: 0.0386
train >>> epoch: 27/100, batch: 10/14, mean_loss: 0.0385
train >>> epoch: 27/100, batch: 11/14, mean_loss: 0.0376
train >>> epoch: 27/100, batch: 12/14, mean_loss: 0.0378
train >>> epoch: 27/100, batch: 13/14, mean_loss: 0.0378
train >>> epoch: 27/100, batch: 14/14, mean_loss: 0.0384
valid >>> epoch: 27/100, mean_loss: 0.0670
train >>> epoch: 28/100, batch: 1/14, mean_loss: 0.0360
train >>> epoch: 28/100, batch: 2/14, mean_loss: 0.0360
train >>> epoch: 28/100, batch: 3/14, mean_loss: 0.0365
train >>> epoch: 28/100, batch: 4/14, mean_loss: 0.0357
train >>> epoch: 28/100, batch: 5/14, mean_loss: 0.0359
train >>> epoch: 28/100, batch: 6/14, mean_loss: 0.0358
train >>> epoch: 28/100, batch: 7/14, mean_loss: 0.0347
train >>> epoch: 28/100, batch: 8/14, mean_loss: 0.0353
train >>> epoch: 28/100, batch: 9/14, mean_loss: 0.0364
train >>> epoch: 28/100, batch: 10/14, mean_loss: 0.0358
train >>> epoch: 28/100, batch: 11/14, mean_loss: 0.0355
train >>> epoch: 28/100, batch: 12/14, mean_loss: 0.0360
train >>> epoch: 28/100, batch: 13/14, mean_loss: 0.0362
train >>> epoch: 28/100, batch: 14/14, mean_loss: 0.0405
valid >>> epoch: 28/100, mean_loss: 0.0627
train >>> epoch: 29/100, batch: 1/14, mean_loss: 0.0378
train >>> epoch: 29/100, batch: 2/14, mean_loss: 0.0359
train >>> epoch: 29/100, batch: 3/14, mean_loss: 0.0347
train >>> epoch: 29/100, batch: 4/14, mean_loss: 0.0336
train >>> epoch: 29/100, batch: 5/14, mean_loss: 0.0336
train >>> epoch: 29/100, batch: 6/14, mean_loss: 0.0321
train >>> epoch: 29/100, batch: 7/14, mean_loss: 0.0317
train >>> epoch: 29/100, batch: 8/14, mean_loss: 0.0326
train >>> epoch: 29/100, batch: 9/14, mean_loss: 0.0340
train >>> epoch: 29/100, batch: 10/14, mean_loss: 0.0339
train >>> epoch: 29/100, batch: 11/14, mean_loss: 0.0347
train >>> epoch: 29/100, batch: 12/14, mean_loss: 0.0346
train >>> epoch: 29/100, batch: 13/14, mean_loss: 0.0342
train >>> epoch: 29/100, batch: 14/14, mean_loss: 0.0349
valid >>> epoch: 29/100, mean_loss: 0.0380
criteria decreased from 0.0461 to 0.0380, saving best model at D:\Data\cs-8395-dl\model\2020-01-14-04-14-47\2020-01-14-04-14-47_hm_net_best.pt
train >>> epoch: 30/100, batch: 1/14, mean_loss: 0.0439
train >>> epoch: 30/100, batch: 2/14, mean_loss: 0.0392
train >>> epoch: 30/100, batch: 3/14, mean_loss: 0.0388
train >>> epoch: 30/100, batch: 4/14, mean_loss: 0.0373
train >>> epoch: 30/100, batch: 5/14, mean_loss: 0.0359
train >>> epoch: 30/100, batch: 6/14, mean_loss: 0.0354
train >>> epoch: 30/100, batch: 7/14, mean_loss: 0.0352
train >>> epoch: 30/100, batch: 8/14, mean_loss: 0.0337
train >>> epoch: 30/100, batch: 9/14, mean_loss: 0.0339
train >>> epoch: 30/100, batch: 10/14, mean_loss: 0.0338
train >>> epoch: 30/100, batch: 11/14, mean_loss: 0.0338
train >>> epoch: 30/100, batch: 12/14, mean_loss: 0.0337
train >>> epoch: 30/100, batch: 13/14, mean_loss: 0.0332
train >>> epoch: 30/100, batch: 14/14, mean_loss: 0.0359
valid >>> epoch: 30/100, mean_loss: 0.0475
train >>> epoch: 31/100, batch: 1/14, mean_loss: 0.0314
train >>> epoch: 31/100, batch: 2/14, mean_loss: 0.0365
train >>> epoch: 31/100, batch: 3/14, mean_loss: 0.0337
train >>> epoch: 31/100, batch: 4/14, mean_loss: 0.0325
train >>> epoch: 31/100, batch: 5/14, mean_loss: 0.0319
train >>> epoch: 31/100, batch: 6/14, mean_loss: 0.0323
train >>> epoch: 31/100, batch: 7/14, mean_loss: 0.0340
train >>> epoch: 31/100, batch: 8/14, mean_loss: 0.0339
train >>> epoch: 31/100, batch: 9/14, mean_loss: 0.0330
train >>> epoch: 31/100, batch: 10/14, mean_loss: 0.0327
train >>> epoch: 31/100, batch: 11/14, mean_loss: 0.0325
train >>> epoch: 31/100, batch: 12/14, mean_loss: 0.0324
train >>> epoch: 31/100, batch: 13/14, mean_loss: 0.0326
train >>> epoch: 31/100, batch: 14/14, mean_loss: 0.0362
valid >>> epoch: 31/100, mean_loss: 0.0365
criteria decreased from 0.0380 to 0.0365, saving best model at D:\Data\cs-8395-dl\model\2020-01-14-04-14-47\2020-01-14-04-14-47_hm_net_best.pt
train >>> epoch: 32/100, batch: 1/14, mean_loss: 0.0288
train >>> epoch: 32/100, batch: 2/14, mean_loss: 0.0297
train >>> epoch: 32/100, batch: 3/14, mean_loss: 0.0310
train >>> epoch: 32/100, batch: 4/14, mean_loss: 0.0348
train >>> epoch: 32/100, batch: 5/14, mean_loss: 0.0348
train >>> epoch: 32/100, batch: 6/14, mean_loss: 0.0349
train >>> epoch: 32/100, batch: 7/14, mean_loss: 0.0341
train >>> epoch: 32/100, batch: 8/14, mean_loss: 0.0331
train >>> epoch: 32/100, batch: 9/14, mean_loss: 0.0342
train >>> epoch: 32/100, batch: 10/14, mean_loss: 0.0341
train >>> epoch: 32/100, batch: 11/14, mean_loss: 0.0331
train >>> epoch: 32/100, batch: 12/14, mean_loss: 0.0331
train >>> epoch: 32/100, batch: 13/14, mean_loss: 0.0337
train >>> epoch: 32/100, batch: 14/14, mean_loss: 0.0365
valid >>> epoch: 32/100, mean_loss: 0.0446
train >>> epoch: 33/100, batch: 1/14, mean_loss: 0.0331
train >>> epoch: 33/100, batch: 2/14, mean_loss: 0.0308
train >>> epoch: 33/100, batch: 3/14, mean_loss: 0.0322
train >>> epoch: 33/100, batch: 4/14, mean_loss: 0.0342
train >>> epoch: 33/100, batch: 5/14, mean_loss: 0.0354
train >>> epoch: 33/100, batch: 6/14, mean_loss: 0.0336
train >>> epoch: 33/100, batch: 7/14, mean_loss: 0.0333
train >>> epoch: 33/100, batch: 8/14, mean_loss: 0.0333
train >>> epoch: 33/100, batch: 9/14, mean_loss: 0.0327
train >>> epoch: 33/100, batch: 10/14, mean_loss: 0.0334
train >>> epoch: 33/100, batch: 11/14, mean_loss: 0.0334
train >>> epoch: 33/100, batch: 12/14, mean_loss: 0.0337
train >>> epoch: 33/100, batch: 13/14, mean_loss: 0.0331
train >>> epoch: 33/100, batch: 14/14, mean_loss: 0.0357
valid >>> epoch: 33/100, mean_loss: 0.0434
train >>> epoch: 34/100, batch: 1/14, mean_loss: 0.0293
train >>> epoch: 34/100, batch: 2/14, mean_loss: 0.0276
train >>> epoch: 34/100, batch: 3/14, mean_loss: 0.0294
train >>> epoch: 34/100, batch: 4/14, mean_loss: 0.0299
train >>> epoch: 34/100, batch: 5/14, mean_loss: 0.0305
train >>> epoch: 34/100, batch: 6/14, mean_loss: 0.0293
train >>> epoch: 34/100, batch: 7/14, mean_loss: 0.0282
train >>> epoch: 34/100, batch: 8/14, mean_loss: 0.0278
train >>> epoch: 34/100, batch: 9/14, mean_loss: 0.0285
train >>> epoch: 34/100, batch: 10/14, mean_loss: 0.0284
train >>> epoch: 34/100, batch: 11/14, mean_loss: 0.0282
train >>> epoch: 34/100, batch: 12/14, mean_loss: 0.0279
train >>> epoch: 34/100, batch: 13/14, mean_loss: 0.0284
train >>> epoch: 34/100, batch: 14/14, mean_loss: 0.0286
valid >>> epoch: 34/100, mean_loss: 0.0526
train >>> epoch: 35/100, batch: 1/14, mean_loss: 0.0247
train >>> epoch: 35/100, batch: 2/14, mean_loss: 0.0257
train >>> epoch: 35/100, batch: 3/14, mean_loss: 0.0260
train >>> epoch: 35/100, batch: 4/14, mean_loss: 0.0267
train >>> epoch: 35/100, batch: 5/14, mean_loss: 0.0263
train >>> epoch: 35/100, batch: 6/14, mean_loss: 0.0265
train >>> epoch: 35/100, batch: 7/14, mean_loss: 0.0270
train >>> epoch: 35/100, batch: 8/14, mean_loss: 0.0272
train >>> epoch: 35/100, batch: 9/14, mean_loss: 0.0277
train >>> epoch: 35/100, batch: 10/14, mean_loss: 0.0271
train >>> epoch: 35/100, batch: 11/14, mean_loss: 0.0278
train >>> epoch: 35/100, batch: 12/14, mean_loss: 0.0277
train >>> epoch: 35/100, batch: 13/14, mean_loss: 0.0278
train >>> epoch: 35/100, batch: 14/14, mean_loss: 0.0318
valid >>> epoch: 35/100, mean_loss: 0.0333
criteria decreased from 0.0365 to 0.0333, saving best model at D:\Data\cs-8395-dl\model\2020-01-14-04-14-47\2020-01-14-04-14-47_hm_net_best.pt
train >>> epoch: 36/100, batch: 1/14, mean_loss: 0.0283
train >>> epoch: 36/100, batch: 2/14, mean_loss: 0.0273
train >>> epoch: 36/100, batch: 3/14, mean_loss: 0.0287
train >>> epoch: 36/100, batch: 4/14, mean_loss: 0.0267
train >>> epoch: 36/100, batch: 5/14, mean_loss: 0.0269
train >>> epoch: 36/100, batch: 6/14, mean_loss: 0.0280
train >>> epoch: 36/100, batch: 7/14, mean_loss: 0.0287
train >>> epoch: 36/100, batch: 8/14, mean_loss: 0.0284
train >>> epoch: 36/100, batch: 9/14, mean_loss: 0.0276
train >>> epoch: 36/100, batch: 10/14, mean_loss: 0.0274
train >>> epoch: 36/100, batch: 11/14, mean_loss: 0.0276
train >>> epoch: 36/100, batch: 12/14, mean_loss: 0.0280
train >>> epoch: 36/100, batch: 13/14, mean_loss: 0.0279
train >>> epoch: 36/100, batch: 14/14, mean_loss: 0.0298
valid >>> epoch: 36/100, mean_loss: 0.0393
train >>> epoch: 37/100, batch: 1/14, mean_loss: 0.0216
train >>> epoch: 37/100, batch: 2/14, mean_loss: 0.0208
train >>> epoch: 37/100, batch: 3/14, mean_loss: 0.0251
train >>> epoch: 37/100, batch: 4/14, mean_loss: 0.0242
train >>> epoch: 37/100, batch: 5/14, mean_loss: 0.0244
train >>> epoch: 37/100, batch: 6/14, mean_loss: 0.0242
train >>> epoch: 37/100, batch: 7/14, mean_loss: 0.0240
train >>> epoch: 37/100, batch: 8/14, mean_loss: 0.0244
train >>> epoch: 37/100, batch: 9/14, mean_loss: 0.0242
train >>> epoch: 37/100, batch: 10/14, mean_loss: 0.0248
train >>> epoch: 37/100, batch: 11/14, mean_loss: 0.0239
train >>> epoch: 37/100, batch: 12/14, mean_loss: 0.0238
train >>> epoch: 37/100, batch: 13/14, mean_loss: 0.0244
train >>> epoch: 37/100, batch: 14/14, mean_loss: 0.0241
valid >>> epoch: 37/100, mean_loss: 0.0296
criteria decreased from 0.0333 to 0.0296, saving best model at D:\Data\cs-8395-dl\model\2020-01-14-04-14-47\2020-01-14-04-14-47_hm_net_best.pt
train >>> epoch: 38/100, batch: 1/14, mean_loss: 0.0250
train >>> epoch: 38/100, batch: 2/14, mean_loss: 0.0227
train >>> epoch: 38/100, batch: 3/14, mean_loss: 0.0225
train >>> epoch: 38/100, batch: 4/14, mean_loss: 0.0219
train >>> epoch: 38/100, batch: 5/14, mean_loss: 0.0202
train >>> epoch: 38/100, batch: 6/14, mean_loss: 0.0190
train >>> epoch: 38/100, batch: 7/14, mean_loss: 0.0181
train >>> epoch: 38/100, batch: 8/14, mean_loss: 0.0178
train >>> epoch: 38/100, batch: 9/14, mean_loss: 0.0174
train >>> epoch: 38/100, batch: 10/14, mean_loss: 0.0170
train >>> epoch: 38/100, batch: 11/14, mean_loss: 0.0166
train >>> epoch: 38/100, batch: 12/14, mean_loss: 0.0162
train >>> epoch: 38/100, batch: 13/14, mean_loss: 0.0159
train >>> epoch: 38/100, batch: 14/14, mean_loss: 0.0155
valid >>> epoch: 38/100, mean_loss: 0.0131
criteria decreased from 0.0296 to 0.0131, saving best model at D:\Data\cs-8395-dl\model\2020-01-14-04-14-47\2020-01-14-04-14-47_hm_net_best.pt
train >>> epoch: 39/100, batch: 1/14, mean_loss: 0.0120
train >>> epoch: 39/100, batch: 2/14, mean_loss: 0.0119
train >>> epoch: 39/100, batch: 3/14, mean_loss: 0.0119
train >>> epoch: 39/100, batch: 4/14, mean_loss: 0.0120
train >>> epoch: 39/100, batch: 5/14, mean_loss: 0.0120
train >>> epoch: 39/100, batch: 6/14, mean_loss: 0.0120
train >>> epoch: 39/100, batch: 7/14, mean_loss: 0.0120
train >>> epoch: 39/100, batch: 8/14, mean_loss: 0.0119
train >>> epoch: 39/100, batch: 9/14, mean_loss: 0.0119
train >>> epoch: 39/100, batch: 10/14, mean_loss: 0.0119
train >>> epoch: 39/100, batch: 11/14, mean_loss: 0.0119
train >>> epoch: 39/100, batch: 12/14, mean_loss: 0.0119
train >>> epoch: 39/100, batch: 13/14, mean_loss: 0.0118
train >>> epoch: 39/100, batch: 14/14, mean_loss: 0.0118
valid >>> epoch: 39/100, mean_loss: 0.0117
criteria decreased from 0.0131 to 0.0117, saving best model at D:\Data\cs-8395-dl\model\2020-01-14-04-14-47\2020-01-14-04-14-47_hm_net_best.pt
train >>> epoch: 40/100, batch: 1/14, mean_loss: 0.0115
train >>> epoch: 40/100, batch: 2/14, mean_loss: 0.0114
train >>> epoch: 40/100, batch: 3/14, mean_loss: 0.0115
train >>> epoch: 40/100, batch: 4/14, mean_loss: 0.0115
train >>> epoch: 40/100, batch: 5/14, mean_loss: 0.0114
train >>> epoch: 40/100, batch: 6/14, mean_loss: 0.0114
train >>> epoch: 40/100, batch: 7/14, mean_loss: 0.0114
train >>> epoch: 40/100, batch: 8/14, mean_loss: 0.0114
train >>> epoch: 40/100, batch: 9/14, mean_loss: 0.0114
train >>> epoch: 40/100, batch: 10/14, mean_loss: 0.0114
train >>> epoch: 40/100, batch: 11/14, mean_loss: 0.0114
train >>> epoch: 40/100, batch: 12/14, mean_loss: 0.0114
train >>> epoch: 40/100, batch: 13/14, mean_loss: 0.0114
train >>> epoch: 40/100, batch: 14/14, mean_loss: 0.0114
valid >>> epoch: 40/100, mean_loss: 0.0114
criteria decreased from 0.0117 to 0.0114, saving best model at D:\Data\cs-8395-dl\model\2020-01-14-04-14-47\2020-01-14-04-14-47_hm_net_best.pt
train >>> epoch: 41/100, batch: 1/14, mean_loss: 0.0112
train >>> epoch: 41/100, batch: 2/14, mean_loss: 0.0111
train >>> epoch: 41/100, batch: 3/14, mean_loss: 0.0113
train >>> epoch: 41/100, batch: 4/14, mean_loss: 0.0112
train >>> epoch: 41/100, batch: 5/14, mean_loss: 0.0111
train >>> epoch: 41/100, batch: 6/14, mean_loss: 0.0112
train >>> epoch: 41/100, batch: 7/14, mean_loss: 0.0112
train >>> epoch: 41/100, batch: 8/14, mean_loss: 0.0111
train >>> epoch: 41/100, batch: 9/14, mean_loss: 0.0111
train >>> epoch: 41/100, batch: 10/14, mean_loss: 0.0111
train >>> epoch: 41/100, batch: 11/14, mean_loss: 0.0111
train >>> epoch: 41/100, batch: 12/14, mean_loss: 0.0111
train >>> epoch: 41/100, batch: 13/14, mean_loss: 0.0111
train >>> epoch: 41/100, batch: 14/14, mean_loss: 0.0111
valid >>> epoch: 41/100, mean_loss: 0.0102
criteria decreased from 0.0114 to 0.0102, saving best model at D:\Data\cs-8395-dl\model\2020-01-14-04-14-47\2020-01-14-04-14-47_hm_net_best.pt
train >>> epoch: 42/100, batch: 1/14, mean_loss: 0.0113
train >>> epoch: 42/100, batch: 2/14, mean_loss: 0.0111
train >>> epoch: 42/100, batch: 3/14, mean_loss: 0.0111
train >>> epoch: 42/100, batch: 4/14, mean_loss: 0.0110
train >>> epoch: 42/100, batch: 5/14, mean_loss: 0.0111
train >>> epoch: 42/100, batch: 6/14, mean_loss: 0.0110
train >>> epoch: 42/100, batch: 7/14, mean_loss: 0.0110
train >>> epoch: 42/100, batch: 8/14, mean_loss: 0.0110
train >>> epoch: 42/100, batch: 9/14, mean_loss: 0.0110
train >>> epoch: 42/100, batch: 10/14, mean_loss: 0.0110
train >>> epoch: 42/100, batch: 11/14, mean_loss: 0.0110
train >>> epoch: 42/100, batch: 12/14, mean_loss: 0.0110
train >>> epoch: 42/100, batch: 13/14, mean_loss: 0.0109
train >>> epoch: 42/100, batch: 14/14, mean_loss: 0.0109
valid >>> epoch: 42/100, mean_loss: 0.0101
criteria decreased from 0.0102 to 0.0101, saving best model at D:\Data\cs-8395-dl\model\2020-01-14-04-14-47\2020-01-14-04-14-47_hm_net_best.pt
train >>> epoch: 43/100, batch: 1/14, mean_loss: 0.0109
train >>> epoch: 43/100, batch: 2/14, mean_loss: 0.0108
train >>> epoch: 43/100, batch: 3/14, mean_loss: 0.0108
train >>> epoch: 43/100, batch: 4/14, mean_loss: 0.0107
train >>> epoch: 43/100, batch: 5/14, mean_loss: 0.0107
train >>> epoch: 43/100, batch: 6/14, mean_loss: 0.0107
train >>> epoch: 43/100, batch: 7/14, mean_loss: 0.0107
train >>> epoch: 43/100, batch: 8/14, mean_loss: 0.0107
train >>> epoch: 43/100, batch: 9/14, mean_loss: 0.0107
train >>> epoch: 43/100, batch: 10/14, mean_loss: 0.0107
train >>> epoch: 43/100, batch: 11/14, mean_loss: 0.0107
train >>> epoch: 43/100, batch: 12/14, mean_loss: 0.0107
train >>> epoch: 43/100, batch: 13/14, mean_loss: 0.0107
train >>> epoch: 43/100, batch: 14/14, mean_loss: 0.0107
valid >>> epoch: 43/100, mean_loss: 0.0100
criteria decreased from 0.0101 to 0.0100, saving best model at D:\Data\cs-8395-dl\model\2020-01-14-04-14-47\2020-01-14-04-14-47_hm_net_best.pt
train >>> epoch: 44/100, batch: 1/14, mean_loss: 0.0103
train >>> epoch: 44/100, batch: 2/14, mean_loss: 0.0106
train >>> epoch: 44/100, batch: 3/14, mean_loss: 0.0105
train >>> epoch: 44/100, batch: 4/14, mean_loss: 0.0105
train >>> epoch: 44/100, batch: 5/14, mean_loss: 0.0105
train >>> epoch: 44/100, batch: 6/14, mean_loss: 0.0105
train >>> epoch: 44/100, batch: 7/14, mean_loss: 0.0105
train >>> epoch: 44/100, batch: 8/14, mean_loss: 0.0105
train >>> epoch: 44/100, batch: 9/14, mean_loss: 0.0105
train >>> epoch: 44/100, batch: 10/14, mean_loss: 0.0105
train >>> epoch: 44/100, batch: 11/14, mean_loss: 0.0105
train >>> epoch: 44/100, batch: 12/14, mean_loss: 0.0105
train >>> epoch: 44/100, batch: 13/14, mean_loss: 0.0105
train >>> epoch: 44/100, batch: 14/14, mean_loss: 0.0106
valid >>> epoch: 44/100, mean_loss: 0.0101
train >>> epoch: 45/100, batch: 1/14, mean_loss: 0.0103
train >>> epoch: 45/100, batch: 2/14, mean_loss: 0.0104
train >>> epoch: 45/100, batch: 3/14, mean_loss: 0.0104
train >>> epoch: 45/100, batch: 4/14, mean_loss: 0.0104
train >>> epoch: 45/100, batch: 5/14, mean_loss: 0.0104
train >>> epoch: 45/100, batch: 6/14, mean_loss: 0.0104
train >>> epoch: 45/100, batch: 7/14, mean_loss: 0.0104
train >>> epoch: 45/100, batch: 8/14, mean_loss: 0.0104
train >>> epoch: 45/100, batch: 9/14, mean_loss: 0.0104
train >>> epoch: 45/100, batch: 10/14, mean_loss: 0.0104
train >>> epoch: 45/100, batch: 11/14, mean_loss: 0.0104
train >>> epoch: 45/100, batch: 12/14, mean_loss: 0.0104
train >>> epoch: 45/100, batch: 13/14, mean_loss: 0.0104
train >>> epoch: 45/100, batch: 14/14, mean_loss: 0.0104
valid >>> epoch: 45/100, mean_loss: 0.0100
criteria decreased from 0.0100 to 0.0100, saving best model at D:\Data\cs-8395-dl\model\2020-01-14-04-14-47\2020-01-14-04-14-47_hm_net_best.pt
train >>> epoch: 46/100, batch: 1/14, mean_loss: 0.0102
train >>> epoch: 46/100, batch: 2/14, mean_loss: 0.0103
train >>> epoch: 46/100, batch: 3/14, mean_loss: 0.0103
train >>> epoch: 46/100, batch: 4/14, mean_loss: 0.0103
train >>> epoch: 46/100, batch: 5/14, mean_loss: 0.0103
train >>> epoch: 46/100, batch: 6/14, mean_loss: 0.0103
train >>> epoch: 46/100, batch: 7/14, mean_loss: 0.0103
train >>> epoch: 46/100, batch: 8/14, mean_loss: 0.0103
train >>> epoch: 46/100, batch: 9/14, mean_loss: 0.0103
train >>> epoch: 46/100, batch: 10/14, mean_loss: 0.0103
train >>> epoch: 46/100, batch: 11/14, mean_loss: 0.0103
train >>> epoch: 46/100, batch: 12/14, mean_loss: 0.0103
train >>> epoch: 46/100, batch: 13/14, mean_loss: 0.0103
train >>> epoch: 46/100, batch: 14/14, mean_loss: 0.0103
valid >>> epoch: 46/100, mean_loss: 0.0095
criteria decreased from 0.0100 to 0.0095, saving best model at D:\Data\cs-8395-dl\model\2020-01-14-04-14-47\2020-01-14-04-14-47_hm_net_best.pt
train >>> epoch: 47/100, batch: 1/14, mean_loss: 0.0103
train >>> epoch: 47/100, batch: 2/14, mean_loss: 0.0102
train >>> epoch: 47/100, batch: 3/14, mean_loss: 0.0101
train >>> epoch: 47/100, batch: 4/14, mean_loss: 0.0102
train >>> epoch: 47/100, batch: 5/14, mean_loss: 0.0102
train >>> epoch: 47/100, batch: 6/14, mean_loss: 0.0102
train >>> epoch: 47/100, batch: 7/14, mean_loss: 0.0101
train >>> epoch: 47/100, batch: 8/14, mean_loss: 0.0101
train >>> epoch: 47/100, batch: 9/14, mean_loss: 0.0101
train >>> epoch: 47/100, batch: 10/14, mean_loss: 0.0101
train >>> epoch: 47/100, batch: 11/14, mean_loss: 0.0101
train >>> epoch: 47/100, batch: 12/14, mean_loss: 0.0101
train >>> epoch: 47/100, batch: 13/14, mean_loss: 0.0101
train >>> epoch: 47/100, batch: 14/14, mean_loss: 0.0101
valid >>> epoch: 47/100, mean_loss: 0.0097
train >>> epoch: 48/100, batch: 1/14, mean_loss: 0.0100
train >>> epoch: 48/100, batch: 2/14, mean_loss: 0.0101
train >>> epoch: 48/100, batch: 3/14, mean_loss: 0.0100
train >>> epoch: 48/100, batch: 4/14, mean_loss: 0.0100
train >>> epoch: 48/100, batch: 5/14, mean_loss: 0.0101
train >>> epoch: 48/100, batch: 6/14, mean_loss: 0.0100
train >>> epoch: 48/100, batch: 7/14, mean_loss: 0.0100
train >>> epoch: 48/100, batch: 8/14, mean_loss: 0.0100
train >>> epoch: 48/100, batch: 9/14, mean_loss: 0.0100
train >>> epoch: 48/100, batch: 10/14, mean_loss: 0.0100
train >>> epoch: 48/100, batch: 11/14, mean_loss: 0.0100
train >>> epoch: 48/100, batch: 12/14, mean_loss: 0.0100
train >>> epoch: 48/100, batch: 13/14, mean_loss: 0.0100
train >>> epoch: 48/100, batch: 14/14, mean_loss: 0.0100
valid >>> epoch: 48/100, mean_loss: 0.0098
train >>> epoch: 49/100, batch: 1/14, mean_loss: 0.0100
train >>> epoch: 49/100, batch: 2/14, mean_loss: 0.0100
train >>> epoch: 49/100, batch: 3/14, mean_loss: 0.0099
train >>> epoch: 49/100, batch: 4/14, mean_loss: 0.0099
train >>> epoch: 49/100, batch: 5/14, mean_loss: 0.0099
train >>> epoch: 49/100, batch: 6/14, mean_loss: 0.0099
train >>> epoch: 49/100, batch: 7/14, mean_loss: 0.0099
train >>> epoch: 49/100, batch: 8/14, mean_loss: 0.0099
train >>> epoch: 49/100, batch: 9/14, mean_loss: 0.0099
train >>> epoch: 49/100, batch: 10/14, mean_loss: 0.0099
train >>> epoch: 49/100, batch: 11/14, mean_loss: 0.0099
train >>> epoch: 49/100, batch: 12/14, mean_loss: 0.0099
train >>> epoch: 49/100, batch: 13/14, mean_loss: 0.0099
train >>> epoch: 49/100, batch: 14/14, mean_loss: 0.0099
valid >>> epoch: 49/100, mean_loss: 0.0095
train >>> epoch: 50/100, batch: 1/14, mean_loss: 0.0099
train >>> epoch: 50/100, batch: 2/14, mean_loss: 0.0098
train >>> epoch: 50/100, batch: 3/14, mean_loss: 0.0097
train >>> epoch: 50/100, batch: 4/14, mean_loss: 0.0098
train >>> epoch: 50/100, batch: 5/14, mean_loss: 0.0098
train >>> epoch: 50/100, batch: 6/14, mean_loss: 0.0098
train >>> epoch: 50/100, batch: 7/14, mean_loss: 0.0098
train >>> epoch: 50/100, batch: 8/14, mean_loss: 0.0098
train >>> epoch: 50/100, batch: 9/14, mean_loss: 0.0098
train >>> epoch: 50/100, batch: 10/14, mean_loss: 0.0098
train >>> epoch: 50/100, batch: 11/14, mean_loss: 0.0098
train >>> epoch: 50/100, batch: 12/14, mean_loss: 0.0098
train >>> epoch: 50/100, batch: 13/14, mean_loss: 0.0098
train >>> epoch: 50/100, batch: 14/14, mean_loss: 0.0097
valid >>> epoch: 50/100, mean_loss: 0.0094
criteria decreased from 0.0095 to 0.0094, saving best model at D:\Data\cs-8395-dl\model\2020-01-14-04-14-47\2020-01-14-04-14-47_hm_net_best.pt
train >>> epoch: 51/100, batch: 1/14, mean_loss: 0.0097
train >>> epoch: 51/100, batch: 2/14, mean_loss: 0.0098
train >>> epoch: 51/100, batch: 3/14, mean_loss: 0.0097
train >>> epoch: 51/100, batch: 4/14, mean_loss: 0.0097
train >>> epoch: 51/100, batch: 5/14, mean_loss: 0.0097
train >>> epoch: 51/100, batch: 6/14, mean_loss: 0.0097
train >>> epoch: 51/100, batch: 7/14, mean_loss: 0.0097
train >>> epoch: 51/100, batch: 8/14, mean_loss: 0.0097
train >>> epoch: 51/100, batch: 9/14, mean_loss: 0.0097
train >>> epoch: 51/100, batch: 10/14, mean_loss: 0.0097
train >>> epoch: 51/100, batch: 11/14, mean_loss: 0.0097
train >>> epoch: 51/100, batch: 12/14, mean_loss: 0.0097
train >>> epoch: 51/100, batch: 13/14, mean_loss: 0.0097
train >>> epoch: 51/100, batch: 14/14, mean_loss: 0.0097
valid >>> epoch: 51/100, mean_loss: 0.0099
train >>> epoch: 52/100, batch: 1/14, mean_loss: 0.0097
train >>> epoch: 52/100, batch: 2/14, mean_loss: 0.0096
train >>> epoch: 52/100, batch: 3/14, mean_loss: 0.0096
train >>> epoch: 52/100, batch: 4/14, mean_loss: 0.0096
train >>> epoch: 52/100, batch: 5/14, mean_loss: 0.0096
train >>> epoch: 52/100, batch: 6/14, mean_loss: 0.0096
train >>> epoch: 52/100, batch: 7/14, mean_loss: 0.0096
train >>> epoch: 52/100, batch: 8/14, mean_loss: 0.0096
train >>> epoch: 52/100, batch: 9/14, mean_loss: 0.0096
train >>> epoch: 52/100, batch: 10/14, mean_loss: 0.0096
train >>> epoch: 52/100, batch: 11/14, mean_loss: 0.0096
train >>> epoch: 52/100, batch: 12/14, mean_loss: 0.0096
train >>> epoch: 52/100, batch: 13/14, mean_loss: 0.0096
train >>> epoch: 52/100, batch: 14/14, mean_loss: 0.0096
valid >>> epoch: 52/100, mean_loss: 0.0096
train >>> epoch: 53/100, batch: 1/14, mean_loss: 0.0095
train >>> epoch: 53/100, batch: 2/14, mean_loss: 0.0096
train >>> epoch: 53/100, batch: 3/14, mean_loss: 0.0096
train >>> epoch: 53/100, batch: 4/14, mean_loss: 0.0097
train >>> epoch: 53/100, batch: 5/14, mean_loss: 0.0096
train >>> epoch: 53/100, batch: 6/14, mean_loss: 0.0096
train >>> epoch: 53/100, batch: 7/14, mean_loss: 0.0096
train >>> epoch: 53/100, batch: 8/14, mean_loss: 0.0096
train >>> epoch: 53/100, batch: 9/14, mean_loss: 0.0096
train >>> epoch: 53/100, batch: 10/14, mean_loss: 0.0096
train >>> epoch: 53/100, batch: 11/14, mean_loss: 0.0096
train >>> epoch: 53/100, batch: 12/14, mean_loss: 0.0096
train >>> epoch: 53/100, batch: 13/14, mean_loss: 0.0096
train >>> epoch: 53/100, batch: 14/14, mean_loss: 0.0096
valid >>> epoch: 53/100, mean_loss: 0.0095
train >>> epoch: 54/100, batch: 1/14, mean_loss: 0.0095
train >>> epoch: 54/100, batch: 2/14, mean_loss: 0.0095
train >>> epoch: 54/100, batch: 3/14, mean_loss: 0.0096
train >>> epoch: 54/100, batch: 4/14, mean_loss: 0.0096
train >>> epoch: 54/100, batch: 5/14, mean_loss: 0.0096
train >>> epoch: 54/100, batch: 6/14, mean_loss: 0.0095
train >>> epoch: 54/100, batch: 7/14, mean_loss: 0.0095
train >>> epoch: 54/100, batch: 8/14, mean_loss: 0.0095
train >>> epoch: 54/100, batch: 9/14, mean_loss: 0.0095
train >>> epoch: 54/100, batch: 10/14, mean_loss: 0.0095
train >>> epoch: 54/100, batch: 11/14, mean_loss: 0.0095
train >>> epoch: 54/100, batch: 12/14, mean_loss: 0.0095
train >>> epoch: 54/100, batch: 13/14, mean_loss: 0.0095
train >>> epoch: 54/100, batch: 14/14, mean_loss: 0.0095
valid >>> epoch: 54/100, mean_loss: 0.0096
train >>> epoch: 55/100, batch: 1/14, mean_loss: 0.0095
train >>> epoch: 55/100, batch: 2/14, mean_loss: 0.0095
train >>> epoch: 55/100, batch: 3/14, mean_loss: 0.0094
train >>> epoch: 55/100, batch: 4/14, mean_loss: 0.0094
train >>> epoch: 55/100, batch: 5/14, mean_loss: 0.0094
train >>> epoch: 55/100, batch: 6/14, mean_loss: 0.0094
train >>> epoch: 55/100, batch: 7/14, mean_loss: 0.0094
train >>> epoch: 55/100, batch: 8/14, mean_loss: 0.0094
train >>> epoch: 55/100, batch: 9/14, mean_loss: 0.0094
train >>> epoch: 55/100, batch: 10/14, mean_loss: 0.0094
train >>> epoch: 55/100, batch: 11/14, mean_loss: 0.0094
train >>> epoch: 55/100, batch: 12/14, mean_loss: 0.0094
train >>> epoch: 55/100, batch: 13/14, mean_loss: 0.0094
train >>> epoch: 55/100, batch: 14/14, mean_loss: 0.0094
valid >>> epoch: 55/100, mean_loss: 0.0100
train >>> epoch: 56/100, batch: 1/14, mean_loss: 0.0094
train >>> epoch: 56/100, batch: 2/14, mean_loss: 0.0095
train >>> epoch: 56/100, batch: 3/14, mean_loss: 0.0095
train >>> epoch: 56/100, batch: 4/14, mean_loss: 0.0095
train >>> epoch: 56/100, batch: 5/14, mean_loss: 0.0095
train >>> epoch: 56/100, batch: 6/14, mean_loss: 0.0094
train >>> epoch: 56/100, batch: 7/14, mean_loss: 0.0094
train >>> epoch: 56/100, batch: 8/14, mean_loss: 0.0094
train >>> epoch: 56/100, batch: 9/14, mean_loss: 0.0094
train >>> epoch: 56/100, batch: 10/14, mean_loss: 0.0094
train >>> epoch: 56/100, batch: 11/14, mean_loss: 0.0094
train >>> epoch: 56/100, batch: 12/14, mean_loss: 0.0094
train >>> epoch: 56/100, batch: 13/14, mean_loss: 0.0094
train >>> epoch: 56/100, batch: 14/14, mean_loss: 0.0094
valid >>> epoch: 56/100, mean_loss: 0.0092
criteria decreased from 0.0094 to 0.0092, saving best model at D:\Data\cs-8395-dl\model\2020-01-14-04-14-47\2020-01-14-04-14-47_hm_net_best.pt
train >>> epoch: 57/100, batch: 1/14, mean_loss: 0.0093
train >>> epoch: 57/100, batch: 2/14, mean_loss: 0.0093
train >>> epoch: 57/100, batch: 3/14, mean_loss: 0.0093
train >>> epoch: 57/100, batch: 4/14, mean_loss: 0.0094
train >>> epoch: 57/100, batch: 5/14, mean_loss: 0.0094
train >>> epoch: 57/100, batch: 6/14, mean_loss: 0.0094
train >>> epoch: 57/100, batch: 7/14, mean_loss: 0.0094
train >>> epoch: 57/100, batch: 8/14, mean_loss: 0.0094
train >>> epoch: 57/100, batch: 9/14, mean_loss: 0.0094
train >>> epoch: 57/100, batch: 10/14, mean_loss: 0.0094
train >>> epoch: 57/100, batch: 11/14, mean_loss: 0.0094
train >>> epoch: 57/100, batch: 12/14, mean_loss: 0.0094
train >>> epoch: 57/100, batch: 13/14, mean_loss: 0.0094
train >>> epoch: 57/100, batch: 14/14, mean_loss: 0.0094
valid >>> epoch: 57/100, mean_loss: 0.0092
train >>> epoch: 58/100, batch: 1/14, mean_loss: 0.0093
train >>> epoch: 58/100, batch: 2/14, mean_loss: 0.0094
train >>> epoch: 58/100, batch: 3/14, mean_loss: 0.0093
train >>> epoch: 58/100, batch: 4/14, mean_loss: 0.0093
train >>> epoch: 58/100, batch: 5/14, mean_loss: 0.0093
train >>> epoch: 58/100, batch: 6/14, mean_loss: 0.0093
train >>> epoch: 58/100, batch: 7/14, mean_loss: 0.0093
train >>> epoch: 58/100, batch: 8/14, mean_loss: 0.0093
train >>> epoch: 58/100, batch: 9/14, mean_loss: 0.0093
train >>> epoch: 58/100, batch: 10/14, mean_loss: 0.0093
train >>> epoch: 58/100, batch: 11/14, mean_loss: 0.0093
train >>> epoch: 58/100, batch: 12/14, mean_loss: 0.0093
train >>> epoch: 58/100, batch: 13/14, mean_loss: 0.0093
train >>> epoch: 58/100, batch: 14/14, mean_loss: 0.0093
valid >>> epoch: 58/100, mean_loss: 0.0094
train >>> epoch: 59/100, batch: 1/14, mean_loss: 0.0093
train >>> epoch: 59/100, batch: 2/14, mean_loss: 0.0093
train >>> epoch: 59/100, batch: 3/14, mean_loss: 0.0093
train >>> epoch: 59/100, batch: 4/14, mean_loss: 0.0093
train >>> epoch: 59/100, batch: 5/14, mean_loss: 0.0093
train >>> epoch: 59/100, batch: 6/14, mean_loss: 0.0093
train >>> epoch: 59/100, batch: 7/14, mean_loss: 0.0093
train >>> epoch: 59/100, batch: 8/14, mean_loss: 0.0093
train >>> epoch: 59/100, batch: 9/14, mean_loss: 0.0093
train >>> epoch: 59/100, batch: 10/14, mean_loss: 0.0093
train >>> epoch: 59/100, batch: 11/14, mean_loss: 0.0093
train >>> epoch: 59/100, batch: 12/14, mean_loss: 0.0093
train >>> epoch: 59/100, batch: 13/14, mean_loss: 0.0093
train >>> epoch: 59/100, batch: 14/14, mean_loss: 0.0093
valid >>> epoch: 59/100, mean_loss: 0.0093
train >>> epoch: 60/100, batch: 1/14, mean_loss: 0.0093
train >>> epoch: 60/100, batch: 2/14, mean_loss: 0.0093
train >>> epoch: 60/100, batch: 3/14, mean_loss: 0.0093
train >>> epoch: 60/100, batch: 4/14, mean_loss: 0.0093
train >>> epoch: 60/100, batch: 5/14, mean_loss: 0.0093
train >>> epoch: 60/100, batch: 6/14, mean_loss: 0.0093
train >>> epoch: 60/100, batch: 7/14, mean_loss: 0.0093
train >>> epoch: 60/100, batch: 8/14, mean_loss: 0.0092
train >>> epoch: 60/100, batch: 9/14, mean_loss: 0.0092
train >>> epoch: 60/100, batch: 10/14, mean_loss: 0.0092
train >>> epoch: 60/100, batch: 11/14, mean_loss: 0.0092
train >>> epoch: 60/100, batch: 12/14, mean_loss: 0.0092
train >>> epoch: 60/100, batch: 13/14, mean_loss: 0.0092
train >>> epoch: 60/100, batch: 14/14, mean_loss: 0.0092
valid >>> epoch: 60/100, mean_loss: 0.0092
train >>> epoch: 61/100, batch: 1/14, mean_loss: 0.0092
train >>> epoch: 61/100, batch: 2/14, mean_loss: 0.0092
train >>> epoch: 61/100, batch: 3/14, mean_loss: 0.0092
train >>> epoch: 61/100, batch: 4/14, mean_loss: 0.0092
train >>> epoch: 61/100, batch: 5/14, mean_loss: 0.0092
train >>> epoch: 61/100, batch: 6/14, mean_loss: 0.0092
train >>> epoch: 61/100, batch: 7/14, mean_loss: 0.0092
train >>> epoch: 61/100, batch: 8/14, mean_loss: 0.0092
train >>> epoch: 61/100, batch: 9/14, mean_loss: 0.0092
train >>> epoch: 61/100, batch: 10/14, mean_loss: 0.0092
train >>> epoch: 61/100, batch: 11/14, mean_loss: 0.0092
train >>> epoch: 61/100, batch: 12/14, mean_loss: 0.0092
train >>> epoch: 61/100, batch: 13/14, mean_loss: 0.0092
train >>> epoch: 61/100, batch: 14/14, mean_loss: 0.0092
valid >>> epoch: 61/100, mean_loss: 0.0092
train >>> epoch: 62/100, batch: 1/14, mean_loss: 0.0091
train >>> epoch: 62/100, batch: 2/14, mean_loss: 0.0092
train >>> epoch: 62/100, batch: 3/14, mean_loss: 0.0092
train >>> epoch: 62/100, batch: 4/14, mean_loss: 0.0092
train >>> epoch: 62/100, batch: 5/14, mean_loss: 0.0092
train >>> epoch: 62/100, batch: 6/14, mean_loss: 0.0092
train >>> epoch: 62/100, batch: 7/14, mean_loss: 0.0092
train >>> epoch: 62/100, batch: 8/14, mean_loss: 0.0092
train >>> epoch: 62/100, batch: 9/14, mean_loss: 0.0092
train >>> epoch: 62/100, batch: 10/14, mean_loss: 0.0092
train >>> epoch: 62/100, batch: 11/14, mean_loss: 0.0092
train >>> epoch: 62/100, batch: 12/14, mean_loss: 0.0092
train >>> epoch: 62/100, batch: 13/14, mean_loss: 0.0092
train >>> epoch: 62/100, batch: 14/14, mean_loss: 0.0092
valid >>> epoch: 62/100, mean_loss: 0.0090
criteria decreased from 0.0092 to 0.0090, saving best model at D:\Data\cs-8395-dl\model\2020-01-14-04-14-47\2020-01-14-04-14-47_hm_net_best.pt
train >>> epoch: 63/100, batch: 1/14, mean_loss: 0.0093
train >>> epoch: 63/100, batch: 2/14, mean_loss: 0.0092
train >>> epoch: 63/100, batch: 3/14, mean_loss: 0.0092
train >>> epoch: 63/100, batch: 4/14, mean_loss: 0.0092
train >>> epoch: 63/100, batch: 5/14, mean_loss: 0.0092
train >>> epoch: 63/100, batch: 6/14, mean_loss: 0.0092
train >>> epoch: 63/100, batch: 7/14, mean_loss: 0.0092
train >>> epoch: 63/100, batch: 8/14, mean_loss: 0.0092
train >>> epoch: 63/100, batch: 9/14, mean_loss: 0.0092
train >>> epoch: 63/100, batch: 10/14, mean_loss: 0.0092
train >>> epoch: 63/100, batch: 11/14, mean_loss: 0.0092
train >>> epoch: 63/100, batch: 12/14, mean_loss: 0.0092
train >>> epoch: 63/100, batch: 13/14, mean_loss: 0.0092
train >>> epoch: 63/100, batch: 14/14, mean_loss: 0.0092
valid >>> epoch: 63/100, mean_loss: 0.0092
train >>> epoch: 64/100, batch: 1/14, mean_loss: 0.0091
train >>> epoch: 64/100, batch: 2/14, mean_loss: 0.0091
train >>> epoch: 64/100, batch: 3/14, mean_loss: 0.0091
train >>> epoch: 64/100, batch: 4/14, mean_loss: 0.0091
train >>> epoch: 64/100, batch: 5/14, mean_loss: 0.0091
train >>> epoch: 64/100, batch: 6/14, mean_loss: 0.0091
train >>> epoch: 64/100, batch: 7/14, mean_loss: 0.0091
train >>> epoch: 64/100, batch: 8/14, mean_loss: 0.0091
train >>> epoch: 64/100, batch: 9/14, mean_loss: 0.0091
train >>> epoch: 64/100, batch: 10/14, mean_loss: 0.0091
train >>> epoch: 64/100, batch: 11/14, mean_loss: 0.0091
train >>> epoch: 64/100, batch: 12/14, mean_loss: 0.0091
train >>> epoch: 64/100, batch: 13/14, mean_loss: 0.0091
train >>> epoch: 64/100, batch: 14/14, mean_loss: 0.0091
valid >>> epoch: 64/100, mean_loss: 0.0090
criteria decreased from 0.0090 to 0.0090, saving best model at D:\Data\cs-8395-dl\model\2020-01-14-04-14-47\2020-01-14-04-14-47_hm_net_best.pt
train >>> epoch: 65/100, batch: 1/14, mean_loss: 0.0091
train >>> epoch: 65/100, batch: 2/14, mean_loss: 0.0091
train >>> epoch: 65/100, batch: 3/14, mean_loss: 0.0092
train >>> epoch: 65/100, batch: 4/14, mean_loss: 0.0092
train >>> epoch: 65/100, batch: 5/14, mean_loss: 0.0092
train >>> epoch: 65/100, batch: 6/14, mean_loss: 0.0092
train >>> epoch: 65/100, batch: 7/14, mean_loss: 0.0092
train >>> epoch: 65/100, batch: 8/14, mean_loss: 0.0092
train >>> epoch: 65/100, batch: 9/14, mean_loss: 0.0092
train >>> epoch: 65/100, batch: 10/14, mean_loss: 0.0092
train >>> epoch: 65/100, batch: 11/14, mean_loss: 0.0092
train >>> epoch: 65/100, batch: 12/14, mean_loss: 0.0092
train >>> epoch: 65/100, batch: 13/14, mean_loss: 0.0092
train >>> epoch: 65/100, batch: 14/14, mean_loss: 0.0091
valid >>> epoch: 65/100, mean_loss: 0.0091
train >>> epoch: 66/100, batch: 1/14, mean_loss: 0.0091
train >>> epoch: 66/100, batch: 2/14, mean_loss: 0.0091
train >>> epoch: 66/100, batch: 3/14, mean_loss: 0.0091
train >>> epoch: 66/100, batch: 4/14, mean_loss: 0.0091
train >>> epoch: 66/100, batch: 5/14, mean_loss: 0.0091
train >>> epoch: 66/100, batch: 6/14, mean_loss: 0.0091
train >>> epoch: 66/100, batch: 7/14, mean_loss: 0.0091
train >>> epoch: 66/100, batch: 8/14, mean_loss: 0.0091
train >>> epoch: 66/100, batch: 9/14, mean_loss: 0.0091
train >>> epoch: 66/100, batch: 10/14, mean_loss: 0.0091
train >>> epoch: 66/100, batch: 11/14, mean_loss: 0.0091
train >>> epoch: 66/100, batch: 12/14, mean_loss: 0.0091
train >>> epoch: 66/100, batch: 13/14, mean_loss: 0.0091
train >>> epoch: 66/100, batch: 14/14, mean_loss: 0.0091
valid >>> epoch: 66/100, mean_loss: 0.0091
train >>> epoch: 67/100, batch: 1/14, mean_loss: 0.0092
train >>> epoch: 67/100, batch: 2/14, mean_loss: 0.0092
train >>> epoch: 67/100, batch: 3/14, mean_loss: 0.0092
train >>> epoch: 67/100, batch: 4/14, mean_loss: 0.0091
train >>> epoch: 67/100, batch: 5/14, mean_loss: 0.0091
train >>> epoch: 67/100, batch: 6/14, mean_loss: 0.0091
train >>> epoch: 67/100, batch: 7/14, mean_loss: 0.0091
train >>> epoch: 67/100, batch: 8/14, mean_loss: 0.0091
train >>> epoch: 67/100, batch: 9/14, mean_loss: 0.0091
train >>> epoch: 67/100, batch: 10/14, mean_loss: 0.0091
train >>> epoch: 67/100, batch: 11/14, mean_loss: 0.0091
train >>> epoch: 67/100, batch: 12/14, mean_loss: 0.0091
train >>> epoch: 67/100, batch: 13/14, mean_loss: 0.0091
train >>> epoch: 67/100, batch: 14/14, mean_loss: 0.0091
valid >>> epoch: 67/100, mean_loss: 0.0091
train >>> epoch: 68/100, batch: 1/14, mean_loss: 0.0091
train >>> epoch: 68/100, batch: 2/14, mean_loss: 0.0091
train >>> epoch: 68/100, batch: 3/14, mean_loss: 0.0091
train >>> epoch: 68/100, batch: 4/14, mean_loss: 0.0091
train >>> epoch: 68/100, batch: 5/14, mean_loss: 0.0091
train >>> epoch: 68/100, batch: 6/14, mean_loss: 0.0091
train >>> epoch: 68/100, batch: 7/14, mean_loss: 0.0091
train >>> epoch: 68/100, batch: 8/14, mean_loss: 0.0091
train >>> epoch: 68/100, batch: 9/14, mean_loss: 0.0091
train >>> epoch: 68/100, batch: 10/14, mean_loss: 0.0091
train >>> epoch: 68/100, batch: 11/14, mean_loss: 0.0091
train >>> epoch: 68/100, batch: 12/14, mean_loss: 0.0091
train >>> epoch: 68/100, batch: 13/14, mean_loss: 0.0091
train >>> epoch: 68/100, batch: 14/14, mean_loss: 0.0091
valid >>> epoch: 68/100, mean_loss: 0.0091
train >>> epoch: 69/100, batch: 1/14, mean_loss: 0.0091
train >>> epoch: 69/100, batch: 2/14, mean_loss: 0.0091
train >>> epoch: 69/100, batch: 3/14, mean_loss: 0.0091
train >>> epoch: 69/100, batch: 4/14, mean_loss: 0.0091
train >>> epoch: 69/100, batch: 5/14, mean_loss: 0.0091
train >>> epoch: 69/100, batch: 6/14, mean_loss: 0.0091
train >>> epoch: 69/100, batch: 7/14, mean_loss: 0.0091
train >>> epoch: 69/100, batch: 8/14, mean_loss: 0.0091
train >>> epoch: 69/100, batch: 9/14, mean_loss: 0.0091
train >>> epoch: 69/100, batch: 10/14, mean_loss: 0.0091
train >>> epoch: 69/100, batch: 11/14, mean_loss: 0.0091
train >>> epoch: 69/100, batch: 12/14, mean_loss: 0.0091
train >>> epoch: 69/100, batch: 13/14, mean_loss: 0.0091
train >>> epoch: 69/100, batch: 14/14, mean_loss: 0.0091
valid >>> epoch: 69/100, mean_loss: 0.0091
train >>> epoch: 70/100, batch: 1/14, mean_loss: 0.0091
train >>> epoch: 70/100, batch: 2/14, mean_loss: 0.0091
train >>> epoch: 70/100, batch: 3/14, mean_loss: 0.0091
train >>> epoch: 70/100, batch: 4/14, mean_loss: 0.0091
train >>> epoch: 70/100, batch: 5/14, mean_loss: 0.0091
train >>> epoch: 70/100, batch: 6/14, mean_loss: 0.0091
train >>> epoch: 70/100, batch: 7/14, mean_loss: 0.0091
train >>> epoch: 70/100, batch: 8/14, mean_loss: 0.0091
train >>> epoch: 70/100, batch: 9/14, mean_loss: 0.0091
train >>> epoch: 70/100, batch: 10/14, mean_loss: 0.0091
train >>> epoch: 70/100, batch: 11/14, mean_loss: 0.0091
train >>> epoch: 70/100, batch: 12/14, mean_loss: 0.0091
train >>> epoch: 70/100, batch: 13/14, mean_loss: 0.0091
train >>> epoch: 70/100, batch: 14/14, mean_loss: 0.0090
valid >>> epoch: 70/100, mean_loss: 0.0090
train >>> epoch: 71/100, batch: 1/14, mean_loss: 0.0091
train >>> epoch: 71/100, batch: 2/14, mean_loss: 0.0091
train >>> epoch: 71/100, batch: 3/14, mean_loss: 0.0091
train >>> epoch: 71/100, batch: 4/14, mean_loss: 0.0091
train >>> epoch: 71/100, batch: 5/14, mean_loss: 0.0091
train >>> epoch: 71/100, batch: 6/14, mean_loss: 0.0091
train >>> epoch: 71/100, batch: 7/14, mean_loss: 0.0091
train >>> epoch: 71/100, batch: 8/14, mean_loss: 0.0091
train >>> epoch: 71/100, batch: 9/14, mean_loss: 0.0091
train >>> epoch: 71/100, batch: 10/14, mean_loss: 0.0091
train >>> epoch: 71/100, batch: 11/14, mean_loss: 0.0091
train >>> epoch: 71/100, batch: 12/14, mean_loss: 0.0091
train >>> epoch: 71/100, batch: 13/14, mean_loss: 0.0091
train >>> epoch: 71/100, batch: 14/14, mean_loss: 0.0091
valid >>> epoch: 71/100, mean_loss: 0.0090
train >>> epoch: 72/100, batch: 1/14, mean_loss: 0.0090
train >>> epoch: 72/100, batch: 2/14, mean_loss: 0.0091
train >>> epoch: 72/100, batch: 3/14, mean_loss: 0.0091
train >>> epoch: 72/100, batch: 4/14, mean_loss: 0.0091
train >>> epoch: 72/100, batch: 5/14, mean_loss: 0.0091
train >>> epoch: 72/100, batch: 6/14, mean_loss: 0.0091
train >>> epoch: 72/100, batch: 7/14, mean_loss: 0.0091
train >>> epoch: 72/100, batch: 8/14, mean_loss: 0.0091
train >>> epoch: 72/100, batch: 9/14, mean_loss: 0.0091
train >>> epoch: 72/100, batch: 10/14, mean_loss: 0.0091
train >>> epoch: 72/100, batch: 11/14, mean_loss: 0.0091
train >>> epoch: 72/100, batch: 12/14, mean_loss: 0.0091
train >>> epoch: 72/100, batch: 13/14, mean_loss: 0.0091
train >>> epoch: 72/100, batch: 14/14, mean_loss: 0.0090
valid >>> epoch: 72/100, mean_loss: 0.0090
train >>> epoch: 73/100, batch: 1/14, mean_loss: 0.0089
train >>> epoch: 73/100, batch: 2/14, mean_loss: 0.0090
train >>> epoch: 73/100, batch: 3/14, mean_loss: 0.0090
train >>> epoch: 73/100, batch: 4/14, mean_loss: 0.0090
train >>> epoch: 73/100, batch: 5/14, mean_loss: 0.0090
train >>> epoch: 73/100, batch: 6/14, mean_loss: 0.0090
train >>> epoch: 73/100, batch: 7/14, mean_loss: 0.0090
train >>> epoch: 73/100, batch: 8/14, mean_loss: 0.0090
train >>> epoch: 73/100, batch: 9/14, mean_loss: 0.0090
train >>> epoch: 73/100, batch: 10/14, mean_loss: 0.0090
train >>> epoch: 73/100, batch: 11/14, mean_loss: 0.0090
train >>> epoch: 73/100, batch: 12/14, mean_loss: 0.0090
train >>> epoch: 73/100, batch: 13/14, mean_loss: 0.0090
train >>> epoch: 73/100, batch: 14/14, mean_loss: 0.0090
valid >>> epoch: 73/100, mean_loss: 0.0090
train >>> epoch: 74/100, batch: 1/14, mean_loss: 0.0090
train >>> epoch: 74/100, batch: 2/14, mean_loss: 0.0090
train >>> epoch: 74/100, batch: 3/14, mean_loss: 0.0090
train >>> epoch: 74/100, batch: 4/14, mean_loss: 0.0090
train >>> epoch: 74/100, batch: 5/14, mean_loss: 0.0090
train >>> epoch: 74/100, batch: 6/14, mean_loss: 0.0090
train >>> epoch: 74/100, batch: 7/14, mean_loss: 0.0090
train >>> epoch: 74/100, batch: 8/14, mean_loss: 0.0090
train >>> epoch: 74/100, batch: 9/14, mean_loss: 0.0090
train >>> epoch: 74/100, batch: 10/14, mean_loss: 0.0090
train >>> epoch: 74/100, batch: 11/14, mean_loss: 0.0090
train >>> epoch: 74/100, batch: 12/14, mean_loss: 0.0091
train >>> epoch: 74/100, batch: 13/14, mean_loss: 0.0091
train >>> epoch: 74/100, batch: 14/14, mean_loss: 0.0090
valid >>> epoch: 74/100, mean_loss: 0.0090
train >>> epoch: 75/100, batch: 1/14, mean_loss: 0.0091
train >>> epoch: 75/100, batch: 2/14, mean_loss: 0.0091
train >>> epoch: 75/100, batch: 3/14, mean_loss: 0.0090
train >>> epoch: 75/100, batch: 4/14, mean_loss: 0.0091
train >>> epoch: 75/100, batch: 5/14, mean_loss: 0.0091
train >>> epoch: 75/100, batch: 6/14, mean_loss: 0.0091
train >>> epoch: 75/100, batch: 7/14, mean_loss: 0.0091
train >>> epoch: 75/100, batch: 8/14, mean_loss: 0.0091
train >>> epoch: 75/100, batch: 9/14, mean_loss: 0.0091
train >>> epoch: 75/100, batch: 10/14, mean_loss: 0.0091
train >>> epoch: 75/100, batch: 11/14, mean_loss: 0.0091
train >>> epoch: 75/100, batch: 12/14, mean_loss: 0.0091
train >>> epoch: 75/100, batch: 13/14, mean_loss: 0.0091
train >>> epoch: 75/100, batch: 14/14, mean_loss: 0.0091
valid >>> epoch: 75/100, mean_loss: 0.0090
train >>> epoch: 76/100, batch: 1/14, mean_loss: 0.0091
train >>> epoch: 76/100, batch: 2/14, mean_loss: 0.0091
train >>> epoch: 76/100, batch: 3/14, mean_loss: 0.0091
train >>> epoch: 76/100, batch: 4/14, mean_loss: 0.0091
train >>> epoch: 76/100, batch: 5/14, mean_loss: 0.0091
train >>> epoch: 76/100, batch: 6/14, mean_loss: 0.0091
train >>> epoch: 76/100, batch: 7/14, mean_loss: 0.0091
train >>> epoch: 76/100, batch: 8/14, mean_loss: 0.0091
train >>> epoch: 76/100, batch: 9/14, mean_loss: 0.0091
train >>> epoch: 76/100, batch: 10/14, mean_loss: 0.0091
train >>> epoch: 76/100, batch: 11/14, mean_loss: 0.0091
train >>> epoch: 76/100, batch: 12/14, mean_loss: 0.0091
train >>> epoch: 76/100, batch: 13/14, mean_loss: 0.0091
train >>> epoch: 76/100, batch: 14/14, mean_loss: 0.0090
valid >>> epoch: 76/100, mean_loss: 0.0090
train >>> epoch: 77/100, batch: 1/14, mean_loss: 0.0090
train >>> epoch: 77/100, batch: 2/14, mean_loss: 0.0090
train >>> epoch: 77/100, batch: 3/14, mean_loss: 0.0090
train >>> epoch: 77/100, batch: 4/14, mean_loss: 0.0090
train >>> epoch: 77/100, batch: 5/14, mean_loss: 0.0090
train >>> epoch: 77/100, batch: 6/14, mean_loss: 0.0090
train >>> epoch: 77/100, batch: 7/14, mean_loss: 0.0090
train >>> epoch: 77/100, batch: 8/14, mean_loss: 0.0090
train >>> epoch: 77/100, batch: 9/14, mean_loss: 0.0090
train >>> epoch: 77/100, batch: 10/14, mean_loss: 0.0090
train >>> epoch: 77/100, batch: 11/14, mean_loss: 0.0090
train >>> epoch: 77/100, batch: 12/14, mean_loss: 0.0090
train >>> epoch: 77/100, batch: 13/14, mean_loss: 0.0090
train >>> epoch: 77/100, batch: 14/14, mean_loss: 0.0090
valid >>> epoch: 77/100, mean_loss: 0.0090
train >>> epoch: 78/100, batch: 1/14, mean_loss: 0.0091
train >>> epoch: 78/100, batch: 2/14, mean_loss: 0.0091
train >>> epoch: 78/100, batch: 3/14, mean_loss: 0.0091
train >>> epoch: 78/100, batch: 4/14, mean_loss: 0.0091
train >>> epoch: 78/100, batch: 5/14, mean_loss: 0.0091
train >>> epoch: 78/100, batch: 6/14, mean_loss: 0.0091
train >>> epoch: 78/100, batch: 7/14, mean_loss: 0.0090
train >>> epoch: 78/100, batch: 8/14, mean_loss: 0.0090
train >>> epoch: 78/100, batch: 9/14, mean_loss: 0.0090
train >>> epoch: 78/100, batch: 10/14, mean_loss: 0.0090
train >>> epoch: 78/100, batch: 11/14, mean_loss: 0.0090
train >>> epoch: 78/100, batch: 12/14, mean_loss: 0.0090
train >>> epoch: 78/100, batch: 13/14, mean_loss: 0.0090
train >>> epoch: 78/100, batch: 14/14, mean_loss: 0.0090
valid >>> epoch: 78/100, mean_loss: 0.0090
train >>> epoch: 79/100, batch: 1/14, mean_loss: 0.0091
train >>> epoch: 79/100, batch: 2/14, mean_loss: 0.0090
train >>> epoch: 79/100, batch: 3/14, mean_loss: 0.0090
train >>> epoch: 79/100, batch: 4/14, mean_loss: 0.0090
train >>> epoch: 79/100, batch: 5/14, mean_loss: 0.0090
train >>> epoch: 79/100, batch: 6/14, mean_loss: 0.0090
train >>> epoch: 79/100, batch: 7/14, mean_loss: 0.0090
train >>> epoch: 79/100, batch: 8/14, mean_loss: 0.0090
train >>> epoch: 79/100, batch: 9/14, mean_loss: 0.0090
train >>> epoch: 79/100, batch: 10/14, mean_loss: 0.0090
train >>> epoch: 79/100, batch: 11/14, mean_loss: 0.0090
train >>> epoch: 79/100, batch: 12/14, mean_loss: 0.0090
train >>> epoch: 79/100, batch: 13/14, mean_loss: 0.0090
train >>> epoch: 79/100, batch: 14/14, mean_loss: 0.0090
valid >>> epoch: 79/100, mean_loss: 0.0090
criteria decreased from 0.0090 to 0.0090, saving best model at D:\Data\cs-8395-dl\model\2020-01-14-04-14-47\2020-01-14-04-14-47_hm_net_best.pt
train >>> epoch: 80/100, batch: 1/14, mean_loss: 0.0090
train >>> epoch: 80/100, batch: 2/14, mean_loss: 0.0090
train >>> epoch: 80/100, batch: 3/14, mean_loss: 0.0090
train >>> epoch: 80/100, batch: 4/14, mean_loss: 0.0090
train >>> epoch: 80/100, batch: 5/14, mean_loss: 0.0090
train >>> epoch: 80/100, batch: 6/14, mean_loss: 0.0090
train >>> epoch: 80/100, batch: 7/14, mean_loss: 0.0090
train >>> epoch: 80/100, batch: 8/14, mean_loss: 0.0090
train >>> epoch: 80/100, batch: 9/14, mean_loss: 0.0090
train >>> epoch: 80/100, batch: 10/14, mean_loss: 0.0090
train >>> epoch: 80/100, batch: 11/14, mean_loss: 0.0090
train >>> epoch: 80/100, batch: 12/14, mean_loss: 0.0090
train >>> epoch: 80/100, batch: 13/14, mean_loss: 0.0090
train >>> epoch: 80/100, batch: 14/14, mean_loss: 0.0090
valid >>> epoch: 80/100, mean_loss: 0.0091
train >>> epoch: 81/100, batch: 1/14, mean_loss: 0.0090
train >>> epoch: 81/100, batch: 2/14, mean_loss: 0.0090
train >>> epoch: 81/100, batch: 3/14, mean_loss: 0.0090
train >>> epoch: 81/100, batch: 4/14, mean_loss: 0.0090
train >>> epoch: 81/100, batch: 5/14, mean_loss: 0.0090
train >>> epoch: 81/100, batch: 6/14, mean_loss: 0.0090
train >>> epoch: 81/100, batch: 7/14, mean_loss: 0.0090
train >>> epoch: 81/100, batch: 8/14, mean_loss: 0.0090
train >>> epoch: 81/100, batch: 9/14, mean_loss: 0.0090
train >>> epoch: 81/100, batch: 10/14, mean_loss: 0.0090
train >>> epoch: 81/100, batch: 11/14, mean_loss: 0.0090
train >>> epoch: 81/100, batch: 12/14, mean_loss: 0.0090
train >>> epoch: 81/100, batch: 13/14, mean_loss: 0.0090
train >>> epoch: 81/100, batch: 14/14, mean_loss: 0.0090
valid >>> epoch: 81/100, mean_loss: 0.0091
train >>> epoch: 82/100, batch: 1/14, mean_loss: 0.0090
train >>> epoch: 82/100, batch: 2/14, mean_loss: 0.0090
train >>> epoch: 82/100, batch: 3/14, mean_loss: 0.0090
train >>> epoch: 82/100, batch: 4/14, mean_loss: 0.0090
train >>> epoch: 82/100, batch: 5/14, mean_loss: 0.0090
train >>> epoch: 82/100, batch: 6/14, mean_loss: 0.0090
train >>> epoch: 82/100, batch: 7/14, mean_loss: 0.0090
train >>> epoch: 82/100, batch: 8/14, mean_loss: 0.0090
train >>> epoch: 82/100, batch: 9/14, mean_loss: 0.0090
train >>> epoch: 82/100, batch: 10/14, mean_loss: 0.0090
train >>> epoch: 82/100, batch: 11/14, mean_loss: 0.0090
train >>> epoch: 82/100, batch: 12/14, mean_loss: 0.0090
train >>> epoch: 82/100, batch: 13/14, mean_loss: 0.0090
train >>> epoch: 82/100, batch: 14/14, mean_loss: 0.0091
valid >>> epoch: 82/100, mean_loss: 0.0090
train >>> epoch: 83/100, batch: 1/14, mean_loss: 0.0090
train >>> epoch: 83/100, batch: 2/14, mean_loss: 0.0090
train >>> epoch: 83/100, batch: 3/14, mean_loss: 0.0090
train >>> epoch: 83/100, batch: 4/14, mean_loss: 0.0090
train >>> epoch: 83/100, batch: 5/14, mean_loss: 0.0090
train >>> epoch: 83/100, batch: 6/14, mean_loss: 0.0090
train >>> epoch: 83/100, batch: 7/14, mean_loss: 0.0090
train >>> epoch: 83/100, batch: 8/14, mean_loss: 0.0090
train >>> epoch: 83/100, batch: 9/14, mean_loss: 0.0090
train >>> epoch: 83/100, batch: 10/14, mean_loss: 0.0090
train >>> epoch: 83/100, batch: 11/14, mean_loss: 0.0090
train >>> epoch: 83/100, batch: 12/14, mean_loss: 0.0090
train >>> epoch: 83/100, batch: 13/14, mean_loss: 0.0090
train >>> epoch: 83/100, batch: 14/14, mean_loss: 0.0090
valid >>> epoch: 83/100, mean_loss: 0.0091
train >>> epoch: 84/100, batch: 1/14, mean_loss: 0.0090
train >>> epoch: 84/100, batch: 2/14, mean_loss: 0.0090
train >>> epoch: 84/100, batch: 3/14, mean_loss: 0.0090
train >>> epoch: 84/100, batch: 4/14, mean_loss: 0.0090
train >>> epoch: 84/100, batch: 5/14, mean_loss: 0.0090
train >>> epoch: 84/100, batch: 6/14, mean_loss: 0.0090
train >>> epoch: 84/100, batch: 7/14, mean_loss: 0.0090
train >>> epoch: 84/100, batch: 8/14, mean_loss: 0.0090
train >>> epoch: 84/100, batch: 9/14, mean_loss: 0.0090
train >>> epoch: 84/100, batch: 10/14, mean_loss: 0.0090
train >>> epoch: 84/100, batch: 11/14, mean_loss: 0.0090
train >>> epoch: 84/100, batch: 12/14, mean_loss: 0.0090
train >>> epoch: 84/100, batch: 13/14, mean_loss: 0.0090
train >>> epoch: 84/100, batch: 14/14, mean_loss: 0.0090
valid >>> epoch: 84/100, mean_loss: 0.0091
train >>> epoch: 85/100, batch: 1/14, mean_loss: 0.0090
train >>> epoch: 85/100, batch: 2/14, mean_loss: 0.0090
train >>> epoch: 85/100, batch: 3/14, mean_loss: 0.0090
train >>> epoch: 85/100, batch: 4/14, mean_loss: 0.0090
train >>> epoch: 85/100, batch: 5/14, mean_loss: 0.0090
train >>> epoch: 85/100, batch: 6/14, mean_loss: 0.0090
train >>> epoch: 85/100, batch: 7/14, mean_loss: 0.0090
train >>> epoch: 85/100, batch: 8/14, mean_loss: 0.0090
train >>> epoch: 85/100, batch: 9/14, mean_loss: 0.0090
train >>> epoch: 85/100, batch: 10/14, mean_loss: 0.0090
train >>> epoch: 85/100, batch: 11/14, mean_loss: 0.0090
train >>> epoch: 85/100, batch: 12/14, mean_loss: 0.0090
train >>> epoch: 85/100, batch: 13/14, mean_loss: 0.0090
train >>> epoch: 85/100, batch: 14/14, mean_loss: 0.0090
valid >>> epoch: 85/100, mean_loss: 0.0090
criteria decreased from 0.0090 to 0.0090, saving best model at D:\Data\cs-8395-dl\model\2020-01-14-04-14-47\2020-01-14-04-14-47_hm_net_best.pt
train >>> epoch: 86/100, batch: 1/14, mean_loss: 0.0090
train >>> epoch: 86/100, batch: 2/14, mean_loss: 0.0090
train >>> epoch: 86/100, batch: 3/14, mean_loss: 0.0090
train >>> epoch: 86/100, batch: 4/14, mean_loss: 0.0090
train >>> epoch: 86/100, batch: 5/14, mean_loss: 0.0090
train >>> epoch: 86/100, batch: 6/14, mean_loss: 0.0090
train >>> epoch: 86/100, batch: 7/14, mean_loss: 0.0090
train >>> epoch: 86/100, batch: 8/14, mean_loss: 0.0090
train >>> epoch: 86/100, batch: 9/14, mean_loss: 0.0090
train >>> epoch: 86/100, batch: 10/14, mean_loss: 0.0090
train >>> epoch: 86/100, batch: 11/14, mean_loss: 0.0090
train >>> epoch: 86/100, batch: 12/14, mean_loss: 0.0090
train >>> epoch: 86/100, batch: 13/14, mean_loss: 0.0090
train >>> epoch: 86/100, batch: 14/14, mean_loss: 0.0090
valid >>> epoch: 86/100, mean_loss: 0.0090
train >>> epoch: 87/100, batch: 1/14, mean_loss: 0.0090
train >>> epoch: 87/100, batch: 2/14, mean_loss: 0.0090
train >>> epoch: 87/100, batch: 3/14, mean_loss: 0.0090
train >>> epoch: 87/100, batch: 4/14, mean_loss: 0.0090
train >>> epoch: 87/100, batch: 5/14, mean_loss: 0.0090
train >>> epoch: 87/100, batch: 6/14, mean_loss: 0.0090
train >>> epoch: 87/100, batch: 7/14, mean_loss: 0.0090
train >>> epoch: 87/100, batch: 8/14, mean_loss: 0.0090
train >>> epoch: 87/100, batch: 9/14, mean_loss: 0.0090
train >>> epoch: 87/100, batch: 10/14, mean_loss: 0.0090
train >>> epoch: 87/100, batch: 11/14, mean_loss: 0.0090
train >>> epoch: 87/100, batch: 12/14, mean_loss: 0.0090
train >>> epoch: 87/100, batch: 13/14, mean_loss: 0.0090
train >>> epoch: 87/100, batch: 14/14, mean_loss: 0.0090
valid >>> epoch: 87/100, mean_loss: 0.0090
train >>> epoch: 88/100, batch: 1/14, mean_loss: 0.0090
train >>> epoch: 88/100, batch: 2/14, mean_loss: 0.0090
train >>> epoch: 88/100, batch: 3/14, mean_loss: 0.0090
train >>> epoch: 88/100, batch: 4/14, mean_loss: 0.0090
train >>> epoch: 88/100, batch: 5/14, mean_loss: 0.0090
train >>> epoch: 88/100, batch: 6/14, mean_loss: 0.0090
train >>> epoch: 88/100, batch: 7/14, mean_loss: 0.0090
train >>> epoch: 88/100, batch: 8/14, mean_loss: 0.0090
train >>> epoch: 88/100, batch: 9/14, mean_loss: 0.0090
train >>> epoch: 88/100, batch: 10/14, mean_loss: 0.0090
train >>> epoch: 88/100, batch: 11/14, mean_loss: 0.0090
train >>> epoch: 88/100, batch: 12/14, mean_loss: 0.0090
train >>> epoch: 88/100, batch: 13/14, mean_loss: 0.0090
train >>> epoch: 88/100, batch: 14/14, mean_loss: 0.0090
valid >>> epoch: 88/100, mean_loss: 0.0090
train >>> epoch: 89/100, batch: 1/14, mean_loss: 0.0090
train >>> epoch: 89/100, batch: 2/14, mean_loss: 0.0090
train >>> epoch: 89/100, batch: 3/14, mean_loss: 0.0090
train >>> epoch: 89/100, batch: 4/14, mean_loss: 0.0090
train >>> epoch: 89/100, batch: 5/14, mean_loss: 0.0090
train >>> epoch: 89/100, batch: 6/14, mean_loss: 0.0090
train >>> epoch: 89/100, batch: 7/14, mean_loss: 0.0090
train >>> epoch: 89/100, batch: 8/14, mean_loss: 0.0090
train >>> epoch: 89/100, batch: 9/14, mean_loss: 0.0090
train >>> epoch: 89/100, batch: 10/14, mean_loss: 0.0090
train >>> epoch: 89/100, batch: 11/14, mean_loss: 0.0090
train >>> epoch: 89/100, batch: 12/14, mean_loss: 0.0090
train >>> epoch: 89/100, batch: 13/14, mean_loss: 0.0090
train >>> epoch: 89/100, batch: 14/14, mean_loss: 0.0090
valid >>> epoch: 89/100, mean_loss: 0.0090
train >>> epoch: 90/100, batch: 1/14, mean_loss: 0.0090
train >>> epoch: 90/100, batch: 2/14, mean_loss: 0.0090
train >>> epoch: 90/100, batch: 3/14, mean_loss: 0.0090
train >>> epoch: 90/100, batch: 4/14, mean_loss: 0.0090
train >>> epoch: 90/100, batch: 5/14, mean_loss: 0.0090
train >>> epoch: 90/100, batch: 6/14, mean_loss: 0.0090
train >>> epoch: 90/100, batch: 7/14, mean_loss: 0.0090
train >>> epoch: 90/100, batch: 8/14, mean_loss: 0.0090
train >>> epoch: 90/100, batch: 9/14, mean_loss: 0.0090
train >>> epoch: 90/100, batch: 10/14, mean_loss: 0.0090
train >>> epoch: 90/100, batch: 11/14, mean_loss: 0.0090
train >>> epoch: 90/100, batch: 12/14, mean_loss: 0.0090
train >>> epoch: 90/100, batch: 13/14, mean_loss: 0.0090
train >>> epoch: 90/100, batch: 14/14, mean_loss: 0.0090
valid >>> epoch: 90/100, mean_loss: 0.0090
train >>> epoch: 91/100, batch: 1/14, mean_loss: 0.0090
train >>> epoch: 91/100, batch: 2/14, mean_loss: 0.0090
train >>> epoch: 91/100, batch: 3/14, mean_loss: 0.0090
train >>> epoch: 91/100, batch: 4/14, mean_loss: 0.0090
train >>> epoch: 91/100, batch: 5/14, mean_loss: 0.0090
train >>> epoch: 91/100, batch: 6/14, mean_loss: 0.0090
train >>> epoch: 91/100, batch: 7/14, mean_loss: 0.0090
train >>> epoch: 91/100, batch: 8/14, mean_loss: 0.0090
train >>> epoch: 91/100, batch: 9/14, mean_loss: 0.0090
train >>> epoch: 91/100, batch: 10/14, mean_loss: 0.0090
train >>> epoch: 91/100, batch: 11/14, mean_loss: 0.0090
train >>> epoch: 91/100, batch: 12/14, mean_loss: 0.0090
train >>> epoch: 91/100, batch: 13/14, mean_loss: 0.0090
train >>> epoch: 91/100, batch: 14/14, mean_loss: 0.0090
valid >>> epoch: 91/100, mean_loss: 0.0090
train >>> epoch: 92/100, batch: 1/14, mean_loss: 0.0090
train >>> epoch: 92/100, batch: 2/14, mean_loss: 0.0090
train >>> epoch: 92/100, batch: 3/14, mean_loss: 0.0090
train >>> epoch: 92/100, batch: 4/14, mean_loss: 0.0090
train >>> epoch: 92/100, batch: 5/14, mean_loss: 0.0090
train >>> epoch: 92/100, batch: 6/14, mean_loss: 0.0090
train >>> epoch: 92/100, batch: 7/14, mean_loss: 0.0090
train >>> epoch: 92/100, batch: 8/14, mean_loss: 0.0090
train >>> epoch: 92/100, batch: 9/14, mean_loss: 0.0090
train >>> epoch: 92/100, batch: 10/14, mean_loss: 0.0090
train >>> epoch: 92/100, batch: 11/14, mean_loss: 0.0090
train >>> epoch: 92/100, batch: 12/14, mean_loss: 0.0090
train >>> epoch: 92/100, batch: 13/14, mean_loss: 0.0090
train >>> epoch: 92/100, batch: 14/14, mean_loss: 0.0090
valid >>> epoch: 92/100, mean_loss: 0.0090
train >>> epoch: 93/100, batch: 1/14, mean_loss: 0.0090
train >>> epoch: 93/100, batch: 2/14, mean_loss: 0.0090
train >>> epoch: 93/100, batch: 3/14, mean_loss: 0.0090
train >>> epoch: 93/100, batch: 4/14, mean_loss: 0.0090
train >>> epoch: 93/100, batch: 5/14, mean_loss: 0.0090
train >>> epoch: 93/100, batch: 6/14, mean_loss: 0.0090
train >>> epoch: 93/100, batch: 7/14, mean_loss: 0.0090
train >>> epoch: 93/100, batch: 8/14, mean_loss: 0.0090
train >>> epoch: 93/100, batch: 9/14, mean_loss: 0.0090
train >>> epoch: 93/100, batch: 10/14, mean_loss: 0.0090
train >>> epoch: 93/100, batch: 11/14, mean_loss: 0.0090
train >>> epoch: 93/100, batch: 12/14, mean_loss: 0.0090
train >>> epoch: 93/100, batch: 13/14, mean_loss: 0.0090
train >>> epoch: 93/100, batch: 14/14, mean_loss: 0.0090
valid >>> epoch: 93/100, mean_loss: 0.0090
train >>> epoch: 94/100, batch: 1/14, mean_loss: 0.0090
train >>> epoch: 94/100, batch: 2/14, mean_loss: 0.0090
train >>> epoch: 94/100, batch: 3/14, mean_loss: 0.0090
train >>> epoch: 94/100, batch: 4/14, mean_loss: 0.0090
train >>> epoch: 94/100, batch: 5/14, mean_loss: 0.0090
train >>> epoch: 94/100, batch: 6/14, mean_loss: 0.0090
train >>> epoch: 94/100, batch: 7/14, mean_loss: 0.0090
train >>> epoch: 94/100, batch: 8/14, mean_loss: 0.0090
train >>> epoch: 94/100, batch: 9/14, mean_loss: 0.0090
train >>> epoch: 94/100, batch: 10/14, mean_loss: 0.0090
train >>> epoch: 94/100, batch: 11/14, mean_loss: 0.0090
train >>> epoch: 94/100, batch: 12/14, mean_loss: 0.0090
train >>> epoch: 94/100, batch: 13/14, mean_loss: 0.0090
train >>> epoch: 94/100, batch: 14/14, mean_loss: 0.0090
valid >>> epoch: 94/100, mean_loss: 0.0090
train >>> epoch: 95/100, batch: 1/14, mean_loss: 0.0090
train >>> epoch: 95/100, batch: 2/14, mean_loss: 0.0090
train >>> epoch: 95/100, batch: 3/14, mean_loss: 0.0090
train >>> epoch: 95/100, batch: 4/14, mean_loss: 0.0090
train >>> epoch: 95/100, batch: 5/14, mean_loss: 0.0090
train >>> epoch: 95/100, batch: 6/14, mean_loss: 0.0090
train >>> epoch: 95/100, batch: 7/14, mean_loss: 0.0090
train >>> epoch: 95/100, batch: 8/14, mean_loss: 0.0090
train >>> epoch: 95/100, batch: 9/14, mean_loss: 0.0090
train >>> epoch: 95/100, batch: 10/14, mean_loss: 0.0090
train >>> epoch: 95/100, batch: 11/14, mean_loss: 0.0090
train >>> epoch: 95/100, batch: 12/14, mean_loss: 0.0090
train >>> epoch: 95/100, batch: 13/14, mean_loss: 0.0090
train >>> epoch: 95/100, batch: 14/14, mean_loss: 0.0090
valid >>> epoch: 95/100, mean_loss: 0.0090
train >>> epoch: 96/100, batch: 1/14, mean_loss: 0.0090
train >>> epoch: 96/100, batch: 2/14, mean_loss: 0.0090
train >>> epoch: 96/100, batch: 3/14, mean_loss: 0.0090
train >>> epoch: 96/100, batch: 4/14, mean_loss: 0.0090
train >>> epoch: 96/100, batch: 5/14, mean_loss: 0.0090
train >>> epoch: 96/100, batch: 6/14, mean_loss: 0.0090
train >>> epoch: 96/100, batch: 7/14, mean_loss: 0.0090
train >>> epoch: 96/100, batch: 8/14, mean_loss: 0.0090
train >>> epoch: 96/100, batch: 9/14, mean_loss: 0.0090
train >>> epoch: 96/100, batch: 10/14, mean_loss: 0.0090
train >>> epoch: 96/100, batch: 11/14, mean_loss: 0.0090
train >>> epoch: 96/100, batch: 12/14, mean_loss: 0.0090
train >>> epoch: 96/100, batch: 13/14, mean_loss: 0.0090
train >>> epoch: 96/100, batch: 14/14, mean_loss: 0.0090
valid >>> epoch: 96/100, mean_loss: 0.0090
train >>> epoch: 97/100, batch: 1/14, mean_loss: 0.0090
train >>> epoch: 97/100, batch: 2/14, mean_loss: 0.0090
train >>> epoch: 97/100, batch: 3/14, mean_loss: 0.0090
train >>> epoch: 97/100, batch: 4/14, mean_loss: 0.0090
train >>> epoch: 97/100, batch: 5/14, mean_loss: 0.0090
train >>> epoch: 97/100, batch: 6/14, mean_loss: 0.0090
train >>> epoch: 97/100, batch: 7/14, mean_loss: 0.0090
train >>> epoch: 97/100, batch: 8/14, mean_loss: 0.0090
train >>> epoch: 97/100, batch: 9/14, mean_loss: 0.0090
train >>> epoch: 97/100, batch: 10/14, mean_loss: 0.0090
train >>> epoch: 97/100, batch: 11/14, mean_loss: 0.0090
train >>> epoch: 97/100, batch: 12/14, mean_loss: 0.0090
train >>> epoch: 97/100, batch: 13/14, mean_loss: 0.0090
train >>> epoch: 97/100, batch: 14/14, mean_loss: 0.0090
valid >>> epoch: 97/100, mean_loss: 0.0090
train >>> epoch: 98/100, batch: 1/14, mean_loss: 0.0090
train >>> epoch: 98/100, batch: 2/14, mean_loss: 0.0090
train >>> epoch: 98/100, batch: 3/14, mean_loss: 0.0090
train >>> epoch: 98/100, batch: 4/14, mean_loss: 0.0090
train >>> epoch: 98/100, batch: 5/14, mean_loss: 0.0090
train >>> epoch: 98/100, batch: 6/14, mean_loss: 0.0090
train >>> epoch: 98/100, batch: 7/14, mean_loss: 0.0090
train >>> epoch: 98/100, batch: 8/14, mean_loss: 0.0090
train >>> epoch: 98/100, batch: 9/14, mean_loss: 0.0090
train >>> epoch: 98/100, batch: 10/14, mean_loss: 0.0090
train >>> epoch: 98/100, batch: 11/14, mean_loss: 0.0090
train >>> epoch: 98/100, batch: 12/14, mean_loss: 0.0090
train >>> epoch: 98/100, batch: 13/14, mean_loss: 0.0090
train >>> epoch: 98/100, batch: 14/14, mean_loss: 0.0090
valid >>> epoch: 98/100, mean_loss: 0.0090
train >>> epoch: 99/100, batch: 1/14, mean_loss: 0.0090
train >>> epoch: 99/100, batch: 2/14, mean_loss: 0.0090
train >>> epoch: 99/100, batch: 3/14, mean_loss: 0.0090
train >>> epoch: 99/100, batch: 4/14, mean_loss: 0.0090
train >>> epoch: 99/100, batch: 5/14, mean_loss: 0.0090
train >>> epoch: 99/100, batch: 6/14, mean_loss: 0.0090
train >>> epoch: 99/100, batch: 7/14, mean_loss: 0.0090
train >>> epoch: 99/100, batch: 8/14, mean_loss: 0.0090
train >>> epoch: 99/100, batch: 9/14, mean_loss: 0.0090
train >>> epoch: 99/100, batch: 10/14, mean_loss: 0.0090
train >>> epoch: 99/100, batch: 11/14, mean_loss: 0.0090
train >>> epoch: 99/100, batch: 12/14, mean_loss: 0.0090
train >>> epoch: 99/100, batch: 13/14, mean_loss: 0.0090
train >>> epoch: 99/100, batch: 14/14, mean_loss: 0.0090
valid >>> epoch: 99/100, mean_loss: 0.0089
criteria decreased from 0.0090 to 0.0089, saving best model at D:\Data\cs-8395-dl\model\2020-01-14-04-14-47\2020-01-14-04-14-47_hm_net_best.pt
train >>> epoch: 100/100, batch: 1/14, mean_loss: 0.0090
train >>> epoch: 100/100, batch: 2/14, mean_loss: 0.0090
train >>> epoch: 100/100, batch: 3/14, mean_loss: 0.0090
train >>> epoch: 100/100, batch: 4/14, mean_loss: 0.0090
train >>> epoch: 100/100, batch: 5/14, mean_loss: 0.0090
train >>> epoch: 100/100, batch: 6/14, mean_loss: 0.0090
train >>> epoch: 100/100, batch: 7/14, mean_loss: 0.0090
train >>> epoch: 100/100, batch: 8/14, mean_loss: 0.0090
train >>> epoch: 100/100, batch: 9/14, mean_loss: 0.0090
train >>> epoch: 100/100, batch: 10/14, mean_loss: 0.0090
train >>> epoch: 100/100, batch: 11/14, mean_loss: 0.0090
train >>> epoch: 100/100, batch: 12/14, mean_loss: 0.0090
train >>> epoch: 100/100, batch: 13/14, mean_loss: 0.0090
train >>> epoch: 100/100, batch: 14/14, mean_loss: 0.0090
valid >>> epoch: 100/100, mean_loss: 0.0091
2020-01-14-04-14-47
