2020-01-14-19-36-03
train_hm.py
--------------------------------------------------------------------------------------------------------------------
agg: sum
alpha: 2.0
batchSize: 16
beta: 4
bottleneckFeatures: 0
dir_lf: D:\Data\cs-8395-dl
dir_project: C:\Users\Reasat\Projects\cs-8395-dl\Assignment_1_detection
encoder: unet-vgg11
epoch: 200
folderData: assignment1_data
lr: 0.001
resume_from: None
--------------------------------------------------------------------------------------------------------------------
creating directory to save model at D:\Data\cs-8395-dl\model\2020-01-14-19-36-03
loading images to RAM
train samples 105
loading images to RAM
validation samples 10
using pretrained (ImageNet) vgg11 as encoder
UNet11(
  (pool): MaxPool2d(kernel_size=2, stride=2, padding=0, dilation=1, ceil_mode=False)
  (encoder): Sequential(
    (0): Conv2d(3, 64, kernel_size=(3, 3), stride=(1, 1), padding=(1, 1))
    (1): ReLU(inplace)
    (2): MaxPool2d(kernel_size=2, stride=2, padding=0, dilation=1, ceil_mode=False)
    (3): Conv2d(64, 128, kernel_size=(3, 3), stride=(1, 1), padding=(1, 1))
    (4): ReLU(inplace)
    (5): MaxPool2d(kernel_size=2, stride=2, padding=0, dilation=1, ceil_mode=False)
    (6): Conv2d(128, 256, kernel_size=(3, 3), stride=(1, 1), padding=(1, 1))
    (7): ReLU(inplace)
    (8): Conv2d(256, 256, kernel_size=(3, 3), stride=(1, 1), padding=(1, 1))
    (9): ReLU(inplace)
    (10): MaxPool2d(kernel_size=2, stride=2, padding=0, dilation=1, ceil_mode=False)
    (11): Conv2d(256, 512, kernel_size=(3, 3), stride=(1, 1), padding=(1, 1))
    (12): ReLU(inplace)
    (13): Conv2d(512, 512, kernel_size=(3, 3), stride=(1, 1), padding=(1, 1))
    (14): ReLU(inplace)
    (15): MaxPool2d(kernel_size=2, stride=2, padding=0, dilation=1, ceil_mode=False)
    (16): Conv2d(512, 512, kernel_size=(3, 3), stride=(1, 1), padding=(1, 1))
    (17): ReLU(inplace)
    (18): Conv2d(512, 512, kernel_size=(3, 3), stride=(1, 1), padding=(1, 1))
    (19): ReLU(inplace)
    (20): MaxPool2d(kernel_size=2, stride=2, padding=0, dilation=1, ceil_mode=False)
  )
  (relu): ReLU(inplace)
  (conv1): Conv2d(3, 64, kernel_size=(3, 3), stride=(1, 1), padding=(1, 1))
  (conv2): Conv2d(64, 128, kernel_size=(3, 3), stride=(1, 1), padding=(1, 1))
  (conv3s): Conv2d(128, 256, kernel_size=(3, 3), stride=(1, 1), padding=(1, 1))
  (conv3): Conv2d(256, 256, kernel_size=(3, 3), stride=(1, 1), padding=(1, 1))
  (conv4s): Conv2d(256, 512, kernel_size=(3, 3), stride=(1, 1), padding=(1, 1))
  (conv4): Conv2d(512, 512, kernel_size=(3, 3), stride=(1, 1), padding=(1, 1))
  (conv5s): Conv2d(512, 512, kernel_size=(3, 3), stride=(1, 1), padding=(1, 1))
  (conv5): Conv2d(512, 512, kernel_size=(3, 3), stride=(1, 1), padding=(1, 1))
  (center): DecoderBlock(
    (block): Sequential(
      (0): ConvRelu(
        (conv): Conv2d(512, 512, kernel_size=(3, 3), stride=(1, 1), padding=(1, 1))
        (activation): ReLU(inplace)
      )
      (1): ConvTranspose2d(512, 256, kernel_size=(3, 3), stride=(2, 2), padding=(1, 1), output_padding=(1, 1))
      (2): ReLU(inplace)
    )
  )
  (dec5): DecoderBlock(
    (block): Sequential(
      (0): ConvRelu(
        (conv): Conv2d(768, 512, kernel_size=(3, 3), stride=(1, 1), padding=(1, 1))
        (activation): ReLU(inplace)
      )
      (1): ConvTranspose2d(512, 256, kernel_size=(3, 3), stride=(2, 2), padding=(1, 1), output_padding=(1, 1))
      (2): ReLU(inplace)
    )
  )
  (dec4): DecoderBlock(
    (block): Sequential(
      (0): ConvRelu(
        (conv): Conv2d(768, 512, kernel_size=(3, 3), stride=(1, 1), padding=(1, 1))
        (activation): ReLU(inplace)
      )
      (1): ConvTranspose2d(512, 128, kernel_size=(3, 3), stride=(2, 2), padding=(1, 1), output_padding=(1, 1))
      (2): ReLU(inplace)
    )
  )
  (dec3): DecoderBlock(
    (block): Sequential(
      (0): ConvRelu(
        (conv): Conv2d(384, 256, kernel_size=(3, 3), stride=(1, 1), padding=(1, 1))
        (activation): ReLU(inplace)
      )
      (1): ConvTranspose2d(256, 64, kernel_size=(3, 3), stride=(2, 2), padding=(1, 1), output_padding=(1, 1))
      (2): ReLU(inplace)
    )
  )
  (dec2): DecoderBlock(
    (block): Sequential(
      (0): ConvRelu(
        (conv): Conv2d(192, 128, kernel_size=(3, 3), stride=(1, 1), padding=(1, 1))
        (activation): ReLU(inplace)
      )
      (1): ConvTranspose2d(128, 32, kernel_size=(3, 3), stride=(2, 2), padding=(1, 1), output_padding=(1, 1))
      (2): ReLU(inplace)
    )
  )
  (dec1): ConvRelu(
    (conv): Conv2d(96, 32, kernel_size=(3, 3), stride=(1, 1), padding=(1, 1))
    (activation): ReLU(inplace)
  )
  (final): Conv2d(32, 1, kernel_size=(1, 1), stride=(1, 1))
)
train >>> epoch: 1/200, batch: 1/7, mean_loss: 3027021.7493
train >>> epoch: 1/200, batch: 2/7, mean_loss: 2214268.9510
train >>> epoch: 1/200, batch: 3/7, mean_loss: 1479044.1936
train >>> epoch: 1/200, batch: 4/7, mean_loss: 1111714.6751
train >>> epoch: 1/200, batch: 5/7, mean_loss: 891081.1792
train >>> epoch: 1/200, batch: 6/7, mean_loss: 743893.9384
train >>> epoch: 1/200, batch: 7/7, mean_loss: 638097.0504
valid >>> epoch: 1/200, mean_loss: 0.0004
criteria decreased from inf to 0.0004, saving best model at D:\Data\cs-8395-dl\model\2020-01-14-19-36-03\2020-01-14-19-36-03_unet-vgg11_best.pt
train >>> epoch: 2/200, batch: 1/7, mean_loss: 7663.0032
train >>> epoch: 2/200, batch: 2/7, mean_loss: 8841.9268
train >>> epoch: 2/200, batch: 3/7, mean_loss: 8940.1704
train >>> epoch: 2/200, batch: 4/7, mean_loss: 8915.6095
train >>> epoch: 2/200, batch: 5/7, mean_loss: 9313.4962
train >>> epoch: 2/200, batch: 6/7, mean_loss: 9234.9013
train >>> epoch: 2/200, batch: 7/7, mean_loss: 8318.2531
valid >>> epoch: 2/200, mean_loss: 0.0004
train >>> epoch: 3/200, batch: 1/7, mean_loss: 9431.3885
train >>> epoch: 3/200, batch: 2/7, mean_loss: 9136.6576
train >>> epoch: 3/200, batch: 3/7, mean_loss: 9431.3885
train >>> epoch: 3/200, batch: 4/7, mean_loss: 9284.0231
train >>> epoch: 3/200, batch: 5/7, mean_loss: 9431.3885
train >>> epoch: 3/200, batch: 6/7, mean_loss: 9136.6576
train >>> epoch: 3/200, batch: 7/7, mean_loss: 8281.4118
valid >>> epoch: 3/200, mean_loss: 0.0004
train >>> epoch: 4/200, batch: 1/7, mean_loss: 7663.0032
train >>> epoch: 4/200, batch: 2/7, mean_loss: 8694.5613
train >>> epoch: 4/200, batch: 3/7, mean_loss: 8547.1959
train >>> epoch: 4/200, batch: 4/7, mean_loss: 8915.6095
train >>> epoch: 4/200, batch: 5/7, mean_loss: 9136.6576
train >>> epoch: 4/200, batch: 6/7, mean_loss: 9284.0231
train >>> epoch: 4/200, batch: 7/7, mean_loss: 8336.6738
valid >>> epoch: 4/200, mean_loss: 0.0004
train >>> epoch: 5/200, batch: 1/7, mean_loss: 10905.0430
train >>> epoch: 5/200, batch: 2/7, mean_loss: 9431.3885
train >>> epoch: 5/200, batch: 3/7, mean_loss: 9922.6067
train >>> epoch: 5/200, batch: 4/7, mean_loss: 9505.0713
train >>> epoch: 5/200, batch: 5/7, mean_loss: 9313.4962
train >>> epoch: 5/200, batch: 6/7, mean_loss: 9480.5104
train >>> epoch: 5/200, batch: 7/7, mean_loss: 8410.3565
valid >>> epoch: 5/200, mean_loss: 0.0004
train >>> epoch: 6/200, batch: 1/7, mean_loss: 7957.7341
train >>> epoch: 6/200, batch: 2/7, mean_loss: 10020.8503
train >>> epoch: 6/200, batch: 3/7, mean_loss: 9529.6322
train >>> epoch: 6/200, batch: 4/7, mean_loss: 9726.1194
train >>> epoch: 6/200, batch: 5/7, mean_loss: 9372.4424
train >>> epoch: 6/200, batch: 6/7, mean_loss: 9333.1449
train >>> epoch: 6/200, batch: 7/7, mean_loss: 8355.0945
valid >>> epoch: 6/200, mean_loss: 0.0004
train >>> epoch: 7/200, batch: 1/7, mean_loss: 7663.0032
train >>> epoch: 7/200, batch: 2/7, mean_loss: 8989.2922
train >>> epoch: 7/200, batch: 3/7, mean_loss: 9333.1449
train >>> epoch: 7/200, batch: 4/7, mean_loss: 9210.3404
train >>> epoch: 7/200, batch: 5/7, mean_loss: 9254.5500
train >>> epoch: 7/200, batch: 6/7, mean_loss: 9333.1449
train >>> epoch: 7/200, batch: 7/7, mean_loss: 8355.0945
valid >>> epoch: 7/200, mean_loss: 0.0004
train >>> epoch: 8/200, batch: 1/7, mean_loss: 10610.3121
train >>> epoch: 8/200, batch: 2/7, mean_loss: 10610.3121
train >>> epoch: 8/200, batch: 3/7, mean_loss: 9922.6067
train >>> epoch: 8/200, batch: 4/7, mean_loss: 9799.8022
train >>> epoch: 8/200, batch: 5/7, mean_loss: 9667.1733
train >>> epoch: 8/200, batch: 6/7, mean_loss: 8989.2922
train >>> epoch: 8/200, batch: 7/7, mean_loss: 8226.1497
valid >>> epoch: 8/200, mean_loss: 0.0004
train >>> epoch: 9/200, batch: 1/7, mean_loss: 9136.6576
train >>> epoch: 9/200, batch: 2/7, mean_loss: 9726.1194
train >>> epoch: 9/200, batch: 3/7, mean_loss: 9529.6322
train >>> epoch: 9/200, batch: 4/7, mean_loss: 9210.3404
train >>> epoch: 9/200, batch: 5/7, mean_loss: 9077.7115
train >>> epoch: 9/200, batch: 6/7, mean_loss: 9136.6576
train >>> epoch: 9/200, batch: 7/7, mean_loss: 8281.4118
valid >>> epoch: 9/200, mean_loss: 0.0004
train >>> epoch: 10/200, batch: 1/7, mean_loss: 9726.1194
train >>> epoch: 10/200, batch: 2/7, mean_loss: 9726.1194
train >>> epoch: 10/200, batch: 3/7, mean_loss: 9726.1194
train >>> epoch: 10/200, batch: 4/7, mean_loss: 9505.0713
train >>> epoch: 10/200, batch: 5/7, mean_loss: 9195.6038
train >>> epoch: 10/200, batch: 6/7, mean_loss: 9087.5358
train >>> epoch: 10/200, batch: 7/7, mean_loss: 8262.9911
valid >>> epoch: 10/200, mean_loss: 0.0004
train >>> epoch: 11/200, batch: 1/7, mean_loss: 10905.0430
train >>> epoch: 11/200, batch: 2/7, mean_loss: 10315.5812
train >>> epoch: 11/200, batch: 3/7, mean_loss: 9431.3885
train >>> epoch: 11/200, batch: 4/7, mean_loss: 9799.8022
train >>> epoch: 11/200, batch: 5/7, mean_loss: 9431.3885
train >>> epoch: 11/200, batch: 6/7, mean_loss: 9185.7795
train >>> epoch: 11/200, batch: 7/7, mean_loss: 8299.8324
valid >>> epoch: 11/200, mean_loss: 0.0004
train >>> epoch: 12/200, batch: 1/7, mean_loss: 8547.1959
train >>> epoch: 12/200, batch: 2/7, mean_loss: 8841.9268
train >>> epoch: 12/200, batch: 3/7, mean_loss: 9136.6576
train >>> epoch: 12/200, batch: 4/7, mean_loss: 9357.7058
train >>> epoch: 12/200, batch: 5/7, mean_loss: 8900.8729
train >>> epoch: 12/200, batch: 6/7, mean_loss: 9087.5358
train >>> epoch: 12/200, batch: 7/7, mean_loss: 8262.9911
valid >>> epoch: 12/200, mean_loss: 0.0004
train >>> epoch: 13/200, batch: 1/7, mean_loss: 9136.6576
train >>> epoch: 13/200, batch: 2/7, mean_loss: 9431.3885
train >>> epoch: 13/200, batch: 3/7, mean_loss: 9529.6322
train >>> epoch: 13/200, batch: 4/7, mean_loss: 9284.0231
train >>> epoch: 13/200, batch: 5/7, mean_loss: 8959.8191
train >>> epoch: 13/200, batch: 6/7, mean_loss: 9382.2667
train >>> epoch: 13/200, batch: 7/7, mean_loss: 8373.5152
valid >>> epoch: 13/200, mean_loss: 0.0004
train >>> epoch: 14/200, batch: 1/7, mean_loss: 9136.6576
train >>> epoch: 14/200, batch: 2/7, mean_loss: 8694.5613
train >>> epoch: 14/200, batch: 3/7, mean_loss: 9431.3885
train >>> epoch: 14/200, batch: 4/7, mean_loss: 9136.6576
train >>> epoch: 14/200, batch: 5/7, mean_loss: 9195.6038
train >>> epoch: 14/200, batch: 6/7, mean_loss: 9087.5358
train >>> epoch: 14/200, batch: 7/7, mean_loss: 8262.9911
valid >>> epoch: 14/200, mean_loss: 0.0004
train >>> epoch: 15/200, batch: 1/7, mean_loss: 8841.9268
train >>> epoch: 15/200, batch: 2/7, mean_loss: 8694.5613
train >>> epoch: 15/200, batch: 3/7, mean_loss: 8743.6831
train >>> epoch: 15/200, batch: 4/7, mean_loss: 9284.0231
train >>> epoch: 15/200, batch: 5/7, mean_loss: 9372.4424
train >>> epoch: 15/200, batch: 6/7, mean_loss: 9382.2667
train >>> epoch: 15/200, batch: 7/7, mean_loss: 8373.5152
valid >>> epoch: 15/200, mean_loss: 0.0004
train >>> epoch: 16/200, batch: 1/7, mean_loss: 9431.3885
train >>> epoch: 16/200, batch: 2/7, mean_loss: 9284.0231
train >>> epoch: 16/200, batch: 3/7, mean_loss: 8743.6831
train >>> epoch: 16/200, batch: 4/7, mean_loss: 8915.6095
train >>> epoch: 16/200, batch: 5/7, mean_loss: 8900.8729
train >>> epoch: 16/200, batch: 6/7, mean_loss: 9185.7795
train >>> epoch: 16/200, batch: 7/7, mean_loss: 8299.8324
valid >>> epoch: 16/200, mean_loss: 0.0004
train >>> epoch: 17/200, batch: 1/7, mean_loss: 8841.9268
train >>> epoch: 17/200, batch: 2/7, mean_loss: 8989.2922
train >>> epoch: 17/200, batch: 3/7, mean_loss: 9234.9013
train >>> epoch: 17/200, batch: 4/7, mean_loss: 8915.6095
train >>> epoch: 17/200, batch: 5/7, mean_loss: 8429.3035
train >>> epoch: 17/200, batch: 6/7, mean_loss: 8940.1704
train >>> epoch: 17/200, batch: 7/7, mean_loss: 8207.7290
valid >>> epoch: 17/200, mean_loss: 0.0004
train >>> epoch: 18/200, batch: 1/7, mean_loss: 8252.4650
train >>> epoch: 18/200, batch: 2/7, mean_loss: 8105.0995
train >>> epoch: 18/200, batch: 3/7, mean_loss: 8645.4395
train >>> epoch: 18/200, batch: 4/7, mean_loss: 9210.3404
train >>> epoch: 18/200, batch: 5/7, mean_loss: 9254.5500
train >>> epoch: 18/200, batch: 6/7, mean_loss: 9038.4140
train >>> epoch: 18/200, batch: 7/7, mean_loss: 8244.5704
valid >>> epoch: 18/200, mean_loss: 0.0004
train >>> epoch: 19/200, batch: 1/7, mean_loss: 10610.3121
train >>> epoch: 19/200, batch: 2/7, mean_loss: 10462.9467
train >>> epoch: 19/200, batch: 3/7, mean_loss: 9824.3631
train >>> epoch: 19/200, batch: 4/7, mean_loss: 9357.7058
train >>> epoch: 19/200, batch: 5/7, mean_loss: 9195.6038
train >>> epoch: 19/200, batch: 6/7, mean_loss: 9234.9013
train >>> epoch: 19/200, batch: 7/7, mean_loss: 8318.2531
valid >>> epoch: 19/200, mean_loss: 0.0004
train >>> epoch: 20/200, batch: 1/7, mean_loss: 10610.3121
train >>> epoch: 20/200, batch: 2/7, mean_loss: 9578.7540
train >>> epoch: 20/200, batch: 3/7, mean_loss: 9529.6322
train >>> epoch: 20/200, batch: 4/7, mean_loss: 9652.4367
train >>> epoch: 20/200, batch: 5/7, mean_loss: 9313.4962
train >>> epoch: 20/200, batch: 6/7, mean_loss: 9382.2667
train >>> epoch: 20/200, batch: 7/7, mean_loss: 8373.5152
valid >>> epoch: 20/200, mean_loss: 0.0004
train >>> epoch: 21/200, batch: 1/7, mean_loss: 7957.7341
train >>> epoch: 21/200, batch: 2/7, mean_loss: 8399.8304
train >>> epoch: 21/200, batch: 3/7, mean_loss: 8350.7086
train >>> epoch: 21/200, batch: 4/7, mean_loss: 9062.9749
train >>> epoch: 21/200, batch: 5/7, mean_loss: 9372.4424
train >>> epoch: 21/200, batch: 6/7, mean_loss: 9087.5358
train >>> epoch: 21/200, batch: 7/7, mean_loss: 8262.9911
valid >>> epoch: 21/200, mean_loss: 0.0004
train >>> epoch: 22/200, batch: 1/7, mean_loss: 8252.4650
train >>> epoch: 22/200, batch: 2/7, mean_loss: 8105.0995
train >>> epoch: 22/200, batch: 3/7, mean_loss: 9431.3885
train >>> epoch: 22/200, batch: 4/7, mean_loss: 9136.6576
train >>> epoch: 22/200, batch: 5/7, mean_loss: 9136.6576
train >>> epoch: 22/200, batch: 6/7, mean_loss: 9038.4140
train >>> epoch: 22/200, batch: 7/7, mean_loss: 8244.5704
valid >>> epoch: 22/200, mean_loss: 0.0004
train >>> epoch: 23/200, batch: 1/7, mean_loss: 7957.7341
train >>> epoch: 23/200, batch: 2/7, mean_loss: 9136.6576
train >>> epoch: 23/200, batch: 3/7, mean_loss: 8940.1704
train >>> epoch: 23/200, batch: 4/7, mean_loss: 9284.0231
train >>> epoch: 23/200, batch: 5/7, mean_loss: 9313.4962
train >>> epoch: 23/200, batch: 6/7, mean_loss: 9234.9013
train >>> epoch: 23/200, batch: 7/7, mean_loss: 8318.2531
valid >>> epoch: 23/200, mean_loss: 0.0004
train >>> epoch: 24/200, batch: 1/7, mean_loss: 9136.6576
train >>> epoch: 24/200, batch: 2/7, mean_loss: 9578.7540
train >>> epoch: 24/200, batch: 3/7, mean_loss: 9333.1449
train >>> epoch: 24/200, batch: 4/7, mean_loss: 9431.3885
train >>> epoch: 24/200, batch: 5/7, mean_loss: 9313.4962
train >>> epoch: 24/200, batch: 6/7, mean_loss: 9038.4140
train >>> epoch: 24/200, batch: 7/7, mean_loss: 8244.5704
valid >>> epoch: 24/200, mean_loss: 0.0004
train >>> epoch: 25/200, batch: 1/7, mean_loss: 8841.9268
train >>> epoch: 25/200, batch: 2/7, mean_loss: 9136.6576
train >>> epoch: 25/200, batch: 3/7, mean_loss: 8940.1704
train >>> epoch: 25/200, batch: 4/7, mean_loss: 8841.9268
train >>> epoch: 25/200, batch: 5/7, mean_loss: 9195.6038
train >>> epoch: 25/200, batch: 6/7, mean_loss: 9185.7795
train >>> epoch: 25/200, batch: 7/7, mean_loss: 8299.8324
valid >>> epoch: 25/200, mean_loss: 0.0004
train >>> epoch: 26/200, batch: 1/7, mean_loss: 6778.8105
train >>> epoch: 26/200, batch: 2/7, mean_loss: 8399.8304
train >>> epoch: 26/200, batch: 3/7, mean_loss: 8940.1704
train >>> epoch: 26/200, batch: 4/7, mean_loss: 9505.0713
train >>> epoch: 26/200, batch: 5/7, mean_loss: 9372.4424
train >>> epoch: 26/200, batch: 6/7, mean_loss: 9038.4140
train >>> epoch: 26/200, batch: 7/7, mean_loss: 8244.5704
valid >>> epoch: 26/200, mean_loss: 0.0004
train >>> epoch: 27/200, batch: 1/7, mean_loss: 8547.1959
train >>> epoch: 27/200, batch: 2/7, mean_loss: 8841.9268
train >>> epoch: 27/200, batch: 3/7, mean_loss: 9038.4140
train >>> epoch: 27/200, batch: 4/7, mean_loss: 9062.9749
train >>> epoch: 27/200, batch: 5/7, mean_loss: 9195.6038
train >>> epoch: 27/200, batch: 6/7, mean_loss: 9087.5358
train >>> epoch: 27/200, batch: 7/7, mean_loss: 8262.9911
valid >>> epoch: 27/200, mean_loss: 0.0004
train >>> epoch: 28/200, batch: 1/7, mean_loss: 9431.3885
train >>> epoch: 28/200, batch: 2/7, mean_loss: 8694.5613
train >>> epoch: 28/200, batch: 3/7, mean_loss: 8940.1704
train >>> epoch: 28/200, batch: 4/7, mean_loss: 8768.2440
train >>> epoch: 28/200, batch: 5/7, mean_loss: 8782.9806
train >>> epoch: 28/200, batch: 6/7, mean_loss: 9333.1449
train >>> epoch: 28/200, batch: 7/7, mean_loss: 8355.0945
valid >>> epoch: 28/200, mean_loss: 0.0004
train >>> epoch: 29/200, batch: 1/7, mean_loss: 8547.1959
train >>> epoch: 29/200, batch: 2/7, mean_loss: 10315.5812
train >>> epoch: 29/200, batch: 3/7, mean_loss: 9627.8758
train >>> epoch: 29/200, batch: 4/7, mean_loss: 9799.8022
train >>> epoch: 29/200, batch: 5/7, mean_loss: 9431.3885
train >>> epoch: 29/200, batch: 6/7, mean_loss: 9333.1449
train >>> epoch: 29/200, batch: 7/7, mean_loss: 8355.0945
valid >>> epoch: 29/200, mean_loss: 0.0004
train >>> epoch: 30/200, batch: 1/7, mean_loss: 7368.2723
train >>> epoch: 30/200, batch: 2/7, mean_loss: 8252.4650
train >>> epoch: 30/200, batch: 3/7, mean_loss: 8940.1704
train >>> epoch: 30/200, batch: 4/7, mean_loss: 9136.6576
train >>> epoch: 30/200, batch: 5/7, mean_loss: 9018.7653
train >>> epoch: 30/200, batch: 6/7, mean_loss: 9136.6576
train >>> epoch: 30/200, batch: 7/7, mean_loss: 8281.4118
valid >>> epoch: 30/200, mean_loss: 0.0004
train >>> epoch: 31/200, batch: 1/7, mean_loss: 9431.3885
train >>> epoch: 31/200, batch: 2/7, mean_loss: 9578.7540
train >>> epoch: 31/200, batch: 3/7, mean_loss: 9333.1449
train >>> epoch: 31/200, batch: 4/7, mean_loss: 9357.7058
train >>> epoch: 31/200, batch: 5/7, mean_loss: 9490.3347
train >>> epoch: 31/200, batch: 6/7, mean_loss: 9382.2667
train >>> epoch: 31/200, batch: 7/7, mean_loss: 8373.5152
valid >>> epoch: 31/200, mean_loss: 0.0004
train >>> epoch: 32/200, batch: 1/7, mean_loss: 10315.5812
train >>> epoch: 32/200, batch: 2/7, mean_loss: 9431.3885
train >>> epoch: 32/200, batch: 3/7, mean_loss: 9431.3885
train >>> epoch: 32/200, batch: 4/7, mean_loss: 9578.7540
train >>> epoch: 32/200, batch: 5/7, mean_loss: 9372.4424
train >>> epoch: 32/200, batch: 6/7, mean_loss: 9382.2667
train >>> epoch: 32/200, batch: 7/7, mean_loss: 8373.5152
valid >>> epoch: 32/200, mean_loss: 0.0004
train >>> epoch: 33/200, batch: 1/7, mean_loss: 9431.3885
train >>> epoch: 33/200, batch: 2/7, mean_loss: 9431.3885
train >>> epoch: 33/200, batch: 3/7, mean_loss: 9234.9013
train >>> epoch: 33/200, batch: 4/7, mean_loss: 8915.6095
train >>> epoch: 33/200, batch: 5/7, mean_loss: 9136.6576
train >>> epoch: 33/200, batch: 6/7, mean_loss: 8940.1704
train >>> epoch: 33/200, batch: 7/7, mean_loss: 8207.7290
valid >>> epoch: 33/200, mean_loss: 0.0004
train >>> epoch: 34/200, batch: 1/7, mean_loss: 9136.6576
train >>> epoch: 34/200, batch: 2/7, mean_loss: 8989.2922
train >>> epoch: 34/200, batch: 3/7, mean_loss: 9038.4140
train >>> epoch: 34/200, batch: 4/7, mean_loss: 8989.2922
train >>> epoch: 34/200, batch: 5/7, mean_loss: 8841.9268
train >>> epoch: 34/200, batch: 6/7, mean_loss: 8989.2922
train >>> epoch: 34/200, batch: 7/7, mean_loss: 8226.1497
valid >>> epoch: 34/200, mean_loss: 0.0004
train >>> epoch: 35/200, batch: 1/7, mean_loss: 10020.8503
train >>> epoch: 35/200, batch: 2/7, mean_loss: 9726.1194
train >>> epoch: 35/200, batch: 3/7, mean_loss: 9726.1194
train >>> epoch: 35/200, batch: 4/7, mean_loss: 9431.3885
train >>> epoch: 35/200, batch: 5/7, mean_loss: 9431.3885
train >>> epoch: 35/200, batch: 6/7, mean_loss: 9087.5358
train >>> epoch: 35/200, batch: 7/7, mean_loss: 8262.9911
valid >>> epoch: 35/200, mean_loss: 0.0004
train >>> epoch: 36/200, batch: 1/7, mean_loss: 9136.6576
train >>> epoch: 36/200, batch: 2/7, mean_loss: 9284.0231
train >>> epoch: 36/200, batch: 3/7, mean_loss: 9038.4140
train >>> epoch: 36/200, batch: 4/7, mean_loss: 8915.6095
train >>> epoch: 36/200, batch: 5/7, mean_loss: 9195.6038
train >>> epoch: 36/200, batch: 6/7, mean_loss: 9136.6576
train >>> epoch: 36/200, batch: 7/7, mean_loss: 8281.4118
valid >>> epoch: 36/200, mean_loss: 0.0004
train >>> epoch: 37/200, batch: 1/7, mean_loss: 8841.9268
train >>> epoch: 37/200, batch: 2/7, mean_loss: 9136.6576
train >>> epoch: 37/200, batch: 3/7, mean_loss: 8940.1704
train >>> epoch: 37/200, batch: 4/7, mean_loss: 8694.5613
train >>> epoch: 37/200, batch: 5/7, mean_loss: 8724.0344
train >>> epoch: 37/200, batch: 6/7, mean_loss: 8792.8049
train >>> epoch: 37/200, batch: 7/7, mean_loss: 8152.4670
valid >>> epoch: 37/200, mean_loss: 0.0004
train >>> epoch: 38/200, batch: 1/7, mean_loss: 8252.4650
train >>> epoch: 38/200, batch: 2/7, mean_loss: 8989.2922
train >>> epoch: 38/200, batch: 3/7, mean_loss: 8645.4395
train >>> epoch: 38/200, batch: 4/7, mean_loss: 9210.3404
train >>> epoch: 38/200, batch: 5/7, mean_loss: 8959.8191
train >>> epoch: 38/200, batch: 6/7, mean_loss: 8989.2922
train >>> epoch: 38/200, batch: 7/7, mean_loss: 8226.1497
valid >>> epoch: 38/200, mean_loss: 0.0004
train >>> epoch: 39/200, batch: 1/7, mean_loss: 11199.7739
train >>> epoch: 39/200, batch: 2/7, mean_loss: 9136.6576
train >>> epoch: 39/200, batch: 3/7, mean_loss: 9234.9013
train >>> epoch: 39/200, batch: 4/7, mean_loss: 8989.2922
train >>> epoch: 39/200, batch: 5/7, mean_loss: 8900.8729
train >>> epoch: 39/200, batch: 6/7, mean_loss: 9087.5358
train >>> epoch: 39/200, batch: 7/7, mean_loss: 8262.9911
valid >>> epoch: 39/200, mean_loss: 0.0004
train >>> epoch: 40/200, batch: 1/7, mean_loss: 8547.1959
train >>> epoch: 40/200, batch: 2/7, mean_loss: 8105.0995
train >>> epoch: 40/200, batch: 3/7, mean_loss: 9136.6576
train >>> epoch: 40/200, batch: 4/7, mean_loss: 8768.2440
train >>> epoch: 40/200, batch: 5/7, mean_loss: 9077.7115
train >>> epoch: 40/200, batch: 6/7, mean_loss: 9136.6576
train >>> epoch: 40/200, batch: 7/7, mean_loss: 8281.4118
valid >>> epoch: 40/200, mean_loss: 0.0004
train >>> epoch: 41/200, batch: 1/7, mean_loss: 9431.3885
train >>> epoch: 41/200, batch: 2/7, mean_loss: 10168.2158
train >>> epoch: 41/200, batch: 3/7, mean_loss: 10020.8503
train >>> epoch: 41/200, batch: 4/7, mean_loss: 9873.4849
train >>> epoch: 41/200, batch: 5/7, mean_loss: 9549.2809
train >>> epoch: 41/200, batch: 6/7, mean_loss: 9185.7795
train >>> epoch: 41/200, batch: 7/7, mean_loss: 8299.8324
valid >>> epoch: 41/200, mean_loss: 0.0004
train >>> epoch: 42/200, batch: 1/7, mean_loss: 10020.8503
train >>> epoch: 42/200, batch: 2/7, mean_loss: 8547.1959
train >>> epoch: 42/200, batch: 3/7, mean_loss: 8841.9268
train >>> epoch: 42/200, batch: 4/7, mean_loss: 8841.9268
train >>> epoch: 42/200, batch: 5/7, mean_loss: 8959.8191
train >>> epoch: 42/200, batch: 6/7, mean_loss: 9087.5358
train >>> epoch: 42/200, batch: 7/7, mean_loss: 8262.9911
valid >>> epoch: 42/200, mean_loss: 0.0004
train >>> epoch: 43/200, batch: 1/7, mean_loss: 6484.0796
train >>> epoch: 43/200, batch: 2/7, mean_loss: 6926.1760
train >>> epoch: 43/200, batch: 3/7, mean_loss: 7859.4905
train >>> epoch: 43/200, batch: 4/7, mean_loss: 8620.8786
train >>> epoch: 43/200, batch: 5/7, mean_loss: 9254.5500
train >>> epoch: 43/200, batch: 6/7, mean_loss: 9087.5358
train >>> epoch: 43/200, batch: 7/7, mean_loss: 8262.9911
valid >>> epoch: 43/200, mean_loss: 0.0004
train >>> epoch: 44/200, batch: 1/7, mean_loss: 9136.6576
train >>> epoch: 44/200, batch: 2/7, mean_loss: 8841.9268
train >>> epoch: 44/200, batch: 3/7, mean_loss: 9136.6576
train >>> epoch: 44/200, batch: 4/7, mean_loss: 9210.3404
train >>> epoch: 44/200, batch: 5/7, mean_loss: 8900.8729
train >>> epoch: 44/200, batch: 6/7, mean_loss: 9136.6576
train >>> epoch: 44/200, batch: 7/7, mean_loss: 8281.4118
valid >>> epoch: 44/200, mean_loss: 0.0004
train >>> epoch: 45/200, batch: 1/7, mean_loss: 8547.1959
train >>> epoch: 45/200, batch: 2/7, mean_loss: 9284.0231
train >>> epoch: 45/200, batch: 3/7, mean_loss: 9333.1449
train >>> epoch: 45/200, batch: 4/7, mean_loss: 9505.0713
train >>> epoch: 45/200, batch: 5/7, mean_loss: 9549.2809
train >>> epoch: 45/200, batch: 6/7, mean_loss: 9333.1449
train >>> epoch: 45/200, batch: 7/7, mean_loss: 8355.0945
valid >>> epoch: 45/200, mean_loss: 0.0004
train >>> epoch: 46/200, batch: 1/7, mean_loss: 8841.9268
train >>> epoch: 46/200, batch: 2/7, mean_loss: 8989.2922
train >>> epoch: 46/200, batch: 3/7, mean_loss: 8645.4395
train >>> epoch: 46/200, batch: 4/7, mean_loss: 8620.8786
train >>> epoch: 46/200, batch: 5/7, mean_loss: 8724.0344
train >>> epoch: 46/200, batch: 6/7, mean_loss: 8940.1704
train >>> epoch: 46/200, batch: 7/7, mean_loss: 8207.7290
valid >>> epoch: 46/200, mean_loss: 0.0004
train >>> epoch: 47/200, batch: 1/7, mean_loss: 8841.9268
train >>> epoch: 47/200, batch: 2/7, mean_loss: 8547.1959
train >>> epoch: 47/200, batch: 3/7, mean_loss: 9234.9013
train >>> epoch: 47/200, batch: 4/7, mean_loss: 9357.7058
train >>> epoch: 47/200, batch: 5/7, mean_loss: 9431.3885
train >>> epoch: 47/200, batch: 6/7, mean_loss: 9234.9013
train >>> epoch: 47/200, batch: 7/7, mean_loss: 8318.2531
valid >>> epoch: 47/200, mean_loss: 0.0004
train >>> epoch: 48/200, batch: 1/7, mean_loss: 8841.9268
train >>> epoch: 48/200, batch: 2/7, mean_loss: 8547.1959
train >>> epoch: 48/200, batch: 3/7, mean_loss: 8547.1959
train >>> epoch: 48/200, batch: 4/7, mean_loss: 8547.1959
train >>> epoch: 48/200, batch: 5/7, mean_loss: 9077.7115
train >>> epoch: 48/200, batch: 6/7, mean_loss: 9136.6576
train >>> epoch: 48/200, batch: 7/7, mean_loss: 8281.4118
valid >>> epoch: 48/200, mean_loss: 0.0004
train >>> epoch: 49/200, batch: 1/7, mean_loss: 8841.9268
train >>> epoch: 49/200, batch: 2/7, mean_loss: 8989.2922
train >>> epoch: 49/200, batch: 3/7, mean_loss: 8940.1704
train >>> epoch: 49/200, batch: 4/7, mean_loss: 9210.3404
train >>> epoch: 49/200, batch: 5/7, mean_loss: 9077.7115
train >>> epoch: 49/200, batch: 6/7, mean_loss: 8989.2922
train >>> epoch: 49/200, batch: 7/7, mean_loss: 8226.1497
valid >>> epoch: 49/200, mean_loss: 0.0004
train >>> epoch: 50/200, batch: 1/7, mean_loss: 10020.8503
train >>> epoch: 50/200, batch: 2/7, mean_loss: 8989.2922
train >>> epoch: 50/200, batch: 3/7, mean_loss: 9333.1449
train >>> epoch: 50/200, batch: 4/7, mean_loss: 9431.3885
train >>> epoch: 50/200, batch: 5/7, mean_loss: 9136.6576
train >>> epoch: 50/200, batch: 6/7, mean_loss: 8940.1704
train >>> epoch: 50/200, batch: 7/7, mean_loss: 8207.7290
valid >>> epoch: 50/200, mean_loss: 0.0004
train >>> epoch: 51/200, batch: 1/7, mean_loss: 8547.1959
train >>> epoch: 51/200, batch: 2/7, mean_loss: 9578.7540
train >>> epoch: 51/200, batch: 3/7, mean_loss: 9726.1194
train >>> epoch: 51/200, batch: 4/7, mean_loss: 9799.8022
train >>> epoch: 51/200, batch: 5/7, mean_loss: 9961.9041
train >>> epoch: 51/200, batch: 6/7, mean_loss: 9284.0231
train >>> epoch: 51/200, batch: 7/7, mean_loss: 8336.6738
valid >>> epoch: 51/200, mean_loss: 0.0004
train >>> epoch: 52/200, batch: 1/7, mean_loss: 10905.0430
train >>> epoch: 52/200, batch: 2/7, mean_loss: 10610.3121
train >>> epoch: 52/200, batch: 3/7, mean_loss: 9529.6322
train >>> epoch: 52/200, batch: 4/7, mean_loss: 9210.3404
train >>> epoch: 52/200, batch: 5/7, mean_loss: 9372.4424
train >>> epoch: 52/200, batch: 6/7, mean_loss: 9431.3885
train >>> epoch: 52/200, batch: 7/7, mean_loss: 8391.9358
valid >>> epoch: 52/200, mean_loss: 0.0004
train >>> epoch: 53/200, batch: 1/7, mean_loss: 7957.7341
train >>> epoch: 53/200, batch: 2/7, mean_loss: 8989.2922
train >>> epoch: 53/200, batch: 3/7, mean_loss: 8841.9268
train >>> epoch: 53/200, batch: 4/7, mean_loss: 9284.0231
train >>> epoch: 53/200, batch: 5/7, mean_loss: 9313.4962
train >>> epoch: 53/200, batch: 6/7, mean_loss: 9333.1449
train >>> epoch: 53/200, batch: 7/7, mean_loss: 8355.0945
valid >>> epoch: 53/200, mean_loss: 0.0004
train >>> epoch: 54/200, batch: 1/7, mean_loss: 10020.8503
train >>> epoch: 54/200, batch: 2/7, mean_loss: 10462.9467
train >>> epoch: 54/200, batch: 3/7, mean_loss: 10217.3376
train >>> epoch: 54/200, batch: 4/7, mean_loss: 9578.7540
train >>> epoch: 54/200, batch: 5/7, mean_loss: 9726.1194
train >>> epoch: 54/200, batch: 6/7, mean_loss: 9333.1449
train >>> epoch: 54/200, batch: 7/7, mean_loss: 8355.0945
valid >>> epoch: 54/200, mean_loss: 0.0004
train >>> epoch: 55/200, batch: 1/7, mean_loss: 8841.9268
train >>> epoch: 55/200, batch: 2/7, mean_loss: 8399.8304
train >>> epoch: 55/200, batch: 3/7, mean_loss: 8841.9268
train >>> epoch: 55/200, batch: 4/7, mean_loss: 9062.9749
train >>> epoch: 55/200, batch: 5/7, mean_loss: 9313.4962
train >>> epoch: 55/200, batch: 6/7, mean_loss: 9234.9013
train >>> epoch: 55/200, batch: 7/7, mean_loss: 8318.2531
valid >>> epoch: 55/200, mean_loss: 0.0004
train >>> epoch: 56/200, batch: 1/7, mean_loss: 8547.1959
train >>> epoch: 56/200, batch: 2/7, mean_loss: 8989.2922
train >>> epoch: 56/200, batch: 3/7, mean_loss: 9627.8758
train >>> epoch: 56/200, batch: 4/7, mean_loss: 9431.3885
train >>> epoch: 56/200, batch: 5/7, mean_loss: 9372.4424
train >>> epoch: 56/200, batch: 6/7, mean_loss: 9480.5104
train >>> epoch: 56/200, batch: 7/7, mean_loss: 8410.3565
valid >>> epoch: 56/200, mean_loss: 0.0004
train >>> epoch: 57/200, batch: 1/7, mean_loss: 7957.7341
train >>> epoch: 57/200, batch: 2/7, mean_loss: 8547.1959
train >>> epoch: 57/200, batch: 3/7, mean_loss: 8743.6831
train >>> epoch: 57/200, batch: 4/7, mean_loss: 9578.7540
train >>> epoch: 57/200, batch: 5/7, mean_loss: 9667.1733
train >>> epoch: 57/200, batch: 6/7, mean_loss: 9382.2667
train >>> epoch: 57/200, batch: 7/7, mean_loss: 8373.5152
valid >>> epoch: 57/200, mean_loss: 0.0004
train >>> epoch: 58/200, batch: 1/7, mean_loss: 8547.1959
train >>> epoch: 58/200, batch: 2/7, mean_loss: 9136.6576
train >>> epoch: 58/200, batch: 3/7, mean_loss: 9038.4140
train >>> epoch: 58/200, batch: 4/7, mean_loss: 9431.3885
train >>> epoch: 58/200, batch: 5/7, mean_loss: 9254.5500
train >>> epoch: 58/200, batch: 6/7, mean_loss: 9382.2667
train >>> epoch: 58/200, batch: 7/7, mean_loss: 8373.5152
valid >>> epoch: 58/200, mean_loss: 0.0004
train >>> epoch: 59/200, batch: 1/7, mean_loss: 10905.0430
train >>> epoch: 59/200, batch: 2/7, mean_loss: 10757.6776
train >>> epoch: 59/200, batch: 3/7, mean_loss: 9529.6322
train >>> epoch: 59/200, batch: 4/7, mean_loss: 9284.0231
train >>> epoch: 59/200, batch: 5/7, mean_loss: 9018.7653
train >>> epoch: 59/200, batch: 6/7, mean_loss: 9038.4140
train >>> epoch: 59/200, batch: 7/7, mean_loss: 8244.5704
valid >>> epoch: 59/200, mean_loss: 0.0004
train >>> epoch: 60/200, batch: 1/7, mean_loss: 9431.3885
train >>> epoch: 60/200, batch: 2/7, mean_loss: 9873.4849
train >>> epoch: 60/200, batch: 3/7, mean_loss: 9431.3885
train >>> epoch: 60/200, batch: 4/7, mean_loss: 9431.3885
train >>> epoch: 60/200, batch: 5/7, mean_loss: 9313.4962
train >>> epoch: 60/200, batch: 6/7, mean_loss: 9382.2667
train >>> epoch: 60/200, batch: 7/7, mean_loss: 8373.5152
valid >>> epoch: 60/200, mean_loss: 0.0004
train >>> epoch: 61/200, batch: 1/7, mean_loss: 7957.7341
train >>> epoch: 61/200, batch: 2/7, mean_loss: 8989.2922
train >>> epoch: 61/200, batch: 3/7, mean_loss: 9136.6576
train >>> epoch: 61/200, batch: 4/7, mean_loss: 8989.2922
train >>> epoch: 61/200, batch: 5/7, mean_loss: 9018.7653
train >>> epoch: 61/200, batch: 6/7, mean_loss: 9087.5358
train >>> epoch: 61/200, batch: 7/7, mean_loss: 8262.9911
valid >>> epoch: 61/200, mean_loss: 0.0004
train >>> epoch: 62/200, batch: 1/7, mean_loss: 8841.9268
train >>> epoch: 62/200, batch: 2/7, mean_loss: 9284.0231
train >>> epoch: 62/200, batch: 3/7, mean_loss: 9431.3885
train >>> epoch: 62/200, batch: 4/7, mean_loss: 9136.6576
train >>> epoch: 62/200, batch: 5/7, mean_loss: 9254.5500
train >>> epoch: 62/200, batch: 6/7, mean_loss: 9284.0231
train >>> epoch: 62/200, batch: 7/7, mean_loss: 8336.6738
valid >>> epoch: 62/200, mean_loss: 0.0004
train >>> epoch: 63/200, batch: 1/7, mean_loss: 7368.2723
train >>> epoch: 63/200, batch: 2/7, mean_loss: 9431.3885
train >>> epoch: 63/200, batch: 3/7, mean_loss: 9234.9013
train >>> epoch: 63/200, batch: 4/7, mean_loss: 9062.9749
train >>> epoch: 63/200, batch: 5/7, mean_loss: 9018.7653
train >>> epoch: 63/200, batch: 6/7, mean_loss: 8989.2922
train >>> epoch: 63/200, batch: 7/7, mean_loss: 8226.1497
valid >>> epoch: 63/200, mean_loss: 0.0004
train >>> epoch: 64/200, batch: 1/7, mean_loss: 9431.3885
train >>> epoch: 64/200, batch: 2/7, mean_loss: 8105.0995
train >>> epoch: 64/200, batch: 3/7, mean_loss: 8252.4650
train >>> epoch: 64/200, batch: 4/7, mean_loss: 8694.5613
train >>> epoch: 64/200, batch: 5/7, mean_loss: 9136.6576
train >>> epoch: 64/200, batch: 6/7, mean_loss: 8940.1704
train >>> epoch: 64/200, batch: 7/7, mean_loss: 8207.7290
valid >>> epoch: 64/200, mean_loss: 0.0004
train >>> epoch: 65/200, batch: 1/7, mean_loss: 9431.3885
train >>> epoch: 65/200, batch: 2/7, mean_loss: 10020.8503
train >>> epoch: 65/200, batch: 3/7, mean_loss: 9824.3631
train >>> epoch: 65/200, batch: 4/7, mean_loss: 9578.7540
train >>> epoch: 65/200, batch: 5/7, mean_loss: 9431.3885
train >>> epoch: 65/200, batch: 6/7, mean_loss: 9333.1449
train >>> epoch: 65/200, batch: 7/7, mean_loss: 8355.0945
valid >>> epoch: 65/200, mean_loss: 0.0004
train >>> epoch: 66/200, batch: 1/7, mean_loss: 9431.3885
train >>> epoch: 66/200, batch: 2/7, mean_loss: 9578.7540
train >>> epoch: 66/200, batch: 3/7, mean_loss: 9431.3885
train >>> epoch: 66/200, batch: 4/7, mean_loss: 8989.2922
train >>> epoch: 66/200, batch: 5/7, mean_loss: 8841.9268
train >>> epoch: 66/200, batch: 6/7, mean_loss: 9382.2667
train >>> epoch: 66/200, batch: 7/7, mean_loss: 8373.5152
valid >>> epoch: 66/200, mean_loss: 0.0004
train >>> epoch: 67/200, batch: 1/7, mean_loss: 9136.6576
train >>> epoch: 67/200, batch: 2/7, mean_loss: 8694.5613
train >>> epoch: 67/200, batch: 3/7, mean_loss: 8940.1704
train >>> epoch: 67/200, batch: 4/7, mean_loss: 9136.6576
train >>> epoch: 67/200, batch: 5/7, mean_loss: 8900.8729
train >>> epoch: 67/200, batch: 6/7, mean_loss: 9087.5358
train >>> epoch: 67/200, batch: 7/7, mean_loss: 8262.9911
valid >>> epoch: 67/200, mean_loss: 0.0004
train >>> epoch: 68/200, batch: 1/7, mean_loss: 9136.6576
train >>> epoch: 68/200, batch: 2/7, mean_loss: 7810.3686
train >>> epoch: 68/200, batch: 3/7, mean_loss: 8055.9777
train >>> epoch: 68/200, batch: 4/7, mean_loss: 8841.9268
train >>> epoch: 68/200, batch: 5/7, mean_loss: 8841.9268
train >>> epoch: 68/200, batch: 6/7, mean_loss: 8989.2922
train >>> epoch: 68/200, batch: 7/7, mean_loss: 8226.1497
valid >>> epoch: 68/200, mean_loss: 0.0004
train >>> epoch: 69/200, batch: 1/7, mean_loss: 11789.2357
train >>> epoch: 69/200, batch: 2/7, mean_loss: 9873.4849
train >>> epoch: 69/200, batch: 3/7, mean_loss: 10020.8503
train >>> epoch: 69/200, batch: 4/7, mean_loss: 9947.1676
train >>> epoch: 69/200, batch: 5/7, mean_loss: 9608.2271
train >>> epoch: 69/200, batch: 6/7, mean_loss: 9382.2667
train >>> epoch: 69/200, batch: 7/7, mean_loss: 8373.5152
valid >>> epoch: 69/200, mean_loss: 0.0004
train >>> epoch: 70/200, batch: 1/7, mean_loss: 9136.6576
train >>> epoch: 70/200, batch: 2/7, mean_loss: 8694.5613
train >>> epoch: 70/200, batch: 3/7, mean_loss: 8743.6831
train >>> epoch: 70/200, batch: 4/7, mean_loss: 8768.2440
train >>> epoch: 70/200, batch: 5/7, mean_loss: 9136.6576
train >>> epoch: 70/200, batch: 6/7, mean_loss: 9234.9013
train >>> epoch: 70/200, batch: 7/7, mean_loss: 8318.2531
valid >>> epoch: 70/200, mean_loss: 0.0004
train >>> epoch: 71/200, batch: 1/7, mean_loss: 8841.9268
train >>> epoch: 71/200, batch: 2/7, mean_loss: 9284.0231
train >>> epoch: 71/200, batch: 3/7, mean_loss: 9922.6067
train >>> epoch: 71/200, batch: 4/7, mean_loss: 9578.7540
train >>> epoch: 71/200, batch: 5/7, mean_loss: 9313.4962
train >>> epoch: 71/200, batch: 6/7, mean_loss: 9382.2667
train >>> epoch: 71/200, batch: 7/7, mean_loss: 8373.5152
valid >>> epoch: 71/200, mean_loss: 0.0004
train >>> epoch: 72/200, batch: 1/7, mean_loss: 10020.8503
train >>> epoch: 72/200, batch: 2/7, mean_loss: 9873.4849
train >>> epoch: 72/200, batch: 3/7, mean_loss: 9234.9013
train >>> epoch: 72/200, batch: 4/7, mean_loss: 9210.3404
train >>> epoch: 72/200, batch: 5/7, mean_loss: 9077.7115
train >>> epoch: 72/200, batch: 6/7, mean_loss: 9431.3885
train >>> epoch: 72/200, batch: 7/7, mean_loss: 8391.9358
valid >>> epoch: 72/200, mean_loss: 0.0004
train >>> epoch: 73/200, batch: 1/7, mean_loss: 7663.0032
train >>> epoch: 73/200, batch: 2/7, mean_loss: 8694.5613
train >>> epoch: 73/200, batch: 3/7, mean_loss: 9234.9013
train >>> epoch: 73/200, batch: 4/7, mean_loss: 9210.3404
train >>> epoch: 73/200, batch: 5/7, mean_loss: 9077.7115
train >>> epoch: 73/200, batch: 6/7, mean_loss: 9087.5358
train >>> epoch: 73/200, batch: 7/7, mean_loss: 8262.9911
valid >>> epoch: 73/200, mean_loss: 0.0004
train >>> epoch: 74/200, batch: 1/7, mean_loss: 10315.5812
train >>> epoch: 74/200, batch: 2/7, mean_loss: 9284.0231
train >>> epoch: 74/200, batch: 3/7, mean_loss: 9234.9013
train >>> epoch: 74/200, batch: 4/7, mean_loss: 9578.7540
train >>> epoch: 74/200, batch: 5/7, mean_loss: 9490.3347
train >>> epoch: 74/200, batch: 6/7, mean_loss: 9431.3885
train >>> epoch: 74/200, batch: 7/7, mean_loss: 8391.9358
valid >>> epoch: 74/200, mean_loss: 0.0004
train >>> epoch: 75/200, batch: 1/7, mean_loss: 9136.6576
train >>> epoch: 75/200, batch: 2/7, mean_loss: 9136.6576
train >>> epoch: 75/200, batch: 3/7, mean_loss: 9333.1449
train >>> epoch: 75/200, batch: 4/7, mean_loss: 9505.0713
train >>> epoch: 75/200, batch: 5/7, mean_loss: 9490.3347
train >>> epoch: 75/200, batch: 6/7, mean_loss: 9333.1449
train >>> epoch: 75/200, batch: 7/7, mean_loss: 8355.0945
valid >>> epoch: 75/200, mean_loss: 0.0004
train >>> epoch: 76/200, batch: 1/7, mean_loss: 9431.3885
train >>> epoch: 76/200, batch: 2/7, mean_loss: 10168.2158
train >>> epoch: 76/200, batch: 3/7, mean_loss: 9726.1194
train >>> epoch: 76/200, batch: 4/7, mean_loss: 9799.8022
train >>> epoch: 76/200, batch: 5/7, mean_loss: 9608.2271
train >>> epoch: 76/200, batch: 6/7, mean_loss: 9284.0231
train >>> epoch: 76/200, batch: 7/7, mean_loss: 8336.6738
valid >>> epoch: 76/200, mean_loss: 0.0004
train >>> epoch: 77/200, batch: 1/7, mean_loss: 10610.3121
train >>> epoch: 77/200, batch: 2/7, mean_loss: 10168.2158
train >>> epoch: 77/200, batch: 3/7, mean_loss: 9627.8758
train >>> epoch: 77/200, batch: 4/7, mean_loss: 9136.6576
train >>> epoch: 77/200, batch: 5/7, mean_loss: 9372.4424
train >>> epoch: 77/200, batch: 6/7, mean_loss: 9185.7795
train >>> epoch: 77/200, batch: 7/7, mean_loss: 8299.8324
valid >>> epoch: 77/200, mean_loss: 0.0004
train >>> epoch: 78/200, batch: 1/7, mean_loss: 9726.1194
train >>> epoch: 78/200, batch: 2/7, mean_loss: 8989.2922
train >>> epoch: 78/200, batch: 3/7, mean_loss: 8940.1704
train >>> epoch: 78/200, batch: 4/7, mean_loss: 8915.6095
train >>> epoch: 78/200, batch: 5/7, mean_loss: 9077.7115
train >>> epoch: 78/200, batch: 6/7, mean_loss: 8891.0486
train >>> epoch: 78/200, batch: 7/7, mean_loss: 8189.3084
valid >>> epoch: 78/200, mean_loss: 0.0004
train >>> epoch: 79/200, batch: 1/7, mean_loss: 7073.5414
train >>> epoch: 79/200, batch: 2/7, mean_loss: 8989.2922
train >>> epoch: 79/200, batch: 3/7, mean_loss: 9627.8758
train >>> epoch: 79/200, batch: 4/7, mean_loss: 9210.3404
train >>> epoch: 79/200, batch: 5/7, mean_loss: 9195.6038
train >>> epoch: 79/200, batch: 6/7, mean_loss: 9087.5358
train >>> epoch: 79/200, batch: 7/7, mean_loss: 8262.9911
valid >>> epoch: 79/200, mean_loss: 0.0004
train >>> epoch: 80/200, batch: 1/7, mean_loss: 8841.9268
train >>> epoch: 80/200, batch: 2/7, mean_loss: 8252.4650
train >>> epoch: 80/200, batch: 3/7, mean_loss: 9234.9013
train >>> epoch: 80/200, batch: 4/7, mean_loss: 9284.0231
train >>> epoch: 80/200, batch: 5/7, mean_loss: 9254.5500
train >>> epoch: 80/200, batch: 6/7, mean_loss: 9038.4140
train >>> epoch: 80/200, batch: 7/7, mean_loss: 8244.5704
valid >>> epoch: 80/200, mean_loss: 0.0004
train >>> epoch: 81/200, batch: 1/7, mean_loss: 7957.7341
train >>> epoch: 81/200, batch: 2/7, mean_loss: 8399.8304
train >>> epoch: 81/200, batch: 3/7, mean_loss: 9038.4140
train >>> epoch: 81/200, batch: 4/7, mean_loss: 9505.0713
train >>> epoch: 81/200, batch: 5/7, mean_loss: 9136.6576
train >>> epoch: 81/200, batch: 6/7, mean_loss: 9136.6576
train >>> epoch: 81/200, batch: 7/7, mean_loss: 8281.4118
valid >>> epoch: 81/200, mean_loss: 0.0004
train >>> epoch: 82/200, batch: 1/7, mean_loss: 10315.5812
train >>> epoch: 82/200, batch: 2/7, mean_loss: 9284.0231
train >>> epoch: 82/200, batch: 3/7, mean_loss: 9431.3885
train >>> epoch: 82/200, batch: 4/7, mean_loss: 9652.4367
train >>> epoch: 82/200, batch: 5/7, mean_loss: 9490.3347
train >>> epoch: 82/200, batch: 6/7, mean_loss: 9333.1449
train >>> epoch: 82/200, batch: 7/7, mean_loss: 8355.0945
valid >>> epoch: 82/200, mean_loss: 0.0004
train >>> epoch: 83/200, batch: 1/7, mean_loss: 9431.3885
train >>> epoch: 83/200, batch: 2/7, mean_loss: 8841.9268
train >>> epoch: 83/200, batch: 3/7, mean_loss: 9333.1449
train >>> epoch: 83/200, batch: 4/7, mean_loss: 9505.0713
train >>> epoch: 83/200, batch: 5/7, mean_loss: 9431.3885
train >>> epoch: 83/200, batch: 6/7, mean_loss: 9234.9013
train >>> epoch: 83/200, batch: 7/7, mean_loss: 8318.2531
valid >>> epoch: 83/200, mean_loss: 0.0004
train >>> epoch: 84/200, batch: 1/7, mean_loss: 11199.7739
train >>> epoch: 84/200, batch: 2/7, mean_loss: 10020.8503
train >>> epoch: 84/200, batch: 3/7, mean_loss: 10119.0940
train >>> epoch: 84/200, batch: 4/7, mean_loss: 9357.7058
train >>> epoch: 84/200, batch: 5/7, mean_loss: 9490.3347
train >>> epoch: 84/200, batch: 6/7, mean_loss: 9382.2667
train >>> epoch: 84/200, batch: 7/7, mean_loss: 8373.5152
valid >>> epoch: 84/200, mean_loss: 0.0004
train >>> epoch: 85/200, batch: 1/7, mean_loss: 7663.0032
train >>> epoch: 85/200, batch: 2/7, mean_loss: 8252.4650
train >>> epoch: 85/200, batch: 3/7, mean_loss: 8743.6831
train >>> epoch: 85/200, batch: 4/7, mean_loss: 8768.2440
train >>> epoch: 85/200, batch: 5/7, mean_loss: 8782.9806
train >>> epoch: 85/200, batch: 6/7, mean_loss: 9333.1449
train >>> epoch: 85/200, batch: 7/7, mean_loss: 8355.0945
valid >>> epoch: 85/200, mean_loss: 0.0004
train >>> epoch: 86/200, batch: 1/7, mean_loss: 7663.0032
train >>> epoch: 86/200, batch: 2/7, mean_loss: 8989.2922
train >>> epoch: 86/200, batch: 3/7, mean_loss: 9333.1449
train >>> epoch: 86/200, batch: 4/7, mean_loss: 8989.2922
train >>> epoch: 86/200, batch: 5/7, mean_loss: 8900.8729
train >>> epoch: 86/200, batch: 6/7, mean_loss: 9087.5358
train >>> epoch: 86/200, batch: 7/7, mean_loss: 8262.9911
valid >>> epoch: 86/200, mean_loss: 0.0004
train >>> epoch: 87/200, batch: 1/7, mean_loss: 9136.6576
train >>> epoch: 87/200, batch: 2/7, mean_loss: 10020.8503
train >>> epoch: 87/200, batch: 3/7, mean_loss: 9922.6067
train >>> epoch: 87/200, batch: 4/7, mean_loss: 9873.4849
train >>> epoch: 87/200, batch: 5/7, mean_loss: 9313.4962
train >>> epoch: 87/200, batch: 6/7, mean_loss: 8989.2922
train >>> epoch: 87/200, batch: 7/7, mean_loss: 8226.1497
valid >>> epoch: 87/200, mean_loss: 0.0004
train >>> epoch: 88/200, batch: 1/7, mean_loss: 9726.1194
train >>> epoch: 88/200, batch: 2/7, mean_loss: 9578.7540
train >>> epoch: 88/200, batch: 3/7, mean_loss: 9824.3631
train >>> epoch: 88/200, batch: 4/7, mean_loss: 9799.8022
train >>> epoch: 88/200, batch: 5/7, mean_loss: 9549.2809
train >>> epoch: 88/200, batch: 6/7, mean_loss: 9234.9013
train >>> epoch: 88/200, batch: 7/7, mean_loss: 8318.2531
valid >>> epoch: 88/200, mean_loss: 0.0004
train >>> epoch: 89/200, batch: 1/7, mean_loss: 11199.7739
train >>> epoch: 89/200, batch: 2/7, mean_loss: 9431.3885
train >>> epoch: 89/200, batch: 3/7, mean_loss: 9627.8758
train >>> epoch: 89/200, batch: 4/7, mean_loss: 9210.3404
train >>> epoch: 89/200, batch: 5/7, mean_loss: 9313.4962
train >>> epoch: 89/200, batch: 6/7, mean_loss: 9284.0231
train >>> epoch: 89/200, batch: 7/7, mean_loss: 8336.6738
valid >>> epoch: 89/200, mean_loss: 0.0004
train >>> epoch: 90/200, batch: 1/7, mean_loss: 9136.6576
train >>> epoch: 90/200, batch: 2/7, mean_loss: 8841.9268
train >>> epoch: 90/200, batch: 3/7, mean_loss: 9333.1449
train >>> epoch: 90/200, batch: 4/7, mean_loss: 9505.0713
train >>> epoch: 90/200, batch: 5/7, mean_loss: 9313.4962
train >>> epoch: 90/200, batch: 6/7, mean_loss: 9185.7795
train >>> epoch: 90/200, batch: 7/7, mean_loss: 8299.8324
valid >>> epoch: 90/200, mean_loss: 0.0004
train >>> epoch: 91/200, batch: 1/7, mean_loss: 7663.0032
train >>> epoch: 91/200, batch: 2/7, mean_loss: 8399.8304
train >>> epoch: 91/200, batch: 3/7, mean_loss: 9136.6576
train >>> epoch: 91/200, batch: 4/7, mean_loss: 9505.0713
train >>> epoch: 91/200, batch: 5/7, mean_loss: 9667.1733
train >>> epoch: 91/200, batch: 6/7, mean_loss: 9284.0231
train >>> epoch: 91/200, batch: 7/7, mean_loss: 8336.6738
valid >>> epoch: 91/200, mean_loss: 0.0004
train >>> epoch: 92/200, batch: 1/7, mean_loss: 7957.7341
train >>> epoch: 92/200, batch: 2/7, mean_loss: 7957.7341
train >>> epoch: 92/200, batch: 3/7, mean_loss: 8841.9268
train >>> epoch: 92/200, batch: 4/7, mean_loss: 9505.0713
train >>> epoch: 92/200, batch: 5/7, mean_loss: 9254.5500
train >>> epoch: 92/200, batch: 6/7, mean_loss: 8989.2922
train >>> epoch: 92/200, batch: 7/7, mean_loss: 8226.1497
valid >>> epoch: 92/200, mean_loss: 0.0004
train >>> epoch: 93/200, batch: 1/7, mean_loss: 9726.1194
train >>> epoch: 93/200, batch: 2/7, mean_loss: 9284.0231
train >>> epoch: 93/200, batch: 3/7, mean_loss: 9234.9013
train >>> epoch: 93/200, batch: 4/7, mean_loss: 9431.3885
train >>> epoch: 93/200, batch: 5/7, mean_loss: 9372.4424
train >>> epoch: 93/200, batch: 6/7, mean_loss: 9136.6576
train >>> epoch: 93/200, batch: 7/7, mean_loss: 8281.4118
valid >>> epoch: 93/200, mean_loss: 0.0004
train >>> epoch: 94/200, batch: 1/7, mean_loss: 8841.9268
train >>> epoch: 94/200, batch: 2/7, mean_loss: 9136.6576
train >>> epoch: 94/200, batch: 3/7, mean_loss: 8841.9268
train >>> epoch: 94/200, batch: 4/7, mean_loss: 9284.0231
train >>> epoch: 94/200, batch: 5/7, mean_loss: 9136.6576
train >>> epoch: 94/200, batch: 6/7, mean_loss: 9431.3885
train >>> epoch: 94/200, batch: 7/7, mean_loss: 8391.9358
valid >>> epoch: 94/200, mean_loss: 0.0004
train >>> epoch: 95/200, batch: 1/7, mean_loss: 7663.0032
train >>> epoch: 95/200, batch: 2/7, mean_loss: 8399.8304
train >>> epoch: 95/200, batch: 3/7, mean_loss: 8645.4395
train >>> epoch: 95/200, batch: 4/7, mean_loss: 8768.2440
train >>> epoch: 95/200, batch: 5/7, mean_loss: 9077.7115
train >>> epoch: 95/200, batch: 6/7, mean_loss: 9284.0231
train >>> epoch: 95/200, batch: 7/7, mean_loss: 8336.6738
valid >>> epoch: 95/200, mean_loss: 0.0004
train >>> epoch: 96/200, batch: 1/7, mean_loss: 8547.1959
train >>> epoch: 96/200, batch: 2/7, mean_loss: 8989.2922
train >>> epoch: 96/200, batch: 3/7, mean_loss: 8743.6831
train >>> epoch: 96/200, batch: 4/7, mean_loss: 9062.9749
train >>> epoch: 96/200, batch: 5/7, mean_loss: 9195.6038
train >>> epoch: 96/200, batch: 6/7, mean_loss: 9087.5358
train >>> epoch: 96/200, batch: 7/7, mean_loss: 8262.9911
valid >>> epoch: 96/200, mean_loss: 0.0004
train >>> epoch: 97/200, batch: 1/7, mean_loss: 8547.1959
train >>> epoch: 97/200, batch: 2/7, mean_loss: 8399.8304
train >>> epoch: 97/200, batch: 3/7, mean_loss: 7957.7341
train >>> epoch: 97/200, batch: 4/7, mean_loss: 8252.4650
train >>> epoch: 97/200, batch: 5/7, mean_loss: 8488.2497
train >>> epoch: 97/200, batch: 6/7, mean_loss: 8792.8049
train >>> epoch: 97/200, batch: 7/7, mean_loss: 8152.4670
valid >>> epoch: 97/200, mean_loss: 0.0004
train >>> epoch: 98/200, batch: 1/7, mean_loss: 9136.6576
train >>> epoch: 98/200, batch: 2/7, mean_loss: 9136.6576
train >>> epoch: 98/200, batch: 3/7, mean_loss: 8940.1704
train >>> epoch: 98/200, batch: 4/7, mean_loss: 9431.3885
train >>> epoch: 98/200, batch: 5/7, mean_loss: 9608.2271
train >>> epoch: 98/200, batch: 6/7, mean_loss: 9382.2667
train >>> epoch: 98/200, batch: 7/7, mean_loss: 8373.5152
valid >>> epoch: 98/200, mean_loss: 0.0004
train >>> epoch: 99/200, batch: 1/7, mean_loss: 10905.0430
train >>> epoch: 99/200, batch: 2/7, mean_loss: 10020.8503
train >>> epoch: 99/200, batch: 3/7, mean_loss: 10020.8503
train >>> epoch: 99/200, batch: 4/7, mean_loss: 9505.0713
train >>> epoch: 99/200, batch: 5/7, mean_loss: 9490.3347
train >>> epoch: 99/200, batch: 6/7, mean_loss: 9333.1449
train >>> epoch: 99/200, batch: 7/7, mean_loss: 8355.0945
valid >>> epoch: 99/200, mean_loss: 0.0004
train >>> epoch: 100/200, batch: 1/7, mean_loss: 9726.1194
train >>> epoch: 100/200, batch: 2/7, mean_loss: 9284.0231
train >>> epoch: 100/200, batch: 3/7, mean_loss: 10119.0940
train >>> epoch: 100/200, batch: 4/7, mean_loss: 9578.7540
train >>> epoch: 100/200, batch: 5/7, mean_loss: 9490.3347
train >>> epoch: 100/200, batch: 6/7, mean_loss: 9185.7795
train >>> epoch: 100/200, batch: 7/7, mean_loss: 8299.8324
valid >>> epoch: 100/200, mean_loss: 0.0004
train >>> epoch: 101/200, batch: 1/7, mean_loss: 8547.1959
train >>> epoch: 101/200, batch: 2/7, mean_loss: 9136.6576
train >>> epoch: 101/200, batch: 3/7, mean_loss: 9333.1449
train >>> epoch: 101/200, batch: 4/7, mean_loss: 9062.9749
train >>> epoch: 101/200, batch: 5/7, mean_loss: 9077.7115
train >>> epoch: 101/200, batch: 6/7, mean_loss: 9038.4140
train >>> epoch: 101/200, batch: 7/7, mean_loss: 8244.5704
valid >>> epoch: 101/200, mean_loss: 0.0004
train >>> epoch: 102/200, batch: 1/7, mean_loss: 10315.5812
train >>> epoch: 102/200, batch: 2/7, mean_loss: 9726.1194
train >>> epoch: 102/200, batch: 3/7, mean_loss: 9529.6322
train >>> epoch: 102/200, batch: 4/7, mean_loss: 9652.4367
train >>> epoch: 102/200, batch: 5/7, mean_loss: 9195.6038
train >>> epoch: 102/200, batch: 6/7, mean_loss: 9284.0231
train >>> epoch: 102/200, batch: 7/7, mean_loss: 8336.6738
valid >>> epoch: 102/200, mean_loss: 0.0004
train >>> epoch: 103/200, batch: 1/7, mean_loss: 9136.6576
train >>> epoch: 103/200, batch: 2/7, mean_loss: 9578.7540
train >>> epoch: 103/200, batch: 3/7, mean_loss: 9726.1194
train >>> epoch: 103/200, batch: 4/7, mean_loss: 9136.6576
train >>> epoch: 103/200, batch: 5/7, mean_loss: 9195.6038
train >>> epoch: 103/200, batch: 6/7, mean_loss: 9185.7795
train >>> epoch: 103/200, batch: 7/7, mean_loss: 8299.8324
valid >>> epoch: 103/200, mean_loss: 0.0004
train >>> epoch: 104/200, batch: 1/7, mean_loss: 7957.7341
train >>> epoch: 104/200, batch: 2/7, mean_loss: 8694.5613
train >>> epoch: 104/200, batch: 3/7, mean_loss: 8841.9268
train >>> epoch: 104/200, batch: 4/7, mean_loss: 8841.9268
train >>> epoch: 104/200, batch: 5/7, mean_loss: 9018.7653
train >>> epoch: 104/200, batch: 6/7, mean_loss: 9038.4140
train >>> epoch: 104/200, batch: 7/7, mean_loss: 8244.5704
valid >>> epoch: 104/200, mean_loss: 0.0004
train >>> epoch: 105/200, batch: 1/7, mean_loss: 9726.1194
train >>> epoch: 105/200, batch: 2/7, mean_loss: 8694.5613
train >>> epoch: 105/200, batch: 3/7, mean_loss: 9234.9013
train >>> epoch: 105/200, batch: 4/7, mean_loss: 8989.2922
train >>> epoch: 105/200, batch: 5/7, mean_loss: 8841.9268
train >>> epoch: 105/200, batch: 6/7, mean_loss: 9136.6576
train >>> epoch: 105/200, batch: 7/7, mean_loss: 8281.4118
valid >>> epoch: 105/200, mean_loss: 0.0004
train >>> epoch: 106/200, batch: 1/7, mean_loss: 9136.6576
train >>> epoch: 106/200, batch: 2/7, mean_loss: 7957.7341
train >>> epoch: 106/200, batch: 3/7, mean_loss: 9136.6576
train >>> epoch: 106/200, batch: 4/7, mean_loss: 9431.3885
train >>> epoch: 106/200, batch: 5/7, mean_loss: 9608.2271
train >>> epoch: 106/200, batch: 6/7, mean_loss: 9431.3885
train >>> epoch: 106/200, batch: 7/7, mean_loss: 8391.9358
valid >>> epoch: 106/200, mean_loss: 0.0004
train >>> epoch: 107/200, batch: 1/7, mean_loss: 10315.5812
train >>> epoch: 107/200, batch: 2/7, mean_loss: 9873.4849
train >>> epoch: 107/200, batch: 3/7, mean_loss: 9824.3631
train >>> epoch: 107/200, batch: 4/7, mean_loss: 9431.3885
train >>> epoch: 107/200, batch: 5/7, mean_loss: 9313.4962
train >>> epoch: 107/200, batch: 6/7, mean_loss: 9431.3885
train >>> epoch: 107/200, batch: 7/7, mean_loss: 8391.9358
valid >>> epoch: 107/200, mean_loss: 0.0004
train >>> epoch: 108/200, batch: 1/7, mean_loss: 8252.4650
train >>> epoch: 108/200, batch: 2/7, mean_loss: 8547.1959
train >>> epoch: 108/200, batch: 3/7, mean_loss: 8645.4395
train >>> epoch: 108/200, batch: 4/7, mean_loss: 9357.7058
train >>> epoch: 108/200, batch: 5/7, mean_loss: 9195.6038
train >>> epoch: 108/200, batch: 6/7, mean_loss: 9234.9013
train >>> epoch: 108/200, batch: 7/7, mean_loss: 8318.2531
valid >>> epoch: 108/200, mean_loss: 0.0004
train >>> epoch: 109/200, batch: 1/7, mean_loss: 8547.1959
train >>> epoch: 109/200, batch: 2/7, mean_loss: 8989.2922
train >>> epoch: 109/200, batch: 3/7, mean_loss: 9038.4140
train >>> epoch: 109/200, batch: 4/7, mean_loss: 9136.6576
train >>> epoch: 109/200, batch: 5/7, mean_loss: 9667.1733
train >>> epoch: 109/200, batch: 6/7, mean_loss: 9382.2667
train >>> epoch: 109/200, batch: 7/7, mean_loss: 8373.5152
valid >>> epoch: 109/200, mean_loss: 0.0004
train >>> epoch: 110/200, batch: 1/7, mean_loss: 7368.2723
train >>> epoch: 110/200, batch: 2/7, mean_loss: 7810.3686
train >>> epoch: 110/200, batch: 3/7, mean_loss: 8645.4395
train >>> epoch: 110/200, batch: 4/7, mean_loss: 9136.6576
train >>> epoch: 110/200, batch: 5/7, mean_loss: 9018.7653
train >>> epoch: 110/200, batch: 6/7, mean_loss: 9185.7795
train >>> epoch: 110/200, batch: 7/7, mean_loss: 8299.8324
valid >>> epoch: 110/200, mean_loss: 0.0004
train >>> epoch: 111/200, batch: 1/7, mean_loss: 9136.6576
train >>> epoch: 111/200, batch: 2/7, mean_loss: 9873.4849
train >>> epoch: 111/200, batch: 3/7, mean_loss: 9824.3631
train >>> epoch: 111/200, batch: 4/7, mean_loss: 9505.0713
train >>> epoch: 111/200, batch: 5/7, mean_loss: 9313.4962
train >>> epoch: 111/200, batch: 6/7, mean_loss: 9185.7795
train >>> epoch: 111/200, batch: 7/7, mean_loss: 8299.8324
valid >>> epoch: 111/200, mean_loss: 0.0004
train >>> epoch: 112/200, batch: 1/7, mean_loss: 8252.4650
train >>> epoch: 112/200, batch: 2/7, mean_loss: 9431.3885
train >>> epoch: 112/200, batch: 3/7, mean_loss: 9529.6322
train >>> epoch: 112/200, batch: 4/7, mean_loss: 9062.9749
train >>> epoch: 112/200, batch: 5/7, mean_loss: 9195.6038
train >>> epoch: 112/200, batch: 6/7, mean_loss: 9284.0231
train >>> epoch: 112/200, batch: 7/7, mean_loss: 8336.6738
valid >>> epoch: 112/200, mean_loss: 0.0004
train >>> epoch: 113/200, batch: 1/7, mean_loss: 9431.3885
train >>> epoch: 113/200, batch: 2/7, mean_loss: 8989.2922
train >>> epoch: 113/200, batch: 3/7, mean_loss: 8940.1704
train >>> epoch: 113/200, batch: 4/7, mean_loss: 8768.2440
train >>> epoch: 113/200, batch: 5/7, mean_loss: 9018.7653
train >>> epoch: 113/200, batch: 6/7, mean_loss: 9333.1449
train >>> epoch: 113/200, batch: 7/7, mean_loss: 8355.0945
valid >>> epoch: 113/200, mean_loss: 0.0004
train >>> epoch: 114/200, batch: 1/7, mean_loss: 9136.6576
train >>> epoch: 114/200, batch: 2/7, mean_loss: 8399.8304
train >>> epoch: 114/200, batch: 3/7, mean_loss: 9431.3885
train >>> epoch: 114/200, batch: 4/7, mean_loss: 9284.0231
train >>> epoch: 114/200, batch: 5/7, mean_loss: 9136.6576
train >>> epoch: 114/200, batch: 6/7, mean_loss: 9136.6576
train >>> epoch: 114/200, batch: 7/7, mean_loss: 8281.4118
valid >>> epoch: 114/200, mean_loss: 0.0004
train >>> epoch: 115/200, batch: 1/7, mean_loss: 8841.9268
train >>> epoch: 115/200, batch: 2/7, mean_loss: 8547.1959
train >>> epoch: 115/200, batch: 3/7, mean_loss: 9038.4140
train >>> epoch: 115/200, batch: 4/7, mean_loss: 8768.2440
train >>> epoch: 115/200, batch: 5/7, mean_loss: 8900.8729
train >>> epoch: 115/200, batch: 6/7, mean_loss: 9087.5358
train >>> epoch: 115/200, batch: 7/7, mean_loss: 8262.9911
valid >>> epoch: 115/200, mean_loss: 0.0004
train >>> epoch: 116/200, batch: 1/7, mean_loss: 10315.5812
train >>> epoch: 116/200, batch: 2/7, mean_loss: 9284.0231
train >>> epoch: 116/200, batch: 3/7, mean_loss: 9136.6576
train >>> epoch: 116/200, batch: 4/7, mean_loss: 9210.3404
train >>> epoch: 116/200, batch: 5/7, mean_loss: 9195.6038
train >>> epoch: 116/200, batch: 6/7, mean_loss: 9136.6576
train >>> epoch: 116/200, batch: 7/7, mean_loss: 8281.4118
valid >>> epoch: 116/200, mean_loss: 0.0004
train >>> epoch: 117/200, batch: 1/7, mean_loss: 12378.6975
train >>> epoch: 117/200, batch: 2/7, mean_loss: 10610.3121
train >>> epoch: 117/200, batch: 3/7, mean_loss: 9529.6322
train >>> epoch: 117/200, batch: 4/7, mean_loss: 9210.3404
train >>> epoch: 117/200, batch: 5/7, mean_loss: 8959.8191
train >>> epoch: 117/200, batch: 6/7, mean_loss: 9333.1449
train >>> epoch: 117/200, batch: 7/7, mean_loss: 8355.0945
valid >>> epoch: 117/200, mean_loss: 0.0004
train >>> epoch: 118/200, batch: 1/7, mean_loss: 9136.6576
train >>> epoch: 118/200, batch: 2/7, mean_loss: 8399.8304
train >>> epoch: 118/200, batch: 3/7, mean_loss: 8547.1959
train >>> epoch: 118/200, batch: 4/7, mean_loss: 9284.0231
train >>> epoch: 118/200, batch: 5/7, mean_loss: 9077.7115
train >>> epoch: 118/200, batch: 6/7, mean_loss: 9333.1449
train >>> epoch: 118/200, batch: 7/7, mean_loss: 8355.0945
valid >>> epoch: 118/200, mean_loss: 0.0004
train >>> epoch: 119/200, batch: 1/7, mean_loss: 10315.5812
train >>> epoch: 119/200, batch: 2/7, mean_loss: 10610.3121
train >>> epoch: 119/200, batch: 3/7, mean_loss: 10217.3376
train >>> epoch: 119/200, batch: 4/7, mean_loss: 9873.4849
train >>> epoch: 119/200, batch: 5/7, mean_loss: 9490.3347
train >>> epoch: 119/200, batch: 6/7, mean_loss: 9431.3885
train >>> epoch: 119/200, batch: 7/7, mean_loss: 8391.9358
valid >>> epoch: 119/200, mean_loss: 0.0004
train >>> epoch: 120/200, batch: 1/7, mean_loss: 9726.1194
train >>> epoch: 120/200, batch: 2/7, mean_loss: 11052.4084
train >>> epoch: 120/200, batch: 3/7, mean_loss: 10315.5812
train >>> epoch: 120/200, batch: 4/7, mean_loss: 9431.3885
train >>> epoch: 120/200, batch: 5/7, mean_loss: 9372.4424
train >>> epoch: 120/200, batch: 6/7, mean_loss: 9382.2667
train >>> epoch: 120/200, batch: 7/7, mean_loss: 8373.5152
valid >>> epoch: 120/200, mean_loss: 0.0004
train >>> epoch: 121/200, batch: 1/7, mean_loss: 9431.3885
train >>> epoch: 121/200, batch: 2/7, mean_loss: 8694.5613
train >>> epoch: 121/200, batch: 3/7, mean_loss: 8645.4395
train >>> epoch: 121/200, batch: 4/7, mean_loss: 8620.8786
train >>> epoch: 121/200, batch: 5/7, mean_loss: 9372.4424
train >>> epoch: 121/200, batch: 6/7, mean_loss: 9185.7795
train >>> epoch: 121/200, batch: 7/7, mean_loss: 8299.8324
valid >>> epoch: 121/200, mean_loss: 0.0004
train >>> epoch: 122/200, batch: 1/7, mean_loss: 7957.7341
train >>> epoch: 122/200, batch: 2/7, mean_loss: 10610.3121
train >>> epoch: 122/200, batch: 3/7, mean_loss: 9824.3631
train >>> epoch: 122/200, batch: 4/7, mean_loss: 9505.0713
train >>> epoch: 122/200, batch: 5/7, mean_loss: 9254.5500
train >>> epoch: 122/200, batch: 6/7, mean_loss: 9284.0231
train >>> epoch: 122/200, batch: 7/7, mean_loss: 8336.6738
valid >>> epoch: 122/200, mean_loss: 0.0004
train >>> epoch: 123/200, batch: 1/7, mean_loss: 8252.4650
train >>> epoch: 123/200, batch: 2/7, mean_loss: 8399.8304
train >>> epoch: 123/200, batch: 3/7, mean_loss: 8743.6831
train >>> epoch: 123/200, batch: 4/7, mean_loss: 8841.9268
train >>> epoch: 123/200, batch: 5/7, mean_loss: 8841.9268
train >>> epoch: 123/200, batch: 6/7, mean_loss: 9185.7795
train >>> epoch: 123/200, batch: 7/7, mean_loss: 8299.8324
valid >>> epoch: 123/200, mean_loss: 0.0004
train >>> epoch: 124/200, batch: 1/7, mean_loss: 7663.0032
train >>> epoch: 124/200, batch: 2/7, mean_loss: 9578.7540
train >>> epoch: 124/200, batch: 3/7, mean_loss: 9529.6322
train >>> epoch: 124/200, batch: 4/7, mean_loss: 9431.3885
train >>> epoch: 124/200, batch: 5/7, mean_loss: 9490.3347
train >>> epoch: 124/200, batch: 6/7, mean_loss: 9382.2667
train >>> epoch: 124/200, batch: 7/7, mean_loss: 8373.5152
valid >>> epoch: 124/200, mean_loss: 0.0004
train >>> epoch: 125/200, batch: 1/7, mean_loss: 8841.9268
train >>> epoch: 125/200, batch: 2/7, mean_loss: 8841.9268
train >>> epoch: 125/200, batch: 3/7, mean_loss: 9234.9013
train >>> epoch: 125/200, batch: 4/7, mean_loss: 9136.6576
train >>> epoch: 125/200, batch: 5/7, mean_loss: 9018.7653
train >>> epoch: 125/200, batch: 6/7, mean_loss: 9087.5358
train >>> epoch: 125/200, batch: 7/7, mean_loss: 8262.9911
valid >>> epoch: 125/200, mean_loss: 0.0004
train >>> epoch: 126/200, batch: 1/7, mean_loss: 10610.3121
train >>> epoch: 126/200, batch: 2/7, mean_loss: 10315.5812
train >>> epoch: 126/200, batch: 3/7, mean_loss: 10315.5812
train >>> epoch: 126/200, batch: 4/7, mean_loss: 9947.1676
train >>> epoch: 126/200, batch: 5/7, mean_loss: 9902.9580
train >>> epoch: 126/200, batch: 6/7, mean_loss: 9480.5104
train >>> epoch: 126/200, batch: 7/7, mean_loss: 8410.3565
valid >>> epoch: 126/200, mean_loss: 0.0004
train >>> epoch: 127/200, batch: 1/7, mean_loss: 8841.9268
train >>> epoch: 127/200, batch: 2/7, mean_loss: 8841.9268
train >>> epoch: 127/200, batch: 3/7, mean_loss: 9431.3885
train >>> epoch: 127/200, batch: 4/7, mean_loss: 9210.3404
train >>> epoch: 127/200, batch: 5/7, mean_loss: 9372.4424
train >>> epoch: 127/200, batch: 6/7, mean_loss: 9284.0231
train >>> epoch: 127/200, batch: 7/7, mean_loss: 8336.6738
valid >>> epoch: 127/200, mean_loss: 0.0004
train >>> epoch: 128/200, batch: 1/7, mean_loss: 10020.8503
train >>> epoch: 128/200, batch: 2/7, mean_loss: 9578.7540
train >>> epoch: 128/200, batch: 3/7, mean_loss: 9038.4140
train >>> epoch: 128/200, batch: 4/7, mean_loss: 9357.7058
train >>> epoch: 128/200, batch: 5/7, mean_loss: 9372.4424
train >>> epoch: 128/200, batch: 6/7, mean_loss: 9333.1449
train >>> epoch: 128/200, batch: 7/7, mean_loss: 8355.0945
valid >>> epoch: 128/200, mean_loss: 0.0004
train >>> epoch: 129/200, batch: 1/7, mean_loss: 6484.0796
train >>> epoch: 129/200, batch: 2/7, mean_loss: 8399.8304
train >>> epoch: 129/200, batch: 3/7, mean_loss: 8547.1959
train >>> epoch: 129/200, batch: 4/7, mean_loss: 8915.6095
train >>> epoch: 129/200, batch: 5/7, mean_loss: 9136.6576
train >>> epoch: 129/200, batch: 6/7, mean_loss: 9136.6576
train >>> epoch: 129/200, batch: 7/7, mean_loss: 8281.4118
valid >>> epoch: 129/200, mean_loss: 0.0004
train >>> epoch: 130/200, batch: 1/7, mean_loss: 10315.5812
train >>> epoch: 130/200, batch: 2/7, mean_loss: 10020.8503
train >>> epoch: 130/200, batch: 3/7, mean_loss: 9627.8758
train >>> epoch: 130/200, batch: 4/7, mean_loss: 9210.3404
train >>> epoch: 130/200, batch: 5/7, mean_loss: 9018.7653
train >>> epoch: 130/200, batch: 6/7, mean_loss: 9136.6576
train >>> epoch: 130/200, batch: 7/7, mean_loss: 8281.4118
valid >>> epoch: 130/200, mean_loss: 0.0004
train >>> epoch: 131/200, batch: 1/7, mean_loss: 10315.5812
train >>> epoch: 131/200, batch: 2/7, mean_loss: 9873.4849
train >>> epoch: 131/200, batch: 3/7, mean_loss: 9529.6322
train >>> epoch: 131/200, batch: 4/7, mean_loss: 9062.9749
train >>> epoch: 131/200, batch: 5/7, mean_loss: 9136.6576
train >>> epoch: 131/200, batch: 6/7, mean_loss: 9038.4140
train >>> epoch: 131/200, batch: 7/7, mean_loss: 8244.5704
valid >>> epoch: 131/200, mean_loss: 0.0004
train >>> epoch: 132/200, batch: 1/7, mean_loss: 9136.6576
train >>> epoch: 132/200, batch: 2/7, mean_loss: 9578.7540
train >>> epoch: 132/200, batch: 3/7, mean_loss: 8940.1704
train >>> epoch: 132/200, batch: 4/7, mean_loss: 9284.0231
train >>> epoch: 132/200, batch: 5/7, mean_loss: 9018.7653
train >>> epoch: 132/200, batch: 6/7, mean_loss: 9136.6576
train >>> epoch: 132/200, batch: 7/7, mean_loss: 8281.4118
valid >>> epoch: 132/200, mean_loss: 0.0004
train >>> epoch: 133/200, batch: 1/7, mean_loss: 7957.7341
train >>> epoch: 133/200, batch: 2/7, mean_loss: 8105.0995
train >>> epoch: 133/200, batch: 3/7, mean_loss: 8940.1704
train >>> epoch: 133/200, batch: 4/7, mean_loss: 9136.6576
train >>> epoch: 133/200, batch: 5/7, mean_loss: 8959.8191
train >>> epoch: 133/200, batch: 6/7, mean_loss: 8940.1704
train >>> epoch: 133/200, batch: 7/7, mean_loss: 8207.7290
valid >>> epoch: 133/200, mean_loss: 0.0004
train >>> epoch: 134/200, batch: 1/7, mean_loss: 10020.8503
train >>> epoch: 134/200, batch: 2/7, mean_loss: 8694.5613
train >>> epoch: 134/200, batch: 3/7, mean_loss: 9038.4140
train >>> epoch: 134/200, batch: 4/7, mean_loss: 8989.2922
train >>> epoch: 134/200, batch: 5/7, mean_loss: 9077.7115
train >>> epoch: 134/200, batch: 6/7, mean_loss: 9284.0231
train >>> epoch: 134/200, batch: 7/7, mean_loss: 8336.6738
valid >>> epoch: 134/200, mean_loss: 0.0004
train >>> epoch: 135/200, batch: 1/7, mean_loss: 7368.2723
train >>> epoch: 135/200, batch: 2/7, mean_loss: 8841.9268
train >>> epoch: 135/200, batch: 3/7, mean_loss: 8448.9522
train >>> epoch: 135/200, batch: 4/7, mean_loss: 8620.8786
train >>> epoch: 135/200, batch: 5/7, mean_loss: 9077.7115
train >>> epoch: 135/200, batch: 6/7, mean_loss: 8940.1704
train >>> epoch: 135/200, batch: 7/7, mean_loss: 8207.7290
valid >>> epoch: 135/200, mean_loss: 0.0004
train >>> epoch: 136/200, batch: 1/7, mean_loss: 11789.2357
train >>> epoch: 136/200, batch: 2/7, mean_loss: 10168.2158
train >>> epoch: 136/200, batch: 3/7, mean_loss: 10315.5812
train >>> epoch: 136/200, batch: 4/7, mean_loss: 9652.4367
train >>> epoch: 136/200, batch: 5/7, mean_loss: 9372.4424
train >>> epoch: 136/200, batch: 6/7, mean_loss: 9185.7795
train >>> epoch: 136/200, batch: 7/7, mean_loss: 8299.8324
valid >>> epoch: 136/200, mean_loss: 0.0004
train >>> epoch: 137/200, batch: 1/7, mean_loss: 7663.0032
train >>> epoch: 137/200, batch: 2/7, mean_loss: 8989.2922
train >>> epoch: 137/200, batch: 3/7, mean_loss: 9234.9013
train >>> epoch: 137/200, batch: 4/7, mean_loss: 9505.0713
train >>> epoch: 137/200, batch: 5/7, mean_loss: 9608.2271
train >>> epoch: 137/200, batch: 6/7, mean_loss: 9431.3885
train >>> epoch: 137/200, batch: 7/7, mean_loss: 8391.9358
valid >>> epoch: 137/200, mean_loss: 0.0004
train >>> epoch: 138/200, batch: 1/7, mean_loss: 9431.3885
train >>> epoch: 138/200, batch: 2/7, mean_loss: 8547.1959
train >>> epoch: 138/200, batch: 3/7, mean_loss: 8743.6831
train >>> epoch: 138/200, batch: 4/7, mean_loss: 8915.6095
train >>> epoch: 138/200, batch: 5/7, mean_loss: 9136.6576
train >>> epoch: 138/200, batch: 6/7, mean_loss: 9136.6576
train >>> epoch: 138/200, batch: 7/7, mean_loss: 8281.4118
valid >>> epoch: 138/200, mean_loss: 0.0004
train >>> epoch: 139/200, batch: 1/7, mean_loss: 11789.2357
train >>> epoch: 139/200, batch: 2/7, mean_loss: 11052.4084
train >>> epoch: 139/200, batch: 3/7, mean_loss: 10512.0685
train >>> epoch: 139/200, batch: 4/7, mean_loss: 9505.0713
train >>> epoch: 139/200, batch: 5/7, mean_loss: 9667.1733
train >>> epoch: 139/200, batch: 6/7, mean_loss: 9382.2667
train >>> epoch: 139/200, batch: 7/7, mean_loss: 8373.5152
valid >>> epoch: 139/200, mean_loss: 0.0004
train >>> epoch: 140/200, batch: 1/7, mean_loss: 9726.1194
train >>> epoch: 140/200, batch: 2/7, mean_loss: 9431.3885
train >>> epoch: 140/200, batch: 3/7, mean_loss: 8743.6831
train >>> epoch: 140/200, batch: 4/7, mean_loss: 9284.0231
train >>> epoch: 140/200, batch: 5/7, mean_loss: 9490.3347
train >>> epoch: 140/200, batch: 6/7, mean_loss: 9382.2667
train >>> epoch: 140/200, batch: 7/7, mean_loss: 8373.5152
valid >>> epoch: 140/200, mean_loss: 0.0004
train >>> epoch: 141/200, batch: 1/7, mean_loss: 10020.8503
train >>> epoch: 141/200, batch: 2/7, mean_loss: 9136.6576
train >>> epoch: 141/200, batch: 3/7, mean_loss: 9529.6322
train >>> epoch: 141/200, batch: 4/7, mean_loss: 9505.0713
train >>> epoch: 141/200, batch: 5/7, mean_loss: 9254.5500
train >>> epoch: 141/200, batch: 6/7, mean_loss: 9087.5358
train >>> epoch: 141/200, batch: 7/7, mean_loss: 8262.9911
valid >>> epoch: 141/200, mean_loss: 0.0004
train >>> epoch: 142/200, batch: 1/7, mean_loss: 8841.9268
train >>> epoch: 142/200, batch: 2/7, mean_loss: 9284.0231
train >>> epoch: 142/200, batch: 3/7, mean_loss: 9627.8758
train >>> epoch: 142/200, batch: 4/7, mean_loss: 9284.0231
train >>> epoch: 142/200, batch: 5/7, mean_loss: 9077.7115
train >>> epoch: 142/200, batch: 6/7, mean_loss: 9284.0231
train >>> epoch: 142/200, batch: 7/7, mean_loss: 8336.6738
valid >>> epoch: 142/200, mean_loss: 0.0004
train >>> epoch: 143/200, batch: 1/7, mean_loss: 9431.3885
train >>> epoch: 143/200, batch: 2/7, mean_loss: 9136.6576
train >>> epoch: 143/200, batch: 3/7, mean_loss: 9333.1449
train >>> epoch: 143/200, batch: 4/7, mean_loss: 9136.6576
train >>> epoch: 143/200, batch: 5/7, mean_loss: 9077.7115
train >>> epoch: 143/200, batch: 6/7, mean_loss: 9185.7795
train >>> epoch: 143/200, batch: 7/7, mean_loss: 8299.8324
valid >>> epoch: 143/200, mean_loss: 0.0004
train >>> epoch: 144/200, batch: 1/7, mean_loss: 10020.8503
train >>> epoch: 144/200, batch: 2/7, mean_loss: 8989.2922
train >>> epoch: 144/200, batch: 3/7, mean_loss: 8841.9268
train >>> epoch: 144/200, batch: 4/7, mean_loss: 9357.7058
train >>> epoch: 144/200, batch: 5/7, mean_loss: 9077.7115
train >>> epoch: 144/200, batch: 6/7, mean_loss: 9185.7795
train >>> epoch: 144/200, batch: 7/7, mean_loss: 8299.8324
valid >>> epoch: 144/200, mean_loss: 0.0004
train >>> epoch: 145/200, batch: 1/7, mean_loss: 7957.7341
train >>> epoch: 145/200, batch: 2/7, mean_loss: 8105.0995
train >>> epoch: 145/200, batch: 3/7, mean_loss: 8154.2213
train >>> epoch: 145/200, batch: 4/7, mean_loss: 8841.9268
train >>> epoch: 145/200, batch: 5/7, mean_loss: 8841.9268
train >>> epoch: 145/200, batch: 6/7, mean_loss: 9185.7795
train >>> epoch: 145/200, batch: 7/7, mean_loss: 8299.8324
valid >>> epoch: 145/200, mean_loss: 0.0004
train >>> epoch: 146/200, batch: 1/7, mean_loss: 7957.7341
train >>> epoch: 146/200, batch: 2/7, mean_loss: 8547.1959
train >>> epoch: 146/200, batch: 3/7, mean_loss: 8841.9268
train >>> epoch: 146/200, batch: 4/7, mean_loss: 9284.0231
train >>> epoch: 146/200, batch: 5/7, mean_loss: 9431.3885
train >>> epoch: 146/200, batch: 6/7, mean_loss: 9431.3885
train >>> epoch: 146/200, batch: 7/7, mean_loss: 8391.9358
valid >>> epoch: 146/200, mean_loss: 0.0004
train >>> epoch: 147/200, batch: 1/7, mean_loss: 9136.6576
train >>> epoch: 147/200, batch: 2/7, mean_loss: 9136.6576
train >>> epoch: 147/200, batch: 3/7, mean_loss: 9136.6576
train >>> epoch: 147/200, batch: 4/7, mean_loss: 9431.3885
train >>> epoch: 147/200, batch: 5/7, mean_loss: 9136.6576
train >>> epoch: 147/200, batch: 6/7, mean_loss: 9087.5358
train >>> epoch: 147/200, batch: 7/7, mean_loss: 8262.9911
valid >>> epoch: 147/200, mean_loss: 0.0004
train >>> epoch: 148/200, batch: 1/7, mean_loss: 10315.5812
train >>> epoch: 148/200, batch: 2/7, mean_loss: 10462.9467
train >>> epoch: 148/200, batch: 3/7, mean_loss: 9627.8758
train >>> epoch: 148/200, batch: 4/7, mean_loss: 9210.3404
train >>> epoch: 148/200, batch: 5/7, mean_loss: 9667.1733
train >>> epoch: 148/200, batch: 6/7, mean_loss: 9333.1449
train >>> epoch: 148/200, batch: 7/7, mean_loss: 8355.0945
valid >>> epoch: 148/200, mean_loss: 0.0004
train >>> epoch: 149/200, batch: 1/7, mean_loss: 8252.4650
train >>> epoch: 149/200, batch: 2/7, mean_loss: 8547.1959
train >>> epoch: 149/200, batch: 3/7, mean_loss: 8743.6831
train >>> epoch: 149/200, batch: 4/7, mean_loss: 8694.5613
train >>> epoch: 149/200, batch: 5/7, mean_loss: 8724.0344
train >>> epoch: 149/200, batch: 6/7, mean_loss: 9087.5358
train >>> epoch: 149/200, batch: 7/7, mean_loss: 8262.9911
valid >>> epoch: 149/200, mean_loss: 0.0004
train >>> epoch: 150/200, batch: 1/7, mean_loss: 9726.1194
train >>> epoch: 150/200, batch: 2/7, mean_loss: 9136.6576
train >>> epoch: 150/200, batch: 3/7, mean_loss: 9136.6576
train >>> epoch: 150/200, batch: 4/7, mean_loss: 9210.3404
train >>> epoch: 150/200, batch: 5/7, mean_loss: 8900.8729
train >>> epoch: 150/200, batch: 6/7, mean_loss: 9136.6576
train >>> epoch: 150/200, batch: 7/7, mean_loss: 8281.4118
valid >>> epoch: 150/200, mean_loss: 0.0004
train >>> epoch: 151/200, batch: 1/7, mean_loss: 8252.4650
train >>> epoch: 151/200, batch: 2/7, mean_loss: 8989.2922
train >>> epoch: 151/200, batch: 3/7, mean_loss: 8547.1959
train >>> epoch: 151/200, batch: 4/7, mean_loss: 8915.6095
train >>> epoch: 151/200, batch: 5/7, mean_loss: 8959.8191
train >>> epoch: 151/200, batch: 6/7, mean_loss: 9136.6576
train >>> epoch: 151/200, batch: 7/7, mean_loss: 8281.4118
valid >>> epoch: 151/200, mean_loss: 0.0004
train >>> epoch: 152/200, batch: 1/7, mean_loss: 10315.5812
train >>> epoch: 152/200, batch: 2/7, mean_loss: 9431.3885
train >>> epoch: 152/200, batch: 3/7, mean_loss: 9824.3631
train >>> epoch: 152/200, batch: 4/7, mean_loss: 9726.1194
train >>> epoch: 152/200, batch: 5/7, mean_loss: 9490.3347
train >>> epoch: 152/200, batch: 6/7, mean_loss: 9185.7795
train >>> epoch: 152/200, batch: 7/7, mean_loss: 8299.8324
valid >>> epoch: 152/200, mean_loss: 0.0004
train >>> epoch: 153/200, batch: 1/7, mean_loss: 10020.8503
train >>> epoch: 153/200, batch: 2/7, mean_loss: 9284.0231
train >>> epoch: 153/200, batch: 3/7, mean_loss: 9136.6576
train >>> epoch: 153/200, batch: 4/7, mean_loss: 8989.2922
train >>> epoch: 153/200, batch: 5/7, mean_loss: 9313.4962
train >>> epoch: 153/200, batch: 6/7, mean_loss: 9284.0231
train >>> epoch: 153/200, batch: 7/7, mean_loss: 8336.6738
valid >>> epoch: 153/200, mean_loss: 0.0004
train >>> epoch: 154/200, batch: 1/7, mean_loss: 7957.7341
train >>> epoch: 154/200, batch: 2/7, mean_loss: 8841.9268
train >>> epoch: 154/200, batch: 3/7, mean_loss: 9431.3885
train >>> epoch: 154/200, batch: 4/7, mean_loss: 9431.3885
train >>> epoch: 154/200, batch: 5/7, mean_loss: 9077.7115
train >>> epoch: 154/200, batch: 6/7, mean_loss: 9136.6576
train >>> epoch: 154/200, batch: 7/7, mean_loss: 8281.4118
valid >>> epoch: 154/200, mean_loss: 0.0004
train >>> epoch: 155/200, batch: 1/7, mean_loss: 6484.0796
train >>> epoch: 155/200, batch: 2/7, mean_loss: 8105.0995
train >>> epoch: 155/200, batch: 3/7, mean_loss: 8645.4395
train >>> epoch: 155/200, batch: 4/7, mean_loss: 9136.6576
train >>> epoch: 155/200, batch: 5/7, mean_loss: 9372.4424
train >>> epoch: 155/200, batch: 6/7, mean_loss: 9234.9013
train >>> epoch: 155/200, batch: 7/7, mean_loss: 8318.2531
valid >>> epoch: 155/200, mean_loss: 0.0004
train >>> epoch: 156/200, batch: 1/7, mean_loss: 9136.6576
train >>> epoch: 156/200, batch: 2/7, mean_loss: 9873.4849
train >>> epoch: 156/200, batch: 3/7, mean_loss: 9726.1194
train >>> epoch: 156/200, batch: 4/7, mean_loss: 9357.7058
train >>> epoch: 156/200, batch: 5/7, mean_loss: 9490.3347
train >>> epoch: 156/200, batch: 6/7, mean_loss: 9284.0231
train >>> epoch: 156/200, batch: 7/7, mean_loss: 8336.6738
valid >>> epoch: 156/200, mean_loss: 0.0004
train >>> epoch: 157/200, batch: 1/7, mean_loss: 9726.1194
train >>> epoch: 157/200, batch: 2/7, mean_loss: 9136.6576
train >>> epoch: 157/200, batch: 3/7, mean_loss: 8645.4395
train >>> epoch: 157/200, batch: 4/7, mean_loss: 9062.9749
train >>> epoch: 157/200, batch: 5/7, mean_loss: 9195.6038
train >>> epoch: 157/200, batch: 6/7, mean_loss: 9185.7795
train >>> epoch: 157/200, batch: 7/7, mean_loss: 8299.8324
valid >>> epoch: 157/200, mean_loss: 0.0004
train >>> epoch: 158/200, batch: 1/7, mean_loss: 8547.1959
train >>> epoch: 158/200, batch: 2/7, mean_loss: 9431.3885
train >>> epoch: 158/200, batch: 3/7, mean_loss: 9136.6576
train >>> epoch: 158/200, batch: 4/7, mean_loss: 9062.9749
train >>> epoch: 158/200, batch: 5/7, mean_loss: 9136.6576
train >>> epoch: 158/200, batch: 6/7, mean_loss: 9185.7795
train >>> epoch: 158/200, batch: 7/7, mean_loss: 8299.8324
valid >>> epoch: 158/200, mean_loss: 0.0004
train >>> epoch: 159/200, batch: 1/7, mean_loss: 10610.3121
train >>> epoch: 159/200, batch: 2/7, mean_loss: 8989.2922
train >>> epoch: 159/200, batch: 3/7, mean_loss: 9234.9013
train >>> epoch: 159/200, batch: 4/7, mean_loss: 9284.0231
train >>> epoch: 159/200, batch: 5/7, mean_loss: 9372.4424
train >>> epoch: 159/200, batch: 6/7, mean_loss: 9382.2667
train >>> epoch: 159/200, batch: 7/7, mean_loss: 8373.5152
valid >>> epoch: 159/200, mean_loss: 0.0004
train >>> epoch: 160/200, batch: 1/7, mean_loss: 10020.8503
train >>> epoch: 160/200, batch: 2/7, mean_loss: 8694.5613
train >>> epoch: 160/200, batch: 3/7, mean_loss: 9333.1449
train >>> epoch: 160/200, batch: 4/7, mean_loss: 8841.9268
train >>> epoch: 160/200, batch: 5/7, mean_loss: 8841.9268
train >>> epoch: 160/200, batch: 6/7, mean_loss: 9087.5358
train >>> epoch: 160/200, batch: 7/7, mean_loss: 8262.9911
valid >>> epoch: 160/200, mean_loss: 0.0004
train >>> epoch: 161/200, batch: 1/7, mean_loss: 7368.2723
train >>> epoch: 161/200, batch: 2/7, mean_loss: 7663.0032
train >>> epoch: 161/200, batch: 3/7, mean_loss: 9627.8758
train >>> epoch: 161/200, batch: 4/7, mean_loss: 9431.3885
train >>> epoch: 161/200, batch: 5/7, mean_loss: 9254.5500
train >>> epoch: 161/200, batch: 6/7, mean_loss: 9234.9013
train >>> epoch: 161/200, batch: 7/7, mean_loss: 8318.2531
valid >>> epoch: 161/200, mean_loss: 0.0004
train >>> epoch: 162/200, batch: 1/7, mean_loss: 10315.5812
train >>> epoch: 162/200, batch: 2/7, mean_loss: 9726.1194
train >>> epoch: 162/200, batch: 3/7, mean_loss: 9529.6322
train >>> epoch: 162/200, batch: 4/7, mean_loss: 9284.0231
train >>> epoch: 162/200, batch: 5/7, mean_loss: 9667.1733
train >>> epoch: 162/200, batch: 6/7, mean_loss: 9382.2667
train >>> epoch: 162/200, batch: 7/7, mean_loss: 8373.5152
valid >>> epoch: 162/200, mean_loss: 0.0004
train >>> epoch: 163/200, batch: 1/7, mean_loss: 6778.8105
train >>> epoch: 163/200, batch: 2/7, mean_loss: 8989.2922
train >>> epoch: 163/200, batch: 3/7, mean_loss: 9136.6576
train >>> epoch: 163/200, batch: 4/7, mean_loss: 9357.7058
train >>> epoch: 163/200, batch: 5/7, mean_loss: 8959.8191
train >>> epoch: 163/200, batch: 6/7, mean_loss: 9038.4140
train >>> epoch: 163/200, batch: 7/7, mean_loss: 8244.5704
valid >>> epoch: 163/200, mean_loss: 0.0004
train >>> epoch: 164/200, batch: 1/7, mean_loss: 7663.0032
train >>> epoch: 164/200, batch: 2/7, mean_loss: 8547.1959
train >>> epoch: 164/200, batch: 3/7, mean_loss: 8547.1959
train >>> epoch: 164/200, batch: 4/7, mean_loss: 8768.2440
train >>> epoch: 164/200, batch: 5/7, mean_loss: 9077.7115
train >>> epoch: 164/200, batch: 6/7, mean_loss: 9038.4140
train >>> epoch: 164/200, batch: 7/7, mean_loss: 8244.5704
valid >>> epoch: 164/200, mean_loss: 0.0004
train >>> epoch: 165/200, batch: 1/7, mean_loss: 9726.1194
train >>> epoch: 165/200, batch: 2/7, mean_loss: 9726.1194
train >>> epoch: 165/200, batch: 3/7, mean_loss: 9529.6322
train >>> epoch: 165/200, batch: 4/7, mean_loss: 9357.7058
train >>> epoch: 165/200, batch: 5/7, mean_loss: 9195.6038
train >>> epoch: 165/200, batch: 6/7, mean_loss: 9136.6576
train >>> epoch: 165/200, batch: 7/7, mean_loss: 8281.4118
valid >>> epoch: 165/200, mean_loss: 0.0004
train >>> epoch: 166/200, batch: 1/7, mean_loss: 9431.3885
train >>> epoch: 166/200, batch: 2/7, mean_loss: 10610.3121
train >>> epoch: 166/200, batch: 3/7, mean_loss: 10217.3376
train >>> epoch: 166/200, batch: 4/7, mean_loss: 9578.7540
train >>> epoch: 166/200, batch: 5/7, mean_loss: 9431.3885
train >>> epoch: 166/200, batch: 6/7, mean_loss: 9333.1449
train >>> epoch: 166/200, batch: 7/7, mean_loss: 8355.0945
valid >>> epoch: 166/200, mean_loss: 0.0004
train >>> epoch: 167/200, batch: 1/7, mean_loss: 7073.5414
train >>> epoch: 167/200, batch: 2/7, mean_loss: 7810.3686
train >>> epoch: 167/200, batch: 3/7, mean_loss: 8252.4650
train >>> epoch: 167/200, batch: 4/7, mean_loss: 8547.1959
train >>> epoch: 167/200, batch: 5/7, mean_loss: 9136.6576
train >>> epoch: 167/200, batch: 6/7, mean_loss: 9038.4140
train >>> epoch: 167/200, batch: 7/7, mean_loss: 8244.5704
valid >>> epoch: 167/200, mean_loss: 0.0004
train >>> epoch: 168/200, batch: 1/7, mean_loss: 8841.9268
train >>> epoch: 168/200, batch: 2/7, mean_loss: 8547.1959
train >>> epoch: 168/200, batch: 3/7, mean_loss: 9136.6576
train >>> epoch: 168/200, batch: 4/7, mean_loss: 8989.2922
train >>> epoch: 168/200, batch: 5/7, mean_loss: 8959.8191
train >>> epoch: 168/200, batch: 6/7, mean_loss: 8940.1704
train >>> epoch: 168/200, batch: 7/7, mean_loss: 8207.7290
valid >>> epoch: 168/200, mean_loss: 0.0004
train >>> epoch: 169/200, batch: 1/7, mean_loss: 8841.9268
train >>> epoch: 169/200, batch: 2/7, mean_loss: 8841.9268
train >>> epoch: 169/200, batch: 3/7, mean_loss: 8448.9522
train >>> epoch: 169/200, batch: 4/7, mean_loss: 9062.9749
train >>> epoch: 169/200, batch: 5/7, mean_loss: 9077.7115
train >>> epoch: 169/200, batch: 6/7, mean_loss: 9234.9013
train >>> epoch: 169/200, batch: 7/7, mean_loss: 8318.2531
valid >>> epoch: 169/200, mean_loss: 0.0004
train >>> epoch: 170/200, batch: 1/7, mean_loss: 9726.1194
train >>> epoch: 170/200, batch: 2/7, mean_loss: 9726.1194
train >>> epoch: 170/200, batch: 3/7, mean_loss: 8841.9268
train >>> epoch: 170/200, batch: 4/7, mean_loss: 8915.6095
train >>> epoch: 170/200, batch: 5/7, mean_loss: 8724.0344
train >>> epoch: 170/200, batch: 6/7, mean_loss: 9087.5358
train >>> epoch: 170/200, batch: 7/7, mean_loss: 8262.9911
valid >>> epoch: 170/200, mean_loss: 0.0004
train >>> epoch: 171/200, batch: 1/7, mean_loss: 9431.3885
train >>> epoch: 171/200, batch: 2/7, mean_loss: 9431.3885
train >>> epoch: 171/200, batch: 3/7, mean_loss: 9824.3631
train >>> epoch: 171/200, batch: 4/7, mean_loss: 9578.7540
train >>> epoch: 171/200, batch: 5/7, mean_loss: 9431.3885
train >>> epoch: 171/200, batch: 6/7, mean_loss: 9333.1449
train >>> epoch: 171/200, batch: 7/7, mean_loss: 8355.0945
valid >>> epoch: 171/200, mean_loss: 0.0004
train >>> epoch: 172/200, batch: 1/7, mean_loss: 8252.4650
train >>> epoch: 172/200, batch: 2/7, mean_loss: 9284.0231
train >>> epoch: 172/200, batch: 3/7, mean_loss: 8940.1704
train >>> epoch: 172/200, batch: 4/7, mean_loss: 8915.6095
train >>> epoch: 172/200, batch: 5/7, mean_loss: 8782.9806
train >>> epoch: 172/200, batch: 6/7, mean_loss: 9284.0231
train >>> epoch: 172/200, batch: 7/7, mean_loss: 8336.6738
valid >>> epoch: 172/200, mean_loss: 0.0004
train >>> epoch: 173/200, batch: 1/7, mean_loss: 9431.3885
train >>> epoch: 173/200, batch: 2/7, mean_loss: 9431.3885
train >>> epoch: 173/200, batch: 3/7, mean_loss: 9136.6576
train >>> epoch: 173/200, batch: 4/7, mean_loss: 9284.0231
train >>> epoch: 173/200, batch: 5/7, mean_loss: 9254.5500
train >>> epoch: 173/200, batch: 6/7, mean_loss: 9431.3885
train >>> epoch: 173/200, batch: 7/7, mean_loss: 8391.9358
valid >>> epoch: 173/200, mean_loss: 0.0004
train >>> epoch: 174/200, batch: 1/7, mean_loss: 10315.5812
train >>> epoch: 174/200, batch: 2/7, mean_loss: 8989.2922
train >>> epoch: 174/200, batch: 3/7, mean_loss: 8841.9268
train >>> epoch: 174/200, batch: 4/7, mean_loss: 8989.2922
train >>> epoch: 174/200, batch: 5/7, mean_loss: 9136.6576
train >>> epoch: 174/200, batch: 6/7, mean_loss: 8989.2922
train >>> epoch: 174/200, batch: 7/7, mean_loss: 8226.1497
valid >>> epoch: 174/200, mean_loss: 0.0004
train >>> epoch: 175/200, batch: 1/7, mean_loss: 10610.3121
train >>> epoch: 175/200, batch: 2/7, mean_loss: 9136.6576
train >>> epoch: 175/200, batch: 3/7, mean_loss: 8940.1704
train >>> epoch: 175/200, batch: 4/7, mean_loss: 9357.7058
train >>> epoch: 175/200, batch: 5/7, mean_loss: 9018.7653
train >>> epoch: 175/200, batch: 6/7, mean_loss: 9284.0231
train >>> epoch: 175/200, batch: 7/7, mean_loss: 8336.6738
valid >>> epoch: 175/200, mean_loss: 0.0004
train >>> epoch: 176/200, batch: 1/7, mean_loss: 7957.7341
train >>> epoch: 176/200, batch: 2/7, mean_loss: 9873.4849
train >>> epoch: 176/200, batch: 3/7, mean_loss: 9333.1449
train >>> epoch: 176/200, batch: 4/7, mean_loss: 9136.6576
train >>> epoch: 176/200, batch: 5/7, mean_loss: 8959.8191
train >>> epoch: 176/200, batch: 6/7, mean_loss: 9136.6576
train >>> epoch: 176/200, batch: 7/7, mean_loss: 8281.4118
valid >>> epoch: 176/200, mean_loss: 0.0004
train >>> epoch: 177/200, batch: 1/7, mean_loss: 10020.8503
train >>> epoch: 177/200, batch: 2/7, mean_loss: 10315.5812
train >>> epoch: 177/200, batch: 3/7, mean_loss: 9824.3631
train >>> epoch: 177/200, batch: 4/7, mean_loss: 9431.3885
train >>> epoch: 177/200, batch: 5/7, mean_loss: 9254.5500
train >>> epoch: 177/200, batch: 6/7, mean_loss: 9038.4140
train >>> epoch: 177/200, batch: 7/7, mean_loss: 8244.5704
valid >>> epoch: 177/200, mean_loss: 0.0004
train >>> epoch: 178/200, batch: 1/7, mean_loss: 8841.9268
train >>> epoch: 178/200, batch: 2/7, mean_loss: 9284.0231
train >>> epoch: 178/200, batch: 3/7, mean_loss: 9038.4140
train >>> epoch: 178/200, batch: 4/7, mean_loss: 9284.0231
train >>> epoch: 178/200, batch: 5/7, mean_loss: 9313.4962
train >>> epoch: 178/200, batch: 6/7, mean_loss: 9284.0231
train >>> epoch: 178/200, batch: 7/7, mean_loss: 8336.6738
valid >>> epoch: 178/200, mean_loss: 0.0004
train >>> epoch: 179/200, batch: 1/7, mean_loss: 10315.5812
train >>> epoch: 179/200, batch: 2/7, mean_loss: 9431.3885
train >>> epoch: 179/200, batch: 3/7, mean_loss: 9234.9013
train >>> epoch: 179/200, batch: 4/7, mean_loss: 9284.0231
train >>> epoch: 179/200, batch: 5/7, mean_loss: 9136.6576
train >>> epoch: 179/200, batch: 6/7, mean_loss: 9185.7795
train >>> epoch: 179/200, batch: 7/7, mean_loss: 8299.8324
valid >>> epoch: 179/200, mean_loss: 0.0004
train >>> epoch: 180/200, batch: 1/7, mean_loss: 9431.3885
train >>> epoch: 180/200, batch: 2/7, mean_loss: 9284.0231
train >>> epoch: 180/200, batch: 3/7, mean_loss: 9529.6322
train >>> epoch: 180/200, batch: 4/7, mean_loss: 9505.0713
train >>> epoch: 180/200, batch: 5/7, mean_loss: 9431.3885
train >>> epoch: 180/200, batch: 6/7, mean_loss: 9284.0231
train >>> epoch: 180/200, batch: 7/7, mean_loss: 8336.6738
valid >>> epoch: 180/200, mean_loss: 0.0004
train >>> epoch: 181/200, batch: 1/7, mean_loss: 10905.0430
train >>> epoch: 181/200, batch: 2/7, mean_loss: 9726.1194
train >>> epoch: 181/200, batch: 3/7, mean_loss: 9136.6576
train >>> epoch: 181/200, batch: 4/7, mean_loss: 9136.6576
train >>> epoch: 181/200, batch: 5/7, mean_loss: 9136.6576
train >>> epoch: 181/200, batch: 6/7, mean_loss: 9234.9013
train >>> epoch: 181/200, batch: 7/7, mean_loss: 8318.2531
valid >>> epoch: 181/200, mean_loss: 0.0004
train >>> epoch: 182/200, batch: 1/7, mean_loss: 9431.3885
train >>> epoch: 182/200, batch: 2/7, mean_loss: 10020.8503
train >>> epoch: 182/200, batch: 3/7, mean_loss: 9922.6067
train >>> epoch: 182/200, batch: 4/7, mean_loss: 9726.1194
train >>> epoch: 182/200, batch: 5/7, mean_loss: 9372.4424
train >>> epoch: 182/200, batch: 6/7, mean_loss: 9284.0231
train >>> epoch: 182/200, batch: 7/7, mean_loss: 8336.6738
valid >>> epoch: 182/200, mean_loss: 0.0004
train >>> epoch: 183/200, batch: 1/7, mean_loss: 8252.4650
train >>> epoch: 183/200, batch: 2/7, mean_loss: 8547.1959
train >>> epoch: 183/200, batch: 3/7, mean_loss: 8940.1704
train >>> epoch: 183/200, batch: 4/7, mean_loss: 8768.2440
train >>> epoch: 183/200, batch: 5/7, mean_loss: 8900.8729
train >>> epoch: 183/200, batch: 6/7, mean_loss: 9185.7795
train >>> epoch: 183/200, batch: 7/7, mean_loss: 8299.8324
valid >>> epoch: 183/200, mean_loss: 0.0004
train >>> epoch: 184/200, batch: 1/7, mean_loss: 10610.3121
train >>> epoch: 184/200, batch: 2/7, mean_loss: 10020.8503
train >>> epoch: 184/200, batch: 3/7, mean_loss: 9627.8758
train >>> epoch: 184/200, batch: 4/7, mean_loss: 9062.9749
train >>> epoch: 184/200, batch: 5/7, mean_loss: 9136.6576
train >>> epoch: 184/200, batch: 6/7, mean_loss: 9234.9013
train >>> epoch: 184/200, batch: 7/7, mean_loss: 8318.2531
valid >>> epoch: 184/200, mean_loss: 0.0004
train >>> epoch: 185/200, batch: 1/7, mean_loss: 10315.5812
train >>> epoch: 185/200, batch: 2/7, mean_loss: 10020.8503
train >>> epoch: 185/200, batch: 3/7, mean_loss: 9627.8758
train >>> epoch: 185/200, batch: 4/7, mean_loss: 9136.6576
train >>> epoch: 185/200, batch: 5/7, mean_loss: 9195.6038
train >>> epoch: 185/200, batch: 6/7, mean_loss: 9234.9013
train >>> epoch: 185/200, batch: 7/7, mean_loss: 8318.2531
valid >>> epoch: 185/200, mean_loss: 0.0004
train >>> epoch: 186/200, batch: 1/7, mean_loss: 8841.9268
train >>> epoch: 186/200, batch: 2/7, mean_loss: 8547.1959
train >>> epoch: 186/200, batch: 3/7, mean_loss: 8841.9268
train >>> epoch: 186/200, batch: 4/7, mean_loss: 8989.2922
train >>> epoch: 186/200, batch: 5/7, mean_loss: 8841.9268
train >>> epoch: 186/200, batch: 6/7, mean_loss: 9185.7795
train >>> epoch: 186/200, batch: 7/7, mean_loss: 8299.8324
valid >>> epoch: 186/200, mean_loss: 0.0004
train >>> epoch: 187/200, batch: 1/7, mean_loss: 8841.9268
train >>> epoch: 187/200, batch: 2/7, mean_loss: 8399.8304
train >>> epoch: 187/200, batch: 3/7, mean_loss: 8350.7086
train >>> epoch: 187/200, batch: 4/7, mean_loss: 8989.2922
train >>> epoch: 187/200, batch: 5/7, mean_loss: 9077.7115
train >>> epoch: 187/200, batch: 6/7, mean_loss: 8989.2922
train >>> epoch: 187/200, batch: 7/7, mean_loss: 8226.1497
valid >>> epoch: 187/200, mean_loss: 0.0004
train >>> epoch: 188/200, batch: 1/7, mean_loss: 9136.6576
train >>> epoch: 188/200, batch: 2/7, mean_loss: 8989.2922
train >>> epoch: 188/200, batch: 3/7, mean_loss: 9431.3885
train >>> epoch: 188/200, batch: 4/7, mean_loss: 8915.6095
train >>> epoch: 188/200, batch: 5/7, mean_loss: 9313.4962
train >>> epoch: 188/200, batch: 6/7, mean_loss: 9284.0231
train >>> epoch: 188/200, batch: 7/7, mean_loss: 8336.6738
valid >>> epoch: 188/200, mean_loss: 0.0004
train >>> epoch: 189/200, batch: 1/7, mean_loss: 10905.0430
train >>> epoch: 189/200, batch: 2/7, mean_loss: 10168.2158
train >>> epoch: 189/200, batch: 3/7, mean_loss: 10020.8503
train >>> epoch: 189/200, batch: 4/7, mean_loss: 9431.3885
train >>> epoch: 189/200, batch: 5/7, mean_loss: 9372.4424
train >>> epoch: 189/200, batch: 6/7, mean_loss: 9284.0231
train >>> epoch: 189/200, batch: 7/7, mean_loss: 8336.6738
valid >>> epoch: 189/200, mean_loss: 0.0004
train >>> epoch: 190/200, batch: 1/7, mean_loss: 9136.6576
train >>> epoch: 190/200, batch: 2/7, mean_loss: 9136.6576
train >>> epoch: 190/200, batch: 3/7, mean_loss: 9726.1194
train >>> epoch: 190/200, batch: 4/7, mean_loss: 9284.0231
train >>> epoch: 190/200, batch: 5/7, mean_loss: 9195.6038
train >>> epoch: 190/200, batch: 6/7, mean_loss: 9333.1449
train >>> epoch: 190/200, batch: 7/7, mean_loss: 8355.0945
valid >>> epoch: 190/200, mean_loss: 0.0004
train >>> epoch: 191/200, batch: 1/7, mean_loss: 9726.1194
train >>> epoch: 191/200, batch: 2/7, mean_loss: 9873.4849
train >>> epoch: 191/200, batch: 3/7, mean_loss: 9136.6576
train >>> epoch: 191/200, batch: 4/7, mean_loss: 8989.2922
train >>> epoch: 191/200, batch: 5/7, mean_loss: 9018.7653
train >>> epoch: 191/200, batch: 6/7, mean_loss: 9087.5358
train >>> epoch: 191/200, batch: 7/7, mean_loss: 8262.9911
valid >>> epoch: 191/200, mean_loss: 0.0004
train >>> epoch: 192/200, batch: 1/7, mean_loss: 8547.1959
train >>> epoch: 192/200, batch: 2/7, mean_loss: 8547.1959
train >>> epoch: 192/200, batch: 3/7, mean_loss: 9627.8758
train >>> epoch: 192/200, batch: 4/7, mean_loss: 9431.3885
train >>> epoch: 192/200, batch: 5/7, mean_loss: 9195.6038
train >>> epoch: 192/200, batch: 6/7, mean_loss: 9136.6576
train >>> epoch: 192/200, batch: 7/7, mean_loss: 8281.4118
valid >>> epoch: 192/200, mean_loss: 0.0004
train >>> epoch: 193/200, batch: 1/7, mean_loss: 10905.0430
train >>> epoch: 193/200, batch: 2/7, mean_loss: 9873.4849
train >>> epoch: 193/200, batch: 3/7, mean_loss: 9824.3631
train >>> epoch: 193/200, batch: 4/7, mean_loss: 9210.3404
train >>> epoch: 193/200, batch: 5/7, mean_loss: 9254.5500
train >>> epoch: 193/200, batch: 6/7, mean_loss: 9529.6322
train >>> epoch: 193/200, batch: 7/7, mean_loss: 8428.7772
valid >>> epoch: 193/200, mean_loss: 0.0004
train >>> epoch: 194/200, batch: 1/7, mean_loss: 9431.3885
train >>> epoch: 194/200, batch: 2/7, mean_loss: 9873.4849
train >>> epoch: 194/200, batch: 3/7, mean_loss: 9431.3885
train >>> epoch: 194/200, batch: 4/7, mean_loss: 9136.6576
train >>> epoch: 194/200, batch: 5/7, mean_loss: 9077.7115
train >>> epoch: 194/200, batch: 6/7, mean_loss: 9234.9013
train >>> epoch: 194/200, batch: 7/7, mean_loss: 8318.2531
valid >>> epoch: 194/200, mean_loss: 0.0004
train >>> epoch: 195/200, batch: 1/7, mean_loss: 8547.1959
train >>> epoch: 195/200, batch: 2/7, mean_loss: 8989.2922
train >>> epoch: 195/200, batch: 3/7, mean_loss: 9333.1449
train >>> epoch: 195/200, batch: 4/7, mean_loss: 8989.2922
train >>> epoch: 195/200, batch: 5/7, mean_loss: 9372.4424
train >>> epoch: 195/200, batch: 6/7, mean_loss: 9284.0231
train >>> epoch: 195/200, batch: 7/7, mean_loss: 8336.6738
valid >>> epoch: 195/200, mean_loss: 0.0004
train >>> epoch: 196/200, batch: 1/7, mean_loss: 9136.6576
train >>> epoch: 196/200, batch: 2/7, mean_loss: 9284.0231
train >>> epoch: 196/200, batch: 3/7, mean_loss: 9333.1449
train >>> epoch: 196/200, batch: 4/7, mean_loss: 9136.6576
train >>> epoch: 196/200, batch: 5/7, mean_loss: 9254.5500
train >>> epoch: 196/200, batch: 6/7, mean_loss: 9382.2667
train >>> epoch: 196/200, batch: 7/7, mean_loss: 8373.5152
valid >>> epoch: 196/200, mean_loss: 0.0004
train >>> epoch: 197/200, batch: 1/7, mean_loss: 9431.3885
train >>> epoch: 197/200, batch: 2/7, mean_loss: 8989.2922
train >>> epoch: 197/200, batch: 3/7, mean_loss: 9529.6322
train >>> epoch: 197/200, batch: 4/7, mean_loss: 9505.0713
train >>> epoch: 197/200, batch: 5/7, mean_loss: 9608.2271
train >>> epoch: 197/200, batch: 6/7, mean_loss: 9382.2667
train >>> epoch: 197/200, batch: 7/7, mean_loss: 8373.5152
valid >>> epoch: 197/200, mean_loss: 0.0004
train >>> epoch: 198/200, batch: 1/7, mean_loss: 8841.9268
train >>> epoch: 198/200, batch: 2/7, mean_loss: 8694.5613
train >>> epoch: 198/200, batch: 3/7, mean_loss: 9038.4140
train >>> epoch: 198/200, batch: 4/7, mean_loss: 9210.3404
train >>> epoch: 198/200, batch: 5/7, mean_loss: 9018.7653
train >>> epoch: 198/200, batch: 6/7, mean_loss: 9087.5358
train >>> epoch: 198/200, batch: 7/7, mean_loss: 8262.9911
valid >>> epoch: 198/200, mean_loss: 0.0004
train >>> epoch: 199/200, batch: 1/7, mean_loss: 9136.6576
train >>> epoch: 199/200, batch: 2/7, mean_loss: 9578.7540
train >>> epoch: 199/200, batch: 3/7, mean_loss: 9529.6322
train >>> epoch: 199/200, batch: 4/7, mean_loss: 9210.3404
train >>> epoch: 199/200, batch: 5/7, mean_loss: 9313.4962
train >>> epoch: 199/200, batch: 6/7, mean_loss: 9382.2667
train >>> epoch: 199/200, batch: 7/7, mean_loss: 8373.5152
valid >>> epoch: 199/200, mean_loss: 0.0004
train >>> epoch: 200/200, batch: 1/7, mean_loss: 8547.1959
train >>> epoch: 200/200, batch: 2/7, mean_loss: 8841.9268
train >>> epoch: 200/200, batch: 3/7, mean_loss: 9333.1449
train >>> epoch: 200/200, batch: 4/7, mean_loss: 9210.3404
train >>> epoch: 200/200, batch: 5/7, mean_loss: 9195.6038
train >>> epoch: 200/200, batch: 6/7, mean_loss: 9185.7795
train >>> epoch: 200/200, batch: 7/7, mean_loss: 8299.8324
valid >>> epoch: 200/200, mean_loss: 0.0004
2020-01-14-19-36-03
