2020-01-13-05-27-19
train.py
--------------------------------------------------------------------------------------------------------------------
batchSize: 32
bottleneckFeatures: 0
dir_lf: D:\Data\cs-8395-dl
dir_project: C:\Users\Reasat\Projects\cs-8395-dl\Assignment_1_detection
encoder: resnet18
epoch: 500
folderData: assignment1_data
lr: 0.001
resume_from: None
--------------------------------------------------------------------------------------------------------------------
creating directory to save model at D:\Data\cs-8395-dl\model\2020-01-13-05-27-19
loading images to RAM
train samples 105
loading images to RAM
validation samples 10
ResNet18_flat_conv(
  (resnet18_fc_stripped): Sequential(
    (0): Conv2d(3, 64, kernel_size=(7, 7), stride=(2, 2), padding=(3, 3), bias=False)
    (1): BatchNorm2d(64, eps=1e-05, momentum=0.1, affine=True, track_running_stats=True)
    (2): ReLU(inplace)
    (3): MaxPool2d(kernel_size=3, stride=2, padding=1, dilation=1, ceil_mode=False)
    (4): Sequential(
      (0): BasicBlock(
        (conv1): Conv2d(64, 64, kernel_size=(3, 3), stride=(1, 1), padding=(1, 1), bias=False)
        (bn1): BatchNorm2d(64, eps=1e-05, momentum=0.1, affine=True, track_running_stats=True)
        (relu): ReLU(inplace)
        (conv2): Conv2d(64, 64, kernel_size=(3, 3), stride=(1, 1), padding=(1, 1), bias=False)
        (bn2): BatchNorm2d(64, eps=1e-05, momentum=0.1, affine=True, track_running_stats=True)
      )
      (1): BasicBlock(
        (conv1): Conv2d(64, 64, kernel_size=(3, 3), stride=(1, 1), padding=(1, 1), bias=False)
        (bn1): BatchNorm2d(64, eps=1e-05, momentum=0.1, affine=True, track_running_stats=True)
        (relu): ReLU(inplace)
        (conv2): Conv2d(64, 64, kernel_size=(3, 3), stride=(1, 1), padding=(1, 1), bias=False)
        (bn2): BatchNorm2d(64, eps=1e-05, momentum=0.1, affine=True, track_running_stats=True)
      )
    )
    (5): Sequential(
      (0): BasicBlock(
        (conv1): Conv2d(64, 128, kernel_size=(3, 3), stride=(2, 2), padding=(1, 1), bias=False)
        (bn1): BatchNorm2d(128, eps=1e-05, momentum=0.1, affine=True, track_running_stats=True)
        (relu): ReLU(inplace)
        (conv2): Conv2d(128, 128, kernel_size=(3, 3), stride=(1, 1), padding=(1, 1), bias=False)
        (bn2): BatchNorm2d(128, eps=1e-05, momentum=0.1, affine=True, track_running_stats=True)
        (downsample): Sequential(
          (0): Conv2d(64, 128, kernel_size=(1, 1), stride=(2, 2), bias=False)
          (1): BatchNorm2d(128, eps=1e-05, momentum=0.1, affine=True, track_running_stats=True)
        )
      )
      (1): BasicBlock(
        (conv1): Conv2d(128, 128, kernel_size=(3, 3), stride=(1, 1), padding=(1, 1), bias=False)
        (bn1): BatchNorm2d(128, eps=1e-05, momentum=0.1, affine=True, track_running_stats=True)
        (relu): ReLU(inplace)
        (conv2): Conv2d(128, 128, kernel_size=(3, 3), stride=(1, 1), padding=(1, 1), bias=False)
        (bn2): BatchNorm2d(128, eps=1e-05, momentum=0.1, affine=True, track_running_stats=True)
      )
    )
    (6): Sequential(
      (0): BasicBlock(
        (conv1): Conv2d(128, 256, kernel_size=(3, 3), stride=(2, 2), padding=(1, 1), bias=False)
        (bn1): BatchNorm2d(256, eps=1e-05, momentum=0.1, affine=True, track_running_stats=True)
        (relu): ReLU(inplace)
        (conv2): Conv2d(256, 256, kernel_size=(3, 3), stride=(1, 1), padding=(1, 1), bias=False)
        (bn2): BatchNorm2d(256, eps=1e-05, momentum=0.1, affine=True, track_running_stats=True)
        (downsample): Sequential(
          (0): Conv2d(128, 256, kernel_size=(1, 1), stride=(2, 2), bias=False)
          (1): BatchNorm2d(256, eps=1e-05, momentum=0.1, affine=True, track_running_stats=True)
        )
      )
      (1): BasicBlock(
        (conv1): Conv2d(256, 256, kernel_size=(3, 3), stride=(1, 1), padding=(1, 1), bias=False)
        (bn1): BatchNorm2d(256, eps=1e-05, momentum=0.1, affine=True, track_running_stats=True)
        (relu): ReLU(inplace)
        (conv2): Conv2d(256, 256, kernel_size=(3, 3), stride=(1, 1), padding=(1, 1), bias=False)
        (bn2): BatchNorm2d(256, eps=1e-05, momentum=0.1, affine=True, track_running_stats=True)
      )
    )
    (7): Sequential(
      (0): BasicBlock(
        (conv1): Conv2d(256, 512, kernel_size=(3, 3), stride=(2, 2), padding=(1, 1), bias=False)
        (bn1): BatchNorm2d(512, eps=1e-05, momentum=0.1, affine=True, track_running_stats=True)
        (relu): ReLU(inplace)
        (conv2): Conv2d(512, 512, kernel_size=(3, 3), stride=(1, 1), padding=(1, 1), bias=False)
        (bn2): BatchNorm2d(512, eps=1e-05, momentum=0.1, affine=True, track_running_stats=True)
        (downsample): Sequential(
          (0): Conv2d(256, 512, kernel_size=(1, 1), stride=(2, 2), bias=False)
          (1): BatchNorm2d(512, eps=1e-05, momentum=0.1, affine=True, track_running_stats=True)
        )
      )
      (1): BasicBlock(
        (conv1): Conv2d(512, 512, kernel_size=(3, 3), stride=(1, 1), padding=(1, 1), bias=False)
        (bn1): BatchNorm2d(512, eps=1e-05, momentum=0.1, affine=True, track_running_stats=True)
        (relu): ReLU(inplace)
        (conv2): Conv2d(512, 512, kernel_size=(3, 3), stride=(1, 1), padding=(1, 1), bias=False)
        (bn2): BatchNorm2d(512, eps=1e-05, momentum=0.1, affine=True, track_running_stats=True)
      )
    )
  )
  (fc1): Linear(in_features=90112, out_features=100, bias=True)
  (fc2): Linear(in_features=100, out_features=2, bias=True)
)
train >>> epoch: 1/500, batch: 1/4, mean_loss: 1.0270
train >>> epoch: 1/500, batch: 2/4, mean_loss: 80922.5760
train >>> epoch: 1/500, batch: 3/4, mean_loss: 55708.8645
train >>> epoch: 1/500, batch: 4/4, mean_loss: 44993.8503
valid >>> epoch: 1/500, mean_loss: 23127552.0000
criteria decreased from inf to 23127552.0000, saving best model at D:\Data\cs-8395-dl\model\2020-01-13-05-27-19\2020-01-13-05-27-19_resnet18_best.pt
train >>> epoch: 2/500, batch: 1/4, mean_loss: 30613.0566
train >>> epoch: 2/500, batch: 2/4, mean_loss: 35431.9854
train >>> epoch: 2/500, batch: 3/4, mean_loss: 34291.9102
train >>> epoch: 2/500, batch: 4/4, mean_loss: 31412.5254
valid >>> epoch: 2/500, mean_loss: 3679514.5000
criteria decreased from 23127552.0000 to 3679514.5000, saving best model at D:\Data\cs-8395-dl\model\2020-01-13-05-27-19\2020-01-13-05-27-19_resnet18_best.pt
train >>> epoch: 3/500, batch: 1/4, mean_loss: 4634.3892
train >>> epoch: 3/500, batch: 2/4, mean_loss: 3694.5122
train >>> epoch: 3/500, batch: 3/4, mean_loss: 3509.1544
train >>> epoch: 3/500, batch: 4/4, mean_loss: 5311.8736
valid >>> epoch: 3/500, mean_loss: 1737080.3750
criteria decreased from 3679514.5000 to 1737080.3750, saving best model at D:\Data\cs-8395-dl\model\2020-01-13-05-27-19\2020-01-13-05-27-19_resnet18_best.pt
train >>> epoch: 4/500, batch: 1/4, mean_loss: 5397.0879
train >>> epoch: 4/500, batch: 2/4, mean_loss: 4790.1990
train >>> epoch: 4/500, batch: 3/4, mean_loss: 5417.9933
train >>> epoch: 4/500, batch: 4/4, mean_loss: 7016.2855
valid >>> epoch: 4/500, mean_loss: 324358.7188
criteria decreased from 1737080.3750 to 324358.7188, saving best model at D:\Data\cs-8395-dl\model\2020-01-13-05-27-19\2020-01-13-05-27-19_resnet18_best.pt
train >>> epoch: 5/500, batch: 1/4, mean_loss: 3553.3506
train >>> epoch: 5/500, batch: 2/4, mean_loss: 3071.7314
train >>> epoch: 5/500, batch: 3/4, mean_loss: 4276.4049
train >>> epoch: 5/500, batch: 4/4, mean_loss: 5379.9192
valid >>> epoch: 5/500, mean_loss: 184573.2344
criteria decreased from 324358.7188 to 184573.2344, saving best model at D:\Data\cs-8395-dl\model\2020-01-13-05-27-19\2020-01-13-05-27-19_resnet18_best.pt
