2020-01-24-01-49-36
train.py
--------------------------------------------------------------------------------------------------------------------
batchSize: 32
bottleneckFeatures: 1
dir_lf: D:\Data\cs-8395-dl
dir_project: C:\Users\Reasat\Projects\cs-8395-dl\Assignment_1_detection
encoder: resnet18
epoch: 300
folderData: assignment1_data
lr: 0.001
resume_from: None
--------------------------------------------------------------------------------------------------------------------
creating directory to save model at D:\Data\cs-8395-dl\model\2020-01-24-01-49-36
loading images to RAM
train samples 105
loading images to RAM
validation samples 10
Sequential(
  (0): Sequential(
    (0): Conv2d(3, 64, kernel_size=(7, 7), stride=(2, 2), padding=(3, 3), bias=False)
    (1): BatchNorm2d(64, eps=1e-05, momentum=0.1, affine=True, track_running_stats=True)
    (2): ReLU(inplace)
    (3): MaxPool2d(kernel_size=3, stride=2, padding=1, dilation=1, ceil_mode=False)
    (4): Sequential(
      (0): BasicBlock(
        (conv1): Conv2d(64, 64, kernel_size=(3, 3), stride=(1, 1), padding=(1, 1), bias=False)
        (bn1): BatchNorm2d(64, eps=1e-05, momentum=0.1, affine=True, track_running_stats=True)
        (relu): ReLU(inplace)
        (conv2): Conv2d(64, 64, kernel_size=(3, 3), stride=(1, 1), padding=(1, 1), bias=False)
        (bn2): BatchNorm2d(64, eps=1e-05, momentum=0.1, affine=True, track_running_stats=True)
      )
      (1): BasicBlock(
        (conv1): Conv2d(64, 64, kernel_size=(3, 3), stride=(1, 1), padding=(1, 1), bias=False)
        (bn1): BatchNorm2d(64, eps=1e-05, momentum=0.1, affine=True, track_running_stats=True)
        (relu): ReLU(inplace)
        (conv2): Conv2d(64, 64, kernel_size=(3, 3), stride=(1, 1), padding=(1, 1), bias=False)
        (bn2): BatchNorm2d(64, eps=1e-05, momentum=0.1, affine=True, track_running_stats=True)
      )
    )
    (5): BasicBlock(
      (conv1): Conv2d(64, 128, kernel_size=(3, 3), stride=(2, 2), padding=(1, 1), bias=False)
      (bn1): BatchNorm2d(128, eps=1e-05, momentum=0.1, affine=True, track_running_stats=True)
      (relu): ReLU(inplace)
      (conv2): Conv2d(128, 128, kernel_size=(3, 3), stride=(1, 1), padding=(1, 1), bias=False)
      (bn2): BatchNorm2d(128, eps=1e-05, momentum=0.1, affine=True, track_running_stats=True)
      (downsample): Sequential(
        (0): Conv2d(64, 128, kernel_size=(1, 1), stride=(2, 2), bias=False)
        (1): BatchNorm2d(128, eps=1e-05, momentum=0.1, affine=True, track_running_stats=True)
      )
    )
  )
)
freezing feature extracting layers
ResNet8_conv_fc(
  (resnet_partial): Sequential(
    (0): Sequential(
      (0): Conv2d(3, 64, kernel_size=(7, 7), stride=(2, 2), padding=(3, 3), bias=False)
      (1): BatchNorm2d(64, eps=1e-05, momentum=0.1, affine=True, track_running_stats=True)
      (2): ReLU(inplace)
      (3): MaxPool2d(kernel_size=3, stride=2, padding=1, dilation=1, ceil_mode=False)
      (4): Sequential(
        (0): BasicBlock(
          (conv1): Conv2d(64, 64, kernel_size=(3, 3), stride=(1, 1), padding=(1, 1), bias=False)
          (bn1): BatchNorm2d(64, eps=1e-05, momentum=0.1, affine=True, track_running_stats=True)
          (relu): ReLU(inplace)
          (conv2): Conv2d(64, 64, kernel_size=(3, 3), stride=(1, 1), padding=(1, 1), bias=False)
          (bn2): BatchNorm2d(64, eps=1e-05, momentum=0.1, affine=True, track_running_stats=True)
        )
        (1): BasicBlock(
          (conv1): Conv2d(64, 64, kernel_size=(3, 3), stride=(1, 1), padding=(1, 1), bias=False)
          (bn1): BatchNorm2d(64, eps=1e-05, momentum=0.1, affine=True, track_running_stats=True)
          (relu): ReLU(inplace)
          (conv2): Conv2d(64, 64, kernel_size=(3, 3), stride=(1, 1), padding=(1, 1), bias=False)
          (bn2): BatchNorm2d(64, eps=1e-05, momentum=0.1, affine=True, track_running_stats=True)
        )
      )
      (5): BasicBlock(
        (conv1): Conv2d(64, 128, kernel_size=(3, 3), stride=(2, 2), padding=(1, 1), bias=False)
        (bn1): BatchNorm2d(128, eps=1e-05, momentum=0.1, affine=True, track_running_stats=True)
        (relu): ReLU(inplace)
        (conv2): Conv2d(128, 128, kernel_size=(3, 3), stride=(1, 1), padding=(1, 1), bias=False)
        (bn2): BatchNorm2d(128, eps=1e-05, momentum=0.1, affine=True, track_running_stats=True)
        (downsample): Sequential(
          (0): Conv2d(64, 128, kernel_size=(1, 1), stride=(2, 2), bias=False)
          (1): BatchNorm2d(128, eps=1e-05, momentum=0.1, affine=True, track_running_stats=True)
        )
      )
    )
  )
  (conv_last): Conv2d(128, 1, kernel_size=(1, 1), stride=(1, 1))
  (fc1): Linear(in_features=2542, out_features=2, bias=True)
)
train >>> epoch: 1/300, batch: 1/4, mean_loss: 0.5052
train >>> epoch: 1/300, batch: 2/4, mean_loss: 0.3476
train >>> epoch: 1/300, batch: 3/4, mean_loss: 0.3416
train >>> epoch: 1/300, batch: 4/4, mean_loss: 0.3284
valid >>> epoch: 1/300, mean_loss: 0.0784
criteria decreased from inf to 0.0784, saving best model at D:\Data\cs-8395-dl\model\2020-01-24-01-49-36\2020-01-24-01-49-36_resnet18_best.pt
train >>> epoch: 2/300, batch: 1/4, mean_loss: 0.1980
train >>> epoch: 2/300, batch: 2/4, mean_loss: 0.1726
train >>> epoch: 2/300, batch: 3/4, mean_loss: 0.2011
train >>> epoch: 2/300, batch: 4/4, mean_loss: 0.1936
valid >>> epoch: 2/300, mean_loss: 0.1835
train >>> epoch: 3/300, batch: 1/4, mean_loss: 0.2295
train >>> epoch: 3/300, batch: 2/4, mean_loss: 0.2269
train >>> epoch: 3/300, batch: 3/4, mean_loss: 0.1899
train >>> epoch: 3/300, batch: 4/4, mean_loss: 0.1775
valid >>> epoch: 3/300, mean_loss: 0.0551
criteria decreased from 0.0784 to 0.0551, saving best model at D:\Data\cs-8395-dl\model\2020-01-24-01-49-36\2020-01-24-01-49-36_resnet18_best.pt
train >>> epoch: 4/300, batch: 1/4, mean_loss: 0.1486
train >>> epoch: 4/300, batch: 2/4, mean_loss: 0.1371
train >>> epoch: 4/300, batch: 3/4, mean_loss: 0.1366
train >>> epoch: 4/300, batch: 4/4, mean_loss: 0.1133
valid >>> epoch: 4/300, mean_loss: 0.0476
criteria decreased from 0.0551 to 0.0476, saving best model at D:\Data\cs-8395-dl\model\2020-01-24-01-49-36\2020-01-24-01-49-36_resnet18_best.pt
train >>> epoch: 5/300, batch: 1/4, mean_loss: 0.1085
train >>> epoch: 5/300, batch: 2/4, mean_loss: 0.1076
train >>> epoch: 5/300, batch: 3/4, mean_loss: 0.0924
train >>> epoch: 5/300, batch: 4/4, mean_loss: 0.0987
valid >>> epoch: 5/300, mean_loss: 0.1053
train >>> epoch: 6/300, batch: 1/4, mean_loss: 0.0845
train >>> epoch: 6/300, batch: 2/4, mean_loss: 0.0709
train >>> epoch: 6/300, batch: 3/4, mean_loss: 0.0709
train >>> epoch: 6/300, batch: 4/4, mean_loss: 0.0754
valid >>> epoch: 6/300, mean_loss: 0.0598
train >>> epoch: 7/300, batch: 1/4, mean_loss: 0.0689
train >>> epoch: 7/300, batch: 2/4, mean_loss: 0.0610
train >>> epoch: 7/300, batch: 3/4, mean_loss: 0.0616
train >>> epoch: 7/300, batch: 4/4, mean_loss: 0.0597
valid >>> epoch: 7/300, mean_loss: 0.0694
train >>> epoch: 8/300, batch: 1/4, mean_loss: 0.0489
train >>> epoch: 8/300, batch: 2/4, mean_loss: 0.0467
train >>> epoch: 8/300, batch: 3/4, mean_loss: 0.0497
train >>> epoch: 8/300, batch: 4/4, mean_loss: 0.0507
valid >>> epoch: 8/300, mean_loss: 0.1048
train >>> epoch: 9/300, batch: 1/4, mean_loss: 0.0415
train >>> epoch: 9/300, batch: 2/4, mean_loss: 0.0383
train >>> epoch: 9/300, batch: 3/4, mean_loss: 0.0356
train >>> epoch: 9/300, batch: 4/4, mean_loss: 0.0344
valid >>> epoch: 9/300, mean_loss: 0.0570
train >>> epoch: 10/300, batch: 1/4, mean_loss: 0.0397
train >>> epoch: 10/300, batch: 2/4, mean_loss: 0.0359
train >>> epoch: 10/300, batch: 3/4, mean_loss: 0.0338
train >>> epoch: 10/300, batch: 4/4, mean_loss: 0.0348
valid >>> epoch: 10/300, mean_loss: 0.0956
train >>> epoch: 11/300, batch: 1/4, mean_loss: 0.0276
train >>> epoch: 11/300, batch: 2/4, mean_loss: 0.0246
train >>> epoch: 11/300, batch: 3/4, mean_loss: 0.0224
train >>> epoch: 11/300, batch: 4/4, mean_loss: 0.0238
valid >>> epoch: 11/300, mean_loss: 0.0695
train >>> epoch: 12/300, batch: 1/4, mean_loss: 0.0190
train >>> epoch: 12/300, batch: 2/4, mean_loss: 0.0169
train >>> epoch: 12/300, batch: 3/4, mean_loss: 0.0188
train >>> epoch: 12/300, batch: 4/4, mean_loss: 0.0181
valid >>> epoch: 12/300, mean_loss: 0.0970
train >>> epoch: 13/300, batch: 1/4, mean_loss: 0.0161
train >>> epoch: 13/300, batch: 2/4, mean_loss: 0.0184
train >>> epoch: 13/300, batch: 3/4, mean_loss: 0.0171
train >>> epoch: 13/300, batch: 4/4, mean_loss: 0.0176
valid >>> epoch: 13/300, mean_loss: 0.0647
train >>> epoch: 14/300, batch: 1/4, mean_loss: 0.0138
train >>> epoch: 14/300, batch: 2/4, mean_loss: 0.0169
train >>> epoch: 14/300, batch: 3/4, mean_loss: 0.0182
train >>> epoch: 14/300, batch: 4/4, mean_loss: 0.0160
valid >>> epoch: 14/300, mean_loss: 0.0865
train >>> epoch: 15/300, batch: 1/4, mean_loss: 0.0103
train >>> epoch: 15/300, batch: 2/4, mean_loss: 0.0100
train >>> epoch: 15/300, batch: 3/4, mean_loss: 0.0104
train >>> epoch: 15/300, batch: 4/4, mean_loss: 0.0111
valid >>> epoch: 15/300, mean_loss: 0.0897
train >>> epoch: 16/300, batch: 1/4, mean_loss: 0.0062
train >>> epoch: 16/300, batch: 2/4, mean_loss: 0.0067
train >>> epoch: 16/300, batch: 3/4, mean_loss: 0.0073
train >>> epoch: 16/300, batch: 4/4, mean_loss: 0.0075
valid >>> epoch: 16/300, mean_loss: 0.0684
train >>> epoch: 17/300, batch: 1/4, mean_loss: 0.0073
train >>> epoch: 17/300, batch: 2/4, mean_loss: 0.0069
train >>> epoch: 17/300, batch: 3/4, mean_loss: 0.0066
train >>> epoch: 17/300, batch: 4/4, mean_loss: 0.0059
valid >>> epoch: 17/300, mean_loss: 0.0849
train >>> epoch: 18/300, batch: 1/4, mean_loss: 0.0047
train >>> epoch: 18/300, batch: 2/4, mean_loss: 0.0052
train >>> epoch: 18/300, batch: 3/4, mean_loss: 0.0067
train >>> epoch: 18/300, batch: 4/4, mean_loss: 0.0059
valid >>> epoch: 18/300, mean_loss: 0.0678
train >>> epoch: 19/300, batch: 1/4, mean_loss: 0.0066
train >>> epoch: 19/300, batch: 2/4, mean_loss: 0.0061
train >>> epoch: 19/300, batch: 3/4, mean_loss: 0.0057
train >>> epoch: 19/300, batch: 4/4, mean_loss: 0.0058
valid >>> epoch: 19/300, mean_loss: 0.0780
train >>> epoch: 20/300, batch: 1/4, mean_loss: 0.0042
train >>> epoch: 20/300, batch: 2/4, mean_loss: 0.0034
train >>> epoch: 20/300, batch: 3/4, mean_loss: 0.0041
train >>> epoch: 20/300, batch: 4/4, mean_loss: 0.0041
valid >>> epoch: 20/300, mean_loss: 0.0784
train >>> epoch: 21/300, batch: 1/4, mean_loss: 0.0033
train >>> epoch: 21/300, batch: 2/4, mean_loss: 0.0039
train >>> epoch: 21/300, batch: 3/4, mean_loss: 0.0044
train >>> epoch: 21/300, batch: 4/4, mean_loss: 0.0044
valid >>> epoch: 21/300, mean_loss: 0.0864
train >>> epoch: 22/300, batch: 1/4, mean_loss: 0.0026
train >>> epoch: 22/300, batch: 2/4, mean_loss: 0.0033
train >>> epoch: 22/300, batch: 3/4, mean_loss: 0.0036
train >>> epoch: 22/300, batch: 4/4, mean_loss: 0.0051
valid >>> epoch: 22/300, mean_loss: 0.0717
train >>> epoch: 23/300, batch: 1/4, mean_loss: 0.0019
train >>> epoch: 23/300, batch: 2/4, mean_loss: 0.0053
train >>> epoch: 23/300, batch: 3/4, mean_loss: 0.0049
train >>> epoch: 23/300, batch: 4/4, mean_loss: 0.0043
valid >>> epoch: 23/300, mean_loss: 0.0862
train >>> epoch: 24/300, batch: 1/4, mean_loss: 0.0017
train >>> epoch: 24/300, batch: 2/4, mean_loss: 0.0030
train >>> epoch: 24/300, batch: 3/4, mean_loss: 0.0030
train >>> epoch: 24/300, batch: 4/4, mean_loss: 0.0029
valid >>> epoch: 24/300, mean_loss: 0.0736
train >>> epoch: 25/300, batch: 1/4, mean_loss: 0.0011
train >>> epoch: 25/300, batch: 2/4, mean_loss: 0.0018
train >>> epoch: 25/300, batch: 3/4, mean_loss: 0.0020
train >>> epoch: 25/300, batch: 4/4, mean_loss: 0.0022
valid >>> epoch: 25/300, mean_loss: 0.0833
train >>> epoch: 26/300, batch: 1/4, mean_loss: 0.0016
train >>> epoch: 26/300, batch: 2/4, mean_loss: 0.0020
train >>> epoch: 26/300, batch: 3/4, mean_loss: 0.0018
train >>> epoch: 26/300, batch: 4/4, mean_loss: 0.0022
valid >>> epoch: 26/300, mean_loss: 0.0709
train >>> epoch: 27/300, batch: 1/4, mean_loss: 0.0012
train >>> epoch: 27/300, batch: 2/4, mean_loss: 0.0023
train >>> epoch: 27/300, batch: 3/4, mean_loss: 0.0026
train >>> epoch: 27/300, batch: 4/4, mean_loss: 0.0031
valid >>> epoch: 27/300, mean_loss: 0.0789
train >>> epoch: 28/300, batch: 1/4, mean_loss: 0.0013
train >>> epoch: 28/300, batch: 2/4, mean_loss: 0.0017
train >>> epoch: 28/300, batch: 3/4, mean_loss: 0.0015
train >>> epoch: 28/300, batch: 4/4, mean_loss: 0.0022
valid >>> epoch: 28/300, mean_loss: 0.0750
train >>> epoch: 29/300, batch: 1/4, mean_loss: 0.0015
train >>> epoch: 29/300, batch: 2/4, mean_loss: 0.0012
train >>> epoch: 29/300, batch: 3/4, mean_loss: 0.0013
train >>> epoch: 29/300, batch: 4/4, mean_loss: 0.0019
valid >>> epoch: 29/300, mean_loss: 0.0781
train >>> epoch: 30/300, batch: 1/4, mean_loss: 0.0007
train >>> epoch: 30/300, batch: 2/4, mean_loss: 0.0011
train >>> epoch: 30/300, batch: 3/4, mean_loss: 0.0011
train >>> epoch: 30/300, batch: 4/4, mean_loss: 0.0019
valid >>> epoch: 30/300, mean_loss: 0.0828
train >>> epoch: 31/300, batch: 1/4, mean_loss: 0.0024
train >>> epoch: 31/300, batch: 2/4, mean_loss: 0.0018
train >>> epoch: 31/300, batch: 3/4, mean_loss: 0.0017
train >>> epoch: 31/300, batch: 4/4, mean_loss: 0.0017
valid >>> epoch: 31/300, mean_loss: 0.0723
train >>> epoch: 32/300, batch: 1/4, mean_loss: 0.0006
train >>> epoch: 32/300, batch: 2/4, mean_loss: 0.0008
train >>> epoch: 32/300, batch: 3/4, mean_loss: 0.0017
train >>> epoch: 32/300, batch: 4/4, mean_loss: 0.0025
valid >>> epoch: 32/300, mean_loss: 0.0757
train >>> epoch: 33/300, batch: 1/4, mean_loss: 0.0008
train >>> epoch: 33/300, batch: 2/4, mean_loss: 0.0009
train >>> epoch: 33/300, batch: 3/4, mean_loss: 0.0007
train >>> epoch: 33/300, batch: 4/4, mean_loss: 0.0015
valid >>> epoch: 33/300, mean_loss: 0.0710
train >>> epoch: 34/300, batch: 1/4, mean_loss: 0.0013
train >>> epoch: 34/300, batch: 2/4, mean_loss: 0.0030
train >>> epoch: 34/300, batch: 3/4, mean_loss: 0.0025
train >>> epoch: 34/300, batch: 4/4, mean_loss: 0.0030
valid >>> epoch: 34/300, mean_loss: 0.0881
train >>> epoch: 35/300, batch: 1/4, mean_loss: 0.0015
train >>> epoch: 35/300, batch: 2/4, mean_loss: 0.0014
train >>> epoch: 35/300, batch: 3/4, mean_loss: 0.0021
train >>> epoch: 35/300, batch: 4/4, mean_loss: 0.0019
valid >>> epoch: 35/300, mean_loss: 0.0726
train >>> epoch: 36/300, batch: 1/4, mean_loss: 0.0015
train >>> epoch: 36/300, batch: 2/4, mean_loss: 0.0014
train >>> epoch: 36/300, batch: 3/4, mean_loss: 0.0031
train >>> epoch: 36/300, batch: 4/4, mean_loss: 0.0030
valid >>> epoch: 36/300, mean_loss: 0.1057
train >>> epoch: 37/300, batch: 1/4, mean_loss: 0.0099
train >>> epoch: 37/300, batch: 2/4, mean_loss: 0.0059
train >>> epoch: 37/300, batch: 3/4, mean_loss: 0.0043
train >>> epoch: 37/300, batch: 4/4, mean_loss: 0.0040
valid >>> epoch: 37/300, mean_loss: 0.0612
train >>> epoch: 38/300, batch: 1/4, mean_loss: 0.0015
train >>> epoch: 38/300, batch: 2/4, mean_loss: 0.0031
train >>> epoch: 38/300, batch: 3/4, mean_loss: 0.0025
train >>> epoch: 38/300, batch: 4/4, mean_loss: 0.0024
valid >>> epoch: 38/300, mean_loss: 0.1002
train >>> epoch: 39/300, batch: 1/4, mean_loss: 0.0011
train >>> epoch: 39/300, batch: 2/4, mean_loss: 0.0038
train >>> epoch: 39/300, batch: 3/4, mean_loss: 0.0031
train >>> epoch: 39/300, batch: 4/4, mean_loss: 0.0053
valid >>> epoch: 39/300, mean_loss: 0.0606
train >>> epoch: 40/300, batch: 1/4, mean_loss: 0.0017
train >>> epoch: 40/300, batch: 2/4, mean_loss: 0.0015
train >>> epoch: 40/300, batch: 3/4, mean_loss: 0.0015
train >>> epoch: 40/300, batch: 4/4, mean_loss: 0.0021
valid >>> epoch: 40/300, mean_loss: 0.0889
train >>> epoch: 41/300, batch: 1/4, mean_loss: 0.0012
train >>> epoch: 41/300, batch: 2/4, mean_loss: 0.0011
train >>> epoch: 41/300, batch: 3/4, mean_loss: 0.0010
train >>> epoch: 41/300, batch: 4/4, mean_loss: 0.0013
valid >>> epoch: 41/300, mean_loss: 0.0550
train >>> epoch: 42/300, batch: 1/4, mean_loss: 0.0036
train >>> epoch: 42/300, batch: 2/4, mean_loss: 0.0040
train >>> epoch: 42/300, batch: 3/4, mean_loss: 0.0030
train >>> epoch: 42/300, batch: 4/4, mean_loss: 0.0038
valid >>> epoch: 42/300, mean_loss: 0.0954
train >>> epoch: 43/300, batch: 1/4, mean_loss: 0.0020
train >>> epoch: 43/300, batch: 2/4, mean_loss: 0.0020
train >>> epoch: 43/300, batch: 3/4, mean_loss: 0.0017
train >>> epoch: 43/300, batch: 4/4, mean_loss: 0.0023
valid >>> epoch: 43/300, mean_loss: 0.0504
train >>> epoch: 44/300, batch: 1/4, mean_loss: 0.0053
train >>> epoch: 44/300, batch: 2/4, mean_loss: 0.0065
train >>> epoch: 44/300, batch: 3/4, mean_loss: 0.0062
train >>> epoch: 44/300, batch: 4/4, mean_loss: 0.0050
valid >>> epoch: 44/300, mean_loss: 0.1469
train >>> epoch: 45/300, batch: 1/4, mean_loss: 0.0194
train >>> epoch: 45/300, batch: 2/4, mean_loss: 0.0174
train >>> epoch: 45/300, batch: 3/4, mean_loss: 0.0133
train >>> epoch: 45/300, batch: 4/4, mean_loss: 0.0101
valid >>> epoch: 45/300, mean_loss: 0.0395
criteria decreased from 0.0476 to 0.0395, saving best model at D:\Data\cs-8395-dl\model\2020-01-24-01-49-36\2020-01-24-01-49-36_resnet18_best.pt
train >>> epoch: 46/300, batch: 1/4, mean_loss: 0.0339
train >>> epoch: 46/300, batch: 2/4, mean_loss: 0.0245
train >>> epoch: 46/300, batch: 3/4, mean_loss: 0.0168
train >>> epoch: 46/300, batch: 4/4, mean_loss: 0.0178
valid >>> epoch: 46/300, mean_loss: 0.1365
train >>> epoch: 47/300, batch: 1/4, mean_loss: 0.0278
train >>> epoch: 47/300, batch: 2/4, mean_loss: 0.0144
train >>> epoch: 47/300, batch: 3/4, mean_loss: 0.0100
train >>> epoch: 47/300, batch: 4/4, mean_loss: 0.0132
valid >>> epoch: 47/300, mean_loss: 0.0667
train >>> epoch: 48/300, batch: 1/4, mean_loss: 0.0028
train >>> epoch: 48/300, batch: 2/4, mean_loss: 0.0023
train >>> epoch: 48/300, batch: 3/4, mean_loss: 0.0022
train >>> epoch: 48/300, batch: 4/4, mean_loss: 0.0022
valid >>> epoch: 48/300, mean_loss: 0.1060
train >>> epoch: 49/300, batch: 1/4, mean_loss: 0.0029
train >>> epoch: 49/300, batch: 2/4, mean_loss: 0.0031
train >>> epoch: 49/300, batch: 3/4, mean_loss: 0.0032
train >>> epoch: 49/300, batch: 4/4, mean_loss: 0.0034
valid >>> epoch: 49/300, mean_loss: 0.0622
train >>> epoch: 50/300, batch: 1/4, mean_loss: 0.0060
train >>> epoch: 50/300, batch: 2/4, mean_loss: 0.0052
train >>> epoch: 50/300, batch: 3/4, mean_loss: 0.0044
train >>> epoch: 50/300, batch: 4/4, mean_loss: 0.0060
valid >>> epoch: 50/300, mean_loss: 0.1070
train >>> epoch: 51/300, batch: 1/4, mean_loss: 0.0043
train >>> epoch: 51/300, batch: 2/4, mean_loss: 0.0046
train >>> epoch: 51/300, batch: 3/4, mean_loss: 0.0037
train >>> epoch: 51/300, batch: 4/4, mean_loss: 0.0061
valid >>> epoch: 51/300, mean_loss: 0.0796
train >>> epoch: 52/300, batch: 1/4, mean_loss: 0.0018
train >>> epoch: 52/300, batch: 2/4, mean_loss: 0.0015
train >>> epoch: 52/300, batch: 3/4, mean_loss: 0.0034
train >>> epoch: 52/300, batch: 4/4, mean_loss: 0.0073
valid >>> epoch: 52/300, mean_loss: 0.0772
train >>> epoch: 53/300, batch: 1/4, mean_loss: 0.0083
train >>> epoch: 53/300, batch: 2/4, mean_loss: 0.0052
train >>> epoch: 53/300, batch: 3/4, mean_loss: 0.0046
train >>> epoch: 53/300, batch: 4/4, mean_loss: 0.0050
valid >>> epoch: 53/300, mean_loss: 0.0747
train >>> epoch: 54/300, batch: 1/4, mean_loss: 0.0017
train >>> epoch: 54/300, batch: 2/4, mean_loss: 0.0019
train >>> epoch: 54/300, batch: 3/4, mean_loss: 0.0023
train >>> epoch: 54/300, batch: 4/4, mean_loss: 0.0027
valid >>> epoch: 54/300, mean_loss: 0.1098
train >>> epoch: 55/300, batch: 1/4, mean_loss: 0.0079
train >>> epoch: 55/300, batch: 2/4, mean_loss: 0.0052
train >>> epoch: 55/300, batch: 3/4, mean_loss: 0.0038
train >>> epoch: 55/300, batch: 4/4, mean_loss: 0.0034
valid >>> epoch: 55/300, mean_loss: 0.0708
train >>> epoch: 56/300, batch: 1/4, mean_loss: 0.0037
train >>> epoch: 56/300, batch: 2/4, mean_loss: 0.0024
train >>> epoch: 56/300, batch: 3/4, mean_loss: 0.0019
train >>> epoch: 56/300, batch: 4/4, mean_loss: 0.0029
valid >>> epoch: 56/300, mean_loss: 0.0867
train >>> epoch: 57/300, batch: 1/4, mean_loss: 0.0012
train >>> epoch: 57/300, batch: 2/4, mean_loss: 0.0009
train >>> epoch: 57/300, batch: 3/4, mean_loss: 0.0031
train >>> epoch: 57/300, batch: 4/4, mean_loss: 0.0030
valid >>> epoch: 57/300, mean_loss: 0.0861
train >>> epoch: 58/300, batch: 1/4, mean_loss: 0.0008
train >>> epoch: 58/300, batch: 2/4, mean_loss: 0.0008
train >>> epoch: 58/300, batch: 3/4, mean_loss: 0.0012
train >>> epoch: 58/300, batch: 4/4, mean_loss: 0.0014
valid >>> epoch: 58/300, mean_loss: 0.0806
train >>> epoch: 59/300, batch: 1/4, mean_loss: 0.0013
train >>> epoch: 59/300, batch: 2/4, mean_loss: 0.0033
train >>> epoch: 59/300, batch: 3/4, mean_loss: 0.0038
train >>> epoch: 59/300, batch: 4/4, mean_loss: 0.0036
valid >>> epoch: 59/300, mean_loss: 0.1002
train >>> epoch: 60/300, batch: 1/4, mean_loss: 0.0009
train >>> epoch: 60/300, batch: 2/4, mean_loss: 0.0038
train >>> epoch: 60/300, batch: 3/4, mean_loss: 0.0033
train >>> epoch: 60/300, batch: 4/4, mean_loss: 0.0050
valid >>> epoch: 60/300, mean_loss: 0.0758
train >>> epoch: 61/300, batch: 1/4, mean_loss: 0.0028
train >>> epoch: 61/300, batch: 2/4, mean_loss: 0.0022
train >>> epoch: 61/300, batch: 3/4, mean_loss: 0.0019
train >>> epoch: 61/300, batch: 4/4, mean_loss: 0.0033
valid >>> epoch: 61/300, mean_loss: 0.0795
train >>> epoch: 62/300, batch: 1/4, mean_loss: 0.0020
train >>> epoch: 62/300, batch: 2/4, mean_loss: 0.0014
train >>> epoch: 62/300, batch: 3/4, mean_loss: 0.0017
train >>> epoch: 62/300, batch: 4/4, mean_loss: 0.0018
valid >>> epoch: 62/300, mean_loss: 0.0822
train >>> epoch: 63/300, batch: 1/4, mean_loss: 0.0010
train >>> epoch: 63/300, batch: 2/4, mean_loss: 0.0010
train >>> epoch: 63/300, batch: 3/4, mean_loss: 0.0011
train >>> epoch: 63/300, batch: 4/4, mean_loss: 0.0014
valid >>> epoch: 63/300, mean_loss: 0.0877
train >>> epoch: 64/300, batch: 1/4, mean_loss: 0.0007
train >>> epoch: 64/300, batch: 2/4, mean_loss: 0.0011
train >>> epoch: 64/300, batch: 3/4, mean_loss: 0.0020
train >>> epoch: 64/300, batch: 4/4, mean_loss: 0.0022
valid >>> epoch: 64/300, mean_loss: 0.0836
train >>> epoch: 65/300, batch: 1/4, mean_loss: 0.0012
train >>> epoch: 65/300, batch: 2/4, mean_loss: 0.0010
train >>> epoch: 65/300, batch: 3/4, mean_loss: 0.0011
train >>> epoch: 65/300, batch: 4/4, mean_loss: 0.0016
valid >>> epoch: 65/300, mean_loss: 0.0796
train >>> epoch: 66/300, batch: 1/4, mean_loss: 0.0015
train >>> epoch: 66/300, batch: 2/4, mean_loss: 0.0024
train >>> epoch: 66/300, batch: 3/4, mean_loss: 0.0020
train >>> epoch: 66/300, batch: 4/4, mean_loss: 0.0018
valid >>> epoch: 66/300, mean_loss: 0.0868
train >>> epoch: 67/300, batch: 1/4, mean_loss: 0.0017
train >>> epoch: 67/300, batch: 2/4, mean_loss: 0.0017
train >>> epoch: 67/300, batch: 3/4, mean_loss: 0.0015
train >>> epoch: 67/300, batch: 4/4, mean_loss: 0.0013
valid >>> epoch: 67/300, mean_loss: 0.0809
train >>> epoch: 68/300, batch: 1/4, mean_loss: 0.0006
train >>> epoch: 68/300, batch: 2/4, mean_loss: 0.0012
train >>> epoch: 68/300, batch: 3/4, mean_loss: 0.0025
train >>> epoch: 68/300, batch: 4/4, mean_loss: 0.0034
valid >>> epoch: 68/300, mean_loss: 0.0699
train >>> epoch: 69/300, batch: 1/4, mean_loss: 0.0014
train >>> epoch: 69/300, batch: 2/4, mean_loss: 0.0041
train >>> epoch: 69/300, batch: 3/4, mean_loss: 0.0039
train >>> epoch: 69/300, batch: 4/4, mean_loss: 0.0037
valid >>> epoch: 69/300, mean_loss: 0.1101
train >>> epoch: 70/300, batch: 1/4, mean_loss: 0.0030
train >>> epoch: 70/300, batch: 2/4, mean_loss: 0.0054
train >>> epoch: 70/300, batch: 3/4, mean_loss: 0.0054
train >>> epoch: 70/300, batch: 4/4, mean_loss: 0.0052
valid >>> epoch: 70/300, mean_loss: 0.0665
train >>> epoch: 71/300, batch: 1/4, mean_loss: 0.0025
train >>> epoch: 71/300, batch: 2/4, mean_loss: 0.0029
train >>> epoch: 71/300, batch: 3/4, mean_loss: 0.0024
train >>> epoch: 71/300, batch: 4/4, mean_loss: 0.0048
valid >>> epoch: 71/300, mean_loss: 0.0985
train >>> epoch: 72/300, batch: 1/4, mean_loss: 0.0023
train >>> epoch: 72/300, batch: 2/4, mean_loss: 0.0019
train >>> epoch: 72/300, batch: 3/4, mean_loss: 0.0019
train >>> epoch: 72/300, batch: 4/4, mean_loss: 0.0020
valid >>> epoch: 72/300, mean_loss: 0.0826
train >>> epoch: 73/300, batch: 1/4, mean_loss: 0.0010
train >>> epoch: 73/300, batch: 2/4, mean_loss: 0.0012
train >>> epoch: 73/300, batch: 3/4, mean_loss: 0.0019
train >>> epoch: 73/300, batch: 4/4, mean_loss: 0.0019
valid >>> epoch: 73/300, mean_loss: 0.0944
train >>> epoch: 74/300, batch: 1/4, mean_loss: 0.0013
train >>> epoch: 74/300, batch: 2/4, mean_loss: 0.0011
train >>> epoch: 74/300, batch: 3/4, mean_loss: 0.0013
train >>> epoch: 74/300, batch: 4/4, mean_loss: 0.0014
valid >>> epoch: 74/300, mean_loss: 0.0796
train >>> epoch: 75/300, batch: 1/4, mean_loss: 0.0018
train >>> epoch: 75/300, batch: 2/4, mean_loss: 0.0015
train >>> epoch: 75/300, batch: 3/4, mean_loss: 0.0016
train >>> epoch: 75/300, batch: 4/4, mean_loss: 0.0025
valid >>> epoch: 75/300, mean_loss: 0.0901
train >>> epoch: 76/300, batch: 1/4, mean_loss: 0.0009
train >>> epoch: 76/300, batch: 2/4, mean_loss: 0.0009
train >>> epoch: 76/300, batch: 3/4, mean_loss: 0.0013
train >>> epoch: 76/300, batch: 4/4, mean_loss: 0.0023
valid >>> epoch: 76/300, mean_loss: 0.0827
train >>> epoch: 77/300, batch: 1/4, mean_loss: 0.0010
train >>> epoch: 77/300, batch: 2/4, mean_loss: 0.0011
train >>> epoch: 77/300, batch: 3/4, mean_loss: 0.0016
train >>> epoch: 77/300, batch: 4/4, mean_loss: 0.0027
valid >>> epoch: 77/300, mean_loss: 0.0834
train >>> epoch: 78/300, batch: 1/4, mean_loss: 0.0011
train >>> epoch: 78/300, batch: 2/4, mean_loss: 0.0011
train >>> epoch: 78/300, batch: 3/4, mean_loss: 0.0010
train >>> epoch: 78/300, batch: 4/4, mean_loss: 0.0011
valid >>> epoch: 78/300, mean_loss: 0.0777
train >>> epoch: 79/300, batch: 1/4, mean_loss: 0.0017
train >>> epoch: 79/300, batch: 2/4, mean_loss: 0.0014
train >>> epoch: 79/300, batch: 3/4, mean_loss: 0.0013
train >>> epoch: 79/300, batch: 4/4, mean_loss: 0.0016
valid >>> epoch: 79/300, mean_loss: 0.0890
train >>> epoch: 80/300, batch: 1/4, mean_loss: 0.0012
train >>> epoch: 80/300, batch: 2/4, mean_loss: 0.0012
train >>> epoch: 80/300, batch: 3/4, mean_loss: 0.0022
train >>> epoch: 80/300, batch: 4/4, mean_loss: 0.0045
valid >>> epoch: 80/300, mean_loss: 0.0560
train >>> epoch: 81/300, batch: 1/4, mean_loss: 0.0104
train >>> epoch: 81/300, batch: 2/4, mean_loss: 0.0103
train >>> epoch: 81/300, batch: 3/4, mean_loss: 0.0078
train >>> epoch: 81/300, batch: 4/4, mean_loss: 0.0064
valid >>> epoch: 81/300, mean_loss: 0.1264
train >>> epoch: 82/300, batch: 1/4, mean_loss: 0.0067
train >>> epoch: 82/300, batch: 2/4, mean_loss: 0.0082
train >>> epoch: 82/300, batch: 3/4, mean_loss: 0.0064
train >>> epoch: 82/300, batch: 4/4, mean_loss: 0.0064
valid >>> epoch: 82/300, mean_loss: 0.0489
train >>> epoch: 83/300, batch: 1/4, mean_loss: 0.0187
train >>> epoch: 83/300, batch: 2/4, mean_loss: 0.0178
train >>> epoch: 83/300, batch: 3/4, mean_loss: 0.0144
train >>> epoch: 83/300, batch: 4/4, mean_loss: 0.0121
valid >>> epoch: 83/300, mean_loss: 0.1630
train >>> epoch: 84/300, batch: 1/4, mean_loss: 0.0158
train >>> epoch: 84/300, batch: 2/4, mean_loss: 0.0243
train >>> epoch: 84/300, batch: 3/4, mean_loss: 0.0176
train >>> epoch: 84/300, batch: 4/4, mean_loss: 0.0144
valid >>> epoch: 84/300, mean_loss: 0.0540
train >>> epoch: 85/300, batch: 1/4, mean_loss: 0.0088
train >>> epoch: 85/300, batch: 2/4, mean_loss: 0.0148
train >>> epoch: 85/300, batch: 3/4, mean_loss: 0.0111
train >>> epoch: 85/300, batch: 4/4, mean_loss: 0.0095
valid >>> epoch: 85/300, mean_loss: 0.1528
train >>> epoch: 86/300, batch: 1/4, mean_loss: 0.0213
train >>> epoch: 86/300, batch: 2/4, mean_loss: 0.0156
train >>> epoch: 86/300, batch: 3/4, mean_loss: 0.0132
train >>> epoch: 86/300, batch: 4/4, mean_loss: 0.0117
valid >>> epoch: 86/300, mean_loss: 0.0728
train >>> epoch: 87/300, batch: 1/4, mean_loss: 0.0030
train >>> epoch: 87/300, batch: 2/4, mean_loss: 0.0062
train >>> epoch: 87/300, batch: 3/4, mean_loss: 0.0059
train >>> epoch: 87/300, batch: 4/4, mean_loss: 0.0062
valid >>> epoch: 87/300, mean_loss: 0.1112
train >>> epoch: 88/300, batch: 1/4, mean_loss: 0.0046
train >>> epoch: 88/300, batch: 2/4, mean_loss: 0.0028
train >>> epoch: 88/300, batch: 3/4, mean_loss: 0.0028
train >>> epoch: 88/300, batch: 4/4, mean_loss: 0.0026
valid >>> epoch: 88/300, mean_loss: 0.0882
train >>> epoch: 89/300, batch: 1/4, mean_loss: 0.0022
train >>> epoch: 89/300, batch: 2/4, mean_loss: 0.0025
train >>> epoch: 89/300, batch: 3/4, mean_loss: 0.0024
train >>> epoch: 89/300, batch: 4/4, mean_loss: 0.0033
valid >>> epoch: 89/300, mean_loss: 0.0953
train >>> epoch: 90/300, batch: 1/4, mean_loss: 0.0016
train >>> epoch: 90/300, batch: 2/4, mean_loss: 0.0015
train >>> epoch: 90/300, batch: 3/4, mean_loss: 0.0014
train >>> epoch: 90/300, batch: 4/4, mean_loss: 0.0017
valid >>> epoch: 90/300, mean_loss: 0.0990
train >>> epoch: 91/300, batch: 1/4, mean_loss: 0.0009
train >>> epoch: 91/300, batch: 2/4, mean_loss: 0.0018
train >>> epoch: 91/300, batch: 3/4, mean_loss: 0.0017
train >>> epoch: 91/300, batch: 4/4, mean_loss: 0.0021
valid >>> epoch: 91/300, mean_loss: 0.0931
train >>> epoch: 92/300, batch: 1/4, mean_loss: 0.0011
train >>> epoch: 92/300, batch: 2/4, mean_loss: 0.0011
train >>> epoch: 92/300, batch: 3/4, mean_loss: 0.0012
train >>> epoch: 92/300, batch: 4/4, mean_loss: 0.0015
valid >>> epoch: 92/300, mean_loss: 0.0952
train >>> epoch: 93/300, batch: 1/4, mean_loss: 0.0017
train >>> epoch: 93/300, batch: 2/4, mean_loss: 0.0017
train >>> epoch: 93/300, batch: 3/4, mean_loss: 0.0020
train >>> epoch: 93/300, batch: 4/4, mean_loss: 0.0017
valid >>> epoch: 93/300, mean_loss: 0.0970
train >>> epoch: 94/300, batch: 1/4, mean_loss: 0.0009
train >>> epoch: 94/300, batch: 2/4, mean_loss: 0.0012
train >>> epoch: 94/300, batch: 3/4, mean_loss: 0.0011
train >>> epoch: 94/300, batch: 4/4, mean_loss: 0.0013
valid >>> epoch: 94/300, mean_loss: 0.0887
train >>> epoch: 95/300, batch: 1/4, mean_loss: 0.0014
train >>> epoch: 95/300, batch: 2/4, mean_loss: 0.0011
train >>> epoch: 95/300, batch: 3/4, mean_loss: 0.0010
train >>> epoch: 95/300, batch: 4/4, mean_loss: 0.0015
valid >>> epoch: 95/300, mean_loss: 0.0928
train >>> epoch: 96/300, batch: 1/4, mean_loss: 0.0015
train >>> epoch: 96/300, batch: 2/4, mean_loss: 0.0010
train >>> epoch: 96/300, batch: 3/4, mean_loss: 0.0009
train >>> epoch: 96/300, batch: 4/4, mean_loss: 0.0015
valid >>> epoch: 96/300, mean_loss: 0.0957
train >>> epoch: 97/300, batch: 1/4, mean_loss: 0.0010
train >>> epoch: 97/300, batch: 2/4, mean_loss: 0.0012
train >>> epoch: 97/300, batch: 3/4, mean_loss: 0.0015
train >>> epoch: 97/300, batch: 4/4, mean_loss: 0.0016
valid >>> epoch: 97/300, mean_loss: 0.1064
train >>> epoch: 98/300, batch: 1/4, mean_loss: 0.0012
train >>> epoch: 98/300, batch: 2/4, mean_loss: 0.0009
train >>> epoch: 98/300, batch: 3/4, mean_loss: 0.0011
train >>> epoch: 98/300, batch: 4/4, mean_loss: 0.0026
valid >>> epoch: 98/300, mean_loss: 0.0951
train >>> epoch: 99/300, batch: 1/4, mean_loss: 0.0015
train >>> epoch: 99/300, batch: 2/4, mean_loss: 0.0037
train >>> epoch: 99/300, batch: 3/4, mean_loss: 0.0026
train >>> epoch: 99/300, batch: 4/4, mean_loss: 0.0023
valid >>> epoch: 99/300, mean_loss: 0.1013
train >>> epoch: 100/300, batch: 1/4, mean_loss: 0.0005
train >>> epoch: 100/300, batch: 2/4, mean_loss: 0.0008
train >>> epoch: 100/300, batch: 3/4, mean_loss: 0.0012
train >>> epoch: 100/300, batch: 4/4, mean_loss: 0.0015
valid >>> epoch: 100/300, mean_loss: 0.0979
train >>> epoch: 101/300, batch: 1/4, mean_loss: 0.0006
train >>> epoch: 101/300, batch: 2/4, mean_loss: 0.0009
train >>> epoch: 101/300, batch: 3/4, mean_loss: 0.0018
train >>> epoch: 101/300, batch: 4/4, mean_loss: 0.0015
valid >>> epoch: 101/300, mean_loss: 0.1039
train >>> epoch: 102/300, batch: 1/4, mean_loss: 0.0010
train >>> epoch: 102/300, batch: 2/4, mean_loss: 0.0009
train >>> epoch: 102/300, batch: 3/4, mean_loss: 0.0015
train >>> epoch: 102/300, batch: 4/4, mean_loss: 0.0016
valid >>> epoch: 102/300, mean_loss: 0.0985
train >>> epoch: 103/300, batch: 1/4, mean_loss: 0.0008
train >>> epoch: 103/300, batch: 2/4, mean_loss: 0.0007
train >>> epoch: 103/300, batch: 3/4, mean_loss: 0.0023
train >>> epoch: 103/300, batch: 4/4, mean_loss: 0.0020
valid >>> epoch: 103/300, mean_loss: 0.1022
train >>> epoch: 104/300, batch: 1/4, mean_loss: 0.0009
train >>> epoch: 104/300, batch: 2/4, mean_loss: 0.0012
train >>> epoch: 104/300, batch: 3/4, mean_loss: 0.0010
train >>> epoch: 104/300, batch: 4/4, mean_loss: 0.0024
valid >>> epoch: 104/300, mean_loss: 0.0966
train >>> epoch: 105/300, batch: 1/4, mean_loss: 0.0027
train >>> epoch: 105/300, batch: 2/4, mean_loss: 0.0018
train >>> epoch: 105/300, batch: 3/4, mean_loss: 0.0024
train >>> epoch: 105/300, batch: 4/4, mean_loss: 0.0021
valid >>> epoch: 105/300, mean_loss: 0.0998
train >>> epoch: 106/300, batch: 1/4, mean_loss: 0.0023
train >>> epoch: 106/300, batch: 2/4, mean_loss: 0.0018
train >>> epoch: 106/300, batch: 3/4, mean_loss: 0.0050
train >>> epoch: 106/300, batch: 4/4, mean_loss: 0.0041
valid >>> epoch: 106/300, mean_loss: 0.0964
train >>> epoch: 107/300, batch: 1/4, mean_loss: 0.0007
train >>> epoch: 107/300, batch: 2/4, mean_loss: 0.0011
train >>> epoch: 107/300, batch: 3/4, mean_loss: 0.0024
train >>> epoch: 107/300, batch: 4/4, mean_loss: 0.0035
valid >>> epoch: 107/300, mean_loss: 0.1154
train >>> epoch: 108/300, batch: 1/4, mean_loss: 0.0012
train >>> epoch: 108/300, batch: 2/4, mean_loss: 0.0048
train >>> epoch: 108/300, batch: 3/4, mean_loss: 0.0048
train >>> epoch: 108/300, batch: 4/4, mean_loss: 0.0050
valid >>> epoch: 108/300, mean_loss: 0.0892
train >>> epoch: 109/300, batch: 1/4, mean_loss: 0.0042
train >>> epoch: 109/300, batch: 2/4, mean_loss: 0.0034
train >>> epoch: 109/300, batch: 3/4, mean_loss: 0.0037
train >>> epoch: 109/300, batch: 4/4, mean_loss: 0.0035
valid >>> epoch: 109/300, mean_loss: 0.1037
train >>> epoch: 110/300, batch: 1/4, mean_loss: 0.0009
train >>> epoch: 110/300, batch: 2/4, mean_loss: 0.0012
train >>> epoch: 110/300, batch: 3/4, mean_loss: 0.0011
train >>> epoch: 110/300, batch: 4/4, mean_loss: 0.0023
valid >>> epoch: 110/300, mean_loss: 0.1051
train >>> epoch: 111/300, batch: 1/4, mean_loss: 0.0013
train >>> epoch: 111/300, batch: 2/4, mean_loss: 0.0015
train >>> epoch: 111/300, batch: 3/4, mean_loss: 0.0018
train >>> epoch: 111/300, batch: 4/4, mean_loss: 0.0024
valid >>> epoch: 111/300, mean_loss: 0.0986
train >>> epoch: 112/300, batch: 1/4, mean_loss: 0.0014
train >>> epoch: 112/300, batch: 2/4, mean_loss: 0.0014
train >>> epoch: 112/300, batch: 3/4, mean_loss: 0.0016
train >>> epoch: 112/300, batch: 4/4, mean_loss: 0.0020
valid >>> epoch: 112/300, mean_loss: 0.1118
train >>> epoch: 113/300, batch: 1/4, mean_loss: 0.0017
train >>> epoch: 113/300, batch: 2/4, mean_loss: 0.0014
train >>> epoch: 113/300, batch: 3/4, mean_loss: 0.0015
train >>> epoch: 113/300, batch: 4/4, mean_loss: 0.0062
valid >>> epoch: 113/300, mean_loss: 0.1082
train >>> epoch: 114/300, batch: 1/4, mean_loss: 0.0011
train >>> epoch: 114/300, batch: 2/4, mean_loss: 0.0046
train >>> epoch: 114/300, batch: 3/4, mean_loss: 0.0041
train >>> epoch: 114/300, batch: 4/4, mean_loss: 0.0040
valid >>> epoch: 114/300, mean_loss: 0.0894
train >>> epoch: 115/300, batch: 1/4, mean_loss: 0.0033
train >>> epoch: 115/300, batch: 2/4, mean_loss: 0.0057
train >>> epoch: 115/300, batch: 3/4, mean_loss: 0.0043
train >>> epoch: 115/300, batch: 4/4, mean_loss: 0.0036
valid >>> epoch: 115/300, mean_loss: 0.1022
train >>> epoch: 116/300, batch: 1/4, mean_loss: 0.0014
train >>> epoch: 116/300, batch: 2/4, mean_loss: 0.0031
train >>> epoch: 116/300, batch: 3/4, mean_loss: 0.0025
train >>> epoch: 116/300, batch: 4/4, mean_loss: 0.0024
valid >>> epoch: 116/300, mean_loss: 0.0969
train >>> epoch: 117/300, batch: 1/4, mean_loss: 0.0019
train >>> epoch: 117/300, batch: 2/4, mean_loss: 0.0018
train >>> epoch: 117/300, batch: 3/4, mean_loss: 0.0018
train >>> epoch: 117/300, batch: 4/4, mean_loss: 0.0018
valid >>> epoch: 117/300, mean_loss: 0.1014
train >>> epoch: 118/300, batch: 1/4, mean_loss: 0.0014
train >>> epoch: 118/300, batch: 2/4, mean_loss: 0.0020
train >>> epoch: 118/300, batch: 3/4, mean_loss: 0.0017
train >>> epoch: 118/300, batch: 4/4, mean_loss: 0.0018
valid >>> epoch: 118/300, mean_loss: 0.1038
train >>> epoch: 119/300, batch: 1/4, mean_loss: 0.0018
train >>> epoch: 119/300, batch: 2/4, mean_loss: 0.0015
train >>> epoch: 119/300, batch: 3/4, mean_loss: 0.0013
train >>> epoch: 119/300, batch: 4/4, mean_loss: 0.0017
valid >>> epoch: 119/300, mean_loss: 0.1044
train >>> epoch: 120/300, batch: 1/4, mean_loss: 0.0012
train >>> epoch: 120/300, batch: 2/4, mean_loss: 0.0018
train >>> epoch: 120/300, batch: 3/4, mean_loss: 0.0024
train >>> epoch: 120/300, batch: 4/4, mean_loss: 0.0021
valid >>> epoch: 120/300, mean_loss: 0.0927
train >>> epoch: 121/300, batch: 1/4, mean_loss: 0.0014
train >>> epoch: 121/300, batch: 2/4, mean_loss: 0.0011
train >>> epoch: 121/300, batch: 3/4, mean_loss: 0.0017
train >>> epoch: 121/300, batch: 4/4, mean_loss: 0.0017
valid >>> epoch: 121/300, mean_loss: 0.1077
train >>> epoch: 122/300, batch: 1/4, mean_loss: 0.0010
train >>> epoch: 122/300, batch: 2/4, mean_loss: 0.0015
train >>> epoch: 122/300, batch: 3/4, mean_loss: 0.0014
train >>> epoch: 122/300, batch: 4/4, mean_loss: 0.0016
valid >>> epoch: 122/300, mean_loss: 0.0935
train >>> epoch: 123/300, batch: 1/4, mean_loss: 0.0012
train >>> epoch: 123/300, batch: 2/4, mean_loss: 0.0010
train >>> epoch: 123/300, batch: 3/4, mean_loss: 0.0020
train >>> epoch: 123/300, batch: 4/4, mean_loss: 0.0019
valid >>> epoch: 123/300, mean_loss: 0.1067
train >>> epoch: 124/300, batch: 1/4, mean_loss: 0.0013
train >>> epoch: 124/300, batch: 2/4, mean_loss: 0.0010
train >>> epoch: 124/300, batch: 3/4, mean_loss: 0.0009
train >>> epoch: 124/300, batch: 4/4, mean_loss: 0.0013
valid >>> epoch: 124/300, mean_loss: 0.0996
train >>> epoch: 125/300, batch: 1/4, mean_loss: 0.0014
train >>> epoch: 125/300, batch: 2/4, mean_loss: 0.0013
train >>> epoch: 125/300, batch: 3/4, mean_loss: 0.0010
train >>> epoch: 125/300, batch: 4/4, mean_loss: 0.0013
valid >>> epoch: 125/300, mean_loss: 0.0910
train >>> epoch: 126/300, batch: 1/4, mean_loss: 0.0012
train >>> epoch: 126/300, batch: 2/4, mean_loss: 0.0023
train >>> epoch: 126/300, batch: 3/4, mean_loss: 0.0018
train >>> epoch: 126/300, batch: 4/4, mean_loss: 0.0030
valid >>> epoch: 126/300, mean_loss: 0.1059
train >>> epoch: 127/300, batch: 1/4, mean_loss: 0.0026
train >>> epoch: 127/300, batch: 2/4, mean_loss: 0.0026
train >>> epoch: 127/300, batch: 3/4, mean_loss: 0.0029
train >>> epoch: 127/300, batch: 4/4, mean_loss: 0.0028
valid >>> epoch: 127/300, mean_loss: 0.1178
train >>> epoch: 128/300, batch: 1/4, mean_loss: 0.0014
train >>> epoch: 128/300, batch: 2/4, mean_loss: 0.0036
train >>> epoch: 128/300, batch: 3/4, mean_loss: 0.0037
train >>> epoch: 128/300, batch: 4/4, mean_loss: 0.0037
valid >>> epoch: 128/300, mean_loss: 0.0903
train >>> epoch: 129/300, batch: 1/4, mean_loss: 0.0015
train >>> epoch: 129/300, batch: 2/4, mean_loss: 0.0032
train >>> epoch: 129/300, batch: 3/4, mean_loss: 0.0052
train >>> epoch: 129/300, batch: 4/4, mean_loss: 0.0055
valid >>> epoch: 129/300, mean_loss: 0.1206
train >>> epoch: 130/300, batch: 1/4, mean_loss: 0.0026
train >>> epoch: 130/300, batch: 2/4, mean_loss: 0.0020
train >>> epoch: 130/300, batch: 3/4, mean_loss: 0.0019
train >>> epoch: 130/300, batch: 4/4, mean_loss: 0.0030
valid >>> epoch: 130/300, mean_loss: 0.0901
train >>> epoch: 131/300, batch: 1/4, mean_loss: 0.0041
train >>> epoch: 131/300, batch: 2/4, mean_loss: 0.0033
train >>> epoch: 131/300, batch: 3/4, mean_loss: 0.0051
train >>> epoch: 131/300, batch: 4/4, mean_loss: 0.0051
valid >>> epoch: 131/300, mean_loss: 0.1147
train >>> epoch: 132/300, batch: 1/4, mean_loss: 0.0012
train >>> epoch: 132/300, batch: 2/4, mean_loss: 0.0013
train >>> epoch: 132/300, batch: 3/4, mean_loss: 0.0020
train >>> epoch: 132/300, batch: 4/4, mean_loss: 0.0032
valid >>> epoch: 132/300, mean_loss: 0.0969
train >>> epoch: 133/300, batch: 1/4, mean_loss: 0.0045
train >>> epoch: 133/300, batch: 2/4, mean_loss: 0.0029
train >>> epoch: 133/300, batch: 3/4, mean_loss: 0.0037
train >>> epoch: 133/300, batch: 4/4, mean_loss: 0.0039
valid >>> epoch: 133/300, mean_loss: 0.1048
train >>> epoch: 134/300, batch: 1/4, mean_loss: 0.0011
train >>> epoch: 134/300, batch: 2/4, mean_loss: 0.0013
train >>> epoch: 134/300, batch: 3/4, mean_loss: 0.0015
train >>> epoch: 134/300, batch: 4/4, mean_loss: 0.0014
valid >>> epoch: 134/300, mean_loss: 0.1153
train >>> epoch: 135/300, batch: 1/4, mean_loss: 0.0015
train >>> epoch: 135/300, batch: 2/4, mean_loss: 0.0015
train >>> epoch: 135/300, batch: 3/4, mean_loss: 0.0014
train >>> epoch: 135/300, batch: 4/4, mean_loss: 0.0019
valid >>> epoch: 135/300, mean_loss: 0.1016
train >>> epoch: 136/300, batch: 1/4, mean_loss: 0.0029
train >>> epoch: 136/300, batch: 2/4, mean_loss: 0.0033
train >>> epoch: 136/300, batch: 3/4, mean_loss: 0.0028
train >>> epoch: 136/300, batch: 4/4, mean_loss: 0.0026
valid >>> epoch: 136/300, mean_loss: 0.1075
train >>> epoch: 137/300, batch: 1/4, mean_loss: 0.0009
train >>> epoch: 137/300, batch: 2/4, mean_loss: 0.0016
train >>> epoch: 137/300, batch: 3/4, mean_loss: 0.0015
train >>> epoch: 137/300, batch: 4/4, mean_loss: 0.0028
valid >>> epoch: 137/300, mean_loss: 0.1013
train >>> epoch: 138/300, batch: 1/4, mean_loss: 0.0010
train >>> epoch: 138/300, batch: 2/4, mean_loss: 0.0011
train >>> epoch: 138/300, batch: 3/4, mean_loss: 0.0021
train >>> epoch: 138/300, batch: 4/4, mean_loss: 0.0035
valid >>> epoch: 138/300, mean_loss: 0.1131
train >>> epoch: 139/300, batch: 1/4, mean_loss: 0.0012
train >>> epoch: 139/300, batch: 2/4, mean_loss: 0.0031
train >>> epoch: 139/300, batch: 3/4, mean_loss: 0.0047
train >>> epoch: 139/300, batch: 4/4, mean_loss: 0.0038
valid >>> epoch: 139/300, mean_loss: 0.1036
train >>> epoch: 140/300, batch: 1/4, mean_loss: 0.0012
train >>> epoch: 140/300, batch: 2/4, mean_loss: 0.0021
train >>> epoch: 140/300, batch: 3/4, mean_loss: 0.0023
train >>> epoch: 140/300, batch: 4/4, mean_loss: 0.0026
valid >>> epoch: 140/300, mean_loss: 0.1005
train >>> epoch: 141/300, batch: 1/4, mean_loss: 0.0017
train >>> epoch: 141/300, batch: 2/4, mean_loss: 0.0024
train >>> epoch: 141/300, batch: 3/4, mean_loss: 0.0018
train >>> epoch: 141/300, batch: 4/4, mean_loss: 0.0017
valid >>> epoch: 141/300, mean_loss: 0.1133
train >>> epoch: 142/300, batch: 1/4, mean_loss: 0.0012
train >>> epoch: 142/300, batch: 2/4, mean_loss: 0.0013
train >>> epoch: 142/300, batch: 3/4, mean_loss: 0.0013
train >>> epoch: 142/300, batch: 4/4, mean_loss: 0.0016
valid >>> epoch: 142/300, mean_loss: 0.0919
train >>> epoch: 143/300, batch: 1/4, mean_loss: 0.0013
train >>> epoch: 143/300, batch: 2/4, mean_loss: 0.0018
train >>> epoch: 143/300, batch: 3/4, mean_loss: 0.0022
train >>> epoch: 143/300, batch: 4/4, mean_loss: 0.0021
valid >>> epoch: 143/300, mean_loss: 0.1230
train >>> epoch: 144/300, batch: 1/4, mean_loss: 0.0019
train >>> epoch: 144/300, batch: 2/4, mean_loss: 0.0044
train >>> epoch: 144/300, batch: 3/4, mean_loss: 0.0039
train >>> epoch: 144/300, batch: 4/4, mean_loss: 0.0036
valid >>> epoch: 144/300, mean_loss: 0.0913
train >>> epoch: 145/300, batch: 1/4, mean_loss: 0.0009
train >>> epoch: 145/300, batch: 2/4, mean_loss: 0.0024
train >>> epoch: 145/300, batch: 3/4, mean_loss: 0.0028
train >>> epoch: 145/300, batch: 4/4, mean_loss: 0.0033
valid >>> epoch: 145/300, mean_loss: 0.1212
train >>> epoch: 146/300, batch: 1/4, mean_loss: 0.0009
train >>> epoch: 146/300, batch: 2/4, mean_loss: 0.0041
train >>> epoch: 146/300, batch: 3/4, mean_loss: 0.0067
train >>> epoch: 146/300, batch: 4/4, mean_loss: 0.0061
valid >>> epoch: 146/300, mean_loss: 0.0985
train >>> epoch: 147/300, batch: 1/4, mean_loss: 0.0009
train >>> epoch: 147/300, batch: 2/4, mean_loss: 0.0027
train >>> epoch: 147/300, batch: 3/4, mean_loss: 0.0039
train >>> epoch: 147/300, batch: 4/4, mean_loss: 0.0031
valid >>> epoch: 147/300, mean_loss: 0.1036
train >>> epoch: 148/300, batch: 1/4, mean_loss: 0.0012
train >>> epoch: 148/300, batch: 2/4, mean_loss: 0.0015
train >>> epoch: 148/300, batch: 3/4, mean_loss: 0.0023
train >>> epoch: 148/300, batch: 4/4, mean_loss: 0.0021
valid >>> epoch: 148/300, mean_loss: 0.1234
train >>> epoch: 149/300, batch: 1/4, mean_loss: 0.0030
train >>> epoch: 149/300, batch: 2/4, mean_loss: 0.0020
train >>> epoch: 149/300, batch: 3/4, mean_loss: 0.0017
train >>> epoch: 149/300, batch: 4/4, mean_loss: 0.0018
valid >>> epoch: 149/300, mean_loss: 0.0995
train >>> epoch: 150/300, batch: 1/4, mean_loss: 0.0018
train >>> epoch: 150/300, batch: 2/4, mean_loss: 0.0018
train >>> epoch: 150/300, batch: 3/4, mean_loss: 0.0016
train >>> epoch: 150/300, batch: 4/4, mean_loss: 0.0016
valid >>> epoch: 150/300, mean_loss: 0.1204
train >>> epoch: 151/300, batch: 1/4, mean_loss: 0.0019
train >>> epoch: 151/300, batch: 2/4, mean_loss: 0.0013
train >>> epoch: 151/300, batch: 3/4, mean_loss: 0.0011
train >>> epoch: 151/300, batch: 4/4, mean_loss: 0.0020
valid >>> epoch: 151/300, mean_loss: 0.1054
train >>> epoch: 152/300, batch: 1/4, mean_loss: 0.0008
train >>> epoch: 152/300, batch: 2/4, mean_loss: 0.0017
train >>> epoch: 152/300, batch: 3/4, mean_loss: 0.0015
train >>> epoch: 152/300, batch: 4/4, mean_loss: 0.0025
valid >>> epoch: 152/300, mean_loss: 0.1192
train >>> epoch: 153/300, batch: 1/4, mean_loss: 0.0015
train >>> epoch: 153/300, batch: 2/4, mean_loss: 0.0041
train >>> epoch: 153/300, batch: 3/4, mean_loss: 0.0037
train >>> epoch: 153/300, batch: 4/4, mean_loss: 0.0035
valid >>> epoch: 153/300, mean_loss: 0.1182
train >>> epoch: 154/300, batch: 1/4, mean_loss: 0.0009
train >>> epoch: 154/300, batch: 2/4, mean_loss: 0.0008
train >>> epoch: 154/300, batch: 3/4, mean_loss: 0.0013
train >>> epoch: 154/300, batch: 4/4, mean_loss: 0.0019
valid >>> epoch: 154/300, mean_loss: 0.1008
train >>> epoch: 155/300, batch: 1/4, mean_loss: 0.0026
train >>> epoch: 155/300, batch: 2/4, mean_loss: 0.0020
train >>> epoch: 155/300, batch: 3/4, mean_loss: 0.0019
train >>> epoch: 155/300, batch: 4/4, mean_loss: 0.0017
valid >>> epoch: 155/300, mean_loss: 0.1196
train >>> epoch: 156/300, batch: 1/4, mean_loss: 0.0007
train >>> epoch: 156/300, batch: 2/4, mean_loss: 0.0009
train >>> epoch: 156/300, batch: 3/4, mean_loss: 0.0012
train >>> epoch: 156/300, batch: 4/4, mean_loss: 0.0014
valid >>> epoch: 156/300, mean_loss: 0.1139
train >>> epoch: 157/300, batch: 1/4, mean_loss: 0.0008
train >>> epoch: 157/300, batch: 2/4, mean_loss: 0.0009
train >>> epoch: 157/300, batch: 3/4, mean_loss: 0.0011
train >>> epoch: 157/300, batch: 4/4, mean_loss: 0.0012
valid >>> epoch: 157/300, mean_loss: 0.1088
train >>> epoch: 158/300, batch: 1/4, mean_loss: 0.0015
train >>> epoch: 158/300, batch: 2/4, mean_loss: 0.0013
train >>> epoch: 158/300, batch: 3/4, mean_loss: 0.0010
train >>> epoch: 158/300, batch: 4/4, mean_loss: 0.0036
valid >>> epoch: 158/300, mean_loss: 0.1142
train >>> epoch: 159/300, batch: 1/4, mean_loss: 0.0005
train >>> epoch: 159/300, batch: 2/4, mean_loss: 0.0015
train >>> epoch: 159/300, batch: 3/4, mean_loss: 0.0013
train >>> epoch: 159/300, batch: 4/4, mean_loss: 0.0014
valid >>> epoch: 159/300, mean_loss: 0.1079
train >>> epoch: 160/300, batch: 1/4, mean_loss: 0.0021
train >>> epoch: 160/300, batch: 2/4, mean_loss: 0.0015
train >>> epoch: 160/300, batch: 3/4, mean_loss: 0.0016
train >>> epoch: 160/300, batch: 4/4, mean_loss: 0.0017
valid >>> epoch: 160/300, mean_loss: 0.1210
train >>> epoch: 161/300, batch: 1/4, mean_loss: 0.0009
train >>> epoch: 161/300, batch: 2/4, mean_loss: 0.0009
train >>> epoch: 161/300, batch: 3/4, mean_loss: 0.0013
train >>> epoch: 161/300, batch: 4/4, mean_loss: 0.0018
valid >>> epoch: 161/300, mean_loss: 0.1047
train >>> epoch: 162/300, batch: 1/4, mean_loss: 0.0009
train >>> epoch: 162/300, batch: 2/4, mean_loss: 0.0020
train >>> epoch: 162/300, batch: 3/4, mean_loss: 0.0026
train >>> epoch: 162/300, batch: 4/4, mean_loss: 0.0024
valid >>> epoch: 162/300, mean_loss: 0.1191
train >>> epoch: 163/300, batch: 1/4, mean_loss: 0.0008
train >>> epoch: 163/300, batch: 2/4, mean_loss: 0.0014
train >>> epoch: 163/300, batch: 3/4, mean_loss: 0.0013
train >>> epoch: 163/300, batch: 4/4, mean_loss: 0.0021
valid >>> epoch: 163/300, mean_loss: 0.1144
train >>> epoch: 164/300, batch: 1/4, mean_loss: 0.0015
train >>> epoch: 164/300, batch: 2/4, mean_loss: 0.0012
train >>> epoch: 164/300, batch: 3/4, mean_loss: 0.0012
train >>> epoch: 164/300, batch: 4/4, mean_loss: 0.0016
valid >>> epoch: 164/300, mean_loss: 0.1050
train >>> epoch: 165/300, batch: 1/4, mean_loss: 0.0021
train >>> epoch: 165/300, batch: 2/4, mean_loss: 0.0015
train >>> epoch: 165/300, batch: 3/4, mean_loss: 0.0021
train >>> epoch: 165/300, batch: 4/4, mean_loss: 0.0030
valid >>> epoch: 165/300, mean_loss: 0.1239
train >>> epoch: 166/300, batch: 1/4, mean_loss: 0.0014
train >>> epoch: 166/300, batch: 2/4, mean_loss: 0.0013
train >>> epoch: 166/300, batch: 3/4, mean_loss: 0.0028
train >>> epoch: 166/300, batch: 4/4, mean_loss: 0.0032
valid >>> epoch: 166/300, mean_loss: 0.1137
train >>> epoch: 167/300, batch: 1/4, mean_loss: 0.0009
train >>> epoch: 167/300, batch: 2/4, mean_loss: 0.0011
train >>> epoch: 167/300, batch: 3/4, mean_loss: 0.0010
train >>> epoch: 167/300, batch: 4/4, mean_loss: 0.0013
valid >>> epoch: 167/300, mean_loss: 0.1320
train >>> epoch: 168/300, batch: 1/4, mean_loss: 0.0023
train >>> epoch: 168/300, batch: 2/4, mean_loss: 0.0026
train >>> epoch: 168/300, batch: 3/4, mean_loss: 0.0020
train >>> epoch: 168/300, batch: 4/4, mean_loss: 0.0019
valid >>> epoch: 168/300, mean_loss: 0.1027
train >>> epoch: 169/300, batch: 1/4, mean_loss: 0.0017
train >>> epoch: 169/300, batch: 2/4, mean_loss: 0.0027
train >>> epoch: 169/300, batch: 3/4, mean_loss: 0.0020
train >>> epoch: 169/300, batch: 4/4, mean_loss: 0.0020
valid >>> epoch: 169/300, mean_loss: 0.1229
train >>> epoch: 170/300, batch: 1/4, mean_loss: 0.0018
train >>> epoch: 170/300, batch: 2/4, mean_loss: 0.0015
train >>> epoch: 170/300, batch: 3/4, mean_loss: 0.0012
train >>> epoch: 170/300, batch: 4/4, mean_loss: 0.0014
valid >>> epoch: 170/300, mean_loss: 0.1098
train >>> epoch: 171/300, batch: 1/4, mean_loss: 0.0010
train >>> epoch: 171/300, batch: 2/4, mean_loss: 0.0010
train >>> epoch: 171/300, batch: 3/4, mean_loss: 0.0011
train >>> epoch: 171/300, batch: 4/4, mean_loss: 0.0019
valid >>> epoch: 171/300, mean_loss: 0.1143
train >>> epoch: 172/300, batch: 1/4, mean_loss: 0.0007
train >>> epoch: 172/300, batch: 2/4, mean_loss: 0.0008
train >>> epoch: 172/300, batch: 3/4, mean_loss: 0.0011
train >>> epoch: 172/300, batch: 4/4, mean_loss: 0.0028
valid >>> epoch: 172/300, mean_loss: 0.1225
train >>> epoch: 173/300, batch: 1/4, mean_loss: 0.0044
train >>> epoch: 173/300, batch: 2/4, mean_loss: 0.0027
train >>> epoch: 173/300, batch: 3/4, mean_loss: 0.0021
train >>> epoch: 173/300, batch: 4/4, mean_loss: 0.0023
valid >>> epoch: 173/300, mean_loss: 0.1188
train >>> epoch: 174/300, batch: 1/4, mean_loss: 0.0020
train >>> epoch: 174/300, batch: 2/4, mean_loss: 0.0024
train >>> epoch: 174/300, batch: 3/4, mean_loss: 0.0020
train >>> epoch: 174/300, batch: 4/4, mean_loss: 0.0021
valid >>> epoch: 174/300, mean_loss: 0.1118
train >>> epoch: 175/300, batch: 1/4, mean_loss: 0.0003
train >>> epoch: 175/300, batch: 2/4, mean_loss: 0.0007
train >>> epoch: 175/300, batch: 3/4, mean_loss: 0.0007
train >>> epoch: 175/300, batch: 4/4, mean_loss: 0.0017
valid >>> epoch: 175/300, mean_loss: 0.1222
train >>> epoch: 176/300, batch: 1/4, mean_loss: 0.0009
train >>> epoch: 176/300, batch: 2/4, mean_loss: 0.0015
train >>> epoch: 176/300, batch: 3/4, mean_loss: 0.0014
train >>> epoch: 176/300, batch: 4/4, mean_loss: 0.0020
valid >>> epoch: 176/300, mean_loss: 0.1078
train >>> epoch: 177/300, batch: 1/4, mean_loss: 0.0016
train >>> epoch: 177/300, batch: 2/4, mean_loss: 0.0015
train >>> epoch: 177/300, batch: 3/4, mean_loss: 0.0013
train >>> epoch: 177/300, batch: 4/4, mean_loss: 0.0018
valid >>> epoch: 177/300, mean_loss: 0.1249
train >>> epoch: 178/300, batch: 1/4, mean_loss: 0.0012
train >>> epoch: 178/300, batch: 2/4, mean_loss: 0.0013
train >>> epoch: 178/300, batch: 3/4, mean_loss: 0.0016
train >>> epoch: 178/300, batch: 4/4, mean_loss: 0.0016
valid >>> epoch: 178/300, mean_loss: 0.1087
train >>> epoch: 179/300, batch: 1/4, mean_loss: 0.0020
train >>> epoch: 179/300, batch: 2/4, mean_loss: 0.0019
train >>> epoch: 179/300, batch: 3/4, mean_loss: 0.0016
train >>> epoch: 179/300, batch: 4/4, mean_loss: 0.0025
valid >>> epoch: 179/300, mean_loss: 0.1232
train >>> epoch: 180/300, batch: 1/4, mean_loss: 0.0010
train >>> epoch: 180/300, batch: 2/4, mean_loss: 0.0009
train >>> epoch: 180/300, batch: 3/4, mean_loss: 0.0011
train >>> epoch: 180/300, batch: 4/4, mean_loss: 0.0013
valid >>> epoch: 180/300, mean_loss: 0.1081
train >>> epoch: 181/300, batch: 1/4, mean_loss: 0.0028
train >>> epoch: 181/300, batch: 2/4, mean_loss: 0.0019
train >>> epoch: 181/300, batch: 3/4, mean_loss: 0.0016
train >>> epoch: 181/300, batch: 4/4, mean_loss: 0.0018
valid >>> epoch: 181/300, mean_loss: 0.1219
train >>> epoch: 182/300, batch: 1/4, mean_loss: 0.0009
train >>> epoch: 182/300, batch: 2/4, mean_loss: 0.0012
train >>> epoch: 182/300, batch: 3/4, mean_loss: 0.0016
train >>> epoch: 182/300, batch: 4/4, mean_loss: 0.0018
valid >>> epoch: 182/300, mean_loss: 0.1083
train >>> epoch: 183/300, batch: 1/4, mean_loss: 0.0012
train >>> epoch: 183/300, batch: 2/4, mean_loss: 0.0009
train >>> epoch: 183/300, batch: 3/4, mean_loss: 0.0024
train >>> epoch: 183/300, batch: 4/4, mean_loss: 0.0025
valid >>> epoch: 183/300, mean_loss: 0.1152
train >>> epoch: 184/300, batch: 1/4, mean_loss: 0.0008
train >>> epoch: 184/300, batch: 2/4, mean_loss: 0.0012
train >>> epoch: 184/300, batch: 3/4, mean_loss: 0.0017
train >>> epoch: 184/300, batch: 4/4, mean_loss: 0.0016
valid >>> epoch: 184/300, mean_loss: 0.1211
train >>> epoch: 185/300, batch: 1/4, mean_loss: 0.0026
train >>> epoch: 185/300, batch: 2/4, mean_loss: 0.0037
train >>> epoch: 185/300, batch: 3/4, mean_loss: 0.0030
train >>> epoch: 185/300, batch: 4/4, mean_loss: 0.0025
valid >>> epoch: 185/300, mean_loss: 0.1130
train >>> epoch: 186/300, batch: 1/4, mean_loss: 0.0006
train >>> epoch: 186/300, batch: 2/4, mean_loss: 0.0010
train >>> epoch: 186/300, batch: 3/4, mean_loss: 0.0009
train >>> epoch: 186/300, batch: 4/4, mean_loss: 0.0013
valid >>> epoch: 186/300, mean_loss: 0.1191
train >>> epoch: 187/300, batch: 1/4, mean_loss: 0.0005
train >>> epoch: 187/300, batch: 2/4, mean_loss: 0.0010
train >>> epoch: 187/300, batch: 3/4, mean_loss: 0.0010
train >>> epoch: 187/300, batch: 4/4, mean_loss: 0.0021
valid >>> epoch: 187/300, mean_loss: 0.1159
train >>> epoch: 188/300, batch: 1/4, mean_loss: 0.0008
train >>> epoch: 188/300, batch: 2/4, mean_loss: 0.0016
train >>> epoch: 188/300, batch: 3/4, mean_loss: 0.0035
train >>> epoch: 188/300, batch: 4/4, mean_loss: 0.0036
valid >>> epoch: 188/300, mean_loss: 0.1266
train >>> epoch: 189/300, batch: 1/4, mean_loss: 0.0019
train >>> epoch: 189/300, batch: 2/4, mean_loss: 0.0016
train >>> epoch: 189/300, batch: 3/4, mean_loss: 0.0020
train >>> epoch: 189/300, batch: 4/4, mean_loss: 0.0034
valid >>> epoch: 189/300, mean_loss: 0.1249
train >>> epoch: 190/300, batch: 1/4, mean_loss: 0.0012
train >>> epoch: 190/300, batch: 2/4, mean_loss: 0.0022
train >>> epoch: 190/300, batch: 3/4, mean_loss: 0.0027
train >>> epoch: 190/300, batch: 4/4, mean_loss: 0.0028
valid >>> epoch: 190/300, mean_loss: 0.1075
train >>> epoch: 191/300, batch: 1/4, mean_loss: 0.0013
train >>> epoch: 191/300, batch: 2/4, mean_loss: 0.0013
train >>> epoch: 191/300, batch: 3/4, mean_loss: 0.0013
train >>> epoch: 191/300, batch: 4/4, mean_loss: 0.0016
valid >>> epoch: 191/300, mean_loss: 0.1378
train >>> epoch: 192/300, batch: 1/4, mean_loss: 0.0022
train >>> epoch: 192/300, batch: 2/4, mean_loss: 0.0019
train >>> epoch: 192/300, batch: 3/4, mean_loss: 0.0015
train >>> epoch: 192/300, batch: 4/4, mean_loss: 0.0022
valid >>> epoch: 192/300, mean_loss: 0.1111
train >>> epoch: 193/300, batch: 1/4, mean_loss: 0.0016
train >>> epoch: 193/300, batch: 2/4, mean_loss: 0.0012
train >>> epoch: 193/300, batch: 3/4, mean_loss: 0.0012
train >>> epoch: 193/300, batch: 4/4, mean_loss: 0.0013
valid >>> epoch: 193/300, mean_loss: 0.1222
train >>> epoch: 194/300, batch: 1/4, mean_loss: 0.0011
train >>> epoch: 194/300, batch: 2/4, mean_loss: 0.0011
train >>> epoch: 194/300, batch: 3/4, mean_loss: 0.0011
train >>> epoch: 194/300, batch: 4/4, mean_loss: 0.0012
valid >>> epoch: 194/300, mean_loss: 0.1162
train >>> epoch: 195/300, batch: 1/4, mean_loss: 0.0011
train >>> epoch: 195/300, batch: 2/4, mean_loss: 0.0016
train >>> epoch: 195/300, batch: 3/4, mean_loss: 0.0013
train >>> epoch: 195/300, batch: 4/4, mean_loss: 0.0014
valid >>> epoch: 195/300, mean_loss: 0.1155
train >>> epoch: 196/300, batch: 1/4, mean_loss: 0.0010
train >>> epoch: 196/300, batch: 2/4, mean_loss: 0.0009
train >>> epoch: 196/300, batch: 3/4, mean_loss: 0.0009
train >>> epoch: 196/300, batch: 4/4, mean_loss: 0.0021
valid >>> epoch: 196/300, mean_loss: 0.1257
train >>> epoch: 197/300, batch: 1/4, mean_loss: 0.0009
train >>> epoch: 197/300, batch: 2/4, mean_loss: 0.0013
train >>> epoch: 197/300, batch: 3/4, mean_loss: 0.0025
train >>> epoch: 197/300, batch: 4/4, mean_loss: 0.0029
valid >>> epoch: 197/300, mean_loss: 0.1218
train >>> epoch: 198/300, batch: 1/4, mean_loss: 0.0007
train >>> epoch: 198/300, batch: 2/4, mean_loss: 0.0007
train >>> epoch: 198/300, batch: 3/4, mean_loss: 0.0011
train >>> epoch: 198/300, batch: 4/4, mean_loss: 0.0016
valid >>> epoch: 198/300, mean_loss: 0.1087
train >>> epoch: 199/300, batch: 1/4, mean_loss: 0.0029
train >>> epoch: 199/300, batch: 2/4, mean_loss: 0.0018
train >>> epoch: 199/300, batch: 3/4, mean_loss: 0.0029
train >>> epoch: 199/300, batch: 4/4, mean_loss: 0.0027
valid >>> epoch: 199/300, mean_loss: 0.1303
train >>> epoch: 200/300, batch: 1/4, mean_loss: 0.0020
train >>> epoch: 200/300, batch: 2/4, mean_loss: 0.0013
train >>> epoch: 200/300, batch: 3/4, mean_loss: 0.0017
train >>> epoch: 200/300, batch: 4/4, mean_loss: 0.0016
valid >>> epoch: 200/300, mean_loss: 0.1135
train >>> epoch: 201/300, batch: 1/4, mean_loss: 0.0021
train >>> epoch: 201/300, batch: 2/4, mean_loss: 0.0015
train >>> epoch: 201/300, batch: 3/4, mean_loss: 0.0016
train >>> epoch: 201/300, batch: 4/4, mean_loss: 0.0016
valid >>> epoch: 201/300, mean_loss: 0.1320
train >>> epoch: 202/300, batch: 1/4, mean_loss: 0.0012
train >>> epoch: 202/300, batch: 2/4, mean_loss: 0.0011
train >>> epoch: 202/300, batch: 3/4, mean_loss: 0.0013
train >>> epoch: 202/300, batch: 4/4, mean_loss: 0.0021
valid >>> epoch: 202/300, mean_loss: 0.1308
train >>> epoch: 203/300, batch: 1/4, mean_loss: 0.0010
train >>> epoch: 203/300, batch: 2/4, mean_loss: 0.0013
train >>> epoch: 203/300, batch: 3/4, mean_loss: 0.0013
train >>> epoch: 203/300, batch: 4/4, mean_loss: 0.0014
valid >>> epoch: 203/300, mean_loss: 0.1223
train >>> epoch: 204/300, batch: 1/4, mean_loss: 0.0009
train >>> epoch: 204/300, batch: 2/4, mean_loss: 0.0008
train >>> epoch: 204/300, batch: 3/4, mean_loss: 0.0009
train >>> epoch: 204/300, batch: 4/4, mean_loss: 0.0036
valid >>> epoch: 204/300, mean_loss: 0.1244
train >>> epoch: 205/300, batch: 1/4, mean_loss: 0.0010
train >>> epoch: 205/300, batch: 2/4, mean_loss: 0.0014
train >>> epoch: 205/300, batch: 3/4, mean_loss: 0.0019
train >>> epoch: 205/300, batch: 4/4, mean_loss: 0.0016
valid >>> epoch: 205/300, mean_loss: 0.1342
train >>> epoch: 206/300, batch: 1/4, mean_loss: 0.0029
train >>> epoch: 206/300, batch: 2/4, mean_loss: 0.0025
train >>> epoch: 206/300, batch: 3/4, mean_loss: 0.0020
train >>> epoch: 206/300, batch: 4/4, mean_loss: 0.0018
valid >>> epoch: 206/300, mean_loss: 0.1035
train >>> epoch: 207/300, batch: 1/4, mean_loss: 0.0044
train >>> epoch: 207/300, batch: 2/4, mean_loss: 0.0039
train >>> epoch: 207/300, batch: 3/4, mean_loss: 0.0029
train >>> epoch: 207/300, batch: 4/4, mean_loss: 0.0024
valid >>> epoch: 207/300, mean_loss: 0.1310
train >>> epoch: 208/300, batch: 1/4, mean_loss: 0.0010
train >>> epoch: 208/300, batch: 2/4, mean_loss: 0.0016
train >>> epoch: 208/300, batch: 3/4, mean_loss: 0.0021
train >>> epoch: 208/300, batch: 4/4, mean_loss: 0.0018
valid >>> epoch: 208/300, mean_loss: 0.1244
train >>> epoch: 209/300, batch: 1/4, mean_loss: 0.0022
train >>> epoch: 209/300, batch: 2/4, mean_loss: 0.0021
train >>> epoch: 209/300, batch: 3/4, mean_loss: 0.0026
train >>> epoch: 209/300, batch: 4/4, mean_loss: 0.0033
valid >>> epoch: 209/300, mean_loss: 0.1225
train >>> epoch: 210/300, batch: 1/4, mean_loss: 0.0014
train >>> epoch: 210/300, batch: 2/4, mean_loss: 0.0014
train >>> epoch: 210/300, batch: 3/4, mean_loss: 0.0032
train >>> epoch: 210/300, batch: 4/4, mean_loss: 0.0030
valid >>> epoch: 210/300, mean_loss: 0.1426
train >>> epoch: 211/300, batch: 1/4, mean_loss: 0.0025
train >>> epoch: 211/300, batch: 2/4, mean_loss: 0.0021
train >>> epoch: 211/300, batch: 3/4, mean_loss: 0.0017
train >>> epoch: 211/300, batch: 4/4, mean_loss: 0.0017
valid >>> epoch: 211/300, mean_loss: 0.1052
train >>> epoch: 212/300, batch: 1/4, mean_loss: 0.0022
train >>> epoch: 212/300, batch: 2/4, mean_loss: 0.0037
train >>> epoch: 212/300, batch: 3/4, mean_loss: 0.0029
train >>> epoch: 212/300, batch: 4/4, mean_loss: 0.0025
valid >>> epoch: 212/300, mean_loss: 0.1267
train >>> epoch: 213/300, batch: 1/4, mean_loss: 0.0009
train >>> epoch: 213/300, batch: 2/4, mean_loss: 0.0011
train >>> epoch: 213/300, batch: 3/4, mean_loss: 0.0013
train >>> epoch: 213/300, batch: 4/4, mean_loss: 0.0016
valid >>> epoch: 213/300, mean_loss: 0.1349
train >>> epoch: 214/300, batch: 1/4, mean_loss: 0.0013
train >>> epoch: 214/300, batch: 2/4, mean_loss: 0.0010
train >>> epoch: 214/300, batch: 3/4, mean_loss: 0.0012
train >>> epoch: 214/300, batch: 4/4, mean_loss: 0.0021
valid >>> epoch: 214/300, mean_loss: 0.1143
train >>> epoch: 215/300, batch: 1/4, mean_loss: 0.0010
train >>> epoch: 215/300, batch: 2/4, mean_loss: 0.0027
train >>> epoch: 215/300, batch: 3/4, mean_loss: 0.0022
train >>> epoch: 215/300, batch: 4/4, mean_loss: 0.0027
valid >>> epoch: 215/300, mean_loss: 0.1235
train >>> epoch: 216/300, batch: 1/4, mean_loss: 0.0012
train >>> epoch: 216/300, batch: 2/4, mean_loss: 0.0012
train >>> epoch: 216/300, batch: 3/4, mean_loss: 0.0015
train >>> epoch: 216/300, batch: 4/4, mean_loss: 0.0027
valid >>> epoch: 216/300, mean_loss: 0.1462
train >>> epoch: 217/300, batch: 1/4, mean_loss: 0.0014
train >>> epoch: 217/300, batch: 2/4, mean_loss: 0.0012
train >>> epoch: 217/300, batch: 3/4, mean_loss: 0.0011
train >>> epoch: 217/300, batch: 4/4, mean_loss: 0.0013
valid >>> epoch: 217/300, mean_loss: 0.1209
train >>> epoch: 218/300, batch: 1/4, mean_loss: 0.0014
train >>> epoch: 218/300, batch: 2/4, mean_loss: 0.0016
train >>> epoch: 218/300, batch: 3/4, mean_loss: 0.0022
train >>> epoch: 218/300, batch: 4/4, mean_loss: 0.0022
valid >>> epoch: 218/300, mean_loss: 0.1283
train >>> epoch: 219/300, batch: 1/4, mean_loss: 0.0009
train >>> epoch: 219/300, batch: 2/4, mean_loss: 0.0010
train >>> epoch: 219/300, batch: 3/4, mean_loss: 0.0011
train >>> epoch: 219/300, batch: 4/4, mean_loss: 0.0028
valid >>> epoch: 219/300, mean_loss: 0.1397
train >>> epoch: 220/300, batch: 1/4, mean_loss: 0.0019
train >>> epoch: 220/300, batch: 2/4, mean_loss: 0.0013
train >>> epoch: 220/300, batch: 3/4, mean_loss: 0.0013
train >>> epoch: 220/300, batch: 4/4, mean_loss: 0.0024
valid >>> epoch: 220/300, mean_loss: 0.1231
train >>> epoch: 221/300, batch: 1/4, mean_loss: 0.0014
train >>> epoch: 221/300, batch: 2/4, mean_loss: 0.0016
train >>> epoch: 221/300, batch: 3/4, mean_loss: 0.0014
train >>> epoch: 221/300, batch: 4/4, mean_loss: 0.0013
valid >>> epoch: 221/300, mean_loss: 0.1320
train >>> epoch: 222/300, batch: 1/4, mean_loss: 0.0008
train >>> epoch: 222/300, batch: 2/4, mean_loss: 0.0013
train >>> epoch: 222/300, batch: 3/4, mean_loss: 0.0013
train >>> epoch: 222/300, batch: 4/4, mean_loss: 0.0022
valid >>> epoch: 222/300, mean_loss: 0.1308
train >>> epoch: 223/300, batch: 1/4, mean_loss: 0.0009
train >>> epoch: 223/300, batch: 2/4, mean_loss: 0.0009
train >>> epoch: 223/300, batch: 3/4, mean_loss: 0.0011
train >>> epoch: 223/300, batch: 4/4, mean_loss: 0.0015
valid >>> epoch: 223/300, mean_loss: 0.1228
train >>> epoch: 224/300, batch: 1/4, mean_loss: 0.0014
train >>> epoch: 224/300, batch: 2/4, mean_loss: 0.0038
train >>> epoch: 224/300, batch: 3/4, mean_loss: 0.0029
train >>> epoch: 224/300, batch: 4/4, mean_loss: 0.0025
valid >>> epoch: 224/300, mean_loss: 0.1429
train >>> epoch: 225/300, batch: 1/4, mean_loss: 0.0015
train >>> epoch: 225/300, batch: 2/4, mean_loss: 0.0014
train >>> epoch: 225/300, batch: 3/4, mean_loss: 0.0014
train >>> epoch: 225/300, batch: 4/4, mean_loss: 0.0038
valid >>> epoch: 225/300, mean_loss: 0.1387
train >>> epoch: 226/300, batch: 1/4, mean_loss: 0.0007
train >>> epoch: 226/300, batch: 2/4, mean_loss: 0.0008
train >>> epoch: 226/300, batch: 3/4, mean_loss: 0.0012
train >>> epoch: 226/300, batch: 4/4, mean_loss: 0.0015
valid >>> epoch: 226/300, mean_loss: 0.1173
train >>> epoch: 227/300, batch: 1/4, mean_loss: 0.0016
train >>> epoch: 227/300, batch: 2/4, mean_loss: 0.0031
train >>> epoch: 227/300, batch: 3/4, mean_loss: 0.0023
train >>> epoch: 227/300, batch: 4/4, mean_loss: 0.0020
valid >>> epoch: 227/300, mean_loss: 0.1412
train >>> epoch: 228/300, batch: 1/4, mean_loss: 0.0010
train >>> epoch: 228/300, batch: 2/4, mean_loss: 0.0017
train >>> epoch: 228/300, batch: 3/4, mean_loss: 0.0018
train >>> epoch: 228/300, batch: 4/4, mean_loss: 0.0022
valid >>> epoch: 228/300, mean_loss: 0.1411
train >>> epoch: 229/300, batch: 1/4, mean_loss: 0.0024
train >>> epoch: 229/300, batch: 2/4, mean_loss: 0.0016
train >>> epoch: 229/300, batch: 3/4, mean_loss: 0.0014
train >>> epoch: 229/300, batch: 4/4, mean_loss: 0.0014
valid >>> epoch: 229/300, mean_loss: 0.1207
train >>> epoch: 230/300, batch: 1/4, mean_loss: 0.0063
train >>> epoch: 230/300, batch: 2/4, mean_loss: 0.0038
train >>> epoch: 230/300, batch: 3/4, mean_loss: 0.0028
train >>> epoch: 230/300, batch: 4/4, mean_loss: 0.0035
valid >>> epoch: 230/300, mean_loss: 0.1365
train >>> epoch: 231/300, batch: 1/4, mean_loss: 0.0004
train >>> epoch: 231/300, batch: 2/4, mean_loss: 0.0007
train >>> epoch: 231/300, batch: 3/4, mean_loss: 0.0008
train >>> epoch: 231/300, batch: 4/4, mean_loss: 0.0013
valid >>> epoch: 231/300, mean_loss: 0.1351
train >>> epoch: 232/300, batch: 1/4, mean_loss: 0.0016
train >>> epoch: 232/300, batch: 2/4, mean_loss: 0.0020
train >>> epoch: 232/300, batch: 3/4, mean_loss: 0.0018
train >>> epoch: 232/300, batch: 4/4, mean_loss: 0.0022
valid >>> epoch: 232/300, mean_loss: 0.1419
train >>> epoch: 233/300, batch: 1/4, mean_loss: 0.0014
train >>> epoch: 233/300, batch: 2/4, mean_loss: 0.0012
train >>> epoch: 233/300, batch: 3/4, mean_loss: 0.0012
train >>> epoch: 233/300, batch: 4/4, mean_loss: 0.0013
valid >>> epoch: 233/300, mean_loss: 0.1320
train >>> epoch: 234/300, batch: 1/4, mean_loss: 0.0014
train >>> epoch: 234/300, batch: 2/4, mean_loss: 0.0016
train >>> epoch: 234/300, batch: 3/4, mean_loss: 0.0013
train >>> epoch: 234/300, batch: 4/4, mean_loss: 0.0016
valid >>> epoch: 234/300, mean_loss: 0.1288
train >>> epoch: 235/300, batch: 1/4, mean_loss: 0.0006
train >>> epoch: 235/300, batch: 2/4, mean_loss: 0.0009
train >>> epoch: 235/300, batch: 3/4, mean_loss: 0.0019
train >>> epoch: 235/300, batch: 4/4, mean_loss: 0.0025
valid >>> epoch: 235/300, mean_loss: 0.1350
train >>> epoch: 236/300, batch: 1/4, mean_loss: 0.0012
train >>> epoch: 236/300, batch: 2/4, mean_loss: 0.0011
train >>> epoch: 236/300, batch: 3/4, mean_loss: 0.0020
train >>> epoch: 236/300, batch: 4/4, mean_loss: 0.0022
valid >>> epoch: 236/300, mean_loss: 0.1506
train >>> epoch: 237/300, batch: 1/4, mean_loss: 0.0020
train >>> epoch: 237/300, batch: 2/4, mean_loss: 0.0018
train >>> epoch: 237/300, batch: 3/4, mean_loss: 0.0016
train >>> epoch: 237/300, batch: 4/4, mean_loss: 0.0015
valid >>> epoch: 237/300, mean_loss: 0.1274
train >>> epoch: 238/300, batch: 1/4, mean_loss: 0.0028
train >>> epoch: 238/300, batch: 2/4, mean_loss: 0.0020
train >>> epoch: 238/300, batch: 3/4, mean_loss: 0.0020
train >>> epoch: 238/300, batch: 4/4, mean_loss: 0.0022
valid >>> epoch: 238/300, mean_loss: 0.1278
train >>> epoch: 239/300, batch: 1/4, mean_loss: 0.0008
train >>> epoch: 239/300, batch: 2/4, mean_loss: 0.0008
train >>> epoch: 239/300, batch: 3/4, mean_loss: 0.0009
train >>> epoch: 239/300, batch: 4/4, mean_loss: 0.0011
valid >>> epoch: 239/300, mean_loss: 0.1403
train >>> epoch: 240/300, batch: 1/4, mean_loss: 0.0012
train >>> epoch: 240/300, batch: 2/4, mean_loss: 0.0009
train >>> epoch: 240/300, batch: 3/4, mean_loss: 0.0011
train >>> epoch: 240/300, batch: 4/4, mean_loss: 0.0011
valid >>> epoch: 240/300, mean_loss: 0.1404
train >>> epoch: 241/300, batch: 1/4, mean_loss: 0.0007
train >>> epoch: 241/300, batch: 2/4, mean_loss: 0.0007
train >>> epoch: 241/300, batch: 3/4, mean_loss: 0.0007
train >>> epoch: 241/300, batch: 4/4, mean_loss: 0.0011
valid >>> epoch: 241/300, mean_loss: 0.1297
train >>> epoch: 242/300, batch: 1/4, mean_loss: 0.0009
train >>> epoch: 242/300, batch: 2/4, mean_loss: 0.0008
train >>> epoch: 242/300, batch: 3/4, mean_loss: 0.0008
train >>> epoch: 242/300, batch: 4/4, mean_loss: 0.0010
valid >>> epoch: 242/300, mean_loss: 0.1346
train >>> epoch: 243/300, batch: 1/4, mean_loss: 0.0006
train >>> epoch: 243/300, batch: 2/4, mean_loss: 0.0008
train >>> epoch: 243/300, batch: 3/4, mean_loss: 0.0007
train >>> epoch: 243/300, batch: 4/4, mean_loss: 0.0015
valid >>> epoch: 243/300, mean_loss: 0.1408
train >>> epoch: 244/300, batch: 1/4, mean_loss: 0.0006
train >>> epoch: 244/300, batch: 2/4, mean_loss: 0.0007
train >>> epoch: 244/300, batch: 3/4, mean_loss: 0.0007
train >>> epoch: 244/300, batch: 4/4, mean_loss: 0.0011
valid >>> epoch: 244/300, mean_loss: 0.1322
train >>> epoch: 245/300, batch: 1/4, mean_loss: 0.0015
train >>> epoch: 245/300, batch: 2/4, mean_loss: 0.0010
train >>> epoch: 245/300, batch: 3/4, mean_loss: 0.0010
train >>> epoch: 245/300, batch: 4/4, mean_loss: 0.0012
valid >>> epoch: 245/300, mean_loss: 0.1373
train >>> epoch: 246/300, batch: 1/4, mean_loss: 0.0005
train >>> epoch: 246/300, batch: 2/4, mean_loss: 0.0010
train >>> epoch: 246/300, batch: 3/4, mean_loss: 0.0010
train >>> epoch: 246/300, batch: 4/4, mean_loss: 0.0015
valid >>> epoch: 246/300, mean_loss: 0.1368
train >>> epoch: 247/300, batch: 1/4, mean_loss: 0.0007
train >>> epoch: 247/300, batch: 2/4, mean_loss: 0.0006
train >>> epoch: 247/300, batch: 3/4, mean_loss: 0.0009
train >>> epoch: 247/300, batch: 4/4, mean_loss: 0.0011
valid >>> epoch: 247/300, mean_loss: 0.1315
train >>> epoch: 248/300, batch: 1/4, mean_loss: 0.0009
train >>> epoch: 248/300, batch: 2/4, mean_loss: 0.0010
train >>> epoch: 248/300, batch: 3/4, mean_loss: 0.0010
train >>> epoch: 248/300, batch: 4/4, mean_loss: 0.0015
valid >>> epoch: 248/300, mean_loss: 0.1265
train >>> epoch: 249/300, batch: 1/4, mean_loss: 0.0010
train >>> epoch: 249/300, batch: 2/4, mean_loss: 0.0008
train >>> epoch: 249/300, batch: 3/4, mean_loss: 0.0011
train >>> epoch: 249/300, batch: 4/4, mean_loss: 0.0011
valid >>> epoch: 249/300, mean_loss: 0.1334
train >>> epoch: 250/300, batch: 1/4, mean_loss: 0.0006
train >>> epoch: 250/300, batch: 2/4, mean_loss: 0.0008
train >>> epoch: 250/300, batch: 3/4, mean_loss: 0.0009
train >>> epoch: 250/300, batch: 4/4, mean_loss: 0.0009
valid >>> epoch: 250/300, mean_loss: 0.1392
train >>> epoch: 251/300, batch: 1/4, mean_loss: 0.0008
train >>> epoch: 251/300, batch: 2/4, mean_loss: 0.0011
train >>> epoch: 251/300, batch: 3/4, mean_loss: 0.0010
train >>> epoch: 251/300, batch: 4/4, mean_loss: 0.0011
valid >>> epoch: 251/300, mean_loss: 0.1409
train >>> epoch: 252/300, batch: 1/4, mean_loss: 0.0007
train >>> epoch: 252/300, batch: 2/4, mean_loss: 0.0007
train >>> epoch: 252/300, batch: 3/4, mean_loss: 0.0010
train >>> epoch: 252/300, batch: 4/4, mean_loss: 0.0013
valid >>> epoch: 252/300, mean_loss: 0.1359
train >>> epoch: 253/300, batch: 1/4, mean_loss: 0.0006
train >>> epoch: 253/300, batch: 2/4, mean_loss: 0.0009
train >>> epoch: 253/300, batch: 3/4, mean_loss: 0.0008
train >>> epoch: 253/300, batch: 4/4, mean_loss: 0.0008
valid >>> epoch: 253/300, mean_loss: 0.1293
train >>> epoch: 254/300, batch: 1/4, mean_loss: 0.0017
train >>> epoch: 254/300, batch: 2/4, mean_loss: 0.0018
train >>> epoch: 254/300, batch: 3/4, mean_loss: 0.0015
train >>> epoch: 254/300, batch: 4/4, mean_loss: 0.0014
valid >>> epoch: 254/300, mean_loss: 0.1406
train >>> epoch: 255/300, batch: 1/4, mean_loss: 0.0006
train >>> epoch: 255/300, batch: 2/4, mean_loss: 0.0009
train >>> epoch: 255/300, batch: 3/4, mean_loss: 0.0008
train >>> epoch: 255/300, batch: 4/4, mean_loss: 0.0010
valid >>> epoch: 255/300, mean_loss: 0.1421
train >>> epoch: 256/300, batch: 1/4, mean_loss: 0.0014
train >>> epoch: 256/300, batch: 2/4, mean_loss: 0.0011
train >>> epoch: 256/300, batch: 3/4, mean_loss: 0.0010
train >>> epoch: 256/300, batch: 4/4, mean_loss: 0.0017
valid >>> epoch: 256/300, mean_loss: 0.1358
train >>> epoch: 257/300, batch: 1/4, mean_loss: 0.0009
train >>> epoch: 257/300, batch: 2/4, mean_loss: 0.0008
train >>> epoch: 257/300, batch: 3/4, mean_loss: 0.0007
train >>> epoch: 257/300, batch: 4/4, mean_loss: 0.0011
valid >>> epoch: 257/300, mean_loss: 0.1427
train >>> epoch: 258/300, batch: 1/4, mean_loss: 0.0009
train >>> epoch: 258/300, batch: 2/4, mean_loss: 0.0010
train >>> epoch: 258/300, batch: 3/4, mean_loss: 0.0009
train >>> epoch: 258/300, batch: 4/4, mean_loss: 0.0011
valid >>> epoch: 258/300, mean_loss: 0.1393
train >>> epoch: 259/300, batch: 1/4, mean_loss: 0.0009
train >>> epoch: 259/300, batch: 2/4, mean_loss: 0.0014
train >>> epoch: 259/300, batch: 3/4, mean_loss: 0.0012
train >>> epoch: 259/300, batch: 4/4, mean_loss: 0.0020
valid >>> epoch: 259/300, mean_loss: 0.1322
train >>> epoch: 260/300, batch: 1/4, mean_loss: 0.0006
train >>> epoch: 260/300, batch: 2/4, mean_loss: 0.0007
train >>> epoch: 260/300, batch: 3/4, mean_loss: 0.0007
train >>> epoch: 260/300, batch: 4/4, mean_loss: 0.0010
valid >>> epoch: 260/300, mean_loss: 0.1346
train >>> epoch: 261/300, batch: 1/4, mean_loss: 0.0009
train >>> epoch: 261/300, batch: 2/4, mean_loss: 0.0012
train >>> epoch: 261/300, batch: 3/4, mean_loss: 0.0011
train >>> epoch: 261/300, batch: 4/4, mean_loss: 0.0011
valid >>> epoch: 261/300, mean_loss: 0.1362
train >>> epoch: 262/300, batch: 1/4, mean_loss: 0.0011
train >>> epoch: 262/300, batch: 2/4, mean_loss: 0.0007
train >>> epoch: 262/300, batch: 3/4, mean_loss: 0.0008
train >>> epoch: 262/300, batch: 4/4, mean_loss: 0.0009
valid >>> epoch: 262/300, mean_loss: 0.1330
train >>> epoch: 263/300, batch: 1/4, mean_loss: 0.0006
