2020-01-11-13-31-47
train.py
--------------------------------------------------------------------------------------------------------------------
batchSize: 32
dir_lf: D:\Data\cs-8395-dl
dir_project: C:\Users\Reasat\Projects\cs-8395-dl\Assignment_1_detection
encoder: resnet18
epoch: 100
folderData: assignment1_data
lr: 0.001
--------------------------------------------------------------------------------------------------------------------
creating directory to save model at D:\Data\cs-8395-dl\model\2020-01-11-13-31-47
loading images to RAM
loading images to RAM
freezing feature extracting layers
ResNet18(
  (resnet18): ResNet(
    (conv1): Conv2d(3, 64, kernel_size=(7, 7), stride=(2, 2), padding=(3, 3), bias=False)
    (bn1): BatchNorm2d(64, eps=1e-05, momentum=0.1, affine=True, track_running_stats=True)
    (relu): ReLU(inplace)
    (maxpool): MaxPool2d(kernel_size=3, stride=2, padding=1, dilation=1, ceil_mode=False)
    (layer1): Sequential(
      (0): BasicBlock(
        (conv1): Conv2d(64, 64, kernel_size=(3, 3), stride=(1, 1), padding=(1, 1), bias=False)
        (bn1): BatchNorm2d(64, eps=1e-05, momentum=0.1, affine=True, track_running_stats=True)
        (relu): ReLU(inplace)
        (conv2): Conv2d(64, 64, kernel_size=(3, 3), stride=(1, 1), padding=(1, 1), bias=False)
        (bn2): BatchNorm2d(64, eps=1e-05, momentum=0.1, affine=True, track_running_stats=True)
      )
      (1): BasicBlock(
        (conv1): Conv2d(64, 64, kernel_size=(3, 3), stride=(1, 1), padding=(1, 1), bias=False)
        (bn1): BatchNorm2d(64, eps=1e-05, momentum=0.1, affine=True, track_running_stats=True)
        (relu): ReLU(inplace)
        (conv2): Conv2d(64, 64, kernel_size=(3, 3), stride=(1, 1), padding=(1, 1), bias=False)
        (bn2): BatchNorm2d(64, eps=1e-05, momentum=0.1, affine=True, track_running_stats=True)
      )
    )
    (layer2): Sequential(
      (0): BasicBlock(
        (conv1): Conv2d(64, 128, kernel_size=(3, 3), stride=(2, 2), padding=(1, 1), bias=False)
        (bn1): BatchNorm2d(128, eps=1e-05, momentum=0.1, affine=True, track_running_stats=True)
        (relu): ReLU(inplace)
        (conv2): Conv2d(128, 128, kernel_size=(3, 3), stride=(1, 1), padding=(1, 1), bias=False)
        (bn2): BatchNorm2d(128, eps=1e-05, momentum=0.1, affine=True, track_running_stats=True)
        (downsample): Sequential(
          (0): Conv2d(64, 128, kernel_size=(1, 1), stride=(2, 2), bias=False)
          (1): BatchNorm2d(128, eps=1e-05, momentum=0.1, affine=True, track_running_stats=True)
        )
      )
      (1): BasicBlock(
        (conv1): Conv2d(128, 128, kernel_size=(3, 3), stride=(1, 1), padding=(1, 1), bias=False)
        (bn1): BatchNorm2d(128, eps=1e-05, momentum=0.1, affine=True, track_running_stats=True)
        (relu): ReLU(inplace)
        (conv2): Conv2d(128, 128, kernel_size=(3, 3), stride=(1, 1), padding=(1, 1), bias=False)
        (bn2): BatchNorm2d(128, eps=1e-05, momentum=0.1, affine=True, track_running_stats=True)
      )
    )
    (layer3): Sequential(
      (0): BasicBlock(
        (conv1): Conv2d(128, 256, kernel_size=(3, 3), stride=(2, 2), padding=(1, 1), bias=False)
        (bn1): BatchNorm2d(256, eps=1e-05, momentum=0.1, affine=True, track_running_stats=True)
        (relu): ReLU(inplace)
        (conv2): Conv2d(256, 256, kernel_size=(3, 3), stride=(1, 1), padding=(1, 1), bias=False)
        (bn2): BatchNorm2d(256, eps=1e-05, momentum=0.1, affine=True, track_running_stats=True)
        (downsample): Sequential(
          (0): Conv2d(128, 256, kernel_size=(1, 1), stride=(2, 2), bias=False)
          (1): BatchNorm2d(256, eps=1e-05, momentum=0.1, affine=True, track_running_stats=True)
        )
      )
      (1): BasicBlock(
        (conv1): Conv2d(256, 256, kernel_size=(3, 3), stride=(1, 1), padding=(1, 1), bias=False)
        (bn1): BatchNorm2d(256, eps=1e-05, momentum=0.1, affine=True, track_running_stats=True)
        (relu): ReLU(inplace)
        (conv2): Conv2d(256, 256, kernel_size=(3, 3), stride=(1, 1), padding=(1, 1), bias=False)
        (bn2): BatchNorm2d(256, eps=1e-05, momentum=0.1, affine=True, track_running_stats=True)
      )
    )
    (layer4): Sequential(
      (0): BasicBlock(
        (conv1): Conv2d(256, 512, kernel_size=(3, 3), stride=(2, 2), padding=(1, 1), bias=False)
        (bn1): BatchNorm2d(512, eps=1e-05, momentum=0.1, affine=True, track_running_stats=True)
        (relu): ReLU(inplace)
        (conv2): Conv2d(512, 512, kernel_size=(3, 3), stride=(1, 1), padding=(1, 1), bias=False)
        (bn2): BatchNorm2d(512, eps=1e-05, momentum=0.1, affine=True, track_running_stats=True)
        (downsample): Sequential(
          (0): Conv2d(256, 512, kernel_size=(1, 1), stride=(2, 2), bias=False)
          (1): BatchNorm2d(512, eps=1e-05, momentum=0.1, affine=True, track_running_stats=True)
        )
      )
      (1): BasicBlock(
        (conv1): Conv2d(512, 512, kernel_size=(3, 3), stride=(1, 1), padding=(1, 1), bias=False)
        (bn1): BatchNorm2d(512, eps=1e-05, momentum=0.1, affine=True, track_running_stats=True)
        (relu): ReLU(inplace)
        (conv2): Conv2d(512, 512, kernel_size=(3, 3), stride=(1, 1), padding=(1, 1), bias=False)
        (bn2): BatchNorm2d(512, eps=1e-05, momentum=0.1, affine=True, track_running_stats=True)
      )
    )
    (avgpool): AdaptiveAvgPool2d(output_size=(1, 1))
    (fc): Linear(in_features=512, out_features=1000, bias=True)
  )
  (resnet18_fc_stripped): Sequential(
    (0): Conv2d(3, 64, kernel_size=(7, 7), stride=(2, 2), padding=(3, 3), bias=False)
    (1): BatchNorm2d(64, eps=1e-05, momentum=0.1, affine=True, track_running_stats=True)
    (2): ReLU(inplace)
    (3): MaxPool2d(kernel_size=3, stride=2, padding=1, dilation=1, ceil_mode=False)
    (4): Sequential(
      (0): BasicBlock(
        (conv1): Conv2d(64, 64, kernel_size=(3, 3), stride=(1, 1), padding=(1, 1), bias=False)
        (bn1): BatchNorm2d(64, eps=1e-05, momentum=0.1, affine=True, track_running_stats=True)
        (relu): ReLU(inplace)
        (conv2): Conv2d(64, 64, kernel_size=(3, 3), stride=(1, 1), padding=(1, 1), bias=False)
        (bn2): BatchNorm2d(64, eps=1e-05, momentum=0.1, affine=True, track_running_stats=True)
      )
      (1): BasicBlock(
        (conv1): Conv2d(64, 64, kernel_size=(3, 3), stride=(1, 1), padding=(1, 1), bias=False)
        (bn1): BatchNorm2d(64, eps=1e-05, momentum=0.1, affine=True, track_running_stats=True)
        (relu): ReLU(inplace)
        (conv2): Conv2d(64, 64, kernel_size=(3, 3), stride=(1, 1), padding=(1, 1), bias=False)
        (bn2): BatchNorm2d(64, eps=1e-05, momentum=0.1, affine=True, track_running_stats=True)
      )
    )
    (5): Sequential(
      (0): BasicBlock(
        (conv1): Conv2d(64, 128, kernel_size=(3, 3), stride=(2, 2), padding=(1, 1), bias=False)
        (bn1): BatchNorm2d(128, eps=1e-05, momentum=0.1, affine=True, track_running_stats=True)
        (relu): ReLU(inplace)
        (conv2): Conv2d(128, 128, kernel_size=(3, 3), stride=(1, 1), padding=(1, 1), bias=False)
        (bn2): BatchNorm2d(128, eps=1e-05, momentum=0.1, affine=True, track_running_stats=True)
        (downsample): Sequential(
          (0): Conv2d(64, 128, kernel_size=(1, 1), stride=(2, 2), bias=False)
          (1): BatchNorm2d(128, eps=1e-05, momentum=0.1, affine=True, track_running_stats=True)
        )
      )
      (1): BasicBlock(
        (conv1): Conv2d(128, 128, kernel_size=(3, 3), stride=(1, 1), padding=(1, 1), bias=False)
        (bn1): BatchNorm2d(128, eps=1e-05, momentum=0.1, affine=True, track_running_stats=True)
        (relu): ReLU(inplace)
        (conv2): Conv2d(128, 128, kernel_size=(3, 3), stride=(1, 1), padding=(1, 1), bias=False)
        (bn2): BatchNorm2d(128, eps=1e-05, momentum=0.1, affine=True, track_running_stats=True)
      )
    )
    (6): Sequential(
      (0): BasicBlock(
        (conv1): Conv2d(128, 256, kernel_size=(3, 3), stride=(2, 2), padding=(1, 1), bias=False)
        (bn1): BatchNorm2d(256, eps=1e-05, momentum=0.1, affine=True, track_running_stats=True)
        (relu): ReLU(inplace)
        (conv2): Conv2d(256, 256, kernel_size=(3, 3), stride=(1, 1), padding=(1, 1), bias=False)
        (bn2): BatchNorm2d(256, eps=1e-05, momentum=0.1, affine=True, track_running_stats=True)
        (downsample): Sequential(
          (0): Conv2d(128, 256, kernel_size=(1, 1), stride=(2, 2), bias=False)
          (1): BatchNorm2d(256, eps=1e-05, momentum=0.1, affine=True, track_running_stats=True)
        )
      )
      (1): BasicBlock(
        (conv1): Conv2d(256, 256, kernel_size=(3, 3), stride=(1, 1), padding=(1, 1), bias=False)
        (bn1): BatchNorm2d(256, eps=1e-05, momentum=0.1, affine=True, track_running_stats=True)
        (relu): ReLU(inplace)
        (conv2): Conv2d(256, 256, kernel_size=(3, 3), stride=(1, 1), padding=(1, 1), bias=False)
        (bn2): BatchNorm2d(256, eps=1e-05, momentum=0.1, affine=True, track_running_stats=True)
      )
    )
    (7): Sequential(
      (0): BasicBlock(
        (conv1): Conv2d(256, 512, kernel_size=(3, 3), stride=(2, 2), padding=(1, 1), bias=False)
        (bn1): BatchNorm2d(512, eps=1e-05, momentum=0.1, affine=True, track_running_stats=True)
        (relu): ReLU(inplace)
        (conv2): Conv2d(512, 512, kernel_size=(3, 3), stride=(1, 1), padding=(1, 1), bias=False)
        (bn2): BatchNorm2d(512, eps=1e-05, momentum=0.1, affine=True, track_running_stats=True)
        (downsample): Sequential(
          (0): Conv2d(256, 512, kernel_size=(1, 1), stride=(2, 2), bias=False)
          (1): BatchNorm2d(512, eps=1e-05, momentum=0.1, affine=True, track_running_stats=True)
        )
      )
      (1): BasicBlock(
        (conv1): Conv2d(512, 512, kernel_size=(3, 3), stride=(1, 1), padding=(1, 1), bias=False)
        (bn1): BatchNorm2d(512, eps=1e-05, momentum=0.1, affine=True, track_running_stats=True)
        (relu): ReLU(inplace)
        (conv2): Conv2d(512, 512, kernel_size=(3, 3), stride=(1, 1), padding=(1, 1), bias=False)
        (bn2): BatchNorm2d(512, eps=1e-05, momentum=0.1, affine=True, track_running_stats=True)
      )
    )
    (8): AdaptiveAvgPool2d(output_size=(1, 1))
  )
  (fc1): Linear(in_features=512, out_features=2, bias=True)
)
train >>> epoch: 1/100, batch: 1/4, mean_loss: 0.5560
train >>> epoch: 1/100, batch: 2/4, mean_loss: 0.3934
train >>> epoch: 1/100, batch: 3/4, mean_loss: 0.3551
train >>> epoch: 1/100, batch: 4/4, mean_loss: 0.3731
valid >>> epoch: 1/100, mean_loss: 0.2935
criteria decreased from inf to 0.2935, saving best model at D:\Data\cs-8395-dl\model\2020-01-11-13-31-47\2020-01-11-13-31-47_resnet18_best.pt
train >>> epoch: 2/100, batch: 1/4, mean_loss: 0.3790
train >>> epoch: 2/100, batch: 2/4, mean_loss: 0.3058
train >>> epoch: 2/100, batch: 3/4, mean_loss: 0.2795
train >>> epoch: 2/100, batch: 4/4, mean_loss: 0.2464
valid >>> epoch: 2/100, mean_loss: 0.2550
criteria decreased from 0.2935 to 0.2550, saving best model at D:\Data\cs-8395-dl\model\2020-01-11-13-31-47\2020-01-11-13-31-47_resnet18_best.pt
train >>> epoch: 3/100, batch: 1/4, mean_loss: 0.3112
train >>> epoch: 3/100, batch: 2/4, mean_loss: 0.2672
train >>> epoch: 3/100, batch: 3/4, mean_loss: 0.2596
train >>> epoch: 3/100, batch: 4/4, mean_loss: 0.2430
valid >>> epoch: 3/100, mean_loss: 0.1894
criteria decreased from 0.2550 to 0.1894, saving best model at D:\Data\cs-8395-dl\model\2020-01-11-13-31-47\2020-01-11-13-31-47_resnet18_best.pt
train >>> epoch: 4/100, batch: 1/4, mean_loss: 0.1733
train >>> epoch: 4/100, batch: 2/4, mean_loss: 0.1912
train >>> epoch: 4/100, batch: 3/4, mean_loss: 0.2010
train >>> epoch: 4/100, batch: 4/4, mean_loss: 0.2205
valid >>> epoch: 4/100, mean_loss: 0.1973
train >>> epoch: 5/100, batch: 1/4, mean_loss: 0.1847
train >>> epoch: 5/100, batch: 2/4, mean_loss: 0.1950
train >>> epoch: 5/100, batch: 3/4, mean_loss: 0.1948
train >>> epoch: 5/100, batch: 4/4, mean_loss: 0.1823
valid >>> epoch: 5/100, mean_loss: 0.2003
train >>> epoch: 6/100, batch: 1/4, mean_loss: 0.1903
train >>> epoch: 6/100, batch: 2/4, mean_loss: 0.1842
train >>> epoch: 6/100, batch: 3/4, mean_loss: 0.1791
train >>> epoch: 6/100, batch: 4/4, mean_loss: 0.1907
valid >>> epoch: 6/100, mean_loss: 0.1681
criteria decreased from 0.1894 to 0.1681, saving best model at D:\Data\cs-8395-dl\model\2020-01-11-13-31-47\2020-01-11-13-31-47_resnet18_best.pt
train >>> epoch: 7/100, batch: 1/4, mean_loss: 0.1475
train >>> epoch: 7/100, batch: 2/4, mean_loss: 0.1567
train >>> epoch: 7/100, batch: 3/4, mean_loss: 0.1529
train >>> epoch: 7/100, batch: 4/4, mean_loss: 0.1587
valid >>> epoch: 7/100, mean_loss: 0.1646
criteria decreased from 0.1681 to 0.1646, saving best model at D:\Data\cs-8395-dl\model\2020-01-11-13-31-47\2020-01-11-13-31-47_resnet18_best.pt
train >>> epoch: 8/100, batch: 1/4, mean_loss: 0.1485
train >>> epoch: 8/100, batch: 2/4, mean_loss: 0.1502
train >>> epoch: 8/100, batch: 3/4, mean_loss: 0.1608
train >>> epoch: 8/100, batch: 4/4, mean_loss: 0.1453
valid >>> epoch: 8/100, mean_loss: 0.1449
criteria decreased from 0.1646 to 0.1449, saving best model at D:\Data\cs-8395-dl\model\2020-01-11-13-31-47\2020-01-11-13-31-47_resnet18_best.pt
train >>> epoch: 9/100, batch: 1/4, mean_loss: 0.1466
train >>> epoch: 9/100, batch: 2/4, mean_loss: 0.1409
train >>> epoch: 9/100, batch: 3/4, mean_loss: 0.1561
train >>> epoch: 9/100, batch: 4/4, mean_loss: 0.1408
valid >>> epoch: 9/100, mean_loss: 0.1323
criteria decreased from 0.1449 to 0.1323, saving best model at D:\Data\cs-8395-dl\model\2020-01-11-13-31-47\2020-01-11-13-31-47_resnet18_best.pt
train >>> epoch: 10/100, batch: 1/4, mean_loss: 0.1834
train >>> epoch: 10/100, batch: 2/4, mean_loss: 0.1529
train >>> epoch: 10/100, batch: 3/4, mean_loss: 0.1399
train >>> epoch: 10/100, batch: 4/4, mean_loss: 0.1225
valid >>> epoch: 10/100, mean_loss: 0.1248
criteria decreased from 0.1323 to 0.1248, saving best model at D:\Data\cs-8395-dl\model\2020-01-11-13-31-47\2020-01-11-13-31-47_resnet18_best.pt
train >>> epoch: 11/100, batch: 1/4, mean_loss: 0.1302
train >>> epoch: 11/100, batch: 2/4, mean_loss: 0.1393
train >>> epoch: 11/100, batch: 3/4, mean_loss: 0.1361
train >>> epoch: 11/100, batch: 4/4, mean_loss: 0.1319
valid >>> epoch: 11/100, mean_loss: 0.1125
criteria decreased from 0.1248 to 0.1125, saving best model at D:\Data\cs-8395-dl\model\2020-01-11-13-31-47\2020-01-11-13-31-47_resnet18_best.pt
train >>> epoch: 12/100, batch: 1/4, mean_loss: 0.1368
train >>> epoch: 12/100, batch: 2/4, mean_loss: 0.1374
train >>> epoch: 12/100, batch: 3/4, mean_loss: 0.1352
train >>> epoch: 12/100, batch: 4/4, mean_loss: 0.1099
valid >>> epoch: 12/100, mean_loss: 0.1130
train >>> epoch: 13/100, batch: 1/4, mean_loss: 0.1090
train >>> epoch: 13/100, batch: 2/4, mean_loss: 0.0967
train >>> epoch: 13/100, batch: 3/4, mean_loss: 0.1082
train >>> epoch: 13/100, batch: 4/4, mean_loss: 0.1191
valid >>> epoch: 13/100, mean_loss: 0.1189
train >>> epoch: 14/100, batch: 1/4, mean_loss: 0.1480
train >>> epoch: 14/100, batch: 2/4, mean_loss: 0.1233
train >>> epoch: 14/100, batch: 3/4, mean_loss: 0.1082
train >>> epoch: 14/100, batch: 4/4, mean_loss: 0.1169
valid >>> epoch: 14/100, mean_loss: 0.1252
train >>> epoch: 15/100, batch: 1/4, mean_loss: 0.0857
train >>> epoch: 15/100, batch: 2/4, mean_loss: 0.0989
train >>> epoch: 15/100, batch: 3/4, mean_loss: 0.1099
train >>> epoch: 15/100, batch: 4/4, mean_loss: 0.1207
valid >>> epoch: 15/100, mean_loss: 0.1136
train >>> epoch: 16/100, batch: 1/4, mean_loss: 0.1079
train >>> epoch: 16/100, batch: 2/4, mean_loss: 0.1113
train >>> epoch: 16/100, batch: 3/4, mean_loss: 0.1021
train >>> epoch: 16/100, batch: 4/4, mean_loss: 0.1013
valid >>> epoch: 16/100, mean_loss: 0.0970
criteria decreased from 0.1125 to 0.0970, saving best model at D:\Data\cs-8395-dl\model\2020-01-11-13-31-47\2020-01-11-13-31-47_resnet18_best.pt
train >>> epoch: 17/100, batch: 1/4, mean_loss: 0.1149
train >>> epoch: 17/100, batch: 2/4, mean_loss: 0.0996
train >>> epoch: 17/100, batch: 3/4, mean_loss: 0.1014
train >>> epoch: 17/100, batch: 4/4, mean_loss: 0.0977
valid >>> epoch: 17/100, mean_loss: 0.0968
criteria decreased from 0.0970 to 0.0968, saving best model at D:\Data\cs-8395-dl\model\2020-01-11-13-31-47\2020-01-11-13-31-47_resnet18_best.pt
train >>> epoch: 18/100, batch: 1/4, mean_loss: 0.1250
train >>> epoch: 18/100, batch: 2/4, mean_loss: 0.1054
train >>> epoch: 18/100, batch: 3/4, mean_loss: 0.1009
train >>> epoch: 18/100, batch: 4/4, mean_loss: 0.0995
valid >>> epoch: 18/100, mean_loss: 0.0933
criteria decreased from 0.0968 to 0.0933, saving best model at D:\Data\cs-8395-dl\model\2020-01-11-13-31-47\2020-01-11-13-31-47_resnet18_best.pt
train >>> epoch: 19/100, batch: 1/4, mean_loss: 0.1013
train >>> epoch: 19/100, batch: 2/4, mean_loss: 0.1100
train >>> epoch: 19/100, batch: 3/4, mean_loss: 0.1000
train >>> epoch: 19/100, batch: 4/4, mean_loss: 0.0909
valid >>> epoch: 19/100, mean_loss: 0.0942
train >>> epoch: 20/100, batch: 1/4, mean_loss: 0.0984
train >>> epoch: 20/100, batch: 2/4, mean_loss: 0.0932
train >>> epoch: 20/100, batch: 3/4, mean_loss: 0.0899
train >>> epoch: 20/100, batch: 4/4, mean_loss: 0.0835
valid >>> epoch: 20/100, mean_loss: 0.1134
train >>> epoch: 21/100, batch: 1/4, mean_loss: 0.1389
train >>> epoch: 21/100, batch: 2/4, mean_loss: 0.1132
train >>> epoch: 21/100, batch: 3/4, mean_loss: 0.1060
train >>> epoch: 21/100, batch: 4/4, mean_loss: 0.0994
valid >>> epoch: 21/100, mean_loss: 0.0754
criteria decreased from 0.0933 to 0.0754, saving best model at D:\Data\cs-8395-dl\model\2020-01-11-13-31-47\2020-01-11-13-31-47_resnet18_best.pt
train >>> epoch: 22/100, batch: 1/4, mean_loss: 0.0901
train >>> epoch: 22/100, batch: 2/4, mean_loss: 0.0916
train >>> epoch: 22/100, batch: 3/4, mean_loss: 0.0843
train >>> epoch: 22/100, batch: 4/4, mean_loss: 0.0916
valid >>> epoch: 22/100, mean_loss: 0.0873
train >>> epoch: 23/100, batch: 1/4, mean_loss: 0.0777
train >>> epoch: 23/100, batch: 2/4, mean_loss: 0.0823
train >>> epoch: 23/100, batch: 3/4, mean_loss: 0.0865
train >>> epoch: 23/100, batch: 4/4, mean_loss: 0.0843
valid >>> epoch: 23/100, mean_loss: 0.0777
train >>> epoch: 24/100, batch: 1/4, mean_loss: 0.0774
train >>> epoch: 24/100, batch: 2/4, mean_loss: 0.0937
train >>> epoch: 24/100, batch: 3/4, mean_loss: 0.0960
train >>> epoch: 24/100, batch: 4/4, mean_loss: 0.0825
valid >>> epoch: 24/100, mean_loss: 0.0764
train >>> epoch: 25/100, batch: 1/4, mean_loss: 0.0849
train >>> epoch: 25/100, batch: 2/4, mean_loss: 0.0861
train >>> epoch: 25/100, batch: 3/4, mean_loss: 0.0816
train >>> epoch: 25/100, batch: 4/4, mean_loss: 0.0843
valid >>> epoch: 25/100, mean_loss: 0.0762
train >>> epoch: 26/100, batch: 1/4, mean_loss: 0.0918
train >>> epoch: 26/100, batch: 2/4, mean_loss: 0.0777
train >>> epoch: 26/100, batch: 3/4, mean_loss: 0.0868
train >>> epoch: 26/100, batch: 4/4, mean_loss: 0.0857
valid >>> epoch: 26/100, mean_loss: 0.0739
criteria decreased from 0.0754 to 0.0739, saving best model at D:\Data\cs-8395-dl\model\2020-01-11-13-31-47\2020-01-11-13-31-47_resnet18_best.pt
train >>> epoch: 27/100, batch: 1/4, mean_loss: 0.0756
train >>> epoch: 27/100, batch: 2/4, mean_loss: 0.0780
train >>> epoch: 27/100, batch: 3/4, mean_loss: 0.0799
train >>> epoch: 27/100, batch: 4/4, mean_loss: 0.0933
valid >>> epoch: 27/100, mean_loss: 0.0808
train >>> epoch: 28/100, batch: 1/4, mean_loss: 0.0843
train >>> epoch: 28/100, batch: 2/4, mean_loss: 0.0773
train >>> epoch: 28/100, batch: 3/4, mean_loss: 0.0765
train >>> epoch: 28/100, batch: 4/4, mean_loss: 0.0700
valid >>> epoch: 28/100, mean_loss: 0.0797
train >>> epoch: 29/100, batch: 1/4, mean_loss: 0.0711
train >>> epoch: 29/100, batch: 2/4, mean_loss: 0.0817
train >>> epoch: 29/100, batch: 3/4, mean_loss: 0.0866
train >>> epoch: 29/100, batch: 4/4, mean_loss: 0.0844
valid >>> epoch: 29/100, mean_loss: 0.0974
train >>> epoch: 30/100, batch: 1/4, mean_loss: 0.0844
train >>> epoch: 30/100, batch: 2/4, mean_loss: 0.0923
train >>> epoch: 30/100, batch: 3/4, mean_loss: 0.0892
train >>> epoch: 30/100, batch: 4/4, mean_loss: 0.0804
valid >>> epoch: 30/100, mean_loss: 0.0773
train >>> epoch: 31/100, batch: 1/4, mean_loss: 0.1165
train >>> epoch: 31/100, batch: 2/4, mean_loss: 0.1000
train >>> epoch: 31/100, batch: 3/4, mean_loss: 0.0906
train >>> epoch: 31/100, batch: 4/4, mean_loss: 0.0897
valid >>> epoch: 31/100, mean_loss: 0.0590
criteria decreased from 0.0739 to 0.0590, saving best model at D:\Data\cs-8395-dl\model\2020-01-11-13-31-47\2020-01-11-13-31-47_resnet18_best.pt
train >>> epoch: 32/100, batch: 1/4, mean_loss: 0.0589
train >>> epoch: 32/100, batch: 2/4, mean_loss: 0.0724
train >>> epoch: 32/100, batch: 3/4, mean_loss: 0.0782
train >>> epoch: 32/100, batch: 4/4, mean_loss: 0.0829
valid >>> epoch: 32/100, mean_loss: 0.0647
train >>> epoch: 33/100, batch: 1/4, mean_loss: 0.0708
train >>> epoch: 33/100, batch: 2/4, mean_loss: 0.0694
train >>> epoch: 33/100, batch: 3/4, mean_loss: 0.0590
train >>> epoch: 33/100, batch: 4/4, mean_loss: 0.0648
valid >>> epoch: 33/100, mean_loss: 0.0521
criteria decreased from 0.0590 to 0.0521, saving best model at D:\Data\cs-8395-dl\model\2020-01-11-13-31-47\2020-01-11-13-31-47_resnet18_best.pt
train >>> epoch: 34/100, batch: 1/4, mean_loss: 0.0565
train >>> epoch: 34/100, batch: 2/4, mean_loss: 0.0614
train >>> epoch: 34/100, batch: 3/4, mean_loss: 0.0652
train >>> epoch: 34/100, batch: 4/4, mean_loss: 0.0600
valid >>> epoch: 34/100, mean_loss: 0.0534
train >>> epoch: 35/100, batch: 1/4, mean_loss: 0.0639
train >>> epoch: 35/100, batch: 2/4, mean_loss: 0.0653
train >>> epoch: 35/100, batch: 3/4, mean_loss: 0.0657
train >>> epoch: 35/100, batch: 4/4, mean_loss: 0.0677
valid >>> epoch: 35/100, mean_loss: 0.0589
train >>> epoch: 36/100, batch: 1/4, mean_loss: 0.0580
train >>> epoch: 36/100, batch: 2/4, mean_loss: 0.0745
train >>> epoch: 36/100, batch: 3/4, mean_loss: 0.0649
train >>> epoch: 36/100, batch: 4/4, mean_loss: 0.0665
valid >>> epoch: 36/100, mean_loss: 0.0548
train >>> epoch: 37/100, batch: 1/4, mean_loss: 0.0613
train >>> epoch: 37/100, batch: 2/4, mean_loss: 0.0669
train >>> epoch: 37/100, batch: 3/4, mean_loss: 0.0664
train >>> epoch: 37/100, batch: 4/4, mean_loss: 0.0806
valid >>> epoch: 37/100, mean_loss: 0.0484
criteria decreased from 0.0521 to 0.0484, saving best model at D:\Data\cs-8395-dl\model\2020-01-11-13-31-47\2020-01-11-13-31-47_resnet18_best.pt
train >>> epoch: 38/100, batch: 1/4, mean_loss: 0.0561
train >>> epoch: 38/100, batch: 2/4, mean_loss: 0.0649
train >>> epoch: 38/100, batch: 3/4, mean_loss: 0.0666
train >>> epoch: 38/100, batch: 4/4, mean_loss: 0.0712
valid >>> epoch: 38/100, mean_loss: 0.0408
criteria decreased from 0.0484 to 0.0408, saving best model at D:\Data\cs-8395-dl\model\2020-01-11-13-31-47\2020-01-11-13-31-47_resnet18_best.pt
train >>> epoch: 39/100, batch: 1/4, mean_loss: 0.0581
train >>> epoch: 39/100, batch: 2/4, mean_loss: 0.0476
train >>> epoch: 39/100, batch: 3/4, mean_loss: 0.0511
train >>> epoch: 39/100, batch: 4/4, mean_loss: 0.0489
valid >>> epoch: 39/100, mean_loss: 0.0555
train >>> epoch: 40/100, batch: 1/4, mean_loss: 0.0658
train >>> epoch: 40/100, batch: 2/4, mean_loss: 0.0619
train >>> epoch: 40/100, batch: 3/4, mean_loss: 0.0619
train >>> epoch: 40/100, batch: 4/4, mean_loss: 0.0594
valid >>> epoch: 40/100, mean_loss: 0.0490
train >>> epoch: 41/100, batch: 1/4, mean_loss: 0.0602
train >>> epoch: 41/100, batch: 2/4, mean_loss: 0.0505
train >>> epoch: 41/100, batch: 3/4, mean_loss: 0.0474
train >>> epoch: 41/100, batch: 4/4, mean_loss: 0.0572
valid >>> epoch: 41/100, mean_loss: 0.0467
train >>> epoch: 42/100, batch: 1/4, mean_loss: 0.0550
train >>> epoch: 42/100, batch: 2/4, mean_loss: 0.0490
train >>> epoch: 42/100, batch: 3/4, mean_loss: 0.0452
train >>> epoch: 42/100, batch: 4/4, mean_loss: 0.0589
valid >>> epoch: 42/100, mean_loss: 0.0439
train >>> epoch: 43/100, batch: 1/4, mean_loss: 0.0592
train >>> epoch: 43/100, batch: 2/4, mean_loss: 0.0462
train >>> epoch: 43/100, batch: 3/4, mean_loss: 0.0431
train >>> epoch: 43/100, batch: 4/4, mean_loss: 0.0551
valid >>> epoch: 43/100, mean_loss: 0.0420
train >>> epoch: 44/100, batch: 1/4, mean_loss: 0.0675
train >>> epoch: 44/100, batch: 2/4, mean_loss: 0.0549
train >>> epoch: 44/100, batch: 3/4, mean_loss: 0.0511
train >>> epoch: 44/100, batch: 4/4, mean_loss: 0.0499
valid >>> epoch: 44/100, mean_loss: 0.0392
criteria decreased from 0.0408 to 0.0392, saving best model at D:\Data\cs-8395-dl\model\2020-01-11-13-31-47\2020-01-11-13-31-47_resnet18_best.pt
train >>> epoch: 45/100, batch: 1/4, mean_loss: 0.0449
train >>> epoch: 45/100, batch: 2/4, mean_loss: 0.0455
train >>> epoch: 45/100, batch: 3/4, mean_loss: 0.0479
train >>> epoch: 45/100, batch: 4/4, mean_loss: 0.0626
valid >>> epoch: 45/100, mean_loss: 0.0456
train >>> epoch: 46/100, batch: 1/4, mean_loss: 0.0598
train >>> epoch: 46/100, batch: 2/4, mean_loss: 0.0519
train >>> epoch: 46/100, batch: 3/4, mean_loss: 0.0561
train >>> epoch: 46/100, batch: 4/4, mean_loss: 0.0602
valid >>> epoch: 46/100, mean_loss: 0.0335
criteria decreased from 0.0392 to 0.0335, saving best model at D:\Data\cs-8395-dl\model\2020-01-11-13-31-47\2020-01-11-13-31-47_resnet18_best.pt
train >>> epoch: 47/100, batch: 1/4, mean_loss: 0.0441
train >>> epoch: 47/100, batch: 2/4, mean_loss: 0.0442
train >>> epoch: 47/100, batch: 3/4, mean_loss: 0.0434
train >>> epoch: 47/100, batch: 4/4, mean_loss: 0.0425
valid >>> epoch: 47/100, mean_loss: 0.0379
train >>> epoch: 48/100, batch: 1/4, mean_loss: 0.0501
train >>> epoch: 48/100, batch: 2/4, mean_loss: 0.0417
train >>> epoch: 48/100, batch: 3/4, mean_loss: 0.0402
train >>> epoch: 48/100, batch: 4/4, mean_loss: 0.0557
valid >>> epoch: 48/100, mean_loss: 0.0420
train >>> epoch: 49/100, batch: 1/4, mean_loss: 0.0397
train >>> epoch: 49/100, batch: 2/4, mean_loss: 0.0470
train >>> epoch: 49/100, batch: 3/4, mean_loss: 0.0499
train >>> epoch: 49/100, batch: 4/4, mean_loss: 0.0683
valid >>> epoch: 49/100, mean_loss: 0.0522
train >>> epoch: 50/100, batch: 1/4, mean_loss: 0.0517
train >>> epoch: 50/100, batch: 2/4, mean_loss: 0.0642
train >>> epoch: 50/100, batch: 3/4, mean_loss: 0.0617
train >>> epoch: 50/100, batch: 4/4, mean_loss: 0.0577
valid >>> epoch: 50/100, mean_loss: 0.0433
train >>> epoch: 51/100, batch: 1/4, mean_loss: 0.0436
train >>> epoch: 51/100, batch: 2/4, mean_loss: 0.0457
train >>> epoch: 51/100, batch: 3/4, mean_loss: 0.0444
train >>> epoch: 51/100, batch: 4/4, mean_loss: 0.0467
valid >>> epoch: 51/100, mean_loss: 0.0381
train >>> epoch: 52/100, batch: 1/4, mean_loss: 0.0473
train >>> epoch: 52/100, batch: 2/4, mean_loss: 0.0410
train >>> epoch: 52/100, batch: 3/4, mean_loss: 0.0426
train >>> epoch: 52/100, batch: 4/4, mean_loss: 0.0365
valid >>> epoch: 52/100, mean_loss: 0.0343
train >>> epoch: 53/100, batch: 1/4, mean_loss: 0.0333
train >>> epoch: 53/100, batch: 2/4, mean_loss: 0.0319
train >>> epoch: 53/100, batch: 3/4, mean_loss: 0.0343
train >>> epoch: 53/100, batch: 4/4, mean_loss: 0.0543
valid >>> epoch: 53/100, mean_loss: 0.0381
train >>> epoch: 54/100, batch: 1/4, mean_loss: 0.0322
train >>> epoch: 54/100, batch: 2/4, mean_loss: 0.0342
train >>> epoch: 54/100, batch: 3/4, mean_loss: 0.0367
train >>> epoch: 54/100, batch: 4/4, mean_loss: 0.0437
valid >>> epoch: 54/100, mean_loss: 0.0325
criteria decreased from 0.0335 to 0.0325, saving best model at D:\Data\cs-8395-dl\model\2020-01-11-13-31-47\2020-01-11-13-31-47_resnet18_best.pt
train >>> epoch: 55/100, batch: 1/4, mean_loss: 0.0417
train >>> epoch: 55/100, batch: 2/4, mean_loss: 0.0431
train >>> epoch: 55/100, batch: 3/4, mean_loss: 0.0419
train >>> epoch: 55/100, batch: 4/4, mean_loss: 0.0406
valid >>> epoch: 55/100, mean_loss: 0.0327
train >>> epoch: 56/100, batch: 1/4, mean_loss: 0.0343
train >>> epoch: 56/100, batch: 2/4, mean_loss: 0.0388
train >>> epoch: 56/100, batch: 3/4, mean_loss: 0.0476
train >>> epoch: 56/100, batch: 4/4, mean_loss: 0.0610
valid >>> epoch: 56/100, mean_loss: 0.0627
train >>> epoch: 57/100, batch: 1/4, mean_loss: 0.0455
train >>> epoch: 57/100, batch: 2/4, mean_loss: 0.1300
train >>> epoch: 57/100, batch: 3/4, mean_loss: 0.1035
train >>> epoch: 57/100, batch: 4/4, mean_loss: 0.0888
valid >>> epoch: 57/100, mean_loss: 0.0636
train >>> epoch: 58/100, batch: 1/4, mean_loss: 0.0777
train >>> epoch: 58/100, batch: 2/4, mean_loss: 0.0763
train >>> epoch: 58/100, batch: 3/4, mean_loss: 0.0760
train >>> epoch: 58/100, batch: 4/4, mean_loss: 0.0778
valid >>> epoch: 58/100, mean_loss: 0.0508
train >>> epoch: 59/100, batch: 1/4, mean_loss: 0.0630
train >>> epoch: 59/100, batch: 2/4, mean_loss: 0.0720
train >>> epoch: 59/100, batch: 3/4, mean_loss: 0.0818
train >>> epoch: 59/100, batch: 4/4, mean_loss: 0.0683
valid >>> epoch: 59/100, mean_loss: 0.0336
train >>> epoch: 60/100, batch: 1/4, mean_loss: 0.0500
train >>> epoch: 60/100, batch: 2/4, mean_loss: 0.0453
train >>> epoch: 60/100, batch: 3/4, mean_loss: 0.0515
train >>> epoch: 60/100, batch: 4/4, mean_loss: 0.0511
valid >>> epoch: 60/100, mean_loss: 0.0277
criteria decreased from 0.0325 to 0.0277, saving best model at D:\Data\cs-8395-dl\model\2020-01-11-13-31-47\2020-01-11-13-31-47_resnet18_best.pt
train >>> epoch: 61/100, batch: 1/4, mean_loss: 0.0378
train >>> epoch: 61/100, batch: 2/4, mean_loss: 0.0407
train >>> epoch: 61/100, batch: 3/4, mean_loss: 0.0471
train >>> epoch: 61/100, batch: 4/4, mean_loss: 0.0497
valid >>> epoch: 61/100, mean_loss: 0.0305
train >>> epoch: 62/100, batch: 1/4, mean_loss: 0.0395
train >>> epoch: 62/100, batch: 2/4, mean_loss: 0.0530
train >>> epoch: 62/100, batch: 3/4, mean_loss: 0.0437
train >>> epoch: 62/100, batch: 4/4, mean_loss: 0.0428
valid >>> epoch: 62/100, mean_loss: 0.0292
train >>> epoch: 63/100, batch: 1/4, mean_loss: 0.0431
train >>> epoch: 63/100, batch: 2/4, mean_loss: 0.0397
train >>> epoch: 63/100, batch: 3/4, mean_loss: 0.0420
train >>> epoch: 63/100, batch: 4/4, mean_loss: 0.0504
valid >>> epoch: 63/100, mean_loss: 0.0308
train >>> epoch: 64/100, batch: 1/4, mean_loss: 0.0260
train >>> epoch: 64/100, batch: 2/4, mean_loss: 0.0405
train >>> epoch: 64/100, batch: 3/4, mean_loss: 0.0369
train >>> epoch: 64/100, batch: 4/4, mean_loss: 0.0371
valid >>> epoch: 64/100, mean_loss: 0.0276
criteria decreased from 0.0277 to 0.0276, saving best model at D:\Data\cs-8395-dl\model\2020-01-11-13-31-47\2020-01-11-13-31-47_resnet18_best.pt
train >>> epoch: 65/100, batch: 1/4, mean_loss: 0.0352
train >>> epoch: 65/100, batch: 2/4, mean_loss: 0.0439
train >>> epoch: 65/100, batch: 3/4, mean_loss: 0.0404
train >>> epoch: 65/100, batch: 4/4, mean_loss: 0.0421
valid >>> epoch: 65/100, mean_loss: 0.0241
criteria decreased from 0.0276 to 0.0241, saving best model at D:\Data\cs-8395-dl\model\2020-01-11-13-31-47\2020-01-11-13-31-47_resnet18_best.pt
train >>> epoch: 66/100, batch: 1/4, mean_loss: 0.0321
train >>> epoch: 66/100, batch: 2/4, mean_loss: 0.0364
train >>> epoch: 66/100, batch: 3/4, mean_loss: 0.0387
train >>> epoch: 66/100, batch: 4/4, mean_loss: 0.0352
valid >>> epoch: 66/100, mean_loss: 0.0281
train >>> epoch: 67/100, batch: 1/4, mean_loss: 0.0373
train >>> epoch: 67/100, batch: 2/4, mean_loss: 0.0368
train >>> epoch: 67/100, batch: 3/4, mean_loss: 0.0349
train >>> epoch: 67/100, batch: 4/4, mean_loss: 0.0415
valid >>> epoch: 67/100, mean_loss: 0.0304
train >>> epoch: 68/100, batch: 1/4, mean_loss: 0.0399
train >>> epoch: 68/100, batch: 2/4, mean_loss: 0.0378
train >>> epoch: 68/100, batch: 3/4, mean_loss: 0.0490
train >>> epoch: 68/100, batch: 4/4, mean_loss: 0.0557
valid >>> epoch: 68/100, mean_loss: 0.0382
train >>> epoch: 69/100, batch: 1/4, mean_loss: 0.0367
train >>> epoch: 69/100, batch: 2/4, mean_loss: 0.0562
train >>> epoch: 69/100, batch: 3/4, mean_loss: 0.0522
train >>> epoch: 69/100, batch: 4/4, mean_loss: 0.0504
valid >>> epoch: 69/100, mean_loss: 0.0287
train >>> epoch: 70/100, batch: 1/4, mean_loss: 0.0266
train >>> epoch: 70/100, batch: 2/4, mean_loss: 0.0382
train >>> epoch: 70/100, batch: 3/4, mean_loss: 0.0532
train >>> epoch: 70/100, batch: 4/4, mean_loss: 0.0521
valid >>> epoch: 70/100, mean_loss: 0.0276
train >>> epoch: 71/100, batch: 1/4, mean_loss: 0.0486
train >>> epoch: 71/100, batch: 2/4, mean_loss: 0.0498
train >>> epoch: 71/100, batch: 3/4, mean_loss: 0.0484
train >>> epoch: 71/100, batch: 4/4, mean_loss: 0.0543
valid >>> epoch: 71/100, mean_loss: 0.0344
train >>> epoch: 72/100, batch: 1/4, mean_loss: 0.0336
train >>> epoch: 72/100, batch: 2/4, mean_loss: 0.0339
train >>> epoch: 72/100, batch: 3/4, mean_loss: 0.0360
train >>> epoch: 72/100, batch: 4/4, mean_loss: 0.0401
valid >>> epoch: 72/100, mean_loss: 0.0390
train >>> epoch: 73/100, batch: 1/4, mean_loss: 0.0470
train >>> epoch: 73/100, batch: 2/4, mean_loss: 0.0572
train >>> epoch: 73/100, batch: 3/4, mean_loss: 0.0522
train >>> epoch: 73/100, batch: 4/4, mean_loss: 0.0542
valid >>> epoch: 73/100, mean_loss: 0.0359
train >>> epoch: 74/100, batch: 1/4, mean_loss: 0.0425
train >>> epoch: 74/100, batch: 2/4, mean_loss: 0.0379
train >>> epoch: 74/100, batch: 3/4, mean_loss: 0.0560
train >>> epoch: 74/100, batch: 4/4, mean_loss: 0.0525
valid >>> epoch: 74/100, mean_loss: 0.0202
criteria decreased from 0.0241 to 0.0202, saving best model at D:\Data\cs-8395-dl\model\2020-01-11-13-31-47\2020-01-11-13-31-47_resnet18_best.pt
train >>> epoch: 75/100, batch: 1/4, mean_loss: 0.0278
train >>> epoch: 75/100, batch: 2/4, mean_loss: 0.0280
train >>> epoch: 75/100, batch: 3/4, mean_loss: 0.0292
train >>> epoch: 75/100, batch: 4/4, mean_loss: 0.0477
valid >>> epoch: 75/100, mean_loss: 0.0209
train >>> epoch: 76/100, batch: 1/4, mean_loss: 0.0291
train >>> epoch: 76/100, batch: 2/4, mean_loss: 0.0305
train >>> epoch: 76/100, batch: 3/4, mean_loss: 0.0304
train >>> epoch: 76/100, batch: 4/4, mean_loss: 0.0422
valid >>> epoch: 76/100, mean_loss: 0.0306
train >>> epoch: 77/100, batch: 1/4, mean_loss: 0.0469
train >>> epoch: 77/100, batch: 2/4, mean_loss: 0.0491
train >>> epoch: 77/100, batch: 3/4, mean_loss: 0.0459
train >>> epoch: 77/100, batch: 4/4, mean_loss: 0.0485
valid >>> epoch: 77/100, mean_loss: 0.0281
train >>> epoch: 78/100, batch: 1/4, mean_loss: 0.0345
train >>> epoch: 78/100, batch: 2/4, mean_loss: 0.0384
train >>> epoch: 78/100, batch: 3/4, mean_loss: 0.0394
train >>> epoch: 78/100, batch: 4/4, mean_loss: 0.0362
valid >>> epoch: 78/100, mean_loss: 0.0291
train >>> epoch: 79/100, batch: 1/4, mean_loss: 0.0362
train >>> epoch: 79/100, batch: 2/4, mean_loss: 0.0299
train >>> epoch: 79/100, batch: 3/4, mean_loss: 0.0347
train >>> epoch: 79/100, batch: 4/4, mean_loss: 0.0447
valid >>> epoch: 79/100, mean_loss: 0.0232
train >>> epoch: 80/100, batch: 1/4, mean_loss: 0.0277
train >>> epoch: 80/100, batch: 2/4, mean_loss: 0.0352
train >>> epoch: 80/100, batch: 3/4, mean_loss: 0.0334
train >>> epoch: 80/100, batch: 4/4, mean_loss: 0.0451
valid >>> epoch: 80/100, mean_loss: 0.0201
criteria decreased from 0.0202 to 0.0201, saving best model at D:\Data\cs-8395-dl\model\2020-01-11-13-31-47\2020-01-11-13-31-47_resnet18_best.pt
train >>> epoch: 81/100, batch: 1/4, mean_loss: 0.0254
train >>> epoch: 81/100, batch: 2/4, mean_loss: 0.0271
train >>> epoch: 81/100, batch: 3/4, mean_loss: 0.0409
train >>> epoch: 81/100, batch: 4/4, mean_loss: 0.0415
valid >>> epoch: 81/100, mean_loss: 0.0229
train >>> epoch: 82/100, batch: 1/4, mean_loss: 0.0307
train >>> epoch: 82/100, batch: 2/4, mean_loss: 0.0449
train >>> epoch: 82/100, batch: 3/4, mean_loss: 0.0398
train >>> epoch: 82/100, batch: 4/4, mean_loss: 0.0376
valid >>> epoch: 82/100, mean_loss: 0.0245
train >>> epoch: 83/100, batch: 1/4, mean_loss: 0.0215
train >>> epoch: 83/100, batch: 2/4, mean_loss: 0.0212
train >>> epoch: 83/100, batch: 3/4, mean_loss: 0.0239
train >>> epoch: 83/100, batch: 4/4, mean_loss: 0.0399
valid >>> epoch: 83/100, mean_loss: 0.0249
train >>> epoch: 84/100, batch: 1/4, mean_loss: 0.0319
train >>> epoch: 84/100, batch: 2/4, mean_loss: 0.0297
train >>> epoch: 84/100, batch: 3/4, mean_loss: 0.0284
train >>> epoch: 84/100, batch: 4/4, mean_loss: 0.0361
valid >>> epoch: 84/100, mean_loss: 0.0217
train >>> epoch: 85/100, batch: 1/4, mean_loss: 0.0184
train >>> epoch: 85/100, batch: 2/4, mean_loss: 0.0274
train >>> epoch: 85/100, batch: 3/4, mean_loss: 0.0306
train >>> epoch: 85/100, batch: 4/4, mean_loss: 0.0269
valid >>> epoch: 85/100, mean_loss: 0.0195
criteria decreased from 0.0201 to 0.0195, saving best model at D:\Data\cs-8395-dl\model\2020-01-11-13-31-47\2020-01-11-13-31-47_resnet18_best.pt
train >>> epoch: 86/100, batch: 1/4, mean_loss: 0.0230
train >>> epoch: 86/100, batch: 2/4, mean_loss: 0.0333
train >>> epoch: 86/100, batch: 3/4, mean_loss: 0.0312
train >>> epoch: 86/100, batch: 4/4, mean_loss: 0.0424
valid >>> epoch: 86/100, mean_loss: 0.0203
train >>> epoch: 87/100, batch: 1/4, mean_loss: 0.0187
train >>> epoch: 87/100, batch: 2/4, mean_loss: 0.0253
train >>> epoch: 87/100, batch: 3/4, mean_loss: 0.0265
train >>> epoch: 87/100, batch: 4/4, mean_loss: 0.0317
valid >>> epoch: 87/100, mean_loss: 0.0180
criteria decreased from 0.0195 to 0.0180, saving best model at D:\Data\cs-8395-dl\model\2020-01-11-13-31-47\2020-01-11-13-31-47_resnet18_best.pt
train >>> epoch: 88/100, batch: 1/4, mean_loss: 0.0227
train >>> epoch: 88/100, batch: 2/4, mean_loss: 0.0235
train >>> epoch: 88/100, batch: 3/4, mean_loss: 0.0231
train >>> epoch: 88/100, batch: 4/4, mean_loss: 0.0350
valid >>> epoch: 88/100, mean_loss: 0.0167
criteria decreased from 0.0180 to 0.0167, saving best model at D:\Data\cs-8395-dl\model\2020-01-11-13-31-47\2020-01-11-13-31-47_resnet18_best.pt
train >>> epoch: 89/100, batch: 1/4, mean_loss: 0.0240
train >>> epoch: 89/100, batch: 2/4, mean_loss: 0.0237
train >>> epoch: 89/100, batch: 3/4, mean_loss: 0.0255
train >>> epoch: 89/100, batch: 4/4, mean_loss: 0.0331
valid >>> epoch: 89/100, mean_loss: 0.0177
train >>> epoch: 90/100, batch: 1/4, mean_loss: 0.0233
train >>> epoch: 90/100, batch: 2/4, mean_loss: 0.0248
train >>> epoch: 90/100, batch: 3/4, mean_loss: 0.0258
train >>> epoch: 90/100, batch: 4/4, mean_loss: 0.0454
valid >>> epoch: 90/100, mean_loss: 0.0247
train >>> epoch: 91/100, batch: 1/4, mean_loss: 0.0320
train >>> epoch: 91/100, batch: 2/4, mean_loss: 0.0345
train >>> epoch: 91/100, batch: 3/4, mean_loss: 0.0361
train >>> epoch: 91/100, batch: 4/4, mean_loss: 0.0335
valid >>> epoch: 91/100, mean_loss: 0.0188
train >>> epoch: 92/100, batch: 1/4, mean_loss: 0.0245
train >>> epoch: 92/100, batch: 2/4, mean_loss: 0.0249
train >>> epoch: 92/100, batch: 3/4, mean_loss: 0.0265
train >>> epoch: 92/100, batch: 4/4, mean_loss: 0.0260
valid >>> epoch: 92/100, mean_loss: 0.0182
train >>> epoch: 93/100, batch: 1/4, mean_loss: 0.0278
train >>> epoch: 93/100, batch: 2/4, mean_loss: 0.0247
train >>> epoch: 93/100, batch: 3/4, mean_loss: 0.0338
train >>> epoch: 93/100, batch: 4/4, mean_loss: 0.0334
valid >>> epoch: 93/100, mean_loss: 0.0158
criteria decreased from 0.0167 to 0.0158, saving best model at D:\Data\cs-8395-dl\model\2020-01-11-13-31-47\2020-01-11-13-31-47_resnet18_best.pt
train >>> epoch: 94/100, batch: 1/4, mean_loss: 0.0168
train >>> epoch: 94/100, batch: 2/4, mean_loss: 0.0172
train >>> epoch: 94/100, batch: 3/4, mean_loss: 0.0322
train >>> epoch: 94/100, batch: 4/4, mean_loss: 0.0504
valid >>> epoch: 94/100, mean_loss: 0.0194
train >>> epoch: 95/100, batch: 1/4, mean_loss: 0.0162
train >>> epoch: 95/100, batch: 2/4, mean_loss: 0.0436
train >>> epoch: 95/100, batch: 3/4, mean_loss: 0.0589
train >>> epoch: 95/100, batch: 4/4, mean_loss: 0.0746
valid >>> epoch: 95/100, mean_loss: 0.0194
train >>> epoch: 96/100, batch: 1/4, mean_loss: 0.0252
train >>> epoch: 96/100, batch: 2/4, mean_loss: 0.0893
train >>> epoch: 96/100, batch: 3/4, mean_loss: 0.1000
train >>> epoch: 96/100, batch: 4/4, mean_loss: 0.0835
valid >>> epoch: 96/100, mean_loss: 0.0199
train >>> epoch: 97/100, batch: 1/4, mean_loss: 0.0210
train >>> epoch: 97/100, batch: 2/4, mean_loss: 0.0289
train >>> epoch: 97/100, batch: 3/4, mean_loss: 0.0420
train >>> epoch: 97/100, batch: 4/4, mean_loss: 0.0580
valid >>> epoch: 97/100, mean_loss: 0.0178
train >>> epoch: 98/100, batch: 1/4, mean_loss: 0.0164
train >>> epoch: 98/100, batch: 2/4, mean_loss: 0.0309
train >>> epoch: 98/100, batch: 3/4, mean_loss: 0.0508
train >>> epoch: 98/100, batch: 4/4, mean_loss: 0.0529
valid >>> epoch: 98/100, mean_loss: 0.0171
train >>> epoch: 99/100, batch: 1/4, mean_loss: 0.0285
train >>> epoch: 99/100, batch: 2/4, mean_loss: 0.0256
train >>> epoch: 99/100, batch: 3/4, mean_loss: 0.0443
train >>> epoch: 99/100, batch: 4/4, mean_loss: 0.0528
valid >>> epoch: 99/100, mean_loss: 0.0261
train >>> epoch: 100/100, batch: 1/4, mean_loss: 0.0278
train >>> epoch: 100/100, batch: 2/4, mean_loss: 0.0253
train >>> epoch: 100/100, batch: 3/4, mean_loss: 0.0386
train >>> epoch: 100/100, batch: 4/4, mean_loss: 0.0547
valid >>> epoch: 100/100, mean_loss: 0.0195
