2020-01-24-02-00-23
train.py
--------------------------------------------------------------------------------------------------------------------
batchSize: 32
bottleneckFeatures: 1
dir_lf: D:\Data\cs-8395-dl
dir_project: C:\Users\Reasat\Projects\cs-8395-dl\Assignment_1_detection
encoder: resnet8
epoch: 300
folderData: assignment1_data
lr: 0.001
resume_from: None
--------------------------------------------------------------------------------------------------------------------
creating directory to save model at D:\Data\cs-8395-dl\model\2020-01-24-02-00-23
loading images to RAM
train samples 105
loading images to RAM
validation samples 10
Sequential(
  (0): Sequential(
    (0): Conv2d(3, 64, kernel_size=(7, 7), stride=(2, 2), padding=(3, 3), bias=False)
    (1): BatchNorm2d(64, eps=1e-05, momentum=0.1, affine=True, track_running_stats=True)
    (2): ReLU(inplace)
    (3): MaxPool2d(kernel_size=3, stride=2, padding=1, dilation=1, ceil_mode=False)
    (4): Sequential(
      (0): BasicBlock(
        (conv1): Conv2d(64, 64, kernel_size=(3, 3), stride=(1, 1), padding=(1, 1), bias=False)
        (bn1): BatchNorm2d(64, eps=1e-05, momentum=0.1, affine=True, track_running_stats=True)
        (relu): ReLU(inplace)
        (conv2): Conv2d(64, 64, kernel_size=(3, 3), stride=(1, 1), padding=(1, 1), bias=False)
        (bn2): BatchNorm2d(64, eps=1e-05, momentum=0.1, affine=True, track_running_stats=True)
      )
      (1): BasicBlock(
        (conv1): Conv2d(64, 64, kernel_size=(3, 3), stride=(1, 1), padding=(1, 1), bias=False)
        (bn1): BatchNorm2d(64, eps=1e-05, momentum=0.1, affine=True, track_running_stats=True)
        (relu): ReLU(inplace)
        (conv2): Conv2d(64, 64, kernel_size=(3, 3), stride=(1, 1), padding=(1, 1), bias=False)
        (bn2): BatchNorm2d(64, eps=1e-05, momentum=0.1, affine=True, track_running_stats=True)
      )
    )
    (5): BasicBlock(
      (conv1): Conv2d(64, 128, kernel_size=(3, 3), stride=(2, 2), padding=(1, 1), bias=False)
      (bn1): BatchNorm2d(128, eps=1e-05, momentum=0.1, affine=True, track_running_stats=True)
      (relu): ReLU(inplace)
      (conv2): Conv2d(128, 128, kernel_size=(3, 3), stride=(1, 1), padding=(1, 1), bias=False)
      (bn2): BatchNorm2d(128, eps=1e-05, momentum=0.1, affine=True, track_running_stats=True)
      (downsample): Sequential(
        (0): Conv2d(64, 128, kernel_size=(1, 1), stride=(2, 2), bias=False)
        (1): BatchNorm2d(128, eps=1e-05, momentum=0.1, affine=True, track_running_stats=True)
      )
    )
  )
)
freezing feature extracting layers
ResNet8_conv_fc(
  (resnet_partial): Sequential(
    (0): Sequential(
      (0): Conv2d(3, 64, kernel_size=(7, 7), stride=(2, 2), padding=(3, 3), bias=False)
      (1): BatchNorm2d(64, eps=1e-05, momentum=0.1, affine=True, track_running_stats=True)
      (2): ReLU(inplace)
      (3): MaxPool2d(kernel_size=3, stride=2, padding=1, dilation=1, ceil_mode=False)
      (4): Sequential(
        (0): BasicBlock(
          (conv1): Conv2d(64, 64, kernel_size=(3, 3), stride=(1, 1), padding=(1, 1), bias=False)
          (bn1): BatchNorm2d(64, eps=1e-05, momentum=0.1, affine=True, track_running_stats=True)
          (relu): ReLU(inplace)
          (conv2): Conv2d(64, 64, kernel_size=(3, 3), stride=(1, 1), padding=(1, 1), bias=False)
          (bn2): BatchNorm2d(64, eps=1e-05, momentum=0.1, affine=True, track_running_stats=True)
        )
        (1): BasicBlock(
          (conv1): Conv2d(64, 64, kernel_size=(3, 3), stride=(1, 1), padding=(1, 1), bias=False)
          (bn1): BatchNorm2d(64, eps=1e-05, momentum=0.1, affine=True, track_running_stats=True)
          (relu): ReLU(inplace)
          (conv2): Conv2d(64, 64, kernel_size=(3, 3), stride=(1, 1), padding=(1, 1), bias=False)
          (bn2): BatchNorm2d(64, eps=1e-05, momentum=0.1, affine=True, track_running_stats=True)
        )
      )
      (5): BasicBlock(
        (conv1): Conv2d(64, 128, kernel_size=(3, 3), stride=(2, 2), padding=(1, 1), bias=False)
        (bn1): BatchNorm2d(128, eps=1e-05, momentum=0.1, affine=True, track_running_stats=True)
        (relu): ReLU(inplace)
        (conv2): Conv2d(128, 128, kernel_size=(3, 3), stride=(1, 1), padding=(1, 1), bias=False)
        (bn2): BatchNorm2d(128, eps=1e-05, momentum=0.1, affine=True, track_running_stats=True)
        (downsample): Sequential(
          (0): Conv2d(64, 128, kernel_size=(1, 1), stride=(2, 2), bias=False)
          (1): BatchNorm2d(128, eps=1e-05, momentum=0.1, affine=True, track_running_stats=True)
        )
      )
    )
  )
  (conv_last): Conv2d(128, 1, kernel_size=(1, 1), stride=(1, 1))
  (fc1): Linear(in_features=2542, out_features=32, bias=True)
  (fc2): Linear(in_features=32, out_features=2, bias=True)
)
train >>> epoch: 1/300, batch: 1/4, mean_loss: 0.3411
train >>> epoch: 1/300, batch: 2/4, mean_loss: 0.2990
train >>> epoch: 1/300, batch: 3/4, mean_loss: 0.2530
train >>> epoch: 1/300, batch: 4/4, mean_loss: 0.2419
valid >>> epoch: 1/300, mean_loss: 0.3956
criteria decreased from inf to 0.3956, saving best model at D:\Data\cs-8395-dl\model\2020-01-24-02-00-23\2020-01-24-02-00-23_resnet8_best.pt
train >>> epoch: 2/300, batch: 1/4, mean_loss: 0.1352
train >>> epoch: 2/300, batch: 2/4, mean_loss: 0.1274
train >>> epoch: 2/300, batch: 3/4, mean_loss: 0.1157
train >>> epoch: 2/300, batch: 4/4, mean_loss: 0.1083
valid >>> epoch: 2/300, mean_loss: 0.2587
criteria decreased from 0.3956 to 0.2587, saving best model at D:\Data\cs-8395-dl\model\2020-01-24-02-00-23\2020-01-24-02-00-23_resnet8_best.pt
train >>> epoch: 3/300, batch: 1/4, mean_loss: 0.0687
train >>> epoch: 3/300, batch: 2/4, mean_loss: 0.0504
train >>> epoch: 3/300, batch: 3/4, mean_loss: 0.0496
train >>> epoch: 3/300, batch: 4/4, mean_loss: 0.0437
valid >>> epoch: 3/300, mean_loss: 0.1636
criteria decreased from 0.2587 to 0.1636, saving best model at D:\Data\cs-8395-dl\model\2020-01-24-02-00-23\2020-01-24-02-00-23_resnet8_best.pt
train >>> epoch: 4/300, batch: 1/4, mean_loss: 0.0466
train >>> epoch: 4/300, batch: 2/4, mean_loss: 0.0356
train >>> epoch: 4/300, batch: 3/4, mean_loss: 0.0320
train >>> epoch: 4/300, batch: 4/4, mean_loss: 0.0415
valid >>> epoch: 4/300, mean_loss: 0.1816
train >>> epoch: 5/300, batch: 1/4, mean_loss: 0.0322
train >>> epoch: 5/300, batch: 2/4, mean_loss: 0.0273
train >>> epoch: 5/300, batch: 3/4, mean_loss: 0.0262
train >>> epoch: 5/300, batch: 4/4, mean_loss: 0.0306
valid >>> epoch: 5/300, mean_loss: 0.1382
criteria decreased from 0.1636 to 0.1382, saving best model at D:\Data\cs-8395-dl\model\2020-01-24-02-00-23\2020-01-24-02-00-23_resnet8_best.pt
train >>> epoch: 6/300, batch: 1/4, mean_loss: 0.0187
train >>> epoch: 6/300, batch: 2/4, mean_loss: 0.0165
train >>> epoch: 6/300, batch: 3/4, mean_loss: 0.0189
train >>> epoch: 6/300, batch: 4/4, mean_loss: 0.0191
valid >>> epoch: 6/300, mean_loss: 0.1895
train >>> epoch: 7/300, batch: 1/4, mean_loss: 0.0180
train >>> epoch: 7/300, batch: 2/4, mean_loss: 0.0199
train >>> epoch: 7/300, batch: 3/4, mean_loss: 0.0190
train >>> epoch: 7/300, batch: 4/4, mean_loss: 0.0176
valid >>> epoch: 7/300, mean_loss: 0.1325
criteria decreased from 0.1382 to 0.1325, saving best model at D:\Data\cs-8395-dl\model\2020-01-24-02-00-23\2020-01-24-02-00-23_resnet8_best.pt
train >>> epoch: 8/300, batch: 1/4, mean_loss: 0.0137
train >>> epoch: 8/300, batch: 2/4, mean_loss: 0.0130
train >>> epoch: 8/300, batch: 3/4, mean_loss: 0.0131
train >>> epoch: 8/300, batch: 4/4, mean_loss: 0.0121
valid >>> epoch: 8/300, mean_loss: 0.1682
train >>> epoch: 9/300, batch: 1/4, mean_loss: 0.0090
train >>> epoch: 9/300, batch: 2/4, mean_loss: 0.0102
train >>> epoch: 9/300, batch: 3/4, mean_loss: 0.0108
train >>> epoch: 9/300, batch: 4/4, mean_loss: 0.0108
valid >>> epoch: 9/300, mean_loss: 0.1530
train >>> epoch: 10/300, batch: 1/4, mean_loss: 0.0065
train >>> epoch: 10/300, batch: 2/4, mean_loss: 0.0080
train >>> epoch: 10/300, batch: 3/4, mean_loss: 0.0083
train >>> epoch: 10/300, batch: 4/4, mean_loss: 0.0087
valid >>> epoch: 10/300, mean_loss: 0.1369
train >>> epoch: 11/300, batch: 1/4, mean_loss: 0.0040
train >>> epoch: 11/300, batch: 2/4, mean_loss: 0.0057
train >>> epoch: 11/300, batch: 3/4, mean_loss: 0.0051
train >>> epoch: 11/300, batch: 4/4, mean_loss: 0.0051
valid >>> epoch: 11/300, mean_loss: 0.1628
train >>> epoch: 12/300, batch: 1/4, mean_loss: 0.0040
train >>> epoch: 12/300, batch: 2/4, mean_loss: 0.0047
train >>> epoch: 12/300, batch: 3/4, mean_loss: 0.0040
train >>> epoch: 12/300, batch: 4/4, mean_loss: 0.0035
valid >>> epoch: 12/300, mean_loss: 0.1397
train >>> epoch: 13/300, batch: 1/4, mean_loss: 0.0027
train >>> epoch: 13/300, batch: 2/4, mean_loss: 0.0024
train >>> epoch: 13/300, batch: 3/4, mean_loss: 0.0027
train >>> epoch: 13/300, batch: 4/4, mean_loss: 0.0030
valid >>> epoch: 13/300, mean_loss: 0.1488
train >>> epoch: 14/300, batch: 1/4, mean_loss: 0.0022
train >>> epoch: 14/300, batch: 2/4, mean_loss: 0.0035
train >>> epoch: 14/300, batch: 3/4, mean_loss: 0.0034
train >>> epoch: 14/300, batch: 4/4, mean_loss: 0.0038
valid >>> epoch: 14/300, mean_loss: 0.1468
train >>> epoch: 15/300, batch: 1/4, mean_loss: 0.0030
train >>> epoch: 15/300, batch: 2/4, mean_loss: 0.0022
train >>> epoch: 15/300, batch: 3/4, mean_loss: 0.0021
train >>> epoch: 15/300, batch: 4/4, mean_loss: 0.0022
valid >>> epoch: 15/300, mean_loss: 0.1477
train >>> epoch: 16/300, batch: 1/4, mean_loss: 0.0021
train >>> epoch: 16/300, batch: 2/4, mean_loss: 0.0017
train >>> epoch: 16/300, batch: 3/4, mean_loss: 0.0017
train >>> epoch: 16/300, batch: 4/4, mean_loss: 0.0022
valid >>> epoch: 16/300, mean_loss: 0.1434
train >>> epoch: 17/300, batch: 1/4, mean_loss: 0.0013
train >>> epoch: 17/300, batch: 2/4, mean_loss: 0.0018
train >>> epoch: 17/300, batch: 3/4, mean_loss: 0.0016
train >>> epoch: 17/300, batch: 4/4, mean_loss: 0.0016
valid >>> epoch: 17/300, mean_loss: 0.1400
train >>> epoch: 18/300, batch: 1/4, mean_loss: 0.0017
train >>> epoch: 18/300, batch: 2/4, mean_loss: 0.0016
train >>> epoch: 18/300, batch: 3/4, mean_loss: 0.0020
train >>> epoch: 18/300, batch: 4/4, mean_loss: 0.0021
valid >>> epoch: 18/300, mean_loss: 0.1526
train >>> epoch: 19/300, batch: 1/4, mean_loss: 0.0026
train >>> epoch: 19/300, batch: 2/4, mean_loss: 0.0024
train >>> epoch: 19/300, batch: 3/4, mean_loss: 0.0024
train >>> epoch: 19/300, batch: 4/4, mean_loss: 0.0024
valid >>> epoch: 19/300, mean_loss: 0.1430
train >>> epoch: 20/300, batch: 1/4, mean_loss: 0.0010
train >>> epoch: 20/300, batch: 2/4, mean_loss: 0.0011
train >>> epoch: 20/300, batch: 3/4, mean_loss: 0.0013
train >>> epoch: 20/300, batch: 4/4, mean_loss: 0.0015
valid >>> epoch: 20/300, mean_loss: 0.1559
train >>> epoch: 21/300, batch: 1/4, mean_loss: 0.0015
train >>> epoch: 21/300, batch: 2/4, mean_loss: 0.0013
train >>> epoch: 21/300, batch: 3/4, mean_loss: 0.0011
train >>> epoch: 21/300, batch: 4/4, mean_loss: 0.0026
valid >>> epoch: 21/300, mean_loss: 0.1483
train >>> epoch: 22/300, batch: 1/4, mean_loss: 0.0006
train >>> epoch: 22/300, batch: 2/4, mean_loss: 0.0008
train >>> epoch: 22/300, batch: 3/4, mean_loss: 0.0017
train >>> epoch: 22/300, batch: 4/4, mean_loss: 0.0024
valid >>> epoch: 22/300, mean_loss: 0.1496
train >>> epoch: 23/300, batch: 1/4, mean_loss: 0.0020
train >>> epoch: 23/300, batch: 2/4, mean_loss: 0.0016
train >>> epoch: 23/300, batch: 3/4, mean_loss: 0.0017
train >>> epoch: 23/300, batch: 4/4, mean_loss: 0.0018
valid >>> epoch: 23/300, mean_loss: 0.1691
train >>> epoch: 24/300, batch: 1/4, mean_loss: 0.0008
train >>> epoch: 24/300, batch: 2/4, mean_loss: 0.0014
train >>> epoch: 24/300, batch: 3/4, mean_loss: 0.0015
train >>> epoch: 24/300, batch: 4/4, mean_loss: 0.0021
valid >>> epoch: 24/300, mean_loss: 0.1387
train >>> epoch: 25/300, batch: 1/4, mean_loss: 0.0013
train >>> epoch: 25/300, batch: 2/4, mean_loss: 0.0022
train >>> epoch: 25/300, batch: 3/4, mean_loss: 0.0024
train >>> epoch: 25/300, batch: 4/4, mean_loss: 0.0026
valid >>> epoch: 25/300, mean_loss: 0.1588
train >>> epoch: 26/300, batch: 1/4, mean_loss: 0.0014
train >>> epoch: 26/300, batch: 2/4, mean_loss: 0.0016
train >>> epoch: 26/300, batch: 3/4, mean_loss: 0.0020
train >>> epoch: 26/300, batch: 4/4, mean_loss: 0.0032
valid >>> epoch: 26/300, mean_loss: 0.1723
train >>> epoch: 27/300, batch: 1/4, mean_loss: 0.0020
train >>> epoch: 27/300, batch: 2/4, mean_loss: 0.0016
train >>> epoch: 27/300, batch: 3/4, mean_loss: 0.0016
train >>> epoch: 27/300, batch: 4/4, mean_loss: 0.0018
valid >>> epoch: 27/300, mean_loss: 0.1357
train >>> epoch: 28/300, batch: 1/4, mean_loss: 0.0024
train >>> epoch: 28/300, batch: 2/4, mean_loss: 0.0036
train >>> epoch: 28/300, batch: 3/4, mean_loss: 0.0030
train >>> epoch: 28/300, batch: 4/4, mean_loss: 0.0028
valid >>> epoch: 28/300, mean_loss: 0.1761
train >>> epoch: 29/300, batch: 1/4, mean_loss: 0.0015
train >>> epoch: 29/300, batch: 2/4, mean_loss: 0.0025
train >>> epoch: 29/300, batch: 3/4, mean_loss: 0.0023
train >>> epoch: 29/300, batch: 4/4, mean_loss: 0.0025
valid >>> epoch: 29/300, mean_loss: 0.1619
train >>> epoch: 30/300, batch: 1/4, mean_loss: 0.0016
train >>> epoch: 30/300, batch: 2/4, mean_loss: 0.0016
train >>> epoch: 30/300, batch: 3/4, mean_loss: 0.0017
train >>> epoch: 30/300, batch: 4/4, mean_loss: 0.0023
valid >>> epoch: 30/300, mean_loss: 0.1506
train >>> epoch: 31/300, batch: 1/4, mean_loss: 0.0011
train >>> epoch: 31/300, batch: 2/4, mean_loss: 0.0014
train >>> epoch: 31/300, batch: 3/4, mean_loss: 0.0013
train >>> epoch: 31/300, batch: 4/4, mean_loss: 0.0016
valid >>> epoch: 31/300, mean_loss: 0.1762
train >>> epoch: 32/300, batch: 1/4, mean_loss: 0.0013
train >>> epoch: 32/300, batch: 2/4, mean_loss: 0.0018
train >>> epoch: 32/300, batch: 3/4, mean_loss: 0.0025
train >>> epoch: 32/300, batch: 4/4, mean_loss: 0.0029
valid >>> epoch: 32/300, mean_loss: 0.1583
train >>> epoch: 33/300, batch: 1/4, mean_loss: 0.0007
train >>> epoch: 33/300, batch: 2/4, mean_loss: 0.0011
train >>> epoch: 33/300, batch: 3/4, mean_loss: 0.0010
train >>> epoch: 33/300, batch: 4/4, mean_loss: 0.0012
valid >>> epoch: 33/300, mean_loss: 0.1549
train >>> epoch: 34/300, batch: 1/4, mean_loss: 0.0013
train >>> epoch: 34/300, batch: 2/4, mean_loss: 0.0011
train >>> epoch: 34/300, batch: 3/4, mean_loss: 0.0013
train >>> epoch: 34/300, batch: 4/4, mean_loss: 0.0015
valid >>> epoch: 34/300, mean_loss: 0.1597
train >>> epoch: 35/300, batch: 1/4, mean_loss: 0.0029
train >>> epoch: 35/300, batch: 2/4, mean_loss: 0.0018
train >>> epoch: 35/300, batch: 3/4, mean_loss: 0.0015
train >>> epoch: 35/300, batch: 4/4, mean_loss: 0.0015
valid >>> epoch: 35/300, mean_loss: 0.1695
train >>> epoch: 36/300, batch: 1/4, mean_loss: 0.0019
train >>> epoch: 36/300, batch: 2/4, mean_loss: 0.0016
train >>> epoch: 36/300, batch: 3/4, mean_loss: 0.0016
train >>> epoch: 36/300, batch: 4/4, mean_loss: 0.0019
valid >>> epoch: 36/300, mean_loss: 0.1576
train >>> epoch: 37/300, batch: 1/4, mean_loss: 0.0013
train >>> epoch: 37/300, batch: 2/4, mean_loss: 0.0013
train >>> epoch: 37/300, batch: 3/4, mean_loss: 0.0012
train >>> epoch: 37/300, batch: 4/4, mean_loss: 0.0018
valid >>> epoch: 37/300, mean_loss: 0.1725
train >>> epoch: 38/300, batch: 1/4, mean_loss: 0.0013
train >>> epoch: 38/300, batch: 2/4, mean_loss: 0.0010
train >>> epoch: 38/300, batch: 3/4, mean_loss: 0.0013
train >>> epoch: 38/300, batch: 4/4, mean_loss: 0.0017
valid >>> epoch: 38/300, mean_loss: 0.1587
train >>> epoch: 39/300, batch: 1/4, mean_loss: 0.0011
train >>> epoch: 39/300, batch: 2/4, mean_loss: 0.0010
train >>> epoch: 39/300, batch: 3/4, mean_loss: 0.0010
train >>> epoch: 39/300, batch: 4/4, mean_loss: 0.0015
valid >>> epoch: 39/300, mean_loss: 0.1562
train >>> epoch: 40/300, batch: 1/4, mean_loss: 0.0006
train >>> epoch: 40/300, batch: 2/4, mean_loss: 0.0008
train >>> epoch: 40/300, batch: 3/4, mean_loss: 0.0012
train >>> epoch: 40/300, batch: 4/4, mean_loss: 0.0011
valid >>> epoch: 40/300, mean_loss: 0.1628
train >>> epoch: 41/300, batch: 1/4, mean_loss: 0.0009
train >>> epoch: 41/300, batch: 2/4, mean_loss: 0.0008
train >>> epoch: 41/300, batch: 3/4, mean_loss: 0.0010
train >>> epoch: 41/300, batch: 4/4, mean_loss: 0.0017
valid >>> epoch: 41/300, mean_loss: 0.1655
train >>> epoch: 42/300, batch: 1/4, mean_loss: 0.0007
train >>> epoch: 42/300, batch: 2/4, mean_loss: 0.0009
train >>> epoch: 42/300, batch: 3/4, mean_loss: 0.0008
train >>> epoch: 42/300, batch: 4/4, mean_loss: 0.0015
valid >>> epoch: 42/300, mean_loss: 0.1649
train >>> epoch: 43/300, batch: 1/4, mean_loss: 0.0007
train >>> epoch: 43/300, batch: 2/4, mean_loss: 0.0008
train >>> epoch: 43/300, batch: 3/4, mean_loss: 0.0011
train >>> epoch: 43/300, batch: 4/4, mean_loss: 0.0015
valid >>> epoch: 43/300, mean_loss: 0.1694
train >>> epoch: 44/300, batch: 1/4, mean_loss: 0.0006
train >>> epoch: 44/300, batch: 2/4, mean_loss: 0.0008
train >>> epoch: 44/300, batch: 3/4, mean_loss: 0.0009
train >>> epoch: 44/300, batch: 4/4, mean_loss: 0.0009
valid >>> epoch: 44/300, mean_loss: 0.1667
train >>> epoch: 45/300, batch: 1/4, mean_loss: 0.0006
train >>> epoch: 45/300, batch: 2/4, mean_loss: 0.0007
train >>> epoch: 45/300, batch: 3/4, mean_loss: 0.0008
train >>> epoch: 45/300, batch: 4/4, mean_loss: 0.0014
valid >>> epoch: 45/300, mean_loss: 0.1581
train >>> epoch: 46/300, batch: 1/4, mean_loss: 0.0006
train >>> epoch: 46/300, batch: 2/4, mean_loss: 0.0010
train >>> epoch: 46/300, batch: 3/4, mean_loss: 0.0009
train >>> epoch: 46/300, batch: 4/4, mean_loss: 0.0015
valid >>> epoch: 46/300, mean_loss: 0.1710
train >>> epoch: 47/300, batch: 1/4, mean_loss: 0.0006
train >>> epoch: 47/300, batch: 2/4, mean_loss: 0.0012
train >>> epoch: 47/300, batch: 3/4, mean_loss: 0.0013
train >>> epoch: 47/300, batch: 4/4, mean_loss: 0.0015
valid >>> epoch: 47/300, mean_loss: 0.1606
train >>> epoch: 48/300, batch: 1/4, mean_loss: 0.0009
train >>> epoch: 48/300, batch: 2/4, mean_loss: 0.0014
train >>> epoch: 48/300, batch: 3/4, mean_loss: 0.0017
train >>> epoch: 48/300, batch: 4/4, mean_loss: 0.0019
valid >>> epoch: 48/300, mean_loss: 0.1584
train >>> epoch: 49/300, batch: 1/4, mean_loss: 0.0013
train >>> epoch: 49/300, batch: 2/4, mean_loss: 0.0013
train >>> epoch: 49/300, batch: 3/4, mean_loss: 0.0014
train >>> epoch: 49/300, batch: 4/4, mean_loss: 0.0027
valid >>> epoch: 49/300, mean_loss: 0.1772
train >>> epoch: 50/300, batch: 1/4, mean_loss: 0.0009
train >>> epoch: 50/300, batch: 2/4, mean_loss: 0.0010
train >>> epoch: 50/300, batch: 3/4, mean_loss: 0.0010
train >>> epoch: 50/300, batch: 4/4, mean_loss: 0.0013
valid >>> epoch: 50/300, mean_loss: 0.1557
train >>> epoch: 51/300, batch: 1/4, mean_loss: 0.0018
train >>> epoch: 51/300, batch: 2/4, mean_loss: 0.0016
train >>> epoch: 51/300, batch: 3/4, mean_loss: 0.0021
train >>> epoch: 51/300, batch: 4/4, mean_loss: 0.0021
valid >>> epoch: 51/300, mean_loss: 0.1692
train >>> epoch: 52/300, batch: 1/4, mean_loss: 0.0009
train >>> epoch: 52/300, batch: 2/4, mean_loss: 0.0009
train >>> epoch: 52/300, batch: 3/4, mean_loss: 0.0014
train >>> epoch: 52/300, batch: 4/4, mean_loss: 0.0018
valid >>> epoch: 52/300, mean_loss: 0.1693
train >>> epoch: 53/300, batch: 1/4, mean_loss: 0.0016
train >>> epoch: 53/300, batch: 2/4, mean_loss: 0.0015
train >>> epoch: 53/300, batch: 3/4, mean_loss: 0.0020
train >>> epoch: 53/300, batch: 4/4, mean_loss: 0.0021
valid >>> epoch: 53/300, mean_loss: 0.1617
train >>> epoch: 54/300, batch: 1/4, mean_loss: 0.0012
train >>> epoch: 54/300, batch: 2/4, mean_loss: 0.0010
train >>> epoch: 54/300, batch: 3/4, mean_loss: 0.0012
train >>> epoch: 54/300, batch: 4/4, mean_loss: 0.0014
valid >>> epoch: 54/300, mean_loss: 0.1724
train >>> epoch: 55/300, batch: 1/4, mean_loss: 0.0011
train >>> epoch: 55/300, batch: 2/4, mean_loss: 0.0010
train >>> epoch: 55/300, batch: 3/4, mean_loss: 0.0011
train >>> epoch: 55/300, batch: 4/4, mean_loss: 0.0012
valid >>> epoch: 55/300, mean_loss: 0.1695
train >>> epoch: 56/300, batch: 1/4, mean_loss: 0.0008
train >>> epoch: 56/300, batch: 2/4, mean_loss: 0.0008
train >>> epoch: 56/300, batch: 3/4, mean_loss: 0.0012
train >>> epoch: 56/300, batch: 4/4, mean_loss: 0.0018
valid >>> epoch: 56/300, mean_loss: 0.1676
train >>> epoch: 57/300, batch: 1/4, mean_loss: 0.0012
train >>> epoch: 57/300, batch: 2/4, mean_loss: 0.0014
train >>> epoch: 57/300, batch: 3/4, mean_loss: 0.0013
train >>> epoch: 57/300, batch: 4/4, mean_loss: 0.0014
valid >>> epoch: 57/300, mean_loss: 0.1726
train >>> epoch: 58/300, batch: 1/4, mean_loss: 0.0014
train >>> epoch: 58/300, batch: 2/4, mean_loss: 0.0012
train >>> epoch: 58/300, batch: 3/4, mean_loss: 0.0012
train >>> epoch: 58/300, batch: 4/4, mean_loss: 0.0013
valid >>> epoch: 58/300, mean_loss: 0.1683
train >>> epoch: 59/300, batch: 1/4, mean_loss: 0.0006
train >>> epoch: 59/300, batch: 2/4, mean_loss: 0.0009
train >>> epoch: 59/300, batch: 3/4, mean_loss: 0.0011
train >>> epoch: 59/300, batch: 4/4, mean_loss: 0.0015
valid >>> epoch: 59/300, mean_loss: 0.1636
train >>> epoch: 60/300, batch: 1/4, mean_loss: 0.0012
train >>> epoch: 60/300, batch: 2/4, mean_loss: 0.0010
train >>> epoch: 60/300, batch: 3/4, mean_loss: 0.0011
train >>> epoch: 60/300, batch: 4/4, mean_loss: 0.0011
valid >>> epoch: 60/300, mean_loss: 0.1690
train >>> epoch: 61/300, batch: 1/4, mean_loss: 0.0014
train >>> epoch: 61/300, batch: 2/4, mean_loss: 0.0011
train >>> epoch: 61/300, batch: 3/4, mean_loss: 0.0012
train >>> epoch: 61/300, batch: 4/4, mean_loss: 0.0012
valid >>> epoch: 61/300, mean_loss: 0.1691
train >>> epoch: 62/300, batch: 1/4, mean_loss: 0.0010
train >>> epoch: 62/300, batch: 2/4, mean_loss: 0.0012
train >>> epoch: 62/300, batch: 3/4, mean_loss: 0.0015
train >>> epoch: 62/300, batch: 4/4, mean_loss: 0.0014
valid >>> epoch: 62/300, mean_loss: 0.1710
train >>> epoch: 63/300, batch: 1/4, mean_loss: 0.0008
train >>> epoch: 63/300, batch: 2/4, mean_loss: 0.0008
train >>> epoch: 63/300, batch: 3/4, mean_loss: 0.0008
train >>> epoch: 63/300, batch: 4/4, mean_loss: 0.0027
valid >>> epoch: 63/300, mean_loss: 0.1704
train >>> epoch: 64/300, batch: 1/4, mean_loss: 0.0011
train >>> epoch: 64/300, batch: 2/4, mean_loss: 0.0011
train >>> epoch: 64/300, batch: 3/4, mean_loss: 0.0010
train >>> epoch: 64/300, batch: 4/4, mean_loss: 0.0018
valid >>> epoch: 64/300, mean_loss: 0.1758
train >>> epoch: 65/300, batch: 1/4, mean_loss: 0.0011
train >>> epoch: 65/300, batch: 2/4, mean_loss: 0.0015
train >>> epoch: 65/300, batch: 3/4, mean_loss: 0.0014
train >>> epoch: 65/300, batch: 4/4, mean_loss: 0.0014
valid >>> epoch: 65/300, mean_loss: 0.1682
train >>> epoch: 66/300, batch: 1/4, mean_loss: 0.0017
train >>> epoch: 66/300, batch: 2/4, mean_loss: 0.0016
train >>> epoch: 66/300, batch: 3/4, mean_loss: 0.0022
train >>> epoch: 66/300, batch: 4/4, mean_loss: 0.0021
valid >>> epoch: 66/300, mean_loss: 0.1713
train >>> epoch: 67/300, batch: 1/4, mean_loss: 0.0019
train >>> epoch: 67/300, batch: 2/4, mean_loss: 0.0016
train >>> epoch: 67/300, batch: 3/4, mean_loss: 0.0017
train >>> epoch: 67/300, batch: 4/4, mean_loss: 0.0030
valid >>> epoch: 67/300, mean_loss: 0.1756
train >>> epoch: 68/300, batch: 1/4, mean_loss: 0.0011
train >>> epoch: 68/300, batch: 2/4, mean_loss: 0.0014
train >>> epoch: 68/300, batch: 3/4, mean_loss: 0.0012
train >>> epoch: 68/300, batch: 4/4, mean_loss: 0.0016
valid >>> epoch: 68/300, mean_loss: 0.1716
train >>> epoch: 69/300, batch: 1/4, mean_loss: 0.0009
train >>> epoch: 69/300, batch: 2/4, mean_loss: 0.0010
train >>> epoch: 69/300, batch: 3/4, mean_loss: 0.0011
train >>> epoch: 69/300, batch: 4/4, mean_loss: 0.0018
valid >>> epoch: 69/300, mean_loss: 0.1667
train >>> epoch: 70/300, batch: 1/4, mean_loss: 0.0015
train >>> epoch: 70/300, batch: 2/4, mean_loss: 0.0012
train >>> epoch: 70/300, batch: 3/4, mean_loss: 0.0017
train >>> epoch: 70/300, batch: 4/4, mean_loss: 0.0016
valid >>> epoch: 70/300, mean_loss: 0.1719
train >>> epoch: 71/300, batch: 1/4, mean_loss: 0.0012
train >>> epoch: 71/300, batch: 2/4, mean_loss: 0.0021
train >>> epoch: 71/300, batch: 3/4, mean_loss: 0.0019
train >>> epoch: 71/300, batch: 4/4, mean_loss: 0.0021
valid >>> epoch: 71/300, mean_loss: 0.1699
train >>> epoch: 72/300, batch: 1/4, mean_loss: 0.0016
train >>> epoch: 72/300, batch: 2/4, mean_loss: 0.0012
train >>> epoch: 72/300, batch: 3/4, mean_loss: 0.0011
train >>> epoch: 72/300, batch: 4/4, mean_loss: 0.0012
valid >>> epoch: 72/300, mean_loss: 0.1689
train >>> epoch: 73/300, batch: 1/4, mean_loss: 0.0009
train >>> epoch: 73/300, batch: 2/4, mean_loss: 0.0011
train >>> epoch: 73/300, batch: 3/4, mean_loss: 0.0016
train >>> epoch: 73/300, batch: 4/4, mean_loss: 0.0022
valid >>> epoch: 73/300, mean_loss: 0.1729
train >>> epoch: 74/300, batch: 1/4, mean_loss: 0.0009
train >>> epoch: 74/300, batch: 2/4, mean_loss: 0.0012
train >>> epoch: 74/300, batch: 3/4, mean_loss: 0.0013
train >>> epoch: 74/300, batch: 4/4, mean_loss: 0.0012
valid >>> epoch: 74/300, mean_loss: 0.1700
train >>> epoch: 75/300, batch: 1/4, mean_loss: 0.0014
train >>> epoch: 75/300, batch: 2/4, mean_loss: 0.0015
train >>> epoch: 75/300, batch: 3/4, mean_loss: 0.0012
train >>> epoch: 75/300, batch: 4/4, mean_loss: 0.0012
valid >>> epoch: 75/300, mean_loss: 0.1671
train >>> epoch: 76/300, batch: 1/4, mean_loss: 0.0012
train >>> epoch: 76/300, batch: 2/4, mean_loss: 0.0011
train >>> epoch: 76/300, batch: 3/4, mean_loss: 0.0016
train >>> epoch: 76/300, batch: 4/4, mean_loss: 0.0018
valid >>> epoch: 76/300, mean_loss: 0.1686
train >>> epoch: 77/300, batch: 1/4, mean_loss: 0.0013
train >>> epoch: 77/300, batch: 2/4, mean_loss: 0.0011
train >>> epoch: 77/300, batch: 3/4, mean_loss: 0.0011
train >>> epoch: 77/300, batch: 4/4, mean_loss: 0.0013
valid >>> epoch: 77/300, mean_loss: 0.1650
train >>> epoch: 78/300, batch: 1/4, mean_loss: 0.0008
train >>> epoch: 78/300, batch: 2/4, mean_loss: 0.0009
train >>> epoch: 78/300, batch: 3/4, mean_loss: 0.0008
train >>> epoch: 78/300, batch: 4/4, mean_loss: 0.0009
valid >>> epoch: 78/300, mean_loss: 0.1756
train >>> epoch: 79/300, batch: 1/4, mean_loss: 0.0006
train >>> epoch: 79/300, batch: 2/4, mean_loss: 0.0005
train >>> epoch: 79/300, batch: 3/4, mean_loss: 0.0009
train >>> epoch: 79/300, batch: 4/4, mean_loss: 0.0012
valid >>> epoch: 79/300, mean_loss: 0.1665
train >>> epoch: 80/300, batch: 1/4, mean_loss: 0.0007
train >>> epoch: 80/300, batch: 2/4, mean_loss: 0.0008
train >>> epoch: 80/300, batch: 3/4, mean_loss: 0.0010
train >>> epoch: 80/300, batch: 4/4, mean_loss: 0.0014
valid >>> epoch: 80/300, mean_loss: 0.1590
train >>> epoch: 81/300, batch: 1/4, mean_loss: 0.0016
train >>> epoch: 81/300, batch: 2/4, mean_loss: 0.0014
train >>> epoch: 81/300, batch: 3/4, mean_loss: 0.0014
train >>> epoch: 81/300, batch: 4/4, mean_loss: 0.0017
valid >>> epoch: 81/300, mean_loss: 0.1754
train >>> epoch: 82/300, batch: 1/4, mean_loss: 0.0007
train >>> epoch: 82/300, batch: 2/4, mean_loss: 0.0010
train >>> epoch: 82/300, batch: 3/4, mean_loss: 0.0013
train >>> epoch: 82/300, batch: 4/4, mean_loss: 0.0026
valid >>> epoch: 82/300, mean_loss: 0.1754
train >>> epoch: 83/300, batch: 1/4, mean_loss: 0.0009
train >>> epoch: 83/300, batch: 2/4, mean_loss: 0.0016
train >>> epoch: 83/300, batch: 3/4, mean_loss: 0.0018
train >>> epoch: 83/300, batch: 4/4, mean_loss: 0.0017
valid >>> epoch: 83/300, mean_loss: 0.1571
train >>> epoch: 84/300, batch: 1/4, mean_loss: 0.0026
train >>> epoch: 84/300, batch: 2/4, mean_loss: 0.0023
train >>> epoch: 84/300, batch: 3/4, mean_loss: 0.0021
train >>> epoch: 84/300, batch: 4/4, mean_loss: 0.0019
valid >>> epoch: 84/300, mean_loss: 0.1733
train >>> epoch: 85/300, batch: 1/4, mean_loss: 0.0016
train >>> epoch: 85/300, batch: 2/4, mean_loss: 0.0017
train >>> epoch: 85/300, batch: 3/4, mean_loss: 0.0022
train >>> epoch: 85/300, batch: 4/4, mean_loss: 0.0025
valid >>> epoch: 85/300, mean_loss: 0.1764
train >>> epoch: 86/300, batch: 1/4, mean_loss: 0.0014
train >>> epoch: 86/300, batch: 2/4, mean_loss: 0.0016
train >>> epoch: 86/300, batch: 3/4, mean_loss: 0.0016
train >>> epoch: 86/300, batch: 4/4, mean_loss: 0.0016
valid >>> epoch: 86/300, mean_loss: 0.1603
train >>> epoch: 87/300, batch: 1/4, mean_loss: 0.0014
train >>> epoch: 87/300, batch: 2/4, mean_loss: 0.0014
train >>> epoch: 87/300, batch: 3/4, mean_loss: 0.0015
train >>> epoch: 87/300, batch: 4/4, mean_loss: 0.0014
valid >>> epoch: 87/300, mean_loss: 0.1727
train >>> epoch: 88/300, batch: 1/4, mean_loss: 0.0010
train >>> epoch: 88/300, batch: 2/4, mean_loss: 0.0012
train >>> epoch: 88/300, batch: 3/4, mean_loss: 0.0012
train >>> epoch: 88/300, batch: 4/4, mean_loss: 0.0024
valid >>> epoch: 88/300, mean_loss: 0.1833
train >>> epoch: 89/300, batch: 1/4, mean_loss: 0.0010
train >>> epoch: 89/300, batch: 2/4, mean_loss: 0.0016
train >>> epoch: 89/300, batch: 3/4, mean_loss: 0.0015
train >>> epoch: 89/300, batch: 4/4, mean_loss: 0.0016
valid >>> epoch: 89/300, mean_loss: 0.1712
train >>> epoch: 90/300, batch: 1/4, mean_loss: 0.0012
train >>> epoch: 90/300, batch: 2/4, mean_loss: 0.0017
train >>> epoch: 90/300, batch: 3/4, mean_loss: 0.0019
train >>> epoch: 90/300, batch: 4/4, mean_loss: 0.0019
valid >>> epoch: 90/300, mean_loss: 0.1685
train >>> epoch: 91/300, batch: 1/4, mean_loss: 0.0018
train >>> epoch: 91/300, batch: 2/4, mean_loss: 0.0016
train >>> epoch: 91/300, batch: 3/4, mean_loss: 0.0014
train >>> epoch: 91/300, batch: 4/4, mean_loss: 0.0013
valid >>> epoch: 91/300, mean_loss: 0.1803
train >>> epoch: 92/300, batch: 1/4, mean_loss: 0.0012
train >>> epoch: 92/300, batch: 2/4, mean_loss: 0.0013
train >>> epoch: 92/300, batch: 3/4, mean_loss: 0.0011
train >>> epoch: 92/300, batch: 4/4, mean_loss: 0.0020
valid >>> epoch: 92/300, mean_loss: 0.1737
train >>> epoch: 93/300, batch: 1/4, mean_loss: 0.0010
train >>> epoch: 93/300, batch: 2/4, mean_loss: 0.0013
train >>> epoch: 93/300, batch: 3/4, mean_loss: 0.0015
train >>> epoch: 93/300, batch: 4/4, mean_loss: 0.0017
valid >>> epoch: 93/300, mean_loss: 0.1731
train >>> epoch: 94/300, batch: 1/4, mean_loss: 0.0011
train >>> epoch: 94/300, batch: 2/4, mean_loss: 0.0012
train >>> epoch: 94/300, batch: 3/4, mean_loss: 0.0014
train >>> epoch: 94/300, batch: 4/4, mean_loss: 0.0014
valid >>> epoch: 94/300, mean_loss: 0.1786
train >>> epoch: 95/300, batch: 1/4, mean_loss: 0.0011
train >>> epoch: 95/300, batch: 2/4, mean_loss: 0.0018
train >>> epoch: 95/300, batch: 3/4, mean_loss: 0.0017
train >>> epoch: 95/300, batch: 4/4, mean_loss: 0.0015
valid >>> epoch: 95/300, mean_loss: 0.1721
train >>> epoch: 96/300, batch: 1/4, mean_loss: 0.0016
train >>> epoch: 96/300, batch: 2/4, mean_loss: 0.0017
train >>> epoch: 96/300, batch: 3/4, mean_loss: 0.0015
train >>> epoch: 96/300, batch: 4/4, mean_loss: 0.0019
valid >>> epoch: 96/300, mean_loss: 0.1769
train >>> epoch: 97/300, batch: 1/4, mean_loss: 0.0014
train >>> epoch: 97/300, batch: 2/4, mean_loss: 0.0013
train >>> epoch: 97/300, batch: 3/4, mean_loss: 0.0011
train >>> epoch: 97/300, batch: 4/4, mean_loss: 0.0018
valid >>> epoch: 97/300, mean_loss: 0.1816
train >>> epoch: 98/300, batch: 1/4, mean_loss: 0.0006
train >>> epoch: 98/300, batch: 2/4, mean_loss: 0.0008
train >>> epoch: 98/300, batch: 3/4, mean_loss: 0.0009
train >>> epoch: 98/300, batch: 4/4, mean_loss: 0.0009
valid >>> epoch: 98/300, mean_loss: 0.1727
train >>> epoch: 99/300, batch: 1/4, mean_loss: 0.0008
train >>> epoch: 99/300, batch: 2/4, mean_loss: 0.0011
train >>> epoch: 99/300, batch: 3/4, mean_loss: 0.0013
train >>> epoch: 99/300, batch: 4/4, mean_loss: 0.0022
valid >>> epoch: 99/300, mean_loss: 0.1783
train >>> epoch: 100/300, batch: 1/4, mean_loss: 0.0010
train >>> epoch: 100/300, batch: 2/4, mean_loss: 0.0014
train >>> epoch: 100/300, batch: 3/4, mean_loss: 0.0014
train >>> epoch: 100/300, batch: 4/4, mean_loss: 0.0017
valid >>> epoch: 100/300, mean_loss: 0.1870
train >>> epoch: 101/300, batch: 1/4, mean_loss: 0.0016
train >>> epoch: 101/300, batch: 2/4, mean_loss: 0.0024
train >>> epoch: 101/300, batch: 3/4, mean_loss: 0.0019
train >>> epoch: 101/300, batch: 4/4, mean_loss: 0.0018
valid >>> epoch: 101/300, mean_loss: 0.1707
train >>> epoch: 102/300, batch: 1/4, mean_loss: 0.0008
train >>> epoch: 102/300, batch: 2/4, mean_loss: 0.0010
train >>> epoch: 102/300, batch: 3/4, mean_loss: 0.0011
train >>> epoch: 102/300, batch: 4/4, mean_loss: 0.0025
valid >>> epoch: 102/300, mean_loss: 0.1704
train >>> epoch: 103/300, batch: 1/4, mean_loss: 0.0015
train >>> epoch: 103/300, batch: 2/4, mean_loss: 0.0012
train >>> epoch: 103/300, batch: 3/4, mean_loss: 0.0012
train >>> epoch: 103/300, batch: 4/4, mean_loss: 0.0015
valid >>> epoch: 103/300, mean_loss: 0.1812
train >>> epoch: 104/300, batch: 1/4, mean_loss: 0.0012
train >>> epoch: 104/300, batch: 2/4, mean_loss: 0.0015
train >>> epoch: 104/300, batch: 3/4, mean_loss: 0.0012
train >>> epoch: 104/300, batch: 4/4, mean_loss: 0.0013
valid >>> epoch: 104/300, mean_loss: 0.1952
train >>> epoch: 105/300, batch: 1/4, mean_loss: 0.0021
train >>> epoch: 105/300, batch: 2/4, mean_loss: 0.0015
train >>> epoch: 105/300, batch: 3/4, mean_loss: 0.0018
train >>> epoch: 105/300, batch: 4/4, mean_loss: 0.0015
valid >>> epoch: 105/300, mean_loss: 0.1837
train >>> epoch: 106/300, batch: 1/4, mean_loss: 0.0015
train >>> epoch: 106/300, batch: 2/4, mean_loss: 0.0011
train >>> epoch: 106/300, batch: 3/4, mean_loss: 0.0012
train >>> epoch: 106/300, batch: 4/4, mean_loss: 0.0012
valid >>> epoch: 106/300, mean_loss: 0.1726
train >>> epoch: 107/300, batch: 1/4, mean_loss: 0.0015
train >>> epoch: 107/300, batch: 2/4, mean_loss: 0.0014
train >>> epoch: 107/300, batch: 3/4, mean_loss: 0.0012
train >>> epoch: 107/300, batch: 4/4, mean_loss: 0.0012
valid >>> epoch: 107/300, mean_loss: 0.1773
train >>> epoch: 108/300, batch: 1/4, mean_loss: 0.0006
train >>> epoch: 108/300, batch: 2/4, mean_loss: 0.0007
train >>> epoch: 108/300, batch: 3/4, mean_loss: 0.0011
train >>> epoch: 108/300, batch: 4/4, mean_loss: 0.0012
valid >>> epoch: 108/300, mean_loss: 0.1814
train >>> epoch: 109/300, batch: 1/4, mean_loss: 0.0007
train >>> epoch: 109/300, batch: 2/4, mean_loss: 0.0007
train >>> epoch: 109/300, batch: 3/4, mean_loss: 0.0007
train >>> epoch: 109/300, batch: 4/4, mean_loss: 0.0007
valid >>> epoch: 109/300, mean_loss: 0.1701
train >>> epoch: 110/300, batch: 1/4, mean_loss: 0.0007
train >>> epoch: 110/300, batch: 2/4, mean_loss: 0.0008
train >>> epoch: 110/300, batch: 3/4, mean_loss: 0.0008
train >>> epoch: 110/300, batch: 4/4, mean_loss: 0.0008
valid >>> epoch: 110/300, mean_loss: 0.1730
train >>> epoch: 111/300, batch: 1/4, mean_loss: 0.0009
train >>> epoch: 111/300, batch: 2/4, mean_loss: 0.0009
train >>> epoch: 111/300, batch: 3/4, mean_loss: 0.0008
train >>> epoch: 111/300, batch: 4/4, mean_loss: 0.0007
valid >>> epoch: 111/300, mean_loss: 0.1823
train >>> epoch: 112/300, batch: 1/4, mean_loss: 0.0007
train >>> epoch: 112/300, batch: 2/4, mean_loss: 0.0006
train >>> epoch: 112/300, batch: 3/4, mean_loss: 0.0006
train >>> epoch: 112/300, batch: 4/4, mean_loss: 0.0008
valid >>> epoch: 112/300, mean_loss: 0.1776
train >>> epoch: 113/300, batch: 1/4, mean_loss: 0.0003
train >>> epoch: 113/300, batch: 2/4, mean_loss: 0.0005
train >>> epoch: 113/300, batch: 3/4, mean_loss: 0.0005
train >>> epoch: 113/300, batch: 4/4, mean_loss: 0.0006
valid >>> epoch: 113/300, mean_loss: 0.1718
train >>> epoch: 114/300, batch: 1/4, mean_loss: 0.0008
train >>> epoch: 114/300, batch: 2/4, mean_loss: 0.0008
train >>> epoch: 114/300, batch: 3/4, mean_loss: 0.0008
train >>> epoch: 114/300, batch: 4/4, mean_loss: 0.0008
valid >>> epoch: 114/300, mean_loss: 0.1786
train >>> epoch: 115/300, batch: 1/4, mean_loss: 0.0006
train >>> epoch: 115/300, batch: 2/4, mean_loss: 0.0008
train >>> epoch: 115/300, batch: 3/4, mean_loss: 0.0009
train >>> epoch: 115/300, batch: 4/4, mean_loss: 0.0009
valid >>> epoch: 115/300, mean_loss: 0.1772
train >>> epoch: 116/300, batch: 1/4, mean_loss: 0.0010
train >>> epoch: 116/300, batch: 2/4, mean_loss: 0.0008
train >>> epoch: 116/300, batch: 3/4, mean_loss: 0.0008
train >>> epoch: 116/300, batch: 4/4, mean_loss: 0.0006
valid >>> epoch: 116/300, mean_loss: 0.1718
train >>> epoch: 117/300, batch: 1/4, mean_loss: 0.0010
train >>> epoch: 117/300, batch: 2/4, mean_loss: 0.0008
train >>> epoch: 117/300, batch: 3/4, mean_loss: 0.0007
train >>> epoch: 117/300, batch: 4/4, mean_loss: 0.0008
valid >>> epoch: 117/300, mean_loss: 0.1754
train >>> epoch: 118/300, batch: 1/4, mean_loss: 0.0004
train >>> epoch: 118/300, batch: 2/4, mean_loss: 0.0005
train >>> epoch: 118/300, batch: 3/4, mean_loss: 0.0007
train >>> epoch: 118/300, batch: 4/4, mean_loss: 0.0009
valid >>> epoch: 118/300, mean_loss: 0.1762
train >>> epoch: 119/300, batch: 1/4, mean_loss: 0.0005
train >>> epoch: 119/300, batch: 2/4, mean_loss: 0.0008
train >>> epoch: 119/300, batch: 3/4, mean_loss: 0.0009
train >>> epoch: 119/300, batch: 4/4, mean_loss: 0.0009
valid >>> epoch: 119/300, mean_loss: 0.1709
train >>> epoch: 120/300, batch: 1/4, mean_loss: 0.0010
train >>> epoch: 120/300, batch: 2/4, mean_loss: 0.0010
train >>> epoch: 120/300, batch: 3/4, mean_loss: 0.0008
train >>> epoch: 120/300, batch: 4/4, mean_loss: 0.0010
valid >>> epoch: 120/300, mean_loss: 0.1771
train >>> epoch: 121/300, batch: 1/4, mean_loss: 0.0007
train >>> epoch: 121/300, batch: 2/4, mean_loss: 0.0009
train >>> epoch: 121/300, batch: 3/4, mean_loss: 0.0008
train >>> epoch: 121/300, batch: 4/4, mean_loss: 0.0008
valid >>> epoch: 121/300, mean_loss: 0.1797
train >>> epoch: 122/300, batch: 1/4, mean_loss: 0.0005
train >>> epoch: 122/300, batch: 2/4, mean_loss: 0.0006
train >>> epoch: 122/300, batch: 3/4, mean_loss: 0.0007
train >>> epoch: 122/300, batch: 4/4, mean_loss: 0.0008
valid >>> epoch: 122/300, mean_loss: 0.1712
train >>> epoch: 123/300, batch: 1/4, mean_loss: 0.0007
train >>> epoch: 123/300, batch: 2/4, mean_loss: 0.0009
train >>> epoch: 123/300, batch: 3/4, mean_loss: 0.0009
train >>> epoch: 123/300, batch: 4/4, mean_loss: 0.0010
valid >>> epoch: 123/300, mean_loss: 0.1723
train >>> epoch: 124/300, batch: 1/4, mean_loss: 0.0006
train >>> epoch: 124/300, batch: 2/4, mean_loss: 0.0006
train >>> epoch: 124/300, batch: 3/4, mean_loss: 0.0007
train >>> epoch: 124/300, batch: 4/4, mean_loss: 0.0008
valid >>> epoch: 124/300, mean_loss: 0.1847
train >>> epoch: 125/300, batch: 1/4, mean_loss: 0.0006
train >>> epoch: 125/300, batch: 2/4, mean_loss: 0.0007
train >>> epoch: 125/300, batch: 3/4, mean_loss: 0.0008
train >>> epoch: 125/300, batch: 4/4, mean_loss: 0.0010
valid >>> epoch: 125/300, mean_loss: 0.1773
train >>> epoch: 126/300, batch: 1/4, mean_loss: 0.0009
train >>> epoch: 126/300, batch: 2/4, mean_loss: 0.0007
train >>> epoch: 126/300, batch: 3/4, mean_loss: 0.0008
train >>> epoch: 126/300, batch: 4/4, mean_loss: 0.0009
valid >>> epoch: 126/300, mean_loss: 0.1694
train >>> epoch: 127/300, batch: 1/4, mean_loss: 0.0007
train >>> epoch: 127/300, batch: 2/4, mean_loss: 0.0009
train >>> epoch: 127/300, batch: 3/4, mean_loss: 0.0013
train >>> epoch: 127/300, batch: 4/4, mean_loss: 0.0012
valid >>> epoch: 127/300, mean_loss: 0.1784
train >>> epoch: 128/300, batch: 1/4, mean_loss: 0.0007
train >>> epoch: 128/300, batch: 2/4, mean_loss: 0.0009
train >>> epoch: 128/300, batch: 3/4, mean_loss: 0.0010
train >>> epoch: 128/300, batch: 4/4, mean_loss: 0.0013
valid >>> epoch: 128/300, mean_loss: 0.1828
train >>> epoch: 129/300, batch: 1/4, mean_loss: 0.0009
train >>> epoch: 129/300, batch: 2/4, mean_loss: 0.0009
train >>> epoch: 129/300, batch: 3/4, mean_loss: 0.0011
train >>> epoch: 129/300, batch: 4/4, mean_loss: 0.0014
valid >>> epoch: 129/300, mean_loss: 0.1673
train >>> epoch: 130/300, batch: 1/4, mean_loss: 0.0014
train >>> epoch: 130/300, batch: 2/4, mean_loss: 0.0019
train >>> epoch: 130/300, batch: 3/4, mean_loss: 0.0018
train >>> epoch: 130/300, batch: 4/4, mean_loss: 0.0017
valid >>> epoch: 130/300, mean_loss: 0.1813
train >>> epoch: 131/300, batch: 1/4, mean_loss: 0.0011
train >>> epoch: 131/300, batch: 2/4, mean_loss: 0.0013
train >>> epoch: 131/300, batch: 3/4, mean_loss: 0.0015
train >>> epoch: 131/300, batch: 4/4, mean_loss: 0.0023
valid >>> epoch: 131/300, mean_loss: 0.1833
train >>> epoch: 132/300, batch: 1/4, mean_loss: 0.0011
train >>> epoch: 132/300, batch: 2/4, mean_loss: 0.0013
train >>> epoch: 132/300, batch: 3/4, mean_loss: 0.0013
train >>> epoch: 132/300, batch: 4/4, mean_loss: 0.0012
valid >>> epoch: 132/300, mean_loss: 0.1630
train >>> epoch: 133/300, batch: 1/4, mean_loss: 0.0028
train >>> epoch: 133/300, batch: 2/4, mean_loss: 0.0025
train >>> epoch: 133/300, batch: 3/4, mean_loss: 0.0023
train >>> epoch: 133/300, batch: 4/4, mean_loss: 0.0020
valid >>> epoch: 133/300, mean_loss: 0.1800
train >>> epoch: 134/300, batch: 1/4, mean_loss: 0.0023
train >>> epoch: 134/300, batch: 2/4, mean_loss: 0.0020
train >>> epoch: 134/300, batch: 3/4, mean_loss: 0.0017
train >>> epoch: 134/300, batch: 4/4, mean_loss: 0.0021
valid >>> epoch: 134/300, mean_loss: 0.1908
train >>> epoch: 135/300, batch: 1/4, mean_loss: 0.0017
train >>> epoch: 135/300, batch: 2/4, mean_loss: 0.0016
train >>> epoch: 135/300, batch: 3/4, mean_loss: 0.0015
train >>> epoch: 135/300, batch: 4/4, mean_loss: 0.0014
valid >>> epoch: 135/300, mean_loss: 0.1726
train >>> epoch: 136/300, batch: 1/4, mean_loss: 0.0017
train >>> epoch: 136/300, batch: 2/4, mean_loss: 0.0023
train >>> epoch: 136/300, batch: 3/4, mean_loss: 0.0019
train >>> epoch: 136/300, batch: 4/4, mean_loss: 0.0018
valid >>> epoch: 136/300, mean_loss: 0.1696
train >>> epoch: 137/300, batch: 1/4, mean_loss: 0.0008
train >>> epoch: 137/300, batch: 2/4, mean_loss: 0.0013
train >>> epoch: 137/300, batch: 3/4, mean_loss: 0.0014
train >>> epoch: 137/300, batch: 4/4, mean_loss: 0.0017
valid >>> epoch: 137/300, mean_loss: 0.1815
train >>> epoch: 138/300, batch: 1/4, mean_loss: 0.0012
train >>> epoch: 138/300, batch: 2/4, mean_loss: 0.0010
train >>> epoch: 138/300, batch: 3/4, mean_loss: 0.0010
train >>> epoch: 138/300, batch: 4/4, mean_loss: 0.0010
valid >>> epoch: 138/300, mean_loss: 0.1740
train >>> epoch: 139/300, batch: 1/4, mean_loss: 0.0011
train >>> epoch: 139/300, batch: 2/4, mean_loss: 0.0011
train >>> epoch: 139/300, batch: 3/4, mean_loss: 0.0014
train >>> epoch: 139/300, batch: 4/4, mean_loss: 0.0014
valid >>> epoch: 139/300, mean_loss: 0.1726
train >>> epoch: 140/300, batch: 1/4, mean_loss: 0.0009
train >>> epoch: 140/300, batch: 2/4, mean_loss: 0.0010
train >>> epoch: 140/300, batch: 3/4, mean_loss: 0.0011
train >>> epoch: 140/300, batch: 4/4, mean_loss: 0.0011
valid >>> epoch: 140/300, mean_loss: 0.1768
train >>> epoch: 141/300, batch: 1/4, mean_loss: 0.0012
train >>> epoch: 141/300, batch: 2/4, mean_loss: 0.0009
train >>> epoch: 141/300, batch: 3/4, mean_loss: 0.0010
train >>> epoch: 141/300, batch: 4/4, mean_loss: 0.0011
valid >>> epoch: 141/300, mean_loss: 0.1743
train >>> epoch: 142/300, batch: 1/4, mean_loss: 0.0006
train >>> epoch: 142/300, batch: 2/4, mean_loss: 0.0008
train >>> epoch: 142/300, batch: 3/4, mean_loss: 0.0008
train >>> epoch: 142/300, batch: 4/4, mean_loss: 0.0013
valid >>> epoch: 142/300, mean_loss: 0.1799
train >>> epoch: 143/300, batch: 1/4, mean_loss: 0.0007
train >>> epoch: 143/300, batch: 2/4, mean_loss: 0.0008
train >>> epoch: 143/300, batch: 3/4, mean_loss: 0.0008
train >>> epoch: 143/300, batch: 4/4, mean_loss: 0.0010
valid >>> epoch: 143/300, mean_loss: 0.1817
train >>> epoch: 144/300, batch: 1/4, mean_loss: 0.0007
train >>> epoch: 144/300, batch: 2/4, mean_loss: 0.0011
train >>> epoch: 144/300, batch: 3/4, mean_loss: 0.0010
train >>> epoch: 144/300, batch: 4/4, mean_loss: 0.0011
valid >>> epoch: 144/300, mean_loss: 0.1797
train >>> epoch: 145/300, batch: 1/4, mean_loss: 0.0005
train >>> epoch: 145/300, batch: 2/4, mean_loss: 0.0006
train >>> epoch: 145/300, batch: 3/4, mean_loss: 0.0008
train >>> epoch: 145/300, batch: 4/4, mean_loss: 0.0009
valid >>> epoch: 145/300, mean_loss: 0.1737
train >>> epoch: 146/300, batch: 1/4, mean_loss: 0.0005
train >>> epoch: 146/300, batch: 2/4, mean_loss: 0.0005
train >>> epoch: 146/300, batch: 3/4, mean_loss: 0.0006
train >>> epoch: 146/300, batch: 4/4, mean_loss: 0.0009
valid >>> epoch: 146/300, mean_loss: 0.1803
train >>> epoch: 147/300, batch: 1/4, mean_loss: 0.0008
train >>> epoch: 147/300, batch: 2/4, mean_loss: 0.0006
train >>> epoch: 147/300, batch: 3/4, mean_loss: 0.0007
train >>> epoch: 147/300, batch: 4/4, mean_loss: 0.0007
valid >>> epoch: 147/300, mean_loss: 0.1785
train >>> epoch: 148/300, batch: 1/4, mean_loss: 0.0008
train >>> epoch: 148/300, batch: 2/4, mean_loss: 0.0008
train >>> epoch: 148/300, batch: 3/4, mean_loss: 0.0007
train >>> epoch: 148/300, batch: 4/4, mean_loss: 0.0009
valid >>> epoch: 148/300, mean_loss: 0.1748
train >>> epoch: 149/300, batch: 1/4, mean_loss: 0.0006
train >>> epoch: 149/300, batch: 2/4, mean_loss: 0.0006
train >>> epoch: 149/300, batch: 3/4, mean_loss: 0.0006
train >>> epoch: 149/300, batch: 4/4, mean_loss: 0.0007
valid >>> epoch: 149/300, mean_loss: 0.1786
train >>> epoch: 150/300, batch: 1/4, mean_loss: 0.0005
train >>> epoch: 150/300, batch: 2/4, mean_loss: 0.0005
train >>> epoch: 150/300, batch: 3/4, mean_loss: 0.0007
train >>> epoch: 150/300, batch: 4/4, mean_loss: 0.0009
valid >>> epoch: 150/300, mean_loss: 0.1760
train >>> epoch: 151/300, batch: 1/4, mean_loss: 0.0009
train >>> epoch: 151/300, batch: 2/4, mean_loss: 0.0007
train >>> epoch: 151/300, batch: 3/4, mean_loss: 0.0006
train >>> epoch: 151/300, batch: 4/4, mean_loss: 0.0008
valid >>> epoch: 151/300, mean_loss: 0.1742
train >>> epoch: 152/300, batch: 1/4, mean_loss: 0.0009
train >>> epoch: 152/300, batch: 2/4, mean_loss: 0.0007
train >>> epoch: 152/300, batch: 3/4, mean_loss: 0.0007
train >>> epoch: 152/300, batch: 4/4, mean_loss: 0.0007
valid >>> epoch: 152/300, mean_loss: 0.1837
train >>> epoch: 153/300, batch: 1/4, mean_loss: 0.0006
train >>> epoch: 153/300, batch: 2/4, mean_loss: 0.0007
train >>> epoch: 153/300, batch: 3/4, mean_loss: 0.0009
train >>> epoch: 153/300, batch: 4/4, mean_loss: 0.0009
valid >>> epoch: 153/300, mean_loss: 0.1834
train >>> epoch: 154/300, batch: 1/4, mean_loss: 0.0007
train >>> epoch: 154/300, batch: 2/4, mean_loss: 0.0006
train >>> epoch: 154/300, batch: 3/4, mean_loss: 0.0007
train >>> epoch: 154/300, batch: 4/4, mean_loss: 0.0008
valid >>> epoch: 154/300, mean_loss: 0.1762
train >>> epoch: 155/300, batch: 1/4, mean_loss: 0.0007
train >>> epoch: 155/300, batch: 2/4, mean_loss: 0.0006
train >>> epoch: 155/300, batch: 3/4, mean_loss: 0.0006
train >>> epoch: 155/300, batch: 4/4, mean_loss: 0.0007
valid >>> epoch: 155/300, mean_loss: 0.1801
train >>> epoch: 156/300, batch: 1/4, mean_loss: 0.0005
train >>> epoch: 156/300, batch: 2/4, mean_loss: 0.0006
train >>> epoch: 156/300, batch: 3/4, mean_loss: 0.0006
train >>> epoch: 156/300, batch: 4/4, mean_loss: 0.0009
valid >>> epoch: 156/300, mean_loss: 0.1791
train >>> epoch: 157/300, batch: 1/4, mean_loss: 0.0004
train >>> epoch: 157/300, batch: 2/4, mean_loss: 0.0007
train >>> epoch: 157/300, batch: 3/4, mean_loss: 0.0007
train >>> epoch: 157/300, batch: 4/4, mean_loss: 0.0012
valid >>> epoch: 157/300, mean_loss: 0.1740
train >>> epoch: 158/300, batch: 1/4, mean_loss: 0.0006
train >>> epoch: 158/300, batch: 2/4, mean_loss: 0.0005
train >>> epoch: 158/300, batch: 3/4, mean_loss: 0.0005
train >>> epoch: 158/300, batch: 4/4, mean_loss: 0.0008
valid >>> epoch: 158/300, mean_loss: 0.1852
train >>> epoch: 159/300, batch: 1/4, mean_loss: 0.0008
train >>> epoch: 159/300, batch: 2/4, mean_loss: 0.0008
train >>> epoch: 159/300, batch: 3/4, mean_loss: 0.0009
train >>> epoch: 159/300, batch: 4/4, mean_loss: 0.0011
valid >>> epoch: 159/300, mean_loss: 0.1806
train >>> epoch: 160/300, batch: 1/4, mean_loss: 0.0006
train >>> epoch: 160/300, batch: 2/4, mean_loss: 0.0008
train >>> epoch: 160/300, batch: 3/4, mean_loss: 0.0010
train >>> epoch: 160/300, batch: 4/4, mean_loss: 0.0009
valid >>> epoch: 160/300, mean_loss: 0.1824
train >>> epoch: 161/300, batch: 1/4, mean_loss: 0.0014
train >>> epoch: 161/300, batch: 2/4, mean_loss: 0.0010
train >>> epoch: 161/300, batch: 3/4, mean_loss: 0.0009
train >>> epoch: 161/300, batch: 4/4, mean_loss: 0.0011
valid >>> epoch: 161/300, mean_loss: 0.1848
train >>> epoch: 162/300, batch: 1/4, mean_loss: 0.0008
train >>> epoch: 162/300, batch: 2/4, mean_loss: 0.0008
train >>> epoch: 162/300, batch: 3/4, mean_loss: 0.0007
train >>> epoch: 162/300, batch: 4/4, mean_loss: 0.0007
valid >>> epoch: 162/300, mean_loss: 0.1845
train >>> epoch: 163/300, batch: 1/4, mean_loss: 0.0006
train >>> epoch: 163/300, batch: 2/4, mean_loss: 0.0008
train >>> epoch: 163/300, batch: 3/4, mean_loss: 0.0007
train >>> epoch: 163/300, batch: 4/4, mean_loss: 0.0008
valid >>> epoch: 163/300, mean_loss: 0.1780
train >>> epoch: 164/300, batch: 1/4, mean_loss: 0.0007
train >>> epoch: 164/300, batch: 2/4, mean_loss: 0.0006
train >>> epoch: 164/300, batch: 3/4, mean_loss: 0.0007
train >>> epoch: 164/300, batch: 4/4, mean_loss: 0.0010
valid >>> epoch: 164/300, mean_loss: 0.1737
train >>> epoch: 165/300, batch: 1/4, mean_loss: 0.0005
train >>> epoch: 165/300, batch: 2/4, mean_loss: 0.0007
train >>> epoch: 165/300, batch: 3/4, mean_loss: 0.0007
train >>> epoch: 165/300, batch: 4/4, mean_loss: 0.0007
valid >>> epoch: 165/300, mean_loss: 0.1782
train >>> epoch: 166/300, batch: 1/4, mean_loss: 0.0011
train >>> epoch: 166/300, batch: 2/4, mean_loss: 0.0010
train >>> epoch: 166/300, batch: 3/4, mean_loss: 0.0007
train >>> epoch: 166/300, batch: 4/4, mean_loss: 0.0008
valid >>> epoch: 166/300, mean_loss: 0.1803
train >>> epoch: 167/300, batch: 1/4, mean_loss: 0.0006
train >>> epoch: 167/300, batch: 2/4, mean_loss: 0.0005
train >>> epoch: 167/300, batch: 3/4, mean_loss: 0.0008
train >>> epoch: 167/300, batch: 4/4, mean_loss: 0.0008
valid >>> epoch: 167/300, mean_loss: 0.1805
train >>> epoch: 168/300, batch: 1/4, mean_loss: 0.0007
train >>> epoch: 168/300, batch: 2/4, mean_loss: 0.0005
train >>> epoch: 168/300, batch: 3/4, mean_loss: 0.0007
train >>> epoch: 168/300, batch: 4/4, mean_loss: 0.0006
valid >>> epoch: 168/300, mean_loss: 0.1799
train >>> epoch: 169/300, batch: 1/4, mean_loss: 0.0007
train >>> epoch: 169/300, batch: 2/4, mean_loss: 0.0006
train >>> epoch: 169/300, batch: 3/4, mean_loss: 0.0006
train >>> epoch: 169/300, batch: 4/4, mean_loss: 0.0006
valid >>> epoch: 169/300, mean_loss: 0.1845
train >>> epoch: 170/300, batch: 1/4, mean_loss: 0.0005
train >>> epoch: 170/300, batch: 2/4, mean_loss: 0.0004
train >>> epoch: 170/300, batch: 3/4, mean_loss: 0.0005
train >>> epoch: 170/300, batch: 4/4, mean_loss: 0.0009
valid >>> epoch: 170/300, mean_loss: 0.1858
train >>> epoch: 171/300, batch: 1/4, mean_loss: 0.0006
train >>> epoch: 171/300, batch: 2/4, mean_loss: 0.0006
train >>> epoch: 171/300, batch: 3/4, mean_loss: 0.0006
train >>> epoch: 171/300, batch: 4/4, mean_loss: 0.0010
valid >>> epoch: 171/300, mean_loss: 0.1800
train >>> epoch: 172/300, batch: 1/4, mean_loss: 0.0004
train >>> epoch: 172/300, batch: 2/4, mean_loss: 0.0005
train >>> epoch: 172/300, batch: 3/4, mean_loss: 0.0005
train >>> epoch: 172/300, batch: 4/4, mean_loss: 0.0008
valid >>> epoch: 172/300, mean_loss: 0.1867
train >>> epoch: 173/300, batch: 1/4, mean_loss: 0.0005
train >>> epoch: 173/300, batch: 2/4, mean_loss: 0.0007
train >>> epoch: 173/300, batch: 3/4, mean_loss: 0.0007
train >>> epoch: 173/300, batch: 4/4, mean_loss: 0.0011
valid >>> epoch: 173/300, mean_loss: 0.1766
train >>> epoch: 174/300, batch: 1/4, mean_loss: 0.0007
train >>> epoch: 174/300, batch: 2/4, mean_loss: 0.0007
train >>> epoch: 174/300, batch: 3/4, mean_loss: 0.0009
train >>> epoch: 174/300, batch: 4/4, mean_loss: 0.0012
valid >>> epoch: 174/300, mean_loss: 0.1829
train >>> epoch: 175/300, batch: 1/4, mean_loss: 0.0007
train >>> epoch: 175/300, batch: 2/4, mean_loss: 0.0007
train >>> epoch: 175/300, batch: 3/4, mean_loss: 0.0011
train >>> epoch: 175/300, batch: 4/4, mean_loss: 0.0014
valid >>> epoch: 175/300, mean_loss: 0.1828
train >>> epoch: 176/300, batch: 1/4, mean_loss: 0.0015
train >>> epoch: 176/300, batch: 2/4, mean_loss: 0.0010
train >>> epoch: 176/300, batch: 3/4, mean_loss: 0.0009
train >>> epoch: 176/300, batch: 4/4, mean_loss: 0.0019
valid >>> epoch: 176/300, mean_loss: 0.1800
train >>> epoch: 177/300, batch: 1/4, mean_loss: 0.0010
train >>> epoch: 177/300, batch: 2/4, mean_loss: 0.0009
train >>> epoch: 177/300, batch: 3/4, mean_loss: 0.0010
train >>> epoch: 177/300, batch: 4/4, mean_loss: 0.0012
valid >>> epoch: 177/300, mean_loss: 0.1854
train >>> epoch: 178/300, batch: 1/4, mean_loss: 0.0011
train >>> epoch: 178/300, batch: 2/4, mean_loss: 0.0010
train >>> epoch: 178/300, batch: 3/4, mean_loss: 0.0012
train >>> epoch: 178/300, batch: 4/4, mean_loss: 0.0011
valid >>> epoch: 178/300, mean_loss: 0.1878
train >>> epoch: 179/300, batch: 1/4, mean_loss: 0.0012
train >>> epoch: 179/300, batch: 2/4, mean_loss: 0.0011
train >>> epoch: 179/300, batch: 3/4, mean_loss: 0.0012
train >>> epoch: 179/300, batch: 4/4, mean_loss: 0.0014
valid >>> epoch: 179/300, mean_loss: 0.1754
train >>> epoch: 180/300, batch: 1/4, mean_loss: 0.0015
train >>> epoch: 180/300, batch: 2/4, mean_loss: 0.0014
train >>> epoch: 180/300, batch: 3/4, mean_loss: 0.0012
train >>> epoch: 180/300, batch: 4/4, mean_loss: 0.0015
valid >>> epoch: 180/300, mean_loss: 0.1795
train >>> epoch: 181/300, batch: 1/4, mean_loss: 0.0005
train >>> epoch: 181/300, batch: 2/4, mean_loss: 0.0009
train >>> epoch: 181/300, batch: 3/4, mean_loss: 0.0010
train >>> epoch: 181/300, batch: 4/4, mean_loss: 0.0014
valid >>> epoch: 181/300, mean_loss: 0.1847
train >>> epoch: 182/300, batch: 1/4, mean_loss: 0.0006
train >>> epoch: 182/300, batch: 2/4, mean_loss: 0.0007
train >>> epoch: 182/300, batch: 3/4, mean_loss: 0.0008
train >>> epoch: 182/300, batch: 4/4, mean_loss: 0.0018
valid >>> epoch: 182/300, mean_loss: 0.1779
train >>> epoch: 183/300, batch: 1/4, mean_loss: 0.0009
train >>> epoch: 183/300, batch: 2/4, mean_loss: 0.0012
train >>> epoch: 183/300, batch: 3/4, mean_loss: 0.0014
train >>> epoch: 183/300, batch: 4/4, mean_loss: 0.0015
valid >>> epoch: 183/300, mean_loss: 0.1797
train >>> epoch: 184/300, batch: 1/4, mean_loss: 0.0013
train >>> epoch: 184/300, batch: 2/4, mean_loss: 0.0010
train >>> epoch: 184/300, batch: 3/4, mean_loss: 0.0016
train >>> epoch: 184/300, batch: 4/4, mean_loss: 0.0017
valid >>> epoch: 184/300, mean_loss: 0.1817
train >>> epoch: 185/300, batch: 1/4, mean_loss: 0.0012
train >>> epoch: 185/300, batch: 2/4, mean_loss: 0.0014
train >>> epoch: 185/300, batch: 3/4, mean_loss: 0.0011
train >>> epoch: 185/300, batch: 4/4, mean_loss: 0.0010
valid >>> epoch: 185/300, mean_loss: 0.1711
train >>> epoch: 186/300, batch: 1/4, mean_loss: 0.0008
train >>> epoch: 186/300, batch: 2/4, mean_loss: 0.0011
train >>> epoch: 186/300, batch: 3/4, mean_loss: 0.0013
train >>> epoch: 186/300, batch: 4/4, mean_loss: 0.0013
valid >>> epoch: 186/300, mean_loss: 0.1797
train >>> epoch: 187/300, batch: 1/4, mean_loss: 0.0011
train >>> epoch: 187/300, batch: 2/4, mean_loss: 0.0012
train >>> epoch: 187/300, batch: 3/4, mean_loss: 0.0013
train >>> epoch: 187/300, batch: 4/4, mean_loss: 0.0012
valid >>> epoch: 187/300, mean_loss: 0.1823
train >>> epoch: 188/300, batch: 1/4, mean_loss: 0.0008
train >>> epoch: 188/300, batch: 2/4, mean_loss: 0.0008
train >>> epoch: 188/300, batch: 3/4, mean_loss: 0.0008
train >>> epoch: 188/300, batch: 4/4, mean_loss: 0.0008
valid >>> epoch: 188/300, mean_loss: 0.1800
train >>> epoch: 189/300, batch: 1/4, mean_loss: 0.0005
train >>> epoch: 189/300, batch: 2/4, mean_loss: 0.0006
train >>> epoch: 189/300, batch: 3/4, mean_loss: 0.0007
train >>> epoch: 189/300, batch: 4/4, mean_loss: 0.0007
valid >>> epoch: 189/300, mean_loss: 0.1786
train >>> epoch: 190/300, batch: 1/4, mean_loss: 0.0010
train >>> epoch: 190/300, batch: 2/4, mean_loss: 0.0008
train >>> epoch: 190/300, batch: 3/4, mean_loss: 0.0007
train >>> epoch: 190/300, batch: 4/4, mean_loss: 0.0011
valid >>> epoch: 190/300, mean_loss: 0.1792
train >>> epoch: 191/300, batch: 1/4, mean_loss: 0.0008
train >>> epoch: 191/300, batch: 2/4, mean_loss: 0.0007
train >>> epoch: 191/300, batch: 3/4, mean_loss: 0.0007
train >>> epoch: 191/300, batch: 4/4, mean_loss: 0.0008
valid >>> epoch: 191/300, mean_loss: 0.1774
train >>> epoch: 192/300, batch: 1/4, mean_loss: 0.0008
train >>> epoch: 192/300, batch: 2/4, mean_loss: 0.0008
train >>> epoch: 192/300, batch: 3/4, mean_loss: 0.0008
train >>> epoch: 192/300, batch: 4/4, mean_loss: 0.0008
valid >>> epoch: 192/300, mean_loss: 0.1785
train >>> epoch: 193/300, batch: 1/4, mean_loss: 0.0006
train >>> epoch: 193/300, batch: 2/4, mean_loss: 0.0006
train >>> epoch: 193/300, batch: 3/4, mean_loss: 0.0006
train >>> epoch: 193/300, batch: 4/4, mean_loss: 0.0006
valid >>> epoch: 193/300, mean_loss: 0.1749
train >>> epoch: 194/300, batch: 1/4, mean_loss: 0.0009
train >>> epoch: 194/300, batch: 2/4, mean_loss: 0.0008
train >>> epoch: 194/300, batch: 3/4, mean_loss: 0.0008
train >>> epoch: 194/300, batch: 4/4, mean_loss: 0.0009
valid >>> epoch: 194/300, mean_loss: 0.1794
train >>> epoch: 195/300, batch: 1/4, mean_loss: 0.0005
train >>> epoch: 195/300, batch: 2/4, mean_loss: 0.0005
train >>> epoch: 195/300, batch: 3/4, mean_loss: 0.0005
train >>> epoch: 195/300, batch: 4/4, mean_loss: 0.0006
valid >>> epoch: 195/300, mean_loss: 0.1815
train >>> epoch: 196/300, batch: 1/4, mean_loss: 0.0004
train >>> epoch: 196/300, batch: 2/4, mean_loss: 0.0005
train >>> epoch: 196/300, batch: 3/4, mean_loss: 0.0005
train >>> epoch: 196/300, batch: 4/4, mean_loss: 0.0008
valid >>> epoch: 196/300, mean_loss: 0.1806
train >>> epoch: 197/300, batch: 1/4, mean_loss: 0.0004
train >>> epoch: 197/300, batch: 2/4, mean_loss: 0.0005
train >>> epoch: 197/300, batch: 3/4, mean_loss: 0.0005
train >>> epoch: 197/300, batch: 4/4, mean_loss: 0.0007
valid >>> epoch: 197/300, mean_loss: 0.1791
train >>> epoch: 198/300, batch: 1/4, mean_loss: 0.0002
train >>> epoch: 198/300, batch: 2/4, mean_loss: 0.0003
train >>> epoch: 198/300, batch: 3/4, mean_loss: 0.0004
train >>> epoch: 198/300, batch: 4/4, mean_loss: 0.0006
valid >>> epoch: 198/300, mean_loss: 0.1812
train >>> epoch: 199/300, batch: 1/4, mean_loss: 0.0003
train >>> epoch: 199/300, batch: 2/4, mean_loss: 0.0006
train >>> epoch: 199/300, batch: 3/4, mean_loss: 0.0007
train >>> epoch: 199/300, batch: 4/4, mean_loss: 0.0007
valid >>> epoch: 199/300, mean_loss: 0.1731
train >>> epoch: 200/300, batch: 1/4, mean_loss: 0.0005
train >>> epoch: 200/300, batch: 2/4, mean_loss: 0.0005
train >>> epoch: 200/300, batch: 3/4, mean_loss: 0.0005
train >>> epoch: 200/300, batch: 4/4, mean_loss: 0.0005
valid >>> epoch: 200/300, mean_loss: 0.1768
train >>> epoch: 201/300, batch: 1/4, mean_loss: 0.0006
train >>> epoch: 201/300, batch: 2/4, mean_loss: 0.0005
train >>> epoch: 201/300, batch: 3/4, mean_loss: 0.0005
train >>> epoch: 201/300, batch: 4/4, mean_loss: 0.0005
valid >>> epoch: 201/300, mean_loss: 0.1833
train >>> epoch: 202/300, batch: 1/4, mean_loss: 0.0005
train >>> epoch: 202/300, batch: 2/4, mean_loss: 0.0006
train >>> epoch: 202/300, batch: 3/4, mean_loss: 0.0006
train >>> epoch: 202/300, batch: 4/4, mean_loss: 0.0006
valid >>> epoch: 202/300, mean_loss: 0.1856
train >>> epoch: 203/300, batch: 1/4, mean_loss: 0.0005
train >>> epoch: 203/300, batch: 2/4, mean_loss: 0.0007
train >>> epoch: 203/300, batch: 3/4, mean_loss: 0.0007
train >>> epoch: 203/300, batch: 4/4, mean_loss: 0.0008
valid >>> epoch: 203/300, mean_loss: 0.1799
train >>> epoch: 204/300, batch: 1/4, mean_loss: 0.0006
train >>> epoch: 204/300, batch: 2/4, mean_loss: 0.0005
train >>> epoch: 204/300, batch: 3/4, mean_loss: 0.0006
train >>> epoch: 204/300, batch: 4/4, mean_loss: 0.0008
valid >>> epoch: 204/300, mean_loss: 0.1799
train >>> epoch: 205/300, batch: 1/4, mean_loss: 0.0003
train >>> epoch: 205/300, batch: 2/4, mean_loss: 0.0004
train >>> epoch: 205/300, batch: 3/4, mean_loss: 0.0004
train >>> epoch: 205/300, batch: 4/4, mean_loss: 0.0006
valid >>> epoch: 205/300, mean_loss: 0.1863
train >>> epoch: 206/300, batch: 1/4, mean_loss: 0.0011
train >>> epoch: 206/300, batch: 2/4, mean_loss: 0.0007
train >>> epoch: 206/300, batch: 3/4, mean_loss: 0.0006
train >>> epoch: 206/300, batch: 4/4, mean_loss: 0.0007
valid >>> epoch: 206/300, mean_loss: 0.1777
train >>> epoch: 207/300, batch: 1/4, mean_loss: 0.0003
train >>> epoch: 207/300, batch: 2/4, mean_loss: 0.0006
train >>> epoch: 207/300, batch: 3/4, mean_loss: 0.0006
train >>> epoch: 207/300, batch: 4/4, mean_loss: 0.0006
valid >>> epoch: 207/300, mean_loss: 0.1798
train >>> epoch: 208/300, batch: 1/4, mean_loss: 0.0005
train >>> epoch: 208/300, batch: 2/4, mean_loss: 0.0006
train >>> epoch: 208/300, batch: 3/4, mean_loss: 0.0007
train >>> epoch: 208/300, batch: 4/4, mean_loss: 0.0009
valid >>> epoch: 208/300, mean_loss: 0.1864
train >>> epoch: 209/300, batch: 1/4, mean_loss: 0.0004
train >>> epoch: 209/300, batch: 2/4, mean_loss: 0.0006
train >>> epoch: 209/300, batch: 3/4, mean_loss: 0.0006
train >>> epoch: 209/300, batch: 4/4, mean_loss: 0.0007
valid >>> epoch: 209/300, mean_loss: 0.1815
train >>> epoch: 210/300, batch: 1/4, mean_loss: 0.0006
train >>> epoch: 210/300, batch: 2/4, mean_loss: 0.0007
train >>> epoch: 210/300, batch: 3/4, mean_loss: 0.0007
train >>> epoch: 210/300, batch: 4/4, mean_loss: 0.0009
valid >>> epoch: 210/300, mean_loss: 0.1794
train >>> epoch: 211/300, batch: 1/4, mean_loss: 0.0004
train >>> epoch: 211/300, batch: 2/4, mean_loss: 0.0005
train >>> epoch: 211/300, batch: 3/4, mean_loss: 0.0007
train >>> epoch: 211/300, batch: 4/4, mean_loss: 0.0011
valid >>> epoch: 211/300, mean_loss: 0.1861
train >>> epoch: 212/300, batch: 1/4, mean_loss: 0.0008
train >>> epoch: 212/300, batch: 2/4, mean_loss: 0.0006
train >>> epoch: 212/300, batch: 3/4, mean_loss: 0.0006
train >>> epoch: 212/300, batch: 4/4, mean_loss: 0.0007
valid >>> epoch: 212/300, mean_loss: 0.1696
train >>> epoch: 213/300, batch: 1/4, mean_loss: 0.0008
train >>> epoch: 213/300, batch: 2/4, mean_loss: 0.0011
train >>> epoch: 213/300, batch: 3/4, mean_loss: 0.0013
train >>> epoch: 213/300, batch: 4/4, mean_loss: 0.0012
valid >>> epoch: 213/300, mean_loss: 0.1810
train >>> epoch: 214/300, batch: 1/4, mean_loss: 0.0007
train >>> epoch: 214/300, batch: 2/4, mean_loss: 0.0010
train >>> epoch: 214/300, batch: 3/4, mean_loss: 0.0011
train >>> epoch: 214/300, batch: 4/4, mean_loss: 0.0019
valid >>> epoch: 214/300, mean_loss: 0.1814
train >>> epoch: 215/300, batch: 1/4, mean_loss: 0.0005
train >>> epoch: 215/300, batch: 2/4, mean_loss: 0.0008
train >>> epoch: 215/300, batch: 3/4, mean_loss: 0.0009
train >>> epoch: 215/300, batch: 4/4, mean_loss: 0.0013
valid >>> epoch: 215/300, mean_loss: 0.1716
train >>> epoch: 216/300, batch: 1/4, mean_loss: 0.0017
train >>> epoch: 216/300, batch: 2/4, mean_loss: 0.0014
train >>> epoch: 216/300, batch: 3/4, mean_loss: 0.0011
train >>> epoch: 216/300, batch: 4/4, mean_loss: 0.0010
valid >>> epoch: 216/300, mean_loss: 0.1870
train >>> epoch: 217/300, batch: 1/4, mean_loss: 0.0007
train >>> epoch: 217/300, batch: 2/4, mean_loss: 0.0012
train >>> epoch: 217/300, batch: 3/4, mean_loss: 0.0013
train >>> epoch: 217/300, batch: 4/4, mean_loss: 0.0012
valid >>> epoch: 217/300, mean_loss: 0.1792
train >>> epoch: 218/300, batch: 1/4, mean_loss: 0.0007
train >>> epoch: 218/300, batch: 2/4, mean_loss: 0.0008
train >>> epoch: 218/300, batch: 3/4, mean_loss: 0.0009
train >>> epoch: 218/300, batch: 4/4, mean_loss: 0.0013
valid >>> epoch: 218/300, mean_loss: 0.1744
train >>> epoch: 219/300, batch: 1/4, mean_loss: 0.0007
train >>> epoch: 219/300, batch: 2/4, mean_loss: 0.0006
train >>> epoch: 219/300, batch: 3/4, mean_loss: 0.0007
train >>> epoch: 219/300, batch: 4/4, mean_loss: 0.0006
valid >>> epoch: 219/300, mean_loss: 0.1841
train >>> epoch: 220/300, batch: 1/4, mean_loss: 0.0009
train >>> epoch: 220/300, batch: 2/4, mean_loss: 0.0008
train >>> epoch: 220/300, batch: 3/4, mean_loss: 0.0010
train >>> epoch: 220/300, batch: 4/4, mean_loss: 0.0009
valid >>> epoch: 220/300, mean_loss: 0.1799
train >>> epoch: 221/300, batch: 1/4, mean_loss: 0.0007
train >>> epoch: 221/300, batch: 2/4, mean_loss: 0.0009
train >>> epoch: 221/300, batch: 3/4, mean_loss: 0.0008
train >>> epoch: 221/300, batch: 4/4, mean_loss: 0.0008
valid >>> epoch: 221/300, mean_loss: 0.1775
train >>> epoch: 222/300, batch: 1/4, mean_loss: 0.0005
train >>> epoch: 222/300, batch: 2/4, mean_loss: 0.0006
train >>> epoch: 222/300, batch: 3/4, mean_loss: 0.0006
train >>> epoch: 222/300, batch: 4/4, mean_loss: 0.0006
valid >>> epoch: 222/300, mean_loss: 0.1807
train >>> epoch: 223/300, batch: 1/4, mean_loss: 0.0005
train >>> epoch: 223/300, batch: 2/4, mean_loss: 0.0006
train >>> epoch: 223/300, batch: 3/4, mean_loss: 0.0007
train >>> epoch: 223/300, batch: 4/4, mean_loss: 0.0007
valid >>> epoch: 223/300, mean_loss: 0.1828
train >>> epoch: 224/300, batch: 1/4, mean_loss: 0.0006
train >>> epoch: 224/300, batch: 2/4, mean_loss: 0.0007
train >>> epoch: 224/300, batch: 3/4, mean_loss: 0.0007
train >>> epoch: 224/300, batch: 4/4, mean_loss: 0.0008
valid >>> epoch: 224/300, mean_loss: 0.1760
train >>> epoch: 225/300, batch: 1/4, mean_loss: 0.0005
train >>> epoch: 225/300, batch: 2/4, mean_loss: 0.0006
train >>> epoch: 225/300, batch: 3/4, mean_loss: 0.0006
train >>> epoch: 225/300, batch: 4/4, mean_loss: 0.0007
valid >>> epoch: 225/300, mean_loss: 0.1806
train >>> epoch: 226/300, batch: 1/4, mean_loss: 0.0008
train >>> epoch: 226/300, batch: 2/4, mean_loss: 0.0006
train >>> epoch: 226/300, batch: 3/4, mean_loss: 0.0006
train >>> epoch: 226/300, batch: 4/4, mean_loss: 0.0012
valid >>> epoch: 226/300, mean_loss: 0.1812
train >>> epoch: 227/300, batch: 1/4, mean_loss: 0.0006
train >>> epoch: 227/300, batch: 2/4, mean_loss: 0.0007
train >>> epoch: 227/300, batch: 3/4, mean_loss: 0.0008
train >>> epoch: 227/300, batch: 4/4, mean_loss: 0.0007
valid >>> epoch: 227/300, mean_loss: 0.1715
train >>> epoch: 228/300, batch: 1/4, mean_loss: 0.0011
train >>> epoch: 228/300, batch: 2/4, mean_loss: 0.0009
train >>> epoch: 228/300, batch: 3/4, mean_loss: 0.0009
train >>> epoch: 228/300, batch: 4/4, mean_loss: 0.0009
valid >>> epoch: 228/300, mean_loss: 0.1837
train >>> epoch: 229/300, batch: 1/4, mean_loss: 0.0008
train >>> epoch: 229/300, batch: 2/4, mean_loss: 0.0009
train >>> epoch: 229/300, batch: 3/4, mean_loss: 0.0011
train >>> epoch: 229/300, batch: 4/4, mean_loss: 0.0013
valid >>> epoch: 229/300, mean_loss: 0.1803
train >>> epoch: 230/300, batch: 1/4, mean_loss: 0.0011
train >>> epoch: 230/300, batch: 2/4, mean_loss: 0.0008
train >>> epoch: 230/300, batch: 3/4, mean_loss: 0.0009
train >>> epoch: 230/300, batch: 4/4, mean_loss: 0.0009
valid >>> epoch: 230/300, mean_loss: 0.1721
train >>> epoch: 231/300, batch: 1/4, mean_loss: 0.0009
train >>> epoch: 231/300, batch: 2/4, mean_loss: 0.0007
train >>> epoch: 231/300, batch: 3/4, mean_loss: 0.0007
train >>> epoch: 231/300, batch: 4/4, mean_loss: 0.0012
valid >>> epoch: 231/300, mean_loss: 0.1866
train >>> epoch: 232/300, batch: 1/4, mean_loss: 0.0010
train >>> epoch: 232/300, batch: 2/4, mean_loss: 0.0009
train >>> epoch: 232/300, batch: 3/4, mean_loss: 0.0011
train >>> epoch: 232/300, batch: 4/4, mean_loss: 0.0014
valid >>> epoch: 232/300, mean_loss: 0.1856
train >>> epoch: 233/300, batch: 1/4, mean_loss: 0.0013
train >>> epoch: 233/300, batch: 2/4, mean_loss: 0.0009
train >>> epoch: 233/300, batch: 3/4, mean_loss: 0.0008
train >>> epoch: 233/300, batch: 4/4, mean_loss: 0.0010
valid >>> epoch: 233/300, mean_loss: 0.1763
train >>> epoch: 234/300, batch: 1/4, mean_loss: 0.0011
train >>> epoch: 234/300, batch: 2/4, mean_loss: 0.0010
train >>> epoch: 234/300, batch: 3/4, mean_loss: 0.0010
train >>> epoch: 234/300, batch: 4/4, mean_loss: 0.0009
valid >>> epoch: 234/300, mean_loss: 0.1813
train >>> epoch: 235/300, batch: 1/4, mean_loss: 0.0006
train >>> epoch: 235/300, batch: 2/4, mean_loss: 0.0009
train >>> epoch: 235/300, batch: 3/4, mean_loss: 0.0010
train >>> epoch: 235/300, batch: 4/4, mean_loss: 0.0010
valid >>> epoch: 235/300, mean_loss: 0.1796
train >>> epoch: 236/300, batch: 1/4, mean_loss: 0.0007
train >>> epoch: 236/300, batch: 2/4, mean_loss: 0.0008
train >>> epoch: 236/300, batch: 3/4, mean_loss: 0.0008
train >>> epoch: 236/300, batch: 4/4, mean_loss: 0.0008
valid >>> epoch: 236/300, mean_loss: 0.1754
train >>> epoch: 237/300, batch: 1/4, mean_loss: 0.0009
train >>> epoch: 237/300, batch: 2/4, mean_loss: 0.0008
train >>> epoch: 237/300, batch: 3/4, mean_loss: 0.0008
train >>> epoch: 237/300, batch: 4/4, mean_loss: 0.0011
valid >>> epoch: 237/300, mean_loss: 0.1785
train >>> epoch: 238/300, batch: 1/4, mean_loss: 0.0006
train >>> epoch: 238/300, batch: 2/4, mean_loss: 0.0007
train >>> epoch: 238/300, batch: 3/4, mean_loss: 0.0008
train >>> epoch: 238/300, batch: 4/4, mean_loss: 0.0009
valid >>> epoch: 238/300, mean_loss: 0.1764
train >>> epoch: 239/300, batch: 1/4, mean_loss: 0.0010
train >>> epoch: 239/300, batch: 2/4, mean_loss: 0.0008
train >>> epoch: 239/300, batch: 3/4, mean_loss: 0.0007
train >>> epoch: 239/300, batch: 4/4, mean_loss: 0.0007
valid >>> epoch: 239/300, mean_loss: 0.1857
train >>> epoch: 240/300, batch: 1/4, mean_loss: 0.0007
train >>> epoch: 240/300, batch: 2/4, mean_loss: 0.0008
train >>> epoch: 240/300, batch: 3/4, mean_loss: 0.0007
train >>> epoch: 240/300, batch: 4/4, mean_loss: 0.0008
valid >>> epoch: 240/300, mean_loss: 0.1811
train >>> epoch: 241/300, batch: 1/4, mean_loss: 0.0004
train >>> epoch: 241/300, batch: 2/4, mean_loss: 0.0006
train >>> epoch: 241/300, batch: 3/4, mean_loss: 0.0006
train >>> epoch: 241/300, batch: 4/4, mean_loss: 0.0008
valid >>> epoch: 241/300, mean_loss: 0.1794
train >>> epoch: 242/300, batch: 1/4, mean_loss: 0.0005
train >>> epoch: 242/300, batch: 2/4, mean_loss: 0.0006
train >>> epoch: 242/300, batch: 3/4, mean_loss: 0.0006
train >>> epoch: 242/300, batch: 4/4, mean_loss: 0.0006
valid >>> epoch: 242/300, mean_loss: 0.1833
train >>> epoch: 243/300, batch: 1/4, mean_loss: 0.0007
train >>> epoch: 243/300, batch: 2/4, mean_loss: 0.0006
train >>> epoch: 243/300, batch: 3/4, mean_loss: 0.0007
train >>> epoch: 243/300, batch: 4/4, mean_loss: 0.0007
valid >>> epoch: 243/300, mean_loss: 0.1777
train >>> epoch: 244/300, batch: 1/4, mean_loss: 0.0006
train >>> epoch: 244/300, batch: 2/4, mean_loss: 0.0008
train >>> epoch: 244/300, batch: 3/4, mean_loss: 0.0007
train >>> epoch: 244/300, batch: 4/4, mean_loss: 0.0007
valid >>> epoch: 244/300, mean_loss: 0.1788
train >>> epoch: 245/300, batch: 1/4, mean_loss: 0.0005
train >>> epoch: 245/300, batch: 2/4, mean_loss: 0.0005
train >>> epoch: 245/300, batch: 3/4, mean_loss: 0.0005
train >>> epoch: 245/300, batch: 4/4, mean_loss: 0.0007
valid >>> epoch: 245/300, mean_loss: 0.1818
train >>> epoch: 246/300, batch: 1/4, mean_loss: 0.0004
train >>> epoch: 246/300, batch: 2/4, mean_loss: 0.0005
train >>> epoch: 246/300, batch: 3/4, mean_loss: 0.0005
train >>> epoch: 246/300, batch: 4/4, mean_loss: 0.0006
valid >>> epoch: 246/300, mean_loss: 0.1801
train >>> epoch: 247/300, batch: 1/4, mean_loss: 0.0006
train >>> epoch: 247/300, batch: 2/4, mean_loss: 0.0005
train >>> epoch: 247/300, batch: 3/4, mean_loss: 0.0005
train >>> epoch: 247/300, batch: 4/4, mean_loss: 0.0007
valid >>> epoch: 247/300, mean_loss: 0.1792
train >>> epoch: 248/300, batch: 1/4, mean_loss: 0.0006
train >>> epoch: 248/300, batch: 2/4, mean_loss: 0.0005
train >>> epoch: 248/300, batch: 3/4, mean_loss: 0.0004
train >>> epoch: 248/300, batch: 4/4, mean_loss: 0.0005
valid >>> epoch: 248/300, mean_loss: 0.1853
train >>> epoch: 249/300, batch: 1/4, mean_loss: 0.0004
train >>> epoch: 249/300, batch: 2/4, mean_loss: 0.0008
train >>> epoch: 249/300, batch: 3/4, mean_loss: 0.0010
train >>> epoch: 249/300, batch: 4/4, mean_loss: 0.0011
valid >>> epoch: 249/300, mean_loss: 0.1797
train >>> epoch: 250/300, batch: 1/4, mean_loss: 0.0006
train >>> epoch: 250/300, batch: 2/4, mean_loss: 0.0006
train >>> epoch: 250/300, batch: 3/4, mean_loss: 0.0007
train >>> epoch: 250/300, batch: 4/4, mean_loss: 0.0008
valid >>> epoch: 250/300, mean_loss: 0.1775
train >>> epoch: 251/300, batch: 1/4, mean_loss: 0.0006
train >>> epoch: 251/300, batch: 2/4, mean_loss: 0.0005
train >>> epoch: 251/300, batch: 3/4, mean_loss: 0.0005
train >>> epoch: 251/300, batch: 4/4, mean_loss: 0.0008
valid >>> epoch: 251/300, mean_loss: 0.1781
train >>> epoch: 252/300, batch: 1/4, mean_loss: 0.0004
train >>> epoch: 252/300, batch: 2/4, mean_loss: 0.0005
train >>> epoch: 252/300, batch: 3/4, mean_loss: 0.0006
train >>> epoch: 252/300, batch: 4/4, mean_loss: 0.0008
valid >>> epoch: 252/300, mean_loss: 0.1798
train >>> epoch: 253/300, batch: 1/4, mean_loss: 0.0005
train >>> epoch: 253/300, batch: 2/4, mean_loss: 0.0005
train >>> epoch: 253/300, batch: 3/4, mean_loss: 0.0007
train >>> epoch: 253/300, batch: 4/4, mean_loss: 0.0009
valid >>> epoch: 253/300, mean_loss: 0.1697
train >>> epoch: 254/300, batch: 1/4, mean_loss: 0.0005
train >>> epoch: 254/300, batch: 2/4, mean_loss: 0.0006
train >>> epoch: 254/300, batch: 3/4, mean_loss: 0.0006
train >>> epoch: 254/300, batch: 4/4, mean_loss: 0.0007
valid >>> epoch: 254/300, mean_loss: 0.1825
train >>> epoch: 255/300, batch: 1/4, mean_loss: 0.0004
train >>> epoch: 255/300, batch: 2/4, mean_loss: 0.0006
train >>> epoch: 255/300, batch: 3/4, mean_loss: 0.0007
train >>> epoch: 255/300, batch: 4/4, mean_loss: 0.0008
valid >>> epoch: 255/300, mean_loss: 0.1769
train >>> epoch: 256/300, batch: 1/4, mean_loss: 0.0006
train >>> epoch: 256/300, batch: 2/4, mean_loss: 0.0006
train >>> epoch: 256/300, batch: 3/4, mean_loss: 0.0006
train >>> epoch: 256/300, batch: 4/4, mean_loss: 0.0006
valid >>> epoch: 256/300, mean_loss: 0.1732
train >>> epoch: 257/300, batch: 1/4, mean_loss: 0.0004
train >>> epoch: 257/300, batch: 2/4, mean_loss: 0.0004
train >>> epoch: 257/300, batch: 3/4, mean_loss: 0.0005
train >>> epoch: 257/300, batch: 4/4, mean_loss: 0.0006
valid >>> epoch: 257/300, mean_loss: 0.1789
train >>> epoch: 258/300, batch: 1/4, mean_loss: 0.0006
train >>> epoch: 258/300, batch: 2/4, mean_loss: 0.0006
train >>> epoch: 258/300, batch: 3/4, mean_loss: 0.0006
train >>> epoch: 258/300, batch: 4/4, mean_loss: 0.0005
valid >>> epoch: 258/300, mean_loss: 0.1759
train >>> epoch: 259/300, batch: 1/4, mean_loss: 0.0003
train >>> epoch: 259/300, batch: 2/4, mean_loss: 0.0003
train >>> epoch: 259/300, batch: 3/4, mean_loss: 0.0005
train >>> epoch: 259/300, batch: 4/4, mean_loss: 0.0007
valid >>> epoch: 259/300, mean_loss: 0.1769
train >>> epoch: 260/300, batch: 1/4, mean_loss: 0.0004
train >>> epoch: 260/300, batch: 2/4, mean_loss: 0.0004
train >>> epoch: 260/300, batch: 3/4, mean_loss: 0.0006
train >>> epoch: 260/300, batch: 4/4, mean_loss: 0.0009
valid >>> epoch: 260/300, mean_loss: 0.1771
train >>> epoch: 261/300, batch: 1/4, mean_loss: 0.0009
train >>> epoch: 261/300, batch: 2/4, mean_loss: 0.0006
train >>> epoch: 261/300, batch: 3/4, mean_loss: 0.0006
train >>> epoch: 261/300, batch: 4/4, mean_loss: 0.0008
valid >>> epoch: 261/300, mean_loss: 0.1710
train >>> epoch: 262/300, batch: 1/4, mean_loss: 0.0013
train >>> epoch: 262/300, batch: 2/4, mean_loss: 0.0010
train >>> epoch: 262/300, batch: 3/4, mean_loss: 0.0009
train >>> epoch: 262/300, batch: 4/4, mean_loss: 0.0008
valid >>> epoch: 262/300, mean_loss: 0.1820
train >>> epoch: 263/300, batch: 1/4, mean_loss: 0.0008
train >>> epoch: 263/300, batch: 2/4, mean_loss: 0.0006
train >>> epoch: 263/300, batch: 3/4, mean_loss: 0.0006
train >>> epoch: 263/300, batch: 4/4, mean_loss: 0.0008
valid >>> epoch: 263/300, mean_loss: 0.1757
train >>> epoch: 264/300, batch: 1/4, mean_loss: 0.0005
train >>> epoch: 264/300, batch: 2/4, mean_loss: 0.0004
train >>> epoch: 264/300, batch: 3/4, mean_loss: 0.0005
train >>> epoch: 264/300, batch: 4/4, mean_loss: 0.0007
valid >>> epoch: 264/300, mean_loss: 0.1734
train >>> epoch: 265/300, batch: 1/4, mean_loss: 0.0007
train >>> epoch: 265/300, batch: 2/4, mean_loss: 0.0006
train >>> epoch: 265/300, batch: 3/4, mean_loss: 0.0006
train >>> epoch: 265/300, batch: 4/4, mean_loss: 0.0006
valid >>> epoch: 265/300, mean_loss: 0.1802
train >>> epoch: 266/300, batch: 1/4, mean_loss: 0.0007
train >>> epoch: 266/300, batch: 2/4, mean_loss: 0.0006
train >>> epoch: 266/300, batch: 3/4, mean_loss: 0.0006
train >>> epoch: 266/300, batch: 4/4, mean_loss: 0.0006
valid >>> epoch: 266/300, mean_loss: 0.1743
train >>> epoch: 267/300, batch: 1/4, mean_loss: 0.0007
train >>> epoch: 267/300, batch: 2/4, mean_loss: 0.0008
train >>> epoch: 267/300, batch: 3/4, mean_loss: 0.0008
train >>> epoch: 267/300, batch: 4/4, mean_loss: 0.0008
valid >>> epoch: 267/300, mean_loss: 0.1748
train >>> epoch: 268/300, batch: 1/4, mean_loss: 0.0005
train >>> epoch: 268/300, batch: 2/4, mean_loss: 0.0006
train >>> epoch: 268/300, batch: 3/4, mean_loss: 0.0006
train >>> epoch: 268/300, batch: 4/4, mean_loss: 0.0010
valid >>> epoch: 268/300, mean_loss: 0.1790
train >>> epoch: 269/300, batch: 1/4, mean_loss: 0.0004
train >>> epoch: 269/300, batch: 2/4, mean_loss: 0.0004
train >>> epoch: 269/300, batch: 3/4, mean_loss: 0.0004
train >>> epoch: 269/300, batch: 4/4, mean_loss: 0.0006
valid >>> epoch: 269/300, mean_loss: 0.1716
train >>> epoch: 270/300, batch: 1/4, mean_loss: 0.0004
train >>> epoch: 270/300, batch: 2/4, mean_loss: 0.0012
train >>> epoch: 270/300, batch: 3/4, mean_loss: 0.0010
train >>> epoch: 270/300, batch: 4/4, mean_loss: 0.0010
valid >>> epoch: 270/300, mean_loss: 0.1794
train >>> epoch: 271/300, batch: 1/4, mean_loss: 0.0007
train >>> epoch: 271/300, batch: 2/4, mean_loss: 0.0008
train >>> epoch: 271/300, batch: 3/4, mean_loss: 0.0007
train >>> epoch: 271/300, batch: 4/4, mean_loss: 0.0007
valid >>> epoch: 271/300, mean_loss: 0.1772
train >>> epoch: 272/300, batch: 1/4, mean_loss: 0.0006
train >>> epoch: 272/300, batch: 2/4, mean_loss: 0.0005
train >>> epoch: 272/300, batch: 3/4, mean_loss: 0.0006
train >>> epoch: 272/300, batch: 4/4, mean_loss: 0.0007
valid >>> epoch: 272/300, mean_loss: 0.1754
train >>> epoch: 273/300, batch: 1/4, mean_loss: 0.0005
train >>> epoch: 273/300, batch: 2/4, mean_loss: 0.0006
train >>> epoch: 273/300, batch: 3/4, mean_loss: 0.0005
train >>> epoch: 273/300, batch: 4/4, mean_loss: 0.0005
valid >>> epoch: 273/300, mean_loss: 0.1773
train >>> epoch: 274/300, batch: 1/4, mean_loss: 0.0005
train >>> epoch: 274/300, batch: 2/4, mean_loss: 0.0005
train >>> epoch: 274/300, batch: 3/4, mean_loss: 0.0006
train >>> epoch: 274/300, batch: 4/4, mean_loss: 0.0006
valid >>> epoch: 274/300, mean_loss: 0.1739
train >>> epoch: 275/300, batch: 1/4, mean_loss: 0.0005
train >>> epoch: 275/300, batch: 2/4, mean_loss: 0.0005
train >>> epoch: 275/300, batch: 3/4, mean_loss: 0.0006
train >>> epoch: 275/300, batch: 4/4, mean_loss: 0.0006
valid >>> epoch: 275/300, mean_loss: 0.1746
train >>> epoch: 276/300, batch: 1/4, mean_loss: 0.0004
train >>> epoch: 276/300, batch: 2/4, mean_loss: 0.0004
train >>> epoch: 276/300, batch: 3/4, mean_loss: 0.0004
train >>> epoch: 276/300, batch: 4/4, mean_loss: 0.0006
valid >>> epoch: 276/300, mean_loss: 0.1740
train >>> epoch: 277/300, batch: 1/4, mean_loss: 0.0005
train >>> epoch: 277/300, batch: 2/4, mean_loss: 0.0004
train >>> epoch: 277/300, batch: 3/4, mean_loss: 0.0004
train >>> epoch: 277/300, batch: 4/4, mean_loss: 0.0007
valid >>> epoch: 277/300, mean_loss: 0.1755
train >>> epoch: 278/300, batch: 1/4, mean_loss: 0.0004
train >>> epoch: 278/300, batch: 2/4, mean_loss: 0.0004
train >>> epoch: 278/300, batch: 3/4, mean_loss: 0.0005
train >>> epoch: 278/300, batch: 4/4, mean_loss: 0.0007
valid >>> epoch: 278/300, mean_loss: 0.1701
train >>> epoch: 279/300, batch: 1/4, mean_loss: 0.0005
train >>> epoch: 279/300, batch: 2/4, mean_loss: 0.0005
train >>> epoch: 279/300, batch: 3/4, mean_loss: 0.0006
train >>> epoch: 279/300, batch: 4/4, mean_loss: 0.0006
valid >>> epoch: 279/300, mean_loss: 0.1745
train >>> epoch: 280/300, batch: 1/4, mean_loss: 0.0007
train >>> epoch: 280/300, batch: 2/4, mean_loss: 0.0007
train >>> epoch: 280/300, batch: 3/4, mean_loss: 0.0007
train >>> epoch: 280/300, batch: 4/4, mean_loss: 0.0009
valid >>> epoch: 280/300, mean_loss: 0.1714
train >>> epoch: 281/300, batch: 1/4, mean_loss: 0.0008
train >>> epoch: 281/300, batch: 2/4, mean_loss: 0.0006
train >>> epoch: 281/300, batch: 3/4, mean_loss: 0.0006
train >>> epoch: 281/300, batch: 4/4, mean_loss: 0.0006
valid >>> epoch: 281/300, mean_loss: 0.1757
train >>> epoch: 282/300, batch: 1/4, mean_loss: 0.0006
train >>> epoch: 282/300, batch: 2/4, mean_loss: 0.0006
train >>> epoch: 282/300, batch: 3/4, mean_loss: 0.0008
train >>> epoch: 282/300, batch: 4/4, mean_loss: 0.0007
valid >>> epoch: 282/300, mean_loss: 0.1802
train >>> epoch: 283/300, batch: 1/4, mean_loss: 0.0006
train >>> epoch: 283/300, batch: 2/4, mean_loss: 0.0006
train >>> epoch: 283/300, batch: 3/4, mean_loss: 0.0005
train >>> epoch: 283/300, batch: 4/4, mean_loss: 0.0006
valid >>> epoch: 283/300, mean_loss: 0.1743
train >>> epoch: 284/300, batch: 1/4, mean_loss: 0.0004
train >>> epoch: 284/300, batch: 2/4, mean_loss: 0.0006
train >>> epoch: 284/300, batch: 3/4, mean_loss: 0.0006
train >>> epoch: 284/300, batch: 4/4, mean_loss: 0.0006
valid >>> epoch: 284/300, mean_loss: 0.1769
train >>> epoch: 285/300, batch: 1/4, mean_loss: 0.0004
train >>> epoch: 285/300, batch: 2/4, mean_loss: 0.0006
train >>> epoch: 285/300, batch: 3/4, mean_loss: 0.0008
train >>> epoch: 285/300, batch: 4/4, mean_loss: 0.0009
valid >>> epoch: 285/300, mean_loss: 0.1742
train >>> epoch: 286/300, batch: 1/4, mean_loss: 0.0004
train >>> epoch: 286/300, batch: 2/4, mean_loss: 0.0004
train >>> epoch: 286/300, batch: 3/4, mean_loss: 0.0006
train >>> epoch: 286/300, batch: 4/4, mean_loss: 0.0007
valid >>> epoch: 286/300, mean_loss: 0.1674
train >>> epoch: 287/300, batch: 1/4, mean_loss: 0.0009
train >>> epoch: 287/300, batch: 2/4, mean_loss: 0.0011
train >>> epoch: 287/300, batch: 3/4, mean_loss: 0.0008
train >>> epoch: 287/300, batch: 4/4, mean_loss: 0.0010
valid >>> epoch: 287/300, mean_loss: 0.1802
train >>> epoch: 288/300, batch: 1/4, mean_loss: 0.0006
train >>> epoch: 288/300, batch: 2/4, mean_loss: 0.0008
train >>> epoch: 288/300, batch: 3/4, mean_loss: 0.0007
train >>> epoch: 288/300, batch: 4/4, mean_loss: 0.0009
valid >>> epoch: 288/300, mean_loss: 0.1738
train >>> epoch: 289/300, batch: 1/4, mean_loss: 0.0006
train >>> epoch: 289/300, batch: 2/4, mean_loss: 0.0005
train >>> epoch: 289/300, batch: 3/4, mean_loss: 0.0006
train >>> epoch: 289/300, batch: 4/4, mean_loss: 0.0010
valid >>> epoch: 289/300, mean_loss: 0.1747
train >>> epoch: 290/300, batch: 1/4, mean_loss: 0.0008
train >>> epoch: 290/300, batch: 2/4, mean_loss: 0.0007
train >>> epoch: 290/300, batch: 3/4, mean_loss: 0.0007
train >>> epoch: 290/300, batch: 4/4, mean_loss: 0.0009
valid >>> epoch: 290/300, mean_loss: 0.1848
train >>> epoch: 291/300, batch: 1/4, mean_loss: 0.0007
train >>> epoch: 291/300, batch: 2/4, mean_loss: 0.0007
train >>> epoch: 291/300, batch: 3/4, mean_loss: 0.0009
train >>> epoch: 291/300, batch: 4/4, mean_loss: 0.0008
valid >>> epoch: 291/300, mean_loss: 0.1720
train >>> epoch: 292/300, batch: 1/4, mean_loss: 0.0005
train >>> epoch: 292/300, batch: 2/4, mean_loss: 0.0006
train >>> epoch: 292/300, batch: 3/4, mean_loss: 0.0008
train >>> epoch: 292/300, batch: 4/4, mean_loss: 0.0008
valid >>> epoch: 292/300, mean_loss: 0.1744
train >>> epoch: 293/300, batch: 1/4, mean_loss: 0.0004
train >>> epoch: 293/300, batch: 2/4, mean_loss: 0.0005
train >>> epoch: 293/300, batch: 3/4, mean_loss: 0.0007
train >>> epoch: 293/300, batch: 4/4, mean_loss: 0.0009
valid >>> epoch: 293/300, mean_loss: 0.1763
train >>> epoch: 294/300, batch: 1/4, mean_loss: 0.0004
train >>> epoch: 294/300, batch: 2/4, mean_loss: 0.0006
train >>> epoch: 294/300, batch: 3/4, mean_loss: 0.0006
train >>> epoch: 294/300, batch: 4/4, mean_loss: 0.0008
valid >>> epoch: 294/300, mean_loss: 0.1683
train >>> epoch: 295/300, batch: 1/4, mean_loss: 0.0007
train >>> epoch: 295/300, batch: 2/4, mean_loss: 0.0006
train >>> epoch: 295/300, batch: 3/4, mean_loss: 0.0006
train >>> epoch: 295/300, batch: 4/4, mean_loss: 0.0012
valid >>> epoch: 295/300, mean_loss: 0.1682
train >>> epoch: 296/300, batch: 1/4, mean_loss: 0.0002
train >>> epoch: 296/300, batch: 2/4, mean_loss: 0.0004
train >>> epoch: 296/300, batch: 3/4, mean_loss: 0.0005
train >>> epoch: 296/300, batch: 4/4, mean_loss: 0.0007
valid >>> epoch: 296/300, mean_loss: 0.1714
train >>> epoch: 297/300, batch: 1/4, mean_loss: 0.0006
train >>> epoch: 297/300, batch: 2/4, mean_loss: 0.0006
train >>> epoch: 297/300, batch: 3/4, mean_loss: 0.0006
train >>> epoch: 297/300, batch: 4/4, mean_loss: 0.0007
valid >>> epoch: 297/300, mean_loss: 0.1750
train >>> epoch: 298/300, batch: 1/4, mean_loss: 0.0004
train >>> epoch: 298/300, batch: 2/4, mean_loss: 0.0008
train >>> epoch: 298/300, batch: 3/4, mean_loss: 0.0008
train >>> epoch: 298/300, batch: 4/4, mean_loss: 0.0008
valid >>> epoch: 298/300, mean_loss: 0.1718
train >>> epoch: 299/300, batch: 1/4, mean_loss: 0.0008
train >>> epoch: 299/300, batch: 2/4, mean_loss: 0.0006
train >>> epoch: 299/300, batch: 3/4, mean_loss: 0.0006
train >>> epoch: 299/300, batch: 4/4, mean_loss: 0.0007
valid >>> epoch: 299/300, mean_loss: 0.1698
train >>> epoch: 300/300, batch: 1/4, mean_loss: 0.0007
train >>> epoch: 300/300, batch: 2/4, mean_loss: 0.0005
train >>> epoch: 300/300, batch: 3/4, mean_loss: 0.0005
train >>> epoch: 300/300, batch: 4/4, mean_loss: 0.0006
valid >>> epoch: 300/300, mean_loss: 0.1740
2020-01-24-02-00-23
