2020-01-14-06-11-07
train_hm.py
--------------------------------------------------------------------------------------------------------------------
alpha: 0.9
batchSize: 16
bottleneckFeatures: 0
dir_lf: D:\Data\cs-8395-dl
dir_project: C:\Users\Reasat\Projects\cs-8395-dl\Assignment_1_detection
encoder: unet-vgg11
epoch: 100
folderData: assignment1_data
gamma: 2
lr: 0.001
resume_from: None
--------------------------------------------------------------------------------------------------------------------
creating directory to save model at D:\Data\cs-8395-dl\model\2020-01-14-06-11-07
loading images to RAM
train samples 105
loading images to RAM
validation samples 10
using pretrained (ImageNet) vgg11 as encoder
UNet11(
  (pool): MaxPool2d(kernel_size=2, stride=2, padding=0, dilation=1, ceil_mode=False)
  (encoder): Sequential(
    (0): Conv2d(3, 64, kernel_size=(3, 3), stride=(1, 1), padding=(1, 1))
    (1): ReLU(inplace)
    (2): MaxPool2d(kernel_size=2, stride=2, padding=0, dilation=1, ceil_mode=False)
    (3): Conv2d(64, 128, kernel_size=(3, 3), stride=(1, 1), padding=(1, 1))
    (4): ReLU(inplace)
    (5): MaxPool2d(kernel_size=2, stride=2, padding=0, dilation=1, ceil_mode=False)
    (6): Conv2d(128, 256, kernel_size=(3, 3), stride=(1, 1), padding=(1, 1))
    (7): ReLU(inplace)
    (8): Conv2d(256, 256, kernel_size=(3, 3), stride=(1, 1), padding=(1, 1))
    (9): ReLU(inplace)
    (10): MaxPool2d(kernel_size=2, stride=2, padding=0, dilation=1, ceil_mode=False)
    (11): Conv2d(256, 512, kernel_size=(3, 3), stride=(1, 1), padding=(1, 1))
    (12): ReLU(inplace)
    (13): Conv2d(512, 512, kernel_size=(3, 3), stride=(1, 1), padding=(1, 1))
    (14): ReLU(inplace)
    (15): MaxPool2d(kernel_size=2, stride=2, padding=0, dilation=1, ceil_mode=False)
    (16): Conv2d(512, 512, kernel_size=(3, 3), stride=(1, 1), padding=(1, 1))
    (17): ReLU(inplace)
    (18): Conv2d(512, 512, kernel_size=(3, 3), stride=(1, 1), padding=(1, 1))
    (19): ReLU(inplace)
    (20): MaxPool2d(kernel_size=2, stride=2, padding=0, dilation=1, ceil_mode=False)
  )
  (relu): ReLU(inplace)
  (conv1): Conv2d(3, 64, kernel_size=(3, 3), stride=(1, 1), padding=(1, 1))
  (conv2): Conv2d(64, 128, kernel_size=(3, 3), stride=(1, 1), padding=(1, 1))
  (conv3s): Conv2d(128, 256, kernel_size=(3, 3), stride=(1, 1), padding=(1, 1))
  (conv3): Conv2d(256, 256, kernel_size=(3, 3), stride=(1, 1), padding=(1, 1))
  (conv4s): Conv2d(256, 512, kernel_size=(3, 3), stride=(1, 1), padding=(1, 1))
  (conv4): Conv2d(512, 512, kernel_size=(3, 3), stride=(1, 1), padding=(1, 1))
  (conv5s): Conv2d(512, 512, kernel_size=(3, 3), stride=(1, 1), padding=(1, 1))
  (conv5): Conv2d(512, 512, kernel_size=(3, 3), stride=(1, 1), padding=(1, 1))
  (center): DecoderBlock(
    (block): Sequential(
      (0): ConvRelu(
        (conv): Conv2d(512, 512, kernel_size=(3, 3), stride=(1, 1), padding=(1, 1))
        (activation): ReLU(inplace)
      )
      (1): ConvTranspose2d(512, 256, kernel_size=(3, 3), stride=(2, 2), padding=(1, 1), output_padding=(1, 1))
      (2): ReLU(inplace)
    )
  )
  (dec5): DecoderBlock(
    (block): Sequential(
      (0): ConvRelu(
        (conv): Conv2d(768, 512, kernel_size=(3, 3), stride=(1, 1), padding=(1, 1))
        (activation): ReLU(inplace)
      )
      (1): ConvTranspose2d(512, 256, kernel_size=(3, 3), stride=(2, 2), padding=(1, 1), output_padding=(1, 1))
      (2): ReLU(inplace)
    )
  )
  (dec4): DecoderBlock(
    (block): Sequential(
      (0): ConvRelu(
        (conv): Conv2d(768, 512, kernel_size=(3, 3), stride=(1, 1), padding=(1, 1))
        (activation): ReLU(inplace)
      )
      (1): ConvTranspose2d(512, 128, kernel_size=(3, 3), stride=(2, 2), padding=(1, 1), output_padding=(1, 1))
      (2): ReLU(inplace)
    )
  )
  (dec3): DecoderBlock(
    (block): Sequential(
      (0): ConvRelu(
        (conv): Conv2d(384, 256, kernel_size=(3, 3), stride=(1, 1), padding=(1, 1))
        (activation): ReLU(inplace)
      )
      (1): ConvTranspose2d(256, 64, kernel_size=(3, 3), stride=(2, 2), padding=(1, 1), output_padding=(1, 1))
      (2): ReLU(inplace)
    )
  )
  (dec2): DecoderBlock(
    (block): Sequential(
      (0): ConvRelu(
        (conv): Conv2d(192, 128, kernel_size=(3, 3), stride=(1, 1), padding=(1, 1))
        (activation): ReLU(inplace)
      )
      (1): ConvTranspose2d(128, 32, kernel_size=(3, 3), stride=(2, 2), padding=(1, 1), output_padding=(1, 1))
      (2): ReLU(inplace)
    )
  )
  (dec1): ConvRelu(
    (conv): Conv2d(96, 32, kernel_size=(3, 3), stride=(1, 1), padding=(1, 1))
    (activation): ReLU(inplace)
  )
  (final): Conv2d(32, 1, kernel_size=(1, 1), stride=(1, 1))
)
train >>> epoch: 1/100, batch: 1/7, mean_loss: 0.0231
train >>> epoch: 1/100, batch: 2/7, mean_loss: 0.0196
train >>> epoch: 1/100, batch: 3/7, mean_loss: 0.0165
train >>> epoch: 1/100, batch: 4/7, mean_loss: 0.0148
train >>> epoch: 1/100, batch: 5/7, mean_loss: 0.0133
train >>> epoch: 1/100, batch: 6/7, mean_loss: 0.0123
train >>> epoch: 1/100, batch: 7/7, mean_loss: 0.0116
valid >>> epoch: 1/100, mean_loss: 0.0078
criteria decreased from inf to 0.0078, saving best model at D:\Data\cs-8395-dl\model\2020-01-14-06-11-07\2020-01-14-06-11-07_unet-vgg11_best.pt
train >>> epoch: 2/100, batch: 1/7, mean_loss: 0.0071
train >>> epoch: 2/100, batch: 2/7, mean_loss: 0.0071
train >>> epoch: 2/100, batch: 3/7, mean_loss: 0.0070
train >>> epoch: 2/100, batch: 4/7, mean_loss: 0.0069
train >>> epoch: 2/100, batch: 5/7, mean_loss: 0.0069
train >>> epoch: 2/100, batch: 6/7, mean_loss: 0.0069
train >>> epoch: 2/100, batch: 7/7, mean_loss: 0.0069
valid >>> epoch: 2/100, mean_loss: 0.0069
criteria decreased from 0.0078 to 0.0069, saving best model at D:\Data\cs-8395-dl\model\2020-01-14-06-11-07\2020-01-14-06-11-07_unet-vgg11_best.pt
train >>> epoch: 3/100, batch: 1/7, mean_loss: 0.0065
train >>> epoch: 3/100, batch: 2/7, mean_loss: 0.0065
train >>> epoch: 3/100, batch: 3/7, mean_loss: 0.0065
train >>> epoch: 3/100, batch: 4/7, mean_loss: 0.0065
train >>> epoch: 3/100, batch: 5/7, mean_loss: 0.0064
train >>> epoch: 3/100, batch: 6/7, mean_loss: 0.0064
train >>> epoch: 3/100, batch: 7/7, mean_loss: 0.0064
valid >>> epoch: 3/100, mean_loss: 0.0062
criteria decreased from 0.0069 to 0.0062, saving best model at D:\Data\cs-8395-dl\model\2020-01-14-06-11-07\2020-01-14-06-11-07_unet-vgg11_best.pt
train >>> epoch: 4/100, batch: 1/7, mean_loss: 0.0062
train >>> epoch: 4/100, batch: 2/7, mean_loss: 0.0062
train >>> epoch: 4/100, batch: 3/7, mean_loss: 0.0062
train >>> epoch: 4/100, batch: 4/7, mean_loss: 0.0062
train >>> epoch: 4/100, batch: 5/7, mean_loss: 0.0061
train >>> epoch: 4/100, batch: 6/7, mean_loss: 0.0061
train >>> epoch: 4/100, batch: 7/7, mean_loss: 0.0061
valid >>> epoch: 4/100, mean_loss: 0.0059
criteria decreased from 0.0062 to 0.0059, saving best model at D:\Data\cs-8395-dl\model\2020-01-14-06-11-07\2020-01-14-06-11-07_unet-vgg11_best.pt
train >>> epoch: 5/100, batch: 1/7, mean_loss: 0.0061
train >>> epoch: 5/100, batch: 2/7, mean_loss: 0.0061
train >>> epoch: 5/100, batch: 3/7, mean_loss: 0.0061
train >>> epoch: 5/100, batch: 4/7, mean_loss: 0.0061
train >>> epoch: 5/100, batch: 5/7, mean_loss: 0.0061
train >>> epoch: 5/100, batch: 6/7, mean_loss: 0.0061
train >>> epoch: 5/100, batch: 7/7, mean_loss: 0.0061
valid >>> epoch: 5/100, mean_loss: 0.0059
criteria decreased from 0.0059 to 0.0059, saving best model at D:\Data\cs-8395-dl\model\2020-01-14-06-11-07\2020-01-14-06-11-07_unet-vgg11_best.pt
train >>> epoch: 6/100, batch: 1/7, mean_loss: 0.0060
train >>> epoch: 6/100, batch: 2/7, mean_loss: 0.0060
train >>> epoch: 6/100, batch: 3/7, mean_loss: 0.0060
train >>> epoch: 6/100, batch: 4/7, mean_loss: 0.0060
train >>> epoch: 6/100, batch: 5/7, mean_loss: 0.0060
train >>> epoch: 6/100, batch: 6/7, mean_loss: 0.0060
train >>> epoch: 6/100, batch: 7/7, mean_loss: 0.0060
valid >>> epoch: 6/100, mean_loss: 0.0057
criteria decreased from 0.0059 to 0.0057, saving best model at D:\Data\cs-8395-dl\model\2020-01-14-06-11-07\2020-01-14-06-11-07_unet-vgg11_best.pt
train >>> epoch: 7/100, batch: 1/7, mean_loss: 0.0059
train >>> epoch: 7/100, batch: 2/7, mean_loss: 0.0059
train >>> epoch: 7/100, batch: 3/7, mean_loss: 0.0059
train >>> epoch: 7/100, batch: 4/7, mean_loss: 0.0058
train >>> epoch: 7/100, batch: 5/7, mean_loss: 0.0060
train >>> epoch: 7/100, batch: 6/7, mean_loss: 0.0060
train >>> epoch: 7/100, batch: 7/7, mean_loss: 0.0061
valid >>> epoch: 7/100, mean_loss: 0.0063
train >>> epoch: 8/100, batch: 1/7, mean_loss: 0.0062
train >>> epoch: 8/100, batch: 2/7, mean_loss: 0.0062
train >>> epoch: 8/100, batch: 3/7, mean_loss: 0.0062
train >>> epoch: 8/100, batch: 4/7, mean_loss: 0.0062
train >>> epoch: 8/100, batch: 5/7, mean_loss: 0.0062
train >>> epoch: 8/100, batch: 6/7, mean_loss: 0.0062
train >>> epoch: 8/100, batch: 7/7, mean_loss: 0.0062
valid >>> epoch: 8/100, mean_loss: 0.0060
train >>> epoch: 9/100, batch: 1/7, mean_loss: 0.0062
train >>> epoch: 9/100, batch: 2/7, mean_loss: 0.0061
train >>> epoch: 9/100, batch: 3/7, mean_loss: 0.0061
train >>> epoch: 9/100, batch: 4/7, mean_loss: 0.0061
train >>> epoch: 9/100, batch: 5/7, mean_loss: 0.0061
train >>> epoch: 9/100, batch: 6/7, mean_loss: 0.0061
train >>> epoch: 9/100, batch: 7/7, mean_loss: 0.0061
valid >>> epoch: 9/100, mean_loss: 0.0059
train >>> epoch: 10/100, batch: 1/7, mean_loss: 0.0059
train >>> epoch: 10/100, batch: 2/7, mean_loss: 0.0059
train >>> epoch: 10/100, batch: 3/7, mean_loss: 0.0060
train >>> epoch: 10/100, batch: 4/7, mean_loss: 0.0060
train >>> epoch: 10/100, batch: 5/7, mean_loss: 0.0060
train >>> epoch: 10/100, batch: 6/7, mean_loss: 0.0060
train >>> epoch: 10/100, batch: 7/7, mean_loss: 0.0060
valid >>> epoch: 10/100, mean_loss: 0.0058
train >>> epoch: 11/100, batch: 1/7, mean_loss: 0.0061
train >>> epoch: 11/100, batch: 2/7, mean_loss: 0.0060
train >>> epoch: 11/100, batch: 3/7, mean_loss: 0.0060
train >>> epoch: 11/100, batch: 4/7, mean_loss: 0.0060
train >>> epoch: 11/100, batch: 5/7, mean_loss: 0.0060
train >>> epoch: 11/100, batch: 6/7, mean_loss: 0.0060
train >>> epoch: 11/100, batch: 7/7, mean_loss: 0.0060
valid >>> epoch: 11/100, mean_loss: 0.0058
train >>> epoch: 12/100, batch: 1/7, mean_loss: 0.0060
train >>> epoch: 12/100, batch: 2/7, mean_loss: 0.0060
train >>> epoch: 12/100, batch: 3/7, mean_loss: 0.0059
train >>> epoch: 12/100, batch: 4/7, mean_loss: 0.0059
train >>> epoch: 12/100, batch: 5/7, mean_loss: 0.0059
train >>> epoch: 12/100, batch: 6/7, mean_loss: 0.0059
train >>> epoch: 12/100, batch: 7/7, mean_loss: 0.0059
valid >>> epoch: 12/100, mean_loss: 0.0057
criteria decreased from 0.0057 to 0.0057, saving best model at D:\Data\cs-8395-dl\model\2020-01-14-06-11-07\2020-01-14-06-11-07_unet-vgg11_best.pt
train >>> epoch: 13/100, batch: 1/7, mean_loss: 0.0058
train >>> epoch: 13/100, batch: 2/7, mean_loss: 0.0060
train >>> epoch: 13/100, batch: 3/7, mean_loss: 0.0060
train >>> epoch: 13/100, batch: 4/7, mean_loss: 0.0060
train >>> epoch: 13/100, batch: 5/7, mean_loss: 0.0060
train >>> epoch: 13/100, batch: 6/7, mean_loss: 0.0061
train >>> epoch: 13/100, batch: 7/7, mean_loss: 0.0060
valid >>> epoch: 13/100, mean_loss: 0.0060
train >>> epoch: 14/100, batch: 1/7, mean_loss: 0.0060
train >>> epoch: 14/100, batch: 2/7, mean_loss: 0.0060
train >>> epoch: 14/100, batch: 3/7, mean_loss: 0.0062
train >>> epoch: 14/100, batch: 4/7, mean_loss: 0.0062
train >>> epoch: 14/100, batch: 5/7, mean_loss: 0.0061
train >>> epoch: 14/100, batch: 6/7, mean_loss: 0.0061
train >>> epoch: 14/100, batch: 7/7, mean_loss: 0.0061
valid >>> epoch: 14/100, mean_loss: 0.0059
train >>> epoch: 15/100, batch: 1/7, mean_loss: 0.0060
train >>> epoch: 15/100, batch: 2/7, mean_loss: 0.0060
train >>> epoch: 15/100, batch: 3/7, mean_loss: 0.0060
train >>> epoch: 15/100, batch: 4/7, mean_loss: 0.0060
train >>> epoch: 15/100, batch: 5/7, mean_loss: 0.0060
train >>> epoch: 15/100, batch: 6/7, mean_loss: 0.0060
train >>> epoch: 15/100, batch: 7/7, mean_loss: 0.0060
valid >>> epoch: 15/100, mean_loss: 0.0058
train >>> epoch: 16/100, batch: 1/7, mean_loss: 0.0059
train >>> epoch: 16/100, batch: 2/7, mean_loss: 0.0059
train >>> epoch: 16/100, batch: 3/7, mean_loss: 0.0059
train >>> epoch: 16/100, batch: 4/7, mean_loss: 0.0059
train >>> epoch: 16/100, batch: 5/7, mean_loss: 0.0059
train >>> epoch: 16/100, batch: 6/7, mean_loss: 0.0059
train >>> epoch: 16/100, batch: 7/7, mean_loss: 0.0059
valid >>> epoch: 16/100, mean_loss: 0.0058
train >>> epoch: 17/100, batch: 1/7, mean_loss: 0.0058
train >>> epoch: 17/100, batch: 2/7, mean_loss: 0.0058
train >>> epoch: 17/100, batch: 3/7, mean_loss: 0.0059
train >>> epoch: 17/100, batch: 4/7, mean_loss: 0.0059
train >>> epoch: 17/100, batch: 5/7, mean_loss: 0.0058
train >>> epoch: 17/100, batch: 6/7, mean_loss: 0.0058
train >>> epoch: 17/100, batch: 7/7, mean_loss: 0.0058
valid >>> epoch: 17/100, mean_loss: 0.0061
train >>> epoch: 18/100, batch: 1/7, mean_loss: 0.0063
train >>> epoch: 18/100, batch: 2/7, mean_loss: 0.0061
train >>> epoch: 18/100, batch: 3/7, mean_loss: 0.0061
train >>> epoch: 18/100, batch: 4/7, mean_loss: 0.0061
train >>> epoch: 18/100, batch: 5/7, mean_loss: 0.0061
train >>> epoch: 18/100, batch: 6/7, mean_loss: 0.0061
train >>> epoch: 18/100, batch: 7/7, mean_loss: 0.0061
valid >>> epoch: 18/100, mean_loss: 0.0060
train >>> epoch: 19/100, batch: 1/7, mean_loss: 0.0061
train >>> epoch: 19/100, batch: 2/7, mean_loss: 0.0061
train >>> epoch: 19/100, batch: 3/7, mean_loss: 0.0060
train >>> epoch: 19/100, batch: 4/7, mean_loss: 0.0060
train >>> epoch: 19/100, batch: 5/7, mean_loss: 0.0060
train >>> epoch: 19/100, batch: 6/7, mean_loss: 0.0060
train >>> epoch: 19/100, batch: 7/7, mean_loss: 0.0060
valid >>> epoch: 19/100, mean_loss: 0.0057
criteria decreased from 0.0057 to 0.0057, saving best model at D:\Data\cs-8395-dl\model\2020-01-14-06-11-07\2020-01-14-06-11-07_unet-vgg11_best.pt
train >>> epoch: 20/100, batch: 1/7, mean_loss: 0.0058
train >>> epoch: 20/100, batch: 2/7, mean_loss: 0.0059
train >>> epoch: 20/100, batch: 3/7, mean_loss: 0.0059
