2020-01-14-03-40-18
train_hm.py
--------------------------------------------------------------------------------------------------------------------
alpha: 2
batchSize: 8
bottleneckFeatures: 0
dir_lf: D:\Data\cs-8395-dl
dir_project: C:\Users\Reasat\Projects\cs-8395-dl\Assignment_1_detection
encoder: hm_net
epoch: 100
folderData: assignment1_data
lr: 0.001
resume_from: None
--------------------------------------------------------------------------------------------------------------------
creating directory to save model at D:\Data\cs-8395-dl\model\2020-01-14-03-40-18
loading images to RAM
train samples 105
loading images to RAM
validation samples 10
HM_Net(
  (conv1): conv_bn_3x3(
    (block): Sequential(
      (0): Conv2d(3, 8, kernel_size=(3, 3), stride=(1, 1), padding=(1, 1))
      (1): ReLU()
      (2): BatchNorm2d(8, eps=1e-05, momentum=0.1, affine=True, track_running_stats=True)
    )
  )
  (conv2): conv_bn_3x3(
    (block): Sequential(
      (0): Conv2d(8, 16, kernel_size=(3, 3), stride=(1, 1), padding=(1, 1))
      (1): ReLU()
      (2): BatchNorm2d(16, eps=1e-05, momentum=0.1, affine=True, track_running_stats=True)
    )
  )
  (conv3): conv_bn_3x3(
    (block): Sequential(
      (0): Conv2d(16, 16, kernel_size=(3, 3), stride=(1, 1), padding=(1, 1))
      (1): ReLU()
      (2): BatchNorm2d(16, eps=1e-05, momentum=0.1, affine=True, track_running_stats=True)
    )
  )
  (conv4): conv_bn_3x3(
    (block): Sequential(
      (0): Conv2d(16, 8, kernel_size=(3, 3), stride=(1, 1), padding=(1, 1))
      (1): ReLU()
      (2): BatchNorm2d(8, eps=1e-05, momentum=0.1, affine=True, track_running_stats=True)
    )
  )
  (conv5): conv_bn_3x3(
    (block): Sequential(
      (0): Conv2d(8, 1, kernel_size=(3, 3), stride=(1, 1), padding=(1, 1))
      (1): ReLU()
      (2): BatchNorm2d(1, eps=1e-05, momentum=0.1, affine=True, track_running_stats=True)
    )
  )
)
train >>> epoch: 1/100, batch: 1/14, mean_loss: 6953.9685
train >>> epoch: 1/100, batch: 2/14, mean_loss: 6860.6168
train >>> epoch: 1/100, batch: 3/14, mean_loss: 6767.3700
train >>> epoch: 1/100, batch: 4/14, mean_loss: 6675.0750
train >>> epoch: 1/100, batch: 5/14, mean_loss: 6583.8039
train >>> epoch: 1/100, batch: 6/14, mean_loss: 6493.1701
train >>> epoch: 1/100, batch: 7/14, mean_loss: 6403.3295
train >>> epoch: 1/100, batch: 8/14, mean_loss: 6314.4365
train >>> epoch: 1/100, batch: 9/14, mean_loss: 6226.5501
train >>> epoch: 1/100, batch: 10/14, mean_loss: 6138.6027
train >>> epoch: 1/100, batch: 11/14, mean_loss: 6052.2467
train >>> epoch: 1/100, batch: 12/14, mean_loss: 5966.0723
train >>> epoch: 1/100, batch: 13/14, mean_loss: 5879.3452
train >>> epoch: 1/100, batch: 14/14, mean_loss: 5501.4992
valid >>> epoch: 1/100, mean_loss: 0.0004
criteria decreased from inf to 0.0004, saving best model at D:\Data\cs-8395-dl\model\2020-01-14-03-40-18\2020-01-14-03-40-18_hm_net_best.pt
train >>> epoch: 2/100, batch: 1/14, mean_loss: 4560.3480
train >>> epoch: 2/100, batch: 2/14, mean_loss: 4475.5219
train >>> epoch: 2/100, batch: 3/14, mean_loss: 4386.3689
train >>> epoch: 2/100, batch: 4/14, mean_loss: 4295.3496
train >>> epoch: 2/100, batch: 5/14, mean_loss: 4224.8069
train >>> epoch: 2/100, batch: 6/14, mean_loss: 4127.2058
train >>> epoch: 2/100, batch: 7/14, mean_loss: 4017.0688
train >>> epoch: 2/100, batch: 8/14, mean_loss: 3930.9945
train >>> epoch: 2/100, batch: 9/14, mean_loss: 3723.8755
train >>> epoch: 2/100, batch: 10/14, mean_loss: 3581.1804
train >>> epoch: 2/100, batch: 11/14, mean_loss: 3486.0788
train >>> epoch: 2/100, batch: 12/14, mean_loss: 3296.0278
train >>> epoch: 2/100, batch: 13/14, mean_loss: 3176.5680
train >>> epoch: 2/100, batch: 14/14, mean_loss: 2973.7621
valid >>> epoch: 2/100, mean_loss: 0.0000
criteria decreased from 0.0004 to 0.0000, saving best model at D:\Data\cs-8395-dl\model\2020-01-14-03-40-18\2020-01-14-03-40-18_hm_net_best.pt
train >>> epoch: 3/100, batch: 1/14, mean_loss: 1019.9207
train >>> epoch: 3/100, batch: 2/14, mean_loss: 660.9769
train >>> epoch: 3/100, batch: 3/14, mean_loss: 494.3036
train >>> epoch: 3/100, batch: 4/14, mean_loss: 377.4827
train >>> epoch: 3/100, batch: 5/14, mean_loss: 345.8342
train >>> epoch: 3/100, batch: 6/14, mean_loss: 290.8154
train >>> epoch: 3/100, batch: 7/14, mean_loss: 258.2588
train >>> epoch: 3/100, batch: 8/14, mean_loss: 242.3750
train >>> epoch: 3/100, batch: 9/14, mean_loss: 226.5948
train >>> epoch: 3/100, batch: 10/14, mean_loss: 207.2658
train >>> epoch: 3/100, batch: 11/14, mean_loss: 191.7181
train >>> epoch: 3/100, batch: 12/14, mean_loss: 176.1564
train >>> epoch: 3/100, batch: 13/14, mean_loss: 162.7818
train >>> epoch: 3/100, batch: 14/14, mean_loss: 161.7126
valid >>> epoch: 3/100, mean_loss: 0.0000
criteria decreased from 0.0000 to 0.0000, saving best model at D:\Data\cs-8395-dl\model\2020-01-14-03-40-18\2020-01-14-03-40-18_hm_net_best.pt
train >>> epoch: 4/100, batch: 1/14, mean_loss: 0.1244
train >>> epoch: 4/100, batch: 2/14, mean_loss: 0.1275
train >>> epoch: 4/100, batch: 3/14, mean_loss: 0.4046
train >>> epoch: 4/100, batch: 4/14, mean_loss: 0.6630
train >>> epoch: 4/100, batch: 5/14, mean_loss: 0.5775
train >>> epoch: 4/100, batch: 6/14, mean_loss: 0.6630
train >>> epoch: 4/100, batch: 7/14, mean_loss: 0.7199
train >>> epoch: 4/100, batch: 8/14, mean_loss: 0.6311
train >>> epoch: 4/100, batch: 9/14, mean_loss: 0.6935
train >>> epoch: 4/100, batch: 10/14, mean_loss: 0.6307
train >>> epoch: 4/100, batch: 11/14, mean_loss: 0.5885
train >>> epoch: 4/100, batch: 12/14, mean_loss: 0.5421
train >>> epoch: 4/100, batch: 13/14, mean_loss: 0.5280
train >>> epoch: 4/100, batch: 14/14, mean_loss: 1.2640
valid >>> epoch: 4/100, mean_loss: 0.0000
criteria decreased from 0.0000 to 0.0000, saving best model at D:\Data\cs-8395-dl\model\2020-01-14-03-40-18\2020-01-14-03-40-18_hm_net_best.pt
train >>> epoch: 5/100, batch: 1/14, mean_loss: 0.8443
train >>> epoch: 5/100, batch: 2/14, mean_loss: 0.4269
train >>> epoch: 5/100, batch: 3/14, mean_loss: 0.2857
train >>> epoch: 5/100, batch: 4/14, mean_loss: 0.2151
train >>> epoch: 5/100, batch: 5/14, mean_loss: 0.2107
train >>> epoch: 5/100, batch: 6/14, mean_loss: 0.1766
train >>> epoch: 5/100, batch: 7/14, mean_loss: 0.1765
train >>> epoch: 5/100, batch: 8/14, mean_loss: 0.1548
train >>> epoch: 5/100, batch: 9/14, mean_loss: 0.1409
train >>> epoch: 5/100, batch: 10/14, mean_loss: 0.2678
train >>> epoch: 5/100, batch: 11/14, mean_loss: 0.2439
train >>> epoch: 5/100, batch: 12/14, mean_loss: 0.2239
train >>> epoch: 5/100, batch: 13/14, mean_loss: 0.2069
train >>> epoch: 5/100, batch: 14/14, mean_loss: 1.6056
valid >>> epoch: 5/100, mean_loss: 0.0000
criteria decreased from 0.0000 to 0.0000, saving best model at D:\Data\cs-8395-dl\model\2020-01-14-03-40-18\2020-01-14-03-40-18_hm_net_best.pt
train >>> epoch: 6/100, batch: 1/14, mean_loss: 0.0042
train >>> epoch: 6/100, batch: 2/14, mean_loss: 0.3345
