2020-01-14-04-13-32
train_hm.py
--------------------------------------------------------------------------------------------------------------------
alpha: 0.7
batchSize: 8
bottleneckFeatures: 0
dir_lf: D:\Data\cs-8395-dl
dir_project: C:\Users\Reasat\Projects\cs-8395-dl\Assignment_1_detection
encoder: hm_net
epoch: 100
folderData: assignment1_data
gamma: 2
lr: 0.001
resume_from: None
--------------------------------------------------------------------------------------------------------------------
creating directory to save model at D:\Data\cs-8395-dl\model\2020-01-14-04-13-32
loading images to RAM
train samples 105
loading images to RAM
validation samples 10
HM_Net(
  (conv1): conv_bn_3x3(
    (block): Sequential(
      (0): Conv2d(3, 8, kernel_size=(3, 3), stride=(1, 1), padding=(1, 1))
      (1): ReLU()
      (2): BatchNorm2d(8, eps=1e-05, momentum=0.1, affine=True, track_running_stats=True)
    )
  )
  (conv2): conv_bn_3x3(
    (block): Sequential(
      (0): Conv2d(8, 16, kernel_size=(3, 3), stride=(1, 1), padding=(1, 1))
      (1): ReLU()
      (2): BatchNorm2d(16, eps=1e-05, momentum=0.1, affine=True, track_running_stats=True)
    )
  )
  (conv3): conv_bn_3x3(
    (block): Sequential(
      (0): Conv2d(16, 16, kernel_size=(3, 3), stride=(1, 1), padding=(1, 1))
      (1): ReLU()
      (2): BatchNorm2d(16, eps=1e-05, momentum=0.1, affine=True, track_running_stats=True)
    )
  )
  (conv4): conv_bn_3x3(
    (block): Sequential(
      (0): Conv2d(16, 8, kernel_size=(3, 3), stride=(1, 1), padding=(1, 1))
      (1): ReLU()
      (2): BatchNorm2d(8, eps=1e-05, momentum=0.1, affine=True, track_running_stats=True)
    )
  )
  (conv5): conv_bn_3x3(
    (block): Sequential(
      (0): Conv2d(8, 1, kernel_size=(3, 3), stride=(1, 1), padding=(1, 1))
      (1): ReLU()
      (2): BatchNorm2d(1, eps=1e-05, momentum=0.1, affine=True, track_running_stats=True)
    )
  )
)
tensor([[[[ 2.7745e-01,  1.9481e+00,  1.5907e+00,  ..., -1.6346e-01,
            1.0077e+01, -4.5298e-01],
          [ 6.4196e-02,  1.0347e+00, -4.5298e-01,  ..., -4.5298e-01,
            5.4963e+00, -4.5298e-01],
          [ 1.4100e+00,  1.6154e+00, -4.5298e-01,  ...,  6.4747e+00,
            1.5340e+00, -4.5298e-01],
          ...,
          [ 4.4967e-01, -2.5815e-01, -4.5298e-01,  ..., -4.3682e-02,
           -4.5298e-01, -4.5298e-01],
          [-4.5298e-01,  3.2917e-01, -4.5298e-01,  ..., -4.5298e-01,
            3.0179e-01, -4.5298e-01],
          [ 2.1727e-01, -4.5298e-01, -4.5298e-01,  ..., -4.5298e-01,
           -4.5298e-01,  1.5727e-01]]],


        [[[-4.5298e-01, -4.5298e-01, -4.5298e-01,  ...,  1.3363e+00,
            6.4386e-01, -4.5298e-01],
          [ 8.7815e-01, -3.1385e-02,  8.3113e-01,  ..., -4.5298e-01,
            4.2167e-01, -4.5298e-01],
          [-5.8245e-02,  7.5978e-02, -4.5298e-01,  ..., -4.5298e-01,
            9.0203e+00, -4.5298e-01],
          ...,
          [ 1.1774e+00, -4.5298e-01,  1.3545e-01,  ..., -4.5298e-01,
           -4.5298e-01, -4.5298e-01],
          [-4.5298e-01,  1.8905e+00, -4.5298e-01,  ...,  1.8167e-01,
           -4.5298e-01, -4.5298e-01],
          [ 1.7280e+00,  4.3820e-02, -4.5298e-01,  ..., -4.4552e-01,
           -4.5298e-01, -2.3620e-01]]],


        [[[ 5.0929e-01,  1.2496e+00, -2.1801e-01,  ..., -4.5298e-01,
           -4.5298e-01, -4.5298e-01],
          [ 9.2373e-01, -4.5298e-01, -4.5298e-01,  ..., -4.5298e-01,
           -4.5298e-01, -7.3150e-02],
          [ 2.4895e+00,  1.0146e+00, -4.5298e-01,  ..., -4.5298e-01,
            4.3955e-01, -1.7691e-03],
          ...,
          [ 8.8834e-02,  2.9140e+00, -4.5298e-01,  ..., -4.5298e-01,
           -4.5298e-01,  8.8344e-02],
          [-4.5298e-01,  1.2120e+00, -4.5298e-01,  ..., -4.5298e-01,
           -4.5298e-01, -4.5298e-01],
          [-4.5298e-01, -4.5298e-01, -4.5298e-01,  ..., -4.5298e-01,
           -4.5298e-01,  5.1286e-02]]],


        ...,


        [[[-3.9337e-01, -4.5298e-01, -4.5298e-01,  ...,  1.4890e+00,
            1.7972e-01, -4.5298e-01],
          [ 1.4596e+00, -4.5298e-01, -4.5298e-01,  ...,  6.7499e-01,
            9.8124e-01, -4.5298e-01],
          [ 3.9327e+00,  1.1878e+00, -4.5298e-01,  ..., -2.1989e-01,
            1.0916e+00, -4.5298e-01],
          ...,
          [ 1.5529e-01,  1.3305e+00, -4.5298e-01,  ..., -4.5298e-01,
            8.2341e-02,  8.6963e-01],
          [-4.5298e-01,  1.0393e+00, -4.5298e-01,  ..., -4.5298e-01,
            1.2231e+00, -4.5298e-01],
          [-4.5298e-01, -4.5298e-01, -4.5298e-01,  ..., -4.5298e-01,
            2.9033e-01, -4.5298e-01]]],


        [[[-4.5298e-01, -4.5298e-01, -4.5298e-01,  ...,  1.1053e+00,
           -4.5298e-01, -4.5298e-01],
          [-1.5928e-01,  2.8944e-01,  9.9464e-01,  ...,  1.7514e+00,
           -4.5298e-01, -4.5298e-01],
          [-4.5298e-01,  1.6895e-01, -4.5298e-01,  ..., -4.5298e-01,
           -4.5298e-01, -4.5298e-01],
          ...,
          [ 1.1871e+00, -4.5298e-01, -4.5298e-01,  ...,  2.7878e+00,
            1.8287e+00, -4.5298e-01],
          [ 1.1896e+00, -4.5298e-01, -4.5298e-01,  ..., -4.3174e-02,
            1.1203e+00, -4.5298e-01],
          [ 3.0581e+00, -4.5298e-01,  3.6000e-02,  ..., -4.5298e-01,
           -4.5298e-01, -4.5298e-01]]],


        [[[ 3.6540e-01,  1.6413e+00,  3.0593e+00,  ..., -4.5298e-01,
           -4.5298e-01, -4.5298e-01],
          [-4.5298e-01, -4.5298e-01,  2.1479e-01,  ...,  2.1318e-01,
           -4.5298e-01, -4.5298e-01],
          [ 1.8189e-01,  5.2874e+00,  1.4055e+00,  ..., -4.5298e-01,
           -4.0728e-01, -4.5298e-01],
          ...,
          [ 4.7529e-01, -1.2263e-02, -4.5298e-01,  ..., -4.5298e-01,
           -4.5298e-01, -2.8039e-01],
          [-4.5298e-01,  2.9161e-01, -4.5298e-01,  ..., -4.5298e-01,
           -3.0948e-01, -4.5298e-01],
          [-1.0708e-01, -3.4650e-01, -4.5298e-01,  ..., -4.5298e-01,
           -2.2627e-01, -4.5298e-01]]]], device='cuda:0', dtype=torch.float64,
       grad_fn=<CopyBackwards>) tensor([[[[-1.2821,  0.6669,  0.4642,  ...,     nan,  2.3103,     nan],
          [-2.7458,  0.0341,     nan,  ...,     nan,  1.7041,     nan],
          [ 0.3436,  0.4796,     nan,  ...,  1.8679,  0.4279,     nan],
          ...,
          [-0.7993,     nan,     nan,  ...,     nan,     nan,     nan],
          [    nan, -1.1112,     nan,  ...,     nan, -1.1980,     nan],
          [-1.5266,     nan,     nan,  ...,     nan,     nan, -1.8498]]],


        [[[    nan,     nan,     nan,  ...,  0.2899, -0.4403,     nan],
          [-0.1299,     nan, -0.1850,  ...,     nan, -0.8635,     nan],
          [    nan, -2.5773,     nan,  ...,     nan,  2.1995,     nan],
          ...,
          [ 0.1633,     nan, -1.9992,  ...,     nan,     nan,     nan],
          [    nan,  0.6368,     nan,  ..., -1.7056,     nan,     nan],
          [ 0.5469, -3.1277,     nan,  ...,     nan,     nan,     nan]]],


        [[[-0.6747,  0.2228,     nan,  ...,     nan,     nan,     nan],
          [-0.0793,     nan,     nan,  ...,     nan,     nan,     nan],
          [ 0.9121,  0.0145,     nan,  ...,     nan, -0.8220,     nan],
          ...,
          [-2.4210,  1.0695,     nan,  ...,     nan,     nan, -2.4265],
          [    nan,  0.1922,     nan,  ...,     nan,     nan,     nan],
          [    nan,     nan,     nan,  ...,     nan,     nan, -2.9703]]],


        ...,


        [[[    nan,     nan,     nan,  ...,  0.3981, -1.7163,     nan],
          [ 0.3782,     nan,     nan,  ..., -0.3931, -0.0189,     nan],
          [ 1.3693,  0.1721,     nan,  ...,     nan,  0.0876,     nan],
          ...,
          [-1.8625,  0.2855,     nan,  ...,     nan, -2.4969, -0.1397],
          [    nan,  0.0385,     nan,  ...,     nan,  0.2014,     nan],
          [    nan,     nan,     nan,  ...,     nan, -1.2367,     nan]]],


        [[[    nan,     nan,     nan,  ...,  0.1001,     nan,     nan],
          [    nan, -1.2398, -0.0054,  ...,  0.5604,     nan,     nan],
          [    nan, -1.7781,     nan,  ...,     nan,     nan,     nan],
          ...,
          [ 0.1715,     nan,     nan,  ...,  1.0253,  0.6036,     nan],
          [ 0.1736,     nan,     nan,  ...,     nan,  0.1136,     nan],
          [ 1.1178,     nan, -3.3242,  ...,     nan,     nan,     nan]]],


        [[[-1.0068,  0.4955,  1.1182,  ...,     nan,     nan,     nan],
          [    nan,     nan, -1.5381,  ..., -1.5456,     nan,     nan],
          [-1.7043,  1.6653,  0.3404,  ...,     nan,     nan,     nan],
          ...,
          [-0.7438,     nan,     nan,  ...,     nan,     nan,     nan],
          [    nan, -1.2324,     nan,  ...,     nan,     nan,     nan],
          [    nan,     nan,     nan,  ...,     nan,     nan,     nan]]]],
       device='cuda:0', dtype=torch.float64, grad_fn=<LogBackward>)
train >>> epoch: 1/100, batch: 1/14, mean_loss: nan
tensor([[[[nan, nan, nan,  ..., nan, nan, nan],
          [nan, nan, nan,  ..., nan, nan, nan],
          [nan, nan, nan,  ..., nan, nan, nan],
          ...,
          [nan, nan, nan,  ..., nan, nan, nan],
          [nan, nan, nan,  ..., nan, nan, nan],
          [nan, nan, nan,  ..., nan, nan, nan]]],


        [[[nan, nan, nan,  ..., nan, nan, nan],
          [nan, nan, nan,  ..., nan, nan, nan],
          [nan, nan, nan,  ..., nan, nan, nan],
          ...,
          [nan, nan, nan,  ..., nan, nan, nan],
          [nan, nan, nan,  ..., nan, nan, nan],
          [nan, nan, nan,  ..., nan, nan, nan]]],


        [[[nan, nan, nan,  ..., nan, nan, nan],
          [nan, nan, nan,  ..., nan, nan, nan],
          [nan, nan, nan,  ..., nan, nan, nan],
          ...,
          [nan, nan, nan,  ..., nan, nan, nan],
          [nan, nan, nan,  ..., nan, nan, nan],
          [nan, nan, nan,  ..., nan, nan, nan]]],


        ...,


        [[[nan, nan, nan,  ..., nan, nan, nan],
          [nan, nan, nan,  ..., nan, nan, nan],
          [nan, nan, nan,  ..., nan, nan, nan],
          ...,
          [nan, nan, nan,  ..., nan, nan, nan],
          [nan, nan, nan,  ..., nan, nan, nan],
          [nan, nan, nan,  ..., nan, nan, nan]]],


        [[[nan, nan, nan,  ..., nan, nan, nan],
          [nan, nan, nan,  ..., nan, nan, nan],
          [nan, nan, nan,  ..., nan, nan, nan],
          ...,
          [nan, nan, nan,  ..., nan, nan, nan],
          [nan, nan, nan,  ..., nan, nan, nan],
          [nan, nan, nan,  ..., nan, nan, nan]]],


        [[[nan, nan, nan,  ..., nan, nan, nan],
          [nan, nan, nan,  ..., nan, nan, nan],
          [nan, nan, nan,  ..., nan, nan, nan],
          ...,
          [nan, nan, nan,  ..., nan, nan, nan],
          [nan, nan, nan,  ..., nan, nan, nan],
          [nan, nan, nan,  ..., nan, nan, nan]]]], device='cuda:0',
       dtype=torch.float64, grad_fn=<CopyBackwards>) tensor([[[[nan, nan, nan,  ..., nan, nan, nan],
          [nan, nan, nan,  ..., nan, nan, nan],
          [nan, nan, nan,  ..., nan, nan, nan],
          ...,
          [nan, nan, nan,  ..., nan, nan, nan],
          [nan, nan, nan,  ..., nan, nan, nan],
          [nan, nan, nan,  ..., nan, nan, nan]]],


        [[[nan, nan, nan,  ..., nan, nan, nan],
          [nan, nan, nan,  ..., nan, nan, nan],
          [nan, nan, nan,  ..., nan, nan, nan],
          ...,
          [nan, nan, nan,  ..., nan, nan, nan],
          [nan, nan, nan,  ..., nan, nan, nan],
          [nan, nan, nan,  ..., nan, nan, nan]]],


        [[[nan, nan, nan,  ..., nan, nan, nan],
          [nan, nan, nan,  ..., nan, nan, nan],
          [nan, nan, nan,  ..., nan, nan, nan],
          ...,
          [nan, nan, nan,  ..., nan, nan, nan],
          [nan, nan, nan,  ..., nan, nan, nan],
          [nan, nan, nan,  ..., nan, nan, nan]]],


        ...,


        [[[nan, nan, nan,  ..., nan, nan, nan],
          [nan, nan, nan,  ..., nan, nan, nan],
          [nan, nan, nan,  ..., nan, nan, nan],
          ...,
          [nan, nan, nan,  ..., nan, nan, nan],
          [nan, nan, nan,  ..., nan, nan, nan],
          [nan, nan, nan,  ..., nan, nan, nan]]],


        [[[nan, nan, nan,  ..., nan, nan, nan],
          [nan, nan, nan,  ..., nan, nan, nan],
          [nan, nan, nan,  ..., nan, nan, nan],
          ...,
          [nan, nan, nan,  ..., nan, nan, nan],
          [nan, nan, nan,  ..., nan, nan, nan],
          [nan, nan, nan,  ..., nan, nan, nan]]],


        [[[nan, nan, nan,  ..., nan, nan, nan],
          [nan, nan, nan,  ..., nan, nan, nan],
          [nan, nan, nan,  ..., nan, nan, nan],
          ...,
          [nan, nan, nan,  ..., nan, nan, nan],
          [nan, nan, nan,  ..., nan, nan, nan],
          [nan, nan, nan,  ..., nan, nan, nan]]]], device='cuda:0',
       dtype=torch.float64, grad_fn=<LogBackward>)
train >>> epoch: 1/100, batch: 2/14, mean_loss: nan
tensor([[[[nan, nan, nan,  ..., nan, nan, nan],
          [nan, nan, nan,  ..., nan, nan, nan],
          [nan, nan, nan,  ..., nan, nan, nan],
          ...,
          [nan, nan, nan,  ..., nan, nan, nan],
          [nan, nan, nan,  ..., nan, nan, nan],
          [nan, nan, nan,  ..., nan, nan, nan]]],


        [[[nan, nan, nan,  ..., nan, nan, nan],
          [nan, nan, nan,  ..., nan, nan, nan],
          [nan, nan, nan,  ..., nan, nan, nan],
          ...,
          [nan, nan, nan,  ..., nan, nan, nan],
          [nan, nan, nan,  ..., nan, nan, nan],
          [nan, nan, nan,  ..., nan, nan, nan]]],


        [[[nan, nan, nan,  ..., nan, nan, nan],
          [nan, nan, nan,  ..., nan, nan, nan],
          [nan, nan, nan,  ..., nan, nan, nan],
          ...,
          [nan, nan, nan,  ..., nan, nan, nan],
          [nan, nan, nan,  ..., nan, nan, nan],
          [nan, nan, nan,  ..., nan, nan, nan]]],


        ...,


        [[[nan, nan, nan,  ..., nan, nan, nan],
          [nan, nan, nan,  ..., nan, nan, nan],
          [nan, nan, nan,  ..., nan, nan, nan],
          ...,
          [nan, nan, nan,  ..., nan, nan, nan],
          [nan, nan, nan,  ..., nan, nan, nan],
          [nan, nan, nan,  ..., nan, nan, nan]]],


        [[[nan, nan, nan,  ..., nan, nan, nan],
          [nan, nan, nan,  ..., nan, nan, nan],
          [nan, nan, nan,  ..., nan, nan, nan],
          ...,
          [nan, nan, nan,  ..., nan, nan, nan],
          [nan, nan, nan,  ..., nan, nan, nan],
          [nan, nan, nan,  ..., nan, nan, nan]]],


        [[[nan, nan, nan,  ..., nan, nan, nan],
          [nan, nan, nan,  ..., nan, nan, nan],
          [nan, nan, nan,  ..., nan, nan, nan],
          ...,
          [nan, nan, nan,  ..., nan, nan, nan],
          [nan, nan, nan,  ..., nan, nan, nan],
          [nan, nan, nan,  ..., nan, nan, nan]]]], device='cuda:0',
       dtype=torch.float64, grad_fn=<CopyBackwards>) tensor([[[[nan, nan, nan,  ..., nan, nan, nan],
          [nan, nan, nan,  ..., nan, nan, nan],
          [nan, nan, nan,  ..., nan, nan, nan],
          ...,
          [nan, nan, nan,  ..., nan, nan, nan],
          [nan, nan, nan,  ..., nan, nan, nan],
          [nan, nan, nan,  ..., nan, nan, nan]]],


        [[[nan, nan, nan,  ..., nan, nan, nan],
          [nan, nan, nan,  ..., nan, nan, nan],
          [nan, nan, nan,  ..., nan, nan, nan],
          ...,
          [nan, nan, nan,  ..., nan, nan, nan],
          [nan, nan, nan,  ..., nan, nan, nan],
          [nan, nan, nan,  ..., nan, nan, nan]]],


        [[[nan, nan, nan,  ..., nan, nan, nan],
          [nan, nan, nan,  ..., nan, nan, nan],
          [nan, nan, nan,  ..., nan, nan, nan],
          ...,
          [nan, nan, nan,  ..., nan, nan, nan],
          [nan, nan, nan,  ..., nan, nan, nan],
          [nan, nan, nan,  ..., nan, nan, nan]]],


        ...,


        [[[nan, nan, nan,  ..., nan, nan, nan],
          [nan, nan, nan,  ..., nan, nan, nan],
          [nan, nan, nan,  ..., nan, nan, nan],
          ...,
          [nan, nan, nan,  ..., nan, nan, nan],
          [nan, nan, nan,  ..., nan, nan, nan],
          [nan, nan, nan,  ..., nan, nan, nan]]],


        [[[nan, nan, nan,  ..., nan, nan, nan],
          [nan, nan, nan,  ..., nan, nan, nan],
          [nan, nan, nan,  ..., nan, nan, nan],
          ...,
          [nan, nan, nan,  ..., nan, nan, nan],
          [nan, nan, nan,  ..., nan, nan, nan],
          [nan, nan, nan,  ..., nan, nan, nan]]],


        [[[nan, nan, nan,  ..., nan, nan, nan],
          [nan, nan, nan,  ..., nan, nan, nan],
          [nan, nan, nan,  ..., nan, nan, nan],
          ...,
          [nan, nan, nan,  ..., nan, nan, nan],
          [nan, nan, nan,  ..., nan, nan, nan],
          [nan, nan, nan,  ..., nan, nan, nan]]]], device='cuda:0',
       dtype=torch.float64, grad_fn=<LogBackward>)
train >>> epoch: 1/100, batch: 3/14, mean_loss: nan
tensor([[[[nan, nan, nan,  ..., nan, nan, nan],
          [nan, nan, nan,  ..., nan, nan, nan],
          [nan, nan, nan,  ..., nan, nan, nan],
          ...,
          [nan, nan, nan,  ..., nan, nan, nan],
          [nan, nan, nan,  ..., nan, nan, nan],
          [nan, nan, nan,  ..., nan, nan, nan]]],


        [[[nan, nan, nan,  ..., nan, nan, nan],
          [nan, nan, nan,  ..., nan, nan, nan],
          [nan, nan, nan,  ..., nan, nan, nan],
          ...,
          [nan, nan, nan,  ..., nan, nan, nan],
          [nan, nan, nan,  ..., nan, nan, nan],
          [nan, nan, nan,  ..., nan, nan, nan]]],


        [[[nan, nan, nan,  ..., nan, nan, nan],
          [nan, nan, nan,  ..., nan, nan, nan],
          [nan, nan, nan,  ..., nan, nan, nan],
          ...,
          [nan, nan, nan,  ..., nan, nan, nan],
          [nan, nan, nan,  ..., nan, nan, nan],
          [nan, nan, nan,  ..., nan, nan, nan]]],


        ...,


        [[[nan, nan, nan,  ..., nan, nan, nan],
          [nan, nan, nan,  ..., nan, nan, nan],
          [nan, nan, nan,  ..., nan, nan, nan],
          ...,
          [nan, nan, nan,  ..., nan, nan, nan],
          [nan, nan, nan,  ..., nan, nan, nan],
          [nan, nan, nan,  ..., nan, nan, nan]]],


        [[[nan, nan, nan,  ..., nan, nan, nan],
          [nan, nan, nan,  ..., nan, nan, nan],
          [nan, nan, nan,  ..., nan, nan, nan],
          ...,
          [nan, nan, nan,  ..., nan, nan, nan],
          [nan, nan, nan,  ..., nan, nan, nan],
          [nan, nan, nan,  ..., nan, nan, nan]]],


        [[[nan, nan, nan,  ..., nan, nan, nan],
          [nan, nan, nan,  ..., nan, nan, nan],
          [nan, nan, nan,  ..., nan, nan, nan],
          ...,
          [nan, nan, nan,  ..., nan, nan, nan],
          [nan, nan, nan,  ..., nan, nan, nan],
          [nan, nan, nan,  ..., nan, nan, nan]]]], device='cuda:0',
       dtype=torch.float64, grad_fn=<CopyBackwards>) tensor([[[[nan, nan, nan,  ..., nan, nan, nan],
          [nan, nan, nan,  ..., nan, nan, nan],
          [nan, nan, nan,  ..., nan, nan, nan],
          ...,
          [nan, nan, nan,  ..., nan, nan, nan],
          [nan, nan, nan,  ..., nan, nan, nan],
          [nan, nan, nan,  ..., nan, nan, nan]]],


        [[[nan, nan, nan,  ..., nan, nan, nan],
          [nan, nan, nan,  ..., nan, nan, nan],
          [nan, nan, nan,  ..., nan, nan, nan],
          ...,
          [nan, nan, nan,  ..., nan, nan, nan],
          [nan, nan, nan,  ..., nan, nan, nan],
          [nan, nan, nan,  ..., nan, nan, nan]]],


        [[[nan, nan, nan,  ..., nan, nan, nan],
          [nan, nan, nan,  ..., nan, nan, nan],
          [nan, nan, nan,  ..., nan, nan, nan],
          ...,
          [nan, nan, nan,  ..., nan, nan, nan],
          [nan, nan, nan,  ..., nan, nan, nan],
          [nan, nan, nan,  ..., nan, nan, nan]]],


        ...,


        [[[nan, nan, nan,  ..., nan, nan, nan],
          [nan, nan, nan,  ..., nan, nan, nan],
          [nan, nan, nan,  ..., nan, nan, nan],
          ...,
          [nan, nan, nan,  ..., nan, nan, nan],
          [nan, nan, nan,  ..., nan, nan, nan],
          [nan, nan, nan,  ..., nan, nan, nan]]],


        [[[nan, nan, nan,  ..., nan, nan, nan],
          [nan, nan, nan,  ..., nan, nan, nan],
          [nan, nan, nan,  ..., nan, nan, nan],
          ...,
          [nan, nan, nan,  ..., nan, nan, nan],
          [nan, nan, nan,  ..., nan, nan, nan],
          [nan, nan, nan,  ..., nan, nan, nan]]],


        [[[nan, nan, nan,  ..., nan, nan, nan],
          [nan, nan, nan,  ..., nan, nan, nan],
          [nan, nan, nan,  ..., nan, nan, nan],
          ...,
          [nan, nan, nan,  ..., nan, nan, nan],
          [nan, nan, nan,  ..., nan, nan, nan],
          [nan, nan, nan,  ..., nan, nan, nan]]]], device='cuda:0',
       dtype=torch.float64, grad_fn=<LogBackward>)
train >>> epoch: 1/100, batch: 4/14, mean_loss: nan
tensor([[[[nan, nan, nan,  ..., nan, nan, nan],
          [nan, nan, nan,  ..., nan, nan, nan],
          [nan, nan, nan,  ..., nan, nan, nan],
          ...,
          [nan, nan, nan,  ..., nan, nan, nan],
          [nan, nan, nan,  ..., nan, nan, nan],
          [nan, nan, nan,  ..., nan, nan, nan]]],


        [[[nan, nan, nan,  ..., nan, nan, nan],
          [nan, nan, nan,  ..., nan, nan, nan],
          [nan, nan, nan,  ..., nan, nan, nan],
          ...,
          [nan, nan, nan,  ..., nan, nan, nan],
          [nan, nan, nan,  ..., nan, nan, nan],
          [nan, nan, nan,  ..., nan, nan, nan]]],


        [[[nan, nan, nan,  ..., nan, nan, nan],
          [nan, nan, nan,  ..., nan, nan, nan],
          [nan, nan, nan,  ..., nan, nan, nan],
          ...,
          [nan, nan, nan,  ..., nan, nan, nan],
          [nan, nan, nan,  ..., nan, nan, nan],
          [nan, nan, nan,  ..., nan, nan, nan]]],


        ...,


        [[[nan, nan, nan,  ..., nan, nan, nan],
          [nan, nan, nan,  ..., nan, nan, nan],
          [nan, nan, nan,  ..., nan, nan, nan],
          ...,
          [nan, nan, nan,  ..., nan, nan, nan],
          [nan, nan, nan,  ..., nan, nan, nan],
          [nan, nan, nan,  ..., nan, nan, nan]]],


        [[[nan, nan, nan,  ..., nan, nan, nan],
          [nan, nan, nan,  ..., nan, nan, nan],
          [nan, nan, nan,  ..., nan, nan, nan],
          ...,
          [nan, nan, nan,  ..., nan, nan, nan],
          [nan, nan, nan,  ..., nan, nan, nan],
          [nan, nan, nan,  ..., nan, nan, nan]]],


        [[[nan, nan, nan,  ..., nan, nan, nan],
          [nan, nan, nan,  ..., nan, nan, nan],
          [nan, nan, nan,  ..., nan, nan, nan],
          ...,
          [nan, nan, nan,  ..., nan, nan, nan],
          [nan, nan, nan,  ..., nan, nan, nan],
          [nan, nan, nan,  ..., nan, nan, nan]]]], device='cuda:0',
       dtype=torch.float64, grad_fn=<CopyBackwards>) tensor([[[[nan, nan, nan,  ..., nan, nan, nan],
          [nan, nan, nan,  ..., nan, nan, nan],
          [nan, nan, nan,  ..., nan, nan, nan],
          ...,
          [nan, nan, nan,  ..., nan, nan, nan],
          [nan, nan, nan,  ..., nan, nan, nan],
          [nan, nan, nan,  ..., nan, nan, nan]]],


        [[[nan, nan, nan,  ..., nan, nan, nan],
          [nan, nan, nan,  ..., nan, nan, nan],
          [nan, nan, nan,  ..., nan, nan, nan],
          ...,
          [nan, nan, nan,  ..., nan, nan, nan],
          [nan, nan, nan,  ..., nan, nan, nan],
          [nan, nan, nan,  ..., nan, nan, nan]]],


        [[[nan, nan, nan,  ..., nan, nan, nan],
          [nan, nan, nan,  ..., nan, nan, nan],
          [nan, nan, nan,  ..., nan, nan, nan],
          ...,
          [nan, nan, nan,  ..., nan, nan, nan],
          [nan, nan, nan,  ..., nan, nan, nan],
          [nan, nan, nan,  ..., nan, nan, nan]]],


        ...,


        [[[nan, nan, nan,  ..., nan, nan, nan],
          [nan, nan, nan,  ..., nan, nan, nan],
          [nan, nan, nan,  ..., nan, nan, nan],
          ...,
          [nan, nan, nan,  ..., nan, nan, nan],
          [nan, nan, nan,  ..., nan, nan, nan],
          [nan, nan, nan,  ..., nan, nan, nan]]],


        [[[nan, nan, nan,  ..., nan, nan, nan],
          [nan, nan, nan,  ..., nan, nan, nan],
          [nan, nan, nan,  ..., nan, nan, nan],
          ...,
          [nan, nan, nan,  ..., nan, nan, nan],
          [nan, nan, nan,  ..., nan, nan, nan],
          [nan, nan, nan,  ..., nan, nan, nan]]],


        [[[nan, nan, nan,  ..., nan, nan, nan],
          [nan, nan, nan,  ..., nan, nan, nan],
          [nan, nan, nan,  ..., nan, nan, nan],
          ...,
          [nan, nan, nan,  ..., nan, nan, nan],
          [nan, nan, nan,  ..., nan, nan, nan],
          [nan, nan, nan,  ..., nan, nan, nan]]]], device='cuda:0',
       dtype=torch.float64, grad_fn=<LogBackward>)
train >>> epoch: 1/100, batch: 5/14, mean_loss: nan
tensor([[[[nan, nan, nan,  ..., nan, nan, nan],
          [nan, nan, nan,  ..., nan, nan, nan],
          [nan, nan, nan,  ..., nan, nan, nan],
          ...,
          [nan, nan, nan,  ..., nan, nan, nan],
          [nan, nan, nan,  ..., nan, nan, nan],
          [nan, nan, nan,  ..., nan, nan, nan]]],


        [[[nan, nan, nan,  ..., nan, nan, nan],
          [nan, nan, nan,  ..., nan, nan, nan],
          [nan, nan, nan,  ..., nan, nan, nan],
          ...,
          [nan, nan, nan,  ..., nan, nan, nan],
          [nan, nan, nan,  ..., nan, nan, nan],
          [nan, nan, nan,  ..., nan, nan, nan]]],


        [[[nan, nan, nan,  ..., nan, nan, nan],
          [nan, nan, nan,  ..., nan, nan, nan],
          [nan, nan, nan,  ..., nan, nan, nan],
          ...,
          [nan, nan, nan,  ..., nan, nan, nan],
          [nan, nan, nan,  ..., nan, nan, nan],
          [nan, nan, nan,  ..., nan, nan, nan]]],


        ...,


        [[[nan, nan, nan,  ..., nan, nan, nan],
          [nan, nan, nan,  ..., nan, nan, nan],
          [nan, nan, nan,  ..., nan, nan, nan],
          ...,
          [nan, nan, nan,  ..., nan, nan, nan],
          [nan, nan, nan,  ..., nan, nan, nan],
          [nan, nan, nan,  ..., nan, nan, nan]]],


        [[[nan, nan, nan,  ..., nan, nan, nan],
          [nan, nan, nan,  ..., nan, nan, nan],
          [nan, nan, nan,  ..., nan, nan, nan],
          ...,
          [nan, nan, nan,  ..., nan, nan, nan],
          [nan, nan, nan,  ..., nan, nan, nan],
          [nan, nan, nan,  ..., nan, nan, nan]]],


        [[[nan, nan, nan,  ..., nan, nan, nan],
          [nan, nan, nan,  ..., nan, nan, nan],
          [nan, nan, nan,  ..., nan, nan, nan],
          ...,
          [nan, nan, nan,  ..., nan, nan, nan],
          [nan, nan, nan,  ..., nan, nan, nan],
          [nan, nan, nan,  ..., nan, nan, nan]]]], device='cuda:0',
       dtype=torch.float64, grad_fn=<CopyBackwards>) tensor([[[[nan, nan, nan,  ..., nan, nan, nan],
          [nan, nan, nan,  ..., nan, nan, nan],
          [nan, nan, nan,  ..., nan, nan, nan],
          ...,
          [nan, nan, nan,  ..., nan, nan, nan],
          [nan, nan, nan,  ..., nan, nan, nan],
          [nan, nan, nan,  ..., nan, nan, nan]]],


        [[[nan, nan, nan,  ..., nan, nan, nan],
          [nan, nan, nan,  ..., nan, nan, nan],
          [nan, nan, nan,  ..., nan, nan, nan],
          ...,
          [nan, nan, nan,  ..., nan, nan, nan],
          [nan, nan, nan,  ..., nan, nan, nan],
          [nan, nan, nan,  ..., nan, nan, nan]]],


        [[[nan, nan, nan,  ..., nan, nan, nan],
          [nan, nan, nan,  ..., nan, nan, nan],
          [nan, nan, nan,  ..., nan, nan, nan],
          ...,
          [nan, nan, nan,  ..., nan, nan, nan],
          [nan, nan, nan,  ..., nan, nan, nan],
          [nan, nan, nan,  ..., nan, nan, nan]]],


        ...,


        [[[nan, nan, nan,  ..., nan, nan, nan],
          [nan, nan, nan,  ..., nan, nan, nan],
          [nan, nan, nan,  ..., nan, nan, nan],
          ...,
          [nan, nan, nan,  ..., nan, nan, nan],
          [nan, nan, nan,  ..., nan, nan, nan],
          [nan, nan, nan,  ..., nan, nan, nan]]],


        [[[nan, nan, nan,  ..., nan, nan, nan],
          [nan, nan, nan,  ..., nan, nan, nan],
          [nan, nan, nan,  ..., nan, nan, nan],
          ...,
          [nan, nan, nan,  ..., nan, nan, nan],
          [nan, nan, nan,  ..., nan, nan, nan],
          [nan, nan, nan,  ..., nan, nan, nan]]],


        [[[nan, nan, nan,  ..., nan, nan, nan],
          [nan, nan, nan,  ..., nan, nan, nan],
          [nan, nan, nan,  ..., nan, nan, nan],
          ...,
          [nan, nan, nan,  ..., nan, nan, nan],
          [nan, nan, nan,  ..., nan, nan, nan],
          [nan, nan, nan,  ..., nan, nan, nan]]]], device='cuda:0',
       dtype=torch.float64, grad_fn=<LogBackward>)
train >>> epoch: 1/100, batch: 6/14, mean_loss: nan
tensor([[[[nan, nan, nan,  ..., nan, nan, nan],
          [nan, nan, nan,  ..., nan, nan, nan],
          [nan, nan, nan,  ..., nan, nan, nan],
          ...,
          [nan, nan, nan,  ..., nan, nan, nan],
          [nan, nan, nan,  ..., nan, nan, nan],
          [nan, nan, nan,  ..., nan, nan, nan]]],


        [[[nan, nan, nan,  ..., nan, nan, nan],
          [nan, nan, nan,  ..., nan, nan, nan],
          [nan, nan, nan,  ..., nan, nan, nan],
          ...,
          [nan, nan, nan,  ..., nan, nan, nan],
          [nan, nan, nan,  ..., nan, nan, nan],
          [nan, nan, nan,  ..., nan, nan, nan]]],


        [[[nan, nan, nan,  ..., nan, nan, nan],
          [nan, nan, nan,  ..., nan, nan, nan],
          [nan, nan, nan,  ..., nan, nan, nan],
          ...,
          [nan, nan, nan,  ..., nan, nan, nan],
          [nan, nan, nan,  ..., nan, nan, nan],
          [nan, nan, nan,  ..., nan, nan, nan]]],


        ...,


        [[[nan, nan, nan,  ..., nan, nan, nan],
          [nan, nan, nan,  ..., nan, nan, nan],
          [nan, nan, nan,  ..., nan, nan, nan],
          ...,
          [nan, nan, nan,  ..., nan, nan, nan],
          [nan, nan, nan,  ..., nan, nan, nan],
          [nan, nan, nan,  ..., nan, nan, nan]]],


        [[[nan, nan, nan,  ..., nan, nan, nan],
          [nan, nan, nan,  ..., nan, nan, nan],
          [nan, nan, nan,  ..., nan, nan, nan],
          ...,
          [nan, nan, nan,  ..., nan, nan, nan],
          [nan, nan, nan,  ..., nan, nan, nan],
          [nan, nan, nan,  ..., nan, nan, nan]]],


        [[[nan, nan, nan,  ..., nan, nan, nan],
          [nan, nan, nan,  ..., nan, nan, nan],
          [nan, nan, nan,  ..., nan, nan, nan],
          ...,
          [nan, nan, nan,  ..., nan, nan, nan],
          [nan, nan, nan,  ..., nan, nan, nan],
          [nan, nan, nan,  ..., nan, nan, nan]]]], device='cuda:0',
       dtype=torch.float64, grad_fn=<CopyBackwards>) tensor([[[[nan, nan, nan,  ..., nan, nan, nan],
          [nan, nan, nan,  ..., nan, nan, nan],
          [nan, nan, nan,  ..., nan, nan, nan],
          ...,
          [nan, nan, nan,  ..., nan, nan, nan],
          [nan, nan, nan,  ..., nan, nan, nan],
          [nan, nan, nan,  ..., nan, nan, nan]]],


        [[[nan, nan, nan,  ..., nan, nan, nan],
          [nan, nan, nan,  ..., nan, nan, nan],
          [nan, nan, nan,  ..., nan, nan, nan],
          ...,
          [nan, nan, nan,  ..., nan, nan, nan],
          [nan, nan, nan,  ..., nan, nan, nan],
          [nan, nan, nan,  ..., nan, nan, nan]]],


        [[[nan, nan, nan,  ..., nan, nan, nan],
          [nan, nan, nan,  ..., nan, nan, nan],
          [nan, nan, nan,  ..., nan, nan, nan],
          ...,
          [nan, nan, nan,  ..., nan, nan, nan],
          [nan, nan, nan,  ..., nan, nan, nan],
          [nan, nan, nan,  ..., nan, nan, nan]]],


        ...,


        [[[nan, nan, nan,  ..., nan, nan, nan],
          [nan, nan, nan,  ..., nan, nan, nan],
          [nan, nan, nan,  ..., nan, nan, nan],
          ...,
          [nan, nan, nan,  ..., nan, nan, nan],
          [nan, nan, nan,  ..., nan, nan, nan],
          [nan, nan, nan,  ..., nan, nan, nan]]],


        [[[nan, nan, nan,  ..., nan, nan, nan],
          [nan, nan, nan,  ..., nan, nan, nan],
          [nan, nan, nan,  ..., nan, nan, nan],
          ...,
          [nan, nan, nan,  ..., nan, nan, nan],
          [nan, nan, nan,  ..., nan, nan, nan],
          [nan, nan, nan,  ..., nan, nan, nan]]],


        [[[nan, nan, nan,  ..., nan, nan, nan],
          [nan, nan, nan,  ..., nan, nan, nan],
          [nan, nan, nan,  ..., nan, nan, nan],
          ...,
          [nan, nan, nan,  ..., nan, nan, nan],
          [nan, nan, nan,  ..., nan, nan, nan],
          [nan, nan, nan,  ..., nan, nan, nan]]]], device='cuda:0',
       dtype=torch.float64, grad_fn=<LogBackward>)
train >>> epoch: 1/100, batch: 7/14, mean_loss: nan
tensor([[[[nan, nan, nan,  ..., nan, nan, nan],
          [nan, nan, nan,  ..., nan, nan, nan],
          [nan, nan, nan,  ..., nan, nan, nan],
          ...,
          [nan, nan, nan,  ..., nan, nan, nan],
          [nan, nan, nan,  ..., nan, nan, nan],
          [nan, nan, nan,  ..., nan, nan, nan]]],


        [[[nan, nan, nan,  ..., nan, nan, nan],
          [nan, nan, nan,  ..., nan, nan, nan],
          [nan, nan, nan,  ..., nan, nan, nan],
          ...,
          [nan, nan, nan,  ..., nan, nan, nan],
          [nan, nan, nan,  ..., nan, nan, nan],
          [nan, nan, nan,  ..., nan, nan, nan]]],


        [[[nan, nan, nan,  ..., nan, nan, nan],
          [nan, nan, nan,  ..., nan, nan, nan],
          [nan, nan, nan,  ..., nan, nan, nan],
          ...,
          [nan, nan, nan,  ..., nan, nan, nan],
          [nan, nan, nan,  ..., nan, nan, nan],
          [nan, nan, nan,  ..., nan, nan, nan]]],


        ...,


        [[[nan, nan, nan,  ..., nan, nan, nan],
          [nan, nan, nan,  ..., nan, nan, nan],
          [nan, nan, nan,  ..., nan, nan, nan],
          ...,
          [nan, nan, nan,  ..., nan, nan, nan],
          [nan, nan, nan,  ..., nan, nan, nan],
          [nan, nan, nan,  ..., nan, nan, nan]]],


        [[[nan, nan, nan,  ..., nan, nan, nan],
          [nan, nan, nan,  ..., nan, nan, nan],
          [nan, nan, nan,  ..., nan, nan, nan],
          ...,
          [nan, nan, nan,  ..., nan, nan, nan],
          [nan, nan, nan,  ..., nan, nan, nan],
          [nan, nan, nan,  ..., nan, nan, nan]]],


        [[[nan, nan, nan,  ..., nan, nan, nan],
          [nan, nan, nan,  ..., nan, nan, nan],
          [nan, nan, nan,  ..., nan, nan, nan],
          ...,
          [nan, nan, nan,  ..., nan, nan, nan],
          [nan, nan, nan,  ..., nan, nan, nan],
          [nan, nan, nan,  ..., nan, nan, nan]]]], device='cuda:0',
       dtype=torch.float64, grad_fn=<CopyBackwards>) tensor([[[[nan, nan, nan,  ..., nan, nan, nan],
          [nan, nan, nan,  ..., nan, nan, nan],
          [nan, nan, nan,  ..., nan, nan, nan],
          ...,
          [nan, nan, nan,  ..., nan, nan, nan],
          [nan, nan, nan,  ..., nan, nan, nan],
          [nan, nan, nan,  ..., nan, nan, nan]]],


        [[[nan, nan, nan,  ..., nan, nan, nan],
          [nan, nan, nan,  ..., nan, nan, nan],
          [nan, nan, nan,  ..., nan, nan, nan],
          ...,
          [nan, nan, nan,  ..., nan, nan, nan],
          [nan, nan, nan,  ..., nan, nan, nan],
          [nan, nan, nan,  ..., nan, nan, nan]]],


        [[[nan, nan, nan,  ..., nan, nan, nan],
          [nan, nan, nan,  ..., nan, nan, nan],
          [nan, nan, nan,  ..., nan, nan, nan],
          ...,
          [nan, nan, nan,  ..., nan, nan, nan],
          [nan, nan, nan,  ..., nan, nan, nan],
          [nan, nan, nan,  ..., nan, nan, nan]]],


        ...,


        [[[nan, nan, nan,  ..., nan, nan, nan],
          [nan, nan, nan,  ..., nan, nan, nan],
          [nan, nan, nan,  ..., nan, nan, nan],
          ...,
          [nan, nan, nan,  ..., nan, nan, nan],
          [nan, nan, nan,  ..., nan, nan, nan],
          [nan, nan, nan,  ..., nan, nan, nan]]],


        [[[nan, nan, nan,  ..., nan, nan, nan],
          [nan, nan, nan,  ..., nan, nan, nan],
          [nan, nan, nan,  ..., nan, nan, nan],
          ...,
          [nan, nan, nan,  ..., nan, nan, nan],
          [nan, nan, nan,  ..., nan, nan, nan],
          [nan, nan, nan,  ..., nan, nan, nan]]],


        [[[nan, nan, nan,  ..., nan, nan, nan],
          [nan, nan, nan,  ..., nan, nan, nan],
          [nan, nan, nan,  ..., nan, nan, nan],
          ...,
          [nan, nan, nan,  ..., nan, nan, nan],
          [nan, nan, nan,  ..., nan, nan, nan],
          [nan, nan, nan,  ..., nan, nan, nan]]]], device='cuda:0',
       dtype=torch.float64, grad_fn=<LogBackward>)
train >>> epoch: 1/100, batch: 8/14, mean_loss: nan
tensor([[[[nan, nan, nan,  ..., nan, nan, nan],
          [nan, nan, nan,  ..., nan, nan, nan],
          [nan, nan, nan,  ..., nan, nan, nan],
          ...,
          [nan, nan, nan,  ..., nan, nan, nan],
          [nan, nan, nan,  ..., nan, nan, nan],
          [nan, nan, nan,  ..., nan, nan, nan]]],


        [[[nan, nan, nan,  ..., nan, nan, nan],
          [nan, nan, nan,  ..., nan, nan, nan],
          [nan, nan, nan,  ..., nan, nan, nan],
          ...,
          [nan, nan, nan,  ..., nan, nan, nan],
          [nan, nan, nan,  ..., nan, nan, nan],
          [nan, nan, nan,  ..., nan, nan, nan]]],


        [[[nan, nan, nan,  ..., nan, nan, nan],
          [nan, nan, nan,  ..., nan, nan, nan],
          [nan, nan, nan,  ..., nan, nan, nan],
          ...,
          [nan, nan, nan,  ..., nan, nan, nan],
          [nan, nan, nan,  ..., nan, nan, nan],
          [nan, nan, nan,  ..., nan, nan, nan]]],


        ...,


        [[[nan, nan, nan,  ..., nan, nan, nan],
          [nan, nan, nan,  ..., nan, nan, nan],
          [nan, nan, nan,  ..., nan, nan, nan],
          ...,
          [nan, nan, nan,  ..., nan, nan, nan],
          [nan, nan, nan,  ..., nan, nan, nan],
          [nan, nan, nan,  ..., nan, nan, nan]]],


        [[[nan, nan, nan,  ..., nan, nan, nan],
          [nan, nan, nan,  ..., nan, nan, nan],
          [nan, nan, nan,  ..., nan, nan, nan],
          ...,
          [nan, nan, nan,  ..., nan, nan, nan],
          [nan, nan, nan,  ..., nan, nan, nan],
          [nan, nan, nan,  ..., nan, nan, nan]]],


        [[[nan, nan, nan,  ..., nan, nan, nan],
          [nan, nan, nan,  ..., nan, nan, nan],
          [nan, nan, nan,  ..., nan, nan, nan],
          ...,
          [nan, nan, nan,  ..., nan, nan, nan],
          [nan, nan, nan,  ..., nan, nan, nan],
          [nan, nan, nan,  ..., nan, nan, nan]]]], device='cuda:0',
       dtype=torch.float64, grad_fn=<CopyBackwards>) tensor([[[[nan, nan, nan,  ..., nan, nan, nan],
          [nan, nan, nan,  ..., nan, nan, nan],
          [nan, nan, nan,  ..., nan, nan, nan],
          ...,
          [nan, nan, nan,  ..., nan, nan, nan],
          [nan, nan, nan,  ..., nan, nan, nan],
          [nan, nan, nan,  ..., nan, nan, nan]]],


        [[[nan, nan, nan,  ..., nan, nan, nan],
          [nan, nan, nan,  ..., nan, nan, nan],
          [nan, nan, nan,  ..., nan, nan, nan],
          ...,
          [nan, nan, nan,  ..., nan, nan, nan],
          [nan, nan, nan,  ..., nan, nan, nan],
          [nan, nan, nan,  ..., nan, nan, nan]]],


        [[[nan, nan, nan,  ..., nan, nan, nan],
          [nan, nan, nan,  ..., nan, nan, nan],
          [nan, nan, nan,  ..., nan, nan, nan],
          ...,
          [nan, nan, nan,  ..., nan, nan, nan],
          [nan, nan, nan,  ..., nan, nan, nan],
          [nan, nan, nan,  ..., nan, nan, nan]]],


        ...,


        [[[nan, nan, nan,  ..., nan, nan, nan],
          [nan, nan, nan,  ..., nan, nan, nan],
          [nan, nan, nan,  ..., nan, nan, nan],
          ...,
          [nan, nan, nan,  ..., nan, nan, nan],
          [nan, nan, nan,  ..., nan, nan, nan],
          [nan, nan, nan,  ..., nan, nan, nan]]],


        [[[nan, nan, nan,  ..., nan, nan, nan],
          [nan, nan, nan,  ..., nan, nan, nan],
          [nan, nan, nan,  ..., nan, nan, nan],
          ...,
          [nan, nan, nan,  ..., nan, nan, nan],
          [nan, nan, nan,  ..., nan, nan, nan],
          [nan, nan, nan,  ..., nan, nan, nan]]],


        [[[nan, nan, nan,  ..., nan, nan, nan],
          [nan, nan, nan,  ..., nan, nan, nan],
          [nan, nan, nan,  ..., nan, nan, nan],
          ...,
          [nan, nan, nan,  ..., nan, nan, nan],
          [nan, nan, nan,  ..., nan, nan, nan],
          [nan, nan, nan,  ..., nan, nan, nan]]]], device='cuda:0',
       dtype=torch.float64, grad_fn=<LogBackward>)
