2020-01-14-18-48-38
train_hm.py
--------------------------------------------------------------------------------------------------------------------
agg: sum
alpha: 2.0
batchSize: 16
beta: 10
bottleneckFeatures: 0
dir_lf: D:\Data\cs-8395-dl
dir_project: C:\Users\Reasat\Projects\cs-8395-dl\Assignment_1_detection
encoder: unet-vgg11
epoch: 200
folderData: assignment1_data
lr: 0.001
resume_from: None
--------------------------------------------------------------------------------------------------------------------
creating directory to save model at D:\Data\cs-8395-dl\model\2020-01-14-18-48-38
loading images to RAM
train samples 105
loading images to RAM
validation samples 10
using pretrained (ImageNet) vgg11 as encoder
