2020-02-02-23-29-43
train.py
--------------------------------------------------------------------------------------------------------------------
batchSize: 32
bottleneckFeatures: 1
dir_lf: D:\Data\cs-8395-dl
dir_project: ..
encoder: resnet18
epoch: 400
folderData: assignment2_data
lr: 0.001
resume_from: None
--------------------------------------------------------------------------------------------------------------------
creating directory to save model at D:\Data\cs-8395-dl\model\2020-02-02-23-29-43
loading images to RAM
train samples 3
loading images to RAM
validation samples 3
freezing feature extracting layers
[0 1 0 0 0 0 0]
[0 1 0 0 0 0 0]
[0 1 0 0 0 0 0]
tensor([1, 1, 1], device='cuda:0') tensor([[ 0.0542,  0.7235,  1.0916,  0.0888, -0.4508, -0.0462,  0.6902],
        [ 0.4474,  1.2500,  0.6562, -0.6552, -0.3945, -0.4210,  0.1617],
        [ 0.0806,  1.1005,  1.1358,  0.1897, -0.0182, -0.2158,  0.1973]],
       device='cuda:0', grad_fn=<AddmmBackward>)
