2020-02-04-01-31-39
train.py
--------------------------------------------------------------------------------------------------------------------
batchSize: 32
bottleneckFeatures: 0
brightness: [-0.45, 0.45]
contrast: [0.8, 1.25]
dir_lf: D:\Data\cs-8395-dl
dir_project: ..
encoder: resnet18
epoch: 200
folderData: assignment2_data
lr: 1e-05
overrideLR: 1
resume_from: D:\Data\cs-8395-dl\model\2020-02-04-00-45-09\2020-02-04-00-45-09_resnet18_best.pt
--------------------------------------------------------------------------------------------------------------------
creating directory to save model at D:\Data\cs-8395-dl\model\2020-02-04-01-31-39
loading images to RAM
train samples 9015
loading images to RAM
validation samples 1000
resuming training from D:\Data\cs-8395-dl\model\2020-02-04-00-45-09\2020-02-04-00-45-09_resnet18_best.pt
train >>> epoch: 33/232, batch: 1/282, mean_loss: 1.1113, mean_acc: 0.8125
train >>> epoch: 33/232, batch: 2/282, mean_loss: 1.2084, mean_acc: 0.7656
