2020-02-02-23-32-55
train.py
--------------------------------------------------------------------------------------------------------------------
batchSize: 32
bottleneckFeatures: 1
dir_lf: D:\Data\cs-8395-dl
dir_project: ..
encoder: resnet18
epoch: 400
folderData: assignment2_data
lr: 0.001
resume_from: None
--------------------------------------------------------------------------------------------------------------------
creating directory to save model at D:\Data\cs-8395-dl\model\2020-02-02-23-32-55
loading images to RAM
train samples 3
loading images to RAM
validation samples 3
freezing feature extracting layers
tensor([1, 1, 1], device='cuda:0') tensor([[-0.3972,  0.1908, -0.1074, -0.5926,  0.6544, -0.8896, -0.1687],
        [-1.0407, -0.1067, -0.0234, -0.0337,  0.5892, -0.6486, -0.1359],
        [-0.3369,  0.4462, -0.1239, -0.1976,  0.0433, -0.8902, -0.4525]],
       device='cuda:0', grad_fn=<AddmmBackward>)
train >>> epoch: 1/400, batch: 1/1, mean_loss: 1.6675, mean_acc: 0.3333
valid >>> epoch: 1/400, mean_loss: 1.7063, mean_acc: 0.6667
