2020-02-02-23-35-27
train.py
--------------------------------------------------------------------------------------------------------------------
batchSize: 32
bottleneckFeatures: 1
dir_lf: D:\Data\cs-8395-dl
dir_project: ..
encoder: resnet18
epoch: 400
folderData: assignment2_data
lr: 0.001
resume_from: None
--------------------------------------------------------------------------------------------------------------------
creating directory to save model at D:\Data\cs-8395-dl\model\2020-02-02-23-35-27
loading images to RAM
train samples 3
loading images to RAM
validation samples 3
freezing feature extracting layers
tensor([1, 1, 1], device='cuda:0') tensor([[-0.1771,  0.1828,  0.8805, -0.8358, -0.0276,  0.9247, -0.8345],
        [-0.2046, -0.4672,  1.1844, -1.5976,  0.0859,  0.4220, -0.7050],
        [-0.8623, -0.0877,  0.8319, -1.2601,  0.4132, -0.3280, -0.5907]],
       device='cuda:0', grad_fn=<AddmmBackward>)
train >>> epoch: 1/400, batch: 1/1, mean_loss: 2.1778, mean_acc: 0.0000
