2020-02-09-22-09-51
train_bs.py
--------------------------------------------------------------------------------------------------------------------
batchSize: 28
bottleneckFeatures: 0
brightness: [-0.2, 0.2]
contrast: [-0.2, 0.2]
dir_lf: D:\Data\cs-8395-dl
dir_project: ..
encoder: resnet18
epoch: 1
folderData: assignment2_data
lr: 0.001
overrideLR: 1
resize: 256
resume_from: None
to_ram: 0
--------------------------------------------------------------------------------------------------------------------
creating directory to save model at D:\Data\cs-8395-dl\model\2020-02-09-22-09-51
balanced_max:  6130
number of samples in balanced dataset 42910
train samples 9015
validation samples 1000
