2020-02-02-23-46-02
train.py
--------------------------------------------------------------------------------------------------------------------
batchSize: 32
bottleneckFeatures: 1
dir_lf: D:\Data\cs-8395-dl
dir_project: ..
encoder: resnet18
epoch: 400
folderData: assignment2_data
lr: 0.001
resume_from: None
--------------------------------------------------------------------------------------------------------------------
creating directory to save model at D:\Data\cs-8395-dl\model\2020-02-02-23-46-02
loading images to RAM
train samples 3
loading images to RAM
validation samples 3
freezing feature extracting layers
train >>> epoch: 1/400, batch: 1/1, mean_loss: 2.1129, mean_acc: 0.0000
