2020-02-03-00-30-05
train.py
--------------------------------------------------------------------------------------------------------------------
batchSize: 32
bottleneckFeatures: 1
dir_lf: D:\Data\cs-8395-dl
dir_project: ..
encoder: resnet18
epoch: 200
folderData: assignment2_data
lr: 0.001
resume_from: None
--------------------------------------------------------------------------------------------------------------------
creating directory to save model at D:\Data\cs-8395-dl\model\2020-02-03-00-30-05
loading images to RAM
train samples 10
loading images to RAM
validation samples 10
freezing feature extracting layers
train >>> epoch: 1/200, batch: 1/1, mean_loss: 2.0371, mean_acc: 0.0000
valid >>> epoch: 1/200, mean_loss: 1.8086, mean_acc: 0.2000
recall_micro_valid: 0.2000, recall_macro_valid: 0.106667
criteria decreased from inf to 1.8086, saving best model at D:\Data\cs-8395-dl\model\2020-02-03-00-30-05\2020-02-03-00-30-05_resnet18_best.pt
train >>> epoch: 2/200, batch: 1/1, mean_loss: 1.5233, mean_acc: 0.6000
valid >>> epoch: 2/200, mean_loss: 1.5078, mean_acc: 0.6000
recall_micro_valid: 0.6000, recall_macro_valid: 0.533333
criteria decreased from 1.8086 to 1.5078, saving best model at D:\Data\cs-8395-dl\model\2020-02-03-00-30-05\2020-02-03-00-30-05_resnet18_best.pt
train >>> epoch: 3/200, batch: 1/1, mean_loss: 1.1569, mean_acc: 0.7000
valid >>> epoch: 3/200, mean_loss: 1.3078, mean_acc: 0.5000
recall_micro_valid: 0.5000, recall_macro_valid: 0.422222
criteria decreased from 1.5078 to 1.3078, saving best model at D:\Data\cs-8395-dl\model\2020-02-03-00-30-05\2020-02-03-00-30-05_resnet18_best.pt
train >>> epoch: 4/200, batch: 1/1, mean_loss: 0.9159, mean_acc: 0.6000
valid >>> epoch: 4/200, mean_loss: 1.1844, mean_acc: 0.5000
recall_micro_valid: 0.5000, recall_macro_valid: 0.377778
criteria decreased from 1.3078 to 1.1844, saving best model at D:\Data\cs-8395-dl\model\2020-02-03-00-30-05\2020-02-03-00-30-05_resnet18_best.pt
train >>> epoch: 5/200, batch: 1/1, mean_loss: 0.7684, mean_acc: 0.7000
valid >>> epoch: 5/200, mean_loss: 1.1230, mean_acc: 0.4000
recall_micro_valid: 0.4000, recall_macro_valid: 0.266667
criteria decreased from 1.1844 to 1.1230, saving best model at D:\Data\cs-8395-dl\model\2020-02-03-00-30-05\2020-02-03-00-30-05_resnet18_best.pt
train >>> epoch: 6/200, batch: 1/1, mean_loss: 0.6777, mean_acc: 0.6000
valid >>> epoch: 6/200, mean_loss: 1.0997, mean_acc: 0.5000
recall_micro_valid: 0.5000, recall_macro_valid: 0.333333
criteria decreased from 1.1230 to 1.0997, saving best model at D:\Data\cs-8395-dl\model\2020-02-03-00-30-05\2020-02-03-00-30-05_resnet18_best.pt
train >>> epoch: 7/200, batch: 1/1, mean_loss: 0.6118, mean_acc: 0.6000
valid >>> epoch: 7/200, mean_loss: 1.0946, mean_acc: 0.5000
recall_micro_valid: 0.5000, recall_macro_valid: 0.333333
criteria decreased from 1.0997 to 1.0946, saving best model at D:\Data\cs-8395-dl\model\2020-02-03-00-30-05\2020-02-03-00-30-05_resnet18_best.pt
train >>> epoch: 8/200, batch: 1/1, mean_loss: 0.5521, mean_acc: 0.6000
valid >>> epoch: 8/200, mean_loss: 1.0938, mean_acc: 0.5000
recall_micro_valid: 0.5000, recall_macro_valid: 0.333333
criteria decreased from 1.0946 to 1.0938, saving best model at D:\Data\cs-8395-dl\model\2020-02-03-00-30-05\2020-02-03-00-30-05_resnet18_best.pt
train >>> epoch: 9/200, batch: 1/1, mean_loss: 0.4924, mean_acc: 0.7000
valid >>> epoch: 9/200, mean_loss: 1.0874, mean_acc: 0.5000
recall_micro_valid: 0.5000, recall_macro_valid: 0.333333
criteria decreased from 1.0938 to 1.0874, saving best model at D:\Data\cs-8395-dl\model\2020-02-03-00-30-05\2020-02-03-00-30-05_resnet18_best.pt
train >>> epoch: 10/200, batch: 1/1, mean_loss: 0.4341, mean_acc: 0.7000
valid >>> epoch: 10/200, mean_loss: 1.0844, mean_acc: 0.5000
recall_micro_valid: 0.5000, recall_macro_valid: 0.333333
criteria decreased from 1.0874 to 1.0844, saving best model at D:\Data\cs-8395-dl\model\2020-02-03-00-30-05\2020-02-03-00-30-05_resnet18_best.pt
train >>> epoch: 11/200, batch: 1/1, mean_loss: 0.3808, mean_acc: 1.0000
valid >>> epoch: 11/200, mean_loss: 1.0897, mean_acc: 0.5000
recall_micro_valid: 0.5000, recall_macro_valid: 0.333333
train >>> epoch: 12/200, batch: 1/1, mean_loss: 0.3356, mean_acc: 1.0000
valid >>> epoch: 12/200, mean_loss: 1.0985, mean_acc: 0.5000
recall_micro_valid: 0.5000, recall_macro_valid: 0.377778
train >>> epoch: 13/200, batch: 1/1, mean_loss: 0.2990, mean_acc: 1.0000
valid >>> epoch: 13/200, mean_loss: 1.1041, mean_acc: 0.5000
recall_micro_valid: 0.5000, recall_macro_valid: 0.377778
train >>> epoch: 14/200, batch: 1/1, mean_loss: 0.2695, mean_acc: 1.0000
valid >>> epoch: 14/200, mean_loss: 1.1062, mean_acc: 0.4000
recall_micro_valid: 0.4000, recall_macro_valid: 0.311111
train >>> epoch: 15/200, batch: 1/1, mean_loss: 0.2445, mean_acc: 1.0000
valid >>> epoch: 15/200, mean_loss: 1.1015, mean_acc: 0.4000
recall_micro_valid: 0.4000, recall_macro_valid: 0.311111
train >>> epoch: 16/200, batch: 1/1, mean_loss: 0.2220, mean_acc: 1.0000
valid >>> epoch: 16/200, mean_loss: 1.0907, mean_acc: 0.4000
recall_micro_valid: 0.4000, recall_macro_valid: 0.311111
train >>> epoch: 17/200, batch: 1/1, mean_loss: 0.2011, mean_acc: 1.0000
valid >>> epoch: 17/200, mean_loss: 1.0832, mean_acc: 0.5000
recall_micro_valid: 0.5000, recall_macro_valid: 0.377778
criteria decreased from 1.0844 to 1.0832, saving best model at D:\Data\cs-8395-dl\model\2020-02-03-00-30-05\2020-02-03-00-30-05_resnet18_best.pt
train >>> epoch: 18/200, batch: 1/1, mean_loss: 0.1817, mean_acc: 1.0000
valid >>> epoch: 18/200, mean_loss: 1.0811, mean_acc: 0.5000
recall_micro_valid: 0.5000, recall_macro_valid: 0.377778
criteria decreased from 1.0832 to 1.0811, saving best model at D:\Data\cs-8395-dl\model\2020-02-03-00-30-05\2020-02-03-00-30-05_resnet18_best.pt
train >>> epoch: 19/200, batch: 1/1, mean_loss: 0.1639, mean_acc: 1.0000
valid >>> epoch: 19/200, mean_loss: 1.0790, mean_acc: 0.5000
recall_micro_valid: 0.5000, recall_macro_valid: 0.377778
criteria decreased from 1.0811 to 1.0790, saving best model at D:\Data\cs-8395-dl\model\2020-02-03-00-30-05\2020-02-03-00-30-05_resnet18_best.pt
train >>> epoch: 20/200, batch: 1/1, mean_loss: 0.1480, mean_acc: 1.0000
valid >>> epoch: 20/200, mean_loss: 1.0807, mean_acc: 0.5000
recall_micro_valid: 0.5000, recall_macro_valid: 0.377778
train >>> epoch: 21/200, batch: 1/1, mean_loss: 0.1342, mean_acc: 1.0000
valid >>> epoch: 21/200, mean_loss: 1.0868, mean_acc: 0.5000
recall_micro_valid: 0.5000, recall_macro_valid: 0.377778
train >>> epoch: 22/200, batch: 1/1, mean_loss: 0.1224, mean_acc: 1.0000
valid >>> epoch: 22/200, mean_loss: 1.0947, mean_acc: 0.6000
recall_micro_valid: 0.6000, recall_macro_valid: 0.444444
train >>> epoch: 23/200, batch: 1/1, mean_loss: 0.1122, mean_acc: 1.0000
valid >>> epoch: 23/200, mean_loss: 1.1010, mean_acc: 0.6000
recall_micro_valid: 0.6000, recall_macro_valid: 0.444444
train >>> epoch: 24/200, batch: 1/1, mean_loss: 0.1033, mean_acc: 1.0000
valid >>> epoch: 24/200, mean_loss: 1.1078, mean_acc: 0.6000
recall_micro_valid: 0.6000, recall_macro_valid: 0.444444
train >>> epoch: 25/200, batch: 1/1, mean_loss: 0.0955, mean_acc: 1.0000
valid >>> epoch: 25/200, mean_loss: 1.1159, mean_acc: 0.6000
recall_micro_valid: 0.6000, recall_macro_valid: 0.444444
train >>> epoch: 26/200, batch: 1/1, mean_loss: 0.0886, mean_acc: 1.0000
valid >>> epoch: 26/200, mean_loss: 1.1263, mean_acc: 0.6000
recall_micro_valid: 0.6000, recall_macro_valid: 0.444444
train >>> epoch: 27/200, batch: 1/1, mean_loss: 0.0823, mean_acc: 1.0000
valid >>> epoch: 27/200, mean_loss: 1.1375, mean_acc: 0.6000
recall_micro_valid: 0.6000, recall_macro_valid: 0.444444
train >>> epoch: 28/200, batch: 1/1, mean_loss: 0.0767, mean_acc: 1.0000
valid >>> epoch: 28/200, mean_loss: 1.1455, mean_acc: 0.6000
recall_micro_valid: 0.6000, recall_macro_valid: 0.444444
train >>> epoch: 29/200, batch: 1/1, mean_loss: 0.0715, mean_acc: 1.0000
valid >>> epoch: 29/200, mean_loss: 1.1536, mean_acc: 0.6000
recall_micro_valid: 0.6000, recall_macro_valid: 0.444444
train >>> epoch: 30/200, batch: 1/1, mean_loss: 0.0669, mean_acc: 1.0000
valid >>> epoch: 30/200, mean_loss: 1.1620, mean_acc: 0.7000
recall_micro_valid: 0.7000, recall_macro_valid: 0.555556
train >>> epoch: 31/200, batch: 1/1, mean_loss: 0.0628, mean_acc: 1.0000
valid >>> epoch: 31/200, mean_loss: 1.1724, mean_acc: 0.7000
recall_micro_valid: 0.7000, recall_macro_valid: 0.555556
train >>> epoch: 32/200, batch: 1/1, mean_loss: 0.0590, mean_acc: 1.0000
valid >>> epoch: 32/200, mean_loss: 1.1832, mean_acc: 0.7000
recall_micro_valid: 0.7000, recall_macro_valid: 0.555556
train >>> epoch: 33/200, batch: 1/1, mean_loss: 0.0557, mean_acc: 1.0000
valid >>> epoch: 33/200, mean_loss: 1.1927, mean_acc: 0.7000
recall_micro_valid: 0.7000, recall_macro_valid: 0.555556
train >>> epoch: 34/200, batch: 1/1, mean_loss: 0.0527, mean_acc: 1.0000
valid >>> epoch: 34/200, mean_loss: 1.2013, mean_acc: 0.7000
recall_micro_valid: 0.7000, recall_macro_valid: 0.555556
train >>> epoch: 35/200, batch: 1/1, mean_loss: 0.0500, mean_acc: 1.0000
valid >>> epoch: 35/200, mean_loss: 1.2094, mean_acc: 0.7000
recall_micro_valid: 0.7000, recall_macro_valid: 0.555556
train >>> epoch: 36/200, batch: 1/1, mean_loss: 0.0476, mean_acc: 1.0000
valid >>> epoch: 36/200, mean_loss: 1.2164, mean_acc: 0.6000
recall_micro_valid: 0.6000, recall_macro_valid: 0.488889
train >>> epoch: 37/200, batch: 1/1, mean_loss: 0.0454, mean_acc: 1.0000
valid >>> epoch: 37/200, mean_loss: 1.2220, mean_acc: 0.7000
recall_micro_valid: 0.7000, recall_macro_valid: 0.600000
train >>> epoch: 38/200, batch: 1/1, mean_loss: 0.0433, mean_acc: 1.0000
valid >>> epoch: 38/200, mean_loss: 1.2261, mean_acc: 0.7000
recall_micro_valid: 0.7000, recall_macro_valid: 0.600000
train >>> epoch: 39/200, batch: 1/1, mean_loss: 0.0415, mean_acc: 1.0000
valid >>> epoch: 39/200, mean_loss: 1.2289, mean_acc: 0.7000
recall_micro_valid: 0.7000, recall_macro_valid: 0.600000
train >>> epoch: 40/200, batch: 1/1, mean_loss: 0.0397, mean_acc: 1.0000
valid >>> epoch: 40/200, mean_loss: 1.2305, mean_acc: 0.7000
recall_micro_valid: 0.7000, recall_macro_valid: 0.600000
train >>> epoch: 41/200, batch: 1/1, mean_loss: 0.0381, mean_acc: 1.0000
valid >>> epoch: 41/200, mean_loss: 1.2313, mean_acc: 0.7000
recall_micro_valid: 0.7000, recall_macro_valid: 0.600000
train >>> epoch: 42/200, batch: 1/1, mean_loss: 0.0365, mean_acc: 1.0000
valid >>> epoch: 42/200, mean_loss: 1.2310, mean_acc: 0.7000
recall_micro_valid: 0.7000, recall_macro_valid: 0.600000
train >>> epoch: 43/200, batch: 1/1, mean_loss: 0.0351, mean_acc: 1.0000
valid >>> epoch: 43/200, mean_loss: 1.2299, mean_acc: 0.7000
recall_micro_valid: 0.7000, recall_macro_valid: 0.600000
train >>> epoch: 44/200, batch: 1/1, mean_loss: 0.0338, mean_acc: 1.0000
valid >>> epoch: 44/200, mean_loss: 1.2283, mean_acc: 0.7000
recall_micro_valid: 0.7000, recall_macro_valid: 0.600000
train >>> epoch: 45/200, batch: 1/1, mean_loss: 0.0326, mean_acc: 1.0000
valid >>> epoch: 45/200, mean_loss: 1.2262, mean_acc: 0.7000
recall_micro_valid: 0.7000, recall_macro_valid: 0.600000
train >>> epoch: 46/200, batch: 1/1, mean_loss: 0.0314, mean_acc: 1.0000
valid >>> epoch: 46/200, mean_loss: 1.2239, mean_acc: 0.7000
recall_micro_valid: 0.7000, recall_macro_valid: 0.600000
train >>> epoch: 47/200, batch: 1/1, mean_loss: 0.0304, mean_acc: 1.0000
valid >>> epoch: 47/200, mean_loss: 1.2214, mean_acc: 0.7000
recall_micro_valid: 0.7000, recall_macro_valid: 0.600000
train >>> epoch: 48/200, batch: 1/1, mean_loss: 0.0294, mean_acc: 1.0000
valid >>> epoch: 48/200, mean_loss: 1.2191, mean_acc: 0.8000
recall_micro_valid: 0.8000, recall_macro_valid: 0.666667
train >>> epoch: 49/200, batch: 1/1, mean_loss: 0.0285, mean_acc: 1.0000
valid >>> epoch: 49/200, mean_loss: 1.2170, mean_acc: 0.8000
recall_micro_valid: 0.8000, recall_macro_valid: 0.666667
train >>> epoch: 50/200, batch: 1/1, mean_loss: 0.0276, mean_acc: 1.0000
valid >>> epoch: 50/200, mean_loss: 1.2151, mean_acc: 0.8000
recall_micro_valid: 0.8000, recall_macro_valid: 0.666667
train >>> epoch: 51/200, batch: 1/1, mean_loss: 0.0268, mean_acc: 1.0000
valid >>> epoch: 51/200, mean_loss: 1.2133, mean_acc: 0.8000
recall_micro_valid: 0.8000, recall_macro_valid: 0.666667
train >>> epoch: 52/200, batch: 1/1, mean_loss: 0.0261, mean_acc: 1.0000
valid >>> epoch: 52/200, mean_loss: 1.2117, mean_acc: 0.8000
recall_micro_valid: 0.8000, recall_macro_valid: 0.666667
train >>> epoch: 53/200, batch: 1/1, mean_loss: 0.0254, mean_acc: 1.0000
valid >>> epoch: 53/200, mean_loss: 1.2104, mean_acc: 0.8000
recall_micro_valid: 0.8000, recall_macro_valid: 0.666667
train >>> epoch: 54/200, batch: 1/1, mean_loss: 0.0247, mean_acc: 1.0000
valid >>> epoch: 54/200, mean_loss: 1.2095, mean_acc: 0.8000
recall_micro_valid: 0.8000, recall_macro_valid: 0.666667
train >>> epoch: 55/200, batch: 1/1, mean_loss: 0.0241, mean_acc: 1.0000
valid >>> epoch: 55/200, mean_loss: 1.2089, mean_acc: 0.8000
recall_micro_valid: 0.8000, recall_macro_valid: 0.666667
train >>> epoch: 56/200, batch: 1/1, mean_loss: 0.0235, mean_acc: 1.0000
valid >>> epoch: 56/200, mean_loss: 1.2088, mean_acc: 0.7000
recall_micro_valid: 0.7000, recall_macro_valid: 0.600000
train >>> epoch: 57/200, batch: 1/1, mean_loss: 0.0230, mean_acc: 1.0000
valid >>> epoch: 57/200, mean_loss: 1.2089, mean_acc: 0.7000
recall_micro_valid: 0.7000, recall_macro_valid: 0.600000
train >>> epoch: 58/200, batch: 1/1, mean_loss: 0.0225, mean_acc: 1.0000
valid >>> epoch: 58/200, mean_loss: 1.2095, mean_acc: 0.7000
recall_micro_valid: 0.7000, recall_macro_valid: 0.600000
train >>> epoch: 59/200, batch: 1/1, mean_loss: 0.0219, mean_acc: 1.0000
valid >>> epoch: 59/200, mean_loss: 1.2103, mean_acc: 0.7000
recall_micro_valid: 0.7000, recall_macro_valid: 0.600000
train >>> epoch: 60/200, batch: 1/1, mean_loss: 0.0215, mean_acc: 1.0000
valid >>> epoch: 60/200, mean_loss: 1.2114, mean_acc: 0.7000
recall_micro_valid: 0.7000, recall_macro_valid: 0.600000
train >>> epoch: 61/200, batch: 1/1, mean_loss: 0.0210, mean_acc: 1.0000
valid >>> epoch: 61/200, mean_loss: 1.2127, mean_acc: 0.6000
recall_micro_valid: 0.6000, recall_macro_valid: 0.533333
train >>> epoch: 62/200, batch: 1/1, mean_loss: 0.0206, mean_acc: 1.0000
valid >>> epoch: 62/200, mean_loss: 1.2143, mean_acc: 0.6000
recall_micro_valid: 0.6000, recall_macro_valid: 0.533333
train >>> epoch: 63/200, batch: 1/1, mean_loss: 0.0202, mean_acc: 1.0000
valid >>> epoch: 63/200, mean_loss: 1.2161, mean_acc: 0.6000
recall_micro_valid: 0.6000, recall_macro_valid: 0.533333
train >>> epoch: 64/200, batch: 1/1, mean_loss: 0.0198, mean_acc: 1.0000
valid >>> epoch: 64/200, mean_loss: 1.2180, mean_acc: 0.6000
recall_micro_valid: 0.6000, recall_macro_valid: 0.533333
train >>> epoch: 65/200, batch: 1/1, mean_loss: 0.0194, mean_acc: 1.0000
valid >>> epoch: 65/200, mean_loss: 1.2201, mean_acc: 0.6000
recall_micro_valid: 0.6000, recall_macro_valid: 0.533333
train >>> epoch: 66/200, batch: 1/1, mean_loss: 0.0190, mean_acc: 1.0000
valid >>> epoch: 66/200, mean_loss: 1.2222, mean_acc: 0.6000
recall_micro_valid: 0.6000, recall_macro_valid: 0.533333
train >>> epoch: 67/200, batch: 1/1, mean_loss: 0.0187, mean_acc: 1.0000
valid >>> epoch: 67/200, mean_loss: 1.2244, mean_acc: 0.6000
recall_micro_valid: 0.6000, recall_macro_valid: 0.533333
train >>> epoch: 68/200, batch: 1/1, mean_loss: 0.0183, mean_acc: 1.0000
valid >>> epoch: 68/200, mean_loss: 1.2266, mean_acc: 0.6000
recall_micro_valid: 0.6000, recall_macro_valid: 0.533333
train >>> epoch: 69/200, batch: 1/1, mean_loss: 0.0180, mean_acc: 1.0000
valid >>> epoch: 69/200, mean_loss: 1.2288, mean_acc: 0.6000
recall_micro_valid: 0.6000, recall_macro_valid: 0.533333
train >>> epoch: 70/200, batch: 1/1, mean_loss: 0.0177, mean_acc: 1.0000
valid >>> epoch: 70/200, mean_loss: 1.2309, mean_acc: 0.6000
recall_micro_valid: 0.6000, recall_macro_valid: 0.533333
train >>> epoch: 71/200, batch: 1/1, mean_loss: 0.0174, mean_acc: 1.0000
valid >>> epoch: 71/200, mean_loss: 1.2330, mean_acc: 0.6000
recall_micro_valid: 0.6000, recall_macro_valid: 0.533333
train >>> epoch: 72/200, batch: 1/1, mean_loss: 0.0171, mean_acc: 1.0000
valid >>> epoch: 72/200, mean_loss: 1.2350, mean_acc: 0.6000
recall_micro_valid: 0.6000, recall_macro_valid: 0.533333
train >>> epoch: 73/200, batch: 1/1, mean_loss: 0.0168, mean_acc: 1.0000
valid >>> epoch: 73/200, mean_loss: 1.2370, mean_acc: 0.6000
recall_micro_valid: 0.6000, recall_macro_valid: 0.533333
train >>> epoch: 74/200, batch: 1/1, mean_loss: 0.0165, mean_acc: 1.0000
valid >>> epoch: 74/200, mean_loss: 1.2388, mean_acc: 0.6000
recall_micro_valid: 0.6000, recall_macro_valid: 0.533333
train >>> epoch: 75/200, batch: 1/1, mean_loss: 0.0163, mean_acc: 1.0000
valid >>> epoch: 75/200, mean_loss: 1.2406, mean_acc: 0.6000
recall_micro_valid: 0.6000, recall_macro_valid: 0.533333
train >>> epoch: 76/200, batch: 1/1, mean_loss: 0.0160, mean_acc: 1.0000
valid >>> epoch: 76/200, mean_loss: 1.2422, mean_acc: 0.6000
recall_micro_valid: 0.6000, recall_macro_valid: 0.533333
train >>> epoch: 77/200, batch: 1/1, mean_loss: 0.0158, mean_acc: 1.0000
valid >>> epoch: 77/200, mean_loss: 1.2438, mean_acc: 0.6000
recall_micro_valid: 0.6000, recall_macro_valid: 0.533333
train >>> epoch: 78/200, batch: 1/1, mean_loss: 0.0155, mean_acc: 1.0000
valid >>> epoch: 78/200, mean_loss: 1.2452, mean_acc: 0.6000
recall_micro_valid: 0.6000, recall_macro_valid: 0.533333
train >>> epoch: 79/200, batch: 1/1, mean_loss: 0.0153, mean_acc: 1.0000
valid >>> epoch: 79/200, mean_loss: 1.2466, mean_acc: 0.6000
recall_micro_valid: 0.6000, recall_macro_valid: 0.533333
train >>> epoch: 80/200, batch: 1/1, mean_loss: 0.0151, mean_acc: 1.0000
valid >>> epoch: 80/200, mean_loss: 1.2479, mean_acc: 0.6000
recall_micro_valid: 0.6000, recall_macro_valid: 0.533333
train >>> epoch: 81/200, batch: 1/1, mean_loss: 0.0149, mean_acc: 1.0000
valid >>> epoch: 81/200, mean_loss: 1.2492, mean_acc: 0.6000
recall_micro_valid: 0.6000, recall_macro_valid: 0.533333
train >>> epoch: 82/200, batch: 1/1, mean_loss: 0.0147, mean_acc: 1.0000
valid >>> epoch: 82/200, mean_loss: 1.2503, mean_acc: 0.6000
recall_micro_valid: 0.6000, recall_macro_valid: 0.533333
train >>> epoch: 83/200, batch: 1/1, mean_loss: 0.0144, mean_acc: 1.0000
valid >>> epoch: 83/200, mean_loss: 1.2514, mean_acc: 0.6000
recall_micro_valid: 0.6000, recall_macro_valid: 0.533333
train >>> epoch: 84/200, batch: 1/1, mean_loss: 0.0142, mean_acc: 1.0000
valid >>> epoch: 84/200, mean_loss: 1.2525, mean_acc: 0.6000
recall_micro_valid: 0.6000, recall_macro_valid: 0.533333
train >>> epoch: 85/200, batch: 1/1, mean_loss: 0.0140, mean_acc: 1.0000
valid >>> epoch: 85/200, mean_loss: 1.2536, mean_acc: 0.6000
recall_micro_valid: 0.6000, recall_macro_valid: 0.533333
train >>> epoch: 86/200, batch: 1/1, mean_loss: 0.0139, mean_acc: 1.0000
valid >>> epoch: 86/200, mean_loss: 1.2546, mean_acc: 0.6000
recall_micro_valid: 0.6000, recall_macro_valid: 0.533333
train >>> epoch: 87/200, batch: 1/1, mean_loss: 0.0137, mean_acc: 1.0000
valid >>> epoch: 87/200, mean_loss: 1.2556, mean_acc: 0.6000
recall_micro_valid: 0.6000, recall_macro_valid: 0.533333
train >>> epoch: 88/200, batch: 1/1, mean_loss: 0.0135, mean_acc: 1.0000
valid >>> epoch: 88/200, mean_loss: 1.2565, mean_acc: 0.6000
recall_micro_valid: 0.6000, recall_macro_valid: 0.533333
train >>> epoch: 89/200, batch: 1/1, mean_loss: 0.0133, mean_acc: 1.0000
valid >>> epoch: 89/200, mean_loss: 1.2575, mean_acc: 0.6000
recall_micro_valid: 0.6000, recall_macro_valid: 0.533333
train >>> epoch: 90/200, batch: 1/1, mean_loss: 0.0131, mean_acc: 1.0000
valid >>> epoch: 90/200, mean_loss: 1.2584, mean_acc: 0.6000
recall_micro_valid: 0.6000, recall_macro_valid: 0.533333
train >>> epoch: 91/200, batch: 1/1, mean_loss: 0.0130, mean_acc: 1.0000
valid >>> epoch: 91/200, mean_loss: 1.2594, mean_acc: 0.6000
recall_micro_valid: 0.6000, recall_macro_valid: 0.533333
train >>> epoch: 92/200, batch: 1/1, mean_loss: 0.0128, mean_acc: 1.0000
valid >>> epoch: 92/200, mean_loss: 1.2603, mean_acc: 0.6000
recall_micro_valid: 0.6000, recall_macro_valid: 0.533333
train >>> epoch: 93/200, batch: 1/1, mean_loss: 0.0126, mean_acc: 1.0000
valid >>> epoch: 93/200, mean_loss: 1.2613, mean_acc: 0.6000
recall_micro_valid: 0.6000, recall_macro_valid: 0.533333
train >>> epoch: 94/200, batch: 1/1, mean_loss: 0.0125, mean_acc: 1.0000
valid >>> epoch: 94/200, mean_loss: 1.2622, mean_acc: 0.6000
recall_micro_valid: 0.6000, recall_macro_valid: 0.533333
train >>> epoch: 95/200, batch: 1/1, mean_loss: 0.0123, mean_acc: 1.0000
valid >>> epoch: 95/200, mean_loss: 1.2632, mean_acc: 0.6000
recall_micro_valid: 0.6000, recall_macro_valid: 0.533333
train >>> epoch: 96/200, batch: 1/1, mean_loss: 0.0122, mean_acc: 1.0000
valid >>> epoch: 96/200, mean_loss: 1.2641, mean_acc: 0.6000
recall_micro_valid: 0.6000, recall_macro_valid: 0.533333
train >>> epoch: 97/200, batch: 1/1, mean_loss: 0.0120, mean_acc: 1.0000
valid >>> epoch: 97/200, mean_loss: 1.2651, mean_acc: 0.6000
recall_micro_valid: 0.6000, recall_macro_valid: 0.533333
train >>> epoch: 98/200, batch: 1/1, mean_loss: 0.0119, mean_acc: 1.0000
valid >>> epoch: 98/200, mean_loss: 1.2661, mean_acc: 0.6000
recall_micro_valid: 0.6000, recall_macro_valid: 0.533333
train >>> epoch: 99/200, batch: 1/1, mean_loss: 0.0118, mean_acc: 1.0000
valid >>> epoch: 99/200, mean_loss: 1.2670, mean_acc: 0.6000
recall_micro_valid: 0.6000, recall_macro_valid: 0.533333
train >>> epoch: 100/200, batch: 1/1, mean_loss: 0.0116, mean_acc: 1.0000
valid >>> epoch: 100/200, mean_loss: 1.2680, mean_acc: 0.6000
recall_micro_valid: 0.6000, recall_macro_valid: 0.533333
train >>> epoch: 101/200, batch: 1/1, mean_loss: 0.0115, mean_acc: 1.0000
valid >>> epoch: 101/200, mean_loss: 1.2689, mean_acc: 0.6000
recall_micro_valid: 0.6000, recall_macro_valid: 0.533333
train >>> epoch: 102/200, batch: 1/1, mean_loss: 0.0114, mean_acc: 1.0000
valid >>> epoch: 102/200, mean_loss: 1.2699, mean_acc: 0.6000
recall_micro_valid: 0.6000, recall_macro_valid: 0.533333
train >>> epoch: 103/200, batch: 1/1, mean_loss: 0.0112, mean_acc: 1.0000
valid >>> epoch: 103/200, mean_loss: 1.2708, mean_acc: 0.6000
recall_micro_valid: 0.6000, recall_macro_valid: 0.533333
train >>> epoch: 104/200, batch: 1/1, mean_loss: 0.0111, mean_acc: 1.0000
valid >>> epoch: 104/200, mean_loss: 1.2718, mean_acc: 0.6000
recall_micro_valid: 0.6000, recall_macro_valid: 0.533333
train >>> epoch: 105/200, batch: 1/1, mean_loss: 0.0110, mean_acc: 1.0000
valid >>> epoch: 105/200, mean_loss: 1.2727, mean_acc: 0.6000
recall_micro_valid: 0.6000, recall_macro_valid: 0.533333
train >>> epoch: 106/200, batch: 1/1, mean_loss: 0.0108, mean_acc: 1.0000
valid >>> epoch: 106/200, mean_loss: 1.2736, mean_acc: 0.6000
recall_micro_valid: 0.6000, recall_macro_valid: 0.533333
train >>> epoch: 107/200, batch: 1/1, mean_loss: 0.0107, mean_acc: 1.0000
valid >>> epoch: 107/200, mean_loss: 1.2745, mean_acc: 0.6000
recall_micro_valid: 0.6000, recall_macro_valid: 0.533333
train >>> epoch: 108/200, batch: 1/1, mean_loss: 0.0106, mean_acc: 1.0000
valid >>> epoch: 108/200, mean_loss: 1.2754, mean_acc: 0.6000
recall_micro_valid: 0.6000, recall_macro_valid: 0.533333
train >>> epoch: 109/200, batch: 1/1, mean_loss: 0.0105, mean_acc: 1.0000
valid >>> epoch: 109/200, mean_loss: 1.2763, mean_acc: 0.6000
recall_micro_valid: 0.6000, recall_macro_valid: 0.533333
train >>> epoch: 110/200, batch: 1/1, mean_loss: 0.0104, mean_acc: 1.0000
valid >>> epoch: 110/200, mean_loss: 1.2772, mean_acc: 0.6000
recall_micro_valid: 0.6000, recall_macro_valid: 0.533333
train >>> epoch: 111/200, batch: 1/1, mean_loss: 0.0103, mean_acc: 1.0000
valid >>> epoch: 111/200, mean_loss: 1.2780, mean_acc: 0.6000
recall_micro_valid: 0.6000, recall_macro_valid: 0.533333
train >>> epoch: 112/200, batch: 1/1, mean_loss: 0.0102, mean_acc: 1.0000
valid >>> epoch: 112/200, mean_loss: 1.2788, mean_acc: 0.6000
recall_micro_valid: 0.6000, recall_macro_valid: 0.533333
train >>> epoch: 113/200, batch: 1/1, mean_loss: 0.0101, mean_acc: 1.0000
valid >>> epoch: 113/200, mean_loss: 1.2796, mean_acc: 0.6000
recall_micro_valid: 0.6000, recall_macro_valid: 0.533333
train >>> epoch: 114/200, batch: 1/1, mean_loss: 0.0099, mean_acc: 1.0000
valid >>> epoch: 114/200, mean_loss: 1.2804, mean_acc: 0.6000
recall_micro_valid: 0.6000, recall_macro_valid: 0.533333
train >>> epoch: 115/200, batch: 1/1, mean_loss: 0.0098, mean_acc: 1.0000
valid >>> epoch: 115/200, mean_loss: 1.2812, mean_acc: 0.6000
recall_micro_valid: 0.6000, recall_macro_valid: 0.533333
train >>> epoch: 116/200, batch: 1/1, mean_loss: 0.0097, mean_acc: 1.0000
valid >>> epoch: 116/200, mean_loss: 1.2820, mean_acc: 0.6000
recall_micro_valid: 0.6000, recall_macro_valid: 0.533333
train >>> epoch: 117/200, batch: 1/1, mean_loss: 0.0096, mean_acc: 1.0000
valid >>> epoch: 117/200, mean_loss: 1.2827, mean_acc: 0.6000
recall_micro_valid: 0.6000, recall_macro_valid: 0.533333
train >>> epoch: 118/200, batch: 1/1, mean_loss: 0.0095, mean_acc: 1.0000
valid >>> epoch: 118/200, mean_loss: 1.2835, mean_acc: 0.6000
recall_micro_valid: 0.6000, recall_macro_valid: 0.533333
train >>> epoch: 119/200, batch: 1/1, mean_loss: 0.0094, mean_acc: 1.0000
valid >>> epoch: 119/200, mean_loss: 1.2842, mean_acc: 0.6000
recall_micro_valid: 0.6000, recall_macro_valid: 0.533333
train >>> epoch: 120/200, batch: 1/1, mean_loss: 0.0094, mean_acc: 1.0000
valid >>> epoch: 120/200, mean_loss: 1.2849, mean_acc: 0.6000
recall_micro_valid: 0.6000, recall_macro_valid: 0.533333
train >>> epoch: 121/200, batch: 1/1, mean_loss: 0.0093, mean_acc: 1.0000
valid >>> epoch: 121/200, mean_loss: 1.2856, mean_acc: 0.6000
recall_micro_valid: 0.6000, recall_macro_valid: 0.533333
train >>> epoch: 122/200, batch: 1/1, mean_loss: 0.0092, mean_acc: 1.0000
valid >>> epoch: 122/200, mean_loss: 1.2863, mean_acc: 0.6000
recall_micro_valid: 0.6000, recall_macro_valid: 0.533333
train >>> epoch: 123/200, batch: 1/1, mean_loss: 0.0091, mean_acc: 1.0000
valid >>> epoch: 123/200, mean_loss: 1.2870, mean_acc: 0.6000
recall_micro_valid: 0.6000, recall_macro_valid: 0.533333
train >>> epoch: 124/200, batch: 1/1, mean_loss: 0.0090, mean_acc: 1.0000
valid >>> epoch: 124/200, mean_loss: 1.2877, mean_acc: 0.6000
recall_micro_valid: 0.6000, recall_macro_valid: 0.533333
train >>> epoch: 125/200, batch: 1/1, mean_loss: 0.0089, mean_acc: 1.0000
valid >>> epoch: 125/200, mean_loss: 1.2883, mean_acc: 0.6000
recall_micro_valid: 0.6000, recall_macro_valid: 0.533333
train >>> epoch: 126/200, batch: 1/1, mean_loss: 0.0088, mean_acc: 1.0000
valid >>> epoch: 126/200, mean_loss: 1.2890, mean_acc: 0.6000
recall_micro_valid: 0.6000, recall_macro_valid: 0.533333
train >>> epoch: 127/200, batch: 1/1, mean_loss: 0.0087, mean_acc: 1.0000
valid >>> epoch: 127/200, mean_loss: 1.2897, mean_acc: 0.6000
recall_micro_valid: 0.6000, recall_macro_valid: 0.533333
train >>> epoch: 128/200, batch: 1/1, mean_loss: 0.0086, mean_acc: 1.0000
valid >>> epoch: 128/200, mean_loss: 1.2903, mean_acc: 0.6000
recall_micro_valid: 0.6000, recall_macro_valid: 0.533333
train >>> epoch: 129/200, batch: 1/1, mean_loss: 0.0086, mean_acc: 1.0000
valid >>> epoch: 129/200, mean_loss: 1.2910, mean_acc: 0.6000
recall_micro_valid: 0.6000, recall_macro_valid: 0.533333
train >>> epoch: 130/200, batch: 1/1, mean_loss: 0.0085, mean_acc: 1.0000
valid >>> epoch: 130/200, mean_loss: 1.2916, mean_acc: 0.6000
recall_micro_valid: 0.6000, recall_macro_valid: 0.533333
train >>> epoch: 131/200, batch: 1/1, mean_loss: 0.0084, mean_acc: 1.0000
valid >>> epoch: 131/200, mean_loss: 1.2923, mean_acc: 0.6000
recall_micro_valid: 0.6000, recall_macro_valid: 0.533333
train >>> epoch: 132/200, batch: 1/1, mean_loss: 0.0083, mean_acc: 1.0000
valid >>> epoch: 132/200, mean_loss: 1.2929, mean_acc: 0.6000
recall_micro_valid: 0.6000, recall_macro_valid: 0.533333
train >>> epoch: 133/200, batch: 1/1, mean_loss: 0.0083, mean_acc: 1.0000
valid >>> epoch: 133/200, mean_loss: 1.2936, mean_acc: 0.6000
recall_micro_valid: 0.6000, recall_macro_valid: 0.533333
train >>> epoch: 134/200, batch: 1/1, mean_loss: 0.0082, mean_acc: 1.0000
valid >>> epoch: 134/200, mean_loss: 1.2943, mean_acc: 0.6000
recall_micro_valid: 0.6000, recall_macro_valid: 0.533333
train >>> epoch: 135/200, batch: 1/1, mean_loss: 0.0081, mean_acc: 1.0000
valid >>> epoch: 135/200, mean_loss: 1.2949, mean_acc: 0.6000
recall_micro_valid: 0.6000, recall_macro_valid: 0.533333
train >>> epoch: 136/200, batch: 1/1, mean_loss: 0.0080, mean_acc: 1.0000
valid >>> epoch: 136/200, mean_loss: 1.2956, mean_acc: 0.6000
recall_micro_valid: 0.6000, recall_macro_valid: 0.533333
train >>> epoch: 137/200, batch: 1/1, mean_loss: 0.0080, mean_acc: 1.0000
valid >>> epoch: 137/200, mean_loss: 1.2963, mean_acc: 0.6000
recall_micro_valid: 0.6000, recall_macro_valid: 0.533333
train >>> epoch: 138/200, batch: 1/1, mean_loss: 0.0079, mean_acc: 1.0000
valid >>> epoch: 138/200, mean_loss: 1.2969, mean_acc: 0.6000
recall_micro_valid: 0.6000, recall_macro_valid: 0.533333
train >>> epoch: 139/200, batch: 1/1, mean_loss: 0.0078, mean_acc: 1.0000
valid >>> epoch: 139/200, mean_loss: 1.2976, mean_acc: 0.6000
recall_micro_valid: 0.6000, recall_macro_valid: 0.533333
train >>> epoch: 140/200, batch: 1/1, mean_loss: 0.0077, mean_acc: 1.0000
valid >>> epoch: 140/200, mean_loss: 1.2983, mean_acc: 0.6000
recall_micro_valid: 0.6000, recall_macro_valid: 0.533333
train >>> epoch: 141/200, batch: 1/1, mean_loss: 0.0077, mean_acc: 1.0000
valid >>> epoch: 141/200, mean_loss: 1.2990, mean_acc: 0.6000
recall_micro_valid: 0.6000, recall_macro_valid: 0.533333
train >>> epoch: 142/200, batch: 1/1, mean_loss: 0.0076, mean_acc: 1.0000
valid >>> epoch: 142/200, mean_loss: 1.2997, mean_acc: 0.6000
recall_micro_valid: 0.6000, recall_macro_valid: 0.533333
train >>> epoch: 143/200, batch: 1/1, mean_loss: 0.0075, mean_acc: 1.0000
valid >>> epoch: 143/200, mean_loss: 1.3003, mean_acc: 0.6000
recall_micro_valid: 0.6000, recall_macro_valid: 0.533333
train >>> epoch: 144/200, batch: 1/1, mean_loss: 0.0075, mean_acc: 1.0000
valid >>> epoch: 144/200, mean_loss: 1.3010, mean_acc: 0.6000
recall_micro_valid: 0.6000, recall_macro_valid: 0.533333
train >>> epoch: 145/200, batch: 1/1, mean_loss: 0.0074, mean_acc: 1.0000
valid >>> epoch: 145/200, mean_loss: 1.3017, mean_acc: 0.6000
recall_micro_valid: 0.6000, recall_macro_valid: 0.533333
train >>> epoch: 146/200, batch: 1/1, mean_loss: 0.0073, mean_acc: 1.0000
valid >>> epoch: 146/200, mean_loss: 1.3024, mean_acc: 0.6000
recall_micro_valid: 0.6000, recall_macro_valid: 0.533333
train >>> epoch: 147/200, batch: 1/1, mean_loss: 0.0073, mean_acc: 1.0000
valid >>> epoch: 147/200, mean_loss: 1.3031, mean_acc: 0.6000
recall_micro_valid: 0.6000, recall_macro_valid: 0.533333
train >>> epoch: 148/200, batch: 1/1, mean_loss: 0.0072, mean_acc: 1.0000
valid >>> epoch: 148/200, mean_loss: 1.3038, mean_acc: 0.6000
recall_micro_valid: 0.6000, recall_macro_valid: 0.533333
train >>> epoch: 149/200, batch: 1/1, mean_loss: 0.0072, mean_acc: 1.0000
valid >>> epoch: 149/200, mean_loss: 1.3045, mean_acc: 0.6000
recall_micro_valid: 0.6000, recall_macro_valid: 0.533333
train >>> epoch: 150/200, batch: 1/1, mean_loss: 0.0071, mean_acc: 1.0000
valid >>> epoch: 150/200, mean_loss: 1.3052, mean_acc: 0.6000
recall_micro_valid: 0.6000, recall_macro_valid: 0.533333
train >>> epoch: 151/200, batch: 1/1, mean_loss: 0.0070, mean_acc: 1.0000
valid >>> epoch: 151/200, mean_loss: 1.3059, mean_acc: 0.6000
recall_micro_valid: 0.6000, recall_macro_valid: 0.533333
train >>> epoch: 152/200, batch: 1/1, mean_loss: 0.0070, mean_acc: 1.0000
valid >>> epoch: 152/200, mean_loss: 1.3066, mean_acc: 0.6000
recall_micro_valid: 0.6000, recall_macro_valid: 0.533333
train >>> epoch: 153/200, batch: 1/1, mean_loss: 0.0069, mean_acc: 1.0000
valid >>> epoch: 153/200, mean_loss: 1.3073, mean_acc: 0.6000
recall_micro_valid: 0.6000, recall_macro_valid: 0.533333
train >>> epoch: 154/200, batch: 1/1, mean_loss: 0.0069, mean_acc: 1.0000
valid >>> epoch: 154/200, mean_loss: 1.3080, mean_acc: 0.6000
recall_micro_valid: 0.6000, recall_macro_valid: 0.533333
train >>> epoch: 155/200, batch: 1/1, mean_loss: 0.0068, mean_acc: 1.0000
valid >>> epoch: 155/200, mean_loss: 1.3087, mean_acc: 0.6000
recall_micro_valid: 0.6000, recall_macro_valid: 0.533333
train >>> epoch: 156/200, batch: 1/1, mean_loss: 0.0068, mean_acc: 1.0000
valid >>> epoch: 156/200, mean_loss: 1.3094, mean_acc: 0.6000
recall_micro_valid: 0.6000, recall_macro_valid: 0.533333
train >>> epoch: 157/200, batch: 1/1, mean_loss: 0.0067, mean_acc: 1.0000
valid >>> epoch: 157/200, mean_loss: 1.3101, mean_acc: 0.6000
recall_micro_valid: 0.6000, recall_macro_valid: 0.533333
train >>> epoch: 158/200, batch: 1/1, mean_loss: 0.0067, mean_acc: 1.0000
valid >>> epoch: 158/200, mean_loss: 1.3108, mean_acc: 0.6000
recall_micro_valid: 0.6000, recall_macro_valid: 0.533333
train >>> epoch: 159/200, batch: 1/1, mean_loss: 0.0066, mean_acc: 1.0000
valid >>> epoch: 159/200, mean_loss: 1.3115, mean_acc: 0.6000
recall_micro_valid: 0.6000, recall_macro_valid: 0.533333
train >>> epoch: 160/200, batch: 1/1, mean_loss: 0.0065, mean_acc: 1.0000
valid >>> epoch: 160/200, mean_loss: 1.3121, mean_acc: 0.6000
recall_micro_valid: 0.6000, recall_macro_valid: 0.533333
train >>> epoch: 161/200, batch: 1/1, mean_loss: 0.0065, mean_acc: 1.0000
valid >>> epoch: 161/200, mean_loss: 1.3128, mean_acc: 0.6000
recall_micro_valid: 0.6000, recall_macro_valid: 0.533333
train >>> epoch: 162/200, batch: 1/1, mean_loss: 0.0064, mean_acc: 1.0000
valid >>> epoch: 162/200, mean_loss: 1.3135, mean_acc: 0.6000
recall_micro_valid: 0.6000, recall_macro_valid: 0.533333
train >>> epoch: 163/200, batch: 1/1, mean_loss: 0.0064, mean_acc: 1.0000
valid >>> epoch: 163/200, mean_loss: 1.3142, mean_acc: 0.6000
recall_micro_valid: 0.6000, recall_macro_valid: 0.533333
train >>> epoch: 164/200, batch: 1/1, mean_loss: 0.0063, mean_acc: 1.0000
valid >>> epoch: 164/200, mean_loss: 1.3149, mean_acc: 0.6000
recall_micro_valid: 0.6000, recall_macro_valid: 0.533333
train >>> epoch: 165/200, batch: 1/1, mean_loss: 0.0063, mean_acc: 1.0000
valid >>> epoch: 165/200, mean_loss: 1.3155, mean_acc: 0.6000
recall_micro_valid: 0.6000, recall_macro_valid: 0.533333
train >>> epoch: 166/200, batch: 1/1, mean_loss: 0.0062, mean_acc: 1.0000
valid >>> epoch: 166/200, mean_loss: 1.3162, mean_acc: 0.6000
recall_micro_valid: 0.6000, recall_macro_valid: 0.533333
train >>> epoch: 167/200, batch: 1/1, mean_loss: 0.0062, mean_acc: 1.0000
valid >>> epoch: 167/200, mean_loss: 1.3169, mean_acc: 0.6000
recall_micro_valid: 0.6000, recall_macro_valid: 0.533333
train >>> epoch: 168/200, batch: 1/1, mean_loss: 0.0062, mean_acc: 1.0000
valid >>> epoch: 168/200, mean_loss: 1.3176, mean_acc: 0.6000
recall_micro_valid: 0.6000, recall_macro_valid: 0.533333
train >>> epoch: 169/200, batch: 1/1, mean_loss: 0.0061, mean_acc: 1.0000
valid >>> epoch: 169/200, mean_loss: 1.3182, mean_acc: 0.6000
recall_micro_valid: 0.6000, recall_macro_valid: 0.533333
train >>> epoch: 170/200, batch: 1/1, mean_loss: 0.0061, mean_acc: 1.0000
valid >>> epoch: 170/200, mean_loss: 1.3189, mean_acc: 0.6000
recall_micro_valid: 0.6000, recall_macro_valid: 0.533333
train >>> epoch: 171/200, batch: 1/1, mean_loss: 0.0060, mean_acc: 1.0000
valid >>> epoch: 171/200, mean_loss: 1.3195, mean_acc: 0.6000
recall_micro_valid: 0.6000, recall_macro_valid: 0.533333
train >>> epoch: 172/200, batch: 1/1, mean_loss: 0.0060, mean_acc: 1.0000
valid >>> epoch: 172/200, mean_loss: 1.3202, mean_acc: 0.6000
recall_micro_valid: 0.6000, recall_macro_valid: 0.533333
train >>> epoch: 173/200, batch: 1/1, mean_loss: 0.0059, mean_acc: 1.0000
valid >>> epoch: 173/200, mean_loss: 1.3209, mean_acc: 0.6000
recall_micro_valid: 0.6000, recall_macro_valid: 0.533333
train >>> epoch: 174/200, batch: 1/1, mean_loss: 0.0059, mean_acc: 1.0000
valid >>> epoch: 174/200, mean_loss: 1.3215, mean_acc: 0.6000
recall_micro_valid: 0.6000, recall_macro_valid: 0.533333
train >>> epoch: 175/200, batch: 1/1, mean_loss: 0.0058, mean_acc: 1.0000
valid >>> epoch: 175/200, mean_loss: 1.3222, mean_acc: 0.6000
recall_micro_valid: 0.6000, recall_macro_valid: 0.533333
train >>> epoch: 176/200, batch: 1/1, mean_loss: 0.0058, mean_acc: 1.0000
valid >>> epoch: 176/200, mean_loss: 1.3228, mean_acc: 0.6000
recall_micro_valid: 0.6000, recall_macro_valid: 0.533333
train >>> epoch: 177/200, batch: 1/1, mean_loss: 0.0058, mean_acc: 1.0000
valid >>> epoch: 177/200, mean_loss: 1.3234, mean_acc: 0.5000
recall_micro_valid: 0.5000, recall_macro_valid: 0.466667
train >>> epoch: 178/200, batch: 1/1, mean_loss: 0.0057, mean_acc: 1.0000
valid >>> epoch: 178/200, mean_loss: 1.3241, mean_acc: 0.5000
recall_micro_valid: 0.5000, recall_macro_valid: 0.466667
train >>> epoch: 179/200, batch: 1/1, mean_loss: 0.0057, mean_acc: 1.0000
valid >>> epoch: 179/200, mean_loss: 1.3247, mean_acc: 0.5000
recall_micro_valid: 0.5000, recall_macro_valid: 0.466667
train >>> epoch: 180/200, batch: 1/1, mean_loss: 0.0056, mean_acc: 1.0000
valid >>> epoch: 180/200, mean_loss: 1.3254, mean_acc: 0.5000
recall_micro_valid: 0.5000, recall_macro_valid: 0.466667
train >>> epoch: 181/200, batch: 1/1, mean_loss: 0.0056, mean_acc: 1.0000
valid >>> epoch: 181/200, mean_loss: 1.3260, mean_acc: 0.5000
recall_micro_valid: 0.5000, recall_macro_valid: 0.466667
train >>> epoch: 182/200, batch: 1/1, mean_loss: 0.0056, mean_acc: 1.0000
valid >>> epoch: 182/200, mean_loss: 1.3266, mean_acc: 0.5000
recall_micro_valid: 0.5000, recall_macro_valid: 0.466667
train >>> epoch: 183/200, batch: 1/1, mean_loss: 0.0055, mean_acc: 1.0000
valid >>> epoch: 183/200, mean_loss: 1.3272, mean_acc: 0.5000
recall_micro_valid: 0.5000, recall_macro_valid: 0.466667
train >>> epoch: 184/200, batch: 1/1, mean_loss: 0.0055, mean_acc: 1.0000
valid >>> epoch: 184/200, mean_loss: 1.3279, mean_acc: 0.5000
recall_micro_valid: 0.5000, recall_macro_valid: 0.466667
train >>> epoch: 185/200, batch: 1/1, mean_loss: 0.0054, mean_acc: 1.0000
valid >>> epoch: 185/200, mean_loss: 1.3285, mean_acc: 0.5000
recall_micro_valid: 0.5000, recall_macro_valid: 0.466667
train >>> epoch: 186/200, batch: 1/1, mean_loss: 0.0054, mean_acc: 1.0000
valid >>> epoch: 186/200, mean_loss: 1.3291, mean_acc: 0.5000
recall_micro_valid: 0.5000, recall_macro_valid: 0.466667
train >>> epoch: 187/200, batch: 1/1, mean_loss: 0.0054, mean_acc: 1.0000
valid >>> epoch: 187/200, mean_loss: 1.3297, mean_acc: 0.5000
recall_micro_valid: 0.5000, recall_macro_valid: 0.466667
train >>> epoch: 188/200, batch: 1/1, mean_loss: 0.0053, mean_acc: 1.0000
valid >>> epoch: 188/200, mean_loss: 1.3304, mean_acc: 0.5000
recall_micro_valid: 0.5000, recall_macro_valid: 0.466667
train >>> epoch: 189/200, batch: 1/1, mean_loss: 0.0053, mean_acc: 1.0000
valid >>> epoch: 189/200, mean_loss: 1.3310, mean_acc: 0.5000
recall_micro_valid: 0.5000, recall_macro_valid: 0.466667
train >>> epoch: 190/200, batch: 1/1, mean_loss: 0.0052, mean_acc: 1.0000
valid >>> epoch: 190/200, mean_loss: 1.3316, mean_acc: 0.5000
recall_micro_valid: 0.5000, recall_macro_valid: 0.466667
train >>> epoch: 191/200, batch: 1/1, mean_loss: 0.0052, mean_acc: 1.0000
valid >>> epoch: 191/200, mean_loss: 1.3322, mean_acc: 0.5000
recall_micro_valid: 0.5000, recall_macro_valid: 0.466667
train >>> epoch: 192/200, batch: 1/1, mean_loss: 0.0052, mean_acc: 1.0000
valid >>> epoch: 192/200, mean_loss: 1.3328, mean_acc: 0.5000
recall_micro_valid: 0.5000, recall_macro_valid: 0.466667
train >>> epoch: 193/200, batch: 1/1, mean_loss: 0.0051, mean_acc: 1.0000
valid >>> epoch: 193/200, mean_loss: 1.3334, mean_acc: 0.5000
recall_micro_valid: 0.5000, recall_macro_valid: 0.466667
train >>> epoch: 194/200, batch: 1/1, mean_loss: 0.0051, mean_acc: 1.0000
valid >>> epoch: 194/200, mean_loss: 1.3340, mean_acc: 0.5000
recall_micro_valid: 0.5000, recall_macro_valid: 0.466667
train >>> epoch: 195/200, batch: 1/1, mean_loss: 0.0051, mean_acc: 1.0000
valid >>> epoch: 195/200, mean_loss: 1.3346, mean_acc: 0.5000
recall_micro_valid: 0.5000, recall_macro_valid: 0.466667
train >>> epoch: 196/200, batch: 1/1, mean_loss: 0.0050, mean_acc: 1.0000
valid >>> epoch: 196/200, mean_loss: 1.3352, mean_acc: 0.5000
recall_micro_valid: 0.5000, recall_macro_valid: 0.466667
train >>> epoch: 197/200, batch: 1/1, mean_loss: 0.0050, mean_acc: 1.0000
valid >>> epoch: 197/200, mean_loss: 1.3358, mean_acc: 0.5000
recall_micro_valid: 0.5000, recall_macro_valid: 0.466667
train >>> epoch: 198/200, batch: 1/1, mean_loss: 0.0050, mean_acc: 1.0000
valid >>> epoch: 198/200, mean_loss: 1.3364, mean_acc: 0.5000
recall_micro_valid: 0.5000, recall_macro_valid: 0.466667
train >>> epoch: 199/200, batch: 1/1, mean_loss: 0.0049, mean_acc: 1.0000
valid >>> epoch: 199/200, mean_loss: 1.3370, mean_acc: 0.5000
recall_micro_valid: 0.5000, recall_macro_valid: 0.466667
train >>> epoch: 200/200, batch: 1/1, mean_loss: 0.0049, mean_acc: 1.0000
valid >>> epoch: 200/200, mean_loss: 1.3376, mean_acc: 0.5000
recall_micro_valid: 0.5000, recall_macro_valid: 0.466667
2020-02-03-00-30-05
