2020-02-09-20-31-22
train_bs.py
--------------------------------------------------------------------------------------------------------------------
batchSize: 14
bottleneckFeatures: 0
brightness: [-0.2, 0.2]
contrast: [-0.2, 0.2]
dir_lf: D:\Data\cs-8395-dl
dir_project: ..
encoder: resnet18
epoch: 20
folderData: assignment2_data
lr: 0.001
overrideLR: 1
resize: 256
resume_from: None
to_ram: 0
--------------------------------------------------------------------------------------------------------------------
creating directory to save model at D:\Data\cs-8395-dl\model\2020-02-09-20-31-22
balanced_max:  6130
number of samples in balanced dataset 42910
train samples 9015
validation samples 1000
train >>> epoch: 1/20, batch: 1/643, mean_loss: 1.9951, mean_acc: 0.1429
train >>> epoch: 1/20, batch: 2/643, mean_loss: 1.9564, mean_acc: 0.1786
train >>> epoch: 1/20, batch: 3/643, mean_loss: 1.9494, mean_acc: 0.2381
train >>> epoch: 1/20, batch: 4/643, mean_loss: 1.8017, mean_acc: 0.2857
train >>> epoch: 1/20, batch: 5/643, mean_loss: 1.7833, mean_acc: 0.3143
train >>> epoch: 1/20, batch: 6/643, mean_loss: 1.8108, mean_acc: 0.3333
train >>> epoch: 1/20, batch: 7/643, mean_loss: 1.8300, mean_acc: 0.3469
train >>> epoch: 1/20, batch: 8/643, mean_loss: 1.8141, mean_acc: 0.3571
train >>> epoch: 1/20, batch: 9/643, mean_loss: 1.8273, mean_acc: 0.3571
train >>> epoch: 1/20, batch: 10/643, mean_loss: 1.8853, mean_acc: 0.3571
train >>> epoch: 1/20, batch: 11/643, mean_loss: 1.8504, mean_acc: 0.3636
train >>> epoch: 1/20, batch: 12/643, mean_loss: 1.8501, mean_acc: 0.3631
train >>> epoch: 1/20, batch: 13/643, mean_loss: 1.8609, mean_acc: 0.3516
train >>> epoch: 1/20, batch: 14/643, mean_loss: 1.8595, mean_acc: 0.3571
train >>> epoch: 1/20, batch: 15/643, mean_loss: 1.8309, mean_acc: 0.3667
train >>> epoch: 1/20, batch: 16/643, mean_loss: 1.8390, mean_acc: 0.3661
train >>> epoch: 1/20, batch: 17/643, mean_loss: 1.8837, mean_acc: 0.3529
train >>> epoch: 1/20, batch: 18/643, mean_loss: 1.8872, mean_acc: 0.3452
train >>> epoch: 1/20, batch: 19/643, mean_loss: 1.8837, mean_acc: 0.3383
train >>> epoch: 1/20, batch: 20/643, mean_loss: 1.8870, mean_acc: 0.3357
train >>> epoch: 1/20, batch: 21/643, mean_loss: 1.8649, mean_acc: 0.3367
train >>> epoch: 1/20, batch: 22/643, mean_loss: 1.8483, mean_acc: 0.3409
train >>> epoch: 1/20, batch: 23/643, mean_loss: 1.8385, mean_acc: 0.3416
train >>> epoch: 1/20, batch: 24/643, mean_loss: 1.8269, mean_acc: 0.3423
train >>> epoch: 1/20, batch: 25/643, mean_loss: 1.8075, mean_acc: 0.3486
train >>> epoch: 1/20, batch: 26/643, mean_loss: 1.7939, mean_acc: 0.3544
train >>> epoch: 1/20, batch: 27/643, mean_loss: 1.7814, mean_acc: 0.3598
train >>> epoch: 1/20, batch: 28/643, mean_loss: 1.7696, mean_acc: 0.3571
train >>> epoch: 1/20, batch: 29/643, mean_loss: 1.7662, mean_acc: 0.3571
train >>> epoch: 1/20, batch: 30/643, mean_loss: 1.7604, mean_acc: 0.3571
train >>> epoch: 1/20, batch: 31/643, mean_loss: 1.7469, mean_acc: 0.3594
train >>> epoch: 1/20, batch: 32/643, mean_loss: 1.7477, mean_acc: 0.3616
train >>> epoch: 1/20, batch: 33/643, mean_loss: 1.7359, mean_acc: 0.3636
train >>> epoch: 1/20, batch: 34/643, mean_loss: 1.7300, mean_acc: 0.3655
