2020-02-09-02-19-16
train_bs.py
--------------------------------------------------------------------------------------------------------------------
batchSize: 14
bottleneckFeatures: 0
brightness: [-0.2, 0.2]
contrast: [-0.2, 0.2]
dir_lf: D:\Data\cs-8395-dl
dir_project: ..
encoder: resnet18
epoch: 50
folderData: assignment2_data
lr: 0.001
overrideLR: 1
resume_from: None
to_ram: 0
--------------------------------------------------------------------------------------------------------------------
creating directory to save model at D:\Data\cs-8395-dl\model\2020-02-09-02-19-16
balanced_max:  6130
number of samples in balanced dataset 42910
train samples 9015
validation samples 1000
ISIC_0032386
ISIC_0032892
ISIC_0029676
ISIC_0025911
ISIC_0029715
ISIC_0031154
ISIC_0027888
ISIC_0030284
ISIC_0027659
ISIC_0029029
ISIC_0026471
ISIC_0025808
ISIC_0025266
ISIC_0024402
train >>> epoch: 1/50, batch: 1/643, mean_loss: 2.2130, mean_acc: 0.1429
ISIC_0027288
ISIC_0025238
ISIC_0026219
ISIC_0031344
ISIC_0031738
ISIC_0029466
ISIC_0025924
ISIC_0025764
ISIC_0028051
ISIC_0027151
ISIC_0029760
ISIC_0025130
ISIC_0028693
ISIC_0027269
train >>> epoch: 1/50, batch: 2/643, mean_loss: 2.1754, mean_acc: 0.2143
ISIC_0024378
ISIC_0028017
ISIC_0028701
ISIC_0026254
ISIC_0026152
ISIC_0029201
ISIC_0024662
ISIC_0027698
ISIC_0028463
ISIC_0029345
ISIC_0027876
ISIC_0029713
ISIC_0030746
ISIC_0032614
train >>> epoch: 1/50, batch: 3/643, mean_loss: 2.1221, mean_acc: 0.2381
ISIC_0029011
ISIC_0027043
ISIC_0025851
ISIC_0029783
ISIC_0026149
ISIC_0027433
ISIC_0027269
ISIC_0024366
ISIC_0033186
ISIC_0025040
ISIC_0029962
ISIC_0027550
ISIC_0027135
ISIC_0031215
train >>> epoch: 1/50, batch: 4/643, mean_loss: 1.9624, mean_acc: 0.3036
ISIC_0027078
ISIC_0033120
ISIC_0024971
ISIC_0030757
ISIC_0031012
ISIC_0029655
ISIC_0024662
ISIC_0032619
ISIC_0025413
ISIC_0032159
ISIC_0029760
ISIC_0028820
ISIC_0024443
ISIC_0033254
train >>> epoch: 1/50, batch: 5/643, mean_loss: 1.8881, mean_acc: 0.3429
ISIC_0027528
ISIC_0025409
ISIC_0032359
ISIC_0026471
ISIC_0031012
ISIC_0027526
ISIC_0027256
ISIC_0029409
ISIC_0030083
ISIC_0031624
ISIC_0024994
ISIC_0026872
ISIC_0027526
ISIC_0025578
train >>> epoch: 1/50, batch: 6/643, mean_loss: 1.8069, mean_acc: 0.3810
ISIC_0031979
ISIC_0033196
ISIC_0029823
ISIC_0030011
ISIC_0025808
ISIC_0032194
ISIC_0026467
ISIC_0032338
ISIC_0032782
ISIC_0030231
ISIC_0026473
ISIC_0032203
ISIC_0028486
ISIC_0026068
train >>> epoch: 1/50, batch: 7/643, mean_loss: 1.7774, mean_acc: 0.3980
ISIC_0028879
ISIC_0032736
ISIC_0025131
ISIC_0029891
ISIC_0028314
ISIC_0026433
ISIC_0024402
ISIC_0031771
ISIC_0032626
ISIC_0027606
ISIC_0029177
ISIC_0024468
ISIC_0024436
ISIC_0031093
train >>> epoch: 1/50, batch: 8/643, mean_loss: 1.7040, mean_acc: 0.4107
ISIC_0028626
ISIC_0030695
ISIC_0028840
ISIC_0032468
