2020-02-10-13-24-43
train.py
--------------------------------------------------------------------------------------------------------------------
batchSize: 21
bottleneckFeatures: 0
brightness: [-0.2, 0.2]
contrast: [-0.2, 0.2]
dir_lf: D:\Data\cs-8395-dl
dir_project: ..
encoder: dpn92
epoch: 10
folderData: assignment2_data
loss_weights: ['0.8', '0.2', '1', '1', '0.8', '1', '1']
lr: 1e-05
overrideLR: 1
resize: 256
resume_from: None
to_ram: 0
--------------------------------------------------------------------------------------------------------------------
creating directory to save model at D:\Data\cs-8395-dl\model\2020-02-10-13-24-43
train samples 9015
validation samples 1000
