2020-02-02-23-38-31
train.py
--------------------------------------------------------------------------------------------------------------------
batchSize: 32
bottleneckFeatures: 1
dir_lf: D:\Data\cs-8395-dl
dir_project: ..
encoder: resnet18
epoch: 400
folderData: assignment2_data
lr: 0.001
resume_from: None
--------------------------------------------------------------------------------------------------------------------
creating directory to save model at D:\Data\cs-8395-dl\model\2020-02-02-23-38-31
loading images to RAM
train samples 3
loading images to RAM
validation samples 3
freezing feature extracting layers
tensor([1, 1, 1], device='cuda:0') tensor([[ 0.1908, -0.5433,  0.8902, -1.4194, -0.7707, -0.4211, -0.1796],
        [ 0.1192, -0.4876,  0.8666, -0.8270, -1.0325, -0.4745, -0.5211],
        [ 0.7248, -0.6396,  0.3813, -1.2298, -0.3226,  0.0143, -1.0183]],
       device='cuda:0', grad_fn=<AddmmBackward>)
train >>> epoch: 1/400, batch: 1/1, mean_loss: 2.4024, mean_acc: 0.0000
