2020-02-09-15-15-47
train_bs.py
--------------------------------------------------------------------------------------------------------------------
batchSize: 14
bottleneckFeatures: 0
brightness: [-0.2, 0.2]
contrast: [-0.2, 0.2]
dir_lf: D:\Data\cs-8395-dl
dir_project: ..
encoder: resnet50
epoch: 50
folderData: assignment2_data_cc-gw
lr: 0.001
overrideLR: 1
resize: 256
resume_from: None
to_ram: 0
--------------------------------------------------------------------------------------------------------------------
creating directory to save model at D:\Data\cs-8395-dl\model\2020-02-09-15-15-47
balanced_max:  6130
number of samples in balanced dataset 42910
train samples 9015
validation samples 1000
