2020-02-02-23-34-58
train.py
--------------------------------------------------------------------------------------------------------------------
batchSize: 32
bottleneckFeatures: 1
dir_lf: D:\Data\cs-8395-dl
dir_project: ..
encoder: resnet18
epoch: 400
folderData: assignment2_data
lr: 0.001
resume_from: None
--------------------------------------------------------------------------------------------------------------------
creating directory to save model at D:\Data\cs-8395-dl\model\2020-02-02-23-34-58
loading images to RAM
train samples 3
loading images to RAM
validation samples 3
freezing feature extracting layers
tensor([1, 1, 1], device='cuda:0') tensor([[-0.3112, -0.4897,  0.3479, -0.4833, -0.7772, -0.5067,  0.2030],
        [ 0.1682, -0.3269,  0.5345, -0.8721, -0.1913,  0.8604,  0.3452],
        [ 0.0150, -0.0753,  0.2905, -0.5906, -0.1644,  0.5984, -0.0075]],
       device='cuda:0', grad_fn=<AddmmBackward>)
train >>> epoch: 1/400, batch: 1/1, mean_loss: 2.2653, mean_acc: 0.0000
