2020-02-10-10-47-12
train_bs.py
--------------------------------------------------------------------------------------------------------------------
batchSize: 28
bottleneckFeatures: 0
brightness: [-0.2, 0.2]
contrast: [-0.2, 0.2]
dir_lf: D:\Data\cs-8395-dl
dir_project: ..
encoder: dpn92
epoch: 5
folderData: assignment2_data
lr: 1e-05
overrideLR: 1
resize: 256
resume_from: None
to_ram: 0
--------------------------------------------------------------------------------------------------------------------
creating directory to save model at D:\Data\cs-8395-dl\model\2020-02-10-10-47-12
balanced_max:  6130
number of samples in balanced dataset 42910
train samples 9015
validation samples 1000
shuffling dataset
train >>> epoch: 1/5, batch: 1/1533, mean_loss: 2.0135, mean_acc: 0.1786
