2020-03-23-21-58-17
train.py
--------------------------------------------------------------------------------------------------------------------
axis: axial
batchSize: 12
bottleneckFeatures: 0
brightness: None
contrast: None
cropSize: None
dir_lf: D:\Data\cs-8395-dl
dir_project: ..
encoder: dpn68
epoch: 24
extract_spleen: False
folderData: assignment3\Training
folderPartition: train_test_org
lossWeight: [0.3, 0.7]
loss_weights: None
lr: 1e-05
msg: None
overrideLR: 1
path_kfold: D:\Projects\cs-8395-dl\Assignment_3_segmentation\partition\kfold_5.bin
resize: None
resume_from: D:\Data\cs-8395-dl\model\2020-03-23-07-39-40\2020-03-23-07-39-40_1_fold-dpn68_best.pt
to_ram: 0
--------------------------------------------------------------------------------------------------------------------
creating directory to save model at D:\Data\cs-8395-dl\model\2020-03-23-21-58-17
executing fold 1/5
training patients  ['0001' '0002' '0003' '0004' '0005' '0006' '0007' '0008' '0021' '0022'
 '0023' '0024' '0025' '0027' '0029' '0030' '0031' '0032' '0033' '0035'
 '0036' '0037' '0039' '0040']
validation patients  ['0009' '0010' '0026' '0028' '0034' '0038']
loaded model weights from D:\Data\cs-8395-dl\model\2020-03-23-07-39-40\2020-03-23-07-39-40_1_fold-dpn68_best.pt
epoch 1
validation loss of pretrained model: 0.3643
tensor([0, 0, 0, 0, 0, 0, 0, 0, 0, 0, 0, 0], device='cuda:0')
tensor([[0.8920, 0.1446],
        [0.8273, 0.2343],
        [0.9075, 0.1287],
        [0.8495, 0.2002],
        [0.8528, 0.1988],
        [0.8276, 0.2275],
        [0.8369, 0.2135],
        [0.8276, 0.2275],
        [0.8444, 0.2079],
        [0.8273, 0.2343],
        [0.8920, 0.1446],
        [0.9075, 0.1287]], device='cuda:0', grad_fn=<SigmoidBackward>)
tensor(0.0415, device='cuda:0', grad_fn=<NllLossBackward>)
tensor([0, 0, 0, 0, 0, 0, 0, 0, 0, 0, 0, 0], device='cuda:0')
tensor([[0.8545, 0.1953],
        [0.8580, 0.1922],
        [0.8742, 0.1715],
        [0.8875, 0.1544],
        [0.8580, 0.1922],
        [0.8801, 0.1626],
        [0.8614, 0.1856],
        [0.8545, 0.1953],
        [0.8742, 0.1715],
        [0.8742, 0.1715],
        [0.8875, 0.1544],
        [0.8742, 0.1715]], device='cuda:0', grad_fn=<SigmoidBackward>)
tensor(0.0320, device='cuda:0', grad_fn=<NllLossBackward>)
tensor([0, 0, 0, 0, 0, 0, 0, 0, 0, 0, 0, 0], device='cuda:0')
tensor([[0.8690, 0.1784],
        [0.8493, 0.2055],
        [0.8791, 0.1623],
        [0.8493, 0.2055],
        [0.8791, 0.1623],
        [0.8761, 0.1667],
        [0.8706, 0.1754],
        [0.8493, 0.2055],
        [0.8791, 0.1623],
        [0.8763, 0.1669],
        [0.8992, 0.1399],
        [0.8690, 0.1784]], device='cuda:0', grad_fn=<SigmoidBackward>)
tensor(0.0319, device='cuda:0', grad_fn=<NllLossBackward>)
tensor([0, 0, 0, 0], device='cuda:0')
tensor([[0.8611, 0.1858],
        [0.8781, 0.1696],
        [0.8611, 0.1858],
        [0.8611, 0.1858]], device='cuda:0', grad_fn=<SigmoidBackward>)
tensor(0.0341, device='cuda:0', grad_fn=<NllLossBackward>)
tensor([0, 0, 0, 1, 0, 0, 0, 0, 1, 0, 0, 0], device='cuda:0')
tensor([[0.8759, 0.1693],
        [0.8573, 0.1953],
        [0.8557, 0.1920],
        [0.1113, 0.9138],
        [0.8540, 0.1926],
        [0.8644, 0.1798],
        [0.8759, 0.1693],
        [0.8438, 0.2058],
        [0.1113, 0.9138],
        [0.8438, 0.2058],
        [0.8557, 0.1920],
        [0.8759, 0.1693]], device='cuda:0', grad_fn=<SigmoidBackward>)
tensor(0.0290, device='cuda:0', grad_fn=<NllLossBackward>)
tensor([0, 0, 0, 0, 0, 0, 0, 0, 0, 0, 0, 0], device='cuda:0')
tensor([[0.8617, 0.1861],
        [0.8903, 0.1550],
        [0.8840, 0.1545],
        [0.8617, 0.1861],
        [0.8642, 0.1831],
        [0.8954, 0.1425],
        [0.8617, 0.1861],
        [0.8617, 0.1861],
        [0.8642, 0.1831],
        [0.8642, 0.1831],
        [0.8929, 0.1518],
        [0.8642, 0.1831]], device='cuda:0', grad_fn=<SigmoidBackward>)
tensor(0.0308, device='cuda:0', grad_fn=<NllLossBackward>)
tensor([0, 0, 0, 0, 0, 0, 0, 0, 0, 0, 0, 0], device='cuda:0')
tensor([[0.8548, 0.1952],
        [0.8607, 0.1869],
        [0.8802, 0.1638],
        [0.8802, 0.1638],
        [0.8548, 0.1952],
        [0.8914, 0.1497],
        [0.8802, 0.1638],
        [0.8802, 0.1638],
        [0.8890, 0.1529],
        [0.8607, 0.1869],
        [0.8548, 0.1952],
        [0.8890, 0.1522]], device='cuda:0', grad_fn=<SigmoidBackward>)
tensor(0.0304, device='cuda:0', grad_fn=<NllLossBackward>)
tensor([0, 0, 0, 0, 0, 0, 0, 0, 0, 0, 0, 0], device='cuda:0')
tensor([[0.8813, 0.1620],
        [0.8813, 0.1620],
        [0.8664, 0.1819],
        [0.8697, 0.1702],
        [0.8410, 0.2173],
        [0.8664, 0.1819],
        [0.8799, 0.1639],
        [0.8545, 0.1972],
        [0.8410, 0.2173],
        [0.8799, 0.1639],
        [0.8813, 0.1620],
        [0.8697, 0.1702]], device='cuda:0', grad_fn=<SigmoidBackward>)
tensor(0.0334, device='cuda:0', grad_fn=<NllLossBackward>)
tensor([1, 1, 1, 1, 1, 1, 1, 1, 1, 1, 1, 1], device='cuda:0')
tensor([[0.4617, 0.6005],
        [0.4141, 0.6511],
        [0.3344, 0.7188],
        [0.4141, 0.6511],
        [0.4268, 0.6387],
        [0.3965, 0.6671],
        [0.4180, 0.6469],
        [0.3689, 0.6879],
        [0.3344, 0.7188],
        [0.4617, 0.6005],
        [0.4141, 0.6511],
        [0.4268, 0.6387]], device='cuda:0', grad_fn=<SigmoidBackward>)
tensor(0.3148, device='cuda:0', grad_fn=<NllLossBackward>)
tensor([1, 1, 1, 1, 1, 1, 1, 1, 1, 1, 1, 1], device='cuda:0')
tensor([[0.3828, 0.6784],
        [0.4025, 0.6595],
        [0.4590, 0.6103],
        [0.4033, 0.6560],
        [0.4025, 0.6595],
        [0.3637, 0.6925],
        [0.4590, 0.6103],
        [0.3637, 0.6925],
        [0.3787, 0.6787],
        [0.3637, 0.6925],
        [0.4033, 0.6560],
        [0.4590, 0.6103]], device='cuda:0', grad_fn=<SigmoidBackward>)
tensor(0.3077, device='cuda:0', grad_fn=<NllLossBackward>)
tensor([0, 0, 0, 0, 0, 0, 0, 0, 0, 0, 0, 0], device='cuda:0')
tensor([[0.8553, 0.1950],
        [0.8427, 0.2033],
        [0.8768, 0.1705],
        [0.8553, 0.1950],
        [0.8768, 0.1705],
        [0.8834, 0.1576],
        [0.8760, 0.1667],
        [0.8768, 0.1705],
        [0.8733, 0.1710],
        [0.8536, 0.1935],
        [0.8536, 0.1935],
        [0.8553, 0.1950]], device='cuda:0', grad_fn=<SigmoidBackward>)
tensor(0.0346, device='cuda:0', grad_fn=<NllLossBackward>)
tensor([0, 0, 0, 0, 0, 0, 0, 0, 0, 0, 0, 0], device='cuda:0')
tensor([[0.8870, 0.1516],
        [0.8545, 0.1972],
        [0.8870, 0.1516],
        [0.8717, 0.1765],
        [0.8804, 0.1634],
        [0.8717, 0.1765],
        [0.8599, 0.1875],
        [0.8484, 0.2050],
        [0.8804, 0.1634],
        [0.8545, 0.1972],
        [0.8870, 0.1516],
        [0.8545, 0.1972]], device='cuda:0', grad_fn=<SigmoidBackward>)
tensor(0.0322, device='cuda:0', grad_fn=<NllLossBackward>)
tensor([0, 0, 0, 0, 0, 0, 0, 0, 0, 0, 0, 0], device='cuda:0')
tensor([[0.8856, 0.1532],
        [0.8821, 0.1603],
        [0.8685, 0.1744],
        [0.8706, 0.1787],
        [0.8771, 0.1667],
        [0.8751, 0.1740],
        [0.8511, 0.2018],
        [0.8511, 0.2018],
        [0.8752, 0.1706],
        [0.8856, 0.1532],
        [0.8556, 0.1966],
        [0.8685, 0.1744]], device='cuda:0', grad_fn=<SigmoidBackward>)
tensor(0.0316, device='cuda:0', grad_fn=<NllLossBackward>)
train >>> fold 1/5, epoch: 1/24, patient 1/24, mean_loss 0.0757, mean_acc 1.0000
tensor([0, 0, 0, 0, 0, 0, 0, 0, 0, 0, 0, 0], device='cuda:0')
tensor([[0.8575, 0.1896],
        [0.8628, 0.1846],
        [0.8687, 0.1760],
        [0.8760, 0.1685],
        [0.8818, 0.1578],
        [0.8583, 0.1924],
        [0.8760, 0.1685],
        [0.8575, 0.1896],
        [0.8936, 0.1503],
        [0.8430, 0.2104],
        [0.8936, 0.1503],
        [0.8687, 0.1760]], device='cuda:0', grad_fn=<SigmoidBackward>)
tensor(0.0321, device='cuda:0', grad_fn=<NllLossBackward>)
tensor([0, 0, 0, 0, 0, 0, 0, 0, 0, 0, 0, 0], device='cuda:0')
tensor([[0.8747, 0.1700],
        [0.8541, 0.1904],
        [0.8828, 0.1610],
        [0.8541, 0.1904],
        [0.8138, 0.2483],
        [0.8671, 0.1813],
        [0.8747, 0.1700],
        [0.8671, 0.1813],
        [0.8828, 0.1610],
        [0.8696, 0.1768],
        [0.8541, 0.1904],
        [0.8671, 0.1813]], device='cuda:0', grad_fn=<SigmoidBackward>)
tensor(0.0359, device='cuda:0', grad_fn=<NllLossBackward>)
tensor([0, 0, 0, 0, 0, 0, 0, 0, 0, 0, 0, 0], device='cuda:0')
tensor([[0.8707, 0.1746],
        [0.8698, 0.1787],
        [0.8698, 0.1787],
        [0.8893, 0.1533],
        [0.8893, 0.1533],
        [0.8698, 0.1787],
        [0.8619, 0.1836],
        [0.8630, 0.1820],
        [0.8698, 0.1787],
        [0.8707, 0.1746],
        [0.8697, 0.1745],
        [0.8630, 0.1820]], device='cuda:0', grad_fn=<SigmoidBackward>)
tensor(0.0309, device='cuda:0', grad_fn=<NllLossBackward>)
tensor([0, 0, 0, 0, 0, 0, 0, 0, 0, 0, 0, 0], device='cuda:0')
tensor([[0.8802, 0.1628],
        [0.8641, 0.1840],
        [0.8772, 0.1676],
        [0.8851, 0.1580],
        [0.8045, 0.2514],
        [0.8641, 0.1840],
        [0.8045, 0.2514],
        [0.8873, 0.1568],
        [0.8802, 0.1628],
        [0.8641, 0.1840],
        [0.8240, 0.2269],
        [0.8240, 0.2269]], device='cuda:0', grad_fn=<SigmoidBackward>)
tensor(0.0425, device='cuda:0', grad_fn=<NllLossBackward>)
tensor([0, 0, 0, 0, 1, 0, 0, 0, 0, 0, 1, 1], device='cuda:0')
tensor([[0.8217, 0.2354],
        [0.8217, 0.2354],
        [0.8913, 0.1463],
        [0.8125, 0.2441],
        [0.1061, 0.9119],
        [0.8905, 0.1488],
        [0.8217, 0.2354],
        [0.8334, 0.2235],
        [0.8913, 0.1463],
        [0.8905, 0.1488],
        [0.1061, 0.9119],
        [0.0883, 0.9283]], device='cuda:0', grad_fn=<SigmoidBackward>)
tensor(0.0298, device='cuda:0', grad_fn=<NllLossBackward>)
tensor([0, 0, 0, 0, 0, 0, 0, 0, 0, 0, 0, 0], device='cuda:0')
tensor([[0.8391, 0.2108],
        [0.8649, 0.1847],
        [0.8918, 0.1456],
        [0.8649, 0.1847],
        [0.8640, 0.1841],
        [0.8918, 0.1456],
        [0.8686, 0.1794],
        [0.8898, 0.1520],
        [0.8898, 0.1520],
        [0.8649, 0.1847],
        [0.8649, 0.1847],
        [0.8391, 0.2108]], device='cuda:0', grad_fn=<SigmoidBackward>)
tensor(0.0326, device='cuda:0', grad_fn=<NllLossBackward>)
tensor([1, 1, 1, 1, 1, 1, 1, 1, 1, 1, 1, 1], device='cuda:0')
tensor([[0.3367, 0.7200],
        [0.4513, 0.6143],
        [0.4098, 0.6528],
        [0.4271, 0.6326],
        [0.3931, 0.6678],
        [0.4098, 0.6528],
        [0.3498, 0.7109],
        [0.3367, 0.7200],
        [0.4699, 0.5950],
        [0.4513, 0.6143],
        [0.4098, 0.6528],
        [0.4271, 0.6326]], device='cuda:0', grad_fn=<SigmoidBackward>)
tensor(0.3171, device='cuda:0', grad_fn=<NllLossBackward>)
tensor([0, 0, 0], device='cuda:0')
tensor([[0.8664, 0.1791],
        [0.8728, 0.1750],
        [0.8664, 0.1791]], device='cuda:0', grad_fn=<SigmoidBackward>)
tensor(0.0322, device='cuda:0', grad_fn=<NllLossBackward>)
tensor([0, 0, 0, 0, 0, 0, 0, 0, 0, 0, 0, 0], device='cuda:0')
tensor([[0.8656, 0.1817],
        [0.8656, 0.1817],
        [0.8621, 0.1834],
        [0.8656, 0.1817],
        [0.8621, 0.1834],
        [0.8621, 0.1834],
        [0.8756, 0.1697],
        [0.8767, 0.1700],
        [0.8767, 0.1700],
        [0.8656, 0.1817],
        [0.8621, 0.1834],
        [0.8756, 0.1697]], device='cuda:0', grad_fn=<SigmoidBackward>)
tensor(0.0326, device='cuda:0', grad_fn=<NllLossBackward>)
tensor([1, 1, 1, 1, 1, 0, 0, 0, 0, 1, 0, 1], device='cuda:0')
tensor([[0.1492, 0.8767],
        [0.1201, 0.9024],
        [0.0581, 0.9518],
        [0.1150, 0.9071],
        [0.3862, 0.6738],
        [0.9497, 0.0710],
        [0.9724, 0.0410],
        [0.9939, 0.0095],
        [0.9724, 0.0410],
        [0.1492, 0.8767],
        [0.9724, 0.0410],
        [0.1201, 0.9024]], device='cuda:0', grad_fn=<SigmoidBackward>)
tensor(0.0398, device='cuda:0', grad_fn=<NllLossBackward>)
tensor([0, 0, 0, 0, 0, 0, 0, 0, 0, 0, 0, 0], device='cuda:0')
tensor([[0.8703, 0.1796],
        [0.8680, 0.1784],
        [0.8845, 0.1580],
        [0.8504, 0.2006],
        [0.8658, 0.1812],
        [0.8504, 0.2006],
        [0.8558, 0.1905],
        [0.8680, 0.1784],
        [0.8898, 0.1512],
        [0.8898, 0.1512],
        [0.8898, 0.1512],
        [0.8504, 0.2006]], device='cuda:0', grad_fn=<SigmoidBackward>)
tensor(0.0324, device='cuda:0', grad_fn=<NllLossBackward>)
tensor([0, 0, 0, 0, 0, 0, 0, 0, 0, 0, 0, 0], device='cuda:0')
tensor([[0.8694, 0.1767],
        [0.8694, 0.1767],
        [0.8758, 0.1677],
        [0.8617, 0.1884],
        [0.8758, 0.1677],
        [0.8629, 0.1878],
        [0.8921, 0.1463],
        [0.8754, 0.1687],
        [0.8629, 0.1878],
        [0.8758, 0.1677],
        [0.8754, 0.1687],
        [0.8617, 0.1884]], device='cuda:0', grad_fn=<SigmoidBackward>)
tensor(0.0309, device='cuda:0', grad_fn=<NllLossBackward>)
tensor([1, 1, 1, 1, 1, 1, 1, 1, 1, 1, 1, 1], device='cuda:0')
tensor([[0.3558, 0.7066],
        [0.4170, 0.6448],
        [0.4279, 0.6366],
        [0.3437, 0.7082],
        [0.4198, 0.6432],
        [0.3906, 0.6737],
        [0.4057, 0.6530],
        [0.4198, 0.6432],
        [0.4170, 0.6448],
        [0.4279, 0.6366],
        [0.4198, 0.6432],
        [0.4279, 0.6366]], device='cuda:0', grad_fn=<SigmoidBackward>)
tensor(0.3104, device='cuda:0', grad_fn=<NllLossBackward>)
train >>> fold 1/5, epoch: 1/24, patient 2/24, mean_loss 0.0763, mean_acc 1.0000
tensor([0, 0, 0, 0, 0, 0, 0, 0, 0, 0, 0, 0], device='cuda:0')
tensor([[0.8856, 0.1531],
        [0.8683, 0.1811],
        [0.8658, 0.1818],
        [0.8658, 0.1818],
        [0.8696, 0.1779],
        [0.8786, 0.1662],
        [0.8856, 0.1531],
        [0.8684, 0.1795],
        [0.8856, 0.1531],
        [0.8658, 0.1818],
        [0.8683, 0.1811],
        [0.8683, 0.1811]], device='cuda:0', grad_fn=<SigmoidBackward>)
tensor(0.0301, device='cuda:0', grad_fn=<NllLossBackward>)
tensor([0, 0, 0, 0, 0, 0, 0, 0, 0, 0, 0, 0], device='cuda:0')
tensor([[0.8771, 0.1652],
        [0.8597, 0.1921],
        [0.8729, 0.1735],
        [0.8597, 0.1921],
        [0.8771, 0.1652],
        [0.8773, 0.1646],
        [0.8835, 0.1599],
        [0.8729, 0.1735],
        [0.8771, 0.1652],
        [0.8597, 0.1921],
        [0.8715, 0.1769],
        [0.8771, 0.1652]], device='cuda:0', grad_fn=<SigmoidBackward>)
tensor(0.0306, device='cuda:0', grad_fn=<NllLossBackward>)
tensor([0, 0, 0, 0, 0, 0, 0, 0, 0, 0, 0, 0], device='cuda:0')
tensor([[0.8690, 0.1772],
        [0.7765, 0.2853],
        [0.8699, 0.1774],
        [0.8560, 0.1904],
        [0.8513, 0.2000],
        [0.8320, 0.2220],
        [0.8699, 0.1774],
        [0.8690, 0.1772],
        [0.9003, 0.1372],
        [0.7765, 0.2853],
        [0.8560, 0.1904],
        [0.8572, 0.1944]], device='cuda:0', grad_fn=<SigmoidBackward>)
tensor(0.0482, device='cuda:0', grad_fn=<NllLossBackward>)
tensor([1, 1, 1, 1, 1, 1, 1, 1, 1, 1, 1, 1], device='cuda:0')
tensor([[0.4276, 0.6385],
        [0.4553, 0.6105],
        [0.3297, 0.7257],
        [0.5742, 0.4926],
        [0.3297, 0.7257],
        [0.3840, 0.6769],
        [0.3297, 0.7257],
        [0.5742, 0.4926],
        [0.2988, 0.7503],
        [0.4553, 0.6105],
        [0.3629, 0.6980],
        [0.4276, 0.6385]], device='cuda:0', grad_fn=<SigmoidBackward>)
tensor(0.3689, device='cuda:0', grad_fn=<NllLossBackward>)
tensor([0, 0, 0, 0, 0, 0, 0, 0, 0, 0, 0, 0], device='cuda:0')
tensor([[0.8620, 0.1842],
        [0.8810, 0.1638],
        [0.8808, 0.1639],
        [0.8810, 0.1638],
        [0.8431, 0.2109],
        [0.8653, 0.1807],
        [0.8810, 0.1638],
        [0.8431, 0.2109],
        [0.8676, 0.1733],
        [0.8427, 0.2073],
        [0.8620, 0.1842],
        [0.8808, 0.1639]], device='cuda:0', grad_fn=<SigmoidBackward>)
tensor(0.0343, device='cuda:0', grad_fn=<NllLossBackward>)
tensor([0, 0, 0, 0, 0, 0, 0, 0, 0, 0, 0, 0], device='cuda:0')
tensor([[0.8712, 0.1770],
        [0.8671, 0.1801],
        [0.8793, 0.1635],
        [0.8793, 0.1635],
        [0.8525, 0.1972],
        [0.8800, 0.1638],
        [0.8728, 0.1725],
        [0.8671, 0.1801],
        [0.8712, 0.1770],
        [0.8793, 0.1635],
        [0.8728, 0.1725],
        [0.8525, 0.1972]], device='cuda:0', grad_fn=<SigmoidBackward>)
tensor(0.0315, device='cuda:0', grad_fn=<NllLossBackward>)
tensor([0, 0, 0, 0, 0, 0, 0, 0, 0, 0, 0, 0], device='cuda:0')
tensor([[0.8540, 0.1955],
        [0.8575, 0.1939],
        [0.8680, 0.1771],
        [0.8581, 0.1890],
        [0.8559, 0.1956],
        [0.8789, 0.1638],
        [0.8680, 0.1771],
        [0.8575, 0.1939],
        [0.9017, 0.1364],
        [0.8610, 0.1891],
        [0.8581, 0.1890],
        [0.9017, 0.1364]], device='cuda:0', grad_fn=<SigmoidBackward>)
tensor(0.0331, device='cuda:0', grad_fn=<NllLossBackward>)
tensor([0, 0, 0, 0, 0, 0, 0, 0, 0, 0, 0, 0], device='cuda:0')
tensor([[0.8712, 0.1738],
        [0.8639, 0.1852],
        [0.8608, 0.1880],
        [0.8741, 0.1705],
        [0.8806, 0.1609],
        [0.8818, 0.1613],
        [0.8790, 0.1656],
        [0.8639, 0.1852],
        [0.8818, 0.1613],
        [0.8608, 0.1880],
        [0.8790, 0.1656],
        [0.8712, 0.1738]], device='cuda:0', grad_fn=<SigmoidBackward>)
tensor(0.0304, device='cuda:0', grad_fn=<NllLossBackward>)
tensor([0, 0, 0, 0, 0, 0, 0, 0, 0, 0, 0, 0], device='cuda:0')
tensor([[0.8214, 0.2419],
        [0.8724, 0.1692],
        [0.8646, 0.1878],
        [0.8774, 0.1662],
        [0.8859, 0.1506],
        [0.8517, 0.2010],
        [0.8518, 0.1983],
        [0.8724, 0.1692],
        [0.8214, 0.2419],
        [0.8859, 0.1506],
        [0.8422, 0.2120],
        [0.8517, 0.2010]], device='cuda:0', grad_fn=<SigmoidBackward>)
tensor(0.0398, device='cuda:0', grad_fn=<NllLossBackward>)
tensor([1, 1, 1, 1, 1, 1, 1, 1, 1, 1, 1, 1], device='cuda:0')
tensor([[0.3152, 0.7375],
        [0.4877, 0.5869],
        [0.3152, 0.7375],
        [0.4877, 0.5869],
        [0.5274, 0.5395],
        [0.4877, 0.5869],
        [0.3076, 0.7392],
        [0.6586, 0.4124],
        [0.4877, 0.5869],
        [0.3152, 0.7375],
        [0.3152, 0.7375],
        [0.3798, 0.6706]], device='cuda:0', grad_fn=<SigmoidBackward>)
tensor(0.4215, device='cuda:0', grad_fn=<NllLossBackward>)
tensor([0, 0, 0, 0, 0, 0, 0, 0, 0, 0, 0, 0], device='cuda:0')
tensor([[0.8595, 0.1912],
        [0.8422, 0.2102],
        [0.8348, 0.2119],
        [0.8595, 0.1912],
        [0.8657, 0.1832],
        [0.9033, 0.1350],
        [0.8422, 0.2102],
        [0.8670, 0.1779],
        [0.9033, 0.1350],
        [0.8348, 0.2119],
        [0.8657, 0.1832],
        [0.8422, 0.2102]], device='cuda:0', grad_fn=<SigmoidBackward>)
tensor(0.0383, device='cuda:0', grad_fn=<NllLossBackward>)
tensor([1, 1, 0, 1, 1, 1, 1, 1, 1, 1, 1, 1], device='cuda:0')
tensor([[0.0809, 0.9329],
        [0.3204, 0.7318],
        [0.9989, 0.0018],
        [0.4692, 0.5968],
        [0.3204, 0.7318],
        [0.2116, 0.8260],
        [0.4692, 0.5968],
        [0.0809, 0.9329],
        [0.4692, 0.5968],
        [0.3204, 0.7318],
        [0.3204, 0.7318],
        [0.3204, 0.7318]], device='cuda:0', grad_fn=<SigmoidBackward>)
tensor(0.1986, device='cuda:0', grad_fn=<NllLossBackward>)
train >>> fold 1/5, epoch: 1/24, patient 3/24, mean_loss 0.0865, mean_acc 0.9934
tensor([0, 0, 0, 0, 0, 0, 0, 0, 0, 0, 0, 0], device='cuda:0')
tensor([[0.8787, 0.1662],
        [0.8698, 0.1734],
        [0.8787, 0.1662],
        [0.8577, 0.1930],
        [0.8547, 0.1949],
        [0.8547, 0.1949],
        [0.8698, 0.1734],
        [0.8787, 0.1662],
        [0.8787, 0.1662],
        [0.8577, 0.1930],
        [0.8698, 0.1734],
        [0.8577, 0.1930]], device='cuda:0', grad_fn=<SigmoidBackward>)
tensor(0.0332, device='cuda:0', grad_fn=<NllLossBackward>)
tensor([0, 0, 0, 0, 0, 0, 0, 0, 0, 0, 0, 0], device='cuda:0')
tensor([[0.8473, 0.2044],
        [0.8682, 0.1754],
        [0.8842, 0.1576],
        [0.8453, 0.2078],
        [0.8628, 0.1857],
        [0.8380, 0.2163],
        [0.8682, 0.1754],
        [0.8628, 0.1857],
        [0.8842, 0.1576],
        [0.8473, 0.2044],
        [0.8453, 0.2078],
        [0.8682, 0.1754]], device='cuda:0', grad_fn=<SigmoidBackward>)
tensor(0.0376, device='cuda:0', grad_fn=<NllLossBackward>)
tensor([0, 0, 0, 0, 0, 0, 0, 0], device='cuda:0')
tensor([[0.8761, 0.1717],
        [0.9166, 0.1159],
        [0.8484, 0.1985],
        [0.8484, 0.1985],
        [0.8484, 0.1985],
        [0.8761, 0.1717],
        [0.8761, 0.1717],
        [0.8414, 0.2147]], device='cuda:0', grad_fn=<SigmoidBackward>)
tensor(0.0348, device='cuda:0', grad_fn=<NllLossBackward>)
tensor([0, 0, 0, 0, 0, 0, 0, 0, 0, 0, 0, 0], device='cuda:0')
tensor([[0.8595, 0.1864],
        [0.8595, 0.1864],
        [0.8853, 0.1624],
        [0.8520, 0.1980],
        [0.8595, 0.1864],
        [0.8385, 0.2181],
        [0.8595, 0.1864],
        [0.8784, 0.1652],
        [0.8661, 0.1808],
        [0.8520, 0.1980],
        [0.8595, 0.1864],
        [0.8853, 0.1624]], device='cuda:0', grad_fn=<SigmoidBackward>)
tensor(0.0359, device='cuda:0', grad_fn=<NllLossBackward>)
tensor([0, 0, 0, 0, 0, 0, 0, 0, 0, 0, 0, 0], device='cuda:0')
tensor([[0.8707, 0.1754],
        [0.8707, 0.1754],
        [0.8707, 0.1754],
        [0.8491, 0.1958],
        [0.8707, 0.1754],
        [0.8667, 0.1837],
        [0.8866, 0.1528],
        [0.8662, 0.1867],
        [0.8866, 0.1528],
        [0.8662, 0.1867],
        [0.8491, 0.1958],
        [0.8707, 0.1754]], device='cuda:0', grad_fn=<SigmoidBackward>)
tensor(0.0325, device='cuda:0', grad_fn=<NllLossBackward>)
tensor([0, 0, 0, 0, 0, 0, 0, 0, 0, 0, 0, 0], device='cuda:0')
tensor([[0.8462, 0.2054],
        [0.8462, 0.2054],
        [0.8969, 0.1458],
        [0.8969, 0.1458],
        [0.8227, 0.2285],
        [0.8373, 0.2154],
        [0.8663, 0.1775],
        [0.8969, 0.1458],
        [0.8693, 0.1746],
        [0.8373, 0.2154],
        [0.8663, 0.1775],
        [0.8462, 0.2054]], device='cuda:0', grad_fn=<SigmoidBackward>)
tensor(0.0382, device='cuda:0', grad_fn=<NllLossBackward>)
tensor([1, 1, 1, 1, 1, 1, 1, 1, 1, 1, 1, 1], device='cuda:0')
tensor([[0.3925, 0.6726],
        [0.3971, 0.6615],
        [0.3617, 0.6930],
        [0.4549, 0.6075],
        [0.3617, 0.6930],
        [0.4730, 0.5981],
        [0.3617, 0.6930],
        [0.4282, 0.6433],
        [0.3617, 0.6930],
        [0.3971, 0.6615],
        [0.4730, 0.5981],
        [0.3925, 0.6726]], device='cuda:0', grad_fn=<SigmoidBackward>)
tensor(0.3122, device='cuda:0', grad_fn=<NllLossBackward>)
tensor([0, 0, 1, 1, 1, 1, 1, 1, 1, 1, 1, 1], device='cuda:0')
tensor([[0.9962, 0.0061],
        [0.9962, 0.0061],
        [0.1497, 0.8800],
        [0.4283, 0.6297],
        [0.3568, 0.6904],
        [0.1609, 0.8697],
        [0.2963, 0.7549],
        [0.1827, 0.8434],
        [0.1497, 0.8800],
        [0.2963, 0.7549],
        [0.3568, 0.6904],
        [0.1609, 0.8697]], device='cuda:0', grad_fn=<SigmoidBackward>)
tensor(0.1115, device='cuda:0', grad_fn=<NllLossBackward>)
tensor([0, 0, 0, 0, 0, 0, 0, 0, 0, 0, 0, 0], device='cuda:0')
tensor([[0.8857, 0.1595],
        [0.8605, 0.1879],
        [0.8764, 0.1655],
        [0.8764, 0.1655],
        [0.8599, 0.1905],
        [0.8555, 0.1954],
        [0.8764, 0.1655],
        [0.8605, 0.1879],
        [0.8599, 0.1905],
        [0.8729, 0.1714],
        [0.8787, 0.1700],
        [0.8555, 0.1954]], device='cuda:0', grad_fn=<SigmoidBackward>)
tensor(0.0328, device='cuda:0', grad_fn=<NllLossBackward>)
train >>> fold 1/5, epoch: 1/24, patient 4/24, mean_loss 0.0842, mean_acc 0.9947
tensor([0, 0, 0], device='cuda:0')
tensor([[0.8869, 0.1572],
        [0.8429, 0.2100],
        [0.8542, 0.1916]], device='cuda:0', grad_fn=<SigmoidBackward>)
tensor(0.0372, device='cuda:0', grad_fn=<NllLossBackward>)
tensor([0, 0, 0, 0, 0, 0, 0, 0, 0, 0, 0, 0], device='cuda:0')
tensor([[0.8837, 0.1632],
        [0.7887, 0.2702],
        [0.8222, 0.2311],
        [0.8837, 0.1632],
        [0.8837, 0.1632],
        [0.8912, 0.1475],
        [0.7887, 0.2702],
        [0.8871, 0.1482],
        [0.8222, 0.2311],
        [0.8837, 0.1632],
        [0.8222, 0.2311],
        [0.8340, 0.2161]], device='cuda:0', grad_fn=<SigmoidBackward>)
tensor(0.0480, device='cuda:0', grad_fn=<NllLossBackward>)
tensor([0, 1, 1, 1, 1, 1, 1, 1, 1, 1, 1, 0], device='cuda:0')
tensor([[0.9909, 0.0134],
        [0.2032, 0.8344],
        [0.1641, 0.8693],
        [0.2461, 0.8020],
        [0.2954, 0.7528],
        [0.2954, 0.7528],
        [0.2598, 0.7832],
        [0.1641, 0.8693],
        [0.2275, 0.8124],
        [0.2813, 0.7684],
        [0.2461, 0.8020],
        [0.9909, 0.0134]], device='cuda:0', grad_fn=<SigmoidBackward>)
tensor(0.0728, device='cuda:0', grad_fn=<NllLossBackward>)
tensor([1, 1, 1, 1, 1, 1, 1, 1, 0, 1, 1, 1], device='cuda:0')
tensor([[0.4070, 0.6517],
        [0.4684, 0.6067],
        [0.2933, 0.7547],
        [0.4400, 0.6238],
        [0.2574, 0.7837],
        [0.3741, 0.6803],
        [0.1675, 0.8625],
        [0.4070, 0.6517],
        [0.9758, 0.0373],
        [0.2933, 0.7547],
        [0.1675, 0.8625],
        [0.2933, 0.7547]], device='cuda:0', grad_fn=<SigmoidBackward>)
tensor(0.1966, device='cuda:0', grad_fn=<NllLossBackward>)
tensor([0, 0, 0, 0, 0, 0, 0, 0, 0, 0, 0, 0], device='cuda:0')
tensor([[0.8698, 0.1752],
        [0.8360, 0.2182],
        [0.8755, 0.1714],
        [0.8485, 0.2066],
        [0.8755, 0.1714],
        [0.8698, 0.1752],
        [0.8700, 0.1773],
        [0.8938, 0.1444],
        [0.8666, 0.1772],
        [0.8360, 0.2182],
        [0.8579, 0.1921],
        [0.8666, 0.1772]], device='cuda:0', grad_fn=<SigmoidBackward>)
tensor(0.0357, device='cuda:0', grad_fn=<NllLossBackward>)
tensor([0, 0, 0, 0, 0, 0, 0, 0, 0, 0, 0, 0], device='cuda:0')
tensor([[0.8666, 0.1788],
        [0.7911, 0.2701],
        [0.8759, 0.1684],
        [0.8626, 0.1840],
        [0.8722, 0.1742],
        [0.7911, 0.2701],
        [0.8239, 0.2274],
        [0.8722, 0.1742],
        [0.8889, 0.1526],
        [0.8626, 0.1840],
        [0.8722, 0.1742],
        [0.8666, 0.1788]], device='cuda:0', grad_fn=<SigmoidBackward>)
tensor(0.0438, device='cuda:0', grad_fn=<NllLossBackward>)
tensor([0, 0, 0, 0, 0, 0, 0, 0, 0, 0, 0, 0], device='cuda:0')
tensor([[0.8666, 0.1821],
        [0.8661, 0.1818],
        [0.8637, 0.1874],
        [0.8774, 0.1693],
        [0.8873, 0.1530],
        [0.8507, 0.1984],
        [0.8716, 0.1703],
        [0.8577, 0.1887],
        [0.8774, 0.1693],
        [0.8577, 0.1887],
        [0.8666, 0.1821],
        [0.8661, 0.1818]], device='cuda:0', grad_fn=<SigmoidBackward>)
tensor(0.0331, device='cuda:0', grad_fn=<NllLossBackward>)
tensor([0, 0, 0, 0, 0, 0, 0, 0, 0, 0, 0, 0], device='cuda:0')
tensor([[0.8854, 0.1533],
        [0.8748, 0.1760],
        [0.8509, 0.1919],
        [0.8664, 0.1845],
        [0.8790, 0.1668],
        [0.8748, 0.1760],
        [0.8576, 0.1937],
        [0.8509, 0.1919],
        [0.8748, 0.1760],
        [0.8508, 0.1988],
        [0.8790, 0.1668],
        [0.8509, 0.1919]], device='cuda:0', grad_fn=<SigmoidBackward>)
tensor(0.0338, device='cuda:0', grad_fn=<NllLossBackward>)
tensor([0, 0, 0, 0, 0, 0, 0, 0, 0, 0, 0, 0], device='cuda:0')
tensor([[0.8742, 0.1706],
        [0.8609, 0.1857],
        [0.8659, 0.1802],
        [0.8438, 0.2150],
        [0.8804, 0.1622],
        [0.8438, 0.2150],
        [0.8609, 0.1857],
        [0.8666, 0.1772],
        [0.8742, 0.1706],
        [0.8804, 0.1622],
        [0.8738, 0.1731],
        [0.8659, 0.1802]], device='cuda:0', grad_fn=<SigmoidBackward>)
tensor(0.0342, device='cuda:0', grad_fn=<NllLossBackward>)
train >>> fold 1/5, epoch: 1/24, patient 5/24, mean_loss 0.0802, mean_acc 0.9955
tensor([1, 1, 1, 1, 1, 1, 1, 1, 1, 1, 1, 1], device='cuda:0')
tensor([[0.3446, 0.7135],
        [0.3446, 0.7135],
        [0.2629, 0.7829],
        [0.5070, 0.5637],
        [0.3816, 0.6774],
        [0.4251, 0.6373],
        [0.5152, 0.5527],
        [0.2629, 0.7829],
        [0.3446, 0.7135],
        [0.5070, 0.5637],
        [0.4794, 0.5812],
        [0.3816, 0.6774]], device='cuda:0', grad_fn=<SigmoidBackward>)
tensor(0.3276, device='cuda:0', grad_fn=<NllLossBackward>)
tensor([0, 0, 0, 0, 0, 0, 0, 0, 0, 0, 0, 0], device='cuda:0')
tensor([[0.8307, 0.2266],
        [0.8958, 0.1440],
        [0.8376, 0.2135],
        [0.8747, 0.1699],
        [0.7964, 0.2574],
        [0.7964, 0.2574],
        [0.8958, 0.1440],
        [0.8506, 0.2024],
        [0.8376, 0.2135],
        [0.8307, 0.2266],
        [0.8916, 0.1483],
        [0.8747, 0.1699]], device='cuda:0', grad_fn=<SigmoidBackward>)
tensor(0.0458, device='cuda:0', grad_fn=<NllLossBackward>)
tensor([0, 0, 0, 0, 0, 0, 0, 0, 0, 0, 0, 0], device='cuda:0')
tensor([[0.8569, 0.1914],
        [0.8474, 0.2046],
        [0.8808, 0.1652],
        [0.8697, 0.1800],
        [0.8474, 0.2046],
        [0.8569, 0.1914],
        [0.8569, 0.1914],
        [0.8629, 0.1843],
        [0.8474, 0.2046],
        [0.8678, 0.1752],
        [0.8668, 0.1803],
        [0.8668, 0.1803]], device='cuda:0', grad_fn=<SigmoidBackward>)
tensor(0.0370, device='cuda:0', grad_fn=<NllLossBackward>)
tensor([0, 0, 0, 0], device='cuda:0')
tensor([[0.8740, 0.1687],
        [0.8654, 0.1837],
        [0.8620, 0.1860],
        [0.8542, 0.1971]], device='cuda:0', grad_fn=<SigmoidBackward>)
tensor(0.0351, device='cuda:0', grad_fn=<NllLossBackward>)
tensor([0, 0, 0, 0, 0, 0, 0, 0, 0, 0, 0, 0], device='cuda:0')
tensor([[0.8487, 0.2039],
        [0.8839, 0.1607],
        [0.8656, 0.1834],
        [0.8609, 0.1859],
        [0.8737, 0.1720],
        [0.8649, 0.1790],
        [0.8679, 0.1821],
        [0.8609, 0.1859],
        [0.8839, 0.1607],
        [0.8741, 0.1704],
        [0.8649, 0.1790],
        [0.8656, 0.1834]], device='cuda:0', grad_fn=<SigmoidBackward>)
tensor(0.0329, device='cuda:0', grad_fn=<NllLossBackward>)
tensor([0, 0, 0, 0, 0, 0, 0, 0, 0, 0, 0, 0], device='cuda:0')
tensor([[0.8567, 0.1906],
        [0.8667, 0.1808],
        [0.8860, 0.1549],
        [0.8667, 0.1808],
        [0.8860, 0.1549],
        [0.8660, 0.1816],
        [0.8251, 0.2343],
        [0.8251, 0.2343],
        [0.8660, 0.1816],
        [0.8567, 0.1906],
        [0.8860, 0.1549],
        [0.8667, 0.1808]], device='cuda:0', grad_fn=<SigmoidBackward>)
tensor(0.0367, device='cuda:0', grad_fn=<NllLossBackward>)
tensor([0, 0, 0, 0, 0, 0, 0, 0, 0, 0, 0, 0], device='cuda:0')
tensor([[0.8521, 0.2003],
        [0.8285, 0.2292],
        [0.8521, 0.2003],
        [0.8776, 0.1651],
        [0.8258, 0.2292],
        [0.8947, 0.1453],
        [0.8258, 0.2292],
        [0.8947, 0.1453],
        [0.8904, 0.1491],
        [0.8414, 0.2109],
        [0.8414, 0.2109],
        [0.8776, 0.1651]], device='cuda:0', grad_fn=<SigmoidBackward>)
tensor(0.0400, device='cuda:0', grad_fn=<NllLossBackward>)
tensor([0, 0, 0, 0, 0, 0, 0, 0, 0, 0, 0, 0], device='cuda:0')
tensor([[0.8612, 0.1873],
        [0.8505, 0.2003],
        [0.8612, 0.1873],
        [0.8612, 0.1873],
        [0.8578, 0.1900],
        [0.8505, 0.2003],
        [0.8612, 0.1873],
        [0.8578, 0.1900],
        [0.8669, 0.1788],
        [0.8578, 0.1900],
        [0.8505, 0.2003],
        [0.8669, 0.1788]], device='cuda:0', grad_fn=<SigmoidBackward>)
tensor(0.0380, device='cuda:0', grad_fn=<NllLossBackward>)
tensor([1, 1, 1, 1, 1, 1, 1, 1, 1, 1, 1, 1], device='cuda:0')
tensor([[0.3565, 0.7010],
        [0.4235, 0.6384],
        [0.4318, 0.6335],
        [0.4235, 0.6384],
        [0.3244, 0.7279],
        [0.4222, 0.6405],
        [0.4318, 0.6335],
        [0.4235, 0.6384],
        [0.3524, 0.7040],
        [0.4123, 0.6542],
        [0.3565, 0.7010],
        [0.3565, 0.7010]], device='cuda:0', grad_fn=<SigmoidBackward>)
tensor(0.2866, device='cuda:0', grad_fn=<NllLossBackward>)
train >>> fold 1/5, epoch: 1/24, patient 6/24, mean_loss 0.0826, mean_acc 0.9962
tensor([0, 0, 0, 0, 1, 1, 1, 0, 0, 0, 1, 1], device='cuda:0')
tensor([[0.9234, 0.1135],
        [0.9043, 0.1292],
        [0.7813, 0.2777],
        [0.7813, 0.2777],
        [0.0372, 0.9675],
        [0.0650, 0.9473],
        [0.0372, 0.9675],
        [0.9043, 0.1292],
        [0.7813, 0.2777],
        [0.7813, 0.2777],
        [0.0944, 0.9262],
        [0.0372, 0.9675]], device='cuda:0', grad_fn=<SigmoidBackward>)
tensor(0.0261, device='cuda:0', grad_fn=<NllLossBackward>)
tensor([0, 0, 0, 0, 0, 0, 0, 0, 0, 0, 0, 0], device='cuda:0')
tensor([[0.8132, 0.2411],
        [0.8137, 0.2448],
        [0.8132, 0.2411],
        [0.8843, 0.1567],
        [0.8798, 0.1668],
        [0.8843, 0.1567],
        [0.8350, 0.2204],
        [0.8843, 0.1567],
        [0.8587, 0.1923],
        [0.8137, 0.2448],
        [0.8798, 0.1668],
        [0.8843, 0.1567]], device='cuda:0', grad_fn=<SigmoidBackward>)
tensor(0.0439, device='cuda:0', grad_fn=<NllLossBackward>)
tensor([0, 0, 0, 0, 0, 0, 0, 0, 0, 0, 0, 0], device='cuda:0')
tensor([[0.8551, 0.1946],
        [0.8913, 0.1510],
        [0.8671, 0.1796],
        [0.8671, 0.1796],
        [0.8685, 0.1745],
        [0.8522, 0.2014],
        [0.8522, 0.2014],
        [0.8674, 0.1734],
        [0.8913, 0.1510],
        [0.8522, 0.2014],
        [0.8551, 0.1946],
        [0.8551, 0.1946]], device='cuda:0', grad_fn=<SigmoidBackward>)
tensor(0.0351, device='cuda:0', grad_fn=<NllLossBackward>)
tensor([1, 1, 1, 1, 1, 1, 1, 1, 1, 1, 1, 1], device='cuda:0')
tensor([[0.4407, 0.6353],
        [0.4348, 0.6189],
        [0.3439, 0.7063],
        [0.4023, 0.6477],
        [0.3213, 0.7278],
        [0.3957, 0.6651],
        [0.4407, 0.6353],
        [0.4407, 0.6353],
        [0.5509, 0.5283],
        [0.4348, 0.6189],
        [0.4407, 0.6353],
        [0.3213, 0.7278]], device='cuda:0', grad_fn=<SigmoidBackward>)
tensor(0.3440, device='cuda:0', grad_fn=<NllLossBackward>)
tensor([0, 0, 0, 0, 0, 0, 0, 0, 0, 0, 0, 0], device='cuda:0')
tensor([[0.8150, 0.2452],
        [0.8651, 0.1803],
        [0.7622, 0.3004],
        [0.8780, 0.1653],
        [0.8651, 0.1803],
        [0.8651, 0.1803],
        [0.8335, 0.2206],
        [0.7622, 0.3004],
        [0.8468, 0.2084],
        [0.8780, 0.1653],
        [0.8651, 0.1803],
        [0.8150, 0.2452]], device='cuda:0', grad_fn=<SigmoidBackward>)
tensor(0.0570, device='cuda:0', grad_fn=<NllLossBackward>)
tensor([0, 0, 0, 0, 0, 0, 0, 0, 0, 0, 0, 0], device='cuda:0')
tensor([[0.8613, 0.1891],
        [0.8428, 0.2110],
        [0.8726, 0.1710],
        [0.8735, 0.1695],
        [0.8723, 0.1724],
        [0.8683, 0.1823],
        [0.8726, 0.1710],
        [0.8726, 0.1710],
        [0.8474, 0.2005],
        [0.8796, 0.1674],
        [0.8428, 0.2110],
        [0.8613, 0.1891]], device='cuda:0', grad_fn=<SigmoidBackward>)
tensor(0.0353, device='cuda:0', grad_fn=<NllLossBackward>)
tensor([0, 0, 0, 0, 0, 0, 0, 0, 0, 0, 0, 0], device='cuda:0')
tensor([[0.8537, 0.1974],
        [0.8370, 0.2158],
        [0.8672, 0.1808],
        [0.8805, 0.1599],
        [0.8537, 0.1974],
        [0.8532, 0.1956],
        [0.8711, 0.1756],
        [0.8672, 0.1808],
        [0.8672, 0.1808],
        [0.8370, 0.2158],
        [0.8711, 0.1756],
        [0.8711, 0.1756]], device='cuda:0', grad_fn=<SigmoidBackward>)
tensor(0.0372, device='cuda:0', grad_fn=<NllLossBackward>)
tensor([0, 0, 0, 0, 0, 0, 0, 0, 0, 0, 0, 0], device='cuda:0')
tensor([[0.7224, 0.3471],
        [0.7327, 0.3363],
        [0.8662, 0.1806],
        [0.7528, 0.3175],
        [0.8662, 0.1806],
        [0.7354, 0.3325],
        [0.8989, 0.1419],
        [0.7224, 0.3471],
        [0.7327, 0.3363],
        [0.8382, 0.2151],
        [0.8382, 0.2151],
        [0.7182, 0.3502]], device='cuda:0', grad_fn=<SigmoidBackward>)
tensor(0.1165, device='cuda:0', grad_fn=<NllLossBackward>)
train >>> fold 1/5, epoch: 1/24, patient 7/24, mean_loss 0.0831, mean_acc 0.9954
tensor([0, 0, 0, 0, 0, 0, 0, 0, 0, 0, 0, 0], device='cuda:0')
tensor([[0.8509, 0.2062],
        [0.8647, 0.1864],
        [0.8647, 0.1864],
        [0.8552, 0.1947],
        [0.8718, 0.1709],
        [0.8552, 0.1947],
        [0.8687, 0.1798],
        [0.8718, 0.1709],
        [0.8718, 0.1709],
        [0.8552, 0.1947],
        [0.8718, 0.1709],
        [0.8914, 0.1498]], device='cuda:0', grad_fn=<SigmoidBackward>)
tensor(0.0341, device='cuda:0', grad_fn=<NllLossBackward>)
tensor([0, 0, 0, 0, 0, 0, 0, 0, 0, 0, 0, 0], device='cuda:0')
tensor([[0.8385, 0.2194],
        [0.8627, 0.1825],
        [0.8886, 0.1522],
        [0.8775, 0.1685],
        [0.8385, 0.2194],
        [0.8709, 0.1729],
        [0.8886, 0.1522],
        [0.8775, 0.1685],
        [0.8627, 0.1825],
        [0.8385, 0.2194],
        [0.8385, 0.2194],
        [0.8507, 0.1902]], device='cuda:0', grad_fn=<SigmoidBackward>)
tensor(0.0377, device='cuda:0', grad_fn=<NllLossBackward>)
tensor([1, 1, 1, 1, 1, 1, 1, 1, 1, 1, 1, 1], device='cuda:0')
tensor([[0.4225, 0.6391],
        [0.3838, 0.6766],
        [0.3492, 0.7088],
        [0.3975, 0.6602],
        [0.3952, 0.6692],
        [0.3612, 0.6989],
        [0.4165, 0.6479],
        [0.3612, 0.6989],
        [0.3838, 0.6766],
        [0.4225, 0.6391],
        [0.3975, 0.6602],
        [0.3492, 0.7088]], device='cuda:0', grad_fn=<SigmoidBackward>)
tensor(0.2699, device='cuda:0', grad_fn=<NllLossBackward>)
tensor([0, 0, 0, 0, 0, 0, 0, 0, 0, 0, 0, 0], device='cuda:0')
tensor([[0.8717, 0.1746],
        [0.8627, 0.1823],
        [0.8717, 0.1746],
        [0.8172, 0.2412],
        [0.8433, 0.2091],
        [0.8627, 0.1823],
        [0.8474, 0.2057],
        [0.8816, 0.1614],
        [0.8172, 0.2412],
        [0.8627, 0.1823],
        [0.8717, 0.1746],
        [0.8627, 0.1823]], device='cuda:0', grad_fn=<SigmoidBackward>)
tensor(0.0407, device='cuda:0', grad_fn=<NllLossBackward>)
tensor([0, 0, 0, 0, 0, 0, 0, 0, 0, 0, 0, 0], device='cuda:0')
tensor([[0.8733, 0.1759],
        [0.8681, 0.1784],
        [0.8182, 0.2341],
        [0.8404, 0.2091],
        [0.8182, 0.2341],
        [0.8681, 0.1784],
        [0.8719, 0.1750],
        [0.8733, 0.1759],
        [0.8182, 0.2341],
        [0.8182, 0.2341],
        [0.8733, 0.1759],
        [0.8681, 0.1784]], device='cuda:0', grad_fn=<SigmoidBackward>)
tensor(0.0443, device='cuda:0', grad_fn=<NllLossBackward>)
tensor([0, 0, 0, 0, 0, 0, 0, 0, 0, 0, 0, 0], device='cuda:0')
tensor([[0.8330, 0.2211],
        [0.8648, 0.1842],
        [0.8648, 0.1842],
        [0.8648, 0.1842],
        [0.8742, 0.1678],
        [0.8718, 0.1743],
        [0.8330, 0.2211],
        [0.8330, 0.2211],
        [0.8508, 0.1989],
        [0.8648, 0.1842],
        [0.8508, 0.1989],
        [0.8742, 0.1678]], device='cuda:0', grad_fn=<SigmoidBackward>)
