2020-03-21-16-44-51
train.py
--------------------------------------------------------------------------------------------------------------------
batchSize: 12
bottleneckFeatures: 1
brightness: None
contrast: None
cropSize: None
dir_lf: D:\Data\cs-8395-dl
dir_project: ..
encoder: resnet34
epoch: 48
extract_spleen: 1
folderData: assignment3\Training
folderPartition: train_test_org
lossWeight: [1.0, 1.0]
loss_weights: None
lr: 0.01
msg: None
overrideLR: 1
path_kfold: D:\Projects\cs-8395-dl\Assignment_3_segmentation\partition\kfold_5.bin
resize: None
resume_from: None
resume_training: None
to_ram: 0
--------------------------------------------------------------------------------------------------------------------
creating directory to save model at D:\Data\cs-8395-dl\model\2020-03-21-16-44-51
executing fold 1/5
training patients  ['0001' '0002' '0003' '0004' '0005' '0006' '0007' '0008' '0021' '0022'
 '0023' '0024' '0025' '0027' '0029' '0030' '0031' '0032' '0033' '0035'
 '0036' '0037' '0039' '0040']
validation patients  ['0009' '0010' '0026' '0028' '0034' '0038']
train >>> epoch: 1/48, patient 1/24, mean_loss 1.6913, mean_dice_loss: 0.9743, mean_ce: 0.7169
train >>> epoch: 1/48, patient 2/24, mean_loss 74.1632, mean_dice_loss: 0.9997, mean_ce: 73.1635
train >>> epoch: 1/48, patient 3/24, mean_loss 1.5913, mean_dice_loss: 0.9777, mean_ce: 0.6136
train >>> epoch: 1/48, patient 4/24, mean_loss 1.9860, mean_dice_loss: 0.9758, mean_ce: 1.0102
train >>> epoch: 1/48, patient 5/24, mean_loss 1.6666, mean_dice_loss: 0.9817, mean_ce: 0.6849
train >>> epoch: 1/48, patient 6/24, mean_loss 1.6318, mean_dice_loss: 0.9534, mean_ce: 0.6784
train >>> epoch: 1/48, patient 7/24, mean_loss 1.6399, mean_dice_loss: 0.9758, mean_ce: 0.6641
train >>> epoch: 1/48, patient 8/24, mean_loss 1.4885, mean_dice_loss: 0.9667, mean_ce: 0.5218
train >>> epoch: 1/48, patient 9/24, mean_loss 1.2165, mean_dice_loss: 0.9642, mean_ce: 0.2523
train >>> epoch: 1/48, patient 10/24, mean_loss 2.1961, mean_dice_loss: 0.9999, mean_ce: 1.1961
train >>> epoch: 1/48, patient 11/24, mean_loss 1.5764, mean_dice_loss: 1.0000, mean_ce: 0.5764
train >>> epoch: 1/48, patient 12/24, mean_loss 1.0681, mean_dice_loss: 0.9937, mean_ce: 0.0744
train >>> epoch: 1/48, patient 13/24, mean_loss 1.1154, mean_dice_loss: 0.9723, mean_ce: 0.1432
train >>> epoch: 1/48, patient 14/24, mean_loss 1.1227, mean_dice_loss: 0.9755, mean_ce: 0.1472
train >>> epoch: 1/48, patient 15/24, mean_loss 1.2637, mean_dice_loss: 1.0000, mean_ce: 0.2637
train >>> epoch: 1/48, patient 16/24, mean_loss 1.1358, mean_dice_loss: 0.9729, mean_ce: 0.1629
train >>> epoch: 1/48, patient 17/24, mean_loss 1.1313, mean_dice_loss: 0.9762, mean_ce: 0.1551
train >>> epoch: 1/48, patient 18/24, mean_loss 1.1241, mean_dice_loss: 0.9859, mean_ce: 0.1382
train >>> epoch: 1/48, patient 19/24, mean_loss 1.0577, mean_dice_loss: 0.9718, mean_ce: 0.0858
train >>> epoch: 1/48, patient 20/24, mean_loss 1.0532, mean_dice_loss: 0.9657, mean_ce: 0.0875
train >>> epoch: 1/48, patient 21/24, mean_loss 1.0306, mean_dice_loss: 0.9418, mean_ce: 0.0888
train >>> epoch: 1/48, patient 22/24, mean_loss 1.0082, mean_dice_loss: 0.9620, mean_ce: 0.0462
train >>> epoch: 1/48, patient 23/24, mean_loss 0.9989, mean_dice_loss: 0.9313, mean_ce: 0.0676
train >>> epoch: 1/48, patient 24/24, mean_loss 0.9909, mean_dice_loss: 0.9437, mean_ce: 0.0471
valid >>> epoch: 1/48, mean_dice: 0.0000
criteria decreased from inf to 0.9910, saving best model at D:\Data\cs-8395-dl\model\2020-03-21-16-44-51\2020-03-21-16-44-51_1_fold-resnet34_best.pt
train >>> epoch: 2/48, patient 1/24, mean_loss 0.9816, mean_dice_loss: 0.9186, mean_ce: 0.0630
train >>> epoch: 2/48, patient 2/24, mean_loss 0.9439, mean_dice_loss: 0.8824, mean_ce: 0.0615
train >>> epoch: 2/48, patient 3/24, mean_loss 1.0202, mean_dice_loss: 0.9502, mean_ce: 0.0700
train >>> epoch: 2/48, patient 4/24, mean_loss 0.9468, mean_dice_loss: 0.8711, mean_ce: 0.0757
train >>> epoch: 2/48, patient 5/24, mean_loss 0.8879, mean_dice_loss: 0.8061, mean_ce: 0.0818
train >>> epoch: 2/48, patient 6/24, mean_loss 1.2500, mean_dice_loss: 1.0000, mean_ce: 0.2500
train >>> epoch: 2/48, patient 7/24, mean_loss 0.9619, mean_dice_loss: 0.9089, mean_ce: 0.0530
train >>> epoch: 2/48, patient 8/24, mean_loss 0.9820, mean_dice_loss: 0.9207, mean_ce: 0.0613
train >>> epoch: 2/48, patient 9/24, mean_loss 0.9860, mean_dice_loss: 0.9319, mean_ce: 0.0542
train >>> epoch: 2/48, patient 10/24, mean_loss 0.9343, mean_dice_loss: 0.8810, mean_ce: 0.0533
train >>> epoch: 2/48, patient 11/24, mean_loss 0.9609, mean_dice_loss: 0.9053, mean_ce: 0.0555
train >>> epoch: 2/48, patient 12/24, mean_loss 0.8872, mean_dice_loss: 0.8406, mean_ce: 0.0466
train >>> epoch: 2/48, patient 13/24, mean_loss 0.8729, mean_dice_loss: 0.8192, mean_ce: 0.0538
train >>> epoch: 2/48, patient 14/24, mean_loss 0.8649, mean_dice_loss: 0.8065, mean_ce: 0.0585
train >>> epoch: 2/48, patient 15/24, mean_loss 1.1045, mean_dice_loss: 0.9929, mean_ce: 0.1117
train >>> epoch: 2/48, patient 16/24, mean_loss 0.8751, mean_dice_loss: 0.8419, mean_ce: 0.0332
train >>> epoch: 2/48, patient 17/24, mean_loss 0.9374, mean_dice_loss: 0.8478, mean_ce: 0.0896
train >>> epoch: 2/48, patient 18/24, mean_loss 0.9462, mean_dice_loss: 0.8732, mean_ce: 0.0730
train >>> epoch: 2/48, patient 19/24, mean_loss 0.8939, mean_dice_loss: 0.8405, mean_ce: 0.0534
train >>> epoch: 2/48, patient 20/24, mean_loss 0.9325, mean_dice_loss: 0.8534, mean_ce: 0.0791
train >>> epoch: 2/48, patient 21/24, mean_loss 1.0380, mean_dice_loss: 0.9682, mean_ce: 0.0697
train >>> epoch: 2/48, patient 22/24, mean_loss 1.0799, mean_dice_loss: 0.9802, mean_ce: 0.0997
train >>> epoch: 2/48, patient 23/24, mean_loss 1.0395, mean_dice_loss: 0.9412, mean_ce: 0.0983
train >>> epoch: 2/48, patient 24/24, mean_loss 0.9598, mean_dice_loss: 0.8926, mean_ce: 0.0672
valid >>> epoch: 2/48, mean_dice: 0.0000
train >>> epoch: 3/48, patient 1/24, mean_loss 0.9785, mean_dice_loss: 0.9052, mean_ce: 0.0732
train >>> epoch: 3/48, patient 2/24, mean_loss 1.0000, mean_dice_loss: 0.9073, mean_ce: 0.0927
train >>> epoch: 3/48, patient 3/24, mean_loss 0.9877, mean_dice_loss: 0.9338, mean_ce: 0.0539
train >>> epoch: 3/48, patient 4/24, mean_loss 0.9740, mean_dice_loss: 0.9070, mean_ce: 0.0670
train >>> epoch: 3/48, patient 5/24, mean_loss 0.9666, mean_dice_loss: 0.9086, mean_ce: 0.0580
train >>> epoch: 3/48, patient 6/24, mean_loss 0.9902, mean_dice_loss: 0.9148, mean_ce: 0.0754
train >>> epoch: 3/48, patient 7/24, mean_loss 0.9972, mean_dice_loss: 0.9404, mean_ce: 0.0568
train >>> epoch: 3/48, patient 8/24, mean_loss 0.8991, mean_dice_loss: 0.8298, mean_ce: 0.0694
train >>> epoch: 3/48, patient 9/24, mean_loss 0.9832, mean_dice_loss: 0.9086, mean_ce: 0.0746
train >>> epoch: 3/48, patient 10/24, mean_loss 0.9280, mean_dice_loss: 0.8639, mean_ce: 0.0640
train >>> epoch: 3/48, patient 11/24, mean_loss 0.9427, mean_dice_loss: 0.8673, mean_ce: 0.0754
train >>> epoch: 3/48, patient 12/24, mean_loss 0.9154, mean_dice_loss: 0.8373, mean_ce: 0.0781
train >>> epoch: 3/48, patient 13/24, mean_loss 0.9918, mean_dice_loss: 0.9221, mean_ce: 0.0698
train >>> epoch: 3/48, patient 14/24, mean_loss 0.9026, mean_dice_loss: 0.8588, mean_ce: 0.0438
train >>> epoch: 3/48, patient 15/24, mean_loss 0.9565, mean_dice_loss: 0.8993, mean_ce: 0.0572
train >>> epoch: 3/48, patient 16/24, mean_loss 0.8719, mean_dice_loss: 0.8198, mean_ce: 0.0521
train >>> epoch: 3/48, patient 17/24, mean_loss 0.9683, mean_dice_loss: 0.9039, mean_ce: 0.0644
train >>> epoch: 3/48, patient 18/24, mean_loss 0.9150, mean_dice_loss: 0.8563, mean_ce: 0.0587
train >>> epoch: 3/48, patient 19/24, mean_loss 1.0767, mean_dice_loss: 0.9421, mean_ce: 0.1346
train >>> epoch: 3/48, patient 20/24, mean_loss 0.9689, mean_dice_loss: 0.9024, mean_ce: 0.0665
train >>> epoch: 3/48, patient 21/24, mean_loss 0.9771, mean_dice_loss: 0.8826, mean_ce: 0.0945
train >>> epoch: 3/48, patient 22/24, mean_loss 0.9466, mean_dice_loss: 0.8623, mean_ce: 0.0842
train >>> epoch: 3/48, patient 23/24, mean_loss 0.9738, mean_dice_loss: 0.8680, mean_ce: 0.1058
train >>> epoch: 3/48, patient 24/24, mean_loss 0.9243, mean_dice_loss: 0.8158, mean_ce: 0.1085
valid >>> epoch: 3/48, mean_dice: 0.0000
criteria decreased from 0.9910 to 0.8750, saving best model at D:\Data\cs-8395-dl\model\2020-03-21-16-44-51\2020-03-21-16-44-51_1_fold-resnet34_best.pt
train >>> epoch: 4/48, patient 1/24, mean_loss 0.9448, mean_dice_loss: 0.8482, mean_ce: 0.0966
train >>> epoch: 4/48, patient 2/24, mean_loss 0.9215, mean_dice_loss: 0.8523, mean_ce: 0.0692
train >>> epoch: 4/48, patient 3/24, mean_loss 0.9119, mean_dice_loss: 0.8468, mean_ce: 0.0651
train >>> epoch: 4/48, patient 4/24, mean_loss 0.9067, mean_dice_loss: 0.8200, mean_ce: 0.0867
train >>> epoch: 4/48, patient 5/24, mean_loss 0.9769, mean_dice_loss: 0.9086, mean_ce: 0.0683
train >>> epoch: 4/48, patient 6/24, mean_loss 0.9725, mean_dice_loss: 0.9047, mean_ce: 0.0678
train >>> epoch: 4/48, patient 7/24, mean_loss 0.7996, mean_dice_loss: 0.7421, mean_ce: 0.0575
train >>> epoch: 4/48, patient 8/24, mean_loss 1.1285, mean_dice_loss: 0.9933, mean_ce: 0.1352
train >>> epoch: 4/48, patient 9/24, mean_loss 0.9268, mean_dice_loss: 0.8532, mean_ce: 0.0737
train >>> epoch: 4/48, patient 10/24, mean_loss 0.8627, mean_dice_loss: 0.8071, mean_ce: 0.0556
train >>> epoch: 4/48, patient 11/24, mean_loss 0.9133, mean_dice_loss: 0.8490, mean_ce: 0.0643
train >>> epoch: 4/48, patient 12/24, mean_loss 0.9912, mean_dice_loss: 0.9196, mean_ce: 0.0716
train >>> epoch: 4/48, patient 13/24, mean_loss 0.9531, mean_dice_loss: 0.8882, mean_ce: 0.0649
train >>> epoch: 4/48, patient 14/24, mean_loss 0.9184, mean_dice_loss: 0.8447, mean_ce: 0.0737
train >>> epoch: 4/48, patient 15/24, mean_loss 0.9654, mean_dice_loss: 0.8958, mean_ce: 0.0696
train >>> epoch: 4/48, patient 16/24, mean_loss 0.9709, mean_dice_loss: 0.9045, mean_ce: 0.0664
train >>> epoch: 4/48, patient 17/24, mean_loss 0.9252, mean_dice_loss: 0.8555, mean_ce: 0.0697
train >>> epoch: 4/48, patient 18/24, mean_loss 1.0724, mean_dice_loss: 0.9451, mean_ce: 0.1272
train >>> epoch: 4/48, patient 19/24, mean_loss 0.7989, mean_dice_loss: 0.7333, mean_ce: 0.0656
train >>> epoch: 4/48, patient 20/24, mean_loss 0.9016, mean_dice_loss: 0.8312, mean_ce: 0.0704
train >>> epoch: 4/48, patient 21/24, mean_loss 1.0180, mean_dice_loss: 0.9485, mean_ce: 0.0695
train >>> epoch: 4/48, patient 22/24, mean_loss 0.7861, mean_dice_loss: 0.7453, mean_ce: 0.0408
train >>> epoch: 4/48, patient 23/24, mean_loss 0.9242, mean_dice_loss: 0.8726, mean_ce: 0.0516
train >>> epoch: 4/48, patient 24/24, mean_loss 0.9746, mean_dice_loss: 0.9115, mean_ce: 0.0631
valid >>> epoch: 4/48, mean_dice: 0.0000
train >>> epoch: 5/48, patient 1/24, mean_loss 0.8783, mean_dice_loss: 0.8437, mean_ce: 0.0347
train >>> epoch: 5/48, patient 2/24, mean_loss 0.8968, mean_dice_loss: 0.8470, mean_ce: 0.0498
train >>> epoch: 5/48, patient 3/24, mean_loss 0.8404, mean_dice_loss: 0.7943, mean_ce: 0.0461
train >>> epoch: 5/48, patient 4/24, mean_loss 0.9432, mean_dice_loss: 0.8876, mean_ce: 0.0556
train >>> epoch: 5/48, patient 5/24, mean_loss 1.0852, mean_dice_loss: 0.9516, mean_ce: 0.1336
train >>> epoch: 5/48, patient 6/24, mean_loss 0.8220, mean_dice_loss: 0.7854, mean_ce: 0.0365
train >>> epoch: 5/48, patient 7/24, mean_loss 0.8291, mean_dice_loss: 0.7852, mean_ce: 0.0439
train >>> epoch: 5/48, patient 8/24, mean_loss 0.8510, mean_dice_loss: 0.7933, mean_ce: 0.0577
train >>> epoch: 5/48, patient 9/24, mean_loss 0.8932, mean_dice_loss: 0.8225, mean_ce: 0.0707
train >>> epoch: 5/48, patient 10/24, mean_loss 0.8735, mean_dice_loss: 0.8343, mean_ce: 0.0393
train >>> epoch: 5/48, patient 11/24, mean_loss 1.0861, mean_dice_loss: 0.9858, mean_ce: 0.1003
train >>> epoch: 5/48, patient 12/24, mean_loss 0.9730, mean_dice_loss: 0.8297, mean_ce: 0.1433
train >>> epoch: 5/48, patient 13/24, mean_loss 0.8781, mean_dice_loss: 0.8438, mean_ce: 0.0343
train >>> epoch: 5/48, patient 14/24, mean_loss 0.7844, mean_dice_loss: 0.7456, mean_ce: 0.0389
train >>> epoch: 5/48, patient 15/24, mean_loss 0.9012, mean_dice_loss: 0.8126, mean_ce: 0.0887
train >>> epoch: 5/48, patient 16/24, mean_loss 0.9002, mean_dice_loss: 0.8314, mean_ce: 0.0688
train >>> epoch: 5/48, patient 17/24, mean_loss 0.8966, mean_dice_loss: 0.8351, mean_ce: 0.0615
train >>> epoch: 5/48, patient 18/24, mean_loss 0.8907, mean_dice_loss: 0.8189, mean_ce: 0.0718
train >>> epoch: 5/48, patient 19/24, mean_loss 0.9763, mean_dice_loss: 0.8933, mean_ce: 0.0830
train >>> epoch: 5/48, patient 20/24, mean_loss 0.9533, mean_dice_loss: 0.8608, mean_ce: 0.0925
train >>> epoch: 5/48, patient 21/24, mean_loss 1.0610, mean_dice_loss: 0.9158, mean_ce: 0.1452
train >>> epoch: 5/48, patient 22/24, mean_loss 0.7767, mean_dice_loss: 0.7470, mean_ce: 0.0297
train >>> epoch: 5/48, patient 23/24, mean_loss 0.7248, mean_dice_loss: 0.6907, mean_ce: 0.0341
train >>> epoch: 5/48, patient 24/24, mean_loss 0.9007, mean_dice_loss: 0.8240, mean_ce: 0.0768
valid >>> epoch: 5/48, mean_dice: 0.0000
train >>> epoch: 6/48, patient 1/24, mean_loss 0.8940, mean_dice_loss: 0.8139, mean_ce: 0.0801
train >>> epoch: 6/48, patient 2/24, mean_loss 1.1054, mean_dice_loss: 0.9523, mean_ce: 0.1531
train >>> epoch: 6/48, patient 3/24, mean_loss 0.8177, mean_dice_loss: 0.7639, mean_ce: 0.0538
train >>> epoch: 6/48, patient 4/24, mean_loss 0.8848, mean_dice_loss: 0.8185, mean_ce: 0.0663
train >>> epoch: 6/48, patient 5/24, mean_loss 0.7789, mean_dice_loss: 0.7157, mean_ce: 0.0632
train >>> epoch: 6/48, patient 6/24, mean_loss 0.8072, mean_dice_loss: 0.7597, mean_ce: 0.0475
train >>> epoch: 6/48, patient 7/24, mean_loss 0.9778, mean_dice_loss: 0.9112, mean_ce: 0.0666
train >>> epoch: 6/48, patient 8/24, mean_loss 0.8791, mean_dice_loss: 0.8336, mean_ce: 0.0455
train >>> epoch: 6/48, patient 9/24, mean_loss 0.8942, mean_dice_loss: 0.8499, mean_ce: 0.0443
train >>> epoch: 6/48, patient 10/24, mean_loss 0.8419, mean_dice_loss: 0.8015, mean_ce: 0.0404
train >>> epoch: 6/48, patient 11/24, mean_loss 0.9238, mean_dice_loss: 0.8447, mean_ce: 0.0791
train >>> epoch: 6/48, patient 12/24, mean_loss 0.8298, mean_dice_loss: 0.7897, mean_ce: 0.0401
train >>> epoch: 6/48, patient 13/24, mean_loss 0.7799, mean_dice_loss: 0.7240, mean_ce: 0.0559
train >>> epoch: 6/48, patient 14/24, mean_loss 0.8194, mean_dice_loss: 0.7695, mean_ce: 0.0500
train >>> epoch: 6/48, patient 15/24, mean_loss 0.8034, mean_dice_loss: 0.7592, mean_ce: 0.0441
train >>> epoch: 6/48, patient 16/24, mean_loss 0.7992, mean_dice_loss: 0.7496, mean_ce: 0.0496
train >>> epoch: 6/48, patient 17/24, mean_loss 0.9505, mean_dice_loss: 0.8539, mean_ce: 0.0966
train >>> epoch: 6/48, patient 18/24, mean_loss 0.8601, mean_dice_loss: 0.7508, mean_ce: 0.1093
train >>> epoch: 6/48, patient 19/24, mean_loss 0.8987, mean_dice_loss: 0.8400, mean_ce: 0.0588
train >>> epoch: 6/48, patient 20/24, mean_loss 0.8083, mean_dice_loss: 0.7719, mean_ce: 0.0364
train >>> epoch: 6/48, patient 21/24, mean_loss 1.0007, mean_dice_loss: 0.9061, mean_ce: 0.0945
train >>> epoch: 6/48, patient 22/24, mean_loss 0.7766, mean_dice_loss: 0.7352, mean_ce: 0.0414
train >>> epoch: 6/48, patient 23/24, mean_loss 0.8962, mean_dice_loss: 0.8248, mean_ce: 0.0713
train >>> epoch: 6/48, patient 24/24, mean_loss 0.8828, mean_dice_loss: 0.8054, mean_ce: 0.0774
valid >>> epoch: 6/48, mean_dice: 0.0006
train >>> epoch: 7/48, patient 1/24, mean_loss 0.7875, mean_dice_loss: 0.7379, mean_ce: 0.0496
train >>> epoch: 7/48, patient 2/24, mean_loss 0.8294, mean_dice_loss: 0.7913, mean_ce: 0.0381
train >>> epoch: 7/48, patient 3/24, mean_loss 0.9164, mean_dice_loss: 0.8276, mean_ce: 0.0889
train >>> epoch: 7/48, patient 4/24, mean_loss 0.7693, mean_dice_loss: 0.7181, mean_ce: 0.0512
train >>> epoch: 7/48, patient 5/24, mean_loss 0.6493, mean_dice_loss: 0.5939, mean_ce: 0.0554
train >>> epoch: 7/48, patient 6/24, mean_loss 0.8138, mean_dice_loss: 0.7531, mean_ce: 0.0607
train >>> epoch: 7/48, patient 7/24, mean_loss 0.7295, mean_dice_loss: 0.6917, mean_ce: 0.0378
train >>> epoch: 7/48, patient 8/24, mean_loss 0.9794, mean_dice_loss: 0.9066, mean_ce: 0.0728
train >>> epoch: 7/48, patient 9/24, mean_loss 0.8778, mean_dice_loss: 0.8047, mean_ce: 0.0731
train >>> epoch: 7/48, patient 10/24, mean_loss 0.8806, mean_dice_loss: 0.8135, mean_ce: 0.0672
train >>> epoch: 7/48, patient 11/24, mean_loss 0.8057, mean_dice_loss: 0.7179, mean_ce: 0.0878
train >>> epoch: 7/48, patient 12/24, mean_loss 0.7856, mean_dice_loss: 0.7488, mean_ce: 0.0368
train >>> epoch: 7/48, patient 13/24, mean_loss 0.9799, mean_dice_loss: 0.8689, mean_ce: 0.1110
train >>> epoch: 7/48, patient 14/24, mean_loss 0.7654, mean_dice_loss: 0.7096, mean_ce: 0.0558
train >>> epoch: 7/48, patient 15/24, mean_loss 0.7583, mean_dice_loss: 0.7065, mean_ce: 0.0518
train >>> epoch: 7/48, patient 16/24, mean_loss 0.7551, mean_dice_loss: 0.6920, mean_ce: 0.0631
train >>> epoch: 7/48, patient 17/24, mean_loss 0.7685, mean_dice_loss: 0.7141, mean_ce: 0.0545
train >>> epoch: 7/48, patient 18/24, mean_loss 0.7240, mean_dice_loss: 0.6378, mean_ce: 0.0862
train >>> epoch: 7/48, patient 19/24, mean_loss 0.5344, mean_dice_loss: 0.4900, mean_ce: 0.0444
train >>> epoch: 7/48, patient 20/24, mean_loss 0.9990, mean_dice_loss: 0.8524, mean_ce: 0.1466
train >>> epoch: 7/48, patient 21/24, mean_loss 0.7038, mean_dice_loss: 0.5906, mean_ce: 0.1132
train >>> epoch: 7/48, patient 22/24, mean_loss 1.4996, mean_dice_loss: 0.9614, mean_ce: 0.5382
train >>> epoch: 7/48, patient 23/24, mean_loss 1.1333, mean_dice_loss: 0.9004, mean_ce: 0.2329
train >>> epoch: 7/48, patient 24/24, mean_loss 1.0042, mean_dice_loss: 0.8293, mean_ce: 0.1750
valid >>> epoch: 7/48, mean_dice: 0.2047
train >>> epoch: 8/48, patient 1/24, mean_loss 0.6467, mean_dice_loss: 0.5469, mean_ce: 0.0997
train >>> epoch: 8/48, patient 2/24, mean_loss 1.0083, mean_dice_loss: 0.8937, mean_ce: 0.1146
train >>> epoch: 8/48, patient 3/24, mean_loss 0.7997, mean_dice_loss: 0.7153, mean_ce: 0.0844
train >>> epoch: 8/48, patient 4/24, mean_loss 1.0995, mean_dice_loss: 0.9844, mean_ce: 0.1150
train >>> epoch: 8/48, patient 5/24, mean_loss 0.8243, mean_dice_loss: 0.7674, mean_ce: 0.0569
train >>> epoch: 8/48, patient 6/24, mean_loss 0.7324, mean_dice_loss: 0.6940, mean_ce: 0.0384
train >>> epoch: 8/48, patient 7/24, mean_loss 0.8898, mean_dice_loss: 0.8227, mean_ce: 0.0671
train >>> epoch: 8/48, patient 8/24, mean_loss 0.8259, mean_dice_loss: 0.7446, mean_ce: 0.0813
train >>> epoch: 8/48, patient 9/24, mean_loss 1.0421, mean_dice_loss: 0.9152, mean_ce: 0.1269
train >>> epoch: 8/48, patient 10/24, mean_loss 0.8792, mean_dice_loss: 0.8062, mean_ce: 0.0730
train >>> epoch: 8/48, patient 11/24, mean_loss 0.8661, mean_dice_loss: 0.7709, mean_ce: 0.0951
train >>> epoch: 8/48, patient 12/24, mean_loss 0.7859, mean_dice_loss: 0.7160, mean_ce: 0.0698
train >>> epoch: 8/48, patient 13/24, mean_loss 0.7865, mean_dice_loss: 0.7303, mean_ce: 0.0562
train >>> epoch: 8/48, patient 14/24, mean_loss 0.7270, mean_dice_loss: 0.6710, mean_ce: 0.0560
train >>> epoch: 8/48, patient 15/24, mean_loss 0.7764, mean_dice_loss: 0.7348, mean_ce: 0.0417
train >>> epoch: 8/48, patient 16/24, mean_loss 0.8138, mean_dice_loss: 0.7494, mean_ce: 0.0645
train >>> epoch: 8/48, patient 17/24, mean_loss 0.9882, mean_dice_loss: 0.8641, mean_ce: 0.1241
train >>> epoch: 8/48, patient 18/24, mean_loss 0.7544, mean_dice_loss: 0.7115, mean_ce: 0.0429
train >>> epoch: 8/48, patient 19/24, mean_loss 0.9714, mean_dice_loss: 0.8694, mean_ce: 0.1020
train >>> epoch: 8/48, patient 20/24, mean_loss 0.8100, mean_dice_loss: 0.6815, mean_ce: 0.1285
train >>> epoch: 8/48, patient 21/24, mean_loss 0.8021, mean_dice_loss: 0.7329, mean_ce: 0.0692
train >>> epoch: 8/48, patient 22/24, mean_loss 0.8982, mean_dice_loss: 0.8179, mean_ce: 0.0803
train >>> epoch: 8/48, patient 23/24, mean_loss 0.8724, mean_dice_loss: 0.7926, mean_ce: 0.0797
train >>> epoch: 8/48, patient 24/24, mean_loss 0.8625, mean_dice_loss: 0.7798, mean_ce: 0.0827
valid >>> epoch: 8/48, mean_dice: 0.1516
train >>> epoch: 9/48, patient 1/24, mean_loss 0.7497, mean_dice_loss: 0.6863, mean_ce: 0.0634
train >>> epoch: 9/48, patient 2/24, mean_loss 0.5994, mean_dice_loss: 0.5475, mean_ce: 0.0519
train >>> epoch: 9/48, patient 3/24, mean_loss 0.7364, mean_dice_loss: 0.6535, mean_ce: 0.0829
train >>> epoch: 9/48, patient 4/24, mean_loss 0.8699, mean_dice_loss: 0.7972, mean_ce: 0.0727
train >>> epoch: 9/48, patient 5/24, mean_loss 0.8904, mean_dice_loss: 0.7758, mean_ce: 0.1146
train >>> epoch: 9/48, patient 6/24, mean_loss 0.7109, mean_dice_loss: 0.6463, mean_ce: 0.0646
train >>> epoch: 9/48, patient 7/24, mean_loss 1.0118, mean_dice_loss: 0.8701, mean_ce: 0.1417
train >>> epoch: 9/48, patient 8/24, mean_loss 0.8429, mean_dice_loss: 0.7464, mean_ce: 0.0965
train >>> epoch: 9/48, patient 9/24, mean_loss 1.0015, mean_dice_loss: 0.8574, mean_ce: 0.1442
