2020-03-20-06-14-46
train.py
--------------------------------------------------------------------------------------------------------------------
batchSize: 8
bottleneckFeatures: 1
brightness: None
contrast: None
cropSize: None
dir_lf: D:\Data\cs-8395-dl
dir_project: ..
encoder: resnet34
epoch: 40
folderData: assignment3\Training
folderPartition: train_test_org
lossWeight: [1.0, 1.0]
loss_weights: None
lr: 0.01
overrideLR: 1
path_kfold: D:\Projects\cs-8395-dl\Assignment_3_segmentation\partition\kfold_5.bin
resize: None
resume_from: None
to_ram: 0
--------------------------------------------------------------------------------------------------------------------
creating directory to save model at D:\Data\cs-8395-dl\model\2020-03-20-06-14-46
epoch: 1/40, training patient 0001
[128]
accumulating gradients, acc_step = 1
tensor(0.4626, device='cuda:0', grad_fn=<MinBackward1>) tensor(0.4683, device='cuda:0', grad_fn=<MaxBackward1>)
tensor(0., device='cuda:0') tensor(1., device='cuda:0')
train >>> epoch: 1/40, batch: 1/1, mean_loss 1.5593, mean_dice_loss: 0.9274, mean_ce: 0.6319
updating weights
epoch: 2/40, training patient 0001
[128]
accumulating gradients, acc_step = 1
