2020-03-22-13-43-11
train.py
--------------------------------------------------------------------------------------------------------------------
batchSize: 32
bottleneckFeatures: 1
brightness: None
contrast: None
cropSize: None
dir_lf: D:\Data\cs-8395-dl
dir_project: ..
encoder: resnet34
epoch: 1
extract_spleen: False
folderData: assignment3\Training
folderPartition: train_test_org
lossWeight: [0.7, 0.3]
loss_weights: None
lr: 0.001
msg: None
overrideLR: 1
path_kfold: D:\Projects\cs-8395-dl\Assignment_3_segmentation\partition\kfold_5.bin
resize: None
resume_from: None
resume_training: None
to_ram: 0
--------------------------------------------------------------------------------------------------------------------
creating directory to save model at D:\Data\cs-8395-dl\model\2020-03-22-13-43-11
executing fold 1/5
training patients  ['0001']
validation patients  ['0009']
freezing feature extracting layers
train >>> fold 1/5, epoch: 1/1, patient 1/1, mean_loss 0.7815, mean_acc 0.7257
valid >>> epoch: 1/1, mean_loss: 2.0066, mean_acc: 0.3113
criteria decreased from inf to 2.0066, saving best model at D:\Data\cs-8395-dl\model\2020-03-22-13-43-11\2020-03-22-13-43-11_1_fold-resnet34_best.pt
executing fold 2/5
training patients  ['0002']
validation patients  ['0001']
freezing feature extracting layers
train >>> fold 2/5, epoch: 1/1, patient 1/1, mean_loss 0.4130, mean_acc 0.8625
valid >>> epoch: 1/1, mean_loss: 0.6089, mean_acc: 0.7257
criteria decreased from inf to 0.6089, saving best model at D:\Data\cs-8395-dl\model\2020-03-22-13-43-11\2020-03-22-13-43-11_2_fold-resnet34_best.pt
executing fold 3/5
training patients  ['0001']
validation patients  ['0002']
freezing feature extracting layers
