2020-03-22-01-06-13
train.py
--------------------------------------------------------------------------------------------------------------------
batchSize: 12
bottleneckFeatures: 1
brightness: None
contrast: None
cropSize: None
dir_lf: D:\Data\cs-8395-dl
dir_project: ..
encoder: resnet34
epoch: 48
extract_spleen: 1
folderData: assignment3\Training
folderPartition: train_test_org
lossWeight: [1.0, 1.0]
loss_weights: None
lr: 0.001
msg: None
overrideLR: 1
path_kfold: D:\Projects\cs-8395-dl\Assignment_3_segmentation\partition\kfold_5.bin
resize: None
resume_from: None
resume_training: None
to_ram: 0
--------------------------------------------------------------------------------------------------------------------
creating directory to save model at D:\Data\cs-8395-dl\model\2020-03-22-01-06-13
executing fold 1/5
training patients  ['0001']
validation patients  ['0009']
train >>> epoch: 1/48, patient 1/1, mean_loss 1.5584, mean_dice_loss: 0.9519, mean_ce: 0.6065
valid >>> epoch: 1/48, mean_loss: 11.2784, mean_dice: 0.0000
criteria decreased from inf to 11.2784, saving best model at D:\Data\cs-8395-dl\model\2020-03-22-01-06-13\2020-03-22-01-06-13_1_fold-resnet34_best.pt
train >>> epoch: 2/48, patient 1/1, mean_loss 1.3753, mean_dice_loss: 0.9135, mean_ce: 0.4618
