2020-03-22-04-26-47
train.py
--------------------------------------------------------------------------------------------------------------------
batchSize: 12
bottleneckFeatures: 1
brightness: None
contrast: None
cropSize: None
dir_lf: D:\Data\cs-8395-dl
dir_project: ..
encoder: resnet34
epoch: 24
extract_spleen: 1
folderData: assignment3\Training
folderPartition: train_test_org
lossWeight: [1.0, 1.0]
loss_weights: None
lr: 0.0001
msg: None
overrideLR: 1
path_kfold: D:\Projects\cs-8395-dl\Assignment_3_segmentation\partition\kfold_5.bin
resize: None
resume_from: None
resume_training: None
to_ram: 0
--------------------------------------------------------------------------------------------------------------------
creating directory to save model at D:\Data\cs-8395-dl\model\2020-03-22-04-26-47
executing fold 1/5
training patients  ['0001' '0002' '0003' '0004' '0005' '0006' '0007' '0008' '0021' '0022'
 '0023' '0024' '0025' '0027' '0029' '0030' '0031' '0032' '0033' '0035'
 '0036' '0037' '0039' '0040']
validation patients  ['0009' '0010' '0026' '0028' '0034' '0038']
train >>> fold 1/5, epoch: 1/24, patient 1/24, mean_loss 1.6115, mean_dice_loss: 0.9751, mean_ce: 0.6364
train >>> fold 1/5, epoch: 1/24, patient 2/24, mean_loss 1.6088, mean_dice_loss: 0.9741, mean_ce: 0.6347
train >>> fold 1/5, epoch: 1/24, patient 3/24, mean_loss 1.6031, mean_dice_loss: 0.9700, mean_ce: 0.6331
train >>> fold 1/5, epoch: 1/24, patient 4/24, mean_loss 1.5997, mean_dice_loss: 0.9704, mean_ce: 0.6293
train >>> fold 1/5, epoch: 1/24, patient 5/24, mean_loss 1.5877, mean_dice_loss: 0.9695, mean_ce: 0.6182
train >>> fold 1/5, epoch: 1/24, patient 6/24, mean_loss 1.5241, mean_dice_loss: 0.9717, mean_ce: 0.5524
train >>> fold 1/5, epoch: 1/24, patient 7/24, mean_loss 1.4405, mean_dice_loss: 0.9752, mean_ce: 0.4653
train >>> fold 1/5, epoch: 1/24, patient 8/24, mean_loss 1.4017, mean_dice_loss: 0.9735, mean_ce: 0.4282
train >>> fold 1/5, epoch: 1/24, patient 9/24, mean_loss 1.3488, mean_dice_loss: 0.9666, mean_ce: 0.3822
train >>> fold 1/5, epoch: 1/24, patient 10/24, mean_loss 1.3156, mean_dice_loss: 0.9582, mean_ce: 0.3574
train >>> fold 1/5, epoch: 1/24, patient 11/24, mean_loss 1.2881, mean_dice_loss: 0.9531, mean_ce: 0.3350
train >>> fold 1/5, epoch: 1/24, patient 12/24, mean_loss 1.2489, mean_dice_loss: 0.9428, mean_ce: 0.3061
train >>> fold 1/5, epoch: 1/24, patient 13/24, mean_loss 1.2217, mean_dice_loss: 0.9317, mean_ce: 0.2900
train >>> fold 1/5, epoch: 1/24, patient 14/24, mean_loss 1.1875, mean_dice_loss: 0.9162, mean_ce: 0.2713
train >>> fold 1/5, epoch: 1/24, patient 15/24, mean_loss 1.1556, mean_dice_loss: 0.9021, mean_ce: 0.2535
train >>> fold 1/5, epoch: 1/24, patient 16/24, mean_loss 1.1375, mean_dice_loss: 0.8939, mean_ce: 0.2435
train >>> fold 1/5, epoch: 1/24, patient 17/24, mean_loss 1.1111, mean_dice_loss: 0.8816, mean_ce: 0.2296
train >>> fold 1/5, epoch: 1/24, patient 18/24, mean_loss 1.0933, mean_dice_loss: 0.8724, mean_ce: 0.2210
train >>> fold 1/5, epoch: 1/24, patient 19/24, mean_loss 1.0780, mean_dice_loss: 0.8644, mean_ce: 0.2137
train >>> fold 1/5, epoch: 1/24, patient 20/24, mean_loss 1.0560, mean_dice_loss: 0.8528, mean_ce: 0.2031
train >>> fold 1/5, epoch: 1/24, patient 21/24, mean_loss 1.0339, mean_dice_loss: 0.8406, mean_ce: 0.1933
train >>> fold 1/5, epoch: 1/24, patient 22/24, mean_loss 1.0095, mean_dice_loss: 0.8259, mean_ce: 0.1836
train >>> fold 1/5, epoch: 1/24, patient 23/24, mean_loss 0.9867, mean_dice_loss: 0.8128, mean_ce: 0.1739
train >>> fold 1/5, epoch: 1/24, patient 24/24, mean_loss 0.9769, mean_dice_loss: 0.8077, mean_ce: 0.1692
valid >>> epoch: 1/24, mean_loss: 0.7727, mean_dice: 0.5142
criteria decreased from inf to 0.7727, saving best model at D:\Data\cs-8395-dl\model\2020-03-22-04-26-47\2020-03-22-04-26-47_1_fold-resnet34_best.pt
train >>> fold 1/5, epoch: 2/24, patient 1/24, mean_loss 0.9636, mean_dice_loss: 0.7988, mean_ce: 0.1649
train >>> fold 1/5, epoch: 2/24, patient 2/24, mean_loss 0.9544, mean_dice_loss: 0.7925, mean_ce: 0.1619
train >>> fold 1/5, epoch: 2/24, patient 3/24, mean_loss 0.9388, mean_dice_loss: 0.7826, mean_ce: 0.1562
train >>> fold 1/5, epoch: 2/24, patient 4/24, mean_loss 0.9248, mean_dice_loss: 0.7733, mean_ce: 0.1514
train >>> fold 1/5, epoch: 2/24, patient 5/24, mean_loss 0.9159, mean_dice_loss: 0.7677, mean_ce: 0.1482
train >>> fold 1/5, epoch: 2/24, patient 6/24, mean_loss 0.9069, mean_dice_loss: 0.7619, mean_ce: 0.1450
train >>> fold 1/5, epoch: 2/24, patient 7/24, mean_loss 0.8953, mean_dice_loss: 0.7549, mean_ce: 0.1404
train >>> fold 1/5, epoch: 2/24, patient 8/24, mean_loss 0.8854, mean_dice_loss: 0.7479, mean_ce: 0.1375
train >>> fold 1/5, epoch: 2/24, patient 9/24, mean_loss 0.8724, mean_dice_loss: 0.7391, mean_ce: 0.1333
train >>> fold 1/5, epoch: 2/24, patient 10/24, mean_loss 0.8640, mean_dice_loss: 0.7333, mean_ce: 0.1307
train >>> fold 1/5, epoch: 2/24, patient 11/24, mean_loss 0.8575, mean_dice_loss: 0.7294, mean_ce: 0.1281
train >>> fold 1/5, epoch: 2/24, patient 12/24, mean_loss 0.8471, mean_dice_loss: 0.7224, mean_ce: 0.1247
train >>> fold 1/5, epoch: 2/24, patient 13/24, mean_loss 0.8392, mean_dice_loss: 0.7179, mean_ce: 0.1214
train >>> fold 1/5, epoch: 2/24, patient 14/24, mean_loss 0.8301, mean_dice_loss: 0.7106, mean_ce: 0.1195
train >>> fold 1/5, epoch: 2/24, patient 15/24, mean_loss 0.8209, mean_dice_loss: 0.7052, mean_ce: 0.1157
train >>> fold 1/5, epoch: 2/24, patient 16/24, mean_loss 0.8139, mean_dice_loss: 0.7009, mean_ce: 0.1129
train >>> fold 1/5, epoch: 2/24, patient 17/24, mean_loss 0.8061, mean_dice_loss: 0.6957, mean_ce: 0.1105
train >>> fold 1/5, epoch: 2/24, patient 18/24, mean_loss 0.8006, mean_dice_loss: 0.6917, mean_ce: 0.1090
train >>> fold 1/5, epoch: 2/24, patient 19/24, mean_loss 0.7898, mean_dice_loss: 0.6838, mean_ce: 0.1060
train >>> fold 1/5, epoch: 2/24, patient 20/24, mean_loss 0.7822, mean_dice_loss: 0.6790, mean_ce: 0.1032
train >>> fold 1/5, epoch: 2/24, patient 21/24, mean_loss 0.7753, mean_dice_loss: 0.6742, mean_ce: 0.1011
train >>> fold 1/5, epoch: 2/24, patient 22/24, mean_loss 0.7703, mean_dice_loss: 0.6705, mean_ce: 0.0998
train >>> fold 1/5, epoch: 2/24, patient 23/24, mean_loss 0.7662, mean_dice_loss: 0.6677, mean_ce: 0.0985
train >>> fold 1/5, epoch: 2/24, patient 24/24, mean_loss 0.7616, mean_dice_loss: 0.6644, mean_ce: 0.0973
valid >>> epoch: 2/24, mean_loss: 0.8905, mean_dice: 0.7440
train >>> fold 1/5, epoch: 3/24, patient 1/24, mean_loss 0.7555, mean_dice_loss: 0.6599, mean_ce: 0.0956
train >>> fold 1/5, epoch: 3/24, patient 2/24, mean_loss 0.7511, mean_dice_loss: 0.6567, mean_ce: 0.0944
train >>> fold 1/5, epoch: 3/24, patient 3/24, mean_loss 0.7448, mean_dice_loss: 0.6518, mean_ce: 0.0930
train >>> fold 1/5, epoch: 3/24, patient 4/24, mean_loss 0.7404, mean_dice_loss: 0.6486, mean_ce: 0.0919
train >>> fold 1/5, epoch: 3/24, patient 5/24, mean_loss 0.7364, mean_dice_loss: 0.6455, mean_ce: 0.0909
train >>> fold 1/5, epoch: 3/24, patient 6/24, mean_loss 0.7325, mean_dice_loss: 0.6425, mean_ce: 0.0899
train >>> fold 1/5, epoch: 3/24, patient 7/24, mean_loss 0.7287, mean_dice_loss: 0.6398, mean_ce: 0.0890
train >>> fold 1/5, epoch: 3/24, patient 8/24, mean_loss 0.7228, mean_dice_loss: 0.6353, mean_ce: 0.0875
train >>> fold 1/5, epoch: 3/24, patient 9/24, mean_loss 0.7190, mean_dice_loss: 0.6325, mean_ce: 0.0865
train >>> fold 1/5, epoch: 3/24, patient 10/24, mean_loss 0.7137, mean_dice_loss: 0.6287, mean_ce: 0.0850
train >>> fold 1/5, epoch: 3/24, patient 11/24, mean_loss 0.7089, mean_dice_loss: 0.6254, mean_ce: 0.0835
train >>> fold 1/5, epoch: 3/24, patient 12/24, mean_loss 0.7053, mean_dice_loss: 0.6231, mean_ce: 0.0822
train >>> fold 1/5, epoch: 3/24, patient 13/24, mean_loss 0.6996, mean_dice_loss: 0.6190, mean_ce: 0.0806
train >>> fold 1/5, epoch: 3/24, patient 14/24, mean_loss 0.6962, mean_dice_loss: 0.6164, mean_ce: 0.0797
train >>> fold 1/5, epoch: 3/24, patient 15/24, mean_loss 0.6927, mean_dice_loss: 0.6136, mean_ce: 0.0791
train >>> fold 1/5, epoch: 3/24, patient 16/24, mean_loss 0.6864, mean_dice_loss: 0.6084, mean_ce: 0.0780
train >>> fold 1/5, epoch: 3/24, patient 17/24, mean_loss 0.6835, mean_dice_loss: 0.6062, mean_ce: 0.0772
train >>> fold 1/5, epoch: 3/24, patient 18/24, mean_loss 0.6802, mean_dice_loss: 0.6037, mean_ce: 0.0765
train >>> fold 1/5, epoch: 3/24, patient 19/24, mean_loss 0.6753, mean_dice_loss: 0.5999, mean_ce: 0.0754
train >>> fold 1/5, epoch: 3/24, patient 20/24, mean_loss 0.6713, mean_dice_loss: 0.5966, mean_ce: 0.0747
train >>> fold 1/5, epoch: 3/24, patient 21/24, mean_loss 0.6654, mean_dice_loss: 0.5917, mean_ce: 0.0736
train >>> fold 1/5, epoch: 3/24, patient 22/24, mean_loss 0.6610, mean_dice_loss: 0.5881, mean_ce: 0.0730
train >>> fold 1/5, epoch: 3/24, patient 23/24, mean_loss 0.6516, mean_dice_loss: 0.5800, mean_ce: 0.0717
train >>> fold 1/5, epoch: 3/24, patient 24/24, mean_loss 0.6443, mean_dice_loss: 0.5736, mean_ce: 0.0707
valid >>> epoch: 3/24, mean_loss: 0.3374, mean_dice: 0.8406
criteria decreased from 0.7727 to 0.3374, saving best model at D:\Data\cs-8395-dl\model\2020-03-22-04-26-47\2020-03-22-04-26-47_1_fold-resnet34_best.pt
train >>> fold 1/5, epoch: 4/24, patient 1/24, mean_loss 0.6337, mean_dice_loss: 0.5642, mean_ce: 0.0695
train >>> fold 1/5, epoch: 4/24, patient 2/24, mean_loss 0.6282, mean_dice_loss: 0.5593, mean_ce: 0.0689
train >>> fold 1/5, epoch: 4/24, patient 3/24, mean_loss 0.6204, mean_dice_loss: 0.5524, mean_ce: 0.0680
train >>> fold 1/5, epoch: 4/24, patient 4/24, mean_loss 0.6153, mean_dice_loss: 0.5478, mean_ce: 0.0675
train >>> fold 1/5, epoch: 4/24, patient 5/24, mean_loss 0.6054, mean_dice_loss: 0.5388, mean_ce: 0.0666
train >>> fold 1/5, epoch: 4/24, patient 6/24, mean_loss 0.6020, mean_dice_loss: 0.5357, mean_ce: 0.0663
train >>> fold 1/5, epoch: 4/24, patient 7/24, mean_loss 0.5974, mean_dice_loss: 0.5315, mean_ce: 0.0658
train >>> fold 1/5, epoch: 4/24, patient 8/24, mean_loss 0.5927, mean_dice_loss: 0.5273, mean_ce: 0.0653
train >>> fold 1/5, epoch: 4/24, patient 9/24, mean_loss 0.5881, mean_dice_loss: 0.5233, mean_ce: 0.0648
train >>> fold 1/5, epoch: 4/24, patient 10/24, mean_loss 0.5823, mean_dice_loss: 0.5182, mean_ce: 0.0642
train >>> fold 1/5, epoch: 4/24, patient 11/24, mean_loss 0.5780, mean_dice_loss: 0.5142, mean_ce: 0.0638
train >>> fold 1/5, epoch: 4/24, patient 12/24, mean_loss 0.5716, mean_dice_loss: 0.5085, mean_ce: 0.0631
train >>> fold 1/5, epoch: 4/24, patient 13/24, mean_loss 0.5677, mean_dice_loss: 0.5050, mean_ce: 0.0626
train >>> fold 1/5, epoch: 4/24, patient 14/24, mean_loss 0.5631, mean_dice_loss: 0.5006, mean_ce: 0.0624
train >>> fold 1/5, epoch: 4/24, patient 15/24, mean_loss 0.5581, mean_dice_loss: 0.4963, mean_ce: 0.0618
train >>> fold 1/5, epoch: 4/24, patient 16/24, mean_loss 0.5521, mean_dice_loss: 0.4910, mean_ce: 0.0611
train >>> fold 1/5, epoch: 4/24, patient 17/24, mean_loss 0.5462, mean_dice_loss: 0.4857, mean_ce: 0.0605
train >>> fold 1/5, epoch: 4/24, patient 18/24, mean_loss 0.5426, mean_dice_loss: 0.4822, mean_ce: 0.0604
train >>> fold 1/5, epoch: 4/24, patient 19/24, mean_loss 0.5392, mean_dice_loss: 0.4791, mean_ce: 0.0600
train >>> fold 1/5, epoch: 4/24, patient 20/24, mean_loss 0.5358, mean_dice_loss: 0.4761, mean_ce: 0.0597
train >>> fold 1/5, epoch: 4/24, patient 21/24, mean_loss 0.5313, mean_dice_loss: 0.4720, mean_ce: 0.0593
train >>> fold 1/5, epoch: 4/24, patient 22/24, mean_loss 0.5283, mean_dice_loss: 0.4690, mean_ce: 0.0593
train >>> fold 1/5, epoch: 4/24, patient 23/24, mean_loss 0.5258, mean_dice_loss: 0.4667, mean_ce: 0.0591
train >>> fold 1/5, epoch: 4/24, patient 24/24, mean_loss 0.5231, mean_dice_loss: 0.4643, mean_ce: 0.0588
valid >>> epoch: 4/24, mean_loss: 0.5183, mean_dice: 0.7360
train >>> fold 1/5, epoch: 5/24, patient 1/24, mean_loss 0.5204, mean_dice_loss: 0.4618, mean_ce: 0.0586
train >>> fold 1/5, epoch: 5/24, patient 2/24, mean_loss 0.5163, mean_dice_loss: 0.4581, mean_ce: 0.0582
train >>> fold 1/5, epoch: 5/24, patient 3/24, mean_loss 0.5133, mean_dice_loss: 0.4554, mean_ce: 0.0579
train >>> fold 1/5, epoch: 5/24, patient 4/24, mean_loss 0.5089, mean_dice_loss: 0.4515, mean_ce: 0.0574
train >>> fold 1/5, epoch: 5/24, patient 5/24, mean_loss 0.5075, mean_dice_loss: 0.4503, mean_ce: 0.0572
train >>> fold 1/5, epoch: 5/24, patient 6/24, mean_loss 0.5032, mean_dice_loss: 0.4466, mean_ce: 0.0566
train >>> fold 1/5, epoch: 5/24, patient 7/24, mean_loss 0.4990, mean_dice_loss: 0.4429, mean_ce: 0.0560
train >>> fold 1/5, epoch: 5/24, patient 8/24, mean_loss 0.4961, mean_dice_loss: 0.4404, mean_ce: 0.0557
train >>> fold 1/5, epoch: 5/24, patient 9/24, mean_loss 0.4920, mean_dice_loss: 0.4368, mean_ce: 0.0552
train >>> fold 1/5, epoch: 5/24, patient 10/24, mean_loss 0.4891, mean_dice_loss: 0.4342, mean_ce: 0.0549
train >>> fold 1/5, epoch: 5/24, patient 11/24, mean_loss 0.4863, mean_dice_loss: 0.4318, mean_ce: 0.0545
train >>> fold 1/5, epoch: 5/24, patient 12/24, mean_loss 0.4816, mean_dice_loss: 0.4277, mean_ce: 0.0540
train >>> fold 1/5, epoch: 5/24, patient 13/24, mean_loss 0.4788, mean_dice_loss: 0.4251, mean_ce: 0.0536
train >>> fold 1/5, epoch: 5/24, patient 14/24, mean_loss 0.4750, mean_dice_loss: 0.4218, mean_ce: 0.0532
train >>> fold 1/5, epoch: 5/24, patient 15/24, mean_loss 0.4709, mean_dice_loss: 0.4182, mean_ce: 0.0528
train >>> fold 1/5, epoch: 5/24, patient 16/24, mean_loss 0.4683, mean_dice_loss: 0.4158, mean_ce: 0.0525
train >>> fold 1/5, epoch: 5/24, patient 17/24, mean_loss 0.4644, mean_dice_loss: 0.4124, mean_ce: 0.0520
train >>> fold 1/5, epoch: 5/24, patient 18/24, mean_loss 0.4607, mean_dice_loss: 0.4091, mean_ce: 0.0516
train >>> fold 1/5, epoch: 5/24, patient 19/24, mean_loss 0.4557, mean_dice_loss: 0.4047, mean_ce: 0.0510
train >>> fold 1/5, epoch: 5/24, patient 20/24, mean_loss 0.4537, mean_dice_loss: 0.4029, mean_ce: 0.0508
train >>> fold 1/5, epoch: 5/24, patient 21/24, mean_loss 0.4513, mean_dice_loss: 0.4008, mean_ce: 0.0505
train >>> fold 1/5, epoch: 5/24, patient 22/24, mean_loss 0.4471, mean_dice_loss: 0.3971, mean_ce: 0.0500
train >>> fold 1/5, epoch: 5/24, patient 23/24, mean_loss 0.4441, mean_dice_loss: 0.3945, mean_ce: 0.0496
train >>> fold 1/5, epoch: 5/24, patient 24/24, mean_loss 0.4419, mean_dice_loss: 0.3925, mean_ce: 0.0494
valid >>> epoch: 5/24, mean_loss: 0.3124, mean_dice: 0.8283
criteria decreased from 0.3374 to 0.3124, saving best model at D:\Data\cs-8395-dl\model\2020-03-22-04-26-47\2020-03-22-04-26-47_1_fold-resnet34_best.pt
train >>> fold 1/5, epoch: 6/24, patient 1/24, mean_loss 0.4387, mean_dice_loss: 0.3896, mean_ce: 0.0490
train >>> fold 1/5, epoch: 6/24, patient 2/24, mean_loss 0.4344, mean_dice_loss: 0.3858, mean_ce: 0.0486
train >>> fold 1/5, epoch: 6/24, patient 3/24, mean_loss 0.4324, mean_dice_loss: 0.3839, mean_ce: 0.0484
train >>> fold 1/5, epoch: 6/24, patient 4/24, mean_loss 0.4307, mean_dice_loss: 0.3825, mean_ce: 0.0482
train >>> fold 1/5, epoch: 6/24, patient 5/24, mean_loss 0.4267, mean_dice_loss: 0.3789, mean_ce: 0.0478
train >>> fold 1/5, epoch: 6/24, patient 6/24, mean_loss 0.4247, mean_dice_loss: 0.3772, mean_ce: 0.0475
train >>> fold 1/5, epoch: 6/24, patient 7/24, mean_loss 0.4226, mean_dice_loss: 0.3753, mean_ce: 0.0473
train >>> fold 1/5, epoch: 6/24, patient 8/24, mean_loss 0.4207, mean_dice_loss: 0.3737, mean_ce: 0.0471
train >>> fold 1/5, epoch: 6/24, patient 9/24, mean_loss 0.4186, mean_dice_loss: 0.3718, mean_ce: 0.0468
train >>> fold 1/5, epoch: 6/24, patient 10/24, mean_loss 0.4160, mean_dice_loss: 0.3695, mean_ce: 0.0465
train >>> fold 1/5, epoch: 6/24, patient 11/24, mean_loss 0.4124, mean_dice_loss: 0.3663, mean_ce: 0.0461
train >>> fold 1/5, epoch: 6/24, patient 12/24, mean_loss 0.4094, mean_dice_loss: 0.3636, mean_ce: 0.0458
train >>> fold 1/5, epoch: 6/24, patient 13/24, mean_loss 0.4068, mean_dice_loss: 0.3613, mean_ce: 0.0455
train >>> fold 1/5, epoch: 6/24, patient 14/24, mean_loss 0.4049, mean_dice_loss: 0.3596, mean_ce: 0.0452
train >>> fold 1/5, epoch: 6/24, patient 15/24, mean_loss 0.4014, mean_dice_loss: 0.3566, mean_ce: 0.0448
train >>> fold 1/5, epoch: 6/24, patient 16/24, mean_loss 0.3994, mean_dice_loss: 0.3548, mean_ce: 0.0446
train >>> fold 1/5, epoch: 6/24, patient 17/24, mean_loss 0.3976, mean_dice_loss: 0.3532, mean_ce: 0.0444
train >>> fold 1/5, epoch: 6/24, patient 18/24, mean_loss 0.3960, mean_dice_loss: 0.3518, mean_ce: 0.0442
train >>> fold 1/5, epoch: 6/24, patient 19/24, mean_loss 0.3936, mean_dice_loss: 0.3497, mean_ce: 0.0440
train >>> fold 1/5, epoch: 6/24, patient 20/24, mean_loss 0.3918, mean_dice_loss: 0.3481, mean_ce: 0.0438
train >>> fold 1/5, epoch: 6/24, patient 21/24, mean_loss 0.3892, mean_dice_loss: 0.3457, mean_ce: 0.0435
train >>> fold 1/5, epoch: 6/24, patient 22/24, mean_loss 0.3866, mean_dice_loss: 0.3435, mean_ce: 0.0432
train >>> fold 1/5, epoch: 6/24, patient 23/24, mean_loss 0.3841, mean_dice_loss: 0.3412, mean_ce: 0.0429
train >>> fold 1/5, epoch: 6/24, patient 24/24, mean_loss 0.3816, mean_dice_loss: 0.3390, mean_ce: 0.0426
valid >>> epoch: 6/24, mean_loss: 0.3238, mean_dice: 0.8452
train >>> fold 1/5, epoch: 7/24, patient 1/24, mean_loss 0.3785, mean_dice_loss: 0.3363, mean_ce: 0.0422
train >>> fold 1/5, epoch: 7/24, patient 2/24, mean_loss 0.3762, mean_dice_loss: 0.3343, mean_ce: 0.0419
train >>> fold 1/5, epoch: 7/24, patient 3/24, mean_loss 0.3738, mean_dice_loss: 0.3322, mean_ce: 0.0417
train >>> fold 1/5, epoch: 7/24, patient 4/24, mean_loss 0.3709, mean_dice_loss: 0.3296, mean_ce: 0.0413
train >>> fold 1/5, epoch: 7/24, patient 5/24, mean_loss 0.3693, mean_dice_loss: 0.3282, mean_ce: 0.0411
train >>> fold 1/5, epoch: 7/24, patient 6/24, mean_loss 0.3684, mean_dice_loss: 0.3274, mean_ce: 0.0410
train >>> fold 1/5, epoch: 7/24, patient 7/24, mean_loss 0.3661, mean_dice_loss: 0.3254, mean_ce: 0.0408
train >>> fold 1/5, epoch: 7/24, patient 8/24, mean_loss 0.3631, mean_dice_loss: 0.3227, mean_ce: 0.0405
train >>> fold 1/5, epoch: 7/24, patient 9/24, mean_loss 0.3618, mean_dice_loss: 0.3215, mean_ce: 0.0403
train >>> fold 1/5, epoch: 7/24, patient 10/24, mean_loss 0.3603, mean_dice_loss: 0.3202, mean_ce: 0.0401
train >>> fold 1/5, epoch: 7/24, patient 11/24, mean_loss 0.3581, mean_dice_loss: 0.3182, mean_ce: 0.0399
train >>> fold 1/5, epoch: 7/24, patient 12/24, mean_loss 0.3567, mean_dice_loss: 0.3170, mean_ce: 0.0397
train >>> fold 1/5, epoch: 7/24, patient 13/24, mean_loss 0.3545, mean_dice_loss: 0.3150, mean_ce: 0.0395
train >>> fold 1/5, epoch: 7/24, patient 14/24, mean_loss 0.3525, mean_dice_loss: 0.3132, mean_ce: 0.0393
train >>> fold 1/5, epoch: 7/24, patient 15/24, mean_loss 0.3511, mean_dice_loss: 0.3120, mean_ce: 0.0391
train >>> fold 1/5, epoch: 7/24, patient 16/24, mean_loss 0.3492, mean_dice_loss: 0.3103, mean_ce: 0.0389
train >>> fold 1/5, epoch: 7/24, patient 17/24, mean_loss 0.3478, mean_dice_loss: 0.3091, mean_ce: 0.0387
train >>> fold 1/5, epoch: 7/24, patient 18/24, mean_loss 0.3465, mean_dice_loss: 0.3079, mean_ce: 0.0386
train >>> fold 1/5, epoch: 7/24, patient 19/24, mean_loss 0.3452, mean_dice_loss: 0.3068, mean_ce: 0.0384
train >>> fold 1/5, epoch: 7/24, patient 20/24, mean_loss 0.3428, mean_dice_loss: 0.3046, mean_ce: 0.0382
train >>> fold 1/5, epoch: 7/24, patient 21/24, mean_loss 0.3410, mean_dice_loss: 0.3031, mean_ce: 0.0379
train >>> fold 1/5, epoch: 7/24, patient 22/24, mean_loss 0.3398, mean_dice_loss: 0.3020, mean_ce: 0.0378
train >>> fold 1/5, epoch: 7/24, patient 23/24, mean_loss 0.3387, mean_dice_loss: 0.3010, mean_ce: 0.0377
train >>> fold 1/5, epoch: 7/24, patient 24/24, mean_loss 0.3368, mean_dice_loss: 0.2994, mean_ce: 0.0374
valid >>> epoch: 7/24, mean_loss: 0.4223, mean_dice: 0.8570
train >>> fold 1/5, epoch: 8/24, patient 1/24, mean_loss 0.3350, mean_dice_loss: 0.2978, mean_ce: 0.0372
train >>> fold 1/5, epoch: 8/24, patient 2/24, mean_loss 0.3338, mean_dice_loss: 0.2967, mean_ce: 0.0371
train >>> fold 1/5, epoch: 8/24, patient 3/24, mean_loss 0.3313, mean_dice_loss: 0.2945, mean_ce: 0.0368
train >>> fold 1/5, epoch: 8/24, patient 4/24, mean_loss 0.3305, mean_dice_loss: 0.2938, mean_ce: 0.0367
train >>> fold 1/5, epoch: 8/24, patient 5/24, mean_loss 0.3293, mean_dice_loss: 0.2927, mean_ce: 0.0366
train >>> fold 1/5, epoch: 8/24, patient 6/24, mean_loss 0.3274, mean_dice_loss: 0.2911, mean_ce: 0.0363
train >>> fold 1/5, epoch: 8/24, patient 7/24, mean_loss 0.3263, mean_dice_loss: 0.2900, mean_ce: 0.0362
train >>> fold 1/5, epoch: 8/24, patient 8/24, mean_loss 0.3251, mean_dice_loss: 0.2890, mean_ce: 0.0361
train >>> fold 1/5, epoch: 8/24, patient 9/24, mean_loss 0.3233, mean_dice_loss: 0.2874, mean_ce: 0.0359
train >>> fold 1/5, epoch: 8/24, patient 10/24, mean_loss 0.3217, mean_dice_loss: 0.2860, mean_ce: 0.0357
train >>> fold 1/5, epoch: 8/24, patient 11/24, mean_loss 0.3206, mean_dice_loss: 0.2850, mean_ce: 0.0356
train >>> fold 1/5, epoch: 8/24, patient 12/24, mean_loss 0.3185, mean_dice_loss: 0.2832, mean_ce: 0.0354
train >>> fold 1/5, epoch: 8/24, patient 13/24, mean_loss 0.3169, mean_dice_loss: 0.2818, mean_ce: 0.0352
train >>> fold 1/5, epoch: 8/24, patient 14/24, mean_loss 0.3159, mean_dice_loss: 0.2809, mean_ce: 0.0350
train >>> fold 1/5, epoch: 8/24, patient 15/24, mean_loss 0.3148, mean_dice_loss: 0.2799, mean_ce: 0.0349
train >>> fold 1/5, epoch: 8/24, patient 16/24, mean_loss 0.3137, mean_dice_loss: 0.2789, mean_ce: 0.0348
train >>> fold 1/5, epoch: 8/24, patient 17/24, mean_loss 0.3127, mean_dice_loss: 0.2780, mean_ce: 0.0347
train >>> fold 1/5, epoch: 8/24, patient 18/24, mean_loss 0.3112, mean_dice_loss: 0.2767, mean_ce: 0.0345
train >>> fold 1/5, epoch: 8/24, patient 19/24, mean_loss 0.3096, mean_dice_loss: 0.2753, mean_ce: 0.0343
train >>> fold 1/5, epoch: 8/24, patient 20/24, mean_loss 0.3080, mean_dice_loss: 0.2739, mean_ce: 0.0341
train >>> fold 1/5, epoch: 8/24, patient 21/24, mean_loss 0.3071, mean_dice_loss: 0.2730, mean_ce: 0.0340
train >>> fold 1/5, epoch: 8/24, patient 22/24, mean_loss 0.3051, mean_dice_loss: 0.2713, mean_ce: 0.0338
train >>> fold 1/5, epoch: 8/24, patient 23/24, mean_loss 0.3037, mean_dice_loss: 0.2700, mean_ce: 0.0336
train >>> fold 1/5, epoch: 8/24, patient 24/24, mean_loss 0.3017, mean_dice_loss: 0.2683, mean_ce: 0.0334
valid >>> epoch: 8/24, mean_loss: 0.4716, mean_dice: 0.8634
train >>> fold 1/5, epoch: 9/24, patient 1/24, mean_loss 0.3007, mean_dice_loss: 0.2674, mean_ce: 0.0333
train >>> fold 1/5, epoch: 9/24, patient 2/24, mean_loss 0.2993, mean_dice_loss: 0.2662, mean_ce: 0.0331
train >>> fold 1/5, epoch: 9/24, patient 3/24, mean_loss 0.2974, mean_dice_loss: 0.2645, mean_ce: 0.0329
train >>> fold 1/5, epoch: 9/24, patient 4/24, mean_loss 0.2960, mean_dice_loss: 0.2632, mean_ce: 0.0327
train >>> fold 1/5, epoch: 9/24, patient 5/24, mean_loss 0.2947, mean_dice_loss: 0.2621, mean_ce: 0.0326
train >>> fold 1/5, epoch: 9/24, patient 6/24, mean_loss 0.2932, mean_dice_loss: 0.2608, mean_ce: 0.0324
train >>> fold 1/5, epoch: 9/24, patient 7/24, mean_loss 0.2915, mean_dice_loss: 0.2593, mean_ce: 0.0322
train >>> fold 1/5, epoch: 9/24, patient 8/24, mean_loss 0.2907, mean_dice_loss: 0.2585, mean_ce: 0.0321
train >>> fold 1/5, epoch: 9/24, patient 9/24, mean_loss 0.2894, mean_dice_loss: 0.2574, mean_ce: 0.0320
train >>> fold 1/5, epoch: 9/24, patient 10/24, mean_loss 0.2886, mean_dice_loss: 0.2567, mean_ce: 0.0319
train >>> fold 1/5, epoch: 9/24, patient 11/24, mean_loss 0.2873, mean_dice_loss: 0.2555, mean_ce: 0.0318
train >>> fold 1/5, epoch: 9/24, patient 12/24, mean_loss 0.2856, mean_dice_loss: 0.2540, mean_ce: 0.0316
train >>> fold 1/5, epoch: 9/24, patient 13/24, mean_loss 0.2847, mean_dice_loss: 0.2532, mean_ce: 0.0315
train >>> fold 1/5, epoch: 9/24, patient 14/24, mean_loss 0.2839, mean_dice_loss: 0.2525, mean_ce: 0.0314
train >>> fold 1/5, epoch: 9/24, patient 15/24, mean_loss 0.2830, mean_dice_loss: 0.2517, mean_ce: 0.0313
train >>> fold 1/5, epoch: 9/24, patient 16/24, mean_loss 0.2825, mean_dice_loss: 0.2513, mean_ce: 0.0312
train >>> fold 1/5, epoch: 9/24, patient 17/24, mean_loss 0.2816, mean_dice_loss: 0.2505, mean_ce: 0.0311
train >>> fold 1/5, epoch: 9/24, patient 18/24, mean_loss 0.2802, mean_dice_loss: 0.2492, mean_ce: 0.0310
train >>> fold 1/5, epoch: 9/24, patient 19/24, mean_loss 0.2790, mean_dice_loss: 0.2482, mean_ce: 0.0308
train >>> fold 1/5, epoch: 9/24, patient 20/24, mean_loss 0.2778, mean_dice_loss: 0.2472, mean_ce: 0.0307
train >>> fold 1/5, epoch: 9/24, patient 21/24, mean_loss 0.2770, mean_dice_loss: 0.2464, mean_ce: 0.0306
train >>> fold 1/5, epoch: 9/24, patient 22/24, mean_loss 0.2763, mean_dice_loss: 0.2458, mean_ce: 0.0305
train >>> fold 1/5, epoch: 9/24, patient 23/24, mean_loss 0.2751, mean_dice_loss: 0.2447, mean_ce: 0.0304
train >>> fold 1/5, epoch: 9/24, patient 24/24, mean_loss 0.2744, mean_dice_loss: 0.2441, mean_ce: 0.0303
valid >>> epoch: 9/24, mean_loss: 0.4355, mean_dice: 0.8488
train >>> fold 1/5, epoch: 10/24, patient 1/24, mean_loss 0.2733, mean_dice_loss: 0.2432, mean_ce: 0.0302
train >>> fold 1/5, epoch: 10/24, patient 2/24, mean_loss 0.2725, mean_dice_loss: 0.2425, mean_ce: 0.0301
train >>> fold 1/5, epoch: 10/24, patient 3/24, mean_loss 0.2718, mean_dice_loss: 0.2418, mean_ce: 0.0300
train >>> fold 1/5, epoch: 10/24, patient 4/24, mean_loss 0.2711, mean_dice_loss: 0.2411, mean_ce: 0.0299
train >>> fold 1/5, epoch: 10/24, patient 5/24, mean_loss 0.2696, mean_dice_loss: 0.2398, mean_ce: 0.0298
train >>> fold 1/5, epoch: 10/24, patient 6/24, mean_loss 0.2688, mean_dice_loss: 0.2392, mean_ce: 0.0297
train >>> fold 1/5, epoch: 10/24, patient 7/24, mean_loss 0.2681, mean_dice_loss: 0.2385, mean_ce: 0.0296
train >>> fold 1/5, epoch: 10/24, patient 8/24, mean_loss 0.2670, mean_dice_loss: 0.2376, mean_ce: 0.0295
train >>> fold 1/5, epoch: 10/24, patient 9/24, mean_loss 0.2660, mean_dice_loss: 0.2366, mean_ce: 0.0293
train >>> fold 1/5, epoch: 10/24, patient 10/24, mean_loss 0.2649, mean_dice_loss: 0.2356, mean_ce: 0.0292
train >>> fold 1/5, epoch: 10/24, patient 11/24, mean_loss 0.2641, mean_dice_loss: 0.2350, mean_ce: 0.0291
train >>> fold 1/5, epoch: 10/24, patient 12/24, mean_loss 0.2631, mean_dice_loss: 0.2341, mean_ce: 0.0290
train >>> fold 1/5, epoch: 10/24, patient 13/24, mean_loss 0.2623, mean_dice_loss: 0.2334, mean_ce: 0.0289
train >>> fold 1/5, epoch: 10/24, patient 14/24, mean_loss 0.2613, mean_dice_loss: 0.2325, mean_ce: 0.0288
train >>> fold 1/5, epoch: 10/24, patient 15/24, mean_loss 0.2608, mean_dice_loss: 0.2321, mean_ce: 0.0287
train >>> fold 1/5, epoch: 10/24, patient 16/24, mean_loss 0.2602, mean_dice_loss: 0.2315, mean_ce: 0.0287
train >>> fold 1/5, epoch: 10/24, patient 17/24, mean_loss 0.2589, mean_dice_loss: 0.2304, mean_ce: 0.0285
train >>> fold 1/5, epoch: 10/24, patient 18/24, mean_loss 0.2583, mean_dice_loss: 0.2298, mean_ce: 0.0284
train >>> fold 1/5, epoch: 10/24, patient 19/24, mean_loss 0.2574, mean_dice_loss: 0.2291, mean_ce: 0.0283
train >>> fold 1/5, epoch: 10/24, patient 20/24, mean_loss 0.2564, mean_dice_loss: 0.2282, mean_ce: 0.0282
train >>> fold 1/5, epoch: 10/24, patient 21/24, mean_loss 0.2557, mean_dice_loss: 0.2276, mean_ce: 0.0282
train >>> fold 1/5, epoch: 10/24, patient 22/24, mean_loss 0.2544, mean_dice_loss: 0.2264, mean_ce: 0.0280
train >>> fold 1/5, epoch: 10/24, patient 23/24, mean_loss 0.2531, mean_dice_loss: 0.2252, mean_ce: 0.0279
train >>> fold 1/5, epoch: 10/24, patient 24/24, mean_loss 0.2521, mean_dice_loss: 0.2244, mean_ce: 0.0277
valid >>> epoch: 10/24, mean_loss: 0.4611, mean_dice: 0.8628
train >>> fold 1/5, epoch: 11/24, patient 1/24, mean_loss 0.2515, mean_dice_loss: 0.2238, mean_ce: 0.0277
train >>> fold 1/5, epoch: 11/24, patient 2/24, mean_loss 0.2506, mean_dice_loss: 0.2230, mean_ce: 0.0276
train >>> fold 1/5, epoch: 11/24, patient 3/24, mean_loss 0.2499, mean_dice_loss: 0.2225, mean_ce: 0.0275
train >>> fold 1/5, epoch: 11/24, patient 4/24, mean_loss 0.2493, mean_dice_loss: 0.2219, mean_ce: 0.0274
train >>> fold 1/5, epoch: 11/24, patient 5/24, mean_loss 0.2487, mean_dice_loss: 0.2214, mean_ce: 0.0274
train >>> fold 1/5, epoch: 11/24, patient 6/24, mean_loss 0.2481, mean_dice_loss: 0.2208, mean_ce: 0.0273
train >>> fold 1/5, epoch: 11/24, patient 7/24, mean_loss 0.2474, mean_dice_loss: 0.2202, mean_ce: 0.0272
train >>> fold 1/5, epoch: 11/24, patient 8/24, mean_loss 0.2469, mean_dice_loss: 0.2197, mean_ce: 0.0272
train >>> fold 1/5, epoch: 11/24, patient 9/24, mean_loss 0.2461, mean_dice_loss: 0.2190, mean_ce: 0.0271
train >>> fold 1/5, epoch: 11/24, patient 10/24, mean_loss 0.2450, mean_dice_loss: 0.2180, mean_ce: 0.0269
train >>> fold 1/5, epoch: 11/24, patient 11/24, mean_loss 0.2444, mean_dice_loss: 0.2175, mean_ce: 0.0269
train >>> fold 1/5, epoch: 11/24, patient 12/24, mean_loss 0.2440, mean_dice_loss: 0.2172, mean_ce: 0.0268
train >>> fold 1/5, epoch: 11/24, patient 13/24, mean_loss 0.2431, mean_dice_loss: 0.2164, mean_ce: 0.0267
train >>> fold 1/5, epoch: 11/24, patient 14/24, mean_loss 0.2423, mean_dice_loss: 0.2157, mean_ce: 0.0266
train >>> fold 1/5, epoch: 11/24, patient 15/24, mean_loss 0.2415, mean_dice_loss: 0.2149, mean_ce: 0.0265
train >>> fold 1/5, epoch: 11/24, patient 16/24, mean_loss 0.2406, mean_dice_loss: 0.2141, mean_ce: 0.0264
train >>> fold 1/5, epoch: 11/24, patient 17/24, mean_loss 0.2396, mean_dice_loss: 0.2133, mean_ce: 0.0263
train >>> fold 1/5, epoch: 11/24, patient 18/24, mean_loss 0.2388, mean_dice_loss: 0.2126, mean_ce: 0.0262
train >>> fold 1/5, epoch: 11/24, patient 19/24, mean_loss 0.2377, mean_dice_loss: 0.2116, mean_ce: 0.0261
train >>> fold 1/5, epoch: 11/24, patient 20/24, mean_loss 0.2369, mean_dice_loss: 0.2109, mean_ce: 0.0260
train >>> fold 1/5, epoch: 11/24, patient 21/24, mean_loss 0.2361, mean_dice_loss: 0.2102, mean_ce: 0.0259
train >>> fold 1/5, epoch: 11/24, patient 22/24, mean_loss 0.2355, mean_dice_loss: 0.2097, mean_ce: 0.0258
train >>> fold 1/5, epoch: 11/24, patient 23/24, mean_loss 0.2344, mean_dice_loss: 0.2087, mean_ce: 0.0257
train >>> fold 1/5, epoch: 11/24, patient 24/24, mean_loss 0.2339, mean_dice_loss: 0.2083, mean_ce: 0.0257
valid >>> epoch: 11/24, mean_loss: 0.4216, mean_dice: 0.8596
train >>> fold 1/5, epoch: 12/24, patient 1/24, mean_loss 0.2334, mean_dice_loss: 0.2078, mean_ce: 0.0256
train >>> fold 1/5, epoch: 12/24, patient 2/24, mean_loss 0.2328, mean_dice_loss: 0.2073, mean_ce: 0.0255
train >>> fold 1/5, epoch: 12/24, patient 3/24, mean_loss 0.2323, mean_dice_loss: 0.2068, mean_ce: 0.0255
train >>> fold 1/5, epoch: 12/24, patient 4/24, mean_loss 0.2318, mean_dice_loss: 0.2064, mean_ce: 0.0254
train >>> fold 1/5, epoch: 12/24, patient 5/24, mean_loss 0.2313, mean_dice_loss: 0.2059, mean_ce: 0.0254
train >>> fold 1/5, epoch: 12/24, patient 6/24, mean_loss 0.2302, mean_dice_loss: 0.2050, mean_ce: 0.0252
train >>> fold 1/5, epoch: 12/24, patient 7/24, mean_loss 0.2297, mean_dice_loss: 0.2045, mean_ce: 0.0252
train >>> fold 1/5, epoch: 12/24, patient 8/24, mean_loss 0.2287, mean_dice_loss: 0.2036, mean_ce: 0.0251
train >>> fold 1/5, epoch: 12/24, patient 9/24, mean_loss 0.2279, mean_dice_loss: 0.2030, mean_ce: 0.0250
train >>> fold 1/5, epoch: 12/24, patient 10/24, mean_loss 0.2272, mean_dice_loss: 0.2023, mean_ce: 0.0249
train >>> fold 1/5, epoch: 12/24, patient 11/24, mean_loss 0.2268, mean_dice_loss: 0.2020, mean_ce: 0.0249
train >>> fold 1/5, epoch: 12/24, patient 12/24, mean_loss 0.2259, mean_dice_loss: 0.2011, mean_ce: 0.0248
train >>> fold 1/5, epoch: 12/24, patient 13/24, mean_loss 0.2250, mean_dice_loss: 0.2003, mean_ce: 0.0246
train >>> fold 1/5, epoch: 12/24, patient 14/24, mean_loss 0.2245, mean_dice_loss: 0.1999, mean_ce: 0.0246
train >>> fold 1/5, epoch: 12/24, patient 15/24, mean_loss 0.2237, mean_dice_loss: 0.1992, mean_ce: 0.0245
train >>> fold 1/5, epoch: 12/24, patient 16/24, mean_loss 0.2232, mean_dice_loss: 0.1987, mean_ce: 0.0245
train >>> fold 1/5, epoch: 12/24, patient 17/24, mean_loss 0.2227, mean_dice_loss: 0.1983, mean_ce: 0.0244
train >>> fold 1/5, epoch: 12/24, patient 18/24, mean_loss 0.2223, mean_dice_loss: 0.1979, mean_ce: 0.0243
train >>> fold 1/5, epoch: 12/24, patient 19/24, mean_loss 0.2216, mean_dice_loss: 0.1973, mean_ce: 0.0243
train >>> fold 1/5, epoch: 12/24, patient 20/24, mean_loss 0.2209, mean_dice_loss: 0.1967, mean_ce: 0.0242
train >>> fold 1/5, epoch: 12/24, patient 21/24, mean_loss 0.2204, mean_dice_loss: 0.1963, mean_ce: 0.0241
train >>> fold 1/5, epoch: 12/24, patient 22/24, mean_loss 0.2197, mean_dice_loss: 0.1957, mean_ce: 0.0241
train >>> fold 1/5, epoch: 12/24, patient 23/24, mean_loss 0.2191, mean_dice_loss: 0.1951, mean_ce: 0.0240
train >>> fold 1/5, epoch: 12/24, patient 24/24, mean_loss 0.2185, mean_dice_loss: 0.1946, mean_ce: 0.0239
valid >>> epoch: 12/24, mean_loss: 0.5472, mean_dice: 0.8569
train >>> fold 1/5, epoch: 13/24, patient 1/24, mean_loss 0.2180, mean_dice_loss: 0.1942, mean_ce: 0.0238
train >>> fold 1/5, epoch: 13/24, patient 2/24, mean_loss 0.2173, mean_dice_loss: 0.1936, mean_ce: 0.0238
train >>> fold 1/5, epoch: 13/24, patient 3/24, mean_loss 0.2169, mean_dice_loss: 0.1932, mean_ce: 0.0237
train >>> fold 1/5, epoch: 13/24, patient 4/24, mean_loss 0.2159, mean_dice_loss: 0.1923, mean_ce: 0.0236
train >>> fold 1/5, epoch: 13/24, patient 5/24, mean_loss 0.2154, mean_dice_loss: 0.1918, mean_ce: 0.0236
train >>> fold 1/5, epoch: 13/24, patient 6/24, mean_loss 0.2149, mean_dice_loss: 0.1914, mean_ce: 0.0235
train >>> fold 1/5, epoch: 13/24, patient 7/24, mean_loss 0.2145, mean_dice_loss: 0.1910, mean_ce: 0.0235
train >>> fold 1/5, epoch: 13/24, patient 8/24, mean_loss 0.2136, mean_dice_loss: 0.1902, mean_ce: 0.0234
train >>> fold 1/5, epoch: 13/24, patient 9/24, mean_loss 0.2132, mean_dice_loss: 0.1898, mean_ce: 0.0233
train >>> fold 1/5, epoch: 13/24, patient 10/24, mean_loss 0.2127, mean_dice_loss: 0.1895, mean_ce: 0.0233
train >>> fold 1/5, epoch: 13/24, patient 11/24, mean_loss 0.2121, mean_dice_loss: 0.1889, mean_ce: 0.0232
train >>> fold 1/5, epoch: 13/24, patient 12/24, mean_loss 0.2117, mean_dice_loss: 0.1885, mean_ce: 0.0232
train >>> fold 1/5, epoch: 13/24, patient 13/24, mean_loss 0.2109, mean_dice_loss: 0.1879, mean_ce: 0.0231
train >>> fold 1/5, epoch: 13/24, patient 14/24, mean_loss 0.2105, mean_dice_loss: 0.1875, mean_ce: 0.0230
train >>> fold 1/5, epoch: 13/24, patient 15/24, mean_loss 0.2099, mean_dice_loss: 0.1870, mean_ce: 0.0230
train >>> fold 1/5, epoch: 13/24, patient 16/24, mean_loss 0.2094, mean_dice_loss: 0.1865, mean_ce: 0.0229
train >>> fold 1/5, epoch: 13/24, patient 17/24, mean_loss 0.2088, mean_dice_loss: 0.1860, mean_ce: 0.0228
train >>> fold 1/5, epoch: 13/24, patient 18/24, mean_loss 0.2084, mean_dice_loss: 0.1856, mean_ce: 0.0228
train >>> fold 1/5, epoch: 13/24, patient 19/24, mean_loss 0.2078, mean_dice_loss: 0.1851, mean_ce: 0.0227
train >>> fold 1/5, epoch: 13/24, patient 20/24, mean_loss 0.2072, mean_dice_loss: 0.1846, mean_ce: 0.0226
train >>> fold 1/5, epoch: 13/24, patient 21/24, mean_loss 0.2070, mean_dice_loss: 0.1844, mean_ce: 0.0226
train >>> fold 1/5, epoch: 13/24, patient 22/24, mean_loss 0.2066, mean_dice_loss: 0.1840, mean_ce: 0.0225
train >>> fold 1/5, epoch: 13/24, patient 23/24, mean_loss 0.2059, mean_dice_loss: 0.1835, mean_ce: 0.0225
train >>> fold 1/5, epoch: 13/24, patient 24/24, mean_loss 0.2052, mean_dice_loss: 0.1828, mean_ce: 0.0224
valid >>> epoch: 13/24, mean_loss: 0.4753, mean_dice: 0.8646
train >>> fold 1/5, epoch: 14/24, patient 1/24, mean_loss 0.2046, mean_dice_loss: 0.1823, mean_ce: 0.0223
train >>> fold 1/5, epoch: 14/24, patient 2/24, mean_loss 0.2040, mean_dice_loss: 0.1817, mean_ce: 0.0223
train >>> fold 1/5, epoch: 14/24, patient 3/24, mean_loss 0.2036, mean_dice_loss: 0.1814, mean_ce: 0.0222
train >>> fold 1/5, epoch: 14/24, patient 4/24, mean_loss 0.2029, mean_dice_loss: 0.1807, mean_ce: 0.0221
train >>> fold 1/5, epoch: 14/24, patient 5/24, mean_loss 0.2024, mean_dice_loss: 0.1803, mean_ce: 0.0221
train >>> fold 1/5, epoch: 14/24, patient 6/24, mean_loss 0.2020, mean_dice_loss: 0.1800, mean_ce: 0.0220
train >>> fold 1/5, epoch: 14/24, patient 7/24, mean_loss 0.2016, mean_dice_loss: 0.1796, mean_ce: 0.0220
train >>> fold 1/5, epoch: 14/24, patient 8/24, mean_loss 0.2011, mean_dice_loss: 0.1792, mean_ce: 0.0219
train >>> fold 1/5, epoch: 14/24, patient 9/24, mean_loss 0.2007, mean_dice_loss: 0.1789, mean_ce: 0.0219
train >>> fold 1/5, epoch: 14/24, patient 10/24, mean_loss 0.2004, mean_dice_loss: 0.1785, mean_ce: 0.0218
train >>> fold 1/5, epoch: 14/24, patient 11/24, mean_loss 0.1996, mean_dice_loss: 0.1779, mean_ce: 0.0218
train >>> fold 1/5, epoch: 14/24, patient 12/24, mean_loss 0.1993, mean_dice_loss: 0.1776, mean_ce: 0.0217
train >>> fold 1/5, epoch: 14/24, patient 13/24, mean_loss 0.1988, mean_dice_loss: 0.1771, mean_ce: 0.0217
train >>> fold 1/5, epoch: 14/24, patient 14/24, mean_loss 0.1981, mean_dice_loss: 0.1765, mean_ce: 0.0216
train >>> fold 1/5, epoch: 14/24, patient 15/24, mean_loss 0.1974, mean_dice_loss: 0.1759, mean_ce: 0.0215
train >>> fold 1/5, epoch: 14/24, patient 16/24, mean_loss 0.1972, mean_dice_loss: 0.1757, mean_ce: 0.0215
train >>> fold 1/5, epoch: 14/24, patient 17/24, mean_loss 0.1967, mean_dice_loss: 0.1753, mean_ce: 0.0214
train >>> fold 1/5, epoch: 14/24, patient 18/24, mean_loss 0.1963, mean_dice_loss: 0.1750, mean_ce: 0.0214
train >>> fold 1/5, epoch: 14/24, patient 19/24, mean_loss 0.1958, mean_dice_loss: 0.1745, mean_ce: 0.0213
train >>> fold 1/5, epoch: 14/24, patient 20/24, mean_loss 0.1953, mean_dice_loss: 0.1740, mean_ce: 0.0213
train >>> fold 1/5, epoch: 14/24, patient 21/24, mean_loss 0.1948, mean_dice_loss: 0.1736, mean_ce: 0.0212
train >>> fold 1/5, epoch: 14/24, patient 22/24, mean_loss 0.1945, mean_dice_loss: 0.1733, mean_ce: 0.0212
train >>> fold 1/5, epoch: 14/24, patient 23/24, mean_loss 0.1941, mean_dice_loss: 0.1730, mean_ce: 0.0211
train >>> fold 1/5, epoch: 14/24, patient 24/24, mean_loss 0.1938, mean_dice_loss: 0.1727, mean_ce: 0.0211
valid >>> epoch: 14/24, mean_loss: 0.5719, mean_dice: 0.8555
train >>> fold 1/5, epoch: 15/24, patient 1/24, mean_loss 0.1935, mean_dice_loss: 0.1724, mean_ce: 0.0211
train >>> fold 1/5, epoch: 15/24, patient 2/24, mean_loss 0.1931, mean_dice_loss: 0.1721, mean_ce: 0.0210
train >>> fold 1/5, epoch: 15/24, patient 3/24, mean_loss 0.1928, mean_dice_loss: 0.1718, mean_ce: 0.0210
train >>> fold 1/5, epoch: 15/24, patient 4/24, mean_loss 0.1923, mean_dice_loss: 0.1714, mean_ce: 0.0210
train >>> fold 1/5, epoch: 15/24, patient 5/24, mean_loss 0.1921, mean_dice_loss: 0.1711, mean_ce: 0.0209
train >>> fold 1/5, epoch: 15/24, patient 6/24, mean_loss 0.1916, mean_dice_loss: 0.1707, mean_ce: 0.0209
train >>> fold 1/5, epoch: 15/24, patient 7/24, mean_loss 0.1911, mean_dice_loss: 0.1703, mean_ce: 0.0208
train >>> fold 1/5, epoch: 15/24, patient 8/24, mean_loss 0.1905, mean_dice_loss: 0.1697, mean_ce: 0.0207
train >>> fold 1/5, epoch: 15/24, patient 9/24, mean_loss 0.1901, mean_dice_loss: 0.1694, mean_ce: 0.0207
train >>> fold 1/5, epoch: 15/24, patient 10/24, mean_loss 0.1896, mean_dice_loss: 0.1690, mean_ce: 0.0206
train >>> fold 1/5, epoch: 15/24, patient 11/24, mean_loss 0.1894, mean_dice_loss: 0.1688, mean_ce: 0.0206
train >>> fold 1/5, epoch: 15/24, patient 12/24, mean_loss 0.1889, mean_dice_loss: 0.1684, mean_ce: 0.0206
train >>> fold 1/5, epoch: 15/24, patient 13/24, mean_loss 0.1886, mean_dice_loss: 0.1681, mean_ce: 0.0205
train >>> fold 1/5, epoch: 15/24, patient 14/24, mean_loss 0.1883, mean_dice_loss: 0.1678, mean_ce: 0.0205
train >>> fold 1/5, epoch: 15/24, patient 15/24, mean_loss 0.1879, mean_dice_loss: 0.1674, mean_ce: 0.0204
train >>> fold 1/5, epoch: 15/24, patient 16/24, mean_loss 0.1874, mean_dice_loss: 0.1671, mean_ce: 0.0204
train >>> fold 1/5, epoch: 15/24, patient 17/24, mean_loss 0.1869, mean_dice_loss: 0.1666, mean_ce: 0.0203
train >>> fold 1/5, epoch: 15/24, patient 18/24, mean_loss 0.1864, mean_dice_loss: 0.1662, mean_ce: 0.0203
train >>> fold 1/5, epoch: 15/24, patient 19/24, mean_loss 0.1861, mean_dice_loss: 0.1659, mean_ce: 0.0202
train >>> fold 1/5, epoch: 15/24, patient 20/24, mean_loss 0.1857, mean_dice_loss: 0.1655, mean_ce: 0.0202
train >>> fold 1/5, epoch: 15/24, patient 21/24, mean_loss 0.1851, mean_dice_loss: 0.1649, mean_ce: 0.0201
train >>> fold 1/5, epoch: 15/24, patient 22/24, mean_loss 0.1848, mean_dice_loss: 0.1647, mean_ce: 0.0201
train >>> fold 1/5, epoch: 15/24, patient 23/24, mean_loss 0.1844, mean_dice_loss: 0.1644, mean_ce: 0.0201
train >>> fold 1/5, epoch: 15/24, patient 24/24, mean_loss 0.1838, mean_dice_loss: 0.1639, mean_ce: 0.0200
valid >>> epoch: 15/24, mean_loss: 0.6252, mean_dice: 0.8595
train >>> fold 1/5, epoch: 16/24, patient 1/24, mean_loss 0.1836, mean_dice_loss: 0.1637, mean_ce: 0.0200
train >>> fold 1/5, epoch: 16/24, patient 2/24, mean_loss 0.1833, mean_dice_loss: 0.1634, mean_ce: 0.0199
train >>> fold 1/5, epoch: 16/24, patient 3/24, mean_loss 0.1828, mean_dice_loss: 0.1630, mean_ce: 0.0198
train >>> fold 1/5, epoch: 16/24, patient 4/24, mean_loss 0.1825, mean_dice_loss: 0.1627, mean_ce: 0.0198
train >>> fold 1/5, epoch: 16/24, patient 5/24, mean_loss 0.1821, mean_dice_loss: 0.1623, mean_ce: 0.0198
train >>> fold 1/5, epoch: 16/24, patient 6/24, mean_loss 0.1815, mean_dice_loss: 0.1618, mean_ce: 0.0197
train >>> fold 1/5, epoch: 16/24, patient 7/24, mean_loss 0.1812, mean_dice_loss: 0.1616, mean_ce: 0.0197
train >>> fold 1/5, epoch: 16/24, patient 8/24, mean_loss 0.1810, mean_dice_loss: 0.1613, mean_ce: 0.0196
train >>> fold 1/5, epoch: 16/24, patient 9/24, mean_loss 0.1806, mean_dice_loss: 0.1610, mean_ce: 0.0196
train >>> fold 1/5, epoch: 16/24, patient 10/24, mean_loss 0.1803, mean_dice_loss: 0.1607, mean_ce: 0.0196
train >>> fold 1/5, epoch: 16/24, patient 11/24, mean_loss 0.1799, mean_dice_loss: 0.1604, mean_ce: 0.0195
train >>> fold 1/5, epoch: 16/24, patient 12/24, mean_loss 0.1795, mean_dice_loss: 0.1600, mean_ce: 0.0195
train >>> fold 1/5, epoch: 16/24, patient 13/24, mean_loss 0.1791, mean_dice_loss: 0.1597, mean_ce: 0.0194
train >>> fold 1/5, epoch: 16/24, patient 14/24, mean_loss 0.1788, mean_dice_loss: 0.1594, mean_ce: 0.0194
train >>> fold 1/5, epoch: 16/24, patient 15/24, mean_loss 0.1783, mean_dice_loss: 0.1589, mean_ce: 0.0193
train >>> fold 1/5, epoch: 16/24, patient 16/24, mean_loss 0.1777, mean_dice_loss: 0.1584, mean_ce: 0.0193
train >>> fold 1/5, epoch: 16/24, patient 17/24, mean_loss 0.1774, mean_dice_loss: 0.1582, mean_ce: 0.0192
train >>> fold 1/5, epoch: 16/24, patient 18/24, mean_loss 0.1771, mean_dice_loss: 0.1579, mean_ce: 0.0192
train >>> fold 1/5, epoch: 16/24, patient 19/24, mean_loss 0.1766, mean_dice_loss: 0.1575, mean_ce: 0.0191
train >>> fold 1/5, epoch: 16/24, patient 20/24, mean_loss 0.1763, mean_dice_loss: 0.1572, mean_ce: 0.0191
train >>> fold 1/5, epoch: 16/24, patient 21/24, mean_loss 0.1759, mean_dice_loss: 0.1568, mean_ce: 0.0191
train >>> fold 1/5, epoch: 16/24, patient 22/24, mean_loss 0.1756, mean_dice_loss: 0.1566, mean_ce: 0.0190
train >>> fold 1/5, epoch: 16/24, patient 23/24, mean_loss 0.1754, mean_dice_loss: 0.1564, mean_ce: 0.0190
train >>> fold 1/5, epoch: 16/24, patient 24/24, mean_loss 0.1751, mean_dice_loss: 0.1561, mean_ce: 0.0190
valid >>> epoch: 16/24, mean_loss: 0.6823, mean_dice: 0.8544
train >>> fold 1/5, epoch: 17/24, patient 1/24, mean_loss 0.1746, mean_dice_loss: 0.1557, mean_ce: 0.0189
train >>> fold 1/5, epoch: 17/24, patient 2/24, mean_loss 0.1743, mean_dice_loss: 0.1554, mean_ce: 0.0189
train >>> fold 1/5, epoch: 17/24, patient 3/24, mean_loss 0.1742, mean_dice_loss: 0.1553, mean_ce: 0.0189
train >>> fold 1/5, epoch: 17/24, patient 4/24, mean_loss 0.1737, mean_dice_loss: 0.1549, mean_ce: 0.0188
train >>> fold 1/5, epoch: 17/24, patient 5/24, mean_loss 0.1733, mean_dice_loss: 0.1546, mean_ce: 0.0188
train >>> fold 1/5, epoch: 17/24, patient 6/24, mean_loss 0.1731, mean_dice_loss: 0.1543, mean_ce: 0.0187
train >>> fold 1/5, epoch: 17/24, patient 7/24, mean_loss 0.1728, mean_dice_loss: 0.1541, mean_ce: 0.0187
train >>> fold 1/5, epoch: 17/24, patient 8/24, mean_loss 0.1725, mean_dice_loss: 0.1538, mean_ce: 0.0187
train >>> fold 1/5, epoch: 17/24, patient 9/24, mean_loss 0.1721, mean_dice_loss: 0.1535, mean_ce: 0.0186
train >>> fold 1/5, epoch: 17/24, patient 10/24, mean_loss 0.1719, mean_dice_loss: 0.1533, mean_ce: 0.0186
train >>> fold 1/5, epoch: 17/24, patient 11/24, mean_loss 0.1716, mean_dice_loss: 0.1530, mean_ce: 0.0186
train >>> fold 1/5, epoch: 17/24, patient 12/24, mean_loss 0.1713, mean_dice_loss: 0.1527, mean_ce: 0.0185
train >>> fold 1/5, epoch: 17/24, patient 13/24, mean_loss 0.1710, mean_dice_loss: 0.1525, mean_ce: 0.0185
train >>> fold 1/5, epoch: 17/24, patient 14/24, mean_loss 0.1707, mean_dice_loss: 0.1522, mean_ce: 0.0185
train >>> fold 1/5, epoch: 17/24, patient 15/24, mean_loss 0.1704, mean_dice_loss: 0.1519, mean_ce: 0.0184
train >>> fold 1/5, epoch: 17/24, patient 16/24, mean_loss 0.1700, mean_dice_loss: 0.1516, mean_ce: 0.0184
train >>> fold 1/5, epoch: 17/24, patient 17/24, mean_loss 0.1697, mean_dice_loss: 0.1514, mean_ce: 0.0184
train >>> fold 1/5, epoch: 17/24, patient 18/24, mean_loss 0.1694, mean_dice_loss: 0.1511, mean_ce: 0.0183
train >>> fold 1/5, epoch: 17/24, patient 19/24, mean_loss 0.1689, mean_dice_loss: 0.1506, mean_ce: 0.0183
train >>> fold 1/5, epoch: 17/24, patient 20/24, mean_loss 0.1687, mean_dice_loss: 0.1504, mean_ce: 0.0183
train >>> fold 1/5, epoch: 17/24, patient 21/24, mean_loss 0.1685, mean_dice_loss: 0.1503, mean_ce: 0.0182
train >>> fold 1/5, epoch: 17/24, patient 22/24, mean_loss 0.1683, mean_dice_loss: 0.1500, mean_ce: 0.0182
train >>> fold 1/5, epoch: 17/24, patient 23/24, mean_loss 0.1679, mean_dice_loss: 0.1498, mean_ce: 0.0182
train >>> fold 1/5, epoch: 17/24, patient 24/24, mean_loss 0.1674, mean_dice_loss: 0.1493, mean_ce: 0.0181
valid >>> epoch: 17/24, mean_loss: 0.6488, mean_dice: 0.8483
train >>> fold 1/5, epoch: 18/24, patient 1/24, mean_loss 0.1672, mean_dice_loss: 0.1491, mean_ce: 0.0181
train >>> fold 1/5, epoch: 18/24, patient 2/24, mean_loss 0.1670, mean_dice_loss: 0.1489, mean_ce: 0.0181
train >>> fold 1/5, epoch: 18/24, patient 3/24, mean_loss 0.1668, mean_dice_loss: 0.1487, mean_ce: 0.0181
train >>> fold 1/5, epoch: 18/24, patient 4/24, mean_loss 0.1665, mean_dice_loss: 0.1485, mean_ce: 0.0180
train >>> fold 1/5, epoch: 18/24, patient 5/24, mean_loss 0.1662, mean_dice_loss: 0.1482, mean_ce: 0.0180
train >>> fold 1/5, epoch: 18/24, patient 6/24, mean_loss 0.1659, mean_dice_loss: 0.1479, mean_ce: 0.0180
train >>> fold 1/5, epoch: 18/24, patient 7/24, mean_loss 0.1656, mean_dice_loss: 0.1477, mean_ce: 0.0179
train >>> fold 1/5, epoch: 18/24, patient 8/24, mean_loss 0.1653, mean_dice_loss: 0.1475, mean_ce: 0.0179
train >>> fold 1/5, epoch: 18/24, patient 9/24, mean_loss 0.1649, mean_dice_loss: 0.1470, mean_ce: 0.0178
train >>> fold 1/5, epoch: 18/24, patient 10/24, mean_loss 0.1644, mean_dice_loss: 0.1466, mean_ce: 0.0178
train >>> fold 1/5, epoch: 18/24, patient 11/24, mean_loss 0.1641, mean_dice_loss: 0.1463, mean_ce: 0.0178
train >>> fold 1/5, epoch: 18/24, patient 12/24, mean_loss 0.1638, mean_dice_loss: 0.1461, mean_ce: 0.0177
train >>> fold 1/5, epoch: 18/24, patient 13/24, mean_loss 0.1636, mean_dice_loss: 0.1459, mean_ce: 0.0177
train >>> fold 1/5, epoch: 18/24, patient 14/24, mean_loss 0.1634, mean_dice_loss: 0.1457, mean_ce: 0.0177
train >>> fold 1/5, epoch: 18/24, patient 15/24, mean_loss 0.1630, mean_dice_loss: 0.1454, mean_ce: 0.0176
train >>> fold 1/5, epoch: 18/24, patient 16/24, mean_loss 0.1628, mean_dice_loss: 0.1452, mean_ce: 0.0176
train >>> fold 1/5, epoch: 18/24, patient 17/24, mean_loss 0.1625, mean_dice_loss: 0.1449, mean_ce: 0.0176
train >>> fold 1/5, epoch: 18/24, patient 18/24, mean_loss 0.1621, mean_dice_loss: 0.1446, mean_ce: 0.0175
train >>> fold 1/5, epoch: 18/24, patient 19/24, mean_loss 0.1619, mean_dice_loss: 0.1444, mean_ce: 0.0175
train >>> fold 1/5, epoch: 18/24, patient 20/24, mean_loss 0.1616, mean_dice_loss: 0.1441, mean_ce: 0.0175
train >>> fold 1/5, epoch: 18/24, patient 21/24, mean_loss 0.1614, mean_dice_loss: 0.1439, mean_ce: 0.0174
train >>> fold 1/5, epoch: 18/24, patient 22/24, mean_loss 0.1611, mean_dice_loss: 0.1437, mean_ce: 0.0174
train >>> fold 1/5, epoch: 18/24, patient 23/24, mean_loss 0.1609, mean_dice_loss: 0.1435, mean_ce: 0.0174
train >>> fold 1/5, epoch: 18/24, patient 24/24, mean_loss 0.1605, mean_dice_loss: 0.1432, mean_ce: 0.0173
valid >>> epoch: 18/24, mean_loss: 0.5847, mean_dice: 0.8551
train >>> fold 1/5, epoch: 19/24, patient 1/24, mean_loss 0.1602, mean_dice_loss: 0.1429, mean_ce: 0.0173
train >>> fold 1/5, epoch: 19/24, patient 2/24, mean_loss 0.1598, mean_dice_loss: 0.1426, mean_ce: 0.0173
train >>> fold 1/5, epoch: 19/24, patient 3/24, mean_loss 0.1595, mean_dice_loss: 0.1423, mean_ce: 0.0172
train >>> fold 1/5, epoch: 19/24, patient 4/24, mean_loss 0.1594, mean_dice_loss: 0.1421, mean_ce: 0.0172
train >>> fold 1/5, epoch: 19/24, patient 5/24, mean_loss 0.1592, mean_dice_loss: 0.1420, mean_ce: 0.0172
train >>> fold 1/5, epoch: 19/24, patient 6/24, mean_loss 0.1589, mean_dice_loss: 0.1417, mean_ce: 0.0172
train >>> fold 1/5, epoch: 19/24, patient 7/24, mean_loss 0.1586, mean_dice_loss: 0.1415, mean_ce: 0.0171
train >>> fold 1/5, epoch: 19/24, patient 8/24, mean_loss 0.1584, mean_dice_loss: 0.1413, mean_ce: 0.0171
train >>> fold 1/5, epoch: 19/24, patient 9/24, mean_loss 0.1581, mean_dice_loss: 0.1410, mean_ce: 0.0171
train >>> fold 1/5, epoch: 19/24, patient 10/24, mean_loss 0.1577, mean_dice_loss: 0.1407, mean_ce: 0.0170
train >>> fold 1/5, epoch: 19/24, patient 11/24, mean_loss 0.1575, mean_dice_loss: 0.1405, mean_ce: 0.0170
train >>> fold 1/5, epoch: 19/24, patient 12/24, mean_loss 0.1572, mean_dice_loss: 0.1403, mean_ce: 0.0170
train >>> fold 1/5, epoch: 19/24, patient 13/24, mean_loss 0.1570, mean_dice_loss: 0.1400, mean_ce: 0.0169
train >>> fold 1/5, epoch: 19/24, patient 14/24, mean_loss 0.1569, mean_dice_loss: 0.1399, mean_ce: 0.0169
train >>> fold 1/5, epoch: 19/24, patient 15/24, mean_loss 0.1567, mean_dice_loss: 0.1398, mean_ce: 0.0169
train >>> fold 1/5, epoch: 19/24, patient 16/24, mean_loss 0.1564, mean_dice_loss: 0.1395, mean_ce: 0.0169
train >>> fold 1/5, epoch: 19/24, patient 17/24, mean_loss 0.1562, mean_dice_loss: 0.1393, mean_ce: 0.0169
train >>> fold 1/5, epoch: 19/24, patient 18/24, mean_loss 0.1558, mean_dice_loss: 0.1390, mean_ce: 0.0168
train >>> fold 1/5, epoch: 19/24, patient 19/24, mean_loss 0.1556, mean_dice_loss: 0.1388, mean_ce: 0.0168
train >>> fold 1/5, epoch: 19/24, patient 20/24, mean_loss 0.1552, mean_dice_loss: 0.1384, mean_ce: 0.0168
train >>> fold 1/5, epoch: 19/24, patient 21/24, mean_loss 0.1550, mean_dice_loss: 0.1383, mean_ce: 0.0167
train >>> fold 1/5, epoch: 19/24, patient 22/24, mean_loss 0.1547, mean_dice_loss: 0.1380, mean_ce: 0.0167
train >>> fold 1/5, epoch: 19/24, patient 23/24, mean_loss 0.1546, mean_dice_loss: 0.1379, mean_ce: 0.0167
train >>> fold 1/5, epoch: 19/24, patient 24/24, mean_loss 0.1544, mean_dice_loss: 0.1377, mean_ce: 0.0167
valid >>> epoch: 19/24, mean_loss: 0.4614, mean_dice: 0.8677
train >>> fold 1/5, epoch: 20/24, patient 1/24, mean_loss 0.1541, mean_dice_loss: 0.1374, mean_ce: 0.0166
train >>> fold 1/5, epoch: 20/24, patient 2/24, mean_loss 0.1537, mean_dice_loss: 0.1371, mean_ce: 0.0166
train >>> fold 1/5, epoch: 20/24, patient 3/24, mean_loss 0.1535, mean_dice_loss: 0.1370, mean_ce: 0.0166
train >>> fold 1/5, epoch: 20/24, patient 4/24, mean_loss 0.1533, mean_dice_loss: 0.1368, mean_ce: 0.0165
train >>> fold 1/5, epoch: 20/24, patient 5/24, mean_loss 0.1531, mean_dice_loss: 0.1366, mean_ce: 0.0165
train >>> fold 1/5, epoch: 20/24, patient 6/24, mean_loss 0.1530, mean_dice_loss: 0.1365, mean_ce: 0.0165
train >>> fold 1/5, epoch: 20/24, patient 7/24, mean_loss 0.1527, mean_dice_loss: 0.1362, mean_ce: 0.0165
train >>> fold 1/5, epoch: 20/24, patient 8/24, mean_loss 0.1524, mean_dice_loss: 0.1360, mean_ce: 0.0164
train >>> fold 1/5, epoch: 20/24, patient 9/24, mean_loss 0.1523, mean_dice_loss: 0.1359, mean_ce: 0.0164
train >>> fold 1/5, epoch: 20/24, patient 10/24, mean_loss 0.1521, mean_dice_loss: 0.1357, mean_ce: 0.0164
train >>> fold 1/5, epoch: 20/24, patient 11/24, mean_loss 0.1519, mean_dice_loss: 0.1355, mean_ce: 0.0164
train >>> fold 1/5, epoch: 20/24, patient 12/24, mean_loss 0.1517, mean_dice_loss: 0.1354, mean_ce: 0.0164
train >>> fold 1/5, epoch: 20/24, patient 13/24, mean_loss 0.1514, mean_dice_loss: 0.1351, mean_ce: 0.0163
train >>> fold 1/5, epoch: 20/24, patient 14/24, mean_loss 0.1513, mean_dice_loss: 0.1350, mean_ce: 0.0163
train >>> fold 1/5, epoch: 20/24, patient 15/24, mean_loss 0.1510, mean_dice_loss: 0.1348, mean_ce: 0.0163
train >>> fold 1/5, epoch: 20/24, patient 16/24, mean_loss 0.1507, mean_dice_loss: 0.1345, mean_ce: 0.0162
train >>> fold 1/5, epoch: 20/24, patient 17/24, mean_loss 0.1503, mean_dice_loss: 0.1341, mean_ce: 0.0162
train >>> fold 1/5, epoch: 20/24, patient 18/24, mean_loss 0.1501, mean_dice_loss: 0.1339, mean_ce: 0.0162
train >>> fold 1/5, epoch: 20/24, patient 19/24, mean_loss 0.1499, mean_dice_loss: 0.1338, mean_ce: 0.0161
train >>> fold 1/5, epoch: 20/24, patient 20/24, mean_loss 0.1497, mean_dice_loss: 0.1336, mean_ce: 0.0161
train >>> fold 1/5, epoch: 20/24, patient 21/24, mean_loss 0.1495, mean_dice_loss: 0.1334, mean_ce: 0.0161
train >>> fold 1/5, epoch: 20/24, patient 22/24, mean_loss 0.1492, mean_dice_loss: 0.1331, mean_ce: 0.0161
train >>> fold 1/5, epoch: 20/24, patient 23/24, mean_loss 0.1490, mean_dice_loss: 0.1330, mean_ce: 0.0160
train >>> fold 1/5, epoch: 20/24, patient 24/24, mean_loss 0.1487, mean_dice_loss: 0.1327, mean_ce: 0.0160
valid >>> epoch: 20/24, mean_loss: 0.4990, mean_dice: 0.8693
train >>> fold 1/5, epoch: 21/24, patient 1/24, mean_loss 0.1485, mean_dice_loss: 0.1326, mean_ce: 0.0160
train >>> fold 1/5, epoch: 21/24, patient 2/24, mean_loss 0.1483, mean_dice_loss: 0.1323, mean_ce: 0.0160
train >>> fold 1/5, epoch: 21/24, patient 3/24, mean_loss 0.1481, mean_dice_loss: 0.1322, mean_ce: 0.0159
train >>> fold 1/5, epoch: 21/24, patient 4/24, mean_loss 0.1479, mean_dice_loss: 0.1319, mean_ce: 0.0159
train >>> fold 1/5, epoch: 21/24, patient 5/24, mean_loss 0.1477, mean_dice_loss: 0.1318, mean_ce: 0.0159
train >>> fold 1/5, epoch: 21/24, patient 6/24, mean_loss 0.1474, mean_dice_loss: 0.1316, mean_ce: 0.0159
train >>> fold 1/5, epoch: 21/24, patient 7/24, mean_loss 0.1473, mean_dice_loss: 0.1314, mean_ce: 0.0159
train >>> fold 1/5, epoch: 21/24, patient 8/24, mean_loss 0.1470, mean_dice_loss: 0.1311, mean_ce: 0.0158
train >>> fold 1/5, epoch: 21/24, patient 9/24, mean_loss 0.1467, mean_dice_loss: 0.1309, mean_ce: 0.0158
train >>> fold 1/5, epoch: 21/24, patient 10/24, mean_loss 0.1465, mean_dice_loss: 0.1308, mean_ce: 0.0158
train >>> fold 1/5, epoch: 21/24, patient 11/24, mean_loss 0.1463, mean_dice_loss: 0.1305, mean_ce: 0.0157
train >>> fold 1/5, epoch: 21/24, patient 12/24, mean_loss 0.1460, mean_dice_loss: 0.1303, mean_ce: 0.0157
train >>> fold 1/5, epoch: 21/24, patient 13/24, mean_loss 0.1459, mean_dice_loss: 0.1302, mean_ce: 0.0157
train >>> fold 1/5, epoch: 21/24, patient 14/24, mean_loss 0.1456, mean_dice_loss: 0.1299, mean_ce: 0.0157
train >>> fold 1/5, epoch: 21/24, patient 15/24, mean_loss 0.1454, mean_dice_loss: 0.1298, mean_ce: 0.0156
train >>> fold 1/5, epoch: 21/24, patient 16/24, mean_loss 0.1453, mean_dice_loss: 0.1296, mean_ce: 0.0156
train >>> fold 1/5, epoch: 21/24, patient 17/24, mean_loss 0.1452, mean_dice_loss: 0.1296, mean_ce: 0.0156
train >>> fold 1/5, epoch: 21/24, patient 18/24, mean_loss 0.1450, mean_dice_loss: 0.1294, mean_ce: 0.0156
train >>> fold 1/5, epoch: 21/24, patient 19/24, mean_loss 0.1448, mean_dice_loss: 0.1292, mean_ce: 0.0156
train >>> fold 1/5, epoch: 21/24, patient 20/24, mean_loss 0.1447, mean_dice_loss: 0.1291, mean_ce: 0.0156
train >>> fold 1/5, epoch: 21/24, patient 21/24, mean_loss 0.1444, mean_dice_loss: 0.1288, mean_ce: 0.0155
train >>> fold 1/5, epoch: 21/24, patient 22/24, mean_loss 0.1442, mean_dice_loss: 0.1287, mean_ce: 0.0155
train >>> fold 1/5, epoch: 21/24, patient 23/24, mean_loss 0.1440, mean_dice_loss: 0.1285, mean_ce: 0.0155
train >>> fold 1/5, epoch: 21/24, patient 24/24, mean_loss 0.1438, mean_dice_loss: 0.1283, mean_ce: 0.0155
valid >>> epoch: 21/24, mean_loss: 0.4915, mean_dice: 0.8584
train >>> fold 1/5, epoch: 22/24, patient 1/24, mean_loss 0.1436, mean_dice_loss: 0.1282, mean_ce: 0.0154
train >>> fold 1/5, epoch: 22/24, patient 2/24, mean_loss 0.1434, mean_dice_loss: 0.1279, mean_ce: 0.0154
train >>> fold 1/5, epoch: 22/24, patient 3/24, mean_loss 0.1431, mean_dice_loss: 0.1277, mean_ce: 0.0154
train >>> fold 1/5, epoch: 22/24, patient 4/24, mean_loss 0.1428, mean_dice_loss: 0.1274, mean_ce: 0.0154
train >>> fold 1/5, epoch: 22/24, patient 5/24, mean_loss 0.1426, mean_dice_loss: 0.1272, mean_ce: 0.0153
train >>> fold 1/5, epoch: 22/24, patient 6/24, mean_loss 0.1424, mean_dice_loss: 0.1271, mean_ce: 0.0153
train >>> fold 1/5, epoch: 22/24, patient 7/24, mean_loss 0.1422, mean_dice_loss: 0.1269, mean_ce: 0.0153
train >>> fold 1/5, epoch: 22/24, patient 8/24, mean_loss 0.1420, mean_dice_loss: 0.1267, mean_ce: 0.0153
train >>> fold 1/5, epoch: 22/24, patient 9/24, mean_loss 0.1418, mean_dice_loss: 0.1266, mean_ce: 0.0152
train >>> fold 1/5, epoch: 22/24, patient 10/24, mean_loss 0.1416, mean_dice_loss: 0.1264, mean_ce: 0.0152
train >>> fold 1/5, epoch: 22/24, patient 11/24, mean_loss 0.1415, mean_dice_loss: 0.1263, mean_ce: 0.0152
train >>> fold 1/5, epoch: 22/24, patient 12/24, mean_loss 0.1413, mean_dice_loss: 0.1262, mean_ce: 0.0152
train >>> fold 1/5, epoch: 22/24, patient 13/24, mean_loss 0.1411, mean_dice_loss: 0.1260, mean_ce: 0.0152
train >>> fold 1/5, epoch: 22/24, patient 14/24, mean_loss 0.1409, mean_dice_loss: 0.1258, mean_ce: 0.0151
train >>> fold 1/5, epoch: 22/24, patient 15/24, mean_loss 0.1408, mean_dice_loss: 0.1257, mean_ce: 0.0151
train >>> fold 1/5, epoch: 22/24, patient 16/24, mean_loss 0.1407, mean_dice_loss: 0.1255, mean_ce: 0.0151
train >>> fold 1/5, epoch: 22/24, patient 17/24, mean_loss 0.1404, mean_dice_loss: 0.1253, mean_ce: 0.0151
train >>> fold 1/5, epoch: 22/24, patient 18/24, mean_loss 0.1401, mean_dice_loss: 0.1250, mean_ce: 0.0151
train >>> fold 1/5, epoch: 22/24, patient 19/24, mean_loss 0.1399, mean_dice_loss: 0.1249, mean_ce: 0.0150
train >>> fold 1/5, epoch: 22/24, patient 20/24, mean_loss 0.1398, mean_dice_loss: 0.1247, mean_ce: 0.0150
train >>> fold 1/5, epoch: 22/24, patient 21/24, mean_loss 0.1397, mean_dice_loss: 0.1247, mean_ce: 0.0150
train >>> fold 1/5, epoch: 22/24, patient 22/24, mean_loss 0.1396, mean_dice_loss: 0.1246, mean_ce: 0.0150
train >>> fold 1/5, epoch: 22/24, patient 23/24, mean_loss 0.1393, mean_dice_loss: 0.1244, mean_ce: 0.0150
train >>> fold 1/5, epoch: 22/24, patient 24/24, mean_loss 0.1392, mean_dice_loss: 0.1242, mean_ce: 0.0149
valid >>> epoch: 22/24, mean_loss: 0.3526, mean_dice: 0.8808
train >>> fold 1/5, epoch: 23/24, patient 1/24, mean_loss 0.1390, mean_dice_loss: 0.1241, mean_ce: 0.0149
train >>> fold 1/5, epoch: 23/24, patient 2/24, mean_loss 0.1388, mean_dice_loss: 0.1239, mean_ce: 0.0149
train >>> fold 1/5, epoch: 23/24, patient 3/24, mean_loss 0.1387, mean_dice_loss: 0.1238, mean_ce: 0.0149
train >>> fold 1/5, epoch: 23/24, patient 4/24, mean_loss 0.1385, mean_dice_loss: 0.1236, mean_ce: 0.0149
train >>> fold 1/5, epoch: 23/24, patient 5/24, mean_loss 0.1383, mean_dice_loss: 0.1234, mean_ce: 0.0148
train >>> fold 1/5, epoch: 23/24, patient 6/24, mean_loss 0.1380, mean_dice_loss: 0.1232, mean_ce: 0.0148
train >>> fold 1/5, epoch: 23/24, patient 7/24, mean_loss 0.1379, mean_dice_loss: 0.1231, mean_ce: 0.0148
train >>> fold 1/5, epoch: 23/24, patient 8/24, mean_loss 0.1377, mean_dice_loss: 0.1229, mean_ce: 0.0148
train >>> fold 1/5, epoch: 23/24, patient 9/24, mean_loss 0.1376, mean_dice_loss: 0.1228, mean_ce: 0.0148
train >>> fold 1/5, epoch: 23/24, patient 10/24, mean_loss 0.1374, mean_dice_loss: 0.1227, mean_ce: 0.0147
train >>> fold 1/5, epoch: 23/24, patient 11/24, mean_loss 0.1372, mean_dice_loss: 0.1225, mean_ce: 0.0147
train >>> fold 1/5, epoch: 23/24, patient 12/24, mean_loss 0.1371, mean_dice_loss: 0.1224, mean_ce: 0.0147
train >>> fold 1/5, epoch: 23/24, patient 13/24, mean_loss 0.1369, mean_dice_loss: 0.1222, mean_ce: 0.0147
train >>> fold 1/5, epoch: 23/24, patient 14/24, mean_loss 0.1366, mean_dice_loss: 0.1220, mean_ce: 0.0147
train >>> fold 1/5, epoch: 23/24, patient 15/24, mean_loss 0.1365, mean_dice_loss: 0.1219, mean_ce: 0.0146
train >>> fold 1/5, epoch: 23/24, patient 16/24, mean_loss 0.1364, mean_dice_loss: 0.1218, mean_ce: 0.0146
train >>> fold 1/5, epoch: 23/24, patient 17/24, mean_loss 0.1362, mean_dice_loss: 0.1216, mean_ce: 0.0146
train >>> fold 1/5, epoch: 23/24, patient 18/24, mean_loss 0.1361, mean_dice_loss: 0.1215, mean_ce: 0.0146
train >>> fold 1/5, epoch: 23/24, patient 19/24, mean_loss 0.1360, mean_dice_loss: 0.1214, mean_ce: 0.0146
train >>> fold 1/5, epoch: 23/24, patient 20/24, mean_loss 0.1357, mean_dice_loss: 0.1212, mean_ce: 0.0146
train >>> fold 1/5, epoch: 23/24, patient 21/24, mean_loss 0.1355, mean_dice_loss: 0.1210, mean_ce: 0.0145
train >>> fold 1/5, epoch: 23/24, patient 22/24, mean_loss 0.1354, mean_dice_loss: 0.1209, mean_ce: 0.0145
train >>> fold 1/5, epoch: 23/24, patient 23/24, mean_loss 0.1352, mean_dice_loss: 0.1207, mean_ce: 0.0145
train >>> fold 1/5, epoch: 23/24, patient 24/24, mean_loss 0.1351, mean_dice_loss: 0.1206, mean_ce: 0.0145
valid >>> epoch: 23/24, mean_loss: 0.7110, mean_dice: 0.8624
train >>> fold 1/5, epoch: 24/24, patient 1/24, mean_loss 0.1349, mean_dice_loss: 0.1204, mean_ce: 0.0145
train >>> fold 1/5, epoch: 24/24, patient 2/24, mean_loss 0.1346, mean_dice_loss: 0.1202, mean_ce: 0.0144
train >>> fold 1/5, epoch: 24/24, patient 3/24, mean_loss 0.1344, mean_dice_loss: 0.1200, mean_ce: 0.0144
train >>> fold 1/5, epoch: 24/24, patient 4/24, mean_loss 0.1343, mean_dice_loss: 0.1199, mean_ce: 0.0144
train >>> fold 1/5, epoch: 24/24, patient 5/24, mean_loss 0.1342, mean_dice_loss: 0.1198, mean_ce: 0.0144
train >>> fold 1/5, epoch: 24/24, patient 6/24, mean_loss 0.1340, mean_dice_loss: 0.1196, mean_ce: 0.0144
train >>> fold 1/5, epoch: 24/24, patient 7/24, mean_loss 0.1337, mean_dice_loss: 0.1193, mean_ce: 0.0143
train >>> fold 1/5, epoch: 24/24, patient 8/24, mean_loss 0.1335, mean_dice_loss: 0.1192, mean_ce: 0.0143
train >>> fold 1/5, epoch: 24/24, patient 9/24, mean_loss 0.1333, mean_dice_loss: 0.1191, mean_ce: 0.0143
train >>> fold 1/5, epoch: 24/24, patient 10/24, mean_loss 0.1332, mean_dice_loss: 0.1189, mean_ce: 0.0143
train >>> fold 1/5, epoch: 24/24, patient 11/24, mean_loss 0.1331, mean_dice_loss: 0.1188, mean_ce: 0.0143
train >>> fold 1/5, epoch: 24/24, patient 12/24, mean_loss 0.1331, mean_dice_loss: 0.1188, mean_ce: 0.0143
train >>> fold 1/5, epoch: 24/24, patient 13/24, mean_loss 0.1330, mean_dice_loss: 0.1187, mean_ce: 0.0143
train >>> fold 1/5, epoch: 24/24, patient 14/24, mean_loss 0.1328, mean_dice_loss: 0.1186, mean_ce: 0.0142
train >>> fold 1/5, epoch: 24/24, patient 15/24, mean_loss 0.1327, mean_dice_loss: 0.1185, mean_ce: 0.0142
train >>> fold 1/5, epoch: 24/24, patient 16/24, mean_loss 0.1325, mean_dice_loss: 0.1183, mean_ce: 0.0142
train >>> fold 1/5, epoch: 24/24, patient 17/24, mean_loss 0.1323, mean_dice_loss: 0.1181, mean_ce: 0.0142
train >>> fold 1/5, epoch: 24/24, patient 18/24, mean_loss 0.1321, mean_dice_loss: 0.1179, mean_ce: 0.0141
train >>> fold 1/5, epoch: 24/24, patient 19/24, mean_loss 0.1320, mean_dice_loss: 0.1178, mean_ce: 0.0141
train >>> fold 1/5, epoch: 24/24, patient 20/24, mean_loss 0.1319, mean_dice_loss: 0.1177, mean_ce: 0.0141
train >>> fold 1/5, epoch: 24/24, patient 21/24, mean_loss 0.1317, mean_dice_loss: 0.1176, mean_ce: 0.0141
train >>> fold 1/5, epoch: 24/24, patient 22/24, mean_loss 0.1315, mean_dice_loss: 0.1175, mean_ce: 0.0141
train >>> fold 1/5, epoch: 24/24, patient 23/24, mean_loss 0.1314, mean_dice_loss: 0.1173, mean_ce: 0.0141
train >>> fold 1/5, epoch: 24/24, patient 24/24, mean_loss 0.1313, mean_dice_loss: 0.1172, mean_ce: 0.0141
valid >>> epoch: 24/24, mean_loss: 0.7922, mean_dice: 0.8241
executing fold 2/5
training patients  ['0002' '0003' '0004' '0006' '0007' '0008' '0009' '0010' '0021' '0022'
 '0024' '0025' '0026' '0028' '0029' '0030' '0031' '0032' '0033' '0034'
 '0036' '0037' '0038' '0040']
validation patients  ['0001' '0005' '0023' '0027' '0035' '0039']
