2020-03-20-01-24-50
train.py
--------------------------------------------------------------------------------------------------------------------
batchSize: 32
bottleneckFeatures: 1
brightness: None
contrast: None
cropSize: None
dir_lf: D:\Data\cs-8395-dl
dir_project: ..
encoder: resnet34
epoch: 400
folderData: assignment3\Training
folderPartition: train_test_org
lossWeight: [0.2, 0.8]
loss_weights: None
lr: 0.001
overrideLR: 1
path_kfold: D:\Projects\cs-8395-dl\Assignment_3_segmentation\partition\kfold_5.bin
resize: None
resume_from: None
to_ram: 0
--------------------------------------------------------------------------------------------------------------------
creating directory to save model at D:\Data\cs-8395-dl\model\2020-03-20-01-24-50
train >>> epoch: 0/400, mean_loss 76.2076, mean_dice: 1.6656, mean_ce: 95.6759
updating weights
train >>> epoch: 0/400, mean_loss 71.2233, mean_dice: 0.5605, mean_ce: 89.1693
updating weights
train >>> epoch: 0/400, mean_loss 16.2753, mean_dice: 0.4201, mean_ce: 20.4491
updating weights
