2020-03-23-02-49-26
train.py
--------------------------------------------------------------------------------------------------------------------
batchSize: 8
bottleneckFeatures: 0
brightness: None
contrast: None
cropSize: None
dir_lf: D:\Data\cs-8395-dl
dir_project: ..
encoder: dpn92
epoch: 5
extract_spleen: False
folderData: assignment3\Training
folderPartition: train_test_org
lossWeight: [0.3, 0.7]
loss_weights: None
lr: 1e-05
msg: None
overrideLR: 1
path_kfold: D:\Projects\cs-8395-dl\Assignment_3_segmentation\partition\kfold_5.bin
resize: None
resume_from: None
resume_training: None
to_ram: 0
--------------------------------------------------------------------------------------------------------------------
creating directory to save model at D:\Data\cs-8395-dl\model\2020-03-23-02-49-26
executing fold 1/5
training patients  ['0001' '0002' '0003' '0004' '0005' '0006' '0007' '0008' '0021' '0022'
 '0023' '0024' '0025' '0027' '0029' '0030' '0031' '0032' '0033' '0035'
 '0036' '0037' '0039' '0040']
validation patients  ['0009' '0010' '0026' '0028' '0034' '0038']
