2020-03-24-21-01-12
train.py
--------------------------------------------------------------------------------------------------------------------
axis: axial
batchSize: 12
bottleneckFeatures: 0
brightness: None
contrast: None
cropSize: None
dir_lf: E:\Data\cs-8395-dl
dir_project: ..
encoder: dpn68
epoch: 24
extract_spleen: False
folderData: assignment3\Training
folderPartition: train_test_org
lossWeight: [0.3, 0.7]
lr: 0.0001
msg: None
overrideLR: 1
path_kfold: D:\Projects\cs-8395-dl\Assignment_3_segmentation\partition\kfold_5.bin
resize: None
resume_from: None
to_ram: 0
--------------------------------------------------------------------------------------------------------------------
creating directory to save model at E:\Data\cs-8395-dl\model\2020-03-24-21-01-12
executing fold 1/5
training patients  ['0001' '0002' '0003' '0004' '0005' '0006' '0007' '0008' '0021' '0022'
 '0023' '0024' '0025' '0027' '0029' '0030' '0031' '0032' '0033' '0035'
 '0036' '0037' '0039' '0040']
validation patients  ['0009' '0010' '0026' '0028' '0034' '0038']
train samples 24
validation samples 6
tensor([1, 0, 0, 0, 0, 0, 0, 0, 0, 1, 0, 0], device='cuda:0')
tensor([[0.4657, 0.4598],
        [0.5088, 0.3922],
        [0.4439, 0.4468],
        [0.4612, 0.4299],
        [0.4630, 0.4407],
        [0.4593, 0.4868],
        [0.4925, 0.4037],
        [0.4604, 0.4409],
        [0.5218, 0.4027],
        [0.4642, 0.4363],
        [0.4466, 0.4218],
        [0.4820, 0.4148]], device='cuda:0', grad_fn=<SigmoidBackward>)
tensor(0.6468, device='cuda:0', grad_fn=<NllLossBackward>)
tensor([0, 1, 0, 0, 0, 0, 1, 0, 0, 1, 0, 0], device='cuda:0')
tensor([[0.4968, 0.3916],
        [0.3530, 0.5641],
        [0.4222, 0.4724],
        [0.6406, 0.2936],
        [0.5197, 0.3719],
        [0.5854, 0.3093],
        [0.4195, 0.5182],
        [0.5699, 0.3507],
        [0.4857, 0.4569],
        [0.3618, 0.5553],
        [0.5718, 0.3420],
        [0.4795, 0.3633]], device='cuda:0', grad_fn=<SigmoidBackward>)
tensor(0.4317, device='cuda:0', grad_fn=<NllLossBackward>)
tensor([0, 0, 0, 0, 0, 1, 0, 1, 0, 0, 0, 0], device='cuda:0')
tensor([[0.7088, 0.1924],
        [0.5593, 0.3264],
        [0.3612, 0.5522],
        [0.5332, 0.3351],
        [0.5318, 0.3719],
        [0.2259, 0.7013],
        [0.6816, 0.2682],
        [0.2259, 0.7013],
        [0.5339, 0.3811],
        [0.4940, 0.4229],
        [0.6306, 0.3063],
        [0.6555, 0.2660]], device='cuda:0', grad_fn=<SigmoidBackward>)
tensor(0.3040, device='cuda:0', grad_fn=<NllLossBackward>)
tensor([1, 1, 0, 0, 0, 1, 0, 1, 1, 0, 0, 1], device='cuda:0')
tensor([[0.1344, 0.8234],
        [0.2586, 0.7049],
        [0.8239, 0.1301],
        [0.8153, 0.1319],
        [0.7643, 0.1648],
        [0.3273, 0.6010],
        [0.7838, 0.1374],
        [0.3273, 0.6010],
        [0.3273, 0.6010],
        [0.7015, 0.1982],
        [0.6771, 0.2435],
        [0.3697, 0.4849]], device='cuda:0', grad_fn=<SigmoidBackward>)
tensor(0.1947, device='cuda:0', grad_fn=<NllLossBackward>)
tensor([0, 0, 0, 0, 0, 0, 1, 0, 0, 1, 1, 1], device='cuda:0')
tensor([[0.6412, 0.2834],
        [0.6908, 0.2188],
        [0.7550, 0.1855],
        [0.7182, 0.1876],
        [0.5493, 0.2804],
        [0.6177, 0.3090],
        [0.1930, 0.7856],
        [0.7950, 0.1299],
        [0.7800, 0.1535],
        [0.3735, 0.5431],
        [0.1829, 0.7391],
        [0.1615, 0.8300]], device='cuda:0', grad_fn=<SigmoidBackward>)
tensor(0.1413, device='cuda:0', grad_fn=<NllLossBackward>)
tensor([0, 0, 0, 1, 0, 0, 0, 0, 0, 0, 1, 0], device='cuda:0')
tensor([[0.8467, 0.1069],
        [0.7549, 0.1584],
        [0.7073, 0.1756],
        [0.1059, 0.8834],
        [0.6143, 0.2840],
        [0.3294, 0.5991],
        [0.8467, 0.1069],
        [0.5483, 0.3683],
        [0.6263, 0.2658],
        [0.6680, 0.2252],
        [0.0651, 0.9376],
        [0.5179, 0.3466]], device='cuda:0', grad_fn=<SigmoidBackward>)
tensor(0.2030, device='cuda:0', grad_fn=<NllLossBackward>)
tensor([1, 1, 1, 1, 0, 0, 0, 1, 0, 0, 0, 0], device='cuda:0')
tensor([[0.2548, 0.6739],
        [0.1518, 0.8245],
        [0.0900, 0.8689],
        [0.1797, 0.7705],
        [0.9074, 0.0637],
        [0.7426, 0.1495],
        [0.8562, 0.0946],
        [0.2548, 0.6739],
        [0.8562, 0.0946],
        [0.6599, 0.2391],
        [0.8662, 0.0896],
        [0.7258, 0.2151]], device='cuda:0', grad_fn=<SigmoidBackward>)
tensor(0.0722, device='cuda:0', grad_fn=<NllLossBackward>)
tensor([0, 0, 1, 1, 0, 1, 0, 0, 0, 0, 0, 0], device='cuda:0')
tensor([[0.7221, 0.2194],
        [0.6882, 0.2291],
        [0.0912, 0.8922],
        [0.1384, 0.8215],
        [0.8487, 0.0869],
        [0.0275, 0.9706],
        [0.7556, 0.1850],
        [0.7556, 0.1850],
        [0.7796, 0.1632],
        [0.7977, 0.1172],
        [0.7933, 0.1168],
        [0.7593, 0.1534]], device='cuda:0', grad_fn=<SigmoidBackward>)
tensor(0.0421, device='cuda:0', grad_fn=<NllLossBackward>)
tensor([0, 0, 0], device='cuda:0')
tensor([[0.5793, 0.3438],
        [0.7972, 0.1511],
        [0.2746, 0.6201]], device='cuda:0', grad_fn=<SigmoidBackward>)
tensor(0.6790, device='cuda:0', grad_fn=<NllLossBackward>)
train >>> fold 1/5, epoch: 1/24, patient 1/24, mean_loss 0.3016, mean_acc 0.8981
tensor([1, 0, 0, 1, 0, 0, 0, 0, 1, 0, 0, 0], device='cuda:0')
tensor([[0.1482, 0.8206],
        [0.7382, 0.1790],
        [0.7988, 0.1357],
        [0.2473, 0.6924],
        [0.8254, 0.1428],
        [0.8024, 0.1409],
        [0.7542, 0.1709],
        [0.3384, 0.5672],
        [0.1837, 0.7563],
        [0.8147, 0.1273],
        [0.6440, 0.2299],
        [0.5846, 0.3274]], device='cuda:0', grad_fn=<SigmoidBackward>)
tensor(0.1609, device='cuda:0', grad_fn=<NllLossBackward>)
tensor([0, 0, 0, 0, 0, 0, 0, 0, 0, 0, 0, 0], device='cuda:0')
tensor([[0.5921, 0.2842],
        [0.6104, 0.3387],
        [0.7541, 0.1368],
        [0.5935, 0.3582],
        [0.6896, 0.2458],
        [0.6305, 0.3337],
        [0.1625, 0.7634],
        [0.6343, 0.2982],
        [0.7167, 0.2139],
        [0.7132, 0.1737],
        [0.6698, 0.2315],
        [0.2350, 0.7203]], device='cuda:0', grad_fn=<SigmoidBackward>)
tensor(0.5785, device='cuda:0', grad_fn=<NllLossBackward>)
tensor([0, 1, 1, 0, 0, 0, 0, 0, 1, 1, 1, 1], device='cuda:0')
tensor([[0.6887, 0.2230],
        [0.4057, 0.4596],
        [0.4642, 0.4298],
        [0.8273, 0.1451],
        [0.7623, 0.1794],
        [0.8317, 0.0998],
        [0.8273, 0.1451],
        [0.8632, 0.1064],
        [0.4057, 0.4596],
        [0.2134, 0.7225],
        [0.2818, 0.6544],
        [0.4642, 0.4298]], device='cuda:0', grad_fn=<SigmoidBackward>)
tensor(0.3645, device='cuda:0', grad_fn=<NllLossBackward>)
tensor([0, 0, 0, 0, 0, 1, 0, 1, 0, 0, 0, 0], device='cuda:0')
tensor([[0.7366, 0.2199],
        [0.7311, 0.2289],
        [0.6213, 0.3016],
        [0.7395, 0.2094],
        [0.6937, 0.2179],
        [0.2108, 0.7229],
        [0.6549, 0.2188],
        [0.2944, 0.6152],
        [0.6078, 0.3269],
        [0.6703, 0.2093],
        [0.6484, 0.2598],
        [0.6529, 0.2658]], device='cuda:0', grad_fn=<SigmoidBackward>)
tensor(0.1561, device='cuda:0', grad_fn=<NllLossBackward>)
tensor([0, 0, 0, 0, 0, 0, 0, 0, 0, 0, 0, 0], device='cuda:0')
tensor([[0.7561, 0.1876],
        [0.5385, 0.3851],
        [0.6457, 0.2875],
        [0.6656, 0.2633],
        [0.7241, 0.2147],
        [0.5484, 0.3603],
        [0.6937, 0.1941],
        [0.6155, 0.2888],
        [0.3367, 0.5455],
        [0.5202, 0.3735],
        [0.5098, 0.3869],
        [0.6945, 0.2350]], device='cuda:0', grad_fn=<SigmoidBackward>)
tensor(0.3272, device='cuda:0', grad_fn=<NllLossBackward>)
tensor([0, 0, 0, 0, 0, 0, 0, 0, 0, 1, 0, 0], device='cuda:0')
tensor([[0.6491, 0.2600],
        [0.6123, 0.2938],
        [0.7770, 0.1615],
        [0.6447, 0.2608],
        [0.6041, 0.3348],
        [0.7441, 0.1919],
        [0.6796, 0.2960],
        [0.7595, 0.1743],
        [0.7021, 0.2386],
        [0.1037, 0.8390],
        [0.6387, 0.2772],
        [0.6412, 0.2257]], device='cuda:0', grad_fn=<SigmoidBackward>)
tensor(0.1329, device='cuda:0', grad_fn=<NllLossBackward>)
tensor([0, 1, 1, 0, 0, 0, 1, 1, 0, 1, 0, 0], device='cuda:0')
tensor([[0.9187, 0.0554],
        [0.3231, 0.5930],
        [0.1680, 0.7919],
        [0.8415, 0.0935],
        [0.8162, 0.1399],
        [0.8521, 0.1324],
        [0.1293, 0.8276],
        [0.3903, 0.5078],
        [0.8585, 0.0890],
        [0.4182, 0.4702],
        [0.8345, 0.0981],
        [0.8511, 0.1027]], device='cuda:0', grad_fn=<SigmoidBackward>)
tensor(0.1879, device='cuda:0', grad_fn=<NllLossBackward>)
tensor([0, 0, 0, 0, 0, 0, 0, 1, 0, 1, 0, 0], device='cuda:0')
tensor([[0.7608, 0.1649],
        [0.7069, 0.1901],
        [0.7403, 0.1631],
        [0.7869, 0.1611],
        [0.8263, 0.1140],
        [0.8031, 0.1396],
        [0.8031, 0.1396],
        [0.1398, 0.8163],
        [0.7303, 0.2110],
        [0.0631, 0.9222],
        [0.6853, 0.2881],
        [0.8030, 0.1376]], device='cuda:0', grad_fn=<SigmoidBackward>)
tensor(0.0528, device='cuda:0', grad_fn=<NllLossBackward>)
tensor([1, 0, 0, 0, 1, 0, 1, 1, 0, 0, 1, 0], device='cuda:0')
tensor([[0.7007, 0.2346],
        [0.9318, 0.0478],
        [0.8695, 0.0864],
        [0.9542, 0.0302],
        [0.1127, 0.8504],
        [0.5731, 0.2818],
        [0.2017, 0.7435],
        [0.2707, 0.6486],
        [0.8725, 0.0901],
        [0.8607, 0.0934],
        [0.2482, 0.6808],
        [0.8594, 0.1016]], device='cuda:0', grad_fn=<SigmoidBackward>)
tensor(0.3410, device='cuda:0', grad_fn=<NllLossBackward>)
tensor([0, 0, 0, 0, 0, 0, 0, 0, 0, 0, 1, 0], device='cuda:0')
tensor([[0.7497, 0.1927],
        [0.7363, 0.2155],
        [0.6908, 0.2453],
        [0.7720, 0.1613],
        [0.6684, 0.2625],
        [0.6666, 0.2280],
        [0.7502, 0.1705],
        [0.7983, 0.1331],
        [0.7494, 0.1756],
        [0.7809, 0.2041],
        [0.0302, 0.9581],
        [0.7798, 0.1220]], device='cuda:0', grad_fn=<SigmoidBackward>)
tensor(0.0710, device='cuda:0', grad_fn=<NllLossBackward>)
tensor([0, 0, 0, 0, 0, 0, 0, 0, 0, 0, 0, 0], device='cuda:0')
tensor([[0.7497, 0.1722],
        [0.5053, 0.3758],
        [0.6351, 0.3280],
        [0.6308, 0.2367],
        [0.5483, 0.3888],
        [0.7985, 0.1495],
        [0.6334, 0.3102],
        [0.7509, 0.1793],
        [0.6962, 0.2300],
        [0.6438, 0.2575],
        [0.5290, 0.3570],
        [0.7264, 0.2002]], device='cuda:0', grad_fn=<SigmoidBackward>)
tensor(0.2084, device='cuda:0', grad_fn=<NllLossBackward>)
tensor([0, 1, 0, 0, 0, 0, 0, 0, 0, 0, 0, 0], device='cuda:0')
tensor([[0.8434, 0.0882],
        [0.0276, 0.9644],
        [0.8184, 0.1390],
        [0.9046, 0.0500],
        [0.5276, 0.3899],
        [0.8261, 0.1008],
        [0.7618, 0.1935],
        [0.4836, 0.4369],
        [0.8491, 0.0898],
        [0.7170, 0.2314],
        [0.7147, 0.2391],
        [0.7035, 0.2511]], device='cuda:0', grad_fn=<SigmoidBackward>)
tensor(0.1194, device='cuda:0', grad_fn=<NllLossBackward>)
tensor([1, 0, 0, 0, 0, 0, 1, 0, 1, 0, 0, 0], device='cuda:0')
tensor([[0.0728, 0.9269],
        [0.9060, 0.0612],
        [0.9291, 0.0498],
        [0.9030, 0.0516],
        [0.7892, 0.1410],
        [0.9424, 0.0295],
        [0.0667, 0.9222],
        [0.7524, 0.1803],
        [0.0658, 0.9208],
        [0.9083, 0.0632],
        [0.8197, 0.1238],
        [0.8913, 0.0655]], device='cuda:0', grad_fn=<SigmoidBackward>)
tensor(0.0137, device='cuda:0', grad_fn=<NllLossBackward>)
tensor([1, 0, 0, 0, 0, 0, 0, 1, 0, 0, 0, 0], device='cuda:0')
tensor([[0.0525, 0.9365],
        [0.8196, 0.1010],
        [0.8482, 0.1054],
        [0.6992, 0.2123],
        [0.8087, 0.1276],
        [0.8813, 0.0860],
        [0.8717, 0.0844],
        [0.0575, 0.9276],
        [0.8914, 0.0809],
        [0.7957, 0.1373],
        [0.8053, 0.1385],
        [0.8644, 0.0934]], device='cuda:0', grad_fn=<SigmoidBackward>)
tensor(0.0232, device='cuda:0', grad_fn=<NllLossBackward>)
tensor([1, 0, 0, 0, 0, 0, 0, 0, 0, 0, 0, 0], device='cuda:0')
tensor([[0.0329, 0.9637],
        [0.6802, 0.2338],
        [0.7983, 0.1569],
        [0.7225, 0.1880],
        [0.6887, 0.2213],
        [0.7818, 0.1602],
        [0.9147, 0.0581],
        [0.6611, 0.2530],
        [0.7239, 0.1832],
        [0.8422, 0.1140],
        [0.8864, 0.0662],
        [0.6722, 0.2396]], device='cuda:0', grad_fn=<SigmoidBackward>)
tensor(0.0649, device='cuda:0', grad_fn=<NllLossBackward>)
tensor([0, 0, 0, 0, 0, 0, 0, 0, 0, 0, 0, 0], device='cuda:0')
tensor([[0.6746, 0.2210],
        [0.6396, 0.2657],
        [0.6908, 0.1972],
        [0.8314, 0.1278],
        [0.7582, 0.2038],
        [0.8230, 0.1329],
        [0.1323, 0.7850],
        [0.8314, 0.1278],
        [0.8355, 0.1156],
        [0.7433, 0.1971],
        [0.6396, 0.2657],
        [0.7654, 0.1732]], device='cuda:0', grad_fn=<SigmoidBackward>)
tensor(0.3466, device='cuda:0', grad_fn=<NllLossBackward>)
tensor([0, 0, 1], device='cuda:0')
tensor([[0.9076, 0.0480],
        [0.9086, 0.0697],
        [0.1800, 0.7805]], device='cuda:0', grad_fn=<SigmoidBackward>)
tensor(0.0352, device='cuda:0', grad_fn=<NllLossBackward>)
train >>> fold 1/5, epoch: 1/24, patient 2/24, mean_loss 0.2269, mean_acc 0.9391
tensor([0, 0, 1, 0, 0, 0, 0, 1, 0, 0, 1, 1], device='cuda:0')
tensor([[0.8800, 0.0829],
        [0.7679, 0.1529],
        [0.5362, 0.3761],
        [0.9074, 0.0507],
        [0.8559, 0.0896],
        [0.9279, 0.0397],
        [0.9264, 0.0370],
        [0.4054, 0.5634],
        [0.8170, 0.1244],
        [0.2874, 0.6869],
        [0.4292, 0.5301],
        [0.4289, 0.5304]], device='cuda:0', grad_fn=<SigmoidBackward>)
tensor(0.4533, device='cuda:0', grad_fn=<NllLossBackward>)
tensor([0, 0, 1, 0, 0, 0, 1, 0, 0, 0, 0, 0], device='cuda:0')
tensor([[0.3038, 0.6978],
        [0.3149, 0.6705],
        [0.6052, 0.3208],
        [0.8827, 0.0843],
        [0.8525, 0.0967],
        [0.6487, 0.2603],
        [0.3334, 0.6011],
        [0.9056, 0.0471],
        [0.8918, 0.0577],
        [0.9096, 0.0573],
        [0.7204, 0.1945],
        [0.8975, 0.0605]], device='cuda:0', grad_fn=<SigmoidBackward>)
tensor(0.5383, device='cuda:0', grad_fn=<NllLossBackward>)
tensor([0, 0, 0, 0, 0, 0, 0, 0, 0, 0, 0, 0], device='cuda:0')
tensor([[0.5445, 0.3693],
        [0.8689, 0.0835],
        [0.6741, 0.2743],
        [0.6065, 0.2973],
        [0.8760, 0.0716],
        [0.6900, 0.2295],
        [0.7949, 0.1514],
        [0.6345, 0.2893],
        [0.7905, 0.1395],
        [0.4630, 0.4891],
        [0.8731, 0.0794],
        [0.7344, 0.2148]], device='cuda:0', grad_fn=<SigmoidBackward>)
tensor(0.1759, device='cuda:0', grad_fn=<NllLossBackward>)
tensor([0, 0, 0, 0, 0, 0, 0, 0, 1, 0, 0, 0], device='cuda:0')
tensor([[0.7848, 0.1480],
        [0.7427, 0.1565],
        [0.8124, 0.1409],
        [0.7383, 0.2001],
        [0.8015, 0.1648],
        [0.8832, 0.0706],
        [0.9317, 0.0366],
        [0.8321, 0.1055],
        [0.0876, 0.9094],
        [0.7734, 0.1416],
        [0.7414, 0.2017],
        [0.4532, 0.4942]], device='cuda:0', grad_fn=<SigmoidBackward>)
tensor(0.0936, device='cuda:0', grad_fn=<NllLossBackward>)
tensor([0, 0, 0, 0, 0, 0, 0, 1, 1, 0, 0, 0], device='cuda:0')
tensor([[0.8442, 0.1087],
        [0.8561, 0.0864],
        [0.8547, 0.0774],
        [0.9002, 0.0507],
        [0.7662, 0.1711],
        [0.8088, 0.1358],
        [0.7906, 0.1258],
        [0.1853, 0.8241],
        [0.1853, 0.8241],
        [0.8125, 0.1218],
        [0.8292, 0.1210],
        [0.7129, 0.2110]], device='cuda:0', grad_fn=<SigmoidBackward>)
tensor(0.0393, device='cuda:0', grad_fn=<NllLossBackward>)
tensor([1, 1, 1, 0, 0, 0, 0, 1, 0, 1, 0, 0], device='cuda:0')
tensor([[0.3368, 0.6434],
        [0.2969, 0.6489],
        [0.2758, 0.7083],
        [0.9607, 0.0185],
        [0.8876, 0.0672],
        [0.9240, 0.0450],
        [0.9330, 0.0381],
        [0.2433, 0.7252],
        [0.8965, 0.0613],
        [0.2368, 0.7305],
        [0.9334, 0.0335],
        [0.9276, 0.0402]], device='cuda:0', grad_fn=<SigmoidBackward>)
tensor(0.1045, device='cuda:0', grad_fn=<NllLossBackward>)
tensor([0, 0, 1, 0, 0, 1, 0, 0, 0, 0, 1, 1], device='cuda:0')
tensor([[0.8026, 0.1294],
        [0.8380, 0.1124],
        [0.1751, 0.8136],
        [0.9248, 0.0459],
        [0.9052, 0.0560],
        [0.1656, 0.8362],
        [0.9418, 0.0260],
        [0.9359, 0.0333],
        [0.8370, 0.0975],
        [0.9004, 0.0671],
        [0.7085, 0.2281],
        [0.1243, 0.8618]], device='cuda:0', grad_fn=<SigmoidBackward>)
tensor(0.3196, device='cuda:0', grad_fn=<NllLossBackward>)
tensor([0, 0, 0, 1, 1, 0, 0, 0, 0, 1, 1, 0], device='cuda:0')
tensor([[0.8445, 0.1075],
        [0.8441, 0.1182],
        [0.8461, 0.0912],
        [0.4689, 0.5129],
        [0.4638, 0.5014],
        [0.9267, 0.0364],
        [0.8817, 0.0762],
        [0.9248, 0.0391],
        [0.8701, 0.0739],
        [0.0883, 0.9071],
        [0.2294, 0.7553],
        [0.9146, 0.0435]], device='cuda:0', grad_fn=<SigmoidBackward>)
tensor(0.1849, device='cuda:0', grad_fn=<NllLossBackward>)
tensor([0, 1, 0, 1, 0, 0, 1, 1, 0, 0, 0, 0], device='cuda:0')
tensor([[0.8822, 0.0762],
        [0.1994, 0.7960],
        [0.6740, 0.2197],
        [0.3532, 0.6222],
        [0.9225, 0.0412],
        [0.9623, 0.0157],
        [0.1550, 0.8350],
        [0.2235, 0.7522],
        [0.9316, 0.0415],
        [0.9188, 0.0469],
        [0.9212, 0.0515],
        [0.8726, 0.0807]], device='cuda:0', grad_fn=<SigmoidBackward>)
tensor(0.0735, device='cuda:0', grad_fn=<NllLossBackward>)
tensor([0, 0, 0, 0, 1, 0, 1, 0, 0, 1, 0, 0], device='cuda:0')
tensor([[0.9333, 0.0371],
        [0.8726, 0.0903],
        [0.8926, 0.0539],
        [0.9121, 0.0543],
        [0.0909, 0.9051],
        [0.8926, 0.0539],
        [0.0764, 0.9279],
        [0.8542, 0.1090],
        [0.8926, 0.0539],
        [0.0666, 0.9330],
        [0.8441, 0.1384],
        [0.9687, 0.0149]], device='cuda:0', grad_fn=<SigmoidBackward>)
tensor(0.0090, device='cuda:0', grad_fn=<NllLossBackward>)
tensor([1, 0, 0, 1, 0, 1, 0, 0, 0, 0, 0, 0], device='cuda:0')
tensor([[0.0565, 0.9454],
        [0.9442, 0.0277],
        [0.9380, 0.0317],
        [0.0906, 0.9139],
        [0.8297, 0.1231],
        [0.0890, 0.9181],
        [0.8815, 0.0804],
        [0.8802, 0.0747],
        [0.9125, 0.0552],
        [0.9363, 0.0320],
        [0.8478, 0.1267],
        [0.8814, 0.0536]], device='cuda:0', grad_fn=<SigmoidBackward>)
tensor(0.0091, device='cuda:0', grad_fn=<NllLossBackward>)
tensor([0, 0, 0, 1, 1, 1, 0, 0, 1, 0, 0, 1], device='cuda:0')
tensor([[0.9789, 0.0098],
        [0.7442, 0.2408],
        [0.9692, 0.0143],
        [0.1379, 0.8556],
        [0.2469, 0.7084],
        [0.3349, 0.6568],
        [0.9766, 0.0090],
        [0.9878, 0.0044],
        [0.1142, 0.8794],
        [0.9537, 0.0232],
        [0.5609, 0.4124],
        [0.1885, 0.8175]], device='cuda:0', grad_fn=<SigmoidBackward>)
tensor(0.0860, device='cuda:0', grad_fn=<NllLossBackward>)
tensor([0, 0, 0, 0, 0, 0, 1, 0, 0, 0, 1, 0], device='cuda:0')
tensor([[0.9288, 0.0368],
        [0.8536, 0.0899],
        [0.8757, 0.0739],
        [0.8490, 0.0975],
        [0.9028, 0.0681],
        [0.7842, 0.1740],
        [0.0305, 0.9717],
        [0.9013, 0.0611],
        [0.8415, 0.1041],
        [0.7228, 0.2552],
        [0.0327, 0.9662],
        [0.9324, 0.0315]], device='cuda:0', grad_fn=<SigmoidBackward>)
tensor(0.0187, device='cuda:0', grad_fn=<NllLossBackward>)
tensor([0, 1, 0, 0, 0, 0, 0, 0, 0, 0, 0, 0], device='cuda:0')
tensor([[0.8882, 0.0597],
        [0.0181, 0.9810],
        [0.8323, 0.1053],
        [0.9574, 0.0193],
        [0.6988, 0.2608],
        [0.9574, 0.0193],
        [0.8149, 0.1223],
        [0.2896, 0.7034],
        [0.9112, 0.0489],
        [0.7457, 0.2172],
        [0.7784, 0.1668],
        [0.4693, 0.5245]], device='cuda:0', grad_fn=<SigmoidBackward>)
tensor(0.2315, device='cuda:0', grad_fn=<NllLossBackward>)
tensor([1, 1, 0, 0, 1, 0, 0, 0, 0, 0, 0, 0], device='cuda:0')
tensor([[0.0769, 0.9223],
        [0.0212, 0.9778],
        [0.9572, 0.0201],
        [0.7778, 0.2041],
        [0.0348, 0.9679],
        [0.9366, 0.0341],
        [0.9062, 0.0633],
        [0.8647, 0.0773],
        [0.9347, 0.0447],
        [0.9650, 0.0179],
        [0.8647, 0.0773],
        [0.9481, 0.0306]], device='cuda:0', grad_fn=<SigmoidBackward>)
tensor(0.0083, device='cuda:0', grad_fn=<NllLossBackward>)
tensor([0, 1, 0, 0, 1, 1, 0, 0, 0, 0, 0, 0], device='cuda:0')
tensor([[0.9120, 0.0605],
        [0.0385, 0.9620],
        [0.9679, 0.0127],
        [0.9393, 0.0263],
        [0.0614, 0.9372],
        [0.0385, 0.9620],
        [0.9365, 0.0307],
        [0.7320, 0.1575],
        [0.9122, 0.0649],
        [0.8935, 0.0762],
        [0.9037, 0.0757],
        [0.9122, 0.0649]], device='cuda:0', grad_fn=<SigmoidBackward>)
tensor(0.0079, device='cuda:0', grad_fn=<NllLossBackward>)
tensor([1, 0, 0, 0, 0, 0], device='cuda:0')
tensor([[0.0257, 0.9742],
        [0.8155, 0.1336],
        [0.9374, 0.0307],
        [0.8939, 0.0586],
        [0.7805, 0.1497],
        [0.8961, 0.0892]], device='cuda:0', grad_fn=<SigmoidBackward>)
tensor(0.0143, device='cuda:0', grad_fn=<NllLossBackward>)
train >>> fold 1/5, epoch: 1/24, patient 3/24, mean_loss 0.1922, mean_acc 0.9438
tensor([1, 0, 0, 0, 0, 0, 1, 0, 1, 1, 0, 0], device='cuda:0')
tensor([[0.4944, 0.4424],
        [0.7378, 0.2105],
        [0.7796, 0.1785],
        [0.8244, 0.1132],
        [0.9138, 0.0527],
        [0.8882, 0.0602],
        [0.4223, 0.4091],
        [0.8154, 0.1289],
        [0.3313, 0.6524],
        [0.5393, 0.3884],
        [0.7556, 0.1802],
        [0.8837, 0.0671]], device='cuda:0', grad_fn=<SigmoidBackward>)
tensor(0.3947, device='cuda:0', grad_fn=<NllLossBackward>)
tensor([0, 1, 0, 0, 0, 0, 0, 0, 1, 0, 0, 0], device='cuda:0')
tensor([[0.8774, 0.0824],
        [0.0784, 0.9118],
        [0.7893, 0.1478],
        [0.9189, 0.0560],
        [0.9390, 0.0300],
        [0.8015, 0.1495],
        [0.7796, 0.1646],
        [0.9397, 0.0367],
        [0.0778, 0.9227],
        [0.7002, 0.2074],
        [0.9099, 0.0541],
        [0.5160, 0.3830]], device='cuda:0', grad_fn=<SigmoidBackward>)
tensor(0.0525, device='cuda:0', grad_fn=<NllLossBackward>)
tensor([0, 0, 1, 1, 0, 0, 0, 0, 0, 1, 1, 0], device='cuda:0')
tensor([[0.9575, 0.0256],
        [0.7454, 0.1821],
        [0.0697, 0.9157],
        [0.1253, 0.8800],
        [0.9256, 0.0427],
        [0.9717, 0.0140],
        [0.8084, 0.1210],
        [0.9540, 0.0250],
        [0.9655, 0.0161],
        [0.0656, 0.9412],
        [0.2392, 0.7463],
        [0.9446, 0.0330]], device='cuda:0', grad_fn=<SigmoidBackward>)
tensor(0.0244, device='cuda:0', grad_fn=<NllLossBackward>)
tensor([0, 0, 0, 0, 1, 0, 0, 1, 0, 1, 0, 1], device='cuda:0')
tensor([[0.9150, 0.0508],
        [0.9666, 0.0188],
        [0.9549, 0.0270],
        [0.9492, 0.0279],
        [0.0339, 0.9677],
        [0.9693, 0.0179],
        [0.9786, 0.0092],
        [0.4573, 0.4830],
        [0.9520, 0.0276],
        [0.0554, 0.9503],
        [0.6435, 0.2643],
        [0.0316, 0.9684]], device='cuda:0', grad_fn=<SigmoidBackward>)
tensor(0.0983, device='cuda:0', grad_fn=<NllLossBackward>)
tensor([0, 0, 0, 0, 0, 1, 0, 0, 1, 1, 0, 0], device='cuda:0')
tensor([[0.9391, 0.0354],
        [0.8907, 0.0681],
        [0.9605, 0.0231],
        [0.9736, 0.0116],
        [0.9605, 0.0231],
        [0.1223, 0.8390],
        [0.1140, 0.8861],
        [0.9033, 0.0612],
        [0.0732, 0.9349],
        [0.1897, 0.7849],
        [0.9638, 0.0205],
        [0.4879, 0.4484]], device='cuda:0', grad_fn=<SigmoidBackward>)
tensor(0.3110, device='cuda:0', grad_fn=<NllLossBackward>)
tensor([0, 1, 0, 0, 0, 0, 0, 0, 0, 0, 1, 0], device='cuda:0')
tensor([[0.9711, 0.0144],
        [0.1043, 0.8902],
        [0.2493, 0.7354],
        [0.9709, 0.0149],
        [0.2493, 0.7354],
        [0.9611, 0.0235],
        [0.9758, 0.0116],
        [0.7392, 0.1975],
        [0.9433, 0.0331],
        [0.9651, 0.0202],
        [0.0166, 0.9811],
        [0.4600, 0.4747]], device='cuda:0', grad_fn=<SigmoidBackward>)
tensor(0.3627, device='cuda:0', grad_fn=<NllLossBackward>)
tensor([1, 0, 0, 0, 0, 1, 1, 0, 0, 1, 0, 0], device='cuda:0')
tensor([[0.0707, 0.9308],
        [0.9174, 0.0496],
        [0.9538, 0.0235],
        [0.9340, 0.0380],
        [0.9751, 0.0135],
        [0.2729, 0.7184],
        [0.0265, 0.9770],
        [0.9718, 0.0160],
        [0.8792, 0.0819],
        [0.0241, 0.9753],
        [0.9385, 0.0388],
        [0.9794, 0.0084]], device='cuda:0', grad_fn=<SigmoidBackward>)
tensor(0.0208, device='cuda:0', grad_fn=<NllLossBackward>)
tensor([0, 0, 0, 1, 1, 1, 0, 1, 1, 0, 1, 1], device='cuda:0')
tensor([[0.9651, 0.0190],
        [0.9229, 0.0431],
        [0.9852, 0.0070],
        [0.6649, 0.2690],
        [0.3486, 0.6341],
        [0.3997, 0.5279],
        [0.9540, 0.0251],
        [0.2928, 0.6434],
        [0.3487, 0.5799],
        [0.9181, 0.0468],
        [0.3956, 0.5333],
        [0.3513, 0.6304]], device='cuda:0', grad_fn=<SigmoidBackward>)
tensor(0.4220, device='cuda:0', grad_fn=<NllLossBackward>)
tensor([0, 0, 0, 1, 0, 1, 1, 0, 0, 1, 0, 0], device='cuda:0')
tensor([[0.9720, 0.0150],
        [0.9590, 0.0244],
        [0.9710, 0.0131],
        [0.0446, 0.9589],
        [0.9698, 0.0145],
        [0.0452, 0.9562],
        [0.0227, 0.9774],
        [0.9229, 0.0527],
        [0.9585, 0.0238],
        [0.1065, 0.8978],
        [0.9710, 0.0131],
        [0.9045, 0.0665]], device='cuda:0', grad_fn=<SigmoidBackward>)
tensor(0.0034, device='cuda:0', grad_fn=<NllLossBackward>)
tensor([1, 0, 0, 1, 1, 0, 0, 1, 1, 0, 0, 1], device='cuda:0')
tensor([[0.1018, 0.9105],
        [0.9839, 0.0065],
        [0.9603, 0.0222],
        [0.0993, 0.8875],
        [0.1526, 0.8351],
        [0.9481, 0.0297],
        [0.9648, 0.0190],
        [0.0834, 0.9120],
        [0.1557, 0.8082],
        [0.9750, 0.0133],
        [0.9561, 0.0233],
        [0.9067, 0.0642]], device='cuda:0', grad_fn=<SigmoidBackward>)
tensor(0.5921, device='cuda:0', grad_fn=<NllLossBackward>)
tensor([0, 0, 1, 0, 0, 1, 0, 1, 0, 1, 0, 0], device='cuda:0')
tensor([[0.9026, 0.0589],
        [0.9683, 0.0161],
        [0.0667, 0.9361],
        [0.9112, 0.0572],
        [0.9497, 0.0288],
        [0.0376, 0.9656],
        [0.9089, 0.0550],
        [0.2023, 0.7342],
        [0.8647, 0.0987],
        [0.0751, 0.9183],
        [0.9635, 0.0197],
        [0.9651, 0.0178]], device='cuda:0', grad_fn=<SigmoidBackward>)
tensor(0.0159, device='cuda:0', grad_fn=<NllLossBackward>)
tensor([0, 0, 0, 0, 0, 0, 1, 1, 0, 1, 0, 0], device='cuda:0')
tensor([[0.9601, 0.0210],
        [0.9230, 0.0442],
        [0.9000, 0.0593],
        [0.9477, 0.0279],
        [0.9081, 0.0518],
        [0.8391, 0.1121],
        [0.0482, 0.9501],
        [0.0976, 0.9026],
        [0.6718, 0.2471],
        [0.0639, 0.9405],
        [0.8225, 0.1290],
        [0.9333, 0.0383]], device='cuda:0', grad_fn=<SigmoidBackward>)
tensor(0.0168, device='cuda:0', grad_fn=<NllLossBackward>)
tensor([0, 1, 0, 0, 1, 0, 1, 1, 1], device='cuda:0')
tensor([[0.9842, 0.0070],
        [0.5428, 0.4136],
        [0.9882, 0.0051],
        [0.9573, 0.0205],
        [0.1961, 0.7899],
        [0.9765, 0.0119],
        [0.1580, 0.8444],
        [0.1126, 0.8796],
        [0.1619, 0.8189]], device='cuda:0', grad_fn=<SigmoidBackward>)
tensor(0.1703, device='cuda:0', grad_fn=<NllLossBackward>)
train >>> fold 1/5, epoch: 1/24, patient 4/24, mean_loss 0.1920, mean_acc 0.9415
tensor([0, 0, 0, 0, 1, 0, 0, 0, 1, 0, 0, 0], device='cuda:0')
tensor([[0.7309, 0.2004],
        [0.8499, 0.0971],
        [0.6250, 0.2826],
        [0.8617, 0.0829],
        [0.5002, 0.4364],
        [0.8814, 0.0742],
        [0.8489, 0.0930],
        [0.1633, 0.8258],
        [0.0673, 0.9379],
        [0.9165, 0.0486],
        [0.8814, 0.0742],
        [0.7691, 0.1676]], device='cuda:0', grad_fn=<SigmoidBackward>)
tensor(0.3827, device='cuda:0', grad_fn=<NllLossBackward>)
tensor([0, 0, 0, 1, 1, 0, 1, 0, 0, 0, 0, 0], device='cuda:0')
tensor([[0.6602, 0.2724],
        [0.7340, 0.2182],
        [0.9109, 0.0523],
        [0.2604, 0.7056],
        [0.1566, 0.8467],
        [0.9424, 0.0284],
        [0.2238, 0.7435],
        [0.9410, 0.0318],
        [0.8406, 0.0973],
        [0.7813, 0.1539],
        [0.8406, 0.0973],
        [0.4952, 0.4379]], device='cuda:0', grad_fn=<SigmoidBackward>)
tensor(0.0984, device='cuda:0', grad_fn=<NllLossBackward>)
tensor([0, 1, 1, 1, 0, 1, 1, 0, 0, 0, 1, 1], device='cuda:0')
tensor([[0.9604, 0.0186],
        [0.2774, 0.7080],
        [0.6285, 0.3154],
        [0.3176, 0.6390],
        [0.8839, 0.0667],
        [0.6046, 0.3224],
        [0.7474, 0.1759],
        [0.6573, 0.2838],
        [0.9771, 0.0083],
        [0.7508, 0.1930],
        [0.4161, 0.5195],
        [0.3664, 0.5937]], device='cuda:0', grad_fn=<SigmoidBackward>)
tensor(0.7674, device='cuda:0', grad_fn=<NllLossBackward>)
tensor([0, 1, 0, 0, 0, 0, 1, 0, 0, 0, 1, 0], device='cuda:0')
tensor([[0.5949, 0.3318],
        [0.2046, 0.7685],
        [0.9312, 0.0428],
        [0.9190, 0.0392],
        [0.9477, 0.0241],
        [0.6895, 0.2435],
        [0.0487, 0.9514],
        [0.4074, 0.5259],
        [0.8405, 0.1053],
        [0.9456, 0.0333],
        [0.1664, 0.8385],
        [0.8732, 0.0794]], device='cuda:0', grad_fn=<SigmoidBackward>)
tensor(0.1063, device='cuda:0', grad_fn=<NllLossBackward>)
tensor([1, 0, 1, 0, 0, 0, 1, 0, 1, 0, 1, 0], device='cuda:0')
tensor([[0.3891, 0.5700],
        [0.9582, 0.0236],
        [0.1033, 0.8728],
        [0.9427, 0.0359],
        [0.6599, 0.2901],
        [0.9151, 0.0427],
        [0.3575, 0.6095],
        [0.5523, 0.4089],
        [0.1303, 0.8606],
        [0.9531, 0.0244],
        [0.1254, 0.8666],
        [0.9754, 0.0091]], device='cuda:0', grad_fn=<SigmoidBackward>)
tensor(0.1295, device='cuda:0', grad_fn=<NllLossBackward>)
tensor([0, 0, 0, 0, 0, 0, 0, 0, 0, 0, 1, 1], device='cuda:0')
tensor([[0.9120, 0.0441],
        [0.9205, 0.0424],
        [0.7428, 0.1947],
        [0.6035, 0.3509],
        [0.3099, 0.6293],
        [0.9539, 0.0247],
        [0.3187, 0.6668],
        [0.9557, 0.0255],
        [0.9512, 0.0288],
        [0.5516, 0.4011],
        [0.1769, 0.7949],
        [0.0161, 0.9820]], device='cuda:0', grad_fn=<SigmoidBackward>)
tensor(0.2854, device='cuda:0', grad_fn=<NllLossBackward>)
tensor([0, 0, 1, 0, 1, 0, 0, 1, 1, 1, 1, 0], device='cuda:0')
tensor([[0.7838, 0.1654],
        [0.8874, 0.0693],
        [0.3095, 0.6341],
        [0.9092, 0.0529],
        [0.4417, 0.5042],
        [0.9521, 0.0272],
        [0.9200, 0.0510],
        [0.0555, 0.9409],
        [0.1821, 0.7865],
        [0.3095, 0.6341],
        [0.2034, 0.7700],
        [0.9800, 0.0086]], device='cuda:0', grad_fn=<SigmoidBackward>)
tensor(0.1404, device='cuda:0', grad_fn=<NllLossBackward>)
tensor([0, 0, 0, 0, 0, 1, 1, 0, 0, 0, 0, 0], device='cuda:0')
tensor([[0.9411, 0.0298],
        [0.9026, 0.0541],
        [0.8965, 0.0651],
        [0.8890, 0.0656],
        [0.3114, 0.6836],
        [0.0249, 0.9714],
        [0.0392, 0.9615],
        [0.8202, 0.1176],
        [0.7520, 0.1892],
        [0.6852, 0.2482],
        [0.9341, 0.0362],
        [0.4474, 0.5305]], device='cuda:0', grad_fn=<SigmoidBackward>)
tensor(0.1981, device='cuda:0', grad_fn=<NllLossBackward>)
tensor([0, 0, 0, 0, 0, 0, 0, 0, 0, 0, 0, 1], device='cuda:0')
tensor([[0.6656, 0.2565],
        [0.8866, 0.0676],
        [0.8822, 0.0820],
        [0.9051, 0.0568],
        [0.2026, 0.7701],
        [0.2026, 0.7701],
        [0.7042, 0.2537],
        [0.7068, 0.2070],
        [0.8145, 0.1258],
        [0.5565, 0.3517],
        [0.8945, 0.0614],
        [0.0523, 0.9441]], device='cuda:0', grad_fn=<SigmoidBackward>)
tensor(0.4601, device='cuda:0', grad_fn=<NllLossBackward>)
tensor([0, 1, 0, 0, 1, 0, 1, 0, 1], device='cuda:0')
tensor([[0.9680, 0.0156],
        [0.1755, 0.8014],
        [0.5736, 0.3620],
        [0.9389, 0.0379],
        [0.0380, 0.9593],
        [0.9650, 0.0174],
        [0.1746, 0.8152],
        [0.9710, 0.0122],
        [0.2167, 0.7749]], device='cuda:0', grad_fn=<SigmoidBackward>)
tensor(0.0537, device='cuda:0', grad_fn=<NllLossBackward>)
train >>> fold 1/5, epoch: 1/24, patient 5/24, mean_loss 0.2026, mean_acc 0.9352
tensor([0, 1, 0, 0, 0, 0, 0, 0, 0, 1, 0, 0], device='cuda:0')
tensor([[0.9119, 0.0504],
        [0.1042, 0.8940],
        [0.6476, 0.2641],
        [0.8264, 0.1199],
        [0.3653, 0.5670],
        [0.9461, 0.0335],
        [0.9086, 0.0540],
        [0.3761, 0.5488],
        [0.4362, 0.4743],
        [0.1827, 0.7700],
        [0.8817, 0.0782],
        [0.7118, 0.1748]], device='cuda:0', grad_fn=<SigmoidBackward>)
tensor(0.2427, device='cuda:0', grad_fn=<NllLossBackward>)
tensor([0, 1, 0, 0, 1, 0, 1, 0, 0, 0, 0, 1], device='cuda:0')
tensor([[0.7659, 0.1544],
        [0.1601, 0.8138],
        [0.8134, 0.1013],
        [0.9482, 0.0310],
        [0.1300, 0.8620],
        [0.4425, 0.4407],
        [0.1302, 0.8650],
        [0.9126, 0.0446],
        [0.8985, 0.0549],
        [0.9365, 0.0384],
        [0.9233, 0.0497],
        [0.1457, 0.8516]], device='cuda:0', grad_fn=<SigmoidBackward>)
tensor(0.0615, device='cuda:0', grad_fn=<NllLossBackward>)
tensor([0, 0, 0, 0, 1, 0, 0, 1, 0, 0, 0, 0], device='cuda:0')
tensor([[0.8962, 0.0631],
        [0.8857, 0.0679],
        [0.1286, 0.8751],
        [0.8621, 0.0807],
        [0.1573, 0.8318],
        [0.1658, 0.8182],
        [0.9264, 0.0389],
        [0.4980, 0.4125],
        [0.7743, 0.1345],
        [0.2077, 0.7705],
        [0.9228, 0.0417],
        [0.8893, 0.0653]], device='cuda:0', grad_fn=<SigmoidBackward>)
tensor(0.8114, device='cuda:0', grad_fn=<NllLossBackward>)
tensor([0, 0, 1, 0, 1, 0, 0, 0, 1, 0, 0, 0], device='cuda:0')
tensor([[0.8131, 0.1362],
        [0.7877, 0.1490],
        [0.3196, 0.6173],
        [0.8106, 0.1328],
        [0.4441, 0.4753],
        [0.6710, 0.2248],
        [0.6553, 0.2764],
        [0.8220, 0.1110],
        [0.2515, 0.7362],
        [0.7545, 0.1548],
        [0.5486, 0.3373],
        [0.8093, 0.1220]], device='cuda:0', grad_fn=<SigmoidBackward>)
tensor(0.2023, device='cuda:0', grad_fn=<NllLossBackward>)
tensor([0, 1, 0, 0, 0, 0, 0, 0, 0, 1, 1, 0], device='cuda:0')
tensor([[0.8862, 0.0692],
        [0.2318, 0.7632],
        [0.8657, 0.0924],
        [0.7922, 0.1355],
        [0.5708, 0.3032],
        [0.8131, 0.1381],
        [0.5708, 0.3032],
        [0.9090, 0.0541],
        [0.7676, 0.1502],
        [0.2080, 0.7898],
        [0.3069, 0.6474],
        [0.7072, 0.1870]], device='cuda:0', grad_fn=<SigmoidBackward>)
tensor(0.1054, device='cuda:0', grad_fn=<NllLossBackward>)
tensor([0, 0, 0, 1, 1, 1, 0, 0, 0, 0, 0, 1], device='cuda:0')
tensor([[0.5375, 0.3366],
        [0.8838, 0.0618],
        [0.8768, 0.0883],
        [0.3316, 0.6555],
        [0.2238, 0.7481],
        [0.4552, 0.5435],
        [0.4214, 0.4869],
        [0.8994, 0.0588],
        [0.8365, 0.0900],
        [0.8991, 0.0536],
        [0.8605, 0.0851],
        [0.2906, 0.6574]], device='cuda:0', grad_fn=<SigmoidBackward>)
tensor(0.2143, device='cuda:0', grad_fn=<NllLossBackward>)
tensor([0, 0, 1, 0, 0, 0, 1, 0, 1, 1, 0, 1], device='cuda:0')
tensor([[0.8275, 0.1086],
        [0.9167, 0.0441],
        [0.2181, 0.7711],
        [0.8527, 0.0999],
        [0.5879, 0.3025],
        [0.9467, 0.0269],
        [0.3295, 0.6194],
        [0.9671, 0.0177],
        [0.1844, 0.8119],
        [0.2166, 0.7525],
        [0.9000, 0.0515],
        [0.1838, 0.7873]], device='cuda:0', grad_fn=<SigmoidBackward>)
tensor(0.0848, device='cuda:0', grad_fn=<NllLossBackward>)
tensor([1, 0, 1, 0, 0, 1, 0, 1, 0, 1, 1, 0], device='cuda:0')
tensor([[0.1901, 0.8099],
        [0.9252, 0.0391],
        [0.1816, 0.7732],
        [0.8631, 0.0892],
        [0.9062, 0.0609],
        [0.2662, 0.6787],
        [0.9530, 0.0204],
        [0.5478, 0.4119],
        [0.8730, 0.0737],
        [0.1951, 0.7884],
        [0.2174, 0.7619],
        [0.9556, 0.0204]], device='cuda:0', grad_fn=<SigmoidBackward>)
tensor(0.1682, device='cuda:0', grad_fn=<NllLossBackward>)
tensor([1, 0, 0, 0, 0, 1, 0, 1, 1, 0, 0, 0], device='cuda:0')
tensor([[0.1176, 0.8776],
        [0.8507, 0.0959],
        [0.9009, 0.0677],
        [0.9257, 0.0401],
        [0.6729, 0.2002],
        [0.0864, 0.9141],
        [0.9693, 0.0149],
        [0.1176, 0.8776],
        [0.1139, 0.8728],
        [0.7859, 0.1419],
        [0.9116, 0.0592],
        [0.8863, 0.0646]], device='cuda:0', grad_fn=<SigmoidBackward>)
tensor(0.0204, device='cuda:0', grad_fn=<NllLossBackward>)
tensor([1, 1, 0, 0, 0, 0, 1, 1, 0, 0, 0, 1], device='cuda:0')
tensor([[0.0935, 0.9078],
        [0.0970, 0.9040],
        [0.9557, 0.0266],
        [0.8394, 0.1035],
        [0.9698, 0.0140],
        [0.7046, 0.2077],
        [0.0884, 0.9130],
        [0.1183, 0.8811],
        [0.9666, 0.0167],
        [0.9155, 0.0365],
        [0.9608, 0.0169],
        [0.1195, 0.8842]], device='cuda:0', grad_fn=<SigmoidBackward>)
tensor(0.0154, device='cuda:0', grad_fn=<NllLossBackward>)
tensor([1, 0, 0, 0, 1, 0, 0, 1, 0, 1, 0, 0], device='cuda:0')
tensor([[0.0616, 0.9353],
        [0.9541, 0.0258],
        [0.8036, 0.1440],
        [0.9568, 0.0224],
        [0.0607, 0.9398],
        [0.8690, 0.0781],
        [0.8690, 0.0781],
        [0.0598, 0.9370],
        [0.8929, 0.0698],
        [0.1022, 0.8871],
        [0.9344, 0.0288],
        [0.8749, 0.0832]], device='cuda:0', grad_fn=<SigmoidBackward>)
tensor(0.0090, device='cuda:0', grad_fn=<NllLossBackward>)
tensor([0, 1, 0, 0, 0, 0, 0, 0], device='cuda:0')
tensor([[0.8824, 0.0772],
        [0.0104, 0.9887],
        [0.8977, 0.0586],
        [0.6415, 0.2864],
        [0.7194, 0.1965],
        [0.6769, 0.2545],
        [0.8534, 0.0906],
        [0.7228, 0.2034]], device='cuda:0', grad_fn=<SigmoidBackward>)
tensor(0.0614, device='cuda:0', grad_fn=<NllLossBackward>)
train >>> fold 1/5, epoch: 1/24, patient 6/24, mean_loss 0.1971, mean_acc 0.9355
