2020-03-23-10-32-08
train.py
--------------------------------------------------------------------------------------------------------------------
axis: sagittal
batchSize: 12
bottleneckFeatures: 0
brightness: None
contrast: None
cropSize: None
dir_lf: D:\Data\cs-8395-dl
dir_project: ..
encoder: dpn68
epoch: 24
extract_spleen: False
folderData: assignment3\Training
folderPartition: train_test_org
lossWeight: [0.3, 0.7]
loss_weights: None
lr: 1e-05
msg: None
overrideLR: 1
path_kfold: D:\Projects\cs-8395-dl\Assignment_3_segmentation\partition\kfold_5.bin
resize: None
resume_from: D:\Data\cs-8395-dl\model\2020-03-23-09-02-36\2020-03-23-09-02-36_1_fold-dpn68_best.pt
to_ram: 0
--------------------------------------------------------------------------------------------------------------------
creating directory to save model at D:\Data\cs-8395-dl\model\2020-03-23-10-32-08
executing fold 1/5
training patients  ['0001' '0002' '0003' '0004' '0005' '0006' '0007' '0008' '0021' '0022'
 '0023' '0024' '0025' '0027' '0029' '0030' '0031' '0032' '0033' '0035'
 '0036' '0037' '0039' '0040']
validation patients  ['0009' '0010' '0026' '0028' '0034' '0038']
loaded model weights from D:\Data\cs-8395-dl\model\2020-03-23-09-02-36\2020-03-23-09-02-36_1_fold-dpn68_best.pt
epoch 5
loss of pretrained model: 0.2953
train >>> fold 1/5, epoch: 1/24, patient 1/24, mean_loss 0.1208, mean_acc 0.9884
train >>> fold 1/5, epoch: 1/24, patient 2/24, mean_loss 0.1216, mean_acc 0.9942
train >>> fold 1/5, epoch: 1/24, patient 3/24, mean_loss 0.1136, mean_acc 0.9955
train >>> fold 1/5, epoch: 1/24, patient 4/24, mean_loss 0.1111, mean_acc 0.9952
train >>> fold 1/5, epoch: 1/24, patient 5/24, mean_loss 0.1078, mean_acc 0.9919
train >>> fold 1/5, epoch: 1/24, patient 6/24, mean_loss 0.1078, mean_acc 0.9926
train >>> fold 1/5, epoch: 1/24, patient 7/24, mean_loss 0.1111, mean_acc 0.9909
train >>> fold 1/5, epoch: 1/24, patient 8/24, mean_loss 0.1099, mean_acc 0.9915
train >>> fold 1/5, epoch: 1/24, patient 9/24, mean_loss 0.1090, mean_acc 0.9916
train >>> fold 1/5, epoch: 1/24, patient 10/24, mean_loss 0.1111, mean_acc 0.9903
train >>> fold 1/5, epoch: 1/24, patient 11/24, mean_loss 0.1116, mean_acc 0.9908
train >>> fold 1/5, epoch: 1/24, patient 12/24, mean_loss 0.1132, mean_acc 0.9893
train >>> fold 1/5, epoch: 1/24, patient 13/24, mean_loss 0.1129, mean_acc 0.9888
train >>> fold 1/5, epoch: 1/24, patient 14/24, mean_loss 0.1117, mean_acc 0.9874
train >>> fold 1/5, epoch: 1/24, patient 15/24, mean_loss 0.1109, mean_acc 0.9881
train >>> fold 1/5, epoch: 1/24, patient 16/24, mean_loss 0.1103, mean_acc 0.9889
