2020-03-22-13-41-54
train.py
--------------------------------------------------------------------------------------------------------------------
batchSize: 32
bottleneckFeatures: 1
brightness: None
contrast: None
cropSize: None
dir_lf: D:\Data\cs-8395-dl
dir_project: ..
encoder: resnet34
epoch: 1
extract_spleen: False
folderData: assignment3\Training
folderPartition: train_test_org
lossWeight: [0.7, 0.3]
loss_weights: None
lr: 0.001
msg: None
overrideLR: 1
path_kfold: D:\Projects\cs-8395-dl\Assignment_3_segmentation\partition\kfold_5.bin
resize: None
resume_from: None
resume_training: None
to_ram: 0
--------------------------------------------------------------------------------------------------------------------
creating directory to save model at D:\Data\cs-8395-dl\model\2020-03-22-13-41-54
executing fold 1/5
training patients  ['0001']
validation patients  ['0009']
freezing feature extracting layers
train >>> fold 1/5, epoch: 1/1, patient 1/1, mean_loss 0.4961, mean_acc 0.7882
valid >>> epoch: 1/1, mean_loss: 1.5156, mean_acc: 0.3113
