2020-03-22-03-12-09
train.py
--------------------------------------------------------------------------------------------------------------------
batchSize: 12
bottleneckFeatures: 1
brightness: None
contrast: None
cropSize: None
dir_lf: D:\Data\cs-8395-dl
dir_project: ..
encoder: resnet34
epoch: 12
extract_spleen: 1
folderData: assignment3\Training
folderPartition: train_test_org
lossWeight: [1.0, 1.0]
loss_weights: None
lr: 0.0001
msg: None
overrideLR: 1
path_kfold: D:\Projects\cs-8395-dl\Assignment_3_segmentation\partition\kfold_5.bin
resize: None
resume_from: None
resume_training: None
to_ram: 0
--------------------------------------------------------------------------------------------------------------------
creating directory to save model at D:\Data\cs-8395-dl\model\2020-03-22-03-12-09
executing fold 1/5
training patients  ['0001']
validation patients  ['0009']
train >>> epoch: 1/12, patient 1/1, mean_loss 1.6276, mean_dice_loss: 0.9534, mean_ce: 0.6742
valid >>> epoch: 1/12, mean_loss: 1.5886, mean_dice: 0.0891
criteria decreased from inf to 1.5886, saving best model at D:\Data\cs-8395-dl\model\2020-03-22-03-12-09\2020-03-22-03-12-09_1_fold-resnet34_best.pt
train >>> epoch: 2/12, patient 1/1, mean_loss 1.6262, mean_dice_loss: 0.9534, mean_ce: 0.6728
valid >>> epoch: 2/12, mean_loss: 1.5843, mean_dice: 0.0891
criteria decreased from 1.5886 to 1.5843, saving best model at D:\Data\cs-8395-dl\model\2020-03-22-03-12-09\2020-03-22-03-12-09_1_fold-resnet34_best.pt
train >>> epoch: 3/12, patient 1/1, mean_loss 1.6242, mean_dice_loss: 0.9534, mean_ce: 0.6708
valid >>> epoch: 3/12, mean_loss: 1.5776, mean_dice: 0.0891
criteria decreased from 1.5843 to 1.5776, saving best model at D:\Data\cs-8395-dl\model\2020-03-22-03-12-09\2020-03-22-03-12-09_1_fold-resnet34_best.pt
train >>> epoch: 4/12, patient 1/1, mean_loss 1.6200, mean_dice_loss: 0.9534, mean_ce: 0.6666
valid >>> epoch: 4/12, mean_loss: 1.5412, mean_dice: 0.0891
criteria decreased from 1.5776 to 1.5412, saving best model at D:\Data\cs-8395-dl\model\2020-03-22-03-12-09\2020-03-22-03-12-09_1_fold-resnet34_best.pt
train >>> epoch: 5/12, patient 1/1, mean_loss 1.5977, mean_dice_loss: 0.9527, mean_ce: 0.6450
valid >>> epoch: 5/12, mean_loss: 1.2729, mean_dice: 0.0658
criteria decreased from 1.5412 to 1.2729, saving best model at D:\Data\cs-8395-dl\model\2020-03-22-03-12-09\2020-03-22-03-12-09_1_fold-resnet34_best.pt
train >>> epoch: 6/12, patient 1/1, mean_loss 1.5206, mean_dice_loss: 0.9494, mean_ce: 0.5712
valid >>> epoch: 6/12, mean_loss: 1.5412, mean_dice: 0.0000
out_max 0
