2020-03-20-09-55-50
train.py
--------------------------------------------------------------------------------------------------------------------
batchSize: 8
bottleneckFeatures: 1
brightness: None
contrast: None
cropSize: None
dir_lf: D:\Data\cs-8395-dl
dir_project: ..
encoder: resnet34
epoch: 100
folderData: assignment3\Training
folderPartition: train_test_org
lossWeight: [1.0, 1.0]
loss_weights: None
lr: 0.001
msg: trying to overfit on a section of a spleen
overrideLR: 1
path_kfold: D:\Projects\cs-8395-dl\Assignment_3_segmentation\partition\kfold_5.bin
resize: None
resume_from: None
resume_training: None
to_ram: 0
--------------------------------------------------------------------------------------------------------------------
creating directory to save model at D:\Data\cs-8395-dl\model\2020-03-20-09-55-50
executing fold 1/5
epoch: 1/100, training patient 0001
accumulating gradients, acc_step = 19
updating weights
train >>> epoch: 1/100, mean_loss 1.6162, mean_dice_loss: 0.9890, mean_ce: 0.6272
criteria decreased from inf to 1.6162, saving best model at D:\Data\cs-8395-dl\model\2020-03-20-09-55-50\2020-03-20-09-55-50_1_fold-resnet34_best.pt
epoch: 2/100, training patient 0001
accumulating gradients, acc_step = 19
