2020-03-22-05-41-39
train.py
--------------------------------------------------------------------------------------------------------------------
batchSize: 12
bottleneckFeatures: 1
brightness: None
contrast: None
cropSize: None
dir_lf: D:\Data\cs-8395-dl
dir_project: ..
encoder: resnet34
epoch: 1
extract_spleen: 1
folderData: assignment3\Training
folderPartition: train_test_org
lossWeight: [1.0, 1.0]
loss_weights: None
lr: 0.0001
msg: None
overrideLR: 1
path_kfold: D:\Projects\cs-8395-dl\Assignment_3_segmentation\partition\kfold_5.bin
resize: None
resume_from: None
resume_training: None
to_ram: 0
--------------------------------------------------------------------------------------------------------------------
creating directory to save model at D:\Data\cs-8395-dl\model\2020-03-22-05-41-39
executing fold 1/5
training patients  ['0001']
validation patients  ['0009']
train >>> fold 1/5, epoch: 1/1, patient 1/1, mean_loss 1.5996, mean_dice_loss: 0.9535, mean_ce: 0.6461
valid >>> epoch: 1/1, mean_loss: 1.5599, mean_dice: 0.0891
criteria decreased from inf to 1.5599, saving best model at D:\Data\cs-8395-dl\model\2020-03-22-05-41-39\2020-03-22-05-41-39_1_fold-resnet34_best.pt
end of fold, deleting model
executing fold 2/5
training patients  ['0002']
validation patients  ['0001']
train >>> fold 2/5, epoch: 1/1, patient 1/1, mean_loss 1.7059, mean_dice_loss: 0.9743, mean_ce: 0.7315
