2020-03-22-03-35-57
train.py
--------------------------------------------------------------------------------------------------------------------
batchSize: 12
bottleneckFeatures: 1
brightness: None
contrast: None
cropSize: None
dir_lf: D:\Data\cs-8395-dl
dir_project: ..
encoder: resnet34
epoch: 24
extract_spleen: 1
folderData: assignment3\Training
folderPartition: train_test_org
lossWeight: [1.0, 1.0]
loss_weights: None
lr: 0.0001
msg: None
overrideLR: 1
path_kfold: D:\Projects\cs-8395-dl\Assignment_3_segmentation\partition\kfold_5.bin
resize: None
resume_from: None
resume_training: None
to_ram: 0
--------------------------------------------------------------------------------------------------------------------
creating directory to save model at D:\Data\cs-8395-dl\model\2020-03-22-03-35-57
executing fold 1/5
training patients  ['0001']
validation patients  ['0009']
train >>> epoch: 1/24, patient 1/1, mean_loss 1.7057, mean_dice_loss: 0.9532, mean_ce: 0.7525
valid >>> epoch: 1/24, mean_loss: 1.6617, mean_dice: 0.0891
criteria decreased from inf to 1.6617, saving best model at D:\Data\cs-8395-dl\model\2020-03-22-03-35-57\2020-03-22-03-35-57_1_fold-resnet34_best.pt
train >>> epoch: 2/24, patient 1/1, mean_loss 1.7039, mean_dice_loss: 0.9532, mean_ce: 0.7507
valid >>> epoch: 2/24, mean_loss: 1.6578, mean_dice: 0.0891
criteria decreased from 1.6617 to 1.6578, saving best model at D:\Data\cs-8395-dl\model\2020-03-22-03-35-57\2020-03-22-03-35-57_1_fold-resnet34_best.pt
train >>> epoch: 3/24, patient 1/1, mean_loss 1.7016, mean_dice_loss: 0.9532, mean_ce: 0.7484
valid >>> epoch: 3/24, mean_loss: 1.6496, mean_dice: 0.0891
criteria decreased from 1.6578 to 1.6496, saving best model at D:\Data\cs-8395-dl\model\2020-03-22-03-35-57\2020-03-22-03-35-57_1_fold-resnet34_best.pt
train >>> epoch: 4/24, patient 1/1, mean_loss 1.6967, mean_dice_loss: 0.9532, mean_ce: 0.7435
valid >>> epoch: 4/24, mean_loss: 1.6107, mean_dice: 0.0891
criteria decreased from 1.6496 to 1.6107, saving best model at D:\Data\cs-8395-dl\model\2020-03-22-03-35-57\2020-03-22-03-35-57_1_fold-resnet34_best.pt
train >>> epoch: 5/24, patient 1/1, mean_loss 1.6722, mean_dice_loss: 0.9527, mean_ce: 0.7196
valid >>> epoch: 5/24, mean_loss: 1.3217, mean_dice: 0.0474
criteria decreased from 1.6107 to 1.3217, saving best model at D:\Data\cs-8395-dl\model\2020-03-22-03-35-57\2020-03-22-03-35-57_1_fold-resnet34_best.pt
train >>> epoch: 6/24, patient 1/1, mean_loss 1.5849, mean_dice_loss: 0.9494, mean_ce: 0.6354
valid >>> epoch: 6/24, mean_loss: 1.5228, mean_dice: 0.0000
train >>> epoch: 7/24, patient 1/1, mean_loss 1.5002, mean_dice_loss: 0.9437, mean_ce: 0.5565
valid >>> epoch: 7/24, mean_loss: 1.3528, mean_dice: 0.0000
train >>> epoch: 8/24, patient 1/1, mean_loss 1.4210, mean_dice_loss: 0.9253, mean_ce: 0.4957
valid >>> epoch: 8/24, mean_loss: 1.2020, mean_dice: 0.0000
criteria decreased from 1.3217 to 1.2020, saving best model at D:\Data\cs-8395-dl\model\2020-03-22-03-35-57\2020-03-22-03-35-57_1_fold-resnet34_best.pt
train >>> epoch: 9/24, patient 1/1, mean_loss 1.3518, mean_dice_loss: 0.9050, mean_ce: 0.4468
valid >>> epoch: 9/24, mean_loss: 1.3389, mean_dice: 0.0000
train >>> epoch: 10/24, patient 1/1, mean_loss 1.2892, mean_dice_loss: 0.8826, mean_ce: 0.4066
valid >>> epoch: 10/24, mean_loss: 1.4601, mean_dice: 0.0000
train >>> epoch: 11/24, patient 1/1, mean_loss 1.2317, mean_dice_loss: 0.8585, mean_ce: 0.3731
valid >>> epoch: 11/24, mean_loss: 1.6003, mean_dice: 0.0016
train >>> epoch: 12/24, patient 1/1, mean_loss 1.1789, mean_dice_loss: 0.8341, mean_ce: 0.3448
valid >>> epoch: 12/24, mean_loss: 2.0478, mean_dice: 0.0036
train >>> epoch: 13/24, patient 1/1, mean_loss 1.1302, mean_dice_loss: 0.8097, mean_ce: 0.3205
valid >>> epoch: 13/24, mean_loss: 2.2568, mean_dice: 0.0336
train >>> epoch: 14/24, patient 1/1, mean_loss 1.0866, mean_dice_loss: 0.7870, mean_ce: 0.2996
valid >>> epoch: 14/24, mean_loss: 3.1362, mean_dice: 0.0176
train >>> epoch: 15/24, patient 1/1, mean_loss 1.0456, mean_dice_loss: 0.7643, mean_ce: 0.2813
valid >>> epoch: 15/24, mean_loss: 4.1562, mean_dice: 0.0375
train >>> epoch: 16/24, patient 1/1, mean_loss 1.0083, mean_dice_loss: 0.7431, mean_ce: 0.2652
valid >>> epoch: 16/24, mean_loss: 5.1104, mean_dice: 0.0731
train >>> epoch: 17/24, patient 1/1, mean_loss 0.9743, mean_dice_loss: 0.7234, mean_ce: 0.2510
valid >>> epoch: 17/24, mean_loss: 6.1065, mean_dice: 0.0986
