2020-03-22-16-31-49
train.py
--------------------------------------------------------------------------------------------------------------------
batchSize: 4
bottleneckFeatures: 1
brightness: None
contrast: None
cropSize: None
dir_lf: D:\Data\cs-8395-dl
dir_project: ..
encoder: dpn92
epoch: 48
extract_spleen: False
folderData: assignment3\Training
folderPartition: train_test_org
lossWeight: [0.3, 0.7]
loss_weights: None
lr: 1e-05
msg: None
overrideLR: 1
path_kfold: D:\Projects\cs-8395-dl\Assignment_3_segmentation\partition\kfold_5.bin
resize: None
resume_from: None
resume_training: None
to_ram: 0
--------------------------------------------------------------------------------------------------------------------
creating directory to save model at D:\Data\cs-8395-dl\model\2020-03-22-16-31-49
executing fold 1/5
training patients  ['0001' '0002' '0003' '0004' '0005' '0006' '0007' '0008' '0021' '0022'
 '0023' '0024' '0025' '0027' '0029' '0030' '0031' '0032' '0033' '0035'
 '0036' '0037' '0039' '0040']
validation patients  ['0009' '0010' '0026' '0028' '0034' '0038']
train >>> fold 1/5, epoch: 1/48, patient 1/24, mean_loss 1.7181, mean_acc 0.8265
train >>> fold 1/5, epoch: 1/48, patient 2/24, mean_loss 1.0430, mean_acc 0.8342
train >>> fold 1/5, epoch: 1/48, patient 3/24, mean_loss 1.0103, mean_acc 0.8254
train >>> fold 1/5, epoch: 1/48, patient 4/24, mean_loss 0.9257, mean_acc 0.8313
train >>> fold 1/5, epoch: 1/48, patient 5/24, mean_loss 0.7959, mean_acc 0.8490
train >>> fold 1/5, epoch: 1/48, patient 6/24, mean_loss 0.8170, mean_acc 0.8381
train >>> fold 1/5, epoch: 1/48, patient 7/24, mean_loss 0.7987, mean_acc 0.8411
train >>> fold 1/5, epoch: 1/48, patient 8/24, mean_loss 0.7644, mean_acc 0.8473
train >>> fold 1/5, epoch: 1/48, patient 9/24, mean_loss 0.8015, mean_acc 0.8469
train >>> fold 1/5, epoch: 1/48, patient 10/24, mean_loss 0.7748, mean_acc 0.8529
train >>> fold 1/5, epoch: 1/48, patient 11/24, mean_loss 0.7324, mean_acc 0.8610
train >>> fold 1/5, epoch: 1/48, patient 12/24, mean_loss 0.7247, mean_acc 0.8647
train >>> fold 1/5, epoch: 1/48, patient 13/24, mean_loss 0.7525, mean_acc 0.8614
train >>> fold 1/5, epoch: 1/48, patient 14/24, mean_loss 0.7338, mean_acc 0.8638
train >>> fold 1/5, epoch: 1/48, patient 15/24, mean_loss 0.7592, mean_acc 0.8676
train >>> fold 1/5, epoch: 1/48, patient 16/24, mean_loss 0.7251, mean_acc 0.8712
train >>> fold 1/5, epoch: 1/48, patient 17/24, mean_loss 0.6904, mean_acc 0.8777
train >>> fold 1/5, epoch: 1/48, patient 18/24, mean_loss 0.6623, mean_acc 0.8819
train >>> fold 1/5, epoch: 1/48, patient 19/24, mean_loss 0.6483, mean_acc 0.8839
train >>> fold 1/5, epoch: 1/48, patient 20/24, mean_loss 0.6229, mean_acc 0.8891
train >>> fold 1/5, epoch: 1/48, patient 21/24, mean_loss 0.6273, mean_acc 0.8880
train >>> fold 1/5, epoch: 1/48, patient 22/24, mean_loss 0.6852, mean_acc 0.8862
train >>> fold 1/5, epoch: 1/48, patient 23/24, mean_loss 0.7065, mean_acc 0.8852
train >>> fold 1/5, epoch: 1/48, patient 24/24, mean_loss 0.7233, mean_acc 0.8855
valid >>> epoch: 1/48, mean_loss: 2.8956, mean_acc: 0.8453
criteria decreased from inf to 2.8956, saving best model at D:\Data\cs-8395-dl\model\2020-03-22-16-31-49\2020-03-22-16-31-49_1_fold-dpn92_best.pt
train >>> fold 1/5, epoch: 2/48, patient 1/24, mean_loss 0.0079, mean_acc 1.0000
train >>> fold 1/5, epoch: 2/48, patient 2/24, mean_loss 0.0514, mean_acc 0.9921
train >>> fold 1/5, epoch: 2/48, patient 3/24, mean_loss 0.0901, mean_acc 0.9853
train >>> fold 1/5, epoch: 2/48, patient 4/24, mean_loss 0.1163, mean_acc 0.9771
train >>> fold 1/5, epoch: 2/48, patient 5/24, mean_loss 0.3018, mean_acc 0.9556
train >>> fold 1/5, epoch: 2/48, patient 6/24, mean_loss 0.2787, mean_acc 0.9547
train >>> fold 1/5, epoch: 2/48, patient 7/24, mean_loss 0.2597, mean_acc 0.9534
train >>> fold 1/5, epoch: 2/48, patient 8/24, mean_loss 0.2622, mean_acc 0.9539
train >>> fold 1/5, epoch: 2/48, patient 9/24, mean_loss 0.2781, mean_acc 0.9535
train >>> fold 1/5, epoch: 2/48, patient 10/24, mean_loss 0.3441, mean_acc 0.9512
train >>> fold 1/5, epoch: 2/48, patient 11/24, mean_loss 0.3278, mean_acc 0.9531
train >>> fold 1/5, epoch: 2/48, patient 12/24, mean_loss 0.4442, mean_acc 0.9527
train >>> fold 1/5, epoch: 2/48, patient 13/24, mean_loss 0.4101, mean_acc 0.9549
train >>> fold 1/5, epoch: 2/48, patient 14/24, mean_loss 0.3960, mean_acc 0.9546
train >>> fold 1/5, epoch: 2/48, patient 15/24, mean_loss 0.3720, mean_acc 0.9560
train >>> fold 1/5, epoch: 2/48, patient 16/24, mean_loss 0.3603, mean_acc 0.9566
train >>> fold 1/5, epoch: 2/48, patient 17/24, mean_loss 0.3417, mean_acc 0.9582
train >>> fold 1/5, epoch: 2/48, patient 18/24, mean_loss 0.3183, mean_acc 0.9600
train >>> fold 1/5, epoch: 2/48, patient 19/24, mean_loss 0.3127, mean_acc 0.9595
train >>> fold 1/5, epoch: 2/48, patient 20/24, mean_loss 0.3192, mean_acc 0.9588
train >>> fold 1/5, epoch: 2/48, patient 21/24, mean_loss 0.3101, mean_acc 0.9600
train >>> fold 1/5, epoch: 2/48, patient 22/24, mean_loss 0.2971, mean_acc 0.9610
train >>> fold 1/5, epoch: 2/48, patient 23/24, mean_loss 0.3023, mean_acc 0.9603
train >>> fold 1/5, epoch: 2/48, patient 24/24, mean_loss 0.2938, mean_acc 0.9612
valid >>> epoch: 2/48, mean_loss: 1.5454, mean_acc: 0.8448
criteria decreased from 2.8956 to 1.5454, saving best model at D:\Data\cs-8395-dl\model\2020-03-22-16-31-49\2020-03-22-16-31-49_1_fold-dpn92_best.pt
train >>> fold 1/5, epoch: 3/48, patient 1/24, mean_loss 0.0554, mean_acc 0.9796
train >>> fold 1/5, epoch: 3/48, patient 2/24, mean_loss 0.0921, mean_acc 0.9747
train >>> fold 1/5, epoch: 3/48, patient 3/24, mean_loss 0.1286, mean_acc 0.9634
train >>> fold 1/5, epoch: 3/48, patient 4/24, mean_loss 0.1396, mean_acc 0.9647
train >>> fold 1/5, epoch: 3/48, patient 5/24, mean_loss 0.1228, mean_acc 0.9679
train >>> fold 1/5, epoch: 3/48, patient 6/24, mean_loss 0.1311, mean_acc 0.9678
train >>> fold 1/5, epoch: 3/48, patient 7/24, mean_loss 0.1326, mean_acc 0.9684
train >>> fold 1/5, epoch: 3/48, patient 8/24, mean_loss 0.1157, mean_acc 0.9716
train >>> fold 1/5, epoch: 3/48, patient 9/24, mean_loss 0.1114, mean_acc 0.9712
train >>> fold 1/5, epoch: 3/48, patient 10/24, mean_loss 0.1521, mean_acc 0.9688
train >>> fold 1/5, epoch: 3/48, patient 11/24, mean_loss 0.1624, mean_acc 0.9696
train >>> fold 1/5, epoch: 3/48, patient 12/24, mean_loss 0.1632, mean_acc 0.9701
train >>> fold 1/5, epoch: 3/48, patient 13/24, mean_loss 0.1486, mean_acc 0.9723
train >>> fold 1/5, epoch: 3/48, patient 14/24, mean_loss 0.1489, mean_acc 0.9722
train >>> fold 1/5, epoch: 3/48, patient 15/24, mean_loss 0.1651, mean_acc 0.9701
train >>> fold 1/5, epoch: 3/48, patient 16/24, mean_loss 0.1587, mean_acc 0.9711
train >>> fold 1/5, epoch: 3/48, patient 17/24, mean_loss 0.1514, mean_acc 0.9721
train >>> fold 1/5, epoch: 3/48, patient 18/24, mean_loss 0.1487, mean_acc 0.9724
train >>> fold 1/5, epoch: 3/48, patient 19/24, mean_loss 0.1462, mean_acc 0.9728
train >>> fold 1/5, epoch: 3/48, patient 20/24, mean_loss 0.1565, mean_acc 0.9733
train >>> fold 1/5, epoch: 3/48, patient 21/24, mean_loss 0.1481, mean_acc 0.9747
train >>> fold 1/5, epoch: 3/48, patient 22/24, mean_loss 0.1434, mean_acc 0.9756
train >>> fold 1/5, epoch: 3/48, patient 23/24, mean_loss 0.1441, mean_acc 0.9764
train >>> fold 1/5, epoch: 3/48, patient 24/24, mean_loss 0.1425, mean_acc 0.9764
valid >>> epoch: 3/48, mean_loss: 2.1285, mean_acc: 0.8688
train >>> fold 1/5, epoch: 4/48, patient 1/24, mean_loss 0.0596, mean_acc 0.9931
train >>> fold 1/5, epoch: 4/48, patient 2/24, mean_loss 0.1211, mean_acc 0.9787
train >>> fold 1/5, epoch: 4/48, patient 3/24, mean_loss 0.3135, mean_acc 0.9548
train >>> fold 1/5, epoch: 4/48, patient 4/24, mean_loss 0.2237, mean_acc 0.9659
train >>> fold 1/5, epoch: 4/48, patient 5/24, mean_loss 0.2063, mean_acc 0.9676
train >>> fold 1/5, epoch: 4/48, patient 6/24, mean_loss 0.1751, mean_acc 0.9716
train >>> fold 1/5, epoch: 4/48, patient 7/24, mean_loss 0.1592, mean_acc 0.9742
train >>> fold 1/5, epoch: 4/48, patient 8/24, mean_loss 0.1548, mean_acc 0.9756
train >>> fold 1/5, epoch: 4/48, patient 9/24, mean_loss 0.1435, mean_acc 0.9768
train >>> fold 1/5, epoch: 4/48, patient 10/24, mean_loss 0.1334, mean_acc 0.9784
train >>> fold 1/5, epoch: 4/48, patient 11/24, mean_loss 0.1227, mean_acc 0.9800
train >>> fold 1/5, epoch: 4/48, patient 12/24, mean_loss 0.1098, mean_acc 0.9821
train >>> fold 1/5, epoch: 4/48, patient 13/24, mean_loss 0.1293, mean_acc 0.9795
train >>> fold 1/5, epoch: 4/48, patient 14/24, mean_loss 0.1252, mean_acc 0.9806
train >>> fold 1/5, epoch: 4/48, patient 15/24, mean_loss 0.1189, mean_acc 0.9816
train >>> fold 1/5, epoch: 4/48, patient 16/24, mean_loss 0.1127, mean_acc 0.9826
train >>> fold 1/5, epoch: 4/48, patient 17/24, mean_loss 0.1048, mean_acc 0.9834
train >>> fold 1/5, epoch: 4/48, patient 18/24, mean_loss 0.1120, mean_acc 0.9817
train >>> fold 1/5, epoch: 4/48, patient 19/24, mean_loss 0.1057, mean_acc 0.9824
train >>> fold 1/5, epoch: 4/48, patient 20/24, mean_loss 0.1016, mean_acc 0.9831
train >>> fold 1/5, epoch: 4/48, patient 21/24, mean_loss 0.0981, mean_acc 0.9837
train >>> fold 1/5, epoch: 4/48, patient 22/24, mean_loss 0.1005, mean_acc 0.9834
train >>> fold 1/5, epoch: 4/48, patient 23/24, mean_loss 0.1133, mean_acc 0.9831
train >>> fold 1/5, epoch: 4/48, patient 24/24, mean_loss 0.1218, mean_acc 0.9829
valid >>> epoch: 4/48, mean_loss: 4.8275, mean_acc: 0.8356
train >>> fold 1/5, epoch: 5/48, patient 1/24, mean_loss 1.0057, mean_acc 0.9200
train >>> fold 1/5, epoch: 5/48, patient 2/24, mean_loss 0.4344, mean_acc 0.9648
train >>> fold 1/5, epoch: 5/48, patient 3/24, mean_loss 0.3334, mean_acc 0.9750
train >>> fold 1/5, epoch: 5/48, patient 4/24, mean_loss 0.2984, mean_acc 0.9756
train >>> fold 1/5, epoch: 5/48, patient 5/24, mean_loss 0.2531, mean_acc 0.9793
train >>> fold 1/5, epoch: 5/48, patient 6/24, mean_loss 0.2237, mean_acc 0.9806
train >>> fold 1/5, epoch: 5/48, patient 7/24, mean_loss 0.1983, mean_acc 0.9816
train >>> fold 1/5, epoch: 5/48, patient 8/24, mean_loss 0.1721, mean_acc 0.9840
train >>> fold 1/5, epoch: 5/48, patient 9/24, mean_loss 0.1550, mean_acc 0.9856
train >>> fold 1/5, epoch: 5/48, patient 10/24, mean_loss 0.1507, mean_acc 0.9854
train >>> fold 1/5, epoch: 5/48, patient 11/24, mean_loss 0.1452, mean_acc 0.9864
train >>> fold 1/5, epoch: 5/48, patient 12/24, mean_loss 0.1320, mean_acc 0.9871
train >>> fold 1/5, epoch: 5/48, patient 13/24, mean_loss 0.1191, mean_acc 0.9879
train >>> fold 1/5, epoch: 5/48, patient 14/24, mean_loss 0.1129, mean_acc 0.9885
train >>> fold 1/5, epoch: 5/48, patient 15/24, mean_loss 0.1191, mean_acc 0.9885
train >>> fold 1/5, epoch: 5/48, patient 16/24, mean_loss 0.1102, mean_acc 0.9894
train >>> fold 1/5, epoch: 5/48, patient 17/24, mean_loss 0.1172, mean_acc 0.9894
train >>> fold 1/5, epoch: 5/48, patient 18/24, mean_loss 0.1154, mean_acc 0.9889
train >>> fold 1/5, epoch: 5/48, patient 19/24, mean_loss 0.1176, mean_acc 0.9886
train >>> fold 1/5, epoch: 5/48, patient 20/24, mean_loss 0.1108, mean_acc 0.9892
train >>> fold 1/5, epoch: 5/48, patient 21/24, mean_loss 0.1066, mean_acc 0.9890
train >>> fold 1/5, epoch: 5/48, patient 22/24, mean_loss 0.1030, mean_acc 0.9891
train >>> fold 1/5, epoch: 5/48, patient 23/24, mean_loss 0.0994, mean_acc 0.9893
train >>> fold 1/5, epoch: 5/48, patient 24/24, mean_loss 0.1459, mean_acc 0.9867
valid >>> epoch: 5/48, mean_loss: 4.4701, mean_acc: 0.8605
train >>> fold 1/5, epoch: 6/48, patient 1/24, mean_loss 0.0342, mean_acc 0.9891
train >>> fold 1/5, epoch: 6/48, patient 2/24, mean_loss 0.0228, mean_acc 0.9928
train >>> fold 1/5, epoch: 6/48, patient 3/24, mean_loss 0.0432, mean_acc 0.9904
train >>> fold 1/5, epoch: 6/48, patient 4/24, mean_loss 0.1054, mean_acc 0.9893
train >>> fold 1/5, epoch: 6/48, patient 5/24, mean_loss 0.4496, mean_acc 0.9802
train >>> fold 1/5, epoch: 6/48, patient 6/24, mean_loss 0.3996, mean_acc 0.9801
train >>> fold 1/5, epoch: 6/48, patient 7/24, mean_loss 0.3864, mean_acc 0.9789
train >>> fold 1/5, epoch: 6/48, patient 8/24, mean_loss 0.3543, mean_acc 0.9787
train >>> fold 1/5, epoch: 6/48, patient 9/24, mean_loss 0.3218, mean_acc 0.9806
train >>> fold 1/5, epoch: 6/48, patient 10/24, mean_loss 0.2967, mean_acc 0.9821
train >>> fold 1/5, epoch: 6/48, patient 11/24, mean_loss 0.2767, mean_acc 0.9826
train >>> fold 1/5, epoch: 6/48, patient 12/24, mean_loss 0.2472, mean_acc 0.9844
train >>> fold 1/5, epoch: 6/48, patient 13/24, mean_loss 0.2333, mean_acc 0.9853
train >>> fold 1/5, epoch: 6/48, patient 14/24, mean_loss 0.2762, mean_acc 0.9821
train >>> fold 1/5, epoch: 6/48, patient 15/24, mean_loss 0.2588, mean_acc 0.9828
train >>> fold 1/5, epoch: 6/48, patient 16/24, mean_loss 0.2482, mean_acc 0.9832
train >>> fold 1/5, epoch: 6/48, patient 17/24, mean_loss 0.2378, mean_acc 0.9832
train >>> fold 1/5, epoch: 6/48, patient 18/24, mean_loss 0.2397, mean_acc 0.9836
train >>> fold 1/5, epoch: 6/48, patient 19/24, mean_loss 0.2304, mean_acc 0.9842
train >>> fold 1/5, epoch: 6/48, patient 20/24, mean_loss 0.2574, mean_acc 0.9810
train >>> fold 1/5, epoch: 6/48, patient 21/24, mean_loss 0.2440, mean_acc 0.9817
train >>> fold 1/5, epoch: 6/48, patient 22/24, mean_loss 0.2272, mean_acc 0.9830
train >>> fold 1/5, epoch: 6/48, patient 23/24, mean_loss 0.2181, mean_acc 0.9837
train >>> fold 1/5, epoch: 6/48, patient 24/24, mean_loss 0.2095, mean_acc 0.9842
valid >>> epoch: 6/48, mean_loss: 2.7589, mean_acc: 0.8798
train >>> fold 1/5, epoch: 7/48, patient 1/24, mean_loss 0.0000, mean_acc 1.0000
train >>> fold 1/5, epoch: 7/48, patient 2/24, mean_loss 0.0000, mean_acc 1.0000
train >>> fold 1/5, epoch: 7/48, patient 3/24, mean_loss 0.0229, mean_acc 0.9948
train >>> fold 1/5, epoch: 7/48, patient 4/24, mean_loss 0.0374, mean_acc 0.9922
train >>> fold 1/5, epoch: 7/48, patient 5/24, mean_loss 0.0383, mean_acc 0.9909
train >>> fold 1/5, epoch: 7/48, patient 6/24, mean_loss 0.0815, mean_acc 0.9907
train >>> fold 1/5, epoch: 7/48, patient 7/24, mean_loss 0.1030, mean_acc 0.9879
train >>> fold 1/5, epoch: 7/48, patient 8/24, mean_loss 0.2009, mean_acc 0.9831
train >>> fold 1/5, epoch: 7/48, patient 9/24, mean_loss 0.1675, mean_acc 0.9859
train >>> fold 1/5, epoch: 7/48, patient 10/24, mean_loss 0.1561, mean_acc 0.9868
train >>> fold 1/5, epoch: 7/48, patient 11/24, mean_loss 0.1386, mean_acc 0.9883
train >>> fold 1/5, epoch: 7/48, patient 12/24, mean_loss 0.1317, mean_acc 0.9886
train >>> fold 1/5, epoch: 7/48, patient 13/24, mean_loss 0.1287, mean_acc 0.9890
train >>> fold 1/5, epoch: 7/48, patient 14/24, mean_loss 0.1155, mean_acc 0.9901
train >>> fold 1/5, epoch: 7/48, patient 15/24, mean_loss 0.1086, mean_acc 0.9907
train >>> fold 1/5, epoch: 7/48, patient 16/24, mean_loss 0.1090, mean_acc 0.9908
train >>> fold 1/5, epoch: 7/48, patient 17/24, mean_loss 0.1040, mean_acc 0.9912
train >>> fold 1/5, epoch: 7/48, patient 18/24, mean_loss 0.1000, mean_acc 0.9916
train >>> fold 1/5, epoch: 7/48, patient 19/24, mean_loss 0.0963, mean_acc 0.9915
train >>> fold 1/5, epoch: 7/48, patient 20/24, mean_loss 0.1138, mean_acc 0.9911
train >>> fold 1/5, epoch: 7/48, patient 21/24, mean_loss 0.1126, mean_acc 0.9910
train >>> fold 1/5, epoch: 7/48, patient 22/24, mean_loss 0.1092, mean_acc 0.9913
train >>> fold 1/5, epoch: 7/48, patient 23/24, mean_loss 0.1139, mean_acc 0.9905
train >>> fold 1/5, epoch: 7/48, patient 24/24, mean_loss 0.1127, mean_acc 0.9906
valid >>> epoch: 7/48, mean_loss: 5.5287, mean_acc: 0.8688
train >>> fold 1/5, epoch: 8/48, patient 1/24, mean_loss 0.0000, mean_acc 1.0000
train >>> fold 1/5, epoch: 8/48, patient 2/24, mean_loss 0.0000, mean_acc 1.0000
train >>> fold 1/5, epoch: 8/48, patient 3/24, mean_loss 0.0000, mean_acc 1.0000
train >>> fold 1/5, epoch: 8/48, patient 4/24, mean_loss 0.0324, mean_acc 0.9956
train >>> fold 1/5, epoch: 8/48, patient 5/24, mean_loss 0.0383, mean_acc 0.9927
train >>> fold 1/5, epoch: 8/48, patient 6/24, mean_loss 0.1727, mean_acc 0.9824
train >>> fold 1/5, epoch: 8/48, patient 7/24, mean_loss 0.1529, mean_acc 0.9844
train >>> fold 1/5, epoch: 8/48, patient 8/24, mean_loss 0.1316, mean_acc 0.9865
train >>> fold 1/5, epoch: 8/48, patient 9/24, mean_loss 0.1129, mean_acc 0.9885
train >>> fold 1/5, epoch: 8/48, patient 10/24, mean_loss 0.1059, mean_acc 0.9894
train >>> fold 1/5, epoch: 8/48, patient 11/24, mean_loss 0.0983, mean_acc 0.9897
train >>> fold 1/5, epoch: 8/48, patient 12/24, mean_loss 0.0986, mean_acc 0.9897
train >>> fold 1/5, epoch: 8/48, patient 13/24, mean_loss 0.1174, mean_acc 0.9891
train >>> fold 1/5, epoch: 8/48, patient 14/24, mean_loss 0.1289, mean_acc 0.9880
train >>> fold 1/5, epoch: 8/48, patient 15/24, mean_loss 0.1179, mean_acc 0.9890
train >>> fold 1/5, epoch: 8/48, patient 16/24, mean_loss 0.1125, mean_acc 0.9895
train >>> fold 1/5, epoch: 8/48, patient 17/24, mean_loss 0.1050, mean_acc 0.9902
train >>> fold 1/5, epoch: 8/48, patient 18/24, mean_loss 0.0982, mean_acc 0.9909
train >>> fold 1/5, epoch: 8/48, patient 19/24, mean_loss 0.0956, mean_acc 0.9910
train >>> fold 1/5, epoch: 8/48, patient 20/24, mean_loss 0.0920, mean_acc 0.9914
train >>> fold 1/5, epoch: 8/48, patient 21/24, mean_loss 0.0970, mean_acc 0.9907
train >>> fold 1/5, epoch: 8/48, patient 22/24, mean_loss 0.1499, mean_acc 0.9893
train >>> fold 1/5, epoch: 8/48, patient 23/24, mean_loss 0.1527, mean_acc 0.9889
train >>> fold 1/5, epoch: 8/48, patient 24/24, mean_loss 0.1619, mean_acc 0.9887
valid >>> epoch: 8/48, mean_loss: 9.0044, mean_acc: 0.8494
train >>> fold 1/5, epoch: 9/48, patient 1/24, mean_loss 0.1460, mean_acc 0.9786
train >>> fold 1/5, epoch: 9/48, patient 2/24, mean_loss 0.0703, mean_acc 0.9881
train >>> fold 1/5, epoch: 9/48, patient 3/24, mean_loss 0.0547, mean_acc 0.9907
train >>> fold 1/5, epoch: 9/48, patient 4/24, mean_loss 0.0420, mean_acc 0.9931
train >>> fold 1/5, epoch: 9/48, patient 5/24, mean_loss 0.0334, mean_acc 0.9945
train >>> fold 1/5, epoch: 9/48, patient 6/24, mean_loss 0.0528, mean_acc 0.9938
train >>> fold 1/5, epoch: 9/48, patient 7/24, mean_loss 0.0473, mean_acc 0.9945
train >>> fold 1/5, epoch: 9/48, patient 8/24, mean_loss 0.0769, mean_acc 0.9910
train >>> fold 1/5, epoch: 9/48, patient 9/24, mean_loss 0.0704, mean_acc 0.9918
train >>> fold 1/5, epoch: 9/48, patient 10/24, mean_loss 0.0835, mean_acc 0.9907
train >>> fold 1/5, epoch: 9/48, patient 11/24, mean_loss 0.2469, mean_acc 0.9881
train >>> fold 1/5, epoch: 9/48, patient 12/24, mean_loss 0.2202, mean_acc 0.9894
train >>> fold 1/5, epoch: 9/48, patient 13/24, mean_loss 0.2013, mean_acc 0.9897
train >>> fold 1/5, epoch: 9/48, patient 14/24, mean_loss 0.1982, mean_acc 0.9876
train >>> fold 1/5, epoch: 9/48, patient 15/24, mean_loss 0.1844, mean_acc 0.9885
train >>> fold 1/5, epoch: 9/48, patient 16/24, mean_loss 0.1812, mean_acc 0.9885
train >>> fold 1/5, epoch: 9/48, patient 17/24, mean_loss 0.1723, mean_acc 0.9891
train >>> fold 1/5, epoch: 9/48, patient 18/24, mean_loss 0.1629, mean_acc 0.9896
train >>> fold 1/5, epoch: 9/48, patient 19/24, mean_loss 0.1509, mean_acc 0.9904
train >>> fold 1/5, epoch: 9/48, patient 20/24, mean_loss 0.1428, mean_acc 0.9909
train >>> fold 1/5, epoch: 9/48, patient 21/24, mean_loss 0.1356, mean_acc 0.9914
train >>> fold 1/5, epoch: 9/48, patient 22/24, mean_loss 0.2064, mean_acc 0.9881
train >>> fold 1/5, epoch: 9/48, patient 23/24, mean_loss 0.2036, mean_acc 0.9880
train >>> fold 1/5, epoch: 9/48, patient 24/24, mean_loss 0.2070, mean_acc 0.9880
valid >>> epoch: 9/48, mean_loss: 11.7535, mean_acc: 0.8356
train >>> fold 1/5, epoch: 10/48, patient 1/24, mean_loss 0.0000, mean_acc 1.0000
train >>> fold 1/5, epoch: 10/48, patient 2/24, mean_loss 0.0000, mean_acc 1.0000
train >>> fold 1/5, epoch: 10/48, patient 3/24, mean_loss 0.0709, mean_acc 0.9947
train >>> fold 1/5, epoch: 10/48, patient 4/24, mean_loss 0.0547, mean_acc 0.9961
train >>> fold 1/5, epoch: 10/48, patient 5/24, mean_loss 0.0658, mean_acc 0.9950
train >>> fold 1/5, epoch: 10/48, patient 6/24, mean_loss 0.0869, mean_acc 0.9947
train >>> fold 1/5, epoch: 10/48, patient 7/24, mean_loss 0.1121, mean_acc 0.9943
train >>> fold 1/5, epoch: 10/48, patient 8/24, mean_loss 0.0918, mean_acc 0.9954
train >>> fold 1/5, epoch: 10/48, patient 9/24, mean_loss 0.0830, mean_acc 0.9951
train >>> fold 1/5, epoch: 10/48, patient 10/24, mean_loss 0.0823, mean_acc 0.9947
train >>> fold 1/5, epoch: 10/48, patient 11/24, mean_loss 0.0789, mean_acc 0.9946
train >>> fold 1/5, epoch: 10/48, patient 12/24, mean_loss 0.0719, mean_acc 0.9950
train >>> fold 1/5, epoch: 10/48, patient 13/24, mean_loss 0.0662, mean_acc 0.9954
train >>> fold 1/5, epoch: 10/48, patient 14/24, mean_loss 0.0635, mean_acc 0.9951
train >>> fold 1/5, epoch: 10/48, patient 15/24, mean_loss 0.0590, mean_acc 0.9950
train >>> fold 1/5, epoch: 10/48, patient 16/24, mean_loss 0.0562, mean_acc 0.9953
train >>> fold 1/5, epoch: 10/48, patient 17/24, mean_loss 0.0531, mean_acc 0.9955
train >>> fold 1/5, epoch: 10/48, patient 18/24, mean_loss 0.0510, mean_acc 0.9957
train >>> fold 1/5, epoch: 10/48, patient 19/24, mean_loss 0.0490, mean_acc 0.9959
train >>> fold 1/5, epoch: 10/48, patient 20/24, mean_loss 0.0471, mean_acc 0.9960
train >>> fold 1/5, epoch: 10/48, patient 21/24, mean_loss 0.0439, mean_acc 0.9963
train >>> fold 1/5, epoch: 10/48, patient 22/24, mean_loss 0.0409, mean_acc 0.9965
train >>> fold 1/5, epoch: 10/48, patient 23/24, mean_loss 0.0396, mean_acc 0.9967
train >>> fold 1/5, epoch: 10/48, patient 24/24, mean_loss 0.0383, mean_acc 0.9968
valid >>> epoch: 10/48, mean_loss: 8.3839, mean_acc: 0.8660
train >>> fold 1/5, epoch: 11/48, patient 1/24, mean_loss 0.0000, mean_acc 1.0000
train >>> fold 1/5, epoch: 11/48, patient 2/24, mean_loss 0.0032, mean_acc 0.9965
train >>> fold 1/5, epoch: 11/48, patient 3/24, mean_loss 0.0021, mean_acc 0.9977
train >>> fold 1/5, epoch: 11/48, patient 4/24, mean_loss 0.0017, mean_acc 0.9981
train >>> fold 1/5, epoch: 11/48, patient 5/24, mean_loss 0.0013, mean_acc 0.9986
train >>> fold 1/5, epoch: 11/48, patient 6/24, mean_loss 0.0010, mean_acc 0.9988
train >>> fold 1/5, epoch: 11/48, patient 7/24, mean_loss 0.0010, mean_acc 0.9990
train >>> fold 1/5, epoch: 11/48, patient 8/24, mean_loss 0.0009, mean_acc 0.9990
train >>> fold 1/5, epoch: 11/48, patient 9/24, mean_loss 0.0008, mean_acc 0.9992
train >>> fold 1/5, epoch: 11/48, patient 10/24, mean_loss 0.0007, mean_acc 0.9992
train >>> fold 1/5, epoch: 11/48, patient 11/24, mean_loss 0.0071, mean_acc 0.9986
train >>> fold 1/5, epoch: 11/48, patient 12/24, mean_loss 0.0150, mean_acc 0.9981
train >>> fold 1/5, epoch: 11/48, patient 13/24, mean_loss 0.0139, mean_acc 0.9982
train >>> fold 1/5, epoch: 11/48, patient 14/24, mean_loss 0.0124, mean_acc 0.9984
train >>> fold 1/5, epoch: 11/48, patient 15/24, mean_loss 0.0113, mean_acc 0.9985
train >>> fold 1/5, epoch: 11/48, patient 16/24, mean_loss 0.0105, mean_acc 0.9986
train >>> fold 1/5, epoch: 11/48, patient 17/24, mean_loss 0.0098, mean_acc 0.9987
train >>> fold 1/5, epoch: 11/48, patient 18/24, mean_loss 0.0111, mean_acc 0.9980
train >>> fold 1/5, epoch: 11/48, patient 19/24, mean_loss 0.0107, mean_acc 0.9980
train >>> fold 1/5, epoch: 11/48, patient 20/24, mean_loss 0.0103, mean_acc 0.9981
train >>> fold 1/5, epoch: 11/48, patient 21/24, mean_loss 0.0100, mean_acc 0.9982
train >>> fold 1/5, epoch: 11/48, patient 22/24, mean_loss 0.0095, mean_acc 0.9983
train >>> fold 1/5, epoch: 11/48, patient 23/24, mean_loss 0.0091, mean_acc 0.9983
train >>> fold 1/5, epoch: 11/48, patient 24/24, mean_loss 0.0088, mean_acc 0.9984
valid >>> epoch: 11/48, mean_loss: 8.4291, mean_acc: 0.8715
train >>> fold 1/5, epoch: 12/48, patient 1/24, mean_loss 0.0000, mean_acc 1.0000
train >>> fold 1/5, epoch: 12/48, patient 2/24, mean_loss 0.0000, mean_acc 1.0000
train >>> fold 1/5, epoch: 12/48, patient 3/24, mean_loss 0.0000, mean_acc 1.0000
train >>> fold 1/5, epoch: 12/48, patient 4/24, mean_loss 0.0000, mean_acc 1.0000
train >>> fold 1/5, epoch: 12/48, patient 5/24, mean_loss 0.0214, mean_acc 0.9985
train >>> fold 1/5, epoch: 12/48, patient 6/24, mean_loss 0.0176, mean_acc 0.9977
train >>> fold 1/5, epoch: 12/48, patient 7/24, mean_loss 0.0150, mean_acc 0.9981
train >>> fold 1/5, epoch: 12/48, patient 8/24, mean_loss 0.0130, mean_acc 0.9983
train >>> fold 1/5, epoch: 12/48, patient 9/24, mean_loss 0.0116, mean_acc 0.9985
train >>> fold 1/5, epoch: 12/48, patient 10/24, mean_loss 0.0108, mean_acc 0.9986
train >>> fold 1/5, epoch: 12/48, patient 11/24, mean_loss 0.0100, mean_acc 0.9987
train >>> fold 1/5, epoch: 12/48, patient 12/24, mean_loss 0.0104, mean_acc 0.9982
train >>> fold 1/5, epoch: 12/48, patient 13/24, mean_loss 0.0095, mean_acc 0.9983
train >>> fold 1/5, epoch: 12/48, patient 14/24, mean_loss 0.0086, mean_acc 0.9985
train >>> fold 1/5, epoch: 12/48, patient 15/24, mean_loss 0.0093, mean_acc 0.9981
train >>> fold 1/5, epoch: 12/48, patient 16/24, mean_loss 0.0104, mean_acc 0.9977
train >>> fold 1/5, epoch: 12/48, patient 17/24, mean_loss 0.0100, mean_acc 0.9978
train >>> fold 1/5, epoch: 12/48, patient 18/24, mean_loss 0.0555, mean_acc 0.9950
train >>> fold 1/5, epoch: 12/48, patient 19/24, mean_loss 0.0756, mean_acc 0.9936
train >>> fold 1/5, epoch: 12/48, patient 20/24, mean_loss 0.0824, mean_acc 0.9936
train >>> fold 1/5, epoch: 12/48, patient 21/24, mean_loss 0.0795, mean_acc 0.9938
train >>> fold 1/5, epoch: 12/48, patient 22/24, mean_loss 0.0798, mean_acc 0.9937
train >>> fold 1/5, epoch: 12/48, patient 23/24, mean_loss 0.0820, mean_acc 0.9936
train >>> fold 1/5, epoch: 12/48, patient 24/24, mean_loss 0.0913, mean_acc 0.9929
valid >>> epoch: 12/48, mean_loss: 6.5115, mean_acc: 0.8720
train >>> fold 1/5, epoch: 13/48, patient 1/24, mean_loss 0.0100, mean_acc 0.9932
train >>> fold 1/5, epoch: 13/48, patient 2/24, mean_loss 0.0062, mean_acc 0.9958
train >>> fold 1/5, epoch: 13/48, patient 3/24, mean_loss 0.0510, mean_acc 0.9949
train >>> fold 1/5, epoch: 13/48, patient 4/24, mean_loss 0.0411, mean_acc 0.9959
train >>> fold 1/5, epoch: 13/48, patient 5/24, mean_loss 0.0292, mean_acc 0.9971
train >>> fold 1/5, epoch: 13/48, patient 6/24, mean_loss 0.0254, mean_acc 0.9975
train >>> fold 1/5, epoch: 13/48, patient 7/24, mean_loss 0.0276, mean_acc 0.9966
train >>> fold 1/5, epoch: 13/48, patient 8/24, mean_loss 0.0295, mean_acc 0.9961
train >>> fold 1/5, epoch: 13/48, patient 9/24, mean_loss 0.0272, mean_acc 0.9964
train >>> fold 1/5, epoch: 13/48, patient 10/24, mean_loss 0.0249, mean_acc 0.9967
train >>> fold 1/5, epoch: 13/48, patient 11/24, mean_loss 0.0386, mean_acc 0.9962
train >>> fold 1/5, epoch: 13/48, patient 12/24, mean_loss 0.0360, mean_acc 0.9964
train >>> fold 1/5, epoch: 13/48, patient 13/24, mean_loss 0.0343, mean_acc 0.9961
train >>> fold 1/5, epoch: 13/48, patient 14/24, mean_loss 0.0315, mean_acc 0.9964
train >>> fold 1/5, epoch: 13/48, patient 15/24, mean_loss 0.0364, mean_acc 0.9961
train >>> fold 1/5, epoch: 13/48, patient 16/24, mean_loss 0.0480, mean_acc 0.9960
train >>> fold 1/5, epoch: 13/48, patient 17/24, mean_loss 0.0459, mean_acc 0.9962
train >>> fold 1/5, epoch: 13/48, patient 18/24, mean_loss 0.0502, mean_acc 0.9954
train >>> fold 1/5, epoch: 13/48, patient 19/24, mean_loss 0.0487, mean_acc 0.9951
train >>> fold 1/5, epoch: 13/48, patient 20/24, mean_loss 0.0480, mean_acc 0.9946
train >>> fold 1/5, epoch: 13/48, patient 21/24, mean_loss 0.0454, mean_acc 0.9949
train >>> fold 1/5, epoch: 13/48, patient 22/24, mean_loss 0.0424, mean_acc 0.9953
train >>> fold 1/5, epoch: 13/48, patient 23/24, mean_loss 0.0401, mean_acc 0.9955
train >>> fold 1/5, epoch: 13/48, patient 24/24, mean_loss 0.0385, mean_acc 0.9957
valid >>> epoch: 13/48, mean_loss: 10.8953, mean_acc: 0.8674
train >>> fold 1/5, epoch: 14/48, patient 1/24, mean_loss 0.0000, mean_acc 1.0000
train >>> fold 1/5, epoch: 14/48, patient 2/24, mean_loss 0.0000, mean_acc 1.0000
train >>> fold 1/5, epoch: 14/48, patient 3/24, mean_loss 0.0000, mean_acc 1.0000
train >>> fold 1/5, epoch: 14/48, patient 4/24, mean_loss 0.0000, mean_acc 1.0000
train >>> fold 1/5, epoch: 14/48, patient 5/24, mean_loss 0.0000, mean_acc 1.0000
train >>> fold 1/5, epoch: 14/48, patient 6/24, mean_loss 0.0000, mean_acc 1.0000
train >>> fold 1/5, epoch: 14/48, patient 7/24, mean_loss 0.0000, mean_acc 1.0000
train >>> fold 1/5, epoch: 14/48, patient 8/24, mean_loss 0.0000, mean_acc 1.0000
train >>> fold 1/5, epoch: 14/48, patient 9/24, mean_loss 0.0000, mean_acc 1.0000
train >>> fold 1/5, epoch: 14/48, patient 10/24, mean_loss 0.0000, mean_acc 1.0000
train >>> fold 1/5, epoch: 14/48, patient 11/24, mean_loss 0.0000, mean_acc 1.0000
train >>> fold 1/5, epoch: 14/48, patient 12/24, mean_loss 0.0000, mean_acc 1.0000
train >>> fold 1/5, epoch: 14/48, patient 13/24, mean_loss 0.0000, mean_acc 1.0000
train >>> fold 1/5, epoch: 14/48, patient 14/24, mean_loss 0.0000, mean_acc 1.0000
train >>> fold 1/5, epoch: 14/48, patient 15/24, mean_loss 0.0005, mean_acc 0.9995
train >>> fold 1/5, epoch: 14/48, patient 16/24, mean_loss 0.0139, mean_acc 0.9985
train >>> fold 1/5, epoch: 14/48, patient 17/24, mean_loss 0.0246, mean_acc 0.9982
train >>> fold 1/5, epoch: 14/48, patient 18/24, mean_loss 0.0237, mean_acc 0.9983
train >>> fold 1/5, epoch: 14/48, patient 19/24, mean_loss 0.0224, mean_acc 0.9983
train >>> fold 1/5, epoch: 14/48, patient 20/24, mean_loss 0.0210, mean_acc 0.9984
train >>> fold 1/5, epoch: 14/48, patient 21/24, mean_loss 0.0306, mean_acc 0.9978
train >>> fold 1/5, epoch: 14/48, patient 22/24, mean_loss 0.0711, mean_acc 0.9964
train >>> fold 1/5, epoch: 14/48, patient 23/24, mean_loss 0.0688, mean_acc 0.9966
train >>> fold 1/5, epoch: 14/48, patient 24/24, mean_loss 0.0847, mean_acc 0.9955
valid >>> epoch: 14/48, mean_loss: 16.7410, mean_acc: 0.8674
train >>> fold 1/5, epoch: 15/48, patient 1/24, mean_loss 0.6532, mean_acc 0.9931
train >>> fold 1/5, epoch: 15/48, patient 2/24, mean_loss 0.2767, mean_acc 0.9971
train >>> fold 1/5, epoch: 15/48, patient 3/24, mean_loss 0.2120, mean_acc 0.9977
train >>> fold 1/5, epoch: 15/48, patient 4/24, mean_loss 0.1572, mean_acc 0.9968
train >>> fold 1/5, epoch: 15/48, patient 5/24, mean_loss 0.2312, mean_acc 0.9945
train >>> fold 1/5, epoch: 15/48, patient 6/24, mean_loss 0.2112, mean_acc 0.9942
train >>> fold 1/5, epoch: 15/48, patient 7/24, mean_loss 0.1916, mean_acc 0.9947
train >>> fold 1/5, epoch: 15/48, patient 8/24, mean_loss 0.2632, mean_acc 0.9924
train >>> fold 1/5, epoch: 15/48, patient 9/24, mean_loss 0.4100, mean_acc 0.9878
train >>> fold 1/5, epoch: 15/48, patient 10/24, mean_loss 0.3784, mean_acc 0.9887
train >>> fold 1/5, epoch: 15/48, patient 11/24, mean_loss 0.3864, mean_acc 0.9883
train >>> fold 1/5, epoch: 15/48, patient 12/24, mean_loss 0.3787, mean_acc 0.9872
train >>> fold 1/5, epoch: 15/48, patient 13/24, mean_loss 0.4064, mean_acc 0.9876
train >>> fold 1/5, epoch: 15/48, patient 14/24, mean_loss 0.3904, mean_acc 0.9880
train >>> fold 1/5, epoch: 15/48, patient 15/24, mean_loss 0.3717, mean_acc 0.9885
train >>> fold 1/5, epoch: 15/48, patient 16/24, mean_loss 0.3458, mean_acc 0.9893
train >>> fold 1/5, epoch: 15/48, patient 17/24, mean_loss 0.3317, mean_acc 0.9898
train >>> fold 1/5, epoch: 15/48, patient 18/24, mean_loss 0.3169, mean_acc 0.9902
train >>> fold 1/5, epoch: 15/48, patient 19/24, mean_loss 0.2954, mean_acc 0.9909
train >>> fold 1/5, epoch: 15/48, patient 20/24, mean_loss 0.2804, mean_acc 0.9910
train >>> fold 1/5, epoch: 15/48, patient 21/24, mean_loss 0.2667, mean_acc 0.9915
train >>> fold 1/5, epoch: 15/48, patient 22/24, mean_loss 0.2528, mean_acc 0.9919
train >>> fold 1/5, epoch: 15/48, patient 23/24, mean_loss 0.2449, mean_acc 0.9922
train >>> fold 1/5, epoch: 15/48, patient 24/24, mean_loss 0.2391, mean_acc 0.9922
valid >>> epoch: 15/48, mean_loss: 6.9516, mean_acc: 0.8702
train >>> fold 1/5, epoch: 16/48, patient 1/24, mean_loss 0.0000, mean_acc 1.0000
train >>> fold 1/5, epoch: 16/48, patient 2/24, mean_loss 0.0028, mean_acc 0.9960
train >>> fold 1/5, epoch: 16/48, patient 3/24, mean_loss 0.0018, mean_acc 0.9974
train >>> fold 1/5, epoch: 16/48, patient 4/24, mean_loss 0.0755, mean_acc 0.9962
train >>> fold 1/5, epoch: 16/48, patient 5/24, mean_loss 0.2276, mean_acc 0.9896
train >>> fold 1/5, epoch: 16/48, patient 6/24, mean_loss 0.1850, mean_acc 0.9916
train >>> fold 1/5, epoch: 16/48, patient 7/24, mean_loss 0.1673, mean_acc 0.9924
train >>> fold 1/5, epoch: 16/48, patient 8/24, mean_loss 0.1515, mean_acc 0.9931
train >>> fold 1/5, epoch: 16/48, patient 9/24, mean_loss 0.1355, mean_acc 0.9938
train >>> fold 1/5, epoch: 16/48, patient 10/24, mean_loss 0.1214, mean_acc 0.9945
train >>> fold 1/5, epoch: 16/48, patient 11/24, mean_loss 0.1093, mean_acc 0.9950
train >>> fold 1/5, epoch: 16/48, patient 12/24, mean_loss 0.0989, mean_acc 0.9955
train >>> fold 1/5, epoch: 16/48, patient 13/24, mean_loss 0.0876, mean_acc 0.9960
train >>> fold 1/5, epoch: 16/48, patient 14/24, mean_loss 0.0788, mean_acc 0.9964
train >>> fold 1/5, epoch: 16/48, patient 15/24, mean_loss 0.0839, mean_acc 0.9961
train >>> fold 1/5, epoch: 16/48, patient 16/24, mean_loss 0.0799, mean_acc 0.9963
train >>> fold 1/5, epoch: 16/48, patient 17/24, mean_loss 0.0766, mean_acc 0.9964
train >>> fold 1/5, epoch: 16/48, patient 18/24, mean_loss 0.0726, mean_acc 0.9966
train >>> fold 1/5, epoch: 16/48, patient 19/24, mean_loss 0.0697, mean_acc 0.9968
train >>> fold 1/5, epoch: 16/48, patient 20/24, mean_loss 0.0654, mean_acc 0.9970
train >>> fold 1/5, epoch: 16/48, patient 21/24, mean_loss 0.0611, mean_acc 0.9972
train >>> fold 1/5, epoch: 16/48, patient 22/24, mean_loss 0.0592, mean_acc 0.9972
train >>> fold 1/5, epoch: 16/48, patient 23/24, mean_loss 0.0574, mean_acc 0.9973
train >>> fold 1/5, epoch: 16/48, patient 24/24, mean_loss 0.0556, mean_acc 0.9974
valid >>> epoch: 16/48, mean_loss: 6.6756, mean_acc: 0.8867
train >>> fold 1/5, epoch: 17/48, patient 1/24, mean_loss 0.0000, mean_acc 1.0000
train >>> fold 1/5, epoch: 17/48, patient 2/24, mean_loss 0.0000, mean_acc 1.0000
train >>> fold 1/5, epoch: 17/48, patient 3/24, mean_loss 0.0000, mean_acc 1.0000
train >>> fold 1/5, epoch: 17/48, patient 4/24, mean_loss 0.0000, mean_acc 1.0000
train >>> fold 1/5, epoch: 17/48, patient 5/24, mean_loss 0.0000, mean_acc 1.0000
train >>> fold 1/5, epoch: 17/48, patient 6/24, mean_loss 0.0000, mean_acc 1.0000
train >>> fold 1/5, epoch: 17/48, patient 7/24, mean_loss 0.0000, mean_acc 1.0000
train >>> fold 1/5, epoch: 17/48, patient 8/24, mean_loss 0.0009, mean_acc 0.9990
train >>> fold 1/5, epoch: 17/48, patient 9/24, mean_loss 0.0008, mean_acc 0.9991
train >>> fold 1/5, epoch: 17/48, patient 10/24, mean_loss 0.0007, mean_acc 0.9993
train >>> fold 1/5, epoch: 17/48, patient 11/24, mean_loss 0.0006, mean_acc 0.9993
train >>> fold 1/5, epoch: 17/48, patient 12/24, mean_loss 0.0006, mean_acc 0.9994
train >>> fold 1/5, epoch: 17/48, patient 13/24, mean_loss 0.0005, mean_acc 0.9994
train >>> fold 1/5, epoch: 17/48, patient 14/24, mean_loss 0.0005, mean_acc 0.9995
train >>> fold 1/5, epoch: 17/48, patient 15/24, mean_loss 0.0005, mean_acc 0.9995
train >>> fold 1/5, epoch: 17/48, patient 16/24, mean_loss 0.0004, mean_acc 0.9995
train >>> fold 1/5, epoch: 17/48, patient 17/24, mean_loss 0.0004, mean_acc 0.9996
train >>> fold 1/5, epoch: 17/48, patient 18/24, mean_loss 0.0004, mean_acc 0.9996
train >>> fold 1/5, epoch: 17/48, patient 19/24, mean_loss 0.0004, mean_acc 0.9996
train >>> fold 1/5, epoch: 17/48, patient 20/24, mean_loss 0.0004, mean_acc 0.9996
train >>> fold 1/5, epoch: 17/48, patient 21/24, mean_loss 0.0003, mean_acc 0.9996
train >>> fold 1/5, epoch: 17/48, patient 22/24, mean_loss 0.0003, mean_acc 0.9996
train >>> fold 1/5, epoch: 17/48, patient 23/24, mean_loss 0.0003, mean_acc 0.9997
train >>> fold 1/5, epoch: 17/48, patient 24/24, mean_loss 0.0096, mean_acc 0.9987
valid >>> epoch: 17/48, mean_loss: 4.4356, mean_acc: 0.8734
train >>> fold 1/5, epoch: 18/48, patient 1/24, mean_loss 0.1693, mean_acc 0.9872
train >>> fold 1/5, epoch: 18/48, patient 2/24, mean_loss 0.1005, mean_acc 0.9916
train >>> fold 1/5, epoch: 18/48, patient 3/24, mean_loss 0.0688, mean_acc 0.9942
train >>> fold 1/5, epoch: 18/48, patient 4/24, mean_loss 0.0508, mean_acc 0.9957
train >>> fold 1/5, epoch: 18/48, patient 5/24, mean_loss 0.0432, mean_acc 0.9964
train >>> fold 1/5, epoch: 18/48, patient 6/24, mean_loss 0.0369, mean_acc 0.9969
train >>> fold 1/5, epoch: 18/48, patient 7/24, mean_loss 0.0335, mean_acc 0.9972
train >>> fold 1/5, epoch: 18/48, patient 8/24, mean_loss 0.0298, mean_acc 0.9975
train >>> fold 1/5, epoch: 18/48, patient 9/24, mean_loss 0.0276, mean_acc 0.9977
train >>> fold 1/5, epoch: 18/48, patient 10/24, mean_loss 0.0253, mean_acc 0.9979
train >>> fold 1/5, epoch: 18/48, patient 11/24, mean_loss 0.0236, mean_acc 0.9980
train >>> fold 1/5, epoch: 18/48, patient 12/24, mean_loss 0.0272, mean_acc 0.9969
train >>> fold 1/5, epoch: 18/48, patient 13/24, mean_loss 0.0250, mean_acc 0.9971
train >>> fold 1/5, epoch: 18/48, patient 14/24, mean_loss 0.0789, mean_acc 0.9946
train >>> fold 1/5, epoch: 18/48, patient 15/24, mean_loss 0.0731, mean_acc 0.9950
train >>> fold 1/5, epoch: 18/48, patient 16/24, mean_loss 0.0700, mean_acc 0.9952
train >>> fold 1/5, epoch: 18/48, patient 17/24, mean_loss 0.0669, mean_acc 0.9954
train >>> fold 1/5, epoch: 18/48, patient 18/24, mean_loss 0.0657, mean_acc 0.9952
train >>> fold 1/5, epoch: 18/48, patient 19/24, mean_loss 0.0604, mean_acc 0.9955
train >>> fold 1/5, epoch: 18/48, patient 20/24, mean_loss 0.0570, mean_acc 0.9958
train >>> fold 1/5, epoch: 18/48, patient 21/24, mean_loss 0.0599, mean_acc 0.9956
train >>> fold 1/5, epoch: 18/48, patient 22/24, mean_loss 0.0570, mean_acc 0.9958
train >>> fold 1/5, epoch: 18/48, patient 23/24, mean_loss 0.0552, mean_acc 0.9959
train >>> fold 1/5, epoch: 18/48, patient 24/24, mean_loss 0.0526, mean_acc 0.9961
valid >>> epoch: 18/48, mean_loss: 8.5879, mean_acc: 0.8877
train >>> fold 1/5, epoch: 19/48, patient 1/24, mean_loss 0.0000, mean_acc 1.0000
train >>> fold 1/5, epoch: 19/48, patient 2/24, mean_loss 0.0009, mean_acc 1.0000
train >>> fold 1/5, epoch: 19/48, patient 3/24, mean_loss 0.0006, mean_acc 1.0000
train >>> fold 1/5, epoch: 19/48, patient 4/24, mean_loss 0.0004, mean_acc 1.0000
train >>> fold 1/5, epoch: 19/48, patient 5/24, mean_loss 0.0003, mean_acc 1.0000
train >>> fold 1/5, epoch: 19/48, patient 6/24, mean_loss 0.0003, mean_acc 1.0000
train >>> fold 1/5, epoch: 19/48, patient 7/24, mean_loss 0.0002, mean_acc 1.0000
train >>> fold 1/5, epoch: 19/48, patient 8/24, mean_loss 0.0002, mean_acc 1.0000
train >>> fold 1/5, epoch: 19/48, patient 9/24, mean_loss 0.0002, mean_acc 1.0000
train >>> fold 1/5, epoch: 19/48, patient 10/24, mean_loss 0.0002, mean_acc 1.0000
train >>> fold 1/5, epoch: 19/48, patient 11/24, mean_loss 0.0002, mean_acc 1.0000
train >>> fold 1/5, epoch: 19/48, patient 12/24, mean_loss 0.0001, mean_acc 1.0000
train >>> fold 1/5, epoch: 19/48, patient 13/24, mean_loss 0.0001, mean_acc 1.0000
train >>> fold 1/5, epoch: 19/48, patient 14/24, mean_loss 0.0001, mean_acc 1.0000
train >>> fold 1/5, epoch: 19/48, patient 15/24, mean_loss 0.0001, mean_acc 1.0000
train >>> fold 1/5, epoch: 19/48, patient 16/24, mean_loss 0.0001, mean_acc 1.0000
train >>> fold 1/5, epoch: 19/48, patient 17/24, mean_loss 0.0001, mean_acc 1.0000
train >>> fold 1/5, epoch: 19/48, patient 18/24, mean_loss 0.0001, mean_acc 1.0000
train >>> fold 1/5, epoch: 19/48, patient 19/24, mean_loss 0.0001, mean_acc 1.0000
train >>> fold 1/5, epoch: 19/48, patient 20/24, mean_loss 0.0001, mean_acc 1.0000
train >>> fold 1/5, epoch: 19/48, patient 21/24, mean_loss 0.0001, mean_acc 1.0000
train >>> fold 1/5, epoch: 19/48, patient 22/24, mean_loss 0.0001, mean_acc 1.0000
train >>> fold 1/5, epoch: 19/48, patient 23/24, mean_loss 0.0001, mean_acc 1.0000
train >>> fold 1/5, epoch: 19/48, patient 24/24, mean_loss 0.0001, mean_acc 1.0000
valid >>> epoch: 19/48, mean_loss: 9.8637, mean_acc: 0.8863
train >>> fold 1/5, epoch: 20/48, patient 1/24, mean_loss 0.0000, mean_acc 1.0000
train >>> fold 1/5, epoch: 20/48, patient 2/24, mean_loss 0.0000, mean_acc 1.0000
train >>> fold 1/5, epoch: 20/48, patient 3/24, mean_loss 0.0000, mean_acc 1.0000
train >>> fold 1/5, epoch: 20/48, patient 4/24, mean_loss 0.0000, mean_acc 1.0000
train >>> fold 1/5, epoch: 20/48, patient 5/24, mean_loss 0.0000, mean_acc 1.0000
train >>> fold 1/5, epoch: 20/48, patient 6/24, mean_loss 0.0000, mean_acc 1.0000
train >>> fold 1/5, epoch: 20/48, patient 7/24, mean_loss 0.0000, mean_acc 1.0000
train >>> fold 1/5, epoch: 20/48, patient 8/24, mean_loss 0.0000, mean_acc 1.0000
train >>> fold 1/5, epoch: 20/48, patient 9/24, mean_loss 0.0000, mean_acc 1.0000
train >>> fold 1/5, epoch: 20/48, patient 10/24, mean_loss 0.0000, mean_acc 1.0000
train >>> fold 1/5, epoch: 20/48, patient 11/24, mean_loss 0.0000, mean_acc 1.0000
train >>> fold 1/5, epoch: 20/48, patient 12/24, mean_loss 0.0000, mean_acc 1.0000
train >>> fold 1/5, epoch: 20/48, patient 13/24, mean_loss 0.0000, mean_acc 1.0000
train >>> fold 1/5, epoch: 20/48, patient 14/24, mean_loss 0.0000, mean_acc 1.0000
train >>> fold 1/5, epoch: 20/48, patient 15/24, mean_loss 0.0000, mean_acc 1.0000
train >>> fold 1/5, epoch: 20/48, patient 16/24, mean_loss 0.0000, mean_acc 1.0000
train >>> fold 1/5, epoch: 20/48, patient 17/24, mean_loss 0.0000, mean_acc 1.0000
train >>> fold 1/5, epoch: 20/48, patient 18/24, mean_loss 0.0000, mean_acc 1.0000
train >>> fold 1/5, epoch: 20/48, patient 19/24, mean_loss 0.0000, mean_acc 1.0000
train >>> fold 1/5, epoch: 20/48, patient 20/24, mean_loss 0.0000, mean_acc 1.0000
train >>> fold 1/5, epoch: 20/48, patient 21/24, mean_loss 0.0000, mean_acc 1.0000
train >>> fold 1/5, epoch: 20/48, patient 22/24, mean_loss 0.0000, mean_acc 1.0000
train >>> fold 1/5, epoch: 20/48, patient 23/24, mean_loss 0.0000, mean_acc 1.0000
train >>> fold 1/5, epoch: 20/48, patient 24/24, mean_loss 0.0000, mean_acc 1.0000
valid >>> epoch: 20/48, mean_loss: 9.8637, mean_acc: 0.8863
train >>> fold 1/5, epoch: 21/48, patient 1/24, mean_loss 0.0000, mean_acc 1.0000
train >>> fold 1/5, epoch: 21/48, patient 2/24, mean_loss 0.0000, mean_acc 1.0000
train >>> fold 1/5, epoch: 21/48, patient 3/24, mean_loss 0.0000, mean_acc 1.0000
train >>> fold 1/5, epoch: 21/48, patient 4/24, mean_loss 0.0000, mean_acc 1.0000
train >>> fold 1/5, epoch: 21/48, patient 5/24, mean_loss 0.0000, mean_acc 1.0000
train >>> fold 1/5, epoch: 21/48, patient 6/24, mean_loss 0.0000, mean_acc 1.0000
train >>> fold 1/5, epoch: 21/48, patient 7/24, mean_loss 0.0000, mean_acc 1.0000
train >>> fold 1/5, epoch: 21/48, patient 8/24, mean_loss 0.0000, mean_acc 1.0000
train >>> fold 1/5, epoch: 21/48, patient 9/24, mean_loss 0.0000, mean_acc 1.0000
train >>> fold 1/5, epoch: 21/48, patient 10/24, mean_loss 0.0000, mean_acc 1.0000
train >>> fold 1/5, epoch: 21/48, patient 11/24, mean_loss 0.0000, mean_acc 1.0000
train >>> fold 1/5, epoch: 21/48, patient 12/24, mean_loss 0.0000, mean_acc 1.0000
train >>> fold 1/5, epoch: 21/48, patient 13/24, mean_loss 0.0000, mean_acc 1.0000
train >>> fold 1/5, epoch: 21/48, patient 14/24, mean_loss 0.0000, mean_acc 1.0000
train >>> fold 1/5, epoch: 21/48, patient 15/24, mean_loss 0.0000, mean_acc 1.0000
train >>> fold 1/5, epoch: 21/48, patient 16/24, mean_loss 0.0000, mean_acc 1.0000
train >>> fold 1/5, epoch: 21/48, patient 17/24, mean_loss 0.0000, mean_acc 1.0000
train >>> fold 1/5, epoch: 21/48, patient 18/24, mean_loss 0.0000, mean_acc 1.0000
train >>> fold 1/5, epoch: 21/48, patient 19/24, mean_loss 0.0000, mean_acc 1.0000
train >>> fold 1/5, epoch: 21/48, patient 20/24, mean_loss 0.0000, mean_acc 1.0000
train >>> fold 1/5, epoch: 21/48, patient 21/24, mean_loss 0.0000, mean_acc 1.0000
train >>> fold 1/5, epoch: 21/48, patient 22/24, mean_loss 0.0000, mean_acc 1.0000
train >>> fold 1/5, epoch: 21/48, patient 23/24, mean_loss 0.0000, mean_acc 1.0000
train >>> fold 1/5, epoch: 21/48, patient 24/24, mean_loss 0.0000, mean_acc 1.0000
valid >>> epoch: 21/48, mean_loss: 9.8637, mean_acc: 0.8863
train >>> fold 1/5, epoch: 22/48, patient 1/24, mean_loss 0.0000, mean_acc 1.0000
train >>> fold 1/5, epoch: 22/48, patient 2/24, mean_loss 0.0000, mean_acc 1.0000
train >>> fold 1/5, epoch: 22/48, patient 3/24, mean_loss 0.0000, mean_acc 1.0000
train >>> fold 1/5, epoch: 22/48, patient 4/24, mean_loss 0.0000, mean_acc 1.0000
train >>> fold 1/5, epoch: 22/48, patient 5/24, mean_loss 0.0000, mean_acc 1.0000
train >>> fold 1/5, epoch: 22/48, patient 6/24, mean_loss 0.0000, mean_acc 1.0000
train >>> fold 1/5, epoch: 22/48, patient 7/24, mean_loss 0.0000, mean_acc 1.0000
train >>> fold 1/5, epoch: 22/48, patient 8/24, mean_loss 0.0000, mean_acc 1.0000
train >>> fold 1/5, epoch: 22/48, patient 9/24, mean_loss 0.0000, mean_acc 1.0000
train >>> fold 1/5, epoch: 22/48, patient 10/24, mean_loss 0.0000, mean_acc 1.0000
train >>> fold 1/5, epoch: 22/48, patient 11/24, mean_loss 0.0000, mean_acc 1.0000
train >>> fold 1/5, epoch: 22/48, patient 12/24, mean_loss 0.0000, mean_acc 1.0000
train >>> fold 1/5, epoch: 22/48, patient 13/24, mean_loss 0.0000, mean_acc 1.0000
train >>> fold 1/5, epoch: 22/48, patient 14/24, mean_loss 0.0000, mean_acc 1.0000
train >>> fold 1/5, epoch: 22/48, patient 15/24, mean_loss 0.0000, mean_acc 1.0000
train >>> fold 1/5, epoch: 22/48, patient 16/24, mean_loss 0.0000, mean_acc 1.0000
train >>> fold 1/5, epoch: 22/48, patient 17/24, mean_loss 0.0000, mean_acc 1.0000
train >>> fold 1/5, epoch: 22/48, patient 18/24, mean_loss 0.0000, mean_acc 1.0000
train >>> fold 1/5, epoch: 22/48, patient 19/24, mean_loss 0.0000, mean_acc 1.0000
train >>> fold 1/5, epoch: 22/48, patient 20/24, mean_loss 0.0000, mean_acc 1.0000
train >>> fold 1/5, epoch: 22/48, patient 21/24, mean_loss 0.0000, mean_acc 1.0000
train >>> fold 1/5, epoch: 22/48, patient 22/24, mean_loss 0.0000, mean_acc 1.0000
train >>> fold 1/5, epoch: 22/48, patient 23/24, mean_loss 0.0000, mean_acc 1.0000
train >>> fold 1/5, epoch: 22/48, patient 24/24, mean_loss 0.0000, mean_acc 1.0000
valid >>> epoch: 22/48, mean_loss: 9.8637, mean_acc: 0.8863
train >>> fold 1/5, epoch: 23/48, patient 1/24, mean_loss 0.0000, mean_acc 1.0000
train >>> fold 1/5, epoch: 23/48, patient 2/24, mean_loss 0.0000, mean_acc 1.0000
train >>> fold 1/5, epoch: 23/48, patient 3/24, mean_loss 0.0000, mean_acc 1.0000
train >>> fold 1/5, epoch: 23/48, patient 4/24, mean_loss 0.0000, mean_acc 1.0000
train >>> fold 1/5, epoch: 23/48, patient 5/24, mean_loss 0.0000, mean_acc 1.0000
train >>> fold 1/5, epoch: 23/48, patient 6/24, mean_loss 0.0000, mean_acc 1.0000
train >>> fold 1/5, epoch: 23/48, patient 7/24, mean_loss 0.0000, mean_acc 1.0000
train >>> fold 1/5, epoch: 23/48, patient 8/24, mean_loss 0.0000, mean_acc 1.0000
train >>> fold 1/5, epoch: 23/48, patient 9/24, mean_loss 0.0000, mean_acc 1.0000
train >>> fold 1/5, epoch: 23/48, patient 10/24, mean_loss 0.0000, mean_acc 1.0000
train >>> fold 1/5, epoch: 23/48, patient 11/24, mean_loss 0.0000, mean_acc 1.0000
train >>> fold 1/5, epoch: 23/48, patient 12/24, mean_loss 0.0000, mean_acc 1.0000
train >>> fold 1/5, epoch: 23/48, patient 13/24, mean_loss 0.0000, mean_acc 1.0000
train >>> fold 1/5, epoch: 23/48, patient 14/24, mean_loss 0.0000, mean_acc 1.0000
train >>> fold 1/5, epoch: 23/48, patient 15/24, mean_loss 0.0000, mean_acc 1.0000
train >>> fold 1/5, epoch: 23/48, patient 16/24, mean_loss 0.0000, mean_acc 1.0000
train >>> fold 1/5, epoch: 23/48, patient 17/24, mean_loss 0.0000, mean_acc 1.0000
train >>> fold 1/5, epoch: 23/48, patient 18/24, mean_loss 0.0000, mean_acc 1.0000
train >>> fold 1/5, epoch: 23/48, patient 19/24, mean_loss 0.0000, mean_acc 1.0000
train >>> fold 1/5, epoch: 23/48, patient 20/24, mean_loss 0.0000, mean_acc 1.0000
train >>> fold 1/5, epoch: 23/48, patient 21/24, mean_loss 0.0000, mean_acc 1.0000
train >>> fold 1/5, epoch: 23/48, patient 22/24, mean_loss 0.0000, mean_acc 1.0000
train >>> fold 1/5, epoch: 23/48, patient 23/24, mean_loss 0.0000, mean_acc 1.0000
train >>> fold 1/5, epoch: 23/48, patient 24/24, mean_loss 0.0000, mean_acc 1.0000
valid >>> epoch: 23/48, mean_loss: 9.8637, mean_acc: 0.8863
train >>> fold 1/5, epoch: 24/48, patient 1/24, mean_loss 0.0000, mean_acc 1.0000
train >>> fold 1/5, epoch: 24/48, patient 2/24, mean_loss 0.0000, mean_acc 1.0000
train >>> fold 1/5, epoch: 24/48, patient 3/24, mean_loss 0.0000, mean_acc 1.0000
train >>> fold 1/5, epoch: 24/48, patient 4/24, mean_loss 0.0000, mean_acc 1.0000
train >>> fold 1/5, epoch: 24/48, patient 5/24, mean_loss 0.0000, mean_acc 1.0000
train >>> fold 1/5, epoch: 24/48, patient 6/24, mean_loss 0.0000, mean_acc 1.0000
train >>> fold 1/5, epoch: 24/48, patient 7/24, mean_loss 0.0000, mean_acc 1.0000
train >>> fold 1/5, epoch: 24/48, patient 8/24, mean_loss 0.0000, mean_acc 1.0000
train >>> fold 1/5, epoch: 24/48, patient 9/24, mean_loss 0.0000, mean_acc 1.0000
train >>> fold 1/5, epoch: 24/48, patient 10/24, mean_loss 0.0000, mean_acc 1.0000
train >>> fold 1/5, epoch: 24/48, patient 11/24, mean_loss 0.0000, mean_acc 1.0000
train >>> fold 1/5, epoch: 24/48, patient 12/24, mean_loss 0.0000, mean_acc 1.0000
train >>> fold 1/5, epoch: 24/48, patient 13/24, mean_loss 0.0000, mean_acc 1.0000
train >>> fold 1/5, epoch: 24/48, patient 14/24, mean_loss 0.0000, mean_acc 1.0000
train >>> fold 1/5, epoch: 24/48, patient 15/24, mean_loss 0.0000, mean_acc 1.0000
train >>> fold 1/5, epoch: 24/48, patient 16/24, mean_loss 0.0000, mean_acc 1.0000
train >>> fold 1/5, epoch: 24/48, patient 17/24, mean_loss 0.0000, mean_acc 1.0000
train >>> fold 1/5, epoch: 24/48, patient 18/24, mean_loss 0.0000, mean_acc 1.0000
train >>> fold 1/5, epoch: 24/48, patient 19/24, mean_loss 0.0000, mean_acc 1.0000
train >>> fold 1/5, epoch: 24/48, patient 20/24, mean_loss 0.0000, mean_acc 1.0000
train >>> fold 1/5, epoch: 24/48, patient 21/24, mean_loss 0.0000, mean_acc 1.0000
train >>> fold 1/5, epoch: 24/48, patient 22/24, mean_loss 0.0000, mean_acc 1.0000
train >>> fold 1/5, epoch: 24/48, patient 23/24, mean_loss 0.0000, mean_acc 1.0000
train >>> fold 1/5, epoch: 24/48, patient 24/24, mean_loss 0.0000, mean_acc 1.0000
valid >>> epoch: 24/48, mean_loss: 9.8637, mean_acc: 0.8863
train >>> fold 1/5, epoch: 25/48, patient 1/24, mean_loss 0.0000, mean_acc 1.0000
train >>> fold 1/5, epoch: 25/48, patient 2/24, mean_loss 0.0000, mean_acc 1.0000
train >>> fold 1/5, epoch: 25/48, patient 3/24, mean_loss 0.0000, mean_acc 1.0000
train >>> fold 1/5, epoch: 25/48, patient 4/24, mean_loss 0.0000, mean_acc 1.0000
train >>> fold 1/5, epoch: 25/48, patient 5/24, mean_loss 0.0000, mean_acc 1.0000
train >>> fold 1/5, epoch: 25/48, patient 6/24, mean_loss 0.0000, mean_acc 1.0000
train >>> fold 1/5, epoch: 25/48, patient 7/24, mean_loss 0.0000, mean_acc 1.0000
train >>> fold 1/5, epoch: 25/48, patient 8/24, mean_loss 0.0000, mean_acc 1.0000
train >>> fold 1/5, epoch: 25/48, patient 9/24, mean_loss 0.0000, mean_acc 1.0000
train >>> fold 1/5, epoch: 25/48, patient 10/24, mean_loss 0.0000, mean_acc 1.0000
train >>> fold 1/5, epoch: 25/48, patient 11/24, mean_loss 0.0000, mean_acc 1.0000
train >>> fold 1/5, epoch: 25/48, patient 12/24, mean_loss 0.0000, mean_acc 1.0000
train >>> fold 1/5, epoch: 25/48, patient 13/24, mean_loss 0.0000, mean_acc 1.0000
train >>> fold 1/5, epoch: 25/48, patient 14/24, mean_loss 0.0000, mean_acc 1.0000
train >>> fold 1/5, epoch: 25/48, patient 15/24, mean_loss 0.0000, mean_acc 1.0000
train >>> fold 1/5, epoch: 25/48, patient 16/24, mean_loss 0.0000, mean_acc 1.0000
train >>> fold 1/5, epoch: 25/48, patient 17/24, mean_loss 0.0000, mean_acc 1.0000
train >>> fold 1/5, epoch: 25/48, patient 18/24, mean_loss 0.0000, mean_acc 1.0000
train >>> fold 1/5, epoch: 25/48, patient 19/24, mean_loss 0.0000, mean_acc 1.0000
train >>> fold 1/5, epoch: 25/48, patient 20/24, mean_loss 0.0000, mean_acc 1.0000
train >>> fold 1/5, epoch: 25/48, patient 21/24, mean_loss 0.0000, mean_acc 1.0000
train >>> fold 1/5, epoch: 25/48, patient 22/24, mean_loss 0.0000, mean_acc 1.0000
train >>> fold 1/5, epoch: 25/48, patient 23/24, mean_loss 0.0000, mean_acc 1.0000
train >>> fold 1/5, epoch: 25/48, patient 24/24, mean_loss 0.0000, mean_acc 1.0000
valid >>> epoch: 25/48, mean_loss: 9.8637, mean_acc: 0.8863
train >>> fold 1/5, epoch: 26/48, patient 1/24, mean_loss 0.0000, mean_acc 1.0000
train >>> fold 1/5, epoch: 26/48, patient 2/24, mean_loss 0.0000, mean_acc 1.0000
train >>> fold 1/5, epoch: 26/48, patient 3/24, mean_loss 0.0000, mean_acc 1.0000
train >>> fold 1/5, epoch: 26/48, patient 4/24, mean_loss 0.0000, mean_acc 1.0000
train >>> fold 1/5, epoch: 26/48, patient 5/24, mean_loss 0.0000, mean_acc 1.0000
train >>> fold 1/5, epoch: 26/48, patient 6/24, mean_loss 0.0000, mean_acc 1.0000
train >>> fold 1/5, epoch: 26/48, patient 7/24, mean_loss 0.0000, mean_acc 1.0000
train >>> fold 1/5, epoch: 26/48, patient 8/24, mean_loss 0.0000, mean_acc 1.0000
train >>> fold 1/5, epoch: 26/48, patient 9/24, mean_loss 0.0000, mean_acc 1.0000
train >>> fold 1/5, epoch: 26/48, patient 10/24, mean_loss 0.0000, mean_acc 1.0000
train >>> fold 1/5, epoch: 26/48, patient 11/24, mean_loss 0.0000, mean_acc 1.0000
train >>> fold 1/5, epoch: 26/48, patient 12/24, mean_loss 0.0000, mean_acc 1.0000
train >>> fold 1/5, epoch: 26/48, patient 13/24, mean_loss 0.0000, mean_acc 1.0000
train >>> fold 1/5, epoch: 26/48, patient 14/24, mean_loss 0.0000, mean_acc 1.0000
train >>> fold 1/5, epoch: 26/48, patient 15/24, mean_loss 0.0000, mean_acc 1.0000
train >>> fold 1/5, epoch: 26/48, patient 16/24, mean_loss 0.0000, mean_acc 1.0000
train >>> fold 1/5, epoch: 26/48, patient 17/24, mean_loss 0.0000, mean_acc 1.0000
train >>> fold 1/5, epoch: 26/48, patient 18/24, mean_loss 0.0000, mean_acc 1.0000
train >>> fold 1/5, epoch: 26/48, patient 19/24, mean_loss 0.0000, mean_acc 1.0000
train >>> fold 1/5, epoch: 26/48, patient 20/24, mean_loss 0.0000, mean_acc 1.0000
train >>> fold 1/5, epoch: 26/48, patient 21/24, mean_loss 0.0000, mean_acc 1.0000
train >>> fold 1/5, epoch: 26/48, patient 22/24, mean_loss 0.0000, mean_acc 1.0000
train >>> fold 1/5, epoch: 26/48, patient 23/24, mean_loss 0.0000, mean_acc 1.0000
train >>> fold 1/5, epoch: 26/48, patient 24/24, mean_loss 0.0000, mean_acc 1.0000
valid >>> epoch: 26/48, mean_loss: 9.8637, mean_acc: 0.8863
train >>> fold 1/5, epoch: 27/48, patient 1/24, mean_loss 0.0000, mean_acc 1.0000
train >>> fold 1/5, epoch: 27/48, patient 2/24, mean_loss 0.0000, mean_acc 1.0000
train >>> fold 1/5, epoch: 27/48, patient 3/24, mean_loss 0.0000, mean_acc 1.0000
train >>> fold 1/5, epoch: 27/48, patient 4/24, mean_loss 0.0000, mean_acc 1.0000
train >>> fold 1/5, epoch: 27/48, patient 5/24, mean_loss 0.0000, mean_acc 1.0000
train >>> fold 1/5, epoch: 27/48, patient 6/24, mean_loss 0.0000, mean_acc 1.0000
train >>> fold 1/5, epoch: 27/48, patient 7/24, mean_loss 0.0000, mean_acc 1.0000
train >>> fold 1/5, epoch: 27/48, patient 8/24, mean_loss 0.0000, mean_acc 1.0000
train >>> fold 1/5, epoch: 27/48, patient 9/24, mean_loss 0.0000, mean_acc 1.0000
train >>> fold 1/5, epoch: 27/48, patient 10/24, mean_loss 0.0000, mean_acc 1.0000
train >>> fold 1/5, epoch: 27/48, patient 11/24, mean_loss 0.0000, mean_acc 1.0000
train >>> fold 1/5, epoch: 27/48, patient 12/24, mean_loss 0.0000, mean_acc 1.0000
train >>> fold 1/5, epoch: 27/48, patient 13/24, mean_loss 0.0000, mean_acc 1.0000
train >>> fold 1/5, epoch: 27/48, patient 14/24, mean_loss 0.0000, mean_acc 1.0000
train >>> fold 1/5, epoch: 27/48, patient 15/24, mean_loss 0.0000, mean_acc 1.0000
train >>> fold 1/5, epoch: 27/48, patient 16/24, mean_loss 0.0000, mean_acc 1.0000
train >>> fold 1/5, epoch: 27/48, patient 17/24, mean_loss 0.0000, mean_acc 1.0000
train >>> fold 1/5, epoch: 27/48, patient 18/24, mean_loss 0.0000, mean_acc 1.0000
train >>> fold 1/5, epoch: 27/48, patient 19/24, mean_loss 0.0000, mean_acc 1.0000
train >>> fold 1/5, epoch: 27/48, patient 20/24, mean_loss 0.0000, mean_acc 1.0000
train >>> fold 1/5, epoch: 27/48, patient 21/24, mean_loss 0.0000, mean_acc 1.0000
train >>> fold 1/5, epoch: 27/48, patient 22/24, mean_loss 0.0000, mean_acc 1.0000
train >>> fold 1/5, epoch: 27/48, patient 23/24, mean_loss 0.0000, mean_acc 1.0000
train >>> fold 1/5, epoch: 27/48, patient 24/24, mean_loss 0.0000, mean_acc 1.0000
valid >>> epoch: 27/48, mean_loss: 9.8637, mean_acc: 0.8863
train >>> fold 1/5, epoch: 28/48, patient 1/24, mean_loss 0.0000, mean_acc 1.0000
train >>> fold 1/5, epoch: 28/48, patient 2/24, mean_loss 0.0000, mean_acc 1.0000
train >>> fold 1/5, epoch: 28/48, patient 3/24, mean_loss 0.0000, mean_acc 1.0000
train >>> fold 1/5, epoch: 28/48, patient 4/24, mean_loss 0.0000, mean_acc 1.0000
train >>> fold 1/5, epoch: 28/48, patient 5/24, mean_loss 0.0000, mean_acc 1.0000
train >>> fold 1/5, epoch: 28/48, patient 6/24, mean_loss 0.0000, mean_acc 1.0000
train >>> fold 1/5, epoch: 28/48, patient 7/24, mean_loss 0.0000, mean_acc 1.0000
train >>> fold 1/5, epoch: 28/48, patient 8/24, mean_loss 0.0000, mean_acc 1.0000
train >>> fold 1/5, epoch: 28/48, patient 9/24, mean_loss 0.0000, mean_acc 1.0000
train >>> fold 1/5, epoch: 28/48, patient 10/24, mean_loss 0.0000, mean_acc 1.0000
train >>> fold 1/5, epoch: 28/48, patient 11/24, mean_loss 0.0000, mean_acc 1.0000
train >>> fold 1/5, epoch: 28/48, patient 12/24, mean_loss 0.0000, mean_acc 1.0000
train >>> fold 1/5, epoch: 28/48, patient 13/24, mean_loss 0.0000, mean_acc 1.0000
train >>> fold 1/5, epoch: 28/48, patient 14/24, mean_loss 0.0000, mean_acc 1.0000
train >>> fold 1/5, epoch: 28/48, patient 15/24, mean_loss 0.0000, mean_acc 1.0000
train >>> fold 1/5, epoch: 28/48, patient 16/24, mean_loss 0.0000, mean_acc 1.0000
train >>> fold 1/5, epoch: 28/48, patient 17/24, mean_loss 0.0000, mean_acc 1.0000
train >>> fold 1/5, epoch: 28/48, patient 18/24, mean_loss 0.0000, mean_acc 1.0000
train >>> fold 1/5, epoch: 28/48, patient 19/24, mean_loss 0.0000, mean_acc 1.0000
train >>> fold 1/5, epoch: 28/48, patient 20/24, mean_loss 0.0000, mean_acc 1.0000
train >>> fold 1/5, epoch: 28/48, patient 21/24, mean_loss 0.0000, mean_acc 1.0000
train >>> fold 1/5, epoch: 28/48, patient 22/24, mean_loss 0.0000, mean_acc 1.0000
train >>> fold 1/5, epoch: 28/48, patient 23/24, mean_loss 0.0000, mean_acc 1.0000
train >>> fold 1/5, epoch: 28/48, patient 24/24, mean_loss 0.0000, mean_acc 1.0000
valid >>> epoch: 28/48, mean_loss: 9.8637, mean_acc: 0.8863
train >>> fold 1/5, epoch: 29/48, patient 1/24, mean_loss 0.0000, mean_acc 1.0000
train >>> fold 1/5, epoch: 29/48, patient 2/24, mean_loss 0.0000, mean_acc 1.0000
train >>> fold 1/5, epoch: 29/48, patient 3/24, mean_loss 0.0000, mean_acc 1.0000
train >>> fold 1/5, epoch: 29/48, patient 4/24, mean_loss 0.0000, mean_acc 1.0000
train >>> fold 1/5, epoch: 29/48, patient 5/24, mean_loss 0.0000, mean_acc 1.0000
train >>> fold 1/5, epoch: 29/48, patient 6/24, mean_loss 0.0000, mean_acc 1.0000
train >>> fold 1/5, epoch: 29/48, patient 7/24, mean_loss 0.0000, mean_acc 1.0000
train >>> fold 1/5, epoch: 29/48, patient 8/24, mean_loss 0.0000, mean_acc 1.0000
train >>> fold 1/5, epoch: 29/48, patient 9/24, mean_loss 0.0000, mean_acc 1.0000
train >>> fold 1/5, epoch: 29/48, patient 10/24, mean_loss 0.0000, mean_acc 1.0000
train >>> fold 1/5, epoch: 29/48, patient 11/24, mean_loss 0.0000, mean_acc 1.0000
train >>> fold 1/5, epoch: 29/48, patient 12/24, mean_loss 0.0000, mean_acc 1.0000
train >>> fold 1/5, epoch: 29/48, patient 13/24, mean_loss 0.0000, mean_acc 1.0000
train >>> fold 1/5, epoch: 29/48, patient 14/24, mean_loss 0.0000, mean_acc 1.0000
train >>> fold 1/5, epoch: 29/48, patient 15/24, mean_loss 0.0000, mean_acc 1.0000
train >>> fold 1/5, epoch: 29/48, patient 16/24, mean_loss 0.0000, mean_acc 1.0000
train >>> fold 1/5, epoch: 29/48, patient 17/24, mean_loss 0.0000, mean_acc 1.0000
train >>> fold 1/5, epoch: 29/48, patient 18/24, mean_loss 0.0000, mean_acc 1.0000
train >>> fold 1/5, epoch: 29/48, patient 19/24, mean_loss 0.0000, mean_acc 1.0000
train >>> fold 1/5, epoch: 29/48, patient 20/24, mean_loss 0.0000, mean_acc 1.0000
train >>> fold 1/5, epoch: 29/48, patient 21/24, mean_loss 0.0000, mean_acc 1.0000
train >>> fold 1/5, epoch: 29/48, patient 22/24, mean_loss 0.0000, mean_acc 1.0000
train >>> fold 1/5, epoch: 29/48, patient 23/24, mean_loss 0.0000, mean_acc 1.0000
train >>> fold 1/5, epoch: 29/48, patient 24/24, mean_loss 0.0000, mean_acc 1.0000
valid >>> epoch: 29/48, mean_loss: 9.8637, mean_acc: 0.8863
train >>> fold 1/5, epoch: 30/48, patient 1/24, mean_loss 0.0000, mean_acc 1.0000
train >>> fold 1/5, epoch: 30/48, patient 2/24, mean_loss 0.0000, mean_acc 1.0000
train >>> fold 1/5, epoch: 30/48, patient 3/24, mean_loss 0.0000, mean_acc 1.0000
train >>> fold 1/5, epoch: 30/48, patient 4/24, mean_loss 0.0000, mean_acc 1.0000
train >>> fold 1/5, epoch: 30/48, patient 5/24, mean_loss 0.0000, mean_acc 1.0000
train >>> fold 1/5, epoch: 30/48, patient 6/24, mean_loss 0.0000, mean_acc 1.0000
train >>> fold 1/5, epoch: 30/48, patient 7/24, mean_loss 0.0000, mean_acc 1.0000
train >>> fold 1/5, epoch: 30/48, patient 8/24, mean_loss 0.0000, mean_acc 1.0000
train >>> fold 1/5, epoch: 30/48, patient 9/24, mean_loss 0.0000, mean_acc 1.0000
train >>> fold 1/5, epoch: 30/48, patient 10/24, mean_loss 0.0000, mean_acc 1.0000
train >>> fold 1/5, epoch: 30/48, patient 11/24, mean_loss 0.0000, mean_acc 1.0000
train >>> fold 1/5, epoch: 30/48, patient 12/24, mean_loss 0.0000, mean_acc 1.0000
train >>> fold 1/5, epoch: 30/48, patient 13/24, mean_loss 0.0000, mean_acc 1.0000
train >>> fold 1/5, epoch: 30/48, patient 14/24, mean_loss 0.0000, mean_acc 1.0000
train >>> fold 1/5, epoch: 30/48, patient 15/24, mean_loss 0.0000, mean_acc 1.0000
train >>> fold 1/5, epoch: 30/48, patient 16/24, mean_loss 0.0000, mean_acc 1.0000
train >>> fold 1/5, epoch: 30/48, patient 17/24, mean_loss 0.0000, mean_acc 1.0000
train >>> fold 1/5, epoch: 30/48, patient 18/24, mean_loss 0.0000, mean_acc 1.0000
train >>> fold 1/5, epoch: 30/48, patient 19/24, mean_loss 0.0000, mean_acc 1.0000
train >>> fold 1/5, epoch: 30/48, patient 20/24, mean_loss 0.0000, mean_acc 1.0000
train >>> fold 1/5, epoch: 30/48, patient 21/24, mean_loss 0.0000, mean_acc 1.0000
train >>> fold 1/5, epoch: 30/48, patient 22/24, mean_loss 0.0000, mean_acc 1.0000
train >>> fold 1/5, epoch: 30/48, patient 23/24, mean_loss 0.0000, mean_acc 1.0000
train >>> fold 1/5, epoch: 30/48, patient 24/24, mean_loss 0.0000, mean_acc 1.0000
valid >>> epoch: 30/48, mean_loss: 9.8637, mean_acc: 0.8863
train >>> fold 1/5, epoch: 31/48, patient 1/24, mean_loss 0.0000, mean_acc 1.0000
train >>> fold 1/5, epoch: 31/48, patient 2/24, mean_loss 0.0000, mean_acc 1.0000
train >>> fold 1/5, epoch: 31/48, patient 3/24, mean_loss 0.0000, mean_acc 1.0000
train >>> fold 1/5, epoch: 31/48, patient 4/24, mean_loss 0.0000, mean_acc 1.0000
train >>> fold 1/5, epoch: 31/48, patient 5/24, mean_loss 0.0000, mean_acc 1.0000
train >>> fold 1/5, epoch: 31/48, patient 6/24, mean_loss 0.0000, mean_acc 1.0000
train >>> fold 1/5, epoch: 31/48, patient 7/24, mean_loss 0.0000, mean_acc 1.0000
train >>> fold 1/5, epoch: 31/48, patient 8/24, mean_loss 0.0000, mean_acc 1.0000
train >>> fold 1/5, epoch: 31/48, patient 9/24, mean_loss 0.0000, mean_acc 1.0000
train >>> fold 1/5, epoch: 31/48, patient 10/24, mean_loss 0.0000, mean_acc 1.0000
train >>> fold 1/5, epoch: 31/48, patient 11/24, mean_loss 0.0000, mean_acc 1.0000
train >>> fold 1/5, epoch: 31/48, patient 12/24, mean_loss 0.0000, mean_acc 1.0000
train >>> fold 1/5, epoch: 31/48, patient 13/24, mean_loss 0.0000, mean_acc 1.0000
train >>> fold 1/5, epoch: 31/48, patient 14/24, mean_loss 0.0000, mean_acc 1.0000
train >>> fold 1/5, epoch: 31/48, patient 15/24, mean_loss 0.0000, mean_acc 1.0000
train >>> fold 1/5, epoch: 31/48, patient 16/24, mean_loss 0.0000, mean_acc 1.0000
train >>> fold 1/5, epoch: 31/48, patient 17/24, mean_loss 0.0000, mean_acc 1.0000
train >>> fold 1/5, epoch: 31/48, patient 18/24, mean_loss 0.0000, mean_acc 1.0000
train >>> fold 1/5, epoch: 31/48, patient 19/24, mean_loss 0.0000, mean_acc 1.0000
train >>> fold 1/5, epoch: 31/48, patient 20/24, mean_loss 0.0000, mean_acc 1.0000
train >>> fold 1/5, epoch: 31/48, patient 21/24, mean_loss 0.0000, mean_acc 1.0000
train >>> fold 1/5, epoch: 31/48, patient 22/24, mean_loss 0.0000, mean_acc 1.0000
train >>> fold 1/5, epoch: 31/48, patient 23/24, mean_loss 0.0000, mean_acc 1.0000
train >>> fold 1/5, epoch: 31/48, patient 24/24, mean_loss 0.0000, mean_acc 1.0000
valid >>> epoch: 31/48, mean_loss: 9.8637, mean_acc: 0.8863
train >>> fold 1/5, epoch: 32/48, patient 1/24, mean_loss 0.0000, mean_acc 1.0000
train >>> fold 1/5, epoch: 32/48, patient 2/24, mean_loss 0.0000, mean_acc 1.0000
train >>> fold 1/5, epoch: 32/48, patient 3/24, mean_loss 0.0000, mean_acc 1.0000
train >>> fold 1/5, epoch: 32/48, patient 4/24, mean_loss 0.0000, mean_acc 1.0000
train >>> fold 1/5, epoch: 32/48, patient 5/24, mean_loss 0.0000, mean_acc 1.0000
train >>> fold 1/5, epoch: 32/48, patient 6/24, mean_loss 0.0000, mean_acc 1.0000
train >>> fold 1/5, epoch: 32/48, patient 7/24, mean_loss 0.0000, mean_acc 1.0000
train >>> fold 1/5, epoch: 32/48, patient 8/24, mean_loss 0.0000, mean_acc 1.0000
train >>> fold 1/5, epoch: 32/48, patient 9/24, mean_loss 0.0000, mean_acc 1.0000
train >>> fold 1/5, epoch: 32/48, patient 10/24, mean_loss 0.0000, mean_acc 1.0000
train >>> fold 1/5, epoch: 32/48, patient 11/24, mean_loss 0.0000, mean_acc 1.0000
train >>> fold 1/5, epoch: 32/48, patient 12/24, mean_loss 0.0000, mean_acc 1.0000
train >>> fold 1/5, epoch: 32/48, patient 13/24, mean_loss 0.0000, mean_acc 1.0000
train >>> fold 1/5, epoch: 32/48, patient 14/24, mean_loss 0.0000, mean_acc 1.0000
train >>> fold 1/5, epoch: 32/48, patient 15/24, mean_loss 0.0000, mean_acc 1.0000
train >>> fold 1/5, epoch: 32/48, patient 16/24, mean_loss 0.0000, mean_acc 1.0000
train >>> fold 1/5, epoch: 32/48, patient 17/24, mean_loss 0.0000, mean_acc 1.0000
train >>> fold 1/5, epoch: 32/48, patient 18/24, mean_loss 0.0000, mean_acc 1.0000
train >>> fold 1/5, epoch: 32/48, patient 19/24, mean_loss 0.0000, mean_acc 1.0000
train >>> fold 1/5, epoch: 32/48, patient 20/24, mean_loss 0.0000, mean_acc 1.0000
train >>> fold 1/5, epoch: 32/48, patient 21/24, mean_loss 0.0000, mean_acc 1.0000
train >>> fold 1/5, epoch: 32/48, patient 22/24, mean_loss 0.0000, mean_acc 1.0000
train >>> fold 1/5, epoch: 32/48, patient 23/24, mean_loss 0.0000, mean_acc 1.0000
train >>> fold 1/5, epoch: 32/48, patient 24/24, mean_loss 0.0000, mean_acc 1.0000
valid >>> epoch: 32/48, mean_loss: 9.8637, mean_acc: 0.8863
train >>> fold 1/5, epoch: 33/48, patient 1/24, mean_loss 0.0000, mean_acc 1.0000
train >>> fold 1/5, epoch: 33/48, patient 2/24, mean_loss 0.0000, mean_acc 1.0000
train >>> fold 1/5, epoch: 33/48, patient 3/24, mean_loss 0.0000, mean_acc 1.0000
train >>> fold 1/5, epoch: 33/48, patient 4/24, mean_loss 0.0000, mean_acc 1.0000
train >>> fold 1/5, epoch: 33/48, patient 5/24, mean_loss 0.0000, mean_acc 1.0000
train >>> fold 1/5, epoch: 33/48, patient 6/24, mean_loss 0.0000, mean_acc 1.0000
train >>> fold 1/5, epoch: 33/48, patient 7/24, mean_loss 0.0000, mean_acc 1.0000
train >>> fold 1/5, epoch: 33/48, patient 8/24, mean_loss 0.0000, mean_acc 1.0000
train >>> fold 1/5, epoch: 33/48, patient 9/24, mean_loss 0.0000, mean_acc 1.0000
train >>> fold 1/5, epoch: 33/48, patient 10/24, mean_loss 0.0000, mean_acc 1.0000
train >>> fold 1/5, epoch: 33/48, patient 11/24, mean_loss 0.0000, mean_acc 1.0000
train >>> fold 1/5, epoch: 33/48, patient 12/24, mean_loss 0.0000, mean_acc 1.0000
train >>> fold 1/5, epoch: 33/48, patient 13/24, mean_loss 0.0000, mean_acc 1.0000
train >>> fold 1/5, epoch: 33/48, patient 14/24, mean_loss 0.0000, mean_acc 1.0000
train >>> fold 1/5, epoch: 33/48, patient 15/24, mean_loss 0.0000, mean_acc 1.0000
train >>> fold 1/5, epoch: 33/48, patient 16/24, mean_loss 0.0000, mean_acc 1.0000
train >>> fold 1/5, epoch: 33/48, patient 17/24, mean_loss 0.0000, mean_acc 1.0000
train >>> fold 1/5, epoch: 33/48, patient 18/24, mean_loss 0.0000, mean_acc 1.0000
train >>> fold 1/5, epoch: 33/48, patient 19/24, mean_loss 0.0000, mean_acc 1.0000
train >>> fold 1/5, epoch: 33/48, patient 20/24, mean_loss 0.0000, mean_acc 1.0000
train >>> fold 1/5, epoch: 33/48, patient 21/24, mean_loss 0.0000, mean_acc 1.0000
train >>> fold 1/5, epoch: 33/48, patient 22/24, mean_loss 0.0000, mean_acc 1.0000
train >>> fold 1/5, epoch: 33/48, patient 23/24, mean_loss 0.0000, mean_acc 1.0000
train >>> fold 1/5, epoch: 33/48, patient 24/24, mean_loss 0.0000, mean_acc 1.0000
valid >>> epoch: 33/48, mean_loss: 9.8638, mean_acc: 0.8863
train >>> fold 1/5, epoch: 34/48, patient 1/24, mean_loss 0.0000, mean_acc 1.0000
train >>> fold 1/5, epoch: 34/48, patient 2/24, mean_loss 0.0000, mean_acc 1.0000
train >>> fold 1/5, epoch: 34/48, patient 3/24, mean_loss 0.0000, mean_acc 1.0000
train >>> fold 1/5, epoch: 34/48, patient 4/24, mean_loss 0.0000, mean_acc 1.0000
train >>> fold 1/5, epoch: 34/48, patient 5/24, mean_loss 0.0000, mean_acc 1.0000
train >>> fold 1/5, epoch: 34/48, patient 6/24, mean_loss 0.0000, mean_acc 1.0000
train >>> fold 1/5, epoch: 34/48, patient 7/24, mean_loss 0.0000, mean_acc 1.0000
train >>> fold 1/5, epoch: 34/48, patient 8/24, mean_loss 0.0000, mean_acc 1.0000
train >>> fold 1/5, epoch: 34/48, patient 9/24, mean_loss 0.0000, mean_acc 1.0000
train >>> fold 1/5, epoch: 34/48, patient 10/24, mean_loss 0.0000, mean_acc 1.0000
train >>> fold 1/5, epoch: 34/48, patient 11/24, mean_loss 0.0000, mean_acc 1.0000
train >>> fold 1/5, epoch: 34/48, patient 12/24, mean_loss 0.0000, mean_acc 1.0000
train >>> fold 1/5, epoch: 34/48, patient 13/24, mean_loss 0.0000, mean_acc 1.0000
train >>> fold 1/5, epoch: 34/48, patient 14/24, mean_loss 0.0000, mean_acc 1.0000
train >>> fold 1/5, epoch: 34/48, patient 15/24, mean_loss 0.0000, mean_acc 1.0000
train >>> fold 1/5, epoch: 34/48, patient 16/24, mean_loss 0.0000, mean_acc 1.0000
train >>> fold 1/5, epoch: 34/48, patient 17/24, mean_loss 0.0000, mean_acc 1.0000
train >>> fold 1/5, epoch: 34/48, patient 18/24, mean_loss 0.0000, mean_acc 1.0000
train >>> fold 1/5, epoch: 34/48, patient 19/24, mean_loss 0.0000, mean_acc 1.0000
train >>> fold 1/5, epoch: 34/48, patient 20/24, mean_loss 0.0000, mean_acc 1.0000
train >>> fold 1/5, epoch: 34/48, patient 21/24, mean_loss 0.0000, mean_acc 1.0000
train >>> fold 1/5, epoch: 34/48, patient 22/24, mean_loss 0.0000, mean_acc 1.0000
train >>> fold 1/5, epoch: 34/48, patient 23/24, mean_loss 0.0000, mean_acc 1.0000
train >>> fold 1/5, epoch: 34/48, patient 24/24, mean_loss 0.0000, mean_acc 1.0000
valid >>> epoch: 34/48, mean_loss: 9.8638, mean_acc: 0.8863
train >>> fold 1/5, epoch: 35/48, patient 1/24, mean_loss 0.0000, mean_acc 1.0000
train >>> fold 1/5, epoch: 35/48, patient 2/24, mean_loss 0.0000, mean_acc 1.0000
train >>> fold 1/5, epoch: 35/48, patient 3/24, mean_loss 0.0000, mean_acc 1.0000
train >>> fold 1/5, epoch: 35/48, patient 4/24, mean_loss 0.0000, mean_acc 1.0000
train >>> fold 1/5, epoch: 35/48, patient 5/24, mean_loss 0.0000, mean_acc 1.0000
train >>> fold 1/5, epoch: 35/48, patient 6/24, mean_loss 0.0000, mean_acc 1.0000
train >>> fold 1/5, epoch: 35/48, patient 7/24, mean_loss 0.0000, mean_acc 1.0000
train >>> fold 1/5, epoch: 35/48, patient 8/24, mean_loss 0.0000, mean_acc 1.0000
train >>> fold 1/5, epoch: 35/48, patient 9/24, mean_loss 0.0000, mean_acc 1.0000
train >>> fold 1/5, epoch: 35/48, patient 10/24, mean_loss 0.0000, mean_acc 1.0000
train >>> fold 1/5, epoch: 35/48, patient 11/24, mean_loss 0.0000, mean_acc 1.0000
train >>> fold 1/5, epoch: 35/48, patient 12/24, mean_loss 0.0000, mean_acc 1.0000
train >>> fold 1/5, epoch: 35/48, patient 13/24, mean_loss 0.0000, mean_acc 1.0000
train >>> fold 1/5, epoch: 35/48, patient 14/24, mean_loss 0.0000, mean_acc 1.0000
train >>> fold 1/5, epoch: 35/48, patient 15/24, mean_loss 0.0000, mean_acc 1.0000
train >>> fold 1/5, epoch: 35/48, patient 16/24, mean_loss 0.0000, mean_acc 1.0000
train >>> fold 1/5, epoch: 35/48, patient 17/24, mean_loss 0.0000, mean_acc 1.0000
train >>> fold 1/5, epoch: 35/48, patient 18/24, mean_loss 0.0000, mean_acc 1.0000
train >>> fold 1/5, epoch: 35/48, patient 19/24, mean_loss 0.0000, mean_acc 1.0000
train >>> fold 1/5, epoch: 35/48, patient 20/24, mean_loss 0.0000, mean_acc 1.0000
train >>> fold 1/5, epoch: 35/48, patient 21/24, mean_loss 0.0000, mean_acc 1.0000
train >>> fold 1/5, epoch: 35/48, patient 22/24, mean_loss 0.0000, mean_acc 1.0000
train >>> fold 1/5, epoch: 35/48, patient 23/24, mean_loss 0.0000, mean_acc 1.0000
train >>> fold 1/5, epoch: 35/48, patient 24/24, mean_loss 0.0000, mean_acc 1.0000
valid >>> epoch: 35/48, mean_loss: 9.8638, mean_acc: 0.8863
train >>> fold 1/5, epoch: 36/48, patient 1/24, mean_loss 0.0000, mean_acc 1.0000
train >>> fold 1/5, epoch: 36/48, patient 2/24, mean_loss 0.0000, mean_acc 1.0000
train >>> fold 1/5, epoch: 36/48, patient 3/24, mean_loss 0.0000, mean_acc 1.0000
train >>> fold 1/5, epoch: 36/48, patient 4/24, mean_loss 0.0000, mean_acc 1.0000
train >>> fold 1/5, epoch: 36/48, patient 5/24, mean_loss 0.0000, mean_acc 1.0000
train >>> fold 1/5, epoch: 36/48, patient 6/24, mean_loss 0.0000, mean_acc 1.0000
train >>> fold 1/5, epoch: 36/48, patient 7/24, mean_loss 0.0000, mean_acc 1.0000
train >>> fold 1/5, epoch: 36/48, patient 8/24, mean_loss 0.0000, mean_acc 1.0000
train >>> fold 1/5, epoch: 36/48, patient 9/24, mean_loss 0.0000, mean_acc 1.0000
train >>> fold 1/5, epoch: 36/48, patient 10/24, mean_loss 0.0000, mean_acc 1.0000
train >>> fold 1/5, epoch: 36/48, patient 11/24, mean_loss 0.0000, mean_acc 1.0000
train >>> fold 1/5, epoch: 36/48, patient 12/24, mean_loss 0.0000, mean_acc 1.0000
train >>> fold 1/5, epoch: 36/48, patient 13/24, mean_loss 0.0000, mean_acc 1.0000
train >>> fold 1/5, epoch: 36/48, patient 14/24, mean_loss 0.0000, mean_acc 1.0000
train >>> fold 1/5, epoch: 36/48, patient 15/24, mean_loss 0.0000, mean_acc 1.0000
train >>> fold 1/5, epoch: 36/48, patient 16/24, mean_loss 0.0000, mean_acc 1.0000
train >>> fold 1/5, epoch: 36/48, patient 17/24, mean_loss 0.0000, mean_acc 1.0000
train >>> fold 1/5, epoch: 36/48, patient 18/24, mean_loss 0.0000, mean_acc 1.0000
train >>> fold 1/5, epoch: 36/48, patient 19/24, mean_loss 0.0000, mean_acc 1.0000
train >>> fold 1/5, epoch: 36/48, patient 20/24, mean_loss 0.0000, mean_acc 1.0000
train >>> fold 1/5, epoch: 36/48, patient 21/24, mean_loss 0.0000, mean_acc 1.0000
train >>> fold 1/5, epoch: 36/48, patient 22/24, mean_loss 0.0000, mean_acc 1.0000
train >>> fold 1/5, epoch: 36/48, patient 23/24, mean_loss 0.0000, mean_acc 1.0000
train >>> fold 1/5, epoch: 36/48, patient 24/24, mean_loss 0.0000, mean_acc 1.0000
valid >>> epoch: 36/48, mean_loss: 9.8639, mean_acc: 0.8863
train >>> fold 1/5, epoch: 37/48, patient 1/24, mean_loss 0.0000, mean_acc 1.0000
train >>> fold 1/5, epoch: 37/48, patient 2/24, mean_loss 0.0000, mean_acc 1.0000
train >>> fold 1/5, epoch: 37/48, patient 3/24, mean_loss 0.0000, mean_acc 1.0000
train >>> fold 1/5, epoch: 37/48, patient 4/24, mean_loss 0.0000, mean_acc 1.0000
train >>> fold 1/5, epoch: 37/48, patient 5/24, mean_loss 0.0000, mean_acc 1.0000
train >>> fold 1/5, epoch: 37/48, patient 6/24, mean_loss 0.0000, mean_acc 1.0000
train >>> fold 1/5, epoch: 37/48, patient 7/24, mean_loss 0.0000, mean_acc 1.0000
train >>> fold 1/5, epoch: 37/48, patient 8/24, mean_loss 0.0000, mean_acc 1.0000
train >>> fold 1/5, epoch: 37/48, patient 9/24, mean_loss 0.0000, mean_acc 1.0000
train >>> fold 1/5, epoch: 37/48, patient 10/24, mean_loss 0.0000, mean_acc 1.0000
train >>> fold 1/5, epoch: 37/48, patient 11/24, mean_loss 0.0000, mean_acc 1.0000
train >>> fold 1/5, epoch: 37/48, patient 12/24, mean_loss 0.0000, mean_acc 1.0000
train >>> fold 1/5, epoch: 37/48, patient 13/24, mean_loss 0.0000, mean_acc 1.0000
train >>> fold 1/5, epoch: 37/48, patient 14/24, mean_loss 0.0000, mean_acc 1.0000
train >>> fold 1/5, epoch: 37/48, patient 15/24, mean_loss 0.0000, mean_acc 1.0000
train >>> fold 1/5, epoch: 37/48, patient 16/24, mean_loss 0.0000, mean_acc 1.0000
train >>> fold 1/5, epoch: 37/48, patient 17/24, mean_loss 0.0000, mean_acc 1.0000
train >>> fold 1/5, epoch: 37/48, patient 18/24, mean_loss 0.0000, mean_acc 1.0000
train >>> fold 1/5, epoch: 37/48, patient 19/24, mean_loss 0.0000, mean_acc 1.0000
train >>> fold 1/5, epoch: 37/48, patient 20/24, mean_loss 0.0000, mean_acc 1.0000
train >>> fold 1/5, epoch: 37/48, patient 21/24, mean_loss 0.0000, mean_acc 1.0000
train >>> fold 1/5, epoch: 37/48, patient 22/24, mean_loss 0.0000, mean_acc 1.0000
train >>> fold 1/5, epoch: 37/48, patient 23/24, mean_loss 0.0000, mean_acc 1.0000
train >>> fold 1/5, epoch: 37/48, patient 24/24, mean_loss 0.0000, mean_acc 1.0000
valid >>> epoch: 37/48, mean_loss: 9.8640, mean_acc: 0.8863
train >>> fold 1/5, epoch: 38/48, patient 1/24, mean_loss 0.0000, mean_acc 1.0000
train >>> fold 1/5, epoch: 38/48, patient 2/24, mean_loss 0.0000, mean_acc 1.0000
train >>> fold 1/5, epoch: 38/48, patient 3/24, mean_loss 0.0000, mean_acc 1.0000
train >>> fold 1/5, epoch: 38/48, patient 4/24, mean_loss 0.0000, mean_acc 1.0000
train >>> fold 1/5, epoch: 38/48, patient 5/24, mean_loss 0.0000, mean_acc 1.0000
train >>> fold 1/5, epoch: 38/48, patient 6/24, mean_loss 0.0000, mean_acc 1.0000
train >>> fold 1/5, epoch: 38/48, patient 7/24, mean_loss 0.0000, mean_acc 1.0000
train >>> fold 1/5, epoch: 38/48, patient 8/24, mean_loss 0.0000, mean_acc 1.0000
train >>> fold 1/5, epoch: 38/48, patient 9/24, mean_loss 0.0000, mean_acc 1.0000
train >>> fold 1/5, epoch: 38/48, patient 10/24, mean_loss 0.0000, mean_acc 1.0000
train >>> fold 1/5, epoch: 38/48, patient 11/24, mean_loss 0.0000, mean_acc 1.0000
train >>> fold 1/5, epoch: 38/48, patient 12/24, mean_loss 0.0000, mean_acc 1.0000
train >>> fold 1/5, epoch: 38/48, patient 13/24, mean_loss 0.0000, mean_acc 1.0000
train >>> fold 1/5, epoch: 38/48, patient 14/24, mean_loss 0.0000, mean_acc 1.0000
train >>> fold 1/5, epoch: 38/48, patient 15/24, mean_loss 0.0000, mean_acc 1.0000
train >>> fold 1/5, epoch: 38/48, patient 16/24, mean_loss 0.0000, mean_acc 1.0000
train >>> fold 1/5, epoch: 38/48, patient 17/24, mean_loss 0.0000, mean_acc 1.0000
train >>> fold 1/5, epoch: 38/48, patient 18/24, mean_loss 0.0000, mean_acc 1.0000
train >>> fold 1/5, epoch: 38/48, patient 19/24, mean_loss 0.0000, mean_acc 1.0000
train >>> fold 1/5, epoch: 38/48, patient 20/24, mean_loss 0.0000, mean_acc 1.0000
train >>> fold 1/5, epoch: 38/48, patient 21/24, mean_loss 0.0000, mean_acc 1.0000
train >>> fold 1/5, epoch: 38/48, patient 22/24, mean_loss 0.0000, mean_acc 1.0000
train >>> fold 1/5, epoch: 38/48, patient 23/24, mean_loss 0.0000, mean_acc 1.0000
train >>> fold 1/5, epoch: 38/48, patient 24/24, mean_loss 0.0000, mean_acc 1.0000
valid >>> epoch: 38/48, mean_loss: 9.8641, mean_acc: 0.8863
train >>> fold 1/5, epoch: 39/48, patient 1/24, mean_loss 0.0000, mean_acc 1.0000
train >>> fold 1/5, epoch: 39/48, patient 2/24, mean_loss 0.0000, mean_acc 1.0000
train >>> fold 1/5, epoch: 39/48, patient 3/24, mean_loss 0.0000, mean_acc 1.0000
train >>> fold 1/5, epoch: 39/48, patient 4/24, mean_loss 0.0000, mean_acc 1.0000
train >>> fold 1/5, epoch: 39/48, patient 5/24, mean_loss 0.0000, mean_acc 1.0000
train >>> fold 1/5, epoch: 39/48, patient 6/24, mean_loss 0.0000, mean_acc 1.0000
train >>> fold 1/5, epoch: 39/48, patient 7/24, mean_loss 0.0000, mean_acc 1.0000
train >>> fold 1/5, epoch: 39/48, patient 8/24, mean_loss 0.0000, mean_acc 1.0000
train >>> fold 1/5, epoch: 39/48, patient 9/24, mean_loss 0.0000, mean_acc 1.0000
train >>> fold 1/5, epoch: 39/48, patient 10/24, mean_loss 0.0000, mean_acc 1.0000
train >>> fold 1/5, epoch: 39/48, patient 11/24, mean_loss 0.0000, mean_acc 1.0000
train >>> fold 1/5, epoch: 39/48, patient 12/24, mean_loss 0.0000, mean_acc 1.0000
train >>> fold 1/5, epoch: 39/48, patient 13/24, mean_loss 0.0000, mean_acc 1.0000
train >>> fold 1/5, epoch: 39/48, patient 14/24, mean_loss 0.0000, mean_acc 1.0000
train >>> fold 1/5, epoch: 39/48, patient 15/24, mean_loss 0.0000, mean_acc 1.0000
train >>> fold 1/5, epoch: 39/48, patient 16/24, mean_loss 0.0000, mean_acc 1.0000
train >>> fold 1/5, epoch: 39/48, patient 17/24, mean_loss 0.0000, mean_acc 1.0000
train >>> fold 1/5, epoch: 39/48, patient 18/24, mean_loss 0.0000, mean_acc 1.0000
train >>> fold 1/5, epoch: 39/48, patient 19/24, mean_loss 0.0000, mean_acc 1.0000
train >>> fold 1/5, epoch: 39/48, patient 20/24, mean_loss 0.0000, mean_acc 1.0000
train >>> fold 1/5, epoch: 39/48, patient 21/24, mean_loss 0.0000, mean_acc 1.0000
train >>> fold 1/5, epoch: 39/48, patient 22/24, mean_loss 0.0000, mean_acc 1.0000
train >>> fold 1/5, epoch: 39/48, patient 23/24, mean_loss 0.0000, mean_acc 1.0000
train >>> fold 1/5, epoch: 39/48, patient 24/24, mean_loss 0.0000, mean_acc 1.0000
valid >>> epoch: 39/48, mean_loss: 9.8644, mean_acc: 0.8863
train >>> fold 1/5, epoch: 40/48, patient 1/24, mean_loss 0.0000, mean_acc 1.0000
train >>> fold 1/5, epoch: 40/48, patient 2/24, mean_loss 0.0000, mean_acc 1.0000
train >>> fold 1/5, epoch: 40/48, patient 3/24, mean_loss 0.0000, mean_acc 1.0000
train >>> fold 1/5, epoch: 40/48, patient 4/24, mean_loss 0.0000, mean_acc 1.0000
train >>> fold 1/5, epoch: 40/48, patient 5/24, mean_loss 0.0000, mean_acc 1.0000
train >>> fold 1/5, epoch: 40/48, patient 6/24, mean_loss 0.0000, mean_acc 1.0000
train >>> fold 1/5, epoch: 40/48, patient 7/24, mean_loss 0.0000, mean_acc 1.0000
train >>> fold 1/5, epoch: 40/48, patient 8/24, mean_loss 0.0000, mean_acc 1.0000
train >>> fold 1/5, epoch: 40/48, patient 9/24, mean_loss 0.0000, mean_acc 1.0000
train >>> fold 1/5, epoch: 40/48, patient 10/24, mean_loss 0.0000, mean_acc 1.0000
train >>> fold 1/5, epoch: 40/48, patient 11/24, mean_loss 0.0000, mean_acc 1.0000
train >>> fold 1/5, epoch: 40/48, patient 12/24, mean_loss 0.0000, mean_acc 1.0000
train >>> fold 1/5, epoch: 40/48, patient 13/24, mean_loss 0.0000, mean_acc 1.0000
train >>> fold 1/5, epoch: 40/48, patient 14/24, mean_loss 0.0000, mean_acc 1.0000
train >>> fold 1/5, epoch: 40/48, patient 15/24, mean_loss 0.0000, mean_acc 1.0000
train >>> fold 1/5, epoch: 40/48, patient 16/24, mean_loss 0.0000, mean_acc 1.0000
train >>> fold 1/5, epoch: 40/48, patient 17/24, mean_loss 0.0000, mean_acc 1.0000
train >>> fold 1/5, epoch: 40/48, patient 18/24, mean_loss 0.0000, mean_acc 1.0000
train >>> fold 1/5, epoch: 40/48, patient 19/24, mean_loss 0.0000, mean_acc 1.0000
train >>> fold 1/5, epoch: 40/48, patient 20/24, mean_loss 0.0000, mean_acc 1.0000
train >>> fold 1/5, epoch: 40/48, patient 21/24, mean_loss 0.0000, mean_acc 1.0000
train >>> fold 1/5, epoch: 40/48, patient 22/24, mean_loss 0.0000, mean_acc 1.0000
train >>> fold 1/5, epoch: 40/48, patient 23/24, mean_loss 0.0000, mean_acc 1.0000
train >>> fold 1/5, epoch: 40/48, patient 24/24, mean_loss 0.0000, mean_acc 1.0000
valid >>> epoch: 40/48, mean_loss: 9.8647, mean_acc: 0.8863
train >>> fold 1/5, epoch: 41/48, patient 1/24, mean_loss 0.0000, mean_acc 1.0000
train >>> fold 1/5, epoch: 41/48, patient 2/24, mean_loss 0.0000, mean_acc 1.0000
train >>> fold 1/5, epoch: 41/48, patient 3/24, mean_loss 0.0000, mean_acc 1.0000
train >>> fold 1/5, epoch: 41/48, patient 4/24, mean_loss 0.0000, mean_acc 1.0000
train >>> fold 1/5, epoch: 41/48, patient 5/24, mean_loss 0.0000, mean_acc 1.0000
train >>> fold 1/5, epoch: 41/48, patient 6/24, mean_loss 0.0000, mean_acc 1.0000
train >>> fold 1/5, epoch: 41/48, patient 7/24, mean_loss 0.0000, mean_acc 1.0000
train >>> fold 1/5, epoch: 41/48, patient 8/24, mean_loss 0.0000, mean_acc 1.0000
train >>> fold 1/5, epoch: 41/48, patient 9/24, mean_loss 0.0000, mean_acc 1.0000
train >>> fold 1/5, epoch: 41/48, patient 10/24, mean_loss 0.0000, mean_acc 1.0000
train >>> fold 1/5, epoch: 41/48, patient 11/24, mean_loss 0.0000, mean_acc 1.0000
train >>> fold 1/5, epoch: 41/48, patient 12/24, mean_loss 0.0000, mean_acc 1.0000
train >>> fold 1/5, epoch: 41/48, patient 13/24, mean_loss 0.0000, mean_acc 1.0000
train >>> fold 1/5, epoch: 41/48, patient 14/24, mean_loss 0.0000, mean_acc 1.0000
train >>> fold 1/5, epoch: 41/48, patient 15/24, mean_loss 0.0000, mean_acc 1.0000
train >>> fold 1/5, epoch: 41/48, patient 16/24, mean_loss 0.0000, mean_acc 1.0000
train >>> fold 1/5, epoch: 41/48, patient 17/24, mean_loss 0.0000, mean_acc 1.0000
train >>> fold 1/5, epoch: 41/48, patient 18/24, mean_loss 0.0000, mean_acc 1.0000
train >>> fold 1/5, epoch: 41/48, patient 19/24, mean_loss 0.0000, mean_acc 1.0000
train >>> fold 1/5, epoch: 41/48, patient 20/24, mean_loss 0.0000, mean_acc 1.0000
train >>> fold 1/5, epoch: 41/48, patient 21/24, mean_loss 0.0000, mean_acc 1.0000
