2020-03-21-16-03-28
train.py
--------------------------------------------------------------------------------------------------------------------
batchSize: 12
bottleneckFeatures: 1
brightness: None
contrast: None
cropSize: None
dir_lf: D:\Data\cs-8395-dl
dir_project: ..
encoder: resnet34
epoch: 48
folderData: assignment3\Training
folderPartition: train_test_org
lossWeight: [1.0, 1.0]
loss_weights: None
lr: 0.01
msg: None
overrideLR: 1
path_kfold: D:\Projects\cs-8395-dl\Assignment_3_segmentation\partition\kfold_5.bin
resize: None
resume_from: None
resume_training: None
to_ram: 0
--------------------------------------------------------------------------------------------------------------------
creating directory to save model at D:\Data\cs-8395-dl\model\2020-03-21-16-03-28
executing fold 1/5
training patients  ['0001' '0002' '0003' '0004' '0005' '0006' '0007' '0008' '0021' '0022'
 '0023' '0024' '0025' '0027' '0029' '0030' '0031' '0032' '0033' '0035'
 '0036' '0037' '0039' '0040']
validation patients  ['0009' '0010' '0026' '0028' '0034' '0038']
train >>> epoch: 1/48, patient 1/24, mean_loss 1.6551, mean_dice_loss: 0.9972, mean_ce: 0.6579
train >>> epoch: 1/48, patient 2/24, mean_loss 7.7864, mean_dice_loss: 0.3748, mean_ce: 7.4116
train >>> epoch: 1/48, patient 3/24, mean_loss 1.6078, mean_dice_loss: 0.9961, mean_ce: 0.6117
train >>> epoch: 1/48, patient 4/24, mean_loss 11.3173, mean_dice_loss: 0.9943, mean_ce: 10.3230
