2020-03-23-22-35-20
train.py
--------------------------------------------------------------------------------------------------------------------
axis: axial
batchSize: 12
bottleneckFeatures: 0
brightness: None
contrast: None
cropSize: None
dir_lf: D:\Data\cs-8395-dl
dir_project: ..
encoder: dpn68
epoch: 24
extract_spleen: False
folderData: assignment3\Training
folderPartition: train_test_org
lossWeight: [0.3, 0.7]
loss_weights: None
lr: 1e-05
msg: None
overrideLR: 1
path_kfold: D:\Projects\cs-8395-dl\Assignment_3_segmentation\partition\kfold_5.bin
resize: None
resume_from: D:\Data\cs-8395-dl\model\2020-03-23-07-39-40\2020-03-23-07-39-40_1_fold-dpn68_best.pt
to_ram: 0
--------------------------------------------------------------------------------------------------------------------
creating directory to save model at D:\Data\cs-8395-dl\model\2020-03-23-22-35-20
executing fold 1/5
training patients  ['0001' '0002' '0003' '0004' '0005' '0006' '0007' '0008' '0021' '0022'
 '0023' '0024' '0025' '0027' '0029' '0030' '0031' '0032' '0033' '0035'
 '0036' '0037' '0039' '0040']
validation patients  ['0009' '0010' '0026' '0028' '0034' '0038']
loaded model weights from D:\Data\cs-8395-dl\model\2020-03-23-07-39-40\2020-03-23-07-39-40_1_fold-dpn68_best.pt
epoch 1
validation loss of pretrained model: 0.3643
train >>> fold 1/5, epoch: 1/24, patient 1/24, mean_loss 0.1118, mean_acc 1.0000
train >>> fold 1/5, epoch: 1/24, patient 2/24, mean_loss 0.0876, mean_acc 0.9956
train >>> fold 1/5, epoch: 1/24, patient 3/24, mean_loss 0.1001, mean_acc 0.9838
train >>> fold 1/5, epoch: 1/24, patient 4/24, mean_loss 0.1008, mean_acc 0.9883
train >>> fold 1/5, epoch: 1/24, patient 5/24, mean_loss 0.0935, mean_acc 0.9891
train >>> fold 1/5, epoch: 1/24, patient 6/24, mean_loss 0.0947, mean_acc 0.9879
train >>> fold 1/5, epoch: 1/24, patient 7/24, mean_loss 0.0905, mean_acc 0.9887
train >>> fold 1/5, epoch: 1/24, patient 8/24, mean_loss 0.0900, mean_acc 0.9860
train >>> fold 1/5, epoch: 1/24, patient 9/24, mean_loss 0.0836, mean_acc 0.9874
train >>> fold 1/5, epoch: 1/24, patient 10/24, mean_loss 0.0823, mean_acc 0.9861
train >>> fold 1/5, epoch: 1/24, patient 11/24, mean_loss 0.0824, mean_acc 0.9858
train >>> fold 1/5, epoch: 1/24, patient 12/24, mean_loss 0.0807, mean_acc 0.9858
train >>> fold 1/5, epoch: 1/24, patient 13/24, mean_loss 0.0789, mean_acc 0.9848
train >>> fold 1/5, epoch: 1/24, patient 14/24, mean_loss 0.0800, mean_acc 0.9850
train >>> fold 1/5, epoch: 1/24, patient 15/24, mean_loss 0.0803, mean_acc 0.9854
train >>> fold 1/5, epoch: 1/24, patient 16/24, mean_loss 0.0784, mean_acc 0.9855
