2020-03-20-03-22-28
train.py
--------------------------------------------------------------------------------------------------------------------
batchSize: 32
bottleneckFeatures: 1
brightness: None
contrast: None
cropSize: None
dir_lf: D:\Data\cs-8395-dl
dir_project: ..
encoder: resnet34
epoch: 400
folderData: assignment3\Training
folderPartition: train_test_org
lossWeight: [0.2, 0.8]
loss_weights: None
lr: 0.001
overrideLR: 1
path_kfold: D:\Projects\cs-8395-dl\Assignment_3_segmentation\partition\kfold_5.bin
resize: None
resume_from: None
to_ram: 0
--------------------------------------------------------------------------------------------------------------------
creating directory to save model at D:\Data\cs-8395-dl\model\2020-03-20-03-22-28
tensor(0.4514, device='cuda:0', grad_fn=<MinBackward1>) tensor(0.4549, device='cuda:0', grad_fn=<MaxBackward1>)
tensor(8.4145e-06, device='cuda:0', grad_fn=<MulBackward0>)
tensor(0.4511, device='cuda:0', grad_fn=<MinBackward1>) tensor(0.4549, device='cuda:0', grad_fn=<MaxBackward1>)
tensor(8.4145e-06, device='cuda:0', grad_fn=<MulBackward0>)
tensor(0.4513, device='cuda:0', grad_fn=<MinBackward1>) tensor(0.4550, device='cuda:0', grad_fn=<MaxBackward1>)
tensor(8.4145e-06, device='cuda:0', grad_fn=<MulBackward0>)
tensor(0.4512, device='cuda:0', grad_fn=<MinBackward1>) tensor(0.4550, device='cuda:0', grad_fn=<MaxBackward1>)
tensor(8.4145e-06, device='cuda:0', grad_fn=<MulBackward0>)
tensor(0.4512, device='cuda:0', grad_fn=<MinBackward1>) tensor(0.4551, device='cuda:0', grad_fn=<MaxBackward1>)
tensor(8.4145e-06, device='cuda:0', grad_fn=<MulBackward0>)
tensor(0.4513, device='cuda:0', grad_fn=<MinBackward1>) tensor(0.4549, device='cuda:0', grad_fn=<MaxBackward1>)
tensor(8.4145e-06, device='cuda:0', grad_fn=<MulBackward0>)
tensor(0.4512, device='cuda:0', grad_fn=<MinBackward1>) tensor(0.4549, device='cuda:0', grad_fn=<MaxBackward1>)
tensor(8.4145e-06, device='cuda:0', grad_fn=<MulBackward0>)
tensor(0.4514, device='cuda:0', grad_fn=<MinBackward1>) tensor(0.4549, device='cuda:0', grad_fn=<MaxBackward1>)
tensor(8.4145e-06, device='cuda:0', grad_fn=<MulBackward0>)
tensor(0.4511, device='cuda:0', grad_fn=<MinBackward1>) tensor(0.4549, device='cuda:0', grad_fn=<MaxBackward1>)
tensor(8.4145e-06, device='cuda:0', grad_fn=<MulBackward0>)
tensor(0.4511, device='cuda:0', grad_fn=<MinBackward1>) tensor(0.4549, device='cuda:0', grad_fn=<MaxBackward1>)
tensor(8.4145e-06, device='cuda:0', grad_fn=<MulBackward0>)
tensor(0.4513, device='cuda:0', grad_fn=<MinBackward1>) tensor(0.4548, device='cuda:0', grad_fn=<MaxBackward1>)
tensor(8.4145e-06, device='cuda:0', grad_fn=<MulBackward0>)
tensor(0.4515, device='cuda:0', grad_fn=<MinBackward1>) tensor(0.4547, device='cuda:0', grad_fn=<MaxBackward1>)
tensor(8.4146e-06, device='cuda:0', grad_fn=<MulBackward0>)
tensor(0.4516, device='cuda:0', grad_fn=<MinBackward1>) tensor(0.4548, device='cuda:0', grad_fn=<MaxBackward1>)
tensor(8.4146e-06, device='cuda:0', grad_fn=<MulBackward0>)
tensor(0.4514, device='cuda:0', grad_fn=<MinBackward1>) tensor(0.4549, device='cuda:0', grad_fn=<MaxBackward1>)
tensor(8.4146e-06, device='cuda:0', grad_fn=<MulBackward0>)
tensor(0.4513, device='cuda:0', grad_fn=<MinBackward1>) tensor(0.4548, device='cuda:0', grad_fn=<MaxBackward1>)
tensor(8.4146e-06, device='cuda:0', grad_fn=<MulBackward0>)
tensor(0.4514, device='cuda:0', grad_fn=<MinBackward1>) tensor(0.4549, device='cuda:0', grad_fn=<MaxBackward1>)
tensor(8.4146e-06, device='cuda:0', grad_fn=<MulBackward0>)
tensor(0.4513, device='cuda:0', grad_fn=<MinBackward1>) tensor(0.4548, device='cuda:0', grad_fn=<MaxBackward1>)
tensor(8.4146e-06, device='cuda:0', grad_fn=<MulBackward0>)
tensor(0.4513, device='cuda:0', grad_fn=<MinBackward1>) tensor(0.4547, device='cuda:0', grad_fn=<MaxBackward1>)
tensor(8.4146e-06, device='cuda:0', grad_fn=<MulBackward0>)
tensor(0.4513, device='cuda:0', grad_fn=<MinBackward1>) tensor(0.4547, device='cuda:0', grad_fn=<MaxBackward1>)
tensor(8.4146e-06, device='cuda:0', grad_fn=<MulBackward0>)
tensor(0.4514, device='cuda:0', grad_fn=<MinBackward1>) tensor(0.4547, device='cuda:0', grad_fn=<MaxBackward1>)
tensor(8.4146e-06, device='cuda:0', grad_fn=<MulBackward0>)
tensor(0.4515, device='cuda:0', grad_fn=<MinBackward1>) tensor(0.4548, device='cuda:0', grad_fn=<MaxBackward1>)
tensor(8.4146e-06, device='cuda:0', grad_fn=<MulBackward0>)
tensor(0.4515, device='cuda:0', grad_fn=<MinBackward1>) tensor(0.4547, device='cuda:0', grad_fn=<MaxBackward1>)
tensor(8.4146e-06, device='cuda:0', grad_fn=<MulBackward0>)
tensor(0.4515, device='cuda:0', grad_fn=<MinBackward1>) tensor(0.4547, device='cuda:0', grad_fn=<MaxBackward1>)
tensor(8.4146e-06, device='cuda:0', grad_fn=<MulBackward0>)
tensor(0.4514, device='cuda:0', grad_fn=<MinBackward1>) tensor(0.4546, device='cuda:0', grad_fn=<MaxBackward1>)
tensor(8.4146e-06, device='cuda:0', grad_fn=<MulBackward0>)
tensor(0.4514, device='cuda:0', grad_fn=<MinBackward1>) tensor(0.4546, device='cuda:0', grad_fn=<MaxBackward1>)
tensor(8.4146e-06, device='cuda:0', grad_fn=<MulBackward0>)
tensor(0.4515, device='cuda:0', grad_fn=<MinBackward1>) tensor(0.4547, device='cuda:0', grad_fn=<MaxBackward1>)
tensor(8.4146e-06, device='cuda:0', grad_fn=<MulBackward0>)
tensor(0.4514, device='cuda:0', grad_fn=<MinBackward1>) tensor(0.4547, device='cuda:0', grad_fn=<MaxBackward1>)
tensor(8.4146e-06, device='cuda:0', grad_fn=<MulBackward0>)
tensor(0.4515, device='cuda:0', grad_fn=<MinBackward1>) tensor(0.4547, device='cuda:0', grad_fn=<MaxBackward1>)
tensor(8.4146e-06, device='cuda:0', grad_fn=<MulBackward0>)
tensor(0.4516, device='cuda:0', grad_fn=<MinBackward1>) tensor(0.4547, device='cuda:0', grad_fn=<MaxBackward1>)
tensor(8.4146e-06, device='cuda:0', grad_fn=<MulBackward0>)
tensor(0.4516, device='cuda:0', grad_fn=<MinBackward1>) tensor(0.4547, device='cuda:0', grad_fn=<MaxBackward1>)
tensor(8.4146e-06, device='cuda:0', grad_fn=<MulBackward0>)
tensor(0.4516, device='cuda:0', grad_fn=<MinBackward1>) tensor(0.4546, device='cuda:0', grad_fn=<MaxBackward1>)
tensor(8.4146e-06, device='cuda:0', grad_fn=<MulBackward0>)
tensor(0.4515, device='cuda:0', grad_fn=<MinBackward1>) tensor(0.4546, device='cuda:0', grad_fn=<MaxBackward1>)
tensor(8.4146e-06, device='cuda:0', grad_fn=<MulBackward0>)
tensor(0.4515, device='cuda:0', grad_fn=<MinBackward1>) tensor(0.4546, device='cuda:0', grad_fn=<MaxBackward1>)
tensor(8.4146e-06, device='cuda:0', grad_fn=<MulBackward0>)
tensor(0.4515, device='cuda:0', grad_fn=<MinBackward1>) tensor(0.4547, device='cuda:0', grad_fn=<MaxBackward1>)
tensor(8.4146e-06, device='cuda:0', grad_fn=<MulBackward0>)
tensor(0.4513, device='cuda:0', grad_fn=<MinBackward1>) tensor(0.4547, device='cuda:0', grad_fn=<MaxBackward1>)
tensor(8.4146e-06, device='cuda:0', grad_fn=<MulBackward0>)
tensor(0.4513, device='cuda:0', grad_fn=<MinBackward1>) tensor(0.4546, device='cuda:0', grad_fn=<MaxBackward1>)
tensor(8.4146e-06, device='cuda:0', grad_fn=<MulBackward0>)
tensor(0.4513, device='cuda:0', grad_fn=<MinBackward1>) tensor(0.4546, device='cuda:0', grad_fn=<MaxBackward1>)
tensor(8.4146e-06, device='cuda:0', grad_fn=<MulBackward0>)
tensor(0.4515, device='cuda:0', grad_fn=<MinBackward1>) tensor(0.4546, device='cuda:0', grad_fn=<MaxBackward1>)
tensor(8.4146e-06, device='cuda:0', grad_fn=<MulBackward0>)
tensor(0.4516, device='cuda:0', grad_fn=<MinBackward1>) tensor(0.4546, device='cuda:0', grad_fn=<MaxBackward1>)
tensor(8.4146e-06, device='cuda:0', grad_fn=<MulBackward0>)
tensor(0.4516, device='cuda:0', grad_fn=<MinBackward1>) tensor(0.4547, device='cuda:0', grad_fn=<MaxBackward1>)
tensor(8.4146e-06, device='cuda:0', grad_fn=<MulBackward0>)
tensor(0.4515, device='cuda:0', grad_fn=<MinBackward1>) tensor(0.4547, device='cuda:0', grad_fn=<MaxBackward1>)
tensor(8.4146e-06, device='cuda:0', grad_fn=<MulBackward0>)
tensor(0.4516, device='cuda:0', grad_fn=<MinBackward1>) tensor(0.4547, device='cuda:0', grad_fn=<MaxBackward1>)
tensor(8.4146e-06, device='cuda:0', grad_fn=<MulBackward0>)
tensor(0.4515, device='cuda:0', grad_fn=<MinBackward1>) tensor(0.4548, device='cuda:0', grad_fn=<MaxBackward1>)
tensor(8.4146e-06, device='cuda:0', grad_fn=<MulBackward0>)
tensor(0.4516, device='cuda:0', grad_fn=<MinBackward1>) tensor(0.4546, device='cuda:0', grad_fn=<MaxBackward1>)
tensor(8.4146e-06, device='cuda:0', grad_fn=<MulBackward0>)
tensor(0.4516, device='cuda:0', grad_fn=<MinBackward1>) tensor(0.4548, device='cuda:0', grad_fn=<MaxBackward1>)
tensor(8.4146e-06, device='cuda:0', grad_fn=<MulBackward0>)
