2020-03-22-14-58-30
train.py
--------------------------------------------------------------------------------------------------------------------
batchSize: 32
bottleneckFeatures: 1
brightness: None
contrast: None
cropSize: None
dir_lf: D:\Data\cs-8395-dl
dir_project: ..
encoder: resnet34
epoch: 48
extract_spleen: False
folderData: assignment3\Training
folderPartition: train_test_org
lossWeight: [0.3, 0.7]
loss_weights: None
lr: 0.001
msg: None
overrideLR: 1
path_kfold: D:\Projects\cs-8395-dl\Assignment_3_segmentation\partition\kfold_5.bin
resize: None
resume_from: None
resume_training: None
to_ram: 0
--------------------------------------------------------------------------------------------------------------------
creating directory to save model at D:\Data\cs-8395-dl\model\2020-03-22-14-58-30
executing fold 1/5
training patients  ['0001' '0002' '0003' '0004' '0005' '0006' '0007' '0008' '0021' '0022'
 '0023' '0024' '0025' '0027' '0029' '0030' '0031' '0032' '0033' '0035'
 '0036' '0037' '0039' '0040']
validation patients  ['0009' '0010' '0026' '0028' '0034' '0038']
freezing feature extracting layers
train >>> fold 1/5, epoch: 1/48, patient 1/24, mean_loss 0.6913, mean_acc 0.6674
train >>> fold 1/5, epoch: 1/48, patient 2/24, mean_loss 0.7299, mean_acc 0.7165
train >>> fold 1/5, epoch: 1/48, patient 3/24, mean_loss 0.6617, mean_acc 0.7580
train >>> fold 1/5, epoch: 1/48, patient 4/24, mean_loss 0.6979, mean_acc 0.7378
train >>> fold 1/5, epoch: 1/48, patient 5/24, mean_loss 0.7162, mean_acc 0.7255
train >>> fold 1/5, epoch: 1/48, patient 6/24, mean_loss 0.7274, mean_acc 0.6279
train >>> fold 1/5, epoch: 1/48, patient 7/24, mean_loss 0.7170, mean_acc 0.6313
train >>> fold 1/5, epoch: 1/48, patient 8/24, mean_loss 0.7048, mean_acc 0.6554
train >>> fold 1/5, epoch: 1/48, patient 9/24, mean_loss 0.7302, mean_acc 0.6519
train >>> fold 1/5, epoch: 1/48, patient 10/24, mean_loss 0.6939, mean_acc 0.6824
train >>> fold 1/5, epoch: 1/48, patient 11/24, mean_loss 0.6743, mean_acc 0.7014
train >>> fold 1/5, epoch: 1/48, patient 12/24, mean_loss 0.6680, mean_acc 0.7078
train >>> fold 1/5, epoch: 1/48, patient 13/24, mean_loss 0.6639, mean_acc 0.7148
train >>> fold 1/5, epoch: 1/48, patient 14/24, mean_loss 0.6592, mean_acc 0.7216
train >>> fold 1/5, epoch: 1/48, patient 15/24, mean_loss 0.6510, mean_acc 0.7324
train >>> fold 1/5, epoch: 1/48, patient 16/24, mean_loss 0.6524, mean_acc 0.7352
train >>> fold 1/5, epoch: 1/48, patient 17/24, mean_loss 0.6555, mean_acc 0.7371
train >>> fold 1/5, epoch: 1/48, patient 18/24, mean_loss 0.6356, mean_acc 0.7489
train >>> fold 1/5, epoch: 1/48, patient 19/24, mean_loss 0.6322, mean_acc 0.7526
train >>> fold 1/5, epoch: 1/48, patient 20/24, mean_loss 0.6341, mean_acc 0.7519
train >>> fold 1/5, epoch: 1/48, patient 21/24, mean_loss 0.6333, mean_acc 0.7513
train >>> fold 1/5, epoch: 1/48, patient 22/24, mean_loss 0.6249, mean_acc 0.7576
train >>> fold 1/5, epoch: 1/48, patient 23/24, mean_loss 0.6244, mean_acc 0.7587
train >>> fold 1/5, epoch: 1/48, patient 24/24, mean_loss 0.6256, mean_acc 0.7589
valid >>> epoch: 1/48, mean_loss: 0.6155, mean_acc: 0.7392
criteria decreased from inf to 0.6155, saving best model at D:\Data\cs-8395-dl\model\2020-03-22-14-58-30\2020-03-22-14-58-30_1_fold-resnet34_best.pt
train >>> fold 1/5, epoch: 2/48, patient 1/24, mean_loss 0.6268, mean_acc 0.7588
train >>> fold 1/5, epoch: 2/48, patient 2/24, mean_loss 0.5521, mean_acc 0.7656
train >>> fold 1/5, epoch: 2/48, patient 3/24, mean_loss 0.5371, mean_acc 0.7698
train >>> fold 1/5, epoch: 2/48, patient 4/24, mean_loss 0.5684, mean_acc 0.7705
train >>> fold 1/5, epoch: 2/48, patient 5/24, mean_loss 0.5518, mean_acc 0.7730
train >>> fold 1/5, epoch: 2/48, patient 6/24, mean_loss 0.5573, mean_acc 0.7765
train >>> fold 1/5, epoch: 2/48, patient 7/24, mean_loss 0.5687, mean_acc 0.7746
train >>> fold 1/5, epoch: 2/48, patient 8/24, mean_loss 0.5859, mean_acc 0.7730
train >>> fold 1/5, epoch: 2/48, patient 9/24, mean_loss 0.5914, mean_acc 0.7735
train >>> fold 1/5, epoch: 2/48, patient 10/24, mean_loss 0.5948, mean_acc 0.7739
train >>> fold 1/5, epoch: 2/48, patient 11/24, mean_loss 0.5953, mean_acc 0.7750
train >>> fold 1/5, epoch: 2/48, patient 12/24, mean_loss 0.5943, mean_acc 0.7757
train >>> fold 1/5, epoch: 2/48, patient 13/24, mean_loss 0.5948, mean_acc 0.7755
train >>> fold 1/5, epoch: 2/48, patient 14/24, mean_loss 0.5943, mean_acc 0.7757
train >>> fold 1/5, epoch: 2/48, patient 15/24, mean_loss 0.5958, mean_acc 0.7749
train >>> fold 1/5, epoch: 2/48, patient 16/24, mean_loss 0.5974, mean_acc 0.7751
train >>> fold 1/5, epoch: 2/48, patient 17/24, mean_loss 0.5920, mean_acc 0.7778
train >>> fold 1/5, epoch: 2/48, patient 18/24, mean_loss 0.6037, mean_acc 0.7751
train >>> fold 1/5, epoch: 2/48, patient 19/24, mean_loss 0.6023, mean_acc 0.7760
train >>> fold 1/5, epoch: 2/48, patient 20/24, mean_loss 0.5986, mean_acc 0.7772
train >>> fold 1/5, epoch: 2/48, patient 21/24, mean_loss 0.5935, mean_acc 0.7795
train >>> fold 1/5, epoch: 2/48, patient 22/24, mean_loss 0.5968, mean_acc 0.7795
train >>> fold 1/5, epoch: 2/48, patient 23/24, mean_loss 0.5992, mean_acc 0.7789
train >>> fold 1/5, epoch: 2/48, patient 24/24, mean_loss 0.6048, mean_acc 0.7769
valid >>> epoch: 2/48, mean_loss: 0.6103, mean_acc: 0.7392
criteria decreased from 0.6155 to 0.6103, saving best model at D:\Data\cs-8395-dl\model\2020-03-22-14-58-30\2020-03-22-14-58-30_1_fold-resnet34_best.pt
train >>> fold 1/5, epoch: 3/48, patient 1/24, mean_loss 0.5130, mean_acc 0.7800
train >>> fold 1/5, epoch: 3/48, patient 2/24, mean_loss 0.5012, mean_acc 0.7810
train >>> fold 1/5, epoch: 3/48, patient 3/24, mean_loss 0.4826, mean_acc 0.7829
train >>> fold 1/5, epoch: 3/48, patient 4/24, mean_loss 0.5121, mean_acc 0.7834
train >>> fold 1/5, epoch: 3/48, patient 5/24, mean_loss 0.5189, mean_acc 0.7852
train >>> fold 1/5, epoch: 3/48, patient 6/24, mean_loss 0.5311, mean_acc 0.7852
train >>> fold 1/5, epoch: 3/48, patient 7/24, mean_loss 0.5394, mean_acc 0.7853
train >>> fold 1/5, epoch: 3/48, patient 8/24, mean_loss 0.5418, mean_acc 0.7861
train >>> fold 1/5, epoch: 3/48, patient 9/24, mean_loss 0.5516, mean_acc 0.7860
train >>> fold 1/5, epoch: 3/48, patient 10/24, mean_loss 0.5525, mean_acc 0.7861
train >>> fold 1/5, epoch: 3/48, patient 11/24, mean_loss 0.5674, mean_acc 0.7844
train >>> fold 1/5, epoch: 3/48, patient 12/24, mean_loss 0.5804, mean_acc 0.7820
train >>> fold 1/5, epoch: 3/48, patient 13/24, mean_loss 0.5828, mean_acc 0.7822
train >>> fold 1/5, epoch: 3/48, patient 14/24, mean_loss 0.5835, mean_acc 0.7823
train >>> fold 1/5, epoch: 3/48, patient 15/24, mean_loss 0.5960, mean_acc 0.7813
train >>> fold 1/5, epoch: 3/48, patient 16/24, mean_loss 0.6048, mean_acc 0.7803
train >>> fold 1/5, epoch: 3/48, patient 17/24, mean_loss 0.6023, mean_acc 0.7804
train >>> fold 1/5, epoch: 3/48, patient 18/24, mean_loss 0.6075, mean_acc 0.7786
train >>> fold 1/5, epoch: 3/48, patient 19/24, mean_loss 0.6021, mean_acc 0.7795
train >>> fold 1/5, epoch: 3/48, patient 20/24, mean_loss 0.6018, mean_acc 0.7795
train >>> fold 1/5, epoch: 3/48, patient 21/24, mean_loss 0.6029, mean_acc 0.7791
train >>> fold 1/5, epoch: 3/48, patient 22/24, mean_loss 0.5987, mean_acc 0.7795
train >>> fold 1/5, epoch: 3/48, patient 23/24, mean_loss 0.5974, mean_acc 0.7799
train >>> fold 1/5, epoch: 3/48, patient 24/24, mean_loss 0.5976, mean_acc 0.7794
valid >>> epoch: 3/48, mean_loss: 0.6063, mean_acc: 0.7392
criteria decreased from 0.6103 to 0.6063, saving best model at D:\Data\cs-8395-dl\model\2020-03-22-14-58-30\2020-03-22-14-58-30_1_fold-resnet34_best.pt
train >>> fold 1/5, epoch: 4/48, patient 1/24, mean_loss 0.6641, mean_acc 0.7786
train >>> fold 1/5, epoch: 4/48, patient 2/24, mean_loss 0.6641, mean_acc 0.7776
train >>> fold 1/5, epoch: 4/48, patient 3/24, mean_loss 0.6348, mean_acc 0.7783
train >>> fold 1/5, epoch: 4/48, patient 4/24, mean_loss 0.5595, mean_acc 0.7803
train >>> fold 1/5, epoch: 4/48, patient 5/24, mean_loss 0.5490, mean_acc 0.7816
train >>> fold 1/5, epoch: 4/48, patient 6/24, mean_loss 0.5522, mean_acc 0.7828
train >>> fold 1/5, epoch: 4/48, patient 7/24, mean_loss 0.5423, mean_acc 0.7836
train >>> fold 1/5, epoch: 4/48, patient 8/24, mean_loss 0.5434, mean_acc 0.7837
train >>> fold 1/5, epoch: 4/48, patient 9/24, mean_loss 0.5316, mean_acc 0.7849
train >>> fold 1/5, epoch: 4/48, patient 10/24, mean_loss 0.5371, mean_acc 0.7845
train >>> fold 1/5, epoch: 4/48, patient 11/24, mean_loss 0.5525, mean_acc 0.7831
train >>> fold 1/5, epoch: 4/48, patient 12/24, mean_loss 0.5508, mean_acc 0.7837
train >>> fold 1/5, epoch: 4/48, patient 13/24, mean_loss 0.5548, mean_acc 0.7833
train >>> fold 1/5, epoch: 4/48, patient 14/24, mean_loss 0.5528, mean_acc 0.7844
train >>> fold 1/5, epoch: 4/48, patient 15/24, mean_loss 0.5502, mean_acc 0.7845
train >>> fold 1/5, epoch: 4/48, patient 16/24, mean_loss 0.5543, mean_acc 0.7841
train >>> fold 1/5, epoch: 4/48, patient 17/24, mean_loss 0.5619, mean_acc 0.7834
train >>> fold 1/5, epoch: 4/48, patient 18/24, mean_loss 0.5612, mean_acc 0.7834
train >>> fold 1/5, epoch: 4/48, patient 19/24, mean_loss 0.5612, mean_acc 0.7835
train >>> fold 1/5, epoch: 4/48, patient 20/24, mean_loss 0.5602, mean_acc 0.7844
train >>> fold 1/5, epoch: 4/48, patient 21/24, mean_loss 0.5589, mean_acc 0.7846
train >>> fold 1/5, epoch: 4/48, patient 22/24, mean_loss 0.5656, mean_acc 0.7835
train >>> fold 1/5, epoch: 4/48, patient 23/24, mean_loss 0.5637, mean_acc 0.7838
train >>> fold 1/5, epoch: 4/48, patient 24/24, mean_loss 0.5640, mean_acc 0.7838
valid >>> epoch: 4/48, mean_loss: 0.6132, mean_acc: 0.7392
train >>> fold 1/5, epoch: 5/48, patient 1/24, mean_loss 0.4478, mean_acc 0.7843
train >>> fold 1/5, epoch: 5/48, patient 2/24, mean_loss 0.4646, mean_acc 0.7853
train >>> fold 1/5, epoch: 5/48, patient 3/24, mean_loss 0.4906, mean_acc 0.7851
train >>> fold 1/5, epoch: 5/48, patient 4/24, mean_loss 0.5275, mean_acc 0.7854
train >>> fold 1/5, epoch: 5/48, patient 5/24, mean_loss 0.5304, mean_acc 0.7857
train >>> fold 1/5, epoch: 5/48, patient 6/24, mean_loss 0.5412, mean_acc 0.7854
train >>> fold 1/5, epoch: 5/48, patient 7/24, mean_loss 0.5533, mean_acc 0.7848
train >>> fold 1/5, epoch: 5/48, patient 8/24, mean_loss 0.5580, mean_acc 0.7848
train >>> fold 1/5, epoch: 5/48, patient 9/24, mean_loss 0.5571, mean_acc 0.7849
train >>> fold 1/5, epoch: 5/48, patient 10/24, mean_loss 0.5554, mean_acc 0.7849
train >>> fold 1/5, epoch: 5/48, patient 11/24, mean_loss 0.5684, mean_acc 0.7843
train >>> fold 1/5, epoch: 5/48, patient 12/24, mean_loss 0.5846, mean_acc 0.7834
train >>> fold 1/5, epoch: 5/48, patient 13/24, mean_loss 0.5805, mean_acc 0.7839
train >>> fold 1/5, epoch: 5/48, patient 14/24, mean_loss 0.5729, mean_acc 0.7842
train >>> fold 1/5, epoch: 5/48, patient 15/24, mean_loss 0.5699, mean_acc 0.7851
train >>> fold 1/5, epoch: 5/48, patient 16/24, mean_loss 0.5817, mean_acc 0.7848
train >>> fold 1/5, epoch: 5/48, patient 17/24, mean_loss 0.5927, mean_acc 0.7837
train >>> fold 1/5, epoch: 5/48, patient 18/24, mean_loss 0.5936, mean_acc 0.7838
train >>> fold 1/5, epoch: 5/48, patient 19/24, mean_loss 0.5979, mean_acc 0.7827
train >>> fold 1/5, epoch: 5/48, patient 20/24, mean_loss 0.5975, mean_acc 0.7827
train >>> fold 1/5, epoch: 5/48, patient 21/24, mean_loss 0.5936, mean_acc 0.7829
train >>> fold 1/5, epoch: 5/48, patient 22/24, mean_loss 0.5900, mean_acc 0.7832
train >>> fold 1/5, epoch: 5/48, patient 23/24, mean_loss 0.5839, mean_acc 0.7837
train >>> fold 1/5, epoch: 5/48, patient 24/24, mean_loss 0.5722, mean_acc 0.7849
valid >>> epoch: 5/48, mean_loss: 0.6173, mean_acc: 0.7392
train >>> fold 1/5, epoch: 6/48, patient 1/24, mean_loss 0.9399, mean_acc 0.7839
train >>> fold 1/5, epoch: 6/48, patient 2/24, mean_loss 0.5796, mean_acc 0.7851
train >>> fold 1/5, epoch: 6/48, patient 3/24, mean_loss 0.5465, mean_acc 0.7854
train >>> fold 1/5, epoch: 6/48, patient 4/24, mean_loss 0.5492, mean_acc 0.7857
train >>> fold 1/5, epoch: 6/48, patient 5/24, mean_loss 0.5347, mean_acc 0.7864
train >>> fold 1/5, epoch: 6/48, patient 6/24, mean_loss 0.5400, mean_acc 0.7861
train >>> fold 1/5, epoch: 6/48, patient 7/24, mean_loss 0.5486, mean_acc 0.7858
train >>> fold 1/5, epoch: 6/48, patient 8/24, mean_loss 0.5356, mean_acc 0.7866
train >>> fold 1/5, epoch: 6/48, patient 9/24, mean_loss 0.5435, mean_acc 0.7862
train >>> fold 1/5, epoch: 6/48, patient 10/24, mean_loss 0.5516, mean_acc 0.7861
train >>> fold 1/5, epoch: 6/48, patient 11/24, mean_loss 0.5463, mean_acc 0.7866
train >>> fold 1/5, epoch: 6/48, patient 12/24, mean_loss 0.5505, mean_acc 0.7864
train >>> fold 1/5, epoch: 6/48, patient 13/24, mean_loss 0.5408, mean_acc 0.7871
train >>> fold 1/5, epoch: 6/48, patient 14/24, mean_loss 0.5370, mean_acc 0.7871
train >>> fold 1/5, epoch: 6/48, patient 15/24, mean_loss 0.5458, mean_acc 0.7866
train >>> fold 1/5, epoch: 6/48, patient 16/24, mean_loss 0.5519, mean_acc 0.7860
train >>> fold 1/5, epoch: 6/48, patient 17/24, mean_loss 0.5513, mean_acc 0.7860
train >>> fold 1/5, epoch: 6/48, patient 18/24, mean_loss 0.5519, mean_acc 0.7866
train >>> fold 1/5, epoch: 6/48, patient 19/24, mean_loss 0.5499, mean_acc 0.7868
train >>> fold 1/5, epoch: 6/48, patient 20/24, mean_loss 0.5489, mean_acc 0.7868
train >>> fold 1/5, epoch: 6/48, patient 21/24, mean_loss 0.5427, mean_acc 0.7872
train >>> fold 1/5, epoch: 6/48, patient 22/24, mean_loss 0.5413, mean_acc 0.7873
train >>> fold 1/5, epoch: 6/48, patient 23/24, mean_loss 0.5419, mean_acc 0.7873
train >>> fold 1/5, epoch: 6/48, patient 24/24, mean_loss 0.5415, mean_acc 0.7874
valid >>> epoch: 6/48, mean_loss: 0.6121, mean_acc: 0.7399
train >>> fold 1/5, epoch: 7/48, patient 1/24, mean_loss 0.5603, mean_acc 0.7880
train >>> fold 1/5, epoch: 7/48, patient 2/24, mean_loss 0.5578, mean_acc 0.7881
train >>> fold 1/5, epoch: 7/48, patient 3/24, mean_loss 0.5641, mean_acc 0.7878
train >>> fold 1/5, epoch: 7/48, patient 4/24, mean_loss 0.5327, mean_acc 0.7884
train >>> fold 1/5, epoch: 7/48, patient 5/24, mean_loss 0.5229, mean_acc 0.7887
train >>> fold 1/5, epoch: 7/48, patient 6/24, mean_loss 0.5296, mean_acc 0.7887
train >>> fold 1/5, epoch: 7/48, patient 7/24, mean_loss 0.5126, mean_acc 0.7893
train >>> fold 1/5, epoch: 7/48, patient 8/24, mean_loss 0.5248, mean_acc 0.7891
train >>> fold 1/5, epoch: 7/48, patient 9/24, mean_loss 0.5210, mean_acc 0.7892
train >>> fold 1/5, epoch: 7/48, patient 10/24, mean_loss 0.5196, mean_acc 0.7894
train >>> fold 1/5, epoch: 7/48, patient 11/24, mean_loss 0.5220, mean_acc 0.7896
train >>> fold 1/5, epoch: 7/48, patient 12/24, mean_loss 0.5339, mean_acc 0.7892
train >>> fold 1/5, epoch: 7/48, patient 13/24, mean_loss 0.5462, mean_acc 0.7884
train >>> fold 1/5, epoch: 7/48, patient 14/24, mean_loss 0.5463, mean_acc 0.7885
train >>> fold 1/5, epoch: 7/48, patient 15/24, mean_loss 0.5483, mean_acc 0.7880
train >>> fold 1/5, epoch: 7/48, patient 16/24, mean_loss 0.5408, mean_acc 0.7888
train >>> fold 1/5, epoch: 7/48, patient 17/24, mean_loss 0.5511, mean_acc 0.7888
train >>> fold 1/5, epoch: 7/48, patient 18/24, mean_loss 0.5582, mean_acc 0.7887
train >>> fold 1/5, epoch: 7/48, patient 19/24, mean_loss 0.5518, mean_acc 0.7892
train >>> fold 1/5, epoch: 7/48, patient 20/24, mean_loss 0.5551, mean_acc 0.7888
train >>> fold 1/5, epoch: 7/48, patient 21/24, mean_loss 0.5615, mean_acc 0.7877
train >>> fold 1/5, epoch: 7/48, patient 22/24, mean_loss 0.5618, mean_acc 0.7876
train >>> fold 1/5, epoch: 7/48, patient 23/24, mean_loss 0.5613, mean_acc 0.7875
train >>> fold 1/5, epoch: 7/48, patient 24/24, mean_loss 0.5676, mean_acc 0.7871
valid >>> epoch: 7/48, mean_loss: 0.6151, mean_acc: 0.7398
train >>> fold 1/5, epoch: 8/48, patient 1/24, mean_loss 0.6241, mean_acc 0.7869
train >>> fold 1/5, epoch: 8/48, patient 2/24, mean_loss 0.5215, mean_acc 0.7872
train >>> fold 1/5, epoch: 8/48, patient 3/24, mean_loss 0.5294, mean_acc 0.7870
train >>> fold 1/5, epoch: 8/48, patient 4/24, mean_loss 0.5191, mean_acc 0.7876
train >>> fold 1/5, epoch: 8/48, patient 5/24, mean_loss 0.5049, mean_acc 0.7879
train >>> fold 1/5, epoch: 8/48, patient 6/24, mean_loss 0.5274, mean_acc 0.7875
train >>> fold 1/5, epoch: 8/48, patient 7/24, mean_loss 0.5235, mean_acc 0.7876
train >>> fold 1/5, epoch: 8/48, patient 8/24, mean_loss 0.5328, mean_acc 0.7874
train >>> fold 1/5, epoch: 8/48, patient 9/24, mean_loss 0.5448, mean_acc 0.7869
train >>> fold 1/5, epoch: 8/48, patient 10/24, mean_loss 0.5343, mean_acc 0.7875
train >>> fold 1/5, epoch: 8/48, patient 11/24, mean_loss 0.5387, mean_acc 0.7878
train >>> fold 1/5, epoch: 8/48, patient 12/24, mean_loss 0.5411, mean_acc 0.7881
train >>> fold 1/5, epoch: 8/48, patient 13/24, mean_loss 0.5437, mean_acc 0.7886
train >>> fold 1/5, epoch: 8/48, patient 14/24, mean_loss 0.5433, mean_acc 0.7891
train >>> fold 1/5, epoch: 8/48, patient 15/24, mean_loss 0.5381, mean_acc 0.7895
train >>> fold 1/5, epoch: 8/48, patient 16/24, mean_loss 0.5337, mean_acc 0.7898
train >>> fold 1/5, epoch: 8/48, patient 17/24, mean_loss 0.5312, mean_acc 0.7900
train >>> fold 1/5, epoch: 8/48, patient 18/24, mean_loss 0.5359, mean_acc 0.7899
train >>> fold 1/5, epoch: 8/48, patient 19/24, mean_loss 0.5356, mean_acc 0.7901
train >>> fold 1/5, epoch: 8/48, patient 20/24, mean_loss 0.5277, mean_acc 0.7906
train >>> fold 1/5, epoch: 8/48, patient 21/24, mean_loss 0.5202, mean_acc 0.7911
train >>> fold 1/5, epoch: 8/48, patient 22/24, mean_loss 0.5367, mean_acc 0.7905
train >>> fold 1/5, epoch: 8/48, patient 23/24, mean_loss 0.5337, mean_acc 0.7906
train >>> fold 1/5, epoch: 8/48, patient 24/24, mean_loss 0.5400, mean_acc 0.7899
valid >>> epoch: 8/48, mean_loss: 0.6145, mean_acc: 0.7398
train >>> fold 1/5, epoch: 9/48, patient 1/24, mean_loss 0.4446, mean_acc 0.7903
train >>> fold 1/5, epoch: 9/48, patient 2/24, mean_loss 0.5562, mean_acc 0.7900
train >>> fold 1/5, epoch: 9/48, patient 3/24, mean_loss 0.5531, mean_acc 0.7901
train >>> fold 1/5, epoch: 9/48, patient 4/24, mean_loss 0.5505, mean_acc 0.7901
train >>> fold 1/5, epoch: 9/48, patient 5/24, mean_loss 0.5531, mean_acc 0.7900
train >>> fold 1/5, epoch: 9/48, patient 6/24, mean_loss 0.5494, mean_acc 0.7905
train >>> fold 1/5, epoch: 9/48, patient 7/24, mean_loss 0.5590, mean_acc 0.7904
train >>> fold 1/5, epoch: 9/48, patient 8/24, mean_loss 0.5737, mean_acc 0.7900
train >>> fold 1/5, epoch: 9/48, patient 9/24, mean_loss 0.5606, mean_acc 0.7903
train >>> fold 1/5, epoch: 9/48, patient 10/24, mean_loss 0.5609, mean_acc 0.7902
train >>> fold 1/5, epoch: 9/48, patient 11/24, mean_loss 0.5661, mean_acc 0.7898
train >>> fold 1/5, epoch: 9/48, patient 12/24, mean_loss 0.5522, mean_acc 0.7903
train >>> fold 1/5, epoch: 9/48, patient 13/24, mean_loss 0.5747, mean_acc 0.7898
train >>> fold 1/5, epoch: 9/48, patient 14/24, mean_loss 0.5738, mean_acc 0.7897
train >>> fold 1/5, epoch: 9/48, patient 15/24, mean_loss 0.5553, mean_acc 0.7904
train >>> fold 1/5, epoch: 9/48, patient 16/24, mean_loss 0.5518, mean_acc 0.7905
train >>> fold 1/5, epoch: 9/48, patient 17/24, mean_loss 0.5496, mean_acc 0.7905
train >>> fold 1/5, epoch: 9/48, patient 18/24, mean_loss 0.5427, mean_acc 0.7909
train >>> fold 1/5, epoch: 9/48, patient 19/24, mean_loss 0.5377, mean_acc 0.7911
train >>> fold 1/5, epoch: 9/48, patient 20/24, mean_loss 0.5400, mean_acc 0.7909
train >>> fold 1/5, epoch: 9/48, patient 21/24, mean_loss 0.5378, mean_acc 0.7910
train >>> fold 1/5, epoch: 9/48, patient 22/24, mean_loss 0.5322, mean_acc 0.7914
train >>> fold 1/5, epoch: 9/48, patient 23/24, mean_loss 0.5279, mean_acc 0.7918
train >>> fold 1/5, epoch: 9/48, patient 24/24, mean_loss 0.5291, mean_acc 0.7916
valid >>> epoch: 9/48, mean_loss: 0.6118, mean_acc: 0.7411
train >>> fold 1/5, epoch: 10/48, patient 1/24, mean_loss 0.4746, mean_acc 0.7918
train >>> fold 1/5, epoch: 10/48, patient 2/24, mean_loss 0.5748, mean_acc 0.7914
train >>> fold 1/5, epoch: 10/48, patient 3/24, mean_loss 0.5913, mean_acc 0.7912
train >>> fold 1/5, epoch: 10/48, patient 4/24, mean_loss 0.6000, mean_acc 0.7906
train >>> fold 1/5, epoch: 10/48, patient 5/24, mean_loss 0.6143, mean_acc 0.7905
train >>> fold 1/5, epoch: 10/48, patient 6/24, mean_loss 0.6653, mean_acc 0.7900
train >>> fold 1/5, epoch: 10/48, patient 7/24, mean_loss 0.6455, mean_acc 0.7904
train >>> fold 1/5, epoch: 10/48, patient 8/24, mean_loss 0.6302, mean_acc 0.7904
train >>> fold 1/5, epoch: 10/48, patient 9/24, mean_loss 0.6179, mean_acc 0.7904
train >>> fold 1/5, epoch: 10/48, patient 10/24, mean_loss 0.6088, mean_acc 0.7905
train >>> fold 1/5, epoch: 10/48, patient 11/24, mean_loss 0.5952, mean_acc 0.7906
train >>> fold 1/5, epoch: 10/48, patient 12/24, mean_loss 0.5837, mean_acc 0.7910
train >>> fold 1/5, epoch: 10/48, patient 13/24, mean_loss 0.5839, mean_acc 0.7908
train >>> fold 1/5, epoch: 10/48, patient 14/24, mean_loss 0.5724, mean_acc 0.7912
train >>> fold 1/5, epoch: 10/48, patient 15/24, mean_loss 0.5645, mean_acc 0.7916
train >>> fold 1/5, epoch: 10/48, patient 16/24, mean_loss 0.5543, mean_acc 0.7919
train >>> fold 1/5, epoch: 10/48, patient 17/24, mean_loss 0.5520, mean_acc 0.7919
train >>> fold 1/5, epoch: 10/48, patient 18/24, mean_loss 0.5430, mean_acc 0.7923
train >>> fold 1/5, epoch: 10/48, patient 19/24, mean_loss 0.5412, mean_acc 0.7924
train >>> fold 1/5, epoch: 10/48, patient 20/24, mean_loss 0.5432, mean_acc 0.7923
train >>> fold 1/5, epoch: 10/48, patient 21/24, mean_loss 0.5437, mean_acc 0.7924
train >>> fold 1/5, epoch: 10/48, patient 22/24, mean_loss 0.5453, mean_acc 0.7922
train >>> fold 1/5, epoch: 10/48, patient 23/24, mean_loss 0.5438, mean_acc 0.7921
train >>> fold 1/5, epoch: 10/48, patient 24/24, mean_loss 0.5465, mean_acc 0.7919
valid >>> epoch: 10/48, mean_loss: 0.6074, mean_acc: 0.7443
train >>> fold 1/5, epoch: 11/48, patient 1/24, mean_loss 0.4148, mean_acc 0.7923
train >>> fold 1/5, epoch: 11/48, patient 2/24, mean_loss 0.4725, mean_acc 0.7924
train >>> fold 1/5, epoch: 11/48, patient 3/24, mean_loss 0.4680, mean_acc 0.7926
train >>> fold 1/5, epoch: 11/48, patient 4/24, mean_loss 0.4587, mean_acc 0.7928
train >>> fold 1/5, epoch: 11/48, patient 5/24, mean_loss 0.4461, mean_acc 0.7932
train >>> fold 1/5, epoch: 11/48, patient 6/24, mean_loss 0.4480, mean_acc 0.7933
train >>> fold 1/5, epoch: 11/48, patient 7/24, mean_loss 0.4620, mean_acc 0.7933
train >>> fold 1/5, epoch: 11/48, patient 8/24, mean_loss 0.4598, mean_acc 0.7935
train >>> fold 1/5, epoch: 11/48, patient 9/24, mean_loss 0.4785, mean_acc 0.7934
train >>> fold 1/5, epoch: 11/48, patient 10/24, mean_loss 0.4910, mean_acc 0.7931
train >>> fold 1/5, epoch: 11/48, patient 11/24, mean_loss 0.4968, mean_acc 0.7932
train >>> fold 1/5, epoch: 11/48, patient 12/24, mean_loss 0.5051, mean_acc 0.7929
train >>> fold 1/5, epoch: 11/48, patient 13/24, mean_loss 0.5109, mean_acc 0.7930
train >>> fold 1/5, epoch: 11/48, patient 14/24, mean_loss 0.5127, mean_acc 0.7932
train >>> fold 1/5, epoch: 11/48, patient 15/24, mean_loss 0.5218, mean_acc 0.7929
train >>> fold 1/5, epoch: 11/48, patient 16/24, mean_loss 0.5202, mean_acc 0.7930
train >>> fold 1/5, epoch: 11/48, patient 17/24, mean_loss 0.5163, mean_acc 0.7934
train >>> fold 1/5, epoch: 11/48, patient 18/24, mean_loss 0.5207, mean_acc 0.7932
train >>> fold 1/5, epoch: 11/48, patient 19/24, mean_loss 0.5135, mean_acc 0.7936
train >>> fold 1/5, epoch: 11/48, patient 20/24, mean_loss 0.5147, mean_acc 0.7935
train >>> fold 1/5, epoch: 11/48, patient 21/24, mean_loss 0.5093, mean_acc 0.7939
train >>> fold 1/5, epoch: 11/48, patient 22/24, mean_loss 0.5011, mean_acc 0.7943
train >>> fold 1/5, epoch: 11/48, patient 23/24, mean_loss 0.4987, mean_acc 0.7944
train >>> fold 1/5, epoch: 11/48, patient 24/24, mean_loss 0.4993, mean_acc 0.7947
valid >>> epoch: 11/48, mean_loss: 0.6080, mean_acc: 0.7448
train >>> fold 1/5, epoch: 12/48, patient 1/24, mean_loss 0.6615, mean_acc 0.7945
train >>> fold 1/5, epoch: 12/48, patient 2/24, mean_loss 0.6367, mean_acc 0.7943
train >>> fold 1/5, epoch: 12/48, patient 3/24, mean_loss 0.5902, mean_acc 0.7944
train >>> fold 1/5, epoch: 12/48, patient 4/24, mean_loss 0.5978, mean_acc 0.7941
train >>> fold 1/5, epoch: 12/48, patient 5/24, mean_loss 0.5717, mean_acc 0.7945
train >>> fold 1/5, epoch: 12/48, patient 6/24, mean_loss 0.5589, mean_acc 0.7949
train >>> fold 1/5, epoch: 12/48, patient 7/24, mean_loss 0.5384, mean_acc 0.7953
train >>> fold 1/5, epoch: 12/48, patient 8/24, mean_loss 0.5472, mean_acc 0.7953
train >>> fold 1/5, epoch: 12/48, patient 9/24, mean_loss 0.5593, mean_acc 0.7953
train >>> fold 1/5, epoch: 12/48, patient 10/24, mean_loss 0.5609, mean_acc 0.7955
train >>> fold 1/5, epoch: 12/48, patient 11/24, mean_loss 0.5617, mean_acc 0.7953
train >>> fold 1/5, epoch: 12/48, patient 12/24, mean_loss 0.5538, mean_acc 0.7956
train >>> fold 1/5, epoch: 12/48, patient 13/24, mean_loss 0.5420, mean_acc 0.7959
train >>> fold 1/5, epoch: 12/48, patient 14/24, mean_loss 0.5297, mean_acc 0.7961
train >>> fold 1/5, epoch: 12/48, patient 15/24, mean_loss 0.5456, mean_acc 0.7957
train >>> fold 1/5, epoch: 12/48, patient 16/24, mean_loss 0.5498, mean_acc 0.7954
train >>> fold 1/5, epoch: 12/48, patient 17/24, mean_loss 0.5563, mean_acc 0.7948
train >>> fold 1/5, epoch: 12/48, patient 18/24, mean_loss 0.5548, mean_acc 0.7948
train >>> fold 1/5, epoch: 12/48, patient 19/24, mean_loss 0.5552, mean_acc 0.7949
train >>> fold 1/5, epoch: 12/48, patient 20/24, mean_loss 0.5487, mean_acc 0.7952
train >>> fold 1/5, epoch: 12/48, patient 21/24, mean_loss 0.5462, mean_acc 0.7953
train >>> fold 1/5, epoch: 12/48, patient 22/24, mean_loss 0.5440, mean_acc 0.7954
train >>> fold 1/5, epoch: 12/48, patient 23/24, mean_loss 0.5448, mean_acc 0.7953
train >>> fold 1/5, epoch: 12/48, patient 24/24, mean_loss 0.5411, mean_acc 0.7954
valid >>> epoch: 12/48, mean_loss: 0.6044, mean_acc: 0.7478
criteria decreased from 0.6063 to 0.6044, saving best model at D:\Data\cs-8395-dl\model\2020-03-22-14-58-30\2020-03-22-14-58-30_1_fold-resnet34_best.pt
train >>> fold 1/5, epoch: 13/48, patient 1/24, mean_loss 0.5556, mean_acc 0.7955
train >>> fold 1/5, epoch: 13/48, patient 2/24, mean_loss 0.5238, mean_acc 0.7956
train >>> fold 1/5, epoch: 13/48, patient 3/24, mean_loss 0.4638, mean_acc 0.7959
train >>> fold 1/5, epoch: 13/48, patient 4/24, mean_loss 0.4874, mean_acc 0.7959
train >>> fold 1/5, epoch: 13/48, patient 5/24, mean_loss 0.4840, mean_acc 0.7959
train >>> fold 1/5, epoch: 13/48, patient 6/24, mean_loss 0.4936, mean_acc 0.7959
train >>> fold 1/5, epoch: 13/48, patient 7/24, mean_loss 0.4853, mean_acc 0.7961
train >>> fold 1/5, epoch: 13/48, patient 8/24, mean_loss 0.4789, mean_acc 0.7965
train >>> fold 1/5, epoch: 13/48, patient 9/24, mean_loss 0.4755, mean_acc 0.7968
train >>> fold 1/5, epoch: 13/48, patient 10/24, mean_loss 0.4670, mean_acc 0.7973
train >>> fold 1/5, epoch: 13/48, patient 11/24, mean_loss 0.4745, mean_acc 0.7971
train >>> fold 1/5, epoch: 13/48, patient 12/24, mean_loss 0.4891, mean_acc 0.7969
train >>> fold 1/5, epoch: 13/48, patient 13/24, mean_loss 0.4844, mean_acc 0.7971
train >>> fold 1/5, epoch: 13/48, patient 14/24, mean_loss 0.4897, mean_acc 0.7970
train >>> fold 1/5, epoch: 13/48, patient 15/24, mean_loss 0.4973, mean_acc 0.7968
train >>> fold 1/5, epoch: 13/48, patient 16/24, mean_loss 0.5026, mean_acc 0.7966
train >>> fold 1/5, epoch: 13/48, patient 17/24, mean_loss 0.5096, mean_acc 0.7967
train >>> fold 1/5, epoch: 13/48, patient 18/24, mean_loss 0.5171, mean_acc 0.7966
train >>> fold 1/5, epoch: 13/48, patient 19/24, mean_loss 0.5144, mean_acc 0.7969
train >>> fold 1/5, epoch: 13/48, patient 20/24, mean_loss 0.5164, mean_acc 0.7969
train >>> fold 1/5, epoch: 13/48, patient 21/24, mean_loss 0.5155, mean_acc 0.7971
train >>> fold 1/5, epoch: 13/48, patient 22/24, mean_loss 0.5066, mean_acc 0.7975
train >>> fold 1/5, epoch: 13/48, patient 23/24, mean_loss 0.5162, mean_acc 0.7972
train >>> fold 1/5, epoch: 13/48, patient 24/24, mean_loss 0.5165, mean_acc 0.7971
valid >>> epoch: 13/48, mean_loss: 0.6031, mean_acc: 0.7494
criteria decreased from 0.6044 to 0.6031, saving best model at D:\Data\cs-8395-dl\model\2020-03-22-14-58-30\2020-03-22-14-58-30_1_fold-resnet34_best.pt
train >>> fold 1/5, epoch: 14/48, patient 1/24, mean_loss 0.6128, mean_acc 0.7971
train >>> fold 1/5, epoch: 14/48, patient 2/24, mean_loss 0.5937, mean_acc 0.7970
train >>> fold 1/5, epoch: 14/48, patient 3/24, mean_loss 0.5425, mean_acc 0.7973
train >>> fold 1/5, epoch: 14/48, patient 4/24, mean_loss 0.5526, mean_acc 0.7971
train >>> fold 1/5, epoch: 14/48, patient 5/24, mean_loss 0.5643, mean_acc 0.7971
train >>> fold 1/5, epoch: 14/48, patient 6/24, mean_loss 0.5909, mean_acc 0.7969
train >>> fold 1/5, epoch: 14/48, patient 7/24, mean_loss 0.5835, mean_acc 0.7969
train >>> fold 1/5, epoch: 14/48, patient 8/24, mean_loss 0.5885, mean_acc 0.7967
train >>> fold 1/5, epoch: 14/48, patient 9/24, mean_loss 0.5692, mean_acc 0.7971
train >>> fold 1/5, epoch: 14/48, patient 10/24, mean_loss 0.5710, mean_acc 0.7970
train >>> fold 1/5, epoch: 14/48, patient 11/24, mean_loss 0.5709, mean_acc 0.7971
train >>> fold 1/5, epoch: 14/48, patient 12/24, mean_loss 0.5598, mean_acc 0.7972
train >>> fold 1/5, epoch: 14/48, patient 13/24, mean_loss 0.5722, mean_acc 0.7969
train >>> fold 1/5, epoch: 14/48, patient 14/24, mean_loss 0.5709, mean_acc 0.7967
train >>> fold 1/5, epoch: 14/48, patient 15/24, mean_loss 0.5633, mean_acc 0.7969
train >>> fold 1/5, epoch: 14/48, patient 16/24, mean_loss 0.5591, mean_acc 0.7969
train >>> fold 1/5, epoch: 14/48, patient 17/24, mean_loss 0.5590, mean_acc 0.7969
train >>> fold 1/5, epoch: 14/48, patient 18/24, mean_loss 0.5550, mean_acc 0.7969
train >>> fold 1/5, epoch: 14/48, patient 19/24, mean_loss 0.5518, mean_acc 0.7971
train >>> fold 1/5, epoch: 14/48, patient 20/24, mean_loss 0.5467, mean_acc 0.7974
train >>> fold 1/5, epoch: 14/48, patient 21/24, mean_loss 0.5384, mean_acc 0.7977
train >>> fold 1/5, epoch: 14/48, patient 22/24, mean_loss 0.5336, mean_acc 0.7978
train >>> fold 1/5, epoch: 14/48, patient 23/24, mean_loss 0.5294, mean_acc 0.7980
train >>> fold 1/5, epoch: 14/48, patient 24/24, mean_loss 0.5249, mean_acc 0.7982
valid >>> epoch: 14/48, mean_loss: 0.6007, mean_acc: 0.7512
criteria decreased from 0.6031 to 0.6007, saving best model at D:\Data\cs-8395-dl\model\2020-03-22-14-58-30\2020-03-22-14-58-30_1_fold-resnet34_best.pt
train >>> fold 1/5, epoch: 15/48, patient 1/24, mean_loss 0.5581, mean_acc 0.7983
train >>> fold 1/5, epoch: 15/48, patient 2/24, mean_loss 0.4981, mean_acc 0.7984
train >>> fold 1/5, epoch: 15/48, patient 3/24, mean_loss 0.4900, mean_acc 0.7983
train >>> fold 1/5, epoch: 15/48, patient 4/24, mean_loss 0.4995, mean_acc 0.7983
train >>> fold 1/5, epoch: 15/48, patient 5/24, mean_loss 0.5241, mean_acc 0.7981
train >>> fold 1/5, epoch: 15/48, patient 6/24, mean_loss 0.5285, mean_acc 0.7979
train >>> fold 1/5, epoch: 15/48, patient 7/24, mean_loss 0.5370, mean_acc 0.7978
train >>> fold 1/5, epoch: 15/48, patient 8/24, mean_loss 0.5277, mean_acc 0.7980
train >>> fold 1/5, epoch: 15/48, patient 9/24, mean_loss 0.5322, mean_acc 0.7979
train >>> fold 1/5, epoch: 15/48, patient 10/24, mean_loss 0.5434, mean_acc 0.7978
train >>> fold 1/5, epoch: 15/48, patient 11/24, mean_loss 0.5424, mean_acc 0.7978
train >>> fold 1/5, epoch: 15/48, patient 12/24, mean_loss 0.5427, mean_acc 0.7978
train >>> fold 1/5, epoch: 15/48, patient 13/24, mean_loss 0.5318, mean_acc 0.7980
train >>> fold 1/5, epoch: 15/48, patient 14/24, mean_loss 0.5253, mean_acc 0.7982
train >>> fold 1/5, epoch: 15/48, patient 15/24, mean_loss 0.5217, mean_acc 0.7983
train >>> fold 1/5, epoch: 15/48, patient 16/24, mean_loss 0.5241, mean_acc 0.7982
train >>> fold 1/5, epoch: 15/48, patient 17/24, mean_loss 0.5191, mean_acc 0.7984
train >>> fold 1/5, epoch: 15/48, patient 18/24, mean_loss 0.5114, mean_acc 0.7987
train >>> fold 1/5, epoch: 15/48, patient 19/24, mean_loss 0.5049, mean_acc 0.7990
train >>> fold 1/5, epoch: 15/48, patient 20/24, mean_loss 0.5123, mean_acc 0.7990
train >>> fold 1/5, epoch: 15/48, patient 21/24, mean_loss 0.5052, mean_acc 0.7992
train >>> fold 1/5, epoch: 15/48, patient 22/24, mean_loss 0.5075, mean_acc 0.7992
train >>> fold 1/5, epoch: 15/48, patient 23/24, mean_loss 0.5068, mean_acc 0.7992
train >>> fold 1/5, epoch: 15/48, patient 24/24, mean_loss 0.5028, mean_acc 0.7996
valid >>> epoch: 15/48, mean_loss: 0.5981, mean_acc: 0.7535
criteria decreased from 0.6007 to 0.5981, saving best model at D:\Data\cs-8395-dl\model\2020-03-22-14-58-30\2020-03-22-14-58-30_1_fold-resnet34_best.pt
train >>> fold 1/5, epoch: 16/48, patient 1/24, mean_loss 0.5585, mean_acc 0.7995
train >>> fold 1/5, epoch: 16/48, patient 2/24, mean_loss 0.4920, mean_acc 0.7997
train >>> fold 1/5, epoch: 16/48, patient 3/24, mean_loss 0.5627, mean_acc 0.7994
train >>> fold 1/5, epoch: 16/48, patient 4/24, mean_loss 0.5167, mean_acc 0.7996
train >>> fold 1/5, epoch: 16/48, patient 5/24, mean_loss 0.5294, mean_acc 0.7996
train >>> fold 1/5, epoch: 16/48, patient 6/24, mean_loss 0.5379, mean_acc 0.7996
train >>> fold 1/5, epoch: 16/48, patient 7/24, mean_loss 0.5248, mean_acc 0.7999
train >>> fold 1/5, epoch: 16/48, patient 8/24, mean_loss 0.5137, mean_acc 0.8000
train >>> fold 1/5, epoch: 16/48, patient 9/24, mean_loss 0.5201, mean_acc 0.8000
train >>> fold 1/5, epoch: 16/48, patient 10/24, mean_loss 0.5059, mean_acc 0.8002
train >>> fold 1/5, epoch: 16/48, patient 11/24, mean_loss 0.5204, mean_acc 0.8000
train >>> fold 1/5, epoch: 16/48, patient 12/24, mean_loss 0.5090, mean_acc 0.8002
train >>> fold 1/5, epoch: 16/48, patient 13/24, mean_loss 0.5012, mean_acc 0.8005
train >>> fold 1/5, epoch: 16/48, patient 14/24, mean_loss 0.5001, mean_acc 0.8008
train >>> fold 1/5, epoch: 16/48, patient 15/24, mean_loss 0.4927, mean_acc 0.8011
train >>> fold 1/5, epoch: 16/48, patient 16/24, mean_loss 0.5010, mean_acc 0.8009
train >>> fold 1/5, epoch: 16/48, patient 17/24, mean_loss 0.5045, mean_acc 0.8010
train >>> fold 1/5, epoch: 16/48, patient 18/24, mean_loss 0.5105, mean_acc 0.8008
train >>> fold 1/5, epoch: 16/48, patient 19/24, mean_loss 0.5153, mean_acc 0.8008
train >>> fold 1/5, epoch: 16/48, patient 20/24, mean_loss 0.5083, mean_acc 0.8011
train >>> fold 1/5, epoch: 16/48, patient 21/24, mean_loss 0.5050, mean_acc 0.8013
train >>> fold 1/5, epoch: 16/48, patient 22/24, mean_loss 0.4983, mean_acc 0.8016
train >>> fold 1/5, epoch: 16/48, patient 23/24, mean_loss 0.5067, mean_acc 0.8015
train >>> fold 1/5, epoch: 16/48, patient 24/24, mean_loss 0.5050, mean_acc 0.8014
valid >>> epoch: 16/48, mean_loss: 0.5961, mean_acc: 0.7552
criteria decreased from 0.5981 to 0.5961, saving best model at D:\Data\cs-8395-dl\model\2020-03-22-14-58-30\2020-03-22-14-58-30_1_fold-resnet34_best.pt
train >>> fold 1/5, epoch: 17/48, patient 1/24, mean_loss 0.6286, mean_acc 0.8012
train >>> fold 1/5, epoch: 17/48, patient 2/24, mean_loss 0.6353, mean_acc 0.8009
train >>> fold 1/5, epoch: 17/48, patient 3/24, mean_loss 0.6487, mean_acc 0.8007
train >>> fold 1/5, epoch: 17/48, patient 4/24, mean_loss 0.6414, mean_acc 0.8006
train >>> fold 1/5, epoch: 17/48, patient 5/24, mean_loss 0.6161, mean_acc 0.8007
train >>> fold 1/5, epoch: 17/48, patient 6/24, mean_loss 0.5929, mean_acc 0.8008
train >>> fold 1/5, epoch: 17/48, patient 7/24, mean_loss 0.5715, mean_acc 0.8009
train >>> fold 1/5, epoch: 17/48, patient 8/24, mean_loss 0.5667, mean_acc 0.8008
train >>> fold 1/5, epoch: 17/48, patient 9/24, mean_loss 0.5594, mean_acc 0.8008
train >>> fold 1/5, epoch: 17/48, patient 10/24, mean_loss 0.5454, mean_acc 0.8011
train >>> fold 1/5, epoch: 17/48, patient 11/24, mean_loss 0.5452, mean_acc 0.8010
train >>> fold 1/5, epoch: 17/48, patient 12/24, mean_loss 0.5399, mean_acc 0.8010
train >>> fold 1/5, epoch: 17/48, patient 13/24, mean_loss 0.5310, mean_acc 0.8012
train >>> fold 1/5, epoch: 17/48, patient 14/24, mean_loss 0.5238, mean_acc 0.8014
train >>> fold 1/5, epoch: 17/48, patient 15/24, mean_loss 0.5310, mean_acc 0.8011
train >>> fold 1/5, epoch: 17/48, patient 16/24, mean_loss 0.5249, mean_acc 0.8014
train >>> fold 1/5, epoch: 17/48, patient 17/24, mean_loss 0.5219, mean_acc 0.8016
train >>> fold 1/5, epoch: 17/48, patient 18/24, mean_loss 0.5240, mean_acc 0.8015
train >>> fold 1/5, epoch: 17/48, patient 19/24, mean_loss 0.5173, mean_acc 0.8017
train >>> fold 1/5, epoch: 17/48, patient 20/24, mean_loss 0.5229, mean_acc 0.8015
train >>> fold 1/5, epoch: 17/48, patient 21/24, mean_loss 0.5166, mean_acc 0.8017
train >>> fold 1/5, epoch: 17/48, patient 22/24, mean_loss 0.5184, mean_acc 0.8018
train >>> fold 1/5, epoch: 17/48, patient 23/24, mean_loss 0.5255, mean_acc 0.8015
train >>> fold 1/5, epoch: 17/48, patient 24/24, mean_loss 0.5205, mean_acc 0.8018
valid >>> epoch: 17/48, mean_loss: 0.5942, mean_acc: 0.7568
criteria decreased from 0.5961 to 0.5942, saving best model at D:\Data\cs-8395-dl\model\2020-03-22-14-58-30\2020-03-22-14-58-30_1_fold-resnet34_best.pt
train >>> fold 1/5, epoch: 18/48, patient 1/24, mean_loss 0.4871, mean_acc 0.8019
train >>> fold 1/5, epoch: 18/48, patient 2/24, mean_loss 0.4960, mean_acc 0.8019
train >>> fold 1/5, epoch: 18/48, patient 3/24, mean_loss 0.4664, mean_acc 0.8022
train >>> fold 1/5, epoch: 18/48, patient 4/24, mean_loss 0.5219, mean_acc 0.8020
train >>> fold 1/5, epoch: 18/48, patient 5/24, mean_loss 0.5178, mean_acc 0.8021
train >>> fold 1/5, epoch: 18/48, patient 6/24, mean_loss 0.5166, mean_acc 0.8021
train >>> fold 1/5, epoch: 18/48, patient 7/24, mean_loss 0.5218, mean_acc 0.8020
train >>> fold 1/5, epoch: 18/48, patient 8/24, mean_loss 0.5230, mean_acc 0.8020
train >>> fold 1/5, epoch: 18/48, patient 9/24, mean_loss 0.5108, mean_acc 0.8023
train >>> fold 1/5, epoch: 18/48, patient 10/24, mean_loss 0.5014, mean_acc 0.8025
train >>> fold 1/5, epoch: 18/48, patient 11/24, mean_loss 0.5005, mean_acc 0.8024
train >>> fold 1/5, epoch: 18/48, patient 12/24, mean_loss 0.4953, mean_acc 0.8025
train >>> fold 1/5, epoch: 18/48, patient 13/24, mean_loss 0.4871, mean_acc 0.8027
train >>> fold 1/5, epoch: 18/48, patient 14/24, mean_loss 0.4849, mean_acc 0.8027
train >>> fold 1/5, epoch: 18/48, patient 15/24, mean_loss 0.4899, mean_acc 0.8027
train >>> fold 1/5, epoch: 18/48, patient 16/24, mean_loss 0.4849, mean_acc 0.8030
train >>> fold 1/5, epoch: 18/48, patient 17/24, mean_loss 0.4919, mean_acc 0.8030
train >>> fold 1/5, epoch: 18/48, patient 18/24, mean_loss 0.5059, mean_acc 0.8027
train >>> fold 1/5, epoch: 18/48, patient 19/24, mean_loss 0.5019, mean_acc 0.8028
train >>> fold 1/5, epoch: 18/48, patient 20/24, mean_loss 0.4981, mean_acc 0.8031
train >>> fold 1/5, epoch: 18/48, patient 21/24, mean_loss 0.4932, mean_acc 0.8033
train >>> fold 1/5, epoch: 18/48, patient 22/24, mean_loss 0.4953, mean_acc 0.8033
train >>> fold 1/5, epoch: 18/48, patient 23/24, mean_loss 0.5008, mean_acc 0.8031
train >>> fold 1/5, epoch: 18/48, patient 24/24, mean_loss 0.4982, mean_acc 0.8033
valid >>> epoch: 18/48, mean_loss: 0.5922, mean_acc: 0.7586
criteria decreased from 0.5942 to 0.5922, saving best model at D:\Data\cs-8395-dl\model\2020-03-22-14-58-30\2020-03-22-14-58-30_1_fold-resnet34_best.pt
train >>> fold 1/5, epoch: 19/48, patient 1/24, mean_loss 0.3097, mean_acc 0.8035
train >>> fold 1/5, epoch: 19/48, patient 2/24, mean_loss 0.3556, mean_acc 0.8038
train >>> fold 1/5, epoch: 19/48, patient 3/24, mean_loss 0.4112, mean_acc 0.8037
train >>> fold 1/5, epoch: 19/48, patient 4/24, mean_loss 0.4527, mean_acc 0.8037
train >>> fold 1/5, epoch: 19/48, patient 5/24, mean_loss 0.4709, mean_acc 0.8037
train >>> fold 1/5, epoch: 19/48, patient 6/24, mean_loss 0.4609, mean_acc 0.8040
train >>> fold 1/5, epoch: 19/48, patient 7/24, mean_loss 0.4767, mean_acc 0.8038
train >>> fold 1/5, epoch: 19/48, patient 8/24, mean_loss 0.4912, mean_acc 0.8037
train >>> fold 1/5, epoch: 19/48, patient 9/24, mean_loss 0.5032, mean_acc 0.8036
train >>> fold 1/5, epoch: 19/48, patient 10/24, mean_loss 0.4961, mean_acc 0.8038
train >>> fold 1/5, epoch: 19/48, patient 11/24, mean_loss 0.4910, mean_acc 0.8039
train >>> fold 1/5, epoch: 19/48, patient 12/24, mean_loss 0.4949, mean_acc 0.8038
train >>> fold 1/5, epoch: 19/48, patient 13/24, mean_loss 0.4973, mean_acc 0.8038
train >>> fold 1/5, epoch: 19/48, patient 14/24, mean_loss 0.4986, mean_acc 0.8038
train >>> fold 1/5, epoch: 19/48, patient 15/24, mean_loss 0.4963, mean_acc 0.8040
train >>> fold 1/5, epoch: 19/48, patient 16/24, mean_loss 0.4980, mean_acc 0.8040
train >>> fold 1/5, epoch: 19/48, patient 17/24, mean_loss 0.4924, mean_acc 0.8042
train >>> fold 1/5, epoch: 19/48, patient 18/24, mean_loss 0.4956, mean_acc 0.8042
train >>> fold 1/5, epoch: 19/48, patient 19/24, mean_loss 0.5002, mean_acc 0.8041
train >>> fold 1/5, epoch: 19/48, patient 20/24, mean_loss 0.4978, mean_acc 0.8043
train >>> fold 1/5, epoch: 19/48, patient 21/24, mean_loss 0.4920, mean_acc 0.8045
train >>> fold 1/5, epoch: 19/48, patient 22/24, mean_loss 0.4886, mean_acc 0.8046
train >>> fold 1/5, epoch: 19/48, patient 23/24, mean_loss 0.4922, mean_acc 0.8046
train >>> fold 1/5, epoch: 19/48, patient 24/24, mean_loss 0.4889, mean_acc 0.8047
valid >>> epoch: 19/48, mean_loss: 0.5911, mean_acc: 0.7597
criteria decreased from 0.5922 to 0.5911, saving best model at D:\Data\cs-8395-dl\model\2020-03-22-14-58-30\2020-03-22-14-58-30_1_fold-resnet34_best.pt
train >>> fold 1/5, epoch: 20/48, patient 1/24, mean_loss 0.5109, mean_acc 0.8047
train >>> fold 1/5, epoch: 20/48, patient 2/24, mean_loss 0.5567, mean_acc 0.8046
train >>> fold 1/5, epoch: 20/48, patient 3/24, mean_loss 0.5506, mean_acc 0.8045
train >>> fold 1/5, epoch: 20/48, patient 4/24, mean_loss 0.5489, mean_acc 0.8046
train >>> fold 1/5, epoch: 20/48, patient 5/24, mean_loss 0.5157, mean_acc 0.8048
train >>> fold 1/5, epoch: 20/48, patient 6/24, mean_loss 0.4906, mean_acc 0.8050
train >>> fold 1/5, epoch: 20/48, patient 7/24, mean_loss 0.4816, mean_acc 0.8051
train >>> fold 1/5, epoch: 20/48, patient 8/24, mean_loss 0.4804, mean_acc 0.8050
train >>> fold 1/5, epoch: 20/48, patient 9/24, mean_loss 0.4860, mean_acc 0.8050
train >>> fold 1/5, epoch: 20/48, patient 10/24, mean_loss 0.4893, mean_acc 0.8050
train >>> fold 1/5, epoch: 20/48, patient 11/24, mean_loss 0.4969, mean_acc 0.8050
train >>> fold 1/5, epoch: 20/48, patient 12/24, mean_loss 0.5026, mean_acc 0.8048
train >>> fold 1/5, epoch: 20/48, patient 13/24, mean_loss 0.4981, mean_acc 0.8048
train >>> fold 1/5, epoch: 20/48, patient 14/24, mean_loss 0.4998, mean_acc 0.8047
train >>> fold 1/5, epoch: 20/48, patient 15/24, mean_loss 0.5071, mean_acc 0.8047
train >>> fold 1/5, epoch: 20/48, patient 16/24, mean_loss 0.5054, mean_acc 0.8047
train >>> fold 1/5, epoch: 20/48, patient 17/24, mean_loss 0.5006, mean_acc 0.8048
train >>> fold 1/5, epoch: 20/48, patient 18/24, mean_loss 0.4923, mean_acc 0.8050
train >>> fold 1/5, epoch: 20/48, patient 19/24, mean_loss 0.4950, mean_acc 0.8050
train >>> fold 1/5, epoch: 20/48, patient 20/24, mean_loss 0.4938, mean_acc 0.8051
train >>> fold 1/5, epoch: 20/48, patient 21/24, mean_loss 0.4949, mean_acc 0.8050
train >>> fold 1/5, epoch: 20/48, patient 22/24, mean_loss 0.4964, mean_acc 0.8051
train >>> fold 1/5, epoch: 20/48, patient 23/24, mean_loss 0.4921, mean_acc 0.8052
train >>> fold 1/5, epoch: 20/48, patient 24/24, mean_loss 0.4965, mean_acc 0.8052
valid >>> epoch: 20/48, mean_loss: 0.5915, mean_acc: 0.7602
train >>> fold 1/5, epoch: 21/48, patient 1/24, mean_loss 0.4628, mean_acc 0.8053
train >>> fold 1/5, epoch: 21/48, patient 2/24, mean_loss 0.4898, mean_acc 0.8052
train >>> fold 1/5, epoch: 21/48, patient 3/24, mean_loss 0.4782, mean_acc 0.8054
train >>> fold 1/5, epoch: 21/48, patient 4/24, mean_loss 0.4632, mean_acc 0.8056
train >>> fold 1/5, epoch: 21/48, patient 5/24, mean_loss 0.4539, mean_acc 0.8057
train >>> fold 1/5, epoch: 21/48, patient 6/24, mean_loss 0.4609, mean_acc 0.8057
train >>> fold 1/5, epoch: 21/48, patient 7/24, mean_loss 0.5213, mean_acc 0.8055
train >>> fold 1/5, epoch: 21/48, patient 8/24, mean_loss 0.4945, mean_acc 0.8058
train >>> fold 1/5, epoch: 21/48, patient 9/24, mean_loss 0.5023, mean_acc 0.8056
train >>> fold 1/5, epoch: 21/48, patient 10/24, mean_loss 0.4902, mean_acc 0.8058
train >>> fold 1/5, epoch: 21/48, patient 11/24, mean_loss 0.4882, mean_acc 0.8058
train >>> fold 1/5, epoch: 21/48, patient 12/24, mean_loss 0.4964, mean_acc 0.8057
train >>> fold 1/5, epoch: 21/48, patient 13/24, mean_loss 0.5050, mean_acc 0.8055
train >>> fold 1/5, epoch: 21/48, patient 14/24, mean_loss 0.4971, mean_acc 0.8057
train >>> fold 1/5, epoch: 21/48, patient 15/24, mean_loss 0.5015, mean_acc 0.8057
train >>> fold 1/5, epoch: 21/48, patient 16/24, mean_loss 0.5003, mean_acc 0.8058
train >>> fold 1/5, epoch: 21/48, patient 17/24, mean_loss 0.5155, mean_acc 0.8056
train >>> fold 1/5, epoch: 21/48, patient 18/24, mean_loss 0.5194, mean_acc 0.8055
train >>> fold 1/5, epoch: 21/48, patient 19/24, mean_loss 0.5131, mean_acc 0.8057
train >>> fold 1/5, epoch: 21/48, patient 20/24, mean_loss 0.5066, mean_acc 0.8060
train >>> fold 1/5, epoch: 21/48, patient 21/24, mean_loss 0.5090, mean_acc 0.8059
train >>> fold 1/5, epoch: 21/48, patient 22/24, mean_loss 0.5110, mean_acc 0.8059
train >>> fold 1/5, epoch: 21/48, patient 23/24, mean_loss 0.5104, mean_acc 0.8059
train >>> fold 1/5, epoch: 21/48, patient 24/24, mean_loss 0.5127, mean_acc 0.8058
valid >>> epoch: 21/48, mean_loss: 0.5907, mean_acc: 0.7612
criteria decreased from 0.5911 to 0.5907, saving best model at D:\Data\cs-8395-dl\model\2020-03-22-14-58-30\2020-03-22-14-58-30_1_fold-resnet34_best.pt
train >>> fold 1/5, epoch: 22/48, patient 1/24, mean_loss 0.4006, mean_acc 0.8060
train >>> fold 1/5, epoch: 22/48, patient 2/24, mean_loss 0.3642, mean_acc 0.8062
train >>> fold 1/5, epoch: 22/48, patient 3/24, mean_loss 0.4375, mean_acc 0.8062
train >>> fold 1/5, epoch: 22/48, patient 4/24, mean_loss 0.4536, mean_acc 0.8062
train >>> fold 1/5, epoch: 22/48, patient 5/24, mean_loss 0.4432, mean_acc 0.8064
train >>> fold 1/5, epoch: 22/48, patient 6/24, mean_loss 0.4403, mean_acc 0.8065
train >>> fold 1/5, epoch: 22/48, patient 7/24, mean_loss 0.4703, mean_acc 0.8065
train >>> fold 1/5, epoch: 22/48, patient 8/24, mean_loss 0.4571, mean_acc 0.8067
train >>> fold 1/5, epoch: 22/48, patient 9/24, mean_loss 0.4850, mean_acc 0.8065
train >>> fold 1/5, epoch: 22/48, patient 10/24, mean_loss 0.4846, mean_acc 0.8065
train >>> fold 1/5, epoch: 22/48, patient 11/24, mean_loss 0.4929, mean_acc 0.8065
train >>> fold 1/5, epoch: 22/48, patient 12/24, mean_loss 0.5062, mean_acc 0.8063
train >>> fold 1/5, epoch: 22/48, patient 13/24, mean_loss 0.4978, mean_acc 0.8065
train >>> fold 1/5, epoch: 22/48, patient 14/24, mean_loss 0.4937, mean_acc 0.8066
train >>> fold 1/5, epoch: 22/48, patient 15/24, mean_loss 0.4861, mean_acc 0.8068
train >>> fold 1/5, epoch: 22/48, patient 16/24, mean_loss 0.4816, mean_acc 0.8070
train >>> fold 1/5, epoch: 22/48, patient 17/24, mean_loss 0.4771, mean_acc 0.8070
train >>> fold 1/5, epoch: 22/48, patient 18/24, mean_loss 0.4817, mean_acc 0.8070
train >>> fold 1/5, epoch: 22/48, patient 19/24, mean_loss 0.4823, mean_acc 0.8070
train >>> fold 1/5, epoch: 22/48, patient 20/24, mean_loss 0.4859, mean_acc 0.8069
train >>> fold 1/5, epoch: 22/48, patient 21/24, mean_loss 0.4895, mean_acc 0.8068
train >>> fold 1/5, epoch: 22/48, patient 22/24, mean_loss 0.4951, mean_acc 0.8067
train >>> fold 1/5, epoch: 22/48, patient 23/24, mean_loss 0.4960, mean_acc 0.8067
train >>> fold 1/5, epoch: 22/48, patient 24/24, mean_loss 0.4919, mean_acc 0.8068
valid >>> epoch: 22/48, mean_loss: 0.5917, mean_acc: 0.7615
train >>> fold 1/5, epoch: 23/48, patient 1/24, mean_loss 0.5328, mean_acc 0.8068
train >>> fold 1/5, epoch: 23/48, patient 2/24, mean_loss 0.4962, mean_acc 0.8069
train >>> fold 1/5, epoch: 23/48, patient 3/24, mean_loss 0.5071, mean_acc 0.8068
train >>> fold 1/5, epoch: 23/48, patient 4/24, mean_loss 0.4748, mean_acc 0.8070
train >>> fold 1/5, epoch: 23/48, patient 5/24, mean_loss 0.4577, mean_acc 0.8071
train >>> fold 1/5, epoch: 23/48, patient 6/24, mean_loss 0.4451, mean_acc 0.8073
train >>> fold 1/5, epoch: 23/48, patient 7/24, mean_loss 0.4643, mean_acc 0.8072
train >>> fold 1/5, epoch: 23/48, patient 8/24, mean_loss 0.4777, mean_acc 0.8071
train >>> fold 1/5, epoch: 23/48, patient 9/24, mean_loss 0.5099, mean_acc 0.8068
train >>> fold 1/5, epoch: 23/48, patient 10/24, mean_loss 0.5024, mean_acc 0.8069
train >>> fold 1/5, epoch: 23/48, patient 11/24, mean_loss 0.5324, mean_acc 0.8068
train >>> fold 1/5, epoch: 23/48, patient 12/24, mean_loss 0.5409, mean_acc 0.8068
train >>> fold 1/5, epoch: 23/48, patient 13/24, mean_loss 0.5267, mean_acc 0.8070
train >>> fold 1/5, epoch: 23/48, patient 14/24, mean_loss 0.5216, mean_acc 0.8071
train >>> fold 1/5, epoch: 23/48, patient 15/24, mean_loss 0.5144, mean_acc 0.8073
train >>> fold 1/5, epoch: 23/48, patient 16/24, mean_loss 0.5151, mean_acc 0.8073
train >>> fold 1/5, epoch: 23/48, patient 17/24, mean_loss 0.5108, mean_acc 0.8073
train >>> fold 1/5, epoch: 23/48, patient 18/24, mean_loss 0.5135, mean_acc 0.8073
train >>> fold 1/5, epoch: 23/48, patient 19/24, mean_loss 0.5231, mean_acc 0.8071
train >>> fold 1/5, epoch: 23/48, patient 20/24, mean_loss 0.5195, mean_acc 0.8072
train >>> fold 1/5, epoch: 23/48, patient 21/24, mean_loss 0.5211, mean_acc 0.8072
train >>> fold 1/5, epoch: 23/48, patient 22/24, mean_loss 0.5157, mean_acc 0.8073
train >>> fold 1/5, epoch: 23/48, patient 23/24, mean_loss 0.5156, mean_acc 0.8073
train >>> fold 1/5, epoch: 23/48, patient 24/24, mean_loss 0.5103, mean_acc 0.8074
valid >>> epoch: 23/48, mean_loss: 0.5923, mean_acc: 0.7620
train >>> fold 1/5, epoch: 24/48, patient 1/24, mean_loss 0.3124, mean_acc 0.8076
train >>> fold 1/5, epoch: 24/48, patient 2/24, mean_loss 0.4654, mean_acc 0.8075
train >>> fold 1/5, epoch: 24/48, patient 3/24, mean_loss 0.4735, mean_acc 0.8075
train >>> fold 1/5, epoch: 24/48, patient 4/24, mean_loss 0.4341, mean_acc 0.8077
train >>> fold 1/5, epoch: 24/48, patient 5/24, mean_loss 0.4472, mean_acc 0.8077
train >>> fold 1/5, epoch: 24/48, patient 6/24, mean_loss 0.4308, mean_acc 0.8079
train >>> fold 1/5, epoch: 24/48, patient 7/24, mean_loss 0.4339, mean_acc 0.8080
train >>> fold 1/5, epoch: 24/48, patient 8/24, mean_loss 0.4387, mean_acc 0.8081
train >>> fold 1/5, epoch: 24/48, patient 9/24, mean_loss 0.4329, mean_acc 0.8083
train >>> fold 1/5, epoch: 24/48, patient 10/24, mean_loss 0.4435, mean_acc 0.8083
train >>> fold 1/5, epoch: 24/48, patient 11/24, mean_loss 0.4682, mean_acc 0.8081
train >>> fold 1/5, epoch: 24/48, patient 12/24, mean_loss 0.4566, mean_acc 0.8083
train >>> fold 1/5, epoch: 24/48, patient 13/24, mean_loss 0.4681, mean_acc 0.8082
train >>> fold 1/5, epoch: 24/48, patient 14/24, mean_loss 0.4590, mean_acc 0.8084
train >>> fold 1/5, epoch: 24/48, patient 15/24, mean_loss 0.4758, mean_acc 0.8082
train >>> fold 1/5, epoch: 24/48, patient 16/24, mean_loss 0.4804, mean_acc 0.8082
train >>> fold 1/5, epoch: 24/48, patient 17/24, mean_loss 0.4825, mean_acc 0.8081
train >>> fold 1/5, epoch: 24/48, patient 18/24, mean_loss 0.4819, mean_acc 0.8082
train >>> fold 1/5, epoch: 24/48, patient 19/24, mean_loss 0.4780, mean_acc 0.8084
train >>> fold 1/5, epoch: 24/48, patient 20/24, mean_loss 0.4718, mean_acc 0.8086
train >>> fold 1/5, epoch: 24/48, patient 21/24, mean_loss 0.4836, mean_acc 0.8084
train >>> fold 1/5, epoch: 24/48, patient 22/24, mean_loss 0.4841, mean_acc 0.8084
train >>> fold 1/5, epoch: 24/48, patient 23/24, mean_loss 0.4866, mean_acc 0.8085
train >>> fold 1/5, epoch: 24/48, patient 24/24, mean_loss 0.4823, mean_acc 0.8087
valid >>> epoch: 24/48, mean_loss: 0.5909, mean_acc: 0.7633
train >>> fold 1/5, epoch: 25/48, patient 1/24, mean_loss 0.5051, mean_acc 0.8088
train >>> fold 1/5, epoch: 25/48, patient 2/24, mean_loss 0.4585, mean_acc 0.8090
train >>> fold 1/5, epoch: 25/48, patient 3/24, mean_loss 0.4651, mean_acc 0.8090
train >>> fold 1/5, epoch: 25/48, patient 4/24, mean_loss 0.4836, mean_acc 0.8091
train >>> fold 1/5, epoch: 25/48, patient 5/24, mean_loss 0.4872, mean_acc 0.8090
train >>> fold 1/5, epoch: 25/48, patient 6/24, mean_loss 0.5182, mean_acc 0.8086
train >>> fold 1/5, epoch: 25/48, patient 7/24, mean_loss 0.5061, mean_acc 0.8087
train >>> fold 1/5, epoch: 25/48, patient 8/24, mean_loss 0.5345, mean_acc 0.8085
train >>> fold 1/5, epoch: 25/48, patient 9/24, mean_loss 0.5152, mean_acc 0.8086
train >>> fold 1/5, epoch: 25/48, patient 10/24, mean_loss 0.5003, mean_acc 0.8088
train >>> fold 1/5, epoch: 25/48, patient 11/24, mean_loss 0.4900, mean_acc 0.8089
train >>> fold 1/5, epoch: 25/48, patient 12/24, mean_loss 0.4855, mean_acc 0.8089
train >>> fold 1/5, epoch: 25/48, patient 13/24, mean_loss 0.4801, mean_acc 0.8091
train >>> fold 1/5, epoch: 25/48, patient 14/24, mean_loss 0.4835, mean_acc 0.8091
train >>> fold 1/5, epoch: 25/48, patient 15/24, mean_loss 0.4851, mean_acc 0.8092
train >>> fold 1/5, epoch: 25/48, patient 16/24, mean_loss 0.4908, mean_acc 0.8091
train >>> fold 1/5, epoch: 25/48, patient 17/24, mean_loss 0.5041, mean_acc 0.8089
train >>> fold 1/5, epoch: 25/48, patient 18/24, mean_loss 0.4997, mean_acc 0.8090
train >>> fold 1/5, epoch: 25/48, patient 19/24, mean_loss 0.4903, mean_acc 0.8091
train >>> fold 1/5, epoch: 25/48, patient 20/24, mean_loss 0.4946, mean_acc 0.8091
train >>> fold 1/5, epoch: 25/48, patient 21/24, mean_loss 0.4912, mean_acc 0.8091
train >>> fold 1/5, epoch: 25/48, patient 22/24, mean_loss 0.4949, mean_acc 0.8091
train >>> fold 1/5, epoch: 25/48, patient 23/24, mean_loss 0.4971, mean_acc 0.8091
train >>> fold 1/5, epoch: 25/48, patient 24/24, mean_loss 0.4980, mean_acc 0.8090
valid >>> epoch: 25/48, mean_loss: 0.5896, mean_acc: 0.7645
criteria decreased from 0.5907 to 0.5896, saving best model at D:\Data\cs-8395-dl\model\2020-03-22-14-58-30\2020-03-22-14-58-30_1_fold-resnet34_best.pt
train >>> fold 1/5, epoch: 26/48, patient 1/24, mean_loss 0.2982, mean_acc 0.8092
train >>> fold 1/5, epoch: 26/48, patient 2/24, mean_loss 0.3616, mean_acc 0.8093
train >>> fold 1/5, epoch: 26/48, patient 3/24, mean_loss 0.5156, mean_acc 0.8091
train >>> fold 1/5, epoch: 26/48, patient 4/24, mean_loss 0.4689, mean_acc 0.8093
train >>> fold 1/5, epoch: 26/48, patient 5/24, mean_loss 0.4765, mean_acc 0.8093
train >>> fold 1/5, epoch: 26/48, patient 6/24, mean_loss 0.4942, mean_acc 0.8093
train >>> fold 1/5, epoch: 26/48, patient 7/24, mean_loss 0.4738, mean_acc 0.8095
train >>> fold 1/5, epoch: 26/48, patient 8/24, mean_loss 0.4823, mean_acc 0.8094
train >>> fold 1/5, epoch: 26/48, patient 9/24, mean_loss 0.4699, mean_acc 0.8096
train >>> fold 1/5, epoch: 26/48, patient 10/24, mean_loss 0.4742, mean_acc 0.8095
train >>> fold 1/5, epoch: 26/48, patient 11/24, mean_loss 0.4711, mean_acc 0.8096
train >>> fold 1/5, epoch: 26/48, patient 12/24, mean_loss 0.4758, mean_acc 0.8095
train >>> fold 1/5, epoch: 26/48, patient 13/24, mean_loss 0.4683, mean_acc 0.8097
train >>> fold 1/5, epoch: 26/48, patient 14/24, mean_loss 0.4678, mean_acc 0.8097
train >>> fold 1/5, epoch: 26/48, patient 15/24, mean_loss 0.4618, mean_acc 0.8099
train >>> fold 1/5, epoch: 26/48, patient 16/24, mean_loss 0.4555, mean_acc 0.8101
train >>> fold 1/5, epoch: 26/48, patient 17/24, mean_loss 0.4556, mean_acc 0.8102
train >>> fold 1/5, epoch: 26/48, patient 18/24, mean_loss 0.4650, mean_acc 0.8101
train >>> fold 1/5, epoch: 26/48, patient 19/24, mean_loss 0.4773, mean_acc 0.8099
train >>> fold 1/5, epoch: 26/48, patient 20/24, mean_loss 0.4889, mean_acc 0.8096
train >>> fold 1/5, epoch: 26/48, patient 21/24, mean_loss 0.4986, mean_acc 0.8093
train >>> fold 1/5, epoch: 26/48, patient 22/24, mean_loss 0.4990, mean_acc 0.8092
train >>> fold 1/5, epoch: 26/48, patient 23/24, mean_loss 0.4933, mean_acc 0.8094
train >>> fold 1/5, epoch: 26/48, patient 24/24, mean_loss 0.4975, mean_acc 0.8094
valid >>> epoch: 26/48, mean_loss: 0.5910, mean_acc: 0.7646
train >>> fold 1/5, epoch: 27/48, patient 1/24, mean_loss 0.5555, mean_acc 0.8093
train >>> fold 1/5, epoch: 27/48, patient 2/24, mean_loss 0.5448, mean_acc 0.8093
train >>> fold 1/5, epoch: 27/48, patient 3/24, mean_loss 0.5459, mean_acc 0.8093
train >>> fold 1/5, epoch: 27/48, patient 4/24, mean_loss 0.5176, mean_acc 0.8095
train >>> fold 1/5, epoch: 27/48, patient 5/24, mean_loss 0.5334, mean_acc 0.8094
train >>> fold 1/5, epoch: 27/48, patient 6/24, mean_loss 0.5018, mean_acc 0.8095
train >>> fold 1/5, epoch: 27/48, patient 7/24, mean_loss 0.4811, mean_acc 0.8097
train >>> fold 1/5, epoch: 27/48, patient 8/24, mean_loss 0.4632, mean_acc 0.8098
train >>> fold 1/5, epoch: 27/48, patient 9/24, mean_loss 0.4852, mean_acc 0.8097
train >>> fold 1/5, epoch: 27/48, patient 10/24, mean_loss 0.4832, mean_acc 0.8097
train >>> fold 1/5, epoch: 27/48, patient 11/24, mean_loss 0.4879, mean_acc 0.8097
train >>> fold 1/5, epoch: 27/48, patient 12/24, mean_loss 0.4832, mean_acc 0.8098
train >>> fold 1/5, epoch: 27/48, patient 13/24, mean_loss 0.4725, mean_acc 0.8099
train >>> fold 1/5, epoch: 27/48, patient 14/24, mean_loss 0.4757, mean_acc 0.8099
train >>> fold 1/5, epoch: 27/48, patient 15/24, mean_loss 0.4772, mean_acc 0.8099
train >>> fold 1/5, epoch: 27/48, patient 16/24, mean_loss 0.4694, mean_acc 0.8101
train >>> fold 1/5, epoch: 27/48, patient 17/24, mean_loss 0.4724, mean_acc 0.8100
train >>> fold 1/5, epoch: 27/48, patient 18/24, mean_loss 0.4712, mean_acc 0.8101
train >>> fold 1/5, epoch: 27/48, patient 19/24, mean_loss 0.4787, mean_acc 0.8101
train >>> fold 1/5, epoch: 27/48, patient 20/24, mean_loss 0.4737, mean_acc 0.8102
train >>> fold 1/5, epoch: 27/48, patient 21/24, mean_loss 0.4682, mean_acc 0.8104
train >>> fold 1/5, epoch: 27/48, patient 22/24, mean_loss 0.4745, mean_acc 0.8103
train >>> fold 1/5, epoch: 27/48, patient 23/24, mean_loss 0.4706, mean_acc 0.8104
train >>> fold 1/5, epoch: 27/48, patient 24/24, mean_loss 0.4687, mean_acc 0.8105
valid >>> epoch: 27/48, mean_loss: 0.5907, mean_acc: 0.7652
train >>> fold 1/5, epoch: 28/48, patient 1/24, mean_loss 0.3569, mean_acc 0.8107
train >>> fold 1/5, epoch: 28/48, patient 2/24, mean_loss 0.3539, mean_acc 0.8108
train >>> fold 1/5, epoch: 28/48, patient 3/24, mean_loss 0.4107, mean_acc 0.8107
train >>> fold 1/5, epoch: 28/48, patient 4/24, mean_loss 0.4130, mean_acc 0.8108
train >>> fold 1/5, epoch: 28/48, patient 5/24, mean_loss 0.3986, mean_acc 0.8109
train >>> fold 1/5, epoch: 28/48, patient 6/24, mean_loss 0.4191, mean_acc 0.8109
train >>> fold 1/5, epoch: 28/48, patient 7/24, mean_loss 0.4334, mean_acc 0.8108
train >>> fold 1/5, epoch: 28/48, patient 8/24, mean_loss 0.4610, mean_acc 0.8106
train >>> fold 1/5, epoch: 28/48, patient 9/24, mean_loss 0.4673, mean_acc 0.8106
train >>> fold 1/5, epoch: 28/48, patient 10/24, mean_loss 0.4541, mean_acc 0.8108
train >>> fold 1/5, epoch: 28/48, patient 11/24, mean_loss 0.4460, mean_acc 0.8110
train >>> fold 1/5, epoch: 28/48, patient 12/24, mean_loss 0.4429, mean_acc 0.8110
train >>> fold 1/5, epoch: 28/48, patient 13/24, mean_loss 0.4552, mean_acc 0.8109
train >>> fold 1/5, epoch: 28/48, patient 14/24, mean_loss 0.4593, mean_acc 0.8109
train >>> fold 1/5, epoch: 28/48, patient 15/24, mean_loss 0.4528, mean_acc 0.8110
train >>> fold 1/5, epoch: 28/48, patient 16/24, mean_loss 0.4640, mean_acc 0.8109
train >>> fold 1/5, epoch: 28/48, patient 17/24, mean_loss 0.4666, mean_acc 0.8108
train >>> fold 1/5, epoch: 28/48, patient 18/24, mean_loss 0.4656, mean_acc 0.8109
train >>> fold 1/5, epoch: 28/48, patient 19/24, mean_loss 0.4719, mean_acc 0.8109
train >>> fold 1/5, epoch: 28/48, patient 20/24, mean_loss 0.4737, mean_acc 0.8109
train >>> fold 1/5, epoch: 28/48, patient 21/24, mean_loss 0.4677, mean_acc 0.8111
train >>> fold 1/5, epoch: 28/48, patient 22/24, mean_loss 0.4737, mean_acc 0.8111
train >>> fold 1/5, epoch: 28/48, patient 23/24, mean_loss 0.4760, mean_acc 0.8110
train >>> fold 1/5, epoch: 28/48, patient 24/24, mean_loss 0.4712, mean_acc 0.8111
valid >>> epoch: 28/48, mean_loss: 0.5911, mean_acc: 0.7656
train >>> fold 1/5, epoch: 29/48, patient 1/24, mean_loss 0.6226, mean_acc 0.8111
train >>> fold 1/5, epoch: 29/48, patient 2/24, mean_loss 0.5381, mean_acc 0.8112
train >>> fold 1/5, epoch: 29/48, patient 3/24, mean_loss 0.4974, mean_acc 0.8113
train >>> fold 1/5, epoch: 29/48, patient 4/24, mean_loss 0.5027, mean_acc 0.8113
train >>> fold 1/5, epoch: 29/48, patient 5/24, mean_loss 0.5038, mean_acc 0.8113
train >>> fold 1/5, epoch: 29/48, patient 6/24, mean_loss 0.4809, mean_acc 0.8115
train >>> fold 1/5, epoch: 29/48, patient 7/24, mean_loss 0.4642, mean_acc 0.8116
train >>> fold 1/5, epoch: 29/48, patient 8/24, mean_loss 0.4797, mean_acc 0.8116
train >>> fold 1/5, epoch: 29/48, patient 9/24, mean_loss 0.4858, mean_acc 0.8115
train >>> fold 1/5, epoch: 29/48, patient 10/24, mean_loss 0.4931, mean_acc 0.8114
train >>> fold 1/5, epoch: 29/48, patient 11/24, mean_loss 0.4835, mean_acc 0.8116
train >>> fold 1/5, epoch: 29/48, patient 12/24, mean_loss 0.4852, mean_acc 0.8116
train >>> fold 1/5, epoch: 29/48, patient 13/24, mean_loss 0.4850, mean_acc 0.8117
train >>> fold 1/5, epoch: 29/48, patient 14/24, mean_loss 0.4809, mean_acc 0.8117
train >>> fold 1/5, epoch: 29/48, patient 15/24, mean_loss 0.4747, mean_acc 0.8119
train >>> fold 1/5, epoch: 29/48, patient 16/24, mean_loss 0.4667, mean_acc 0.8121
train >>> fold 1/5, epoch: 29/48, patient 17/24, mean_loss 0.4587, mean_acc 0.8122
train >>> fold 1/5, epoch: 29/48, patient 18/24, mean_loss 0.4662, mean_acc 0.8122
train >>> fold 1/5, epoch: 29/48, patient 19/24, mean_loss 0.4652, mean_acc 0.8122
train >>> fold 1/5, epoch: 29/48, patient 20/24, mean_loss 0.4691, mean_acc 0.8122
train >>> fold 1/5, epoch: 29/48, patient 21/24, mean_loss 0.4735, mean_acc 0.8121
train >>> fold 1/5, epoch: 29/48, patient 22/24, mean_loss 0.4690, mean_acc 0.8122
train >>> fold 1/5, epoch: 29/48, patient 23/24, mean_loss 0.4697, mean_acc 0.8122
train >>> fold 1/5, epoch: 29/48, patient 24/24, mean_loss 0.4693, mean_acc 0.8122
valid >>> epoch: 29/48, mean_loss: 0.5905, mean_acc: 0.7651
train >>> fold 1/5, epoch: 30/48, patient 1/24, mean_loss 0.4226, mean_acc 0.8124
train >>> fold 1/5, epoch: 30/48, patient 2/24, mean_loss 0.4841, mean_acc 0.8123
train >>> fold 1/5, epoch: 30/48, patient 3/24, mean_loss 0.4332, mean_acc 0.8124
train >>> fold 1/5, epoch: 30/48, patient 4/24, mean_loss 0.4129, mean_acc 0.8125
train >>> fold 1/5, epoch: 30/48, patient 5/24, mean_loss 0.4477, mean_acc 0.8125
train >>> fold 1/5, epoch: 30/48, patient 6/24, mean_loss 0.4585, mean_acc 0.8124
train >>> fold 1/5, epoch: 30/48, patient 7/24, mean_loss 0.4460, mean_acc 0.8126
train >>> fold 1/5, epoch: 30/48, patient 8/24, mean_loss 0.4355, mean_acc 0.8128
train >>> fold 1/5, epoch: 30/48, patient 9/24, mean_loss 0.4494, mean_acc 0.8127
train >>> fold 1/5, epoch: 30/48, patient 10/24, mean_loss 0.4400, mean_acc 0.8128
train >>> fold 1/5, epoch: 30/48, patient 11/24, mean_loss 0.4427, mean_acc 0.8128
train >>> fold 1/5, epoch: 30/48, patient 12/24, mean_loss 0.4341, mean_acc 0.8130
train >>> fold 1/5, epoch: 30/48, patient 13/24, mean_loss 0.4437, mean_acc 0.8129
train >>> fold 1/5, epoch: 30/48, patient 14/24, mean_loss 0.4496, mean_acc 0.8128
train >>> fold 1/5, epoch: 30/48, patient 15/24, mean_loss 0.4549, mean_acc 0.8127
train >>> fold 1/5, epoch: 30/48, patient 16/24, mean_loss 0.4548, mean_acc 0.8128
train >>> fold 1/5, epoch: 30/48, patient 17/24, mean_loss 0.4509, mean_acc 0.8129
train >>> fold 1/5, epoch: 30/48, patient 18/24, mean_loss 0.4474, mean_acc 0.8130
train >>> fold 1/5, epoch: 30/48, patient 19/24, mean_loss 0.4530, mean_acc 0.8130
train >>> fold 1/5, epoch: 30/48, patient 20/24, mean_loss 0.4476, mean_acc 0.8131
train >>> fold 1/5, epoch: 30/48, patient 21/24, mean_loss 0.4501, mean_acc 0.8130
train >>> fold 1/5, epoch: 30/48, patient 22/24, mean_loss 0.4524, mean_acc 0.8130
train >>> fold 1/5, epoch: 30/48, patient 23/24, mean_loss 0.4593, mean_acc 0.8130
train >>> fold 1/5, epoch: 30/48, patient 24/24, mean_loss 0.4612, mean_acc 0.8130
valid >>> epoch: 30/48, mean_loss: 0.5894, mean_acc: 0.7656
criteria decreased from 0.5896 to 0.5894, saving best model at D:\Data\cs-8395-dl\model\2020-03-22-14-58-30\2020-03-22-14-58-30_1_fold-resnet34_best.pt
train >>> fold 1/5, epoch: 31/48, patient 1/24, mean_loss 0.4917, mean_acc 0.8130
train >>> fold 1/5, epoch: 31/48, patient 2/24, mean_loss 0.4848, mean_acc 0.8131
train >>> fold 1/5, epoch: 31/48, patient 3/24, mean_loss 0.4492, mean_acc 0.8132
train >>> fold 1/5, epoch: 31/48, patient 4/24, mean_loss 0.4210, mean_acc 0.8134
train >>> fold 1/5, epoch: 31/48, patient 5/24, mean_loss 0.4088, mean_acc 0.8135
train >>> fold 1/5, epoch: 31/48, patient 6/24, mean_loss 0.4316, mean_acc 0.8135
train >>> fold 1/5, epoch: 31/48, patient 7/24, mean_loss 0.4554, mean_acc 0.8134
train >>> fold 1/5, epoch: 31/48, patient 8/24, mean_loss 0.4623, mean_acc 0.8134
train >>> fold 1/5, epoch: 31/48, patient 9/24, mean_loss 0.4646, mean_acc 0.8134
train >>> fold 1/5, epoch: 31/48, patient 10/24, mean_loss 0.4543, mean_acc 0.8135
train >>> fold 1/5, epoch: 31/48, patient 11/24, mean_loss 0.4590, mean_acc 0.8135
train >>> fold 1/5, epoch: 31/48, patient 12/24, mean_loss 0.4498, mean_acc 0.8136
train >>> fold 1/5, epoch: 31/48, patient 13/24, mean_loss 0.4641, mean_acc 0.8135
train >>> fold 1/5, epoch: 31/48, patient 14/24, mean_loss 0.4783, mean_acc 0.8135
train >>> fold 1/5, epoch: 31/48, patient 15/24, mean_loss 0.4746, mean_acc 0.8135
train >>> fold 1/5, epoch: 31/48, patient 16/24, mean_loss 0.4781, mean_acc 0.8135
train >>> fold 1/5, epoch: 31/48, patient 17/24, mean_loss 0.4816, mean_acc 0.8135
train >>> fold 1/5, epoch: 31/48, patient 18/24, mean_loss 0.4928, mean_acc 0.8134
train >>> fold 1/5, epoch: 31/48, patient 19/24, mean_loss 0.4875, mean_acc 0.8136
train >>> fold 1/5, epoch: 31/48, patient 20/24, mean_loss 0.4870, mean_acc 0.8136
train >>> fold 1/5, epoch: 31/48, patient 21/24, mean_loss 0.4821, mean_acc 0.8137
train >>> fold 1/5, epoch: 31/48, patient 22/24, mean_loss 0.4828, mean_acc 0.8137
train >>> fold 1/5, epoch: 31/48, patient 23/24, mean_loss 0.4770, mean_acc 0.8138
train >>> fold 1/5, epoch: 31/48, patient 24/24, mean_loss 0.4785, mean_acc 0.8138
valid >>> epoch: 31/48, mean_loss: 0.5884, mean_acc: 0.7665
criteria decreased from 0.5894 to 0.5884, saving best model at D:\Data\cs-8395-dl\model\2020-03-22-14-58-30\2020-03-22-14-58-30_1_fold-resnet34_best.pt
train >>> fold 1/5, epoch: 32/48, patient 1/24, mean_loss 0.5171, mean_acc 0.8138
train >>> fold 1/5, epoch: 32/48, patient 2/24, mean_loss 0.4833, mean_acc 0.8139
train >>> fold 1/5, epoch: 32/48, patient 3/24, mean_loss 0.4981, mean_acc 0.8139
train >>> fold 1/5, epoch: 32/48, patient 4/24, mean_loss 0.5058, mean_acc 0.8138
train >>> fold 1/5, epoch: 32/48, patient 5/24, mean_loss 0.4978, mean_acc 0.8138
train >>> fold 1/5, epoch: 32/48, patient 6/24, mean_loss 0.5004, mean_acc 0.8139
train >>> fold 1/5, epoch: 32/48, patient 7/24, mean_loss 0.4838, mean_acc 0.8140
train >>> fold 1/5, epoch: 32/48, patient 8/24, mean_loss 0.4722, mean_acc 0.8141
train >>> fold 1/5, epoch: 32/48, patient 9/24, mean_loss 0.4691, mean_acc 0.8141
train >>> fold 1/5, epoch: 32/48, patient 10/24, mean_loss 0.4647, mean_acc 0.8142
train >>> fold 1/5, epoch: 32/48, patient 11/24, mean_loss 0.4713, mean_acc 0.8142
train >>> fold 1/5, epoch: 32/48, patient 12/24, mean_loss 0.4613, mean_acc 0.8143
train >>> fold 1/5, epoch: 32/48, patient 13/24, mean_loss 0.4666, mean_acc 0.8143
train >>> fold 1/5, epoch: 32/48, patient 14/24, mean_loss 0.4605, mean_acc 0.8144
train >>> fold 1/5, epoch: 32/48, patient 15/24, mean_loss 0.4573, mean_acc 0.8145
train >>> fold 1/5, epoch: 32/48, patient 16/24, mean_loss 0.4571, mean_acc 0.8145
train >>> fold 1/5, epoch: 32/48, patient 17/24, mean_loss 0.4619, mean_acc 0.8144
train >>> fold 1/5, epoch: 32/48, patient 18/24, mean_loss 0.4564, mean_acc 0.8145
train >>> fold 1/5, epoch: 32/48, patient 19/24, mean_loss 0.4583, mean_acc 0.8145
train >>> fold 1/5, epoch: 32/48, patient 20/24, mean_loss 0.4632, mean_acc 0.8145
train >>> fold 1/5, epoch: 32/48, patient 21/24, mean_loss 0.4629, mean_acc 0.8146
train >>> fold 1/5, epoch: 32/48, patient 22/24, mean_loss 0.4608, mean_acc 0.8146
train >>> fold 1/5, epoch: 32/48, patient 23/24, mean_loss 0.4712, mean_acc 0.8145
train >>> fold 1/5, epoch: 32/48, patient 24/24, mean_loss 0.4793, mean_acc 0.8144
valid >>> epoch: 32/48, mean_loss: 0.5875, mean_acc: 0.7674
criteria decreased from 0.5884 to 0.5875, saving best model at D:\Data\cs-8395-dl\model\2020-03-22-14-58-30\2020-03-22-14-58-30_1_fold-resnet34_best.pt
train >>> fold 1/5, epoch: 33/48, patient 1/24, mean_loss 0.4401, mean_acc 0.8144
train >>> fold 1/5, epoch: 33/48, patient 2/24, mean_loss 0.4557, mean_acc 0.8145
train >>> fold 1/5, epoch: 33/48, patient 3/24, mean_loss 0.4703, mean_acc 0.8145
train >>> fold 1/5, epoch: 33/48, patient 4/24, mean_loss 0.4964, mean_acc 0.8144
train >>> fold 1/5, epoch: 33/48, patient 5/24, mean_loss 0.4723, mean_acc 0.8146
train >>> fold 1/5, epoch: 33/48, patient 6/24, mean_loss 0.4791, mean_acc 0.8146
train >>> fold 1/5, epoch: 33/48, patient 7/24, mean_loss 0.4595, mean_acc 0.8147
train >>> fold 1/5, epoch: 33/48, patient 8/24, mean_loss 0.4715, mean_acc 0.8147
train >>> fold 1/5, epoch: 33/48, patient 9/24, mean_loss 0.4646, mean_acc 0.8147
train >>> fold 1/5, epoch: 33/48, patient 10/24, mean_loss 0.4551, mean_acc 0.8148
train >>> fold 1/5, epoch: 33/48, patient 11/24, mean_loss 0.4617, mean_acc 0.8148
train >>> fold 1/5, epoch: 33/48, patient 12/24, mean_loss 0.4532, mean_acc 0.8149
train >>> fold 1/5, epoch: 33/48, patient 13/24, mean_loss 0.4430, mean_acc 0.8151
train >>> fold 1/5, epoch: 33/48, patient 14/24, mean_loss 0.4391, mean_acc 0.8152
train >>> fold 1/5, epoch: 33/48, patient 15/24, mean_loss 0.4463, mean_acc 0.8151
train >>> fold 1/5, epoch: 33/48, patient 16/24, mean_loss 0.4439, mean_acc 0.8152
train >>> fold 1/5, epoch: 33/48, patient 17/24, mean_loss 0.4461, mean_acc 0.8153
train >>> fold 1/5, epoch: 33/48, patient 18/24, mean_loss 0.4464, mean_acc 0.8153
train >>> fold 1/5, epoch: 33/48, patient 19/24, mean_loss 0.4587, mean_acc 0.8152
train >>> fold 1/5, epoch: 33/48, patient 20/24, mean_loss 0.4695, mean_acc 0.8151
train >>> fold 1/5, epoch: 33/48, patient 21/24, mean_loss 0.4709, mean_acc 0.8151
train >>> fold 1/5, epoch: 33/48, patient 22/24, mean_loss 0.4652, mean_acc 0.8153
train >>> fold 1/5, epoch: 33/48, patient 23/24, mean_loss 0.4612, mean_acc 0.8154
train >>> fold 1/5, epoch: 33/48, patient 24/24, mean_loss 0.4661, mean_acc 0.8153
valid >>> epoch: 33/48, mean_loss: 0.5889, mean_acc: 0.7675
train >>> fold 1/5, epoch: 34/48, patient 1/24, mean_loss 0.5230, mean_acc 0.8153
train >>> fold 1/5, epoch: 34/48, patient 2/24, mean_loss 0.4620, mean_acc 0.8154
train >>> fold 1/5, epoch: 34/48, patient 3/24, mean_loss 0.4458, mean_acc 0.8154
train >>> fold 1/5, epoch: 34/48, patient 4/24, mean_loss 0.4565, mean_acc 0.8154
train >>> fold 1/5, epoch: 34/48, patient 5/24, mean_loss 0.4517, mean_acc 0.8155
train >>> fold 1/5, epoch: 34/48, patient 6/24, mean_loss 0.4637, mean_acc 0.8154
train >>> fold 1/5, epoch: 34/48, patient 7/24, mean_loss 0.4582, mean_acc 0.8155
train >>> fold 1/5, epoch: 34/48, patient 8/24, mean_loss 0.4824, mean_acc 0.8154
train >>> fold 1/5, epoch: 34/48, patient 9/24, mean_loss 0.4954, mean_acc 0.8154
train >>> fold 1/5, epoch: 34/48, patient 10/24, mean_loss 0.4878, mean_acc 0.8154
train >>> fold 1/5, epoch: 34/48, patient 11/24, mean_loss 0.4914, mean_acc 0.8154
train >>> fold 1/5, epoch: 34/48, patient 12/24, mean_loss 0.4804, mean_acc 0.8156
train >>> fold 1/5, epoch: 34/48, patient 13/24, mean_loss 0.4794, mean_acc 0.8157
train >>> fold 1/5, epoch: 34/48, patient 14/24, mean_loss 0.4696, mean_acc 0.8158
train >>> fold 1/5, epoch: 34/48, patient 15/24, mean_loss 0.4611, mean_acc 0.8159
train >>> fold 1/5, epoch: 34/48, patient 16/24, mean_loss 0.4664, mean_acc 0.8159
train >>> fold 1/5, epoch: 34/48, patient 17/24, mean_loss 0.4701, mean_acc 0.8158
train >>> fold 1/5, epoch: 34/48, patient 18/24, mean_loss 0.4627, mean_acc 0.8159
train >>> fold 1/5, epoch: 34/48, patient 19/24, mean_loss 0.4613, mean_acc 0.8161
train >>> fold 1/5, epoch: 34/48, patient 20/24, mean_loss 0.4666, mean_acc 0.8160
train >>> fold 1/5, epoch: 34/48, patient 21/24, mean_loss 0.4603, mean_acc 0.8161
train >>> fold 1/5, epoch: 34/48, patient 22/24, mean_loss 0.4547, mean_acc 0.8162
train >>> fold 1/5, epoch: 34/48, patient 23/24, mean_loss 0.4598, mean_acc 0.8162
train >>> fold 1/5, epoch: 34/48, patient 24/24, mean_loss 0.4641, mean_acc 0.8161
valid >>> epoch: 34/48, mean_loss: 0.5880, mean_acc: 0.7682
train >>> fold 1/5, epoch: 35/48, patient 1/24, mean_loss 0.4855, mean_acc 0.8162
train >>> fold 1/5, epoch: 35/48, patient 2/24, mean_loss 0.4582, mean_acc 0.8162
train >>> fold 1/5, epoch: 35/48, patient 3/24, mean_loss 0.4541, mean_acc 0.8163
train >>> fold 1/5, epoch: 35/48, patient 4/24, mean_loss 0.4801, mean_acc 0.8162
train >>> fold 1/5, epoch: 35/48, patient 5/24, mean_loss 0.5201, mean_acc 0.8162
train >>> fold 1/5, epoch: 35/48, patient 6/24, mean_loss 0.5222, mean_acc 0.8161
train >>> fold 1/5, epoch: 35/48, patient 7/24, mean_loss 0.5008, mean_acc 0.8162
train >>> fold 1/5, epoch: 35/48, patient 8/24, mean_loss 0.4888, mean_acc 0.8163
train >>> fold 1/5, epoch: 35/48, patient 9/24, mean_loss 0.4983, mean_acc 0.8162
train >>> fold 1/5, epoch: 35/48, patient 10/24, mean_loss 0.5070, mean_acc 0.8162
train >>> fold 1/5, epoch: 35/48, patient 11/24, mean_loss 0.4947, mean_acc 0.8163
train >>> fold 1/5, epoch: 35/48, patient 12/24, mean_loss 0.4921, mean_acc 0.8163
train >>> fold 1/5, epoch: 35/48, patient 13/24, mean_loss 0.4908, mean_acc 0.8164
train >>> fold 1/5, epoch: 35/48, patient 14/24, mean_loss 0.4804, mean_acc 0.8165
train >>> fold 1/5, epoch: 35/48, patient 15/24, mean_loss 0.4871, mean_acc 0.8164
train >>> fold 1/5, epoch: 35/48, patient 16/24, mean_loss 0.4973, mean_acc 0.8163
train >>> fold 1/5, epoch: 35/48, patient 17/24, mean_loss 0.4990, mean_acc 0.8163
train >>> fold 1/5, epoch: 35/48, patient 18/24, mean_loss 0.4963, mean_acc 0.8163
train >>> fold 1/5, epoch: 35/48, patient 19/24, mean_loss 0.5027, mean_acc 0.8162
train >>> fold 1/5, epoch: 35/48, patient 20/24, mean_loss 0.4949, mean_acc 0.8163
train >>> fold 1/5, epoch: 35/48, patient 21/24, mean_loss 0.4888, mean_acc 0.8164
train >>> fold 1/5, epoch: 35/48, patient 22/24, mean_loss 0.4850, mean_acc 0.8164
train >>> fold 1/5, epoch: 35/48, patient 23/24, mean_loss 0.4781, mean_acc 0.8165
train >>> fold 1/5, epoch: 35/48, patient 24/24, mean_loss 0.4893, mean_acc 0.8164
valid >>> epoch: 35/48, mean_loss: 0.5871, mean_acc: 0.7689
criteria decreased from 0.5875 to 0.5871, saving best model at D:\Data\cs-8395-dl\model\2020-03-22-14-58-30\2020-03-22-14-58-30_1_fold-resnet34_best.pt
train >>> fold 1/5, epoch: 36/48, patient 1/24, mean_loss 0.4416, mean_acc 0.8165
train >>> fold 1/5, epoch: 36/48, patient 2/24, mean_loss 0.4076, mean_acc 0.8166
train >>> fold 1/5, epoch: 36/48, patient 3/24, mean_loss 0.4021, mean_acc 0.8167
train >>> fold 1/5, epoch: 36/48, patient 4/24, mean_loss 0.3823, mean_acc 0.8168
train >>> fold 1/5, epoch: 36/48, patient 5/24, mean_loss 0.4194, mean_acc 0.8168
train >>> fold 1/5, epoch: 36/48, patient 6/24, mean_loss 0.4135, mean_acc 0.8169
train >>> fold 1/5, epoch: 36/48, patient 7/24, mean_loss 0.4465, mean_acc 0.8168
train >>> fold 1/5, epoch: 36/48, patient 8/24, mean_loss 0.4509, mean_acc 0.8168
train >>> fold 1/5, epoch: 36/48, patient 9/24, mean_loss 0.4588, mean_acc 0.8168
train >>> fold 1/5, epoch: 36/48, patient 10/24, mean_loss 0.4543, mean_acc 0.8168
train >>> fold 1/5, epoch: 36/48, patient 11/24, mean_loss 0.4582, mean_acc 0.8169
train >>> fold 1/5, epoch: 36/48, patient 12/24, mean_loss 0.4656, mean_acc 0.8168
train >>> fold 1/5, epoch: 36/48, patient 13/24, mean_loss 0.4682, mean_acc 0.8168
train >>> fold 1/5, epoch: 36/48, patient 14/24, mean_loss 0.4577, mean_acc 0.8169
train >>> fold 1/5, epoch: 36/48, patient 15/24, mean_loss 0.4492, mean_acc 0.8170
train >>> fold 1/5, epoch: 36/48, patient 16/24, mean_loss 0.4554, mean_acc 0.8170
train >>> fold 1/5, epoch: 36/48, patient 17/24, mean_loss 0.4527, mean_acc 0.8170
train >>> fold 1/5, epoch: 36/48, patient 18/24, mean_loss 0.4541, mean_acc 0.8170
train >>> fold 1/5, epoch: 36/48, patient 19/24, mean_loss 0.4474, mean_acc 0.8172
train >>> fold 1/5, epoch: 36/48, patient 20/24, mean_loss 0.4497, mean_acc 0.8172
train >>> fold 1/5, epoch: 36/48, patient 21/24, mean_loss 0.4511, mean_acc 0.8171
train >>> fold 1/5, epoch: 36/48, patient 22/24, mean_loss 0.4483, mean_acc 0.8173
train >>> fold 1/5, epoch: 36/48, patient 23/24, mean_loss 0.4523, mean_acc 0.8173
train >>> fold 1/5, epoch: 36/48, patient 24/24, mean_loss 0.4512, mean_acc 0.8173
valid >>> epoch: 36/48, mean_loss: 0.5865, mean_acc: 0.7695
criteria decreased from 0.5871 to 0.5865, saving best model at D:\Data\cs-8395-dl\model\2020-03-22-14-58-30\2020-03-22-14-58-30_1_fold-resnet34_best.pt
train >>> fold 1/5, epoch: 37/48, patient 1/24, mean_loss 0.4618, mean_acc 0.8174
train >>> fold 1/5, epoch: 37/48, patient 2/24, mean_loss 0.4970, mean_acc 0.8173
train >>> fold 1/5, epoch: 37/48, patient 3/24, mean_loss 0.4965, mean_acc 0.8173
train >>> fold 1/5, epoch: 37/48, patient 4/24, mean_loss 0.4799, mean_acc 0.8174
train >>> fold 1/5, epoch: 37/48, patient 5/24, mean_loss 0.4692, mean_acc 0.8175
train >>> fold 1/5, epoch: 37/48, patient 6/24, mean_loss 0.4743, mean_acc 0.8175
train >>> fold 1/5, epoch: 37/48, patient 7/24, mean_loss 0.4555, mean_acc 0.8176
train >>> fold 1/5, epoch: 37/48, patient 8/24, mean_loss 0.4549, mean_acc 0.8176
train >>> fold 1/5, epoch: 37/48, patient 9/24, mean_loss 0.4881, mean_acc 0.8175
train >>> fold 1/5, epoch: 37/48, patient 10/24, mean_loss 0.4945, mean_acc 0.8175
train >>> fold 1/5, epoch: 37/48, patient 11/24, mean_loss 0.4873, mean_acc 0.8175
train >>> fold 1/5, epoch: 37/48, patient 12/24, mean_loss 0.4920, mean_acc 0.8174
train >>> fold 1/5, epoch: 37/48, patient 13/24, mean_loss 0.4846, mean_acc 0.8175
train >>> fold 1/5, epoch: 37/48, patient 14/24, mean_loss 0.4749, mean_acc 0.8176
train >>> fold 1/5, epoch: 37/48, patient 15/24, mean_loss 0.4774, mean_acc 0.8176
train >>> fold 1/5, epoch: 37/48, patient 16/24, mean_loss 0.4840, mean_acc 0.8175
train >>> fold 1/5, epoch: 37/48, patient 17/24, mean_loss 0.4752, mean_acc 0.8176
train >>> fold 1/5, epoch: 37/48, patient 18/24, mean_loss 0.4781, mean_acc 0.8176
train >>> fold 1/5, epoch: 37/48, patient 19/24, mean_loss 0.4708, mean_acc 0.8177
train >>> fold 1/5, epoch: 37/48, patient 20/24, mean_loss 0.4640, mean_acc 0.8178
train >>> fold 1/5, epoch: 37/48, patient 21/24, mean_loss 0.4579, mean_acc 0.8180
train >>> fold 1/5, epoch: 37/48, patient 22/24, mean_loss 0.4602, mean_acc 0.8179
train >>> fold 1/5, epoch: 37/48, patient 23/24, mean_loss 0.4664, mean_acc 0.8179
train >>> fold 1/5, epoch: 37/48, patient 24/24, mean_loss 0.4613, mean_acc 0.8180
valid >>> epoch: 37/48, mean_loss: 0.5857, mean_acc: 0.7702
criteria decreased from 0.5865 to 0.5857, saving best model at D:\Data\cs-8395-dl\model\2020-03-22-14-58-30\2020-03-22-14-58-30_1_fold-resnet34_best.pt
train >>> fold 1/5, epoch: 38/48, patient 1/24, mean_loss 0.3772, mean_acc 0.8181
train >>> fold 1/5, epoch: 38/48, patient 2/24, mean_loss 0.3422, mean_acc 0.8182
train >>> fold 1/5, epoch: 38/48, patient 3/24, mean_loss 0.4054, mean_acc 0.8182
train >>> fold 1/5, epoch: 38/48, patient 4/24, mean_loss 0.3792, mean_acc 0.8183
train >>> fold 1/5, epoch: 38/48, patient 5/24, mean_loss 0.4156, mean_acc 0.8182
train >>> fold 1/5, epoch: 38/48, patient 6/24, mean_loss 0.4092, mean_acc 0.8183
train >>> fold 1/5, epoch: 38/48, patient 7/24, mean_loss 0.4306, mean_acc 0.8182
train >>> fold 1/5, epoch: 38/48, patient 8/24, mean_loss 0.4480, mean_acc 0.8183
train >>> fold 1/5, epoch: 38/48, patient 9/24, mean_loss 0.4369, mean_acc 0.8183
train >>> fold 1/5, epoch: 38/48, patient 10/24, mean_loss 0.4307, mean_acc 0.8183
train >>> fold 1/5, epoch: 38/48, patient 11/24, mean_loss 0.4382, mean_acc 0.8184
train >>> fold 1/5, epoch: 38/48, patient 12/24, mean_loss 0.4539, mean_acc 0.8183
train >>> fold 1/5, epoch: 38/48, patient 13/24, mean_loss 0.4656, mean_acc 0.8181
train >>> fold 1/5, epoch: 38/48, patient 14/24, mean_loss 0.4582, mean_acc 0.8182
train >>> fold 1/5, epoch: 38/48, patient 15/24, mean_loss 0.4619, mean_acc 0.8182
train >>> fold 1/5, epoch: 38/48, patient 16/24, mean_loss 0.4664, mean_acc 0.8181
train >>> fold 1/5, epoch: 38/48, patient 17/24, mean_loss 0.4630, mean_acc 0.8182
train >>> fold 1/5, epoch: 38/48, patient 18/24, mean_loss 0.4606, mean_acc 0.8182
train >>> fold 1/5, epoch: 38/48, patient 19/24, mean_loss 0.4632, mean_acc 0.8182
train >>> fold 1/5, epoch: 38/48, patient 20/24, mean_loss 0.4643, mean_acc 0.8182
train >>> fold 1/5, epoch: 38/48, patient 21/24, mean_loss 0.4582, mean_acc 0.8183
train >>> fold 1/5, epoch: 38/48, patient 22/24, mean_loss 0.4603, mean_acc 0.8183
train >>> fold 1/5, epoch: 38/48, patient 23/24, mean_loss 0.4558, mean_acc 0.8184
train >>> fold 1/5, epoch: 38/48, patient 24/24, mean_loss 0.4610, mean_acc 0.8184
valid >>> epoch: 38/48, mean_loss: 0.5865, mean_acc: 0.7704
train >>> fold 1/5, epoch: 39/48, patient 1/24, mean_loss 0.5800, mean_acc 0.8184
train >>> fold 1/5, epoch: 39/48, patient 2/24, mean_loss 0.5941, mean_acc 0.8183
train >>> fold 1/5, epoch: 39/48, patient 3/24, mean_loss 0.5602, mean_acc 0.8182
train >>> fold 1/5, epoch: 39/48, patient 4/24, mean_loss 0.5245, mean_acc 0.8183
train >>> fold 1/5, epoch: 39/48, patient 5/24, mean_loss 0.5146, mean_acc 0.8183
train >>> fold 1/5, epoch: 39/48, patient 6/24, mean_loss 0.4989, mean_acc 0.8183
train >>> fold 1/5, epoch: 39/48, patient 7/24, mean_loss 0.4832, mean_acc 0.8184
train >>> fold 1/5, epoch: 39/48, patient 8/24, mean_loss 0.4699, mean_acc 0.8185
train >>> fold 1/5, epoch: 39/48, patient 9/24, mean_loss 0.4758, mean_acc 0.8185
train >>> fold 1/5, epoch: 39/48, patient 10/24, mean_loss 0.4894, mean_acc 0.8184
train >>> fold 1/5, epoch: 39/48, patient 11/24, mean_loss 0.4941, mean_acc 0.8183
train >>> fold 1/5, epoch: 39/48, patient 12/24, mean_loss 0.4876, mean_acc 0.8184
train >>> fold 1/5, epoch: 39/48, patient 13/24, mean_loss 0.4756, mean_acc 0.8185
train >>> fold 1/5, epoch: 39/48, patient 14/24, mean_loss 0.4776, mean_acc 0.8185
train >>> fold 1/5, epoch: 39/48, patient 15/24, mean_loss 0.4758, mean_acc 0.8186
train >>> fold 1/5, epoch: 39/48, patient 16/24, mean_loss 0.4685, mean_acc 0.8187
train >>> fold 1/5, epoch: 39/48, patient 17/24, mean_loss 0.4732, mean_acc 0.8186
train >>> fold 1/5, epoch: 39/48, patient 18/24, mean_loss 0.4762, mean_acc 0.8186
train >>> fold 1/5, epoch: 39/48, patient 19/24, mean_loss 0.4682, mean_acc 0.8187
train >>> fold 1/5, epoch: 39/48, patient 20/24, mean_loss 0.4621, mean_acc 0.8188
train >>> fold 1/5, epoch: 39/48, patient 21/24, mean_loss 0.4554, mean_acc 0.8189
train >>> fold 1/5, epoch: 39/48, patient 22/24, mean_loss 0.4601, mean_acc 0.8189
train >>> fold 1/5, epoch: 39/48, patient 23/24, mean_loss 0.4574, mean_acc 0.8190
train >>> fold 1/5, epoch: 39/48, patient 24/24, mean_loss 0.4596, mean_acc 0.8190
valid >>> epoch: 39/48, mean_loss: 0.5859, mean_acc: 0.7709
train >>> fold 1/5, epoch: 40/48, patient 1/24, mean_loss 0.4070, mean_acc 0.8190
train >>> fold 1/5, epoch: 40/48, patient 2/24, mean_loss 0.3447, mean_acc 0.8191
train >>> fold 1/5, epoch: 40/48, patient 3/24, mean_loss 0.4142, mean_acc 0.8191
train >>> fold 1/5, epoch: 40/48, patient 4/24, mean_loss 0.4375, mean_acc 0.8191
train >>> fold 1/5, epoch: 40/48, patient 5/24, mean_loss 0.4140, mean_acc 0.8192
train >>> fold 1/5, epoch: 40/48, patient 6/24, mean_loss 0.4345, mean_acc 0.8192
train >>> fold 1/5, epoch: 40/48, patient 7/24, mean_loss 0.4212, mean_acc 0.8193
train >>> fold 1/5, epoch: 40/48, patient 8/24, mean_loss 0.4447, mean_acc 0.8192
train >>> fold 1/5, epoch: 40/48, patient 9/24, mean_loss 0.4277, mean_acc 0.8193
train >>> fold 1/5, epoch: 40/48, patient 10/24, mean_loss 0.4395, mean_acc 0.8193
train >>> fold 1/5, epoch: 40/48, patient 11/24, mean_loss 0.4486, mean_acc 0.8193
train >>> fold 1/5, epoch: 40/48, patient 12/24, mean_loss 0.4373, mean_acc 0.8195
train >>> fold 1/5, epoch: 40/48, patient 13/24, mean_loss 0.4302, mean_acc 0.8196
train >>> fold 1/5, epoch: 40/48, patient 14/24, mean_loss 0.4263, mean_acc 0.8196
train >>> fold 1/5, epoch: 40/48, patient 15/24, mean_loss 0.4375, mean_acc 0.8196
train >>> fold 1/5, epoch: 40/48, patient 16/24, mean_loss 0.4289, mean_acc 0.8197
train >>> fold 1/5, epoch: 40/48, patient 17/24, mean_loss 0.4333, mean_acc 0.8197
train >>> fold 1/5, epoch: 40/48, patient 18/24, mean_loss 0.4353, mean_acc 0.8197
train >>> fold 1/5, epoch: 40/48, patient 19/24, mean_loss 0.4403, mean_acc 0.8197
train >>> fold 1/5, epoch: 40/48, patient 20/24, mean_loss 0.4433, mean_acc 0.8197
train >>> fold 1/5, epoch: 40/48, patient 21/24, mean_loss 0.4510, mean_acc 0.8196
train >>> fold 1/5, epoch: 40/48, patient 22/24, mean_loss 0.4512, mean_acc 0.8196
train >>> fold 1/5, epoch: 40/48, patient 23/24, mean_loss 0.4455, mean_acc 0.8197
train >>> fold 1/5, epoch: 40/48, patient 24/24, mean_loss 0.4552, mean_acc 0.8196
valid >>> epoch: 40/48, mean_loss: 0.5870, mean_acc: 0.7710
train >>> fold 1/5, epoch: 41/48, patient 1/24, mean_loss 0.5460, mean_acc 0.8196
train >>> fold 1/5, epoch: 41/48, patient 2/24, mean_loss 0.4598, mean_acc 0.8196
train >>> fold 1/5, epoch: 41/48, patient 3/24, mean_loss 0.5359, mean_acc 0.8194
train >>> fold 1/5, epoch: 41/48, patient 4/24, mean_loss 0.5419, mean_acc 0.8193
train >>> fold 1/5, epoch: 41/48, patient 5/24, mean_loss 0.4982, mean_acc 0.8193
train >>> fold 1/5, epoch: 41/48, patient 6/24, mean_loss 0.4747, mean_acc 0.8194
train >>> fold 1/5, epoch: 41/48, patient 7/24, mean_loss 0.4843, mean_acc 0.8194
train >>> fold 1/5, epoch: 41/48, patient 8/24, mean_loss 0.5037, mean_acc 0.8193
train >>> fold 1/5, epoch: 41/48, patient 9/24, mean_loss 0.4976, mean_acc 0.8193
train >>> fold 1/5, epoch: 41/48, patient 10/24, mean_loss 0.4986, mean_acc 0.8193
train >>> fold 1/5, epoch: 41/48, patient 11/24, mean_loss 0.4988, mean_acc 0.8193
train >>> fold 1/5, epoch: 41/48, patient 12/24, mean_loss 0.4859, mean_acc 0.8195
train >>> fold 1/5, epoch: 41/48, patient 13/24, mean_loss 0.4791, mean_acc 0.8195
train >>> fold 1/5, epoch: 41/48, patient 14/24, mean_loss 0.4749, mean_acc 0.8196
train >>> fold 1/5, epoch: 41/48, patient 15/24, mean_loss 0.4822, mean_acc 0.8195
train >>> fold 1/5, epoch: 41/48, patient 16/24, mean_loss 0.4827, mean_acc 0.8195
train >>> fold 1/5, epoch: 41/48, patient 17/24, mean_loss 0.4750, mean_acc 0.8195
train >>> fold 1/5, epoch: 41/48, patient 18/24, mean_loss 0.4766, mean_acc 0.8195
train >>> fold 1/5, epoch: 41/48, patient 19/24, mean_loss 0.4694, mean_acc 0.8196
train >>> fold 1/5, epoch: 41/48, patient 20/24, mean_loss 0.4729, mean_acc 0.8196
train >>> fold 1/5, epoch: 41/48, patient 21/24, mean_loss 0.4656, mean_acc 0.8197
train >>> fold 1/5, epoch: 41/48, patient 22/24, mean_loss 0.4589, mean_acc 0.8198
train >>> fold 1/5, epoch: 41/48, patient 23/24, mean_loss 0.4554, mean_acc 0.8198
train >>> fold 1/5, epoch: 41/48, patient 24/24, mean_loss 0.4608, mean_acc 0.8198
valid >>> epoch: 41/48, mean_loss: 0.5865, mean_acc: 0.7715
train >>> fold 1/5, epoch: 42/48, patient 1/24, mean_loss 0.4754, mean_acc 0.8198
train >>> fold 1/5, epoch: 42/48, patient 2/24, mean_loss 0.5139, mean_acc 0.8198
train >>> fold 1/5, epoch: 42/48, patient 3/24, mean_loss 0.4946, mean_acc 0.8197
train >>> fold 1/5, epoch: 42/48, patient 4/24, mean_loss 0.5062, mean_acc 0.8197
train >>> fold 1/5, epoch: 42/48, patient 5/24, mean_loss 0.5111, mean_acc 0.8197
train >>> fold 1/5, epoch: 42/48, patient 6/24, mean_loss 0.4981, mean_acc 0.8197
train >>> fold 1/5, epoch: 42/48, patient 7/24, mean_loss 0.4715, mean_acc 0.8198
train >>> fold 1/5, epoch: 42/48, patient 8/24, mean_loss 0.4835, mean_acc 0.8197
train >>> fold 1/5, epoch: 42/48, patient 9/24, mean_loss 0.4742, mean_acc 0.8198
train >>> fold 1/5, epoch: 42/48, patient 10/24, mean_loss 0.4583, mean_acc 0.8199
train >>> fold 1/5, epoch: 42/48, patient 11/24, mean_loss 0.4536, mean_acc 0.8199
train >>> fold 1/5, epoch: 42/48, patient 12/24, mean_loss 0.4431, mean_acc 0.8200
train >>> fold 1/5, epoch: 42/48, patient 13/24, mean_loss 0.4480, mean_acc 0.8200
train >>> fold 1/5, epoch: 42/48, patient 14/24, mean_loss 0.4397, mean_acc 0.8201
train >>> fold 1/5, epoch: 42/48, patient 15/24, mean_loss 0.4334, mean_acc 0.8202
train >>> fold 1/5, epoch: 42/48, patient 16/24, mean_loss 0.4372, mean_acc 0.8202
train >>> fold 1/5, epoch: 42/48, patient 17/24, mean_loss 0.4375, mean_acc 0.8202
train >>> fold 1/5, epoch: 42/48, patient 18/24, mean_loss 0.4434, mean_acc 0.8202
train >>> fold 1/5, epoch: 42/48, patient 19/24, mean_loss 0.4494, mean_acc 0.8201
train >>> fold 1/5, epoch: 42/48, patient 20/24, mean_loss 0.4460, mean_acc 0.8202
train >>> fold 1/5, epoch: 42/48, patient 21/24, mean_loss 0.4396, mean_acc 0.8203
train >>> fold 1/5, epoch: 42/48, patient 22/24, mean_loss 0.4461, mean_acc 0.8203
train >>> fold 1/5, epoch: 42/48, patient 23/24, mean_loss 0.4490, mean_acc 0.8203
train >>> fold 1/5, epoch: 42/48, patient 24/24, mean_loss 0.4475, mean_acc 0.8203
valid >>> epoch: 42/48, mean_loss: 0.5891, mean_acc: 0.7713
train >>> fold 1/5, epoch: 43/48, patient 1/24, mean_loss 0.5022, mean_acc 0.8204
train >>> fold 1/5, epoch: 43/48, patient 2/24, mean_loss 0.4926, mean_acc 0.8203
train >>> fold 1/5, epoch: 43/48, patient 3/24, mean_loss 0.5133, mean_acc 0.8203
train >>> fold 1/5, epoch: 43/48, patient 4/24, mean_loss 0.5222, mean_acc 0.8203
train >>> fold 1/5, epoch: 43/48, patient 5/24, mean_loss 0.5348, mean_acc 0.8202
train >>> fold 1/5, epoch: 43/48, patient 6/24, mean_loss 0.5073, mean_acc 0.8203
train >>> fold 1/5, epoch: 43/48, patient 7/24, mean_loss 0.5189, mean_acc 0.8202
train >>> fold 1/5, epoch: 43/48, patient 8/24, mean_loss 0.5076, mean_acc 0.8202
train >>> fold 1/5, epoch: 43/48, patient 9/24, mean_loss 0.4885, mean_acc 0.8203
train >>> fold 1/5, epoch: 43/48, patient 10/24, mean_loss 0.5038, mean_acc 0.8203
train >>> fold 1/5, epoch: 43/48, patient 11/24, mean_loss 0.5060, mean_acc 0.8203
train >>> fold 1/5, epoch: 43/48, patient 12/24, mean_loss 0.4973, mean_acc 0.8204
train >>> fold 1/5, epoch: 43/48, patient 13/24, mean_loss 0.5025, mean_acc 0.8203
train >>> fold 1/5, epoch: 43/48, patient 14/24, mean_loss 0.4839, mean_acc 0.8204
train >>> fold 1/5, epoch: 43/48, patient 15/24, mean_loss 0.4843, mean_acc 0.8204
train >>> fold 1/5, epoch: 43/48, patient 16/24, mean_loss 0.4913, mean_acc 0.8203
train >>> fold 1/5, epoch: 43/48, patient 17/24, mean_loss 0.4826, mean_acc 0.8205
train >>> fold 1/5, epoch: 43/48, patient 18/24, mean_loss 0.4848, mean_acc 0.8205
train >>> fold 1/5, epoch: 43/48, patient 19/24, mean_loss 0.4897, mean_acc 0.8204
train >>> fold 1/5, epoch: 43/48, patient 20/24, mean_loss 0.4870, mean_acc 0.8204
train >>> fold 1/5, epoch: 43/48, patient 21/24, mean_loss 0.4861, mean_acc 0.8204
train >>> fold 1/5, epoch: 43/48, patient 22/24, mean_loss 0.4789, mean_acc 0.8205
train >>> fold 1/5, epoch: 43/48, patient 23/24, mean_loss 0.4711, mean_acc 0.8206
train >>> fold 1/5, epoch: 43/48, patient 24/24, mean_loss 0.4658, mean_acc 0.8207
valid >>> epoch: 43/48, mean_loss: 0.5910, mean_acc: 0.7713
train >>> fold 1/5, epoch: 44/48, patient 1/24, mean_loss 0.6791, mean_acc 0.8206
train >>> fold 1/5, epoch: 44/48, patient 2/24, mean_loss 0.5494, mean_acc 0.8207
train >>> fold 1/5, epoch: 44/48, patient 3/24, mean_loss 0.4946, mean_acc 0.8208
train >>> fold 1/5, epoch: 44/48, patient 4/24, mean_loss 0.5151, mean_acc 0.8207
train >>> fold 1/5, epoch: 44/48, patient 5/24, mean_loss 0.4865, mean_acc 0.8208
train >>> fold 1/5, epoch: 44/48, patient 6/24, mean_loss 0.4637, mean_acc 0.8209
train >>> fold 1/5, epoch: 44/48, patient 7/24, mean_loss 0.4595, mean_acc 0.8210
train >>> fold 1/5, epoch: 44/48, patient 8/24, mean_loss 0.4460, mean_acc 0.8210
train >>> fold 1/5, epoch: 44/48, patient 9/24, mean_loss 0.4333, mean_acc 0.8211
train >>> fold 1/5, epoch: 44/48, patient 10/24, mean_loss 0.4391, mean_acc 0.8211
train >>> fold 1/5, epoch: 44/48, patient 11/24, mean_loss 0.4468, mean_acc 0.8211
train >>> fold 1/5, epoch: 44/48, patient 12/24, mean_loss 0.4435, mean_acc 0.8211
train >>> fold 1/5, epoch: 44/48, patient 13/24, mean_loss 0.4456, mean_acc 0.8212
train >>> fold 1/5, epoch: 44/48, patient 14/24, mean_loss 0.4441, mean_acc 0.8213
train >>> fold 1/5, epoch: 44/48, patient 15/24, mean_loss 0.4349, mean_acc 0.8214
train >>> fold 1/5, epoch: 44/48, patient 16/24, mean_loss 0.4407, mean_acc 0.8213
train >>> fold 1/5, epoch: 44/48, patient 17/24, mean_loss 0.4499, mean_acc 0.8213
train >>> fold 1/5, epoch: 44/48, patient 18/24, mean_loss 0.4543, mean_acc 0.8212
train >>> fold 1/5, epoch: 44/48, patient 19/24, mean_loss 0.4599, mean_acc 0.8212
train >>> fold 1/5, epoch: 44/48, patient 20/24, mean_loss 0.4730, mean_acc 0.8210
train >>> fold 1/5, epoch: 44/48, patient 21/24, mean_loss 0.4776, mean_acc 0.8209
train >>> fold 1/5, epoch: 44/48, patient 22/24, mean_loss 0.4776, mean_acc 0.8209
train >>> fold 1/5, epoch: 44/48, patient 23/24, mean_loss 0.4765, mean_acc 0.8209
train >>> fold 1/5, epoch: 44/48, patient 24/24, mean_loss 0.4702, mean_acc 0.8210
valid >>> epoch: 44/48, mean_loss: 0.5935, mean_acc: 0.7711
train >>> fold 1/5, epoch: 45/48, patient 1/24, mean_loss 0.3246, mean_acc 0.8211
train >>> fold 1/5, epoch: 45/48, patient 2/24, mean_loss 0.4638, mean_acc 0.8210
