2020-03-24-10-18-18
train.py
--------------------------------------------------------------------------------------------------------------------
axis: axial
batchSize: 12
bottleneckFeatures: 1
brightness: None
contrast: None
cropSize: None
dir_lf: D:\Data\cs-8395-dl
dir_project: ..
encoder: resnet34
epoch: 24
extract_spleen: 1
folderData: assignment3\Training
folderPartition: train_test_org
lossWeight: [1.0, 1.0]
loss_weights: None
lr: 0.0001
msg: None
overrideLR: 1
path_kfold: D:\Projects\cs-8395-dl\Assignment_3_segmentation\partition\kfold_5.bin
resize: None
resume_from: D:\Data\cs-8395-dl\model\2020-03-22-06-05-03\2020-03-22-06-05-03_resnet34_fold-1_best.pt
to_ram: 0
transforms: ['organ_mask']
--------------------------------------------------------------------------------------------------------------------
creating directory to save model at D:\Data\cs-8395-dl\model\2020-03-24-10-18-18
executing fold 1/5
training patients  ['0001' '0002' '0003' '0004' '0005' '0006' '0007' '0008' '0021' '0022'
 '0023' '0024' '0025' '0027' '0029' '0030' '0031' '0032' '0033' '0035'
 '0036' '0037' '0039' '0040']
validation patients  ['0009' '0010' '0026' '0028' '0034' '0038']
loaded model weights from D:\Data\cs-8395-dl\model\2020-03-22-06-05-03\2020-03-22-06-05-03_resnet34_fold-1_best.pt
epoch 10
loss of pretrained model: 0.1209
train >>> fold 1/5, epoch: 1/24, patient 1/24, mean_loss 0.0427, mean_dice_loss: 0.0347, mean_ce: 0.0080
train >>> fold 1/5, epoch: 1/24, patient 2/24, mean_loss 0.0397, mean_dice_loss: 0.0323, mean_ce: 0.0074
