2020-03-22-02-11-08
train.py
--------------------------------------------------------------------------------------------------------------------
batchSize: 12
bottleneckFeatures: 1
brightness: None
contrast: None
cropSize: None
dir_lf: D:\Data\cs-8395-dl
dir_project: ..
encoder: resnet34
epoch: 24
extract_spleen: 1
folderData: assignment3\Training
folderPartition: train_test_org
lossWeight: [1.0, 1.0]
loss_weights: None
lr: 0.0001
msg: None
overrideLR: 1
path_kfold: D:\Projects\cs-8395-dl\Assignment_3_segmentation\partition\kfold_5.bin
resize: None
resume_from: None
resume_training: None
to_ram: 0
--------------------------------------------------------------------------------------------------------------------
creating directory to save model at D:\Data\cs-8395-dl\model\2020-03-22-02-11-08
executing fold 1/5
training patients  ['0001']
validation patients  ['0009']
train >>> epoch: 1/24, patient 1/1, mean_loss 1.5878, mean_dice_loss: 0.9535, mean_ce: 0.6343
valid >>> epoch: 1/24, mean_loss: 1.5488, mean_dice: 0.0000
criteria decreased from inf to 1.5488, saving best model at D:\Data\cs-8395-dl\model\2020-03-22-02-11-08\2020-03-22-02-11-08_1_fold-resnet34_best.pt
train >>> epoch: 2/24, patient 1/1, mean_loss 1.5852, mean_dice_loss: 0.9535, mean_ce: 0.6316
valid >>> epoch: 2/24, mean_loss: 1.5436, mean_dice: 0.0000
criteria decreased from 1.5488 to 1.5436, saving best model at D:\Data\cs-8395-dl\model\2020-03-22-02-11-08\2020-03-22-02-11-08_1_fold-resnet34_best.pt
train >>> epoch: 3/24, patient 1/1, mean_loss 1.5813, mean_dice_loss: 0.9535, mean_ce: 0.6278
valid >>> epoch: 3/24, mean_loss: 1.5272, mean_dice: 0.0000
criteria decreased from 1.5436 to 1.5272, saving best model at D:\Data\cs-8395-dl\model\2020-03-22-02-11-08\2020-03-22-02-11-08_1_fold-resnet34_best.pt
train >>> epoch: 4/24, patient 1/1, mean_loss 1.5694, mean_dice_loss: 0.9533, mean_ce: 0.6161
valid >>> epoch: 4/24, mean_loss: 1.3896, mean_dice: 0.0000
criteria decreased from 1.5272 to 1.3896, saving best model at D:\Data\cs-8395-dl\model\2020-03-22-02-11-08\2020-03-22-02-11-08_1_fold-resnet34_best.pt
train >>> epoch: 5/24, patient 1/1, mean_loss 1.5084, mean_dice_loss: 0.9494, mean_ce: 0.5590
valid >>> epoch: 5/24, mean_loss: 1.3658, mean_dice: 0.0000
criteria decreased from 1.3896 to 1.3658, saving best model at D:\Data\cs-8395-dl\model\2020-03-22-02-11-08\2020-03-22-02-11-08_1_fold-resnet34_best.pt
train >>> epoch: 6/24, patient 1/1, mean_loss 1.4300, mean_dice_loss: 0.9476, mean_ce: 0.4824
valid >>> epoch: 6/24, mean_loss: 1.7717, mean_dice: 0.0000
train >>> epoch: 7/24, patient 1/1, mean_loss 1.3537, mean_dice_loss: 0.9305, mean_ce: 0.4232
valid >>> epoch: 7/24, mean_loss: 1.5962, mean_dice: 0.0000
train >>> epoch: 8/24, patient 1/1, mean_loss 1.2889, mean_dice_loss: 0.9110, mean_ce: 0.3779
valid >>> epoch: 8/24, mean_loss: 1.6716, mean_dice: 0.0000
train >>> epoch: 9/24, patient 1/1, mean_loss 1.2310, mean_dice_loss: 0.8897, mean_ce: 0.3413
valid >>> epoch: 9/24, mean_loss: 1.8026, mean_dice: 0.0000
train >>> epoch: 10/24, patient 1/1, mean_loss 1.1778, mean_dice_loss: 0.8665, mean_ce: 0.3112
valid >>> epoch: 10/24, mean_loss: 1.7981, mean_dice: 0.0000
train >>> epoch: 11/24, patient 1/1, mean_loss 1.1293, mean_dice_loss: 0.8431, mean_ce: 0.2862
valid >>> epoch: 11/24, mean_loss: 2.0730, mean_dice: 0.0000
train >>> epoch: 12/24, patient 1/1, mean_loss 1.0849, mean_dice_loss: 0.8199, mean_ce: 0.2650
valid >>> epoch: 12/24, mean_loss: 2.1075, mean_dice: 0.0000
train >>> epoch: 13/24, patient 1/1, mean_loss 1.0448, mean_dice_loss: 0.7978, mean_ce: 0.2470
valid >>> epoch: 13/24, mean_loss: 2.7013, mean_dice: 0.0000
train >>> epoch: 14/24, patient 1/1, mean_loss 1.0072, mean_dice_loss: 0.7759, mean_ce: 0.2313
valid >>> epoch: 14/24, mean_loss: 3.3588, mean_dice: 0.0000
train >>> epoch: 15/24, patient 1/1, mean_loss 0.9734, mean_dice_loss: 0.7558, mean_ce: 0.2176
valid >>> epoch: 15/24, mean_loss: 3.9582, mean_dice: 0.0000
train >>> epoch: 16/24, patient 1/1, mean_loss 0.9434, mean_dice_loss: 0.7377, mean_ce: 0.2057
valid >>> epoch: 16/24, mean_loss: 5.0948, mean_dice: 0.0000
train >>> epoch: 17/24, patient 1/1, mean_loss 0.9163, mean_dice_loss: 0.7210, mean_ce: 0.1952
valid >>> epoch: 17/24, mean_loss: 8.0446, mean_dice: 0.0000
train >>> epoch: 18/24, patient 1/1, mean_loss 0.8915, mean_dice_loss: 0.7058, mean_ce: 0.1858
valid >>> epoch: 18/24, mean_loss: 9.6150, mean_dice: 0.0000
train >>> epoch: 19/24, patient 1/1, mean_loss 0.8691, mean_dice_loss: 0.6918, mean_ce: 0.1773
valid >>> epoch: 19/24, mean_loss: 14.9358, mean_dice: 0.0000
train >>> epoch: 20/24, patient 1/1, mean_loss 0.8487, mean_dice_loss: 0.6790, mean_ce: 0.1696
valid >>> epoch: 20/24, mean_loss: 13.1801, mean_dice: 0.0000
train >>> epoch: 21/24, patient 1/1, mean_loss 0.8295, mean_dice_loss: 0.6668, mean_ce: 0.1626
valid >>> epoch: 21/24, mean_loss: 18.7732, mean_dice: 0.0000
train >>> epoch: 22/24, patient 1/1, mean_loss 0.8119, mean_dice_loss: 0.6556, mean_ce: 0.1563
valid >>> epoch: 22/24, mean_loss: 17.6235, mean_dice: 0.0000
train >>> epoch: 23/24, patient 1/1, mean_loss 0.7957, mean_dice_loss: 0.6452, mean_ce: 0.1505
valid >>> epoch: 23/24, mean_loss: 20.6604, mean_dice: 0.0000
train >>> epoch: 24/24, patient 1/1, mean_loss 0.7806, mean_dice_loss: 0.6354, mean_ce: 0.1452
valid >>> epoch: 24/24, mean_loss: 23.3069, mean_dice: 0.0000
executing fold 2/5
training patients  ['0002']
validation patients  ['0001']
train >>> epoch: 1/24, patient 1/1, mean_loss 1.6292, mean_dice_loss: 0.9744, mean_ce: 0.6548
valid >>> epoch: 1/24, mean_loss: 1.6069, mean_dice: 0.0000
criteria decreased from inf to 1.6069, saving best model at D:\Data\cs-8395-dl\model\2020-03-22-02-11-08\2020-03-22-02-11-08_2_fold-resnet34_best.pt
