2020-03-23-22-38-00
train.py
--------------------------------------------------------------------------------------------------------------------
axis: axial
batchSize: 12
bottleneckFeatures: 0
brightness: None
contrast: None
cropSize: None
dir_lf: D:\Data\cs-8395-dl
dir_project: ..
encoder: dpn68
epoch: 24
extract_spleen: False
folderData: assignment3\Training
folderPartition: train_test_org
lossWeight: [0.3, 0.7]
loss_weights: None
lr: 1e-05
msg: None
overrideLR: 1
path_kfold: D:\Projects\cs-8395-dl\Assignment_3_segmentation\partition\kfold_5.bin
resize: None
resume_from: D:\Data\cs-8395-dl\model\2020-03-23-07-39-40\2020-03-23-07-39-40_1_fold-dpn68_best.pt
to_ram: 0
--------------------------------------------------------------------------------------------------------------------
creating directory to save model at D:\Data\cs-8395-dl\model\2020-03-23-22-38-00
executing fold 1/5
training patients  ['0001' '0002' '0003' '0004' '0005' '0006' '0007' '0008' '0021' '0022'
 '0023' '0024' '0025' '0027' '0029' '0030' '0031' '0032' '0033' '0035'
 '0036' '0037' '0039' '0040']
validation patients  ['0009' '0010' '0026' '0028' '0034' '0038']
loaded model weights from D:\Data\cs-8395-dl\model\2020-03-23-07-39-40\2020-03-23-07-39-40_1_fold-dpn68_best.pt
epoch 1
validation loss of pretrained model: 0.3643
tensor([1, 0, 0, 0, 0, 0, 0, 0, 0, 0, 0, 0], device='cuda:0')
tensor([[0.0688, 0.9490],
        [0.8415, 0.2139],
        [0.8887, 0.1516],
        [0.9057, 0.1316],
        [0.8757, 0.1730],
        [0.9412, 0.0827],
        [0.9014, 0.1339],
        [0.9219, 0.1087],
        [0.8988, 0.1371],
        [0.9083, 0.1256],
        [0.9180, 0.1114],
        [0.8759, 0.1639]], device='cuda:0', grad_fn=<SigmoidBackward>)
tensor(0.0172, device='cuda:0', grad_fn=<NllLossBackward>)
tensor([0, 0, 0, 0, 0, 0, 0, 0, 0, 0, 0, 0], device='cuda:0')
tensor([[0.8903, 0.1526],
        [0.8733, 0.1736],
        [0.8666, 0.1789],
        [0.8637, 0.1817],
        [0.8367, 0.2147],
        [0.8425, 0.2103],
        [0.8507, 0.2033],
        [0.8617, 0.1818],
        [0.8713, 0.1736],
        [0.8395, 0.2134],
        [0.8553, 0.1925],
        [0.8635, 0.1815]], device='cuda:0', grad_fn=<SigmoidBackward>)
tensor(0.0378, device='cuda:0', grad_fn=<NllLossBackward>)
tensor([0, 0, 0, 0, 0, 0, 0, 0, 0, 0, 0, 0], device='cuda:0')
tensor([[0.8786, 0.1648],
        [0.8754, 0.1667],
        [0.8917, 0.1489],
        [0.8828, 0.1550],
        [0.8440, 0.2064],
        [0.8799, 0.1637],
        [0.8480, 0.2047],
        [0.8291, 0.2289],
        [0.8613, 0.1893],
        [0.8749, 0.1712],
        [0.8758, 0.1688],
        [0.8751, 0.1715]], device='cuda:0', grad_fn=<SigmoidBackward>)
tensor(0.0335, device='cuda:0', grad_fn=<NllLossBackward>)
tensor([0, 0, 0, 0, 0, 0, 0, 0, 0, 0, 1, 0], device='cuda:0')
tensor([[0.7526, 0.3204],
        [0.8402, 0.2220],
        [0.8720, 0.1791],
        [0.8651, 0.1883],
        [0.8603, 0.1865],
        [0.8474, 0.1998],
        [0.7714, 0.2887],
        [0.8784, 0.1596],
        [0.9005, 0.1283],
        [0.5232, 0.5552],
        [0.0841, 0.9298],
        [0.6345, 0.4403]], device='cuda:0', grad_fn=<SigmoidBackward>)
tensor(0.1237, device='cuda:0', grad_fn=<NllLossBackward>)
tensor([0, 0, 0, 0, 0, 0, 0, 0, 0, 0, 0, 0], device='cuda:0')
tensor([[0.8258, 0.2283],
        [0.8389, 0.2145],
        [0.8496, 0.2036],
        [0.8582, 0.1902],
        [0.8434, 0.2060],
        [0.8335, 0.2167],
        [0.8556, 0.1882],
        [0.8579, 0.1940],
        [0.8753, 0.1730],
        [0.8930, 0.1473],
        [0.9017, 0.1385],
        [0.9367, 0.0892]], device='cuda:0', grad_fn=<SigmoidBackward>)
tensor(0.0372, device='cuda:0', grad_fn=<NllLossBackward>)
tensor([0, 0, 0, 0, 0, 0, 0, 0, 0, 0, 0, 0], device='cuda:0')
tensor([[0.8659, 0.1821],
        [0.9037, 0.1350],
        [0.8744, 0.1754],
        [0.8470, 0.2085],
        [0.8591, 0.1938],
        [0.8678, 0.1831],
        [0.8709, 0.1820],
        [0.8583, 0.1868],
        [0.8657, 0.1760],
        [0.8558, 0.1851],
        [0.8711, 0.1698],
        [0.9027, 0.1321]], device='cuda:0', grad_fn=<SigmoidBackward>)
tensor(0.0321, device='cuda:0', grad_fn=<NllLossBackward>)
tensor([0], device='cuda:0')
tensor([[0.8705, 0.1757]], device='cuda:0', grad_fn=<SigmoidBackward>)
tensor(0.0312, device='cuda:0', grad_fn=<NllLossBackward>)
tensor([0, 1, 0, 0, 1, 0, 0, 0, 0, 1, 0, 1], device='cuda:0')
tensor([[0.4964, 0.5591],
        [0.1474, 0.8741],
        [0.6032, 0.4641],
        [0.6216, 0.4499],
        [0.1388, 0.8807],
        [0.6899, 0.3767],
        [0.7056, 0.3716],
        [0.6703, 0.4090],
        [0.7098, 0.3653],
        [0.1352, 0.8878],
        [0.6542, 0.4248],
        [0.0532, 0.9561]], device='cuda:0', grad_fn=<SigmoidBackward>)
tensor(0.1809, device='cuda:0', grad_fn=<NllLossBackward>)
train >>> fold 1/5, epoch: 1/24, patient 1/24, mean_loss 0.0617, mean_acc 0.9792
tensor([0, 0, 0, 0, 0, 0, 0, 0, 0, 0, 0, 0], device='cuda:0')
tensor([[0.8259, 0.2301],
        [0.8713, 0.1743],
        [0.8899, 0.1491],
        [0.8739, 0.1672],
        [0.8691, 0.1797],
        [0.8553, 0.1918],
        [0.8674, 0.1796],
        [0.8499, 0.2025],
        [0.8637, 0.1874],
        [0.8600, 0.1851],
        [0.8516, 0.1958],
        [0.8753, 0.1706]], device='cuda:0', grad_fn=<SigmoidBackward>)
tensor(0.0361, device='cuda:0', grad_fn=<NllLossBackward>)
tensor([0, 0, 0, 0, 0, 0, 0, 0, 0, 0, 0, 0], device='cuda:0')
tensor([[0.8270, 0.2281],
        [0.8295, 0.2274],
        [0.8467, 0.2082],
        [0.8580, 0.1946],
        [0.8662, 0.1805],
        [0.8808, 0.1632],
        [0.8600, 0.1891],
        [0.8745, 0.1725],
        [0.8793, 0.1598],
        [0.8785, 0.1637],
        [0.8945, 0.1426],
        [0.9111, 0.1231]], device='cuda:0', grad_fn=<SigmoidBackward>)
tensor(0.0347, device='cuda:0', grad_fn=<NllLossBackward>)
tensor([0, 0, 0, 0, 0, 0, 0, 0, 0, 0, 0, 0], device='cuda:0')
tensor([[0.8757, 0.1699],
        [0.8809, 0.1652],
        [0.8758, 0.1683],
        [0.8644, 0.1820],
        [0.8597, 0.1882],
        [0.8814, 0.1606],
        [0.8718, 0.1735],
        [0.8549, 0.1941],
        [0.8670, 0.1786],
        [0.8670, 0.1789],
        [0.8843, 0.1597],
        [0.8801, 0.1650]], device='cuda:0', grad_fn=<SigmoidBackward>)
tensor(0.0306, device='cuda:0', grad_fn=<NllLossBackward>)
tensor([1, 1, 1, 1, 1, 1, 1, 1, 1, 1, 1, 1], device='cuda:0')
tensor([[0.4463, 0.6238],
        [0.4662, 0.6020],
        [0.3401, 0.7218],
        [0.3986, 0.6598],
        [0.4564, 0.6051],
        [0.3973, 0.6599],
        [0.4045, 0.6576],
        [0.4377, 0.6209],
        [0.4153, 0.6521],
        [0.4762, 0.5969],
        [0.5246, 0.5504],
        [0.2650, 0.7770]], device='cuda:0', grad_fn=<SigmoidBackward>)
tensor(0.3574, device='cuda:0', grad_fn=<NllLossBackward>)
tensor([0, 0, 0, 0, 0, 0, 0, 0, 0, 0, 0, 0], device='cuda:0')
tensor([[0.9221, 0.1093],
        [0.9119, 0.1197],
        [0.8739, 0.1687],
        [0.8275, 0.2275],
        [0.8198, 0.2321],
        [0.8555, 0.1913],
        [0.8802, 0.1676],
        [0.8244, 0.2337],
        [0.8474, 0.2123],
        [0.7970, 0.2679],
        [0.8314, 0.2231],
        [0.7828, 0.2806]], device='cuda:0', grad_fn=<SigmoidBackward>)
tensor(0.0501, device='cuda:0', grad_fn=<NllLossBackward>)
tensor([0, 0, 0, 0, 0, 0, 0, 0, 0, 0, 0, 0], device='cuda:0')
tensor([[0.8775, 0.1646],
        [0.8738, 0.1717],
        [0.8536, 0.1972],
        [0.8756, 0.1706],
        [0.8564, 0.1935],
        [0.8676, 0.1809],
        [0.8828, 0.1614],
        [0.8745, 0.1686],
        [0.8640, 0.1831],
        [0.8741, 0.1731],
        [0.8745, 0.1670],
        [0.8849, 0.1559]], device='cuda:0', grad_fn=<SigmoidBackward>)
tensor(0.0308, device='cuda:0', grad_fn=<NllLossBackward>)
tensor([0, 0, 0, 0], device='cuda:0')
tensor([[0.8837, 0.1581],
        [0.8412, 0.2072],
        [0.8894, 0.1554],
        [0.8342, 0.2192]], device='cuda:0', grad_fn=<SigmoidBackward>)
tensor(0.0374, device='cuda:0', grad_fn=<NllLossBackward>)
tensor([1, 1, 1, 1, 1, 1, 0, 0, 0, 0, 0, 0], device='cuda:0')
tensor([[0.1355, 0.8895],
        [0.0945, 0.9216],
        [0.0447, 0.9643],
        [0.0770, 0.9383],
        [0.0734, 0.9424],
        [0.2510, 0.7897],
        [0.8103, 0.2501],
        [0.9558, 0.0629],
        [0.9877, 0.0189],
        [0.9644, 0.0505],
        [0.9741, 0.0379],
        [0.9760, 0.0359]], device='cuda:0', grad_fn=<SigmoidBackward>)
tensor(0.0188, device='cuda:0', grad_fn=<NllLossBackward>)
tensor([0, 0, 0, 0, 0, 0, 0, 0, 0, 0, 0, 0], device='cuda:0')
tensor([[0.8880, 0.1551],
        [0.9082, 0.1283],
        [0.8748, 0.1704],
        [0.8986, 0.1377],
        [0.8900, 0.1498],
        [0.8572, 0.1855],
        [0.8672, 0.1791],
        [0.8713, 0.1737],
        [0.8563, 0.1918],
        [0.8313, 0.2267],
        [0.8215, 0.2349],
        [0.8348, 0.2263]], device='cuda:0', grad_fn=<SigmoidBackward>)
tensor(0.0354, device='cuda:0', grad_fn=<NllLossBackward>)
tensor([1, 1, 1, 1, 1, 1, 1, 1, 1, 1, 1, 1], device='cuda:0')
tensor([[0.5203, 0.5494],
        [0.5767, 0.5058],
        [0.4413, 0.6238],
        [0.5800, 0.4985],
        [0.4161, 0.6462],
        [0.3306, 0.7176],
        [0.3100, 0.7415],
        [0.4581, 0.6014],
        [0.4661, 0.5946],
        [0.3492, 0.7073],
        [0.2875, 0.7616],
        [0.3268, 0.7329]], device='cuda:0', grad_fn=<SigmoidBackward>)
tensor(0.3992, device='cuda:0', grad_fn=<NllLossBackward>)
tensor([0, 0, 0, 0, 0, 0, 0, 0, 0, 0, 0, 0], device='cuda:0')
tensor([[0.8907, 0.1480],
        [0.8545, 0.1949],
        [0.8814, 0.1585],
        [0.8808, 0.1584],
        [0.8870, 0.1526],
        [0.8471, 0.2036],
        [0.8442, 0.2050],
        [0.8535, 0.1954],
        [0.8227, 0.2394],
        [0.8457, 0.2074],
        [0.8020, 0.2587],
        [0.8405, 0.2112]], device='cuda:0', grad_fn=<SigmoidBackward>)
tensor(0.0426, device='cuda:0', grad_fn=<NllLossBackward>)
tensor([0, 0, 0, 0, 0, 1, 1, 1, 1, 1, 1, 1], device='cuda:0')
tensor([[0.7397, 0.3237],
        [0.9200, 0.1098],
        [0.9088, 0.1224],
        [0.9068, 0.1286],
        [0.8376, 0.2071],
        [0.2007, 0.8353],
        [0.2534, 0.8001],
        [0.2185, 0.8233],
        [0.2355, 0.8076],
        [0.1649, 0.8664],
        [0.1422, 0.8865],
        [0.2741, 0.7732]], device='cuda:0', grad_fn=<SigmoidBackward>)
tensor(0.0568, device='cuda:0', grad_fn=<NllLossBackward>)
tensor([0, 0, 0, 0, 0, 0, 0, 0, 0, 0, 0, 0], device='cuda:0')
tensor([[0.8149, 0.2313],
        [0.8291, 0.2252],
        [0.8257, 0.2282],
        [0.8401, 0.2132],
        [0.8451, 0.2055],
        [0.8819, 0.1578],
        [0.8831, 0.1633],
        [0.8851, 0.1596],
        [0.9043, 0.1363],
        [0.9010, 0.1371],
        [0.8762, 0.1690],
        [0.8896, 0.1520]], device='cuda:0', grad_fn=<SigmoidBackward>)
tensor(0.0367, device='cuda:0', grad_fn=<NllLossBackward>)
tensor([0, 0, 0, 0, 0, 0, 0, 0, 0, 0, 0, 0], device='cuda:0')
tensor([[0.8956, 0.1495],
        [0.8687, 0.1805],
        [0.8716, 0.1730],
        [0.8928, 0.1506],
        [0.8836, 0.1596],
        [0.8453, 0.2067],
        [0.8542, 0.1936],
        [0.8712, 0.1711],
        [0.8485, 0.2032],
        [0.8692, 0.1749],
        [0.8721, 0.1714],
        [0.8768, 0.1621]], device='cuda:0', grad_fn=<SigmoidBackward>)
tensor(0.0316, device='cuda:0', grad_fn=<NllLossBackward>)
tensor([0, 0, 0, 0, 0, 0, 0, 0, 0, 0, 0, 0], device='cuda:0')
tensor([[0.8100, 0.2460],
        [0.8570, 0.1947],
        [0.8581, 0.1932],
        [0.8594, 0.1885],
        [0.8873, 0.1533],
        [0.8819, 0.1607],
        [0.8742, 0.1711],
        [0.8998, 0.1396],
        [0.8941, 0.1453],
        [0.8827, 0.1622],
        [0.8878, 0.1508],
        [0.8841, 0.1603]], device='cuda:0', grad_fn=<SigmoidBackward>)
tensor(0.0314, device='cuda:0', grad_fn=<NllLossBackward>)
tensor([0, 0, 0, 0, 0, 0, 0, 0, 0, 0, 0, 0], device='cuda:0')
tensor([[0.8895, 0.1549],
        [0.8913, 0.1516],
        [0.9023, 0.1362],
        [0.8758, 0.1680],
        [0.8826, 0.1591],
        [0.8896, 0.1517],
        [0.8651, 0.1796],
        [0.8641, 0.1842],
        [0.8644, 0.1845],
        [0.8710, 0.1778],
        [0.8667, 0.1786],
        [0.8369, 0.2138]], device='cuda:0', grad_fn=<SigmoidBackward>)
tensor(0.0296, device='cuda:0', grad_fn=<NllLossBackward>)
train >>> fold 1/5, epoch: 1/24, patient 2/24, mean_loss 0.0730, mean_acc 0.9861
tensor([0, 0, 0, 0, 0, 0, 0, 0, 0, 0, 0, 0], device='cuda:0')
tensor([[0.9155, 0.1171],
        [0.8657, 0.1779],
        [0.8532, 0.1969],
        [0.8902, 0.1496],
        [0.8334, 0.2177],
        [0.8574, 0.1956],
        [0.8802, 0.1713],
        [0.8755, 0.1721],
        [0.8705, 0.1724],
        [0.8171, 0.2309],
        [0.8221, 0.2384],
        [0.8862, 0.1525]], device='cuda:0', grad_fn=<SigmoidBackward>)
tensor(0.0369, device='cuda:0', grad_fn=<NllLossBackward>)
tensor([0, 0, 0, 0, 0, 0, 0, 0, 0, 0, 0, 0], device='cuda:0')
tensor([[0.8928, 0.1445],
        [0.8811, 0.1625],
        [0.8666, 0.1808],
        [0.8840, 0.1620],
        [0.8893, 0.1504],
        [0.8796, 0.1671],
        [0.8602, 0.1929],
        [0.8425, 0.2121],
        [0.8883, 0.1491],
        [0.8831, 0.1597],
        [0.8512, 0.1986],
        [0.8515, 0.1944]], device='cuda:0', grad_fn=<SigmoidBackward>)
tensor(0.0309, device='cuda:0', grad_fn=<NllLossBackward>)
tensor([0, 0, 0, 0, 0, 0, 0, 0, 0, 0, 0, 0], device='cuda:0')
tensor([[0.9017, 0.1389],
        [0.8932, 0.1493],
        [0.8907, 0.1515],
        [0.8656, 0.1849],
        [0.8662, 0.1835],
        [0.8694, 0.1762],
        [0.8750, 0.1709],
        [0.8751, 0.1683],
        [0.8776, 0.1642],
        [0.8333, 0.2171],
        [0.8680, 0.1756],
        [0.8585, 0.1874]], device='cuda:0', grad_fn=<SigmoidBackward>)
tensor(0.0307, device='cuda:0', grad_fn=<NllLossBackward>)
tensor([0, 0, 0, 0, 0, 0, 0, 0, 0, 0, 0], device='cuda:0')
tensor([[0.8560, 0.1934],
        [0.8500, 0.2002],
        [0.8935, 0.1437],
        [0.8654, 0.1862],
        [0.8470, 0.2050],
        [0.8560, 0.1903],
        [0.8726, 0.1725],
        [0.8850, 0.1535],
        [0.8795, 0.1651],
        [0.8856, 0.1602],
        [0.8876, 0.1564]], device='cuda:0', grad_fn=<SigmoidBackward>)
tensor(0.0318, device='cuda:0', grad_fn=<NllLossBackward>)
tensor([0, 0, 0, 0, 0, 0, 0, 0, 0, 0, 0, 0], device='cuda:0')
tensor([[0.8394, 0.2107],
        [0.8576, 0.1894],
        [0.8651, 0.1775],
        [0.8797, 0.1598],
        [0.8684, 0.1793],
        [0.8845, 0.1592],
        [0.8691, 0.1763],
        [0.8745, 0.1703],
        [0.8762, 0.1686],
        [0.8788, 0.1656],
        [0.8865, 0.1586],
        [0.8971, 0.1472]], device='cuda:0', grad_fn=<SigmoidBackward>)
tensor(0.0303, device='cuda:0', grad_fn=<NllLossBackward>)
tensor([0, 0, 0, 0, 0, 0, 0, 0, 0, 0, 0, 0], device='cuda:0')
tensor([[0.8733, 0.1723],
        [0.8865, 0.1564],
        [0.8265, 0.2287],
        [0.8764, 0.1647],
        [0.8590, 0.1875],
        [0.8653, 0.1820],
        [0.8788, 0.1629],
        [0.8555, 0.1946],
        [0.8631, 0.1851],
        [0.8571, 0.1957],
        [0.8602, 0.1893],
        [0.8905, 0.1462]], device='cuda:0', grad_fn=<SigmoidBackward>)
tensor(0.0343, device='cuda:0', grad_fn=<NllLossBackward>)
tensor([0, 0, 0, 0, 0, 0, 0, 0, 1, 0, 0, 0], device='cuda:0')
tensor([[0.8693, 0.1720],
        [0.7873, 0.2753],
        [0.7547, 0.3053],
        [0.6560, 0.4029],
        [0.6975, 0.3660],
        [0.7995, 0.2504],
        [0.6796, 0.3777],
        [0.1314, 0.8941],
        [0.0530, 0.9583],
        [0.6231, 0.4701],
        [0.9024, 0.1379],
        [0.8826, 0.1652]], device='cuda:0', grad_fn=<SigmoidBackward>)
tensor(0.4228, device='cuda:0', grad_fn=<NllLossBackward>)
tensor([1, 1, 1, 1, 1, 1, 1, 0, 0, 1, 0, 0], device='cuda:0')
tensor([[0.1252, 0.8941],
        [0.1151, 0.9039],
        [0.1811, 0.8448],
        [0.1425, 0.8792],
        [0.2528, 0.7893],
        [0.2588, 0.7828],
        [0.2702, 0.7715],
        [0.9238, 0.1077],
        [0.9122, 0.1286],
        [0.2085, 0.8232],
        [0.9014, 0.1430],
        [0.9106, 0.1303]], device='cuda:0', grad_fn=<SigmoidBackward>)
tensor(0.0469, device='cuda:0', grad_fn=<NllLossBackward>)
tensor([0, 0, 0, 0, 0, 0, 0, 0, 0, 0, 0, 0], device='cuda:0')
tensor([[0.8554, 0.1932],
        [0.8727, 0.1729],
        [0.8828, 0.1599],
        [0.8874, 0.1557],
        [0.8734, 0.1710],
        [0.8574, 0.1898],
        [0.8797, 0.1643],
        [0.8913, 0.1512],
        [0.8675, 0.1794],
        [0.8678, 0.1772],
        [0.8809, 0.1629],
        [0.8893, 0.1529]], device='cuda:0', grad_fn=<SigmoidBackward>)
tensor(0.0289, device='cuda:0', grad_fn=<NllLossBackward>)
tensor([0, 0, 0, 0, 0, 0, 0, 0, 0, 0, 0, 0], device='cuda:0')
tensor([[0.8753, 0.1667],
        [0.8731, 0.1695],
        [0.8847, 0.1586],
        [0.8526, 0.1977],
        [0.8411, 0.2120],
        [0.8807, 0.1630],
        [0.8916, 0.1484],
        [0.8821, 0.1641],
        [0.8513, 0.2004],
        [0.8729, 0.1728],
        [0.8585, 0.1903],
        [0.8958, 0.1421]], device='cuda:0', grad_fn=<SigmoidBackward>)
tensor(0.0313, device='cuda:0', grad_fn=<NllLossBackward>)
tensor([0, 0, 0, 0, 0, 0, 0, 0, 0, 0, 0, 0], device='cuda:0')
tensor([[0.8791, 0.1625],
        [0.8692, 0.1743],
        [0.8485, 0.2015],
        [0.8751, 0.1694],
        [0.8852, 0.1571],
        [0.8874, 0.1548],
        [0.8814, 0.1636],
        [0.9008, 0.1406],
        [0.8839, 0.1556],
        [0.8680, 0.1780],
        [0.8750, 0.1730],
        [0.8709, 0.1774]], device='cuda:0', grad_fn=<SigmoidBackward>)
tensor(0.0282, device='cuda:0', grad_fn=<NllLossBackward>)
tensor([1, 1, 1, 1, 0, 0, 0, 0, 0, 0, 0, 0], device='cuda:0')
tensor([[0.2858, 0.7649],
        [0.1618, 0.8681],
        [0.0904, 0.9277],
        [0.2469, 0.8096],
        [0.9323, 0.0927],
        [0.9812, 0.0284],
        [0.9561, 0.0629],
        [0.9739, 0.0381],
        [0.9653, 0.0512],
        [0.9044, 0.1303],
        [0.9541, 0.0665],
        [0.9308, 0.0949]], device='cuda:0', grad_fn=<SigmoidBackward>)
tensor(0.0329, device='cuda:0', grad_fn=<NllLossBackward>)
train >>> fold 1/5, epoch: 1/24, patient 3/24, mean_loss 0.0705, mean_acc 0.9884
tensor([1, 1, 1, 1, 1, 1, 1, 1, 1, 1, 1, 1], device='cuda:0')
tensor([[0.3258, 0.7295],
        [0.6896, 0.3925],
        [0.5765, 0.5037],
        [0.5617, 0.5183],
        [0.4508, 0.6130],
        [0.4884, 0.5880],
        [0.4052, 0.6584],
        [0.4930, 0.5710],
        [0.5547, 0.5192],
        [0.2454, 0.8005],
        [0.4853, 0.5829],
        [0.7345, 0.3176]], device='cuda:0', grad_fn=<SigmoidBackward>)
tensor(0.6974, device='cuda:0', grad_fn=<NllLossBackward>)
tensor([1, 1, 1, 1, 1, 1, 1, 1, 1, 1, 1, 1], device='cuda:0')
tensor([[0.4590, 0.5961],
        [0.4559, 0.6058],
        [0.5136, 0.5510],
        [0.4568, 0.6090],
        [0.4017, 0.6572],
        [0.5320, 0.5407],
        [0.4819, 0.5885],
        [0.4699, 0.5980],
        [0.4017, 0.6679],
        [0.4016, 0.6657],
        [0.4620, 0.6115],
        [0.2708, 0.7781]], device='cuda:0', grad_fn=<SigmoidBackward>)
tensor(0.4168, device='cuda:0', grad_fn=<NllLossBackward>)
