2020-03-20-13-24-29
train.py
--------------------------------------------------------------------------------------------------------------------
batchSize: 8
bottleneckFeatures: 1
brightness: None
contrast: None
cropSize: None
dir_lf: D:\Data\cs-8395-dl
dir_project: ..
encoder: resnet34
epoch: 96
folderData: assignment3\Training
folderPartition: train_test_org
lossWeight: [1.0, 1.0]
loss_weights: None
lr: 0.001
msg: None
overrideLR: 1
path_kfold: D:\Projects\cs-8395-dl\Assignment_3_segmentation\partition\kfold_5.bin
resize: None
resume_from: None
resume_training: None
to_ram: 0
--------------------------------------------------------------------------------------------------------------------
creating directory to save model at D:\Data\cs-8395-dl\model\2020-03-20-13-24-29
executing fold 1/5
training patients  ['0001' '0002' '0003' '0004' '0005' '0006' '0007' '0008' '0021' '0022'
 '0023' '0024' '0025' '0027' '0029' '0030' '0031' '0032' '0033' '0035'
 '0036' '0037' '0039' '0040']
validation patients  ['0009' '0010' '0026' '0028' '0034' '0038']
train >>> epoch: 1/96, mean_loss 1.6398, mean_dice_loss: 0.9887, mean_ce: 0.6511
train >>> epoch: 1/96, mean_loss 1.6264, mean_dice_loss: 0.9947, mean_ce: 0.6318
train >>> epoch: 1/96, mean_loss 1.1178, mean_dice_loss: 0.9972, mean_ce: 0.1206
train >>> epoch: 1/96, mean_loss 4.1703, mean_dice_loss: 0.9033, mean_ce: 3.2670
train >>> epoch: 1/96, mean_loss 1.0181, mean_dice_loss: 0.9829, mean_ce: 0.0352
train >>> epoch: 1/96, mean_loss 1.3661, mean_dice_loss: 0.9972, mean_ce: 0.3689
train >>> epoch: 1/96, mean_loss 1.4913, mean_dice_loss: 0.9936, mean_ce: 0.4977
train >>> epoch: 1/96, mean_loss 1.5173, mean_dice_loss: 0.9956, mean_ce: 0.5216
train >>> epoch: 1/96, mean_loss 1.4996, mean_dice_loss: 0.9932, mean_ce: 0.5064
train >>> epoch: 1/96, mean_loss 1.4308, mean_dice_loss: 0.9935, mean_ce: 0.4372
train >>> epoch: 1/96, mean_loss 1.2702, mean_dice_loss: 0.9909, mean_ce: 0.2792
train >>> epoch: 1/96, mean_loss 1.0868, mean_dice_loss: 0.9856, mean_ce: 0.1012
train >>> epoch: 1/96, mean_loss 1.0066, mean_dice_loss: 0.9825, mean_ce: 0.0241
train >>> epoch: 1/96, mean_loss 1.0190, mean_dice_loss: 0.9969, mean_ce: 0.0220
train >>> epoch: 1/96, mean_loss 1.0129, mean_dice_loss: 0.9959, mean_ce: 0.0170
train >>> epoch: 1/96, mean_loss 0.9996, mean_dice_loss: 0.9540, mean_ce: 0.0456
train >>> epoch: 1/96, mean_loss 0.7598, mean_dice_loss: 0.6268, mean_ce: 0.1330
train >>> epoch: 1/96, mean_loss 1.9098, mean_dice_loss: 0.2608, mean_ce: 1.6490
train >>> epoch: 1/96, mean_loss 0.2101, mean_dice_loss: 0.1621, mean_ce: 0.0480
train >>> epoch: 1/96, mean_loss 0.9187, mean_dice_loss: 0.7420, mean_ce: 0.1767
train >>> epoch: 1/96, mean_loss 0.4094, mean_dice_loss: 0.3673, mean_ce: 0.0421
train >>> epoch: 1/96, mean_loss 0.4171, mean_dice_loss: 0.3079, mean_ce: 0.1091
train >>> epoch: 1/96, mean_loss 0.3964, mean_dice_loss: 0.2912, mean_ce: 0.1052
train >>> epoch: 1/96, mean_loss 0.2225, mean_dice_loss: 0.1679, mean_ce: 0.0547
valid >>> epoch: 1/96, mean_dice: 0.0000
criteria decreased from inf to 0.2225, saving best model at D:\Data\cs-8395-dl\model\2020-03-20-13-24-29\2020-03-20-13-24-29_1_fold-resnet34_best.pt
train >>> epoch: 2/96, mean_loss 0.4142, mean_dice_loss: 0.2863, mean_ce: 0.1279
train >>> epoch: 2/96, mean_loss 0.3426, mean_dice_loss: 0.2514, mean_ce: 0.0912
train >>> epoch: 2/96, mean_loss 0.1995, mean_dice_loss: 0.1719, mean_ce: 0.0276
train >>> epoch: 2/96, mean_loss 0.3487, mean_dice_loss: 0.2986, mean_ce: 0.0501
train >>> epoch: 2/96, mean_loss 0.3232, mean_dice_loss: 0.2510, mean_ce: 0.0721
train >>> epoch: 2/96, mean_loss 0.3352, mean_dice_loss: 0.2501, mean_ce: 0.0851
train >>> epoch: 2/96, mean_loss 0.3461, mean_dice_loss: 0.2727, mean_ce: 0.0734
train >>> epoch: 2/96, mean_loss 0.5476, mean_dice_loss: 0.4167, mean_ce: 0.1309
train >>> epoch: 2/96, mean_loss 0.4354, mean_dice_loss: 0.3334, mean_ce: 0.1020
train >>> epoch: 2/96, mean_loss 0.1998, mean_dice_loss: 0.1772, mean_ce: 0.0226
train >>> epoch: 2/96, mean_loss 0.3077, mean_dice_loss: 0.2591, mean_ce: 0.0486
train >>> epoch: 2/96, mean_loss 0.4091, mean_dice_loss: 0.3106, mean_ce: 0.0985
train >>> epoch: 2/96, mean_loss 0.4223, mean_dice_loss: 0.3679, mean_ce: 0.0544
train >>> epoch: 2/96, mean_loss 0.2866, mean_dice_loss: 0.2341, mean_ce: 0.0524
train >>> epoch: 2/96, mean_loss 0.2466, mean_dice_loss: 0.2248, mean_ce: 0.0218
train >>> epoch: 2/96, mean_loss 0.5496, mean_dice_loss: 0.4672, mean_ce: 0.0824
train >>> epoch: 2/96, mean_loss 0.3137, mean_dice_loss: 0.2795, mean_ce: 0.0341
train >>> epoch: 2/96, mean_loss 0.3475, mean_dice_loss: 0.2643, mean_ce: 0.0832
train >>> epoch: 2/96, mean_loss 0.2481, mean_dice_loss: 0.2147, mean_ce: 0.0334
train >>> epoch: 2/96, mean_loss 0.2626, mean_dice_loss: 0.2119, mean_ce: 0.0507
train >>> epoch: 2/96, mean_loss 0.2029, mean_dice_loss: 0.1671, mean_ce: 0.0358
train >>> epoch: 2/96, mean_loss 0.3815, mean_dice_loss: 0.3078, mean_ce: 0.0738
train >>> epoch: 2/96, mean_loss 0.3659, mean_dice_loss: 0.3077, mean_ce: 0.0581
train >>> epoch: 2/96, mean_loss 0.3802, mean_dice_loss: 0.2634, mean_ce: 0.1168
valid >>> epoch: 2/96, mean_dice: 0.0000
train >>> epoch: 3/96, mean_loss 0.3378, mean_dice_loss: 0.2629, mean_ce: 0.0749
train >>> epoch: 3/96, mean_loss 0.2495, mean_dice_loss: 0.2301, mean_ce: 0.0194
train >>> epoch: 3/96, mean_loss 0.3206, mean_dice_loss: 0.2916, mean_ce: 0.0289
train >>> epoch: 3/96, mean_loss 0.3721, mean_dice_loss: 0.3178, mean_ce: 0.0543
train >>> epoch: 3/96, mean_loss 0.3175, mean_dice_loss: 0.2740, mean_ce: 0.0435
train >>> epoch: 3/96, mean_loss 0.3321, mean_dice_loss: 0.2778, mean_ce: 0.0543
train >>> epoch: 3/96, mean_loss 0.1971, mean_dice_loss: 0.1765, mean_ce: 0.0206
train >>> epoch: 3/96, mean_loss 0.3946, mean_dice_loss: 0.2856, mean_ce: 0.1090
train >>> epoch: 3/96, mean_loss 0.3537, mean_dice_loss: 0.3078, mean_ce: 0.0459
train >>> epoch: 3/96, mean_loss 0.4992, mean_dice_loss: 0.4173, mean_ce: 0.0818
train >>> epoch: 3/96, mean_loss 0.3547, mean_dice_loss: 0.2672, mean_ce: 0.0875
train >>> epoch: 3/96, mean_loss 0.4140, mean_dice_loss: 0.3541, mean_ce: 0.0598
train >>> epoch: 3/96, mean_loss 0.2812, mean_dice_loss: 0.2345, mean_ce: 0.0467
train >>> epoch: 3/96, mean_loss 0.3175, mean_dice_loss: 0.2505, mean_ce: 0.0670
train >>> epoch: 3/96, mean_loss 0.4146, mean_dice_loss: 0.3642, mean_ce: 0.0504
train >>> epoch: 3/96, mean_loss 0.5354, mean_dice_loss: 0.4663, mean_ce: 0.0691
train >>> epoch: 3/96, mean_loss 0.2586, mean_dice_loss: 0.2171, mean_ce: 0.0415
train >>> epoch: 3/96, mean_loss 0.2728, mean_dice_loss: 0.2429, mean_ce: 0.0299
train >>> epoch: 3/96, mean_loss 0.3361, mean_dice_loss: 0.2500, mean_ce: 0.0861
train >>> epoch: 3/96, mean_loss 0.2093, mean_dice_loss: 0.1667, mean_ce: 0.0427
train >>> epoch: 3/96, mean_loss 0.2028, mean_dice_loss: 0.1600, mean_ce: 0.0429
train >>> epoch: 3/96, mean_loss 0.3310, mean_dice_loss: 0.2500, mean_ce: 0.0810
train >>> epoch: 3/96, mean_loss 0.4390, mean_dice_loss: 0.2997, mean_ce: 0.1393
train >>> epoch: 3/96, mean_loss 0.3101, mean_dice_loss: 0.2513, mean_ce: 0.0588
valid >>> epoch: 3/96, mean_dice: 0.0000
train >>> epoch: 4/96, mean_loss 0.5005, mean_dice_loss: 0.4170, mean_ce: 0.0835
train >>> epoch: 4/96, mean_loss 0.3301, mean_dice_loss: 0.2828, mean_ce: 0.0473
