2020-03-22-13-35-02
train.py
--------------------------------------------------------------------------------------------------------------------
batchSize: 12
bottleneckFeatures: 1
brightness: None
contrast: None
cropSize: None
dir_lf: D:\Data\cs-8395-dl
dir_project: ..
encoder: resnet34
epoch: 24
extract_spleen: False
folderData: assignment3\Training
folderPartition: train_test_org
lossWeight: [0.7, 0.3]
loss_weights: None
lr: 0.001
msg: None
overrideLR: 1
path_kfold: D:\Projects\cs-8395-dl\Assignment_3_segmentation\partition\kfold_5.bin
resize: None
resume_from: None
resume_training: None
to_ram: 0
--------------------------------------------------------------------------------------------------------------------
creating directory to save model at D:\Data\cs-8395-dl\model\2020-03-22-13-35-02
executing fold 1/5
training patients  ['0001' '0002' '0003' '0004' '0005' '0006' '0007' '0008' '0021' '0022'
 '0023' '0024' '0025' '0027' '0029' '0030' '0031' '0032' '0033' '0035'
 '0036' '0037' '0039' '0040']
validation patients  ['0009' '0010' '0026' '0028' '0034' '0038']
freezing feature extracting layers
tensor([[1, 0],
        [1, 0],
        [1, 0],
        [1, 0],
        [1, 0],
        [1, 0],
        [1, 0],
        [1, 0],
        [1, 0],
        [1, 0],
        [1, 0],
        [1, 0]], device='cuda:0')
tensor([[-0.6690, -0.5546],
        [-0.7803, -0.5073],
        [-0.7479, -0.6405],
        [-0.6810, -0.6690],
        [-0.5957, -0.4618],
        [-0.5018, -0.6577],
        [-0.5932, -0.6670],
        [-0.5859, -0.5874],
        [-0.7708, -0.5518],
        [-0.6030, -0.5641],
        [-0.8189, -0.5002],
        [-0.5502, -0.4837]], device='cuda:0', grad_fn=<AddmmBackward>)
