2020-03-22-00-20-43
train.py
--------------------------------------------------------------------------------------------------------------------
batchSize: 12
bottleneckFeatures: 1
brightness: None
contrast: None
cropSize: None
dir_lf: D:\Data\cs-8395-dl
dir_project: ..
encoder: resnet34
epoch: 48
extract_spleen: 1
folderData: assignment3\Training
folderPartition: train_test_org
lossWeight: [1.0, 1.0]
loss_weights: None
lr: 0.01
msg: None
overrideLR: 1
path_kfold: D:\Projects\cs-8395-dl\Assignment_3_segmentation\partition\kfold_5.bin
resize: None
resume_from: None
resume_training: None
to_ram: 0
--------------------------------------------------------------------------------------------------------------------
creating directory to save model at D:\Data\cs-8395-dl\model\2020-03-22-00-20-43
executing fold 1/5
training patients  ['0001']
validation patients  ['0009']
accumulating gradients, acc_step = 1
updating weights at batch 1/3
updating weights at batch 2/3
updating weights at batch 3/3
train >>> epoch: 1/48, patient 1/1, mean_loss 382.1820, mean_dice_loss: 2.9253, mean_ce: 379.2567
valid >>> epoch: 1/48, mean_dice: 0.0892
criteria decreased from inf to 5400.6211, saving best model at D:\Data\cs-8395-dl\model\2020-03-22-00-20-43\2020-03-22-00-20-43_1_fold-resnet34_best.pt
accumulating gradients, acc_step = 1
updating weights at batch 1/3
updating weights at batch 2/3
updating weights at batch 3/3
train >>> epoch: 2/48, patient 1/1, mean_loss 5.2694, mean_dice_loss: 2.8619, mean_ce: 2.4075
