2020-03-22-13-45-24
train.py
--------------------------------------------------------------------------------------------------------------------
batchSize: 32
bottleneckFeatures: 1
brightness: None
contrast: None
cropSize: None
dir_lf: D:\Data\cs-8395-dl
dir_project: ..
encoder: resnet34
epoch: 100
extract_spleen: False
folderData: assignment3\Training
folderPartition: train_test_org
lossWeight: [0.7, 0.3]
loss_weights: None
lr: 0.001
msg: None
overrideLR: 1
path_kfold: D:\Projects\cs-8395-dl\Assignment_3_segmentation\partition\kfold_5.bin
resize: None
resume_from: None
resume_training: None
to_ram: 0
--------------------------------------------------------------------------------------------------------------------
creating directory to save model at D:\Data\cs-8395-dl\model\2020-03-22-13-45-24
executing fold 1/5
training patients  ['0001' '0002' '0003' '0004' '0005' '0006' '0007' '0008' '0021' '0022'
 '0023' '0024' '0025' '0027' '0029' '0030' '0031' '0032' '0033' '0035'
 '0036' '0037' '0039' '0040']
validation patients  ['0009' '0010' '0026' '0028' '0034' '0038']
freezing feature extracting layers
train >>> fold 1/5, epoch: 1/100, patient 1/24, mean_loss 0.7860, mean_acc 0.4667
train >>> fold 1/5, epoch: 1/100, patient 2/24, mean_loss 0.5376, mean_acc 0.6677
train >>> fold 1/5, epoch: 1/100, patient 3/24, mean_loss 0.4806, mean_acc 0.7368
train >>> fold 1/5, epoch: 1/100, patient 4/24, mean_loss 0.5947, mean_acc 0.7560
train >>> fold 1/5, epoch: 1/100, patient 5/24, mean_loss 0.5987, mean_acc 0.7600
train >>> fold 1/5, epoch: 1/100, patient 6/24, mean_loss 0.5716, mean_acc 0.7705
train >>> fold 1/5, epoch: 1/100, patient 7/24, mean_loss 0.5734, mean_acc 0.7668
train >>> fold 1/5, epoch: 1/100, patient 8/24, mean_loss 0.5591, mean_acc 0.7668
train >>> fold 1/5, epoch: 1/100, patient 9/24, mean_loss 0.5405, mean_acc 0.7795
train >>> fold 1/5, epoch: 1/100, patient 10/24, mean_loss 0.5411, mean_acc 0.7731
train >>> fold 1/5, epoch: 1/100, patient 11/24, mean_loss 0.5287, mean_acc 0.7757
train >>> fold 1/5, epoch: 1/100, patient 12/24, mean_loss 0.5298, mean_acc 0.7769
train >>> fold 1/5, epoch: 1/100, patient 13/24, mean_loss 0.5315, mean_acc 0.7745
train >>> fold 1/5, epoch: 1/100, patient 14/24, mean_loss 0.5270, mean_acc 0.7730
train >>> fold 1/5, epoch: 1/100, patient 15/24, mean_loss 0.5188, mean_acc 0.7836
train >>> fold 1/5, epoch: 1/100, patient 16/24, mean_loss 0.5268, mean_acc 0.7773
train >>> fold 1/5, epoch: 1/100, patient 17/24, mean_loss 0.5178, mean_acc 0.7833
train >>> fold 1/5, epoch: 1/100, patient 18/24, mean_loss 0.5184, mean_acc 0.7835
train >>> fold 1/5, epoch: 1/100, patient 19/24, mean_loss 0.5126, mean_acc 0.7836
train >>> fold 1/5, epoch: 1/100, patient 20/24, mean_loss 0.5058, mean_acc 0.7850
train >>> fold 1/5, epoch: 1/100, patient 21/24, mean_loss 0.4974, mean_acc 0.7878
train >>> fold 1/5, epoch: 1/100, patient 22/24, mean_loss 0.4977, mean_acc 0.7847
train >>> fold 1/5, epoch: 1/100, patient 23/24, mean_loss 0.4938, mean_acc 0.7850
train >>> fold 1/5, epoch: 1/100, patient 24/24, mean_loss 0.4963, mean_acc 0.7801
valid >>> epoch: 1/100, mean_loss: 0.5096, mean_acc: 0.7392
criteria decreased from inf to 0.5096, saving best model at D:\Data\cs-8395-dl\model\2020-03-22-13-45-24\2020-03-22-13-45-24_1_fold-resnet34_best.pt
train >>> fold 1/5, epoch: 2/100, patient 1/24, mean_loss 0.4039, mean_acc 0.7805
train >>> fold 1/5, epoch: 2/100, patient 2/24, mean_loss 0.4847, mean_acc 0.7768
train >>> fold 1/5, epoch: 2/100, patient 3/24, mean_loss 0.4303, mean_acc 0.7806
train >>> fold 1/5, epoch: 2/100, patient 4/24, mean_loss 0.4155, mean_acc 0.7807
train >>> fold 1/5, epoch: 2/100, patient 5/24, mean_loss 0.4347, mean_acc 0.7796
train >>> fold 1/5, epoch: 2/100, patient 6/24, mean_loss 0.4575, mean_acc 0.7799
train >>> fold 1/5, epoch: 2/100, patient 7/24, mean_loss 0.4497, mean_acc 0.7831
train >>> fold 1/5, epoch: 2/100, patient 8/24, mean_loss 0.4524, mean_acc 0.7811
train >>> fold 1/5, epoch: 2/100, patient 9/24, mean_loss 0.4389, mean_acc 0.7830
train >>> fold 1/5, epoch: 2/100, patient 10/24, mean_loss 0.4295, mean_acc 0.7844
train >>> fold 1/5, epoch: 2/100, patient 11/24, mean_loss 0.4179, mean_acc 0.7871
train >>> fold 1/5, epoch: 2/100, patient 12/24, mean_loss 0.4389, mean_acc 0.7838
train >>> fold 1/5, epoch: 2/100, patient 13/24, mean_loss 0.4504, mean_acc 0.7820
train >>> fold 1/5, epoch: 2/100, patient 14/24, mean_loss 0.4464, mean_acc 0.7818
train >>> fold 1/5, epoch: 2/100, patient 15/24, mean_loss 0.4523, mean_acc 0.7825
train >>> fold 1/5, epoch: 2/100, patient 16/24, mean_loss 0.4516, mean_acc 0.7825
train >>> fold 1/5, epoch: 2/100, patient 17/24, mean_loss 0.4551, mean_acc 0.7816
train >>> fold 1/5, epoch: 2/100, patient 18/24, mean_loss 0.4460, mean_acc 0.7842
train >>> fold 1/5, epoch: 2/100, patient 19/24, mean_loss 0.4384, mean_acc 0.7875
train >>> fold 1/5, epoch: 2/100, patient 20/24, mean_loss 0.4353, mean_acc 0.7879
train >>> fold 1/5, epoch: 2/100, patient 21/24, mean_loss 0.4429, mean_acc 0.7879
train >>> fold 1/5, epoch: 2/100, patient 22/24, mean_loss 0.4394, mean_acc 0.7884
train >>> fold 1/5, epoch: 2/100, patient 23/24, mean_loss 0.4410, mean_acc 0.7876
train >>> fold 1/5, epoch: 2/100, patient 24/24, mean_loss 0.4419, mean_acc 0.7875
valid >>> epoch: 2/100, mean_loss: 0.5224, mean_acc: 0.7392
train >>> fold 1/5, epoch: 3/100, patient 1/24, mean_loss 0.2896, mean_acc 0.7886
train >>> fold 1/5, epoch: 3/100, patient 2/24, mean_loss 0.3735, mean_acc 0.7873
train >>> fold 1/5, epoch: 3/100, patient 3/24, mean_loss 0.4140, mean_acc 0.7865
train >>> fold 1/5, epoch: 3/100, patient 4/24, mean_loss 0.3977, mean_acc 0.7883
train >>> fold 1/5, epoch: 3/100, patient 5/24, mean_loss 0.4036, mean_acc 0.7882
train >>> fold 1/5, epoch: 3/100, patient 6/24, mean_loss 0.3921, mean_acc 0.7907
train >>> fold 1/5, epoch: 3/100, patient 7/24, mean_loss 0.4231, mean_acc 0.7906
train >>> fold 1/5, epoch: 3/100, patient 8/24, mean_loss 0.4353, mean_acc 0.7899
train >>> fold 1/5, epoch: 3/100, patient 9/24, mean_loss 0.4270, mean_acc 0.7915
train >>> fold 1/5, epoch: 3/100, patient 10/24, mean_loss 0.4355, mean_acc 0.7914
train >>> fold 1/5, epoch: 3/100, patient 11/24, mean_loss 0.4289, mean_acc 0.7914
train >>> fold 1/5, epoch: 3/100, patient 12/24, mean_loss 0.4370, mean_acc 0.7917
train >>> fold 1/5, epoch: 3/100, patient 13/24, mean_loss 0.4276, mean_acc 0.7932
train >>> fold 1/5, epoch: 3/100, patient 14/24, mean_loss 0.4236, mean_acc 0.7934
train >>> fold 1/5, epoch: 3/100, patient 15/24, mean_loss 0.4192, mean_acc 0.7933
train >>> fold 1/5, epoch: 3/100, patient 16/24, mean_loss 0.4268, mean_acc 0.7921
train >>> fold 1/5, epoch: 3/100, patient 17/24, mean_loss 0.4312, mean_acc 0.7919
train >>> fold 1/5, epoch: 3/100, patient 18/24, mean_loss 0.4304, mean_acc 0.7932
train >>> fold 1/5, epoch: 3/100, patient 19/24, mean_loss 0.4252, mean_acc 0.7937
train >>> fold 1/5, epoch: 3/100, patient 20/24, mean_loss 0.4218, mean_acc 0.7940
train >>> fold 1/5, epoch: 3/100, patient 21/24, mean_loss 0.4240, mean_acc 0.7934
train >>> fold 1/5, epoch: 3/100, patient 22/24, mean_loss 0.4291, mean_acc 0.7918
train >>> fold 1/5, epoch: 3/100, patient 23/24, mean_loss 0.4319, mean_acc 0.7901
train >>> fold 1/5, epoch: 3/100, patient 24/24, mean_loss 0.4310, mean_acc 0.7902
valid >>> epoch: 3/100, mean_loss: 0.5222, mean_acc: 0.7401
train >>> fold 1/5, epoch: 4/100, patient 1/24, mean_loss 0.3739, mean_acc 0.7909
train >>> fold 1/5, epoch: 4/100, patient 2/24, mean_loss 0.4531, mean_acc 0.7899
train >>> fold 1/5, epoch: 4/100, patient 3/24, mean_loss 0.4184, mean_acc 0.7897
train >>> fold 1/5, epoch: 4/100, patient 4/24, mean_loss 0.3999, mean_acc 0.7900
train >>> fold 1/5, epoch: 4/100, patient 5/24, mean_loss 0.4122, mean_acc 0.7899
train >>> fold 1/5, epoch: 4/100, patient 6/24, mean_loss 0.4097, mean_acc 0.7910
train >>> fold 1/5, epoch: 4/100, patient 7/24, mean_loss 0.4024, mean_acc 0.7911
train >>> fold 1/5, epoch: 4/100, patient 8/24, mean_loss 0.3899, mean_acc 0.7922
train >>> fold 1/5, epoch: 4/100, patient 9/24, mean_loss 0.3849, mean_acc 0.7938
train >>> fold 1/5, epoch: 4/100, patient 10/24, mean_loss 0.4035, mean_acc 0.7937
train >>> fold 1/5, epoch: 4/100, patient 11/24, mean_loss 0.4068, mean_acc 0.7929
train >>> fold 1/5, epoch: 4/100, patient 12/24, mean_loss 0.3988, mean_acc 0.7940
train >>> fold 1/5, epoch: 4/100, patient 13/24, mean_loss 0.4023, mean_acc 0.7935
train >>> fold 1/5, epoch: 4/100, patient 14/24, mean_loss 0.4132, mean_acc 0.7936
train >>> fold 1/5, epoch: 4/100, patient 15/24, mean_loss 0.4064, mean_acc 0.7940
train >>> fold 1/5, epoch: 4/100, patient 16/24, mean_loss 0.4034, mean_acc 0.7940
train >>> fold 1/5, epoch: 4/100, patient 17/24, mean_loss 0.4093, mean_acc 0.7928
train >>> fold 1/5, epoch: 4/100, patient 18/24, mean_loss 0.4108, mean_acc 0.7926
train >>> fold 1/5, epoch: 4/100, patient 19/24, mean_loss 0.4082, mean_acc 0.7926
train >>> fold 1/5, epoch: 4/100, patient 20/24, mean_loss 0.4028, mean_acc 0.7936
train >>> fold 1/5, epoch: 4/100, patient 21/24, mean_loss 0.4092, mean_acc 0.7931
train >>> fold 1/5, epoch: 4/100, patient 22/24, mean_loss 0.4198, mean_acc 0.7930
train >>> fold 1/5, epoch: 4/100, patient 23/24, mean_loss 0.4235, mean_acc 0.7926
train >>> fold 1/5, epoch: 4/100, patient 24/24, mean_loss 0.4272, mean_acc 0.7915
valid >>> epoch: 4/100, mean_loss: 0.5227, mean_acc: 0.7435
train >>> fold 1/5, epoch: 5/100, patient 1/24, mean_loss 0.3976, mean_acc 0.7920
train >>> fold 1/5, epoch: 5/100, patient 2/24, mean_loss 0.4680, mean_acc 0.7918
train >>> fold 1/5, epoch: 5/100, patient 3/24, mean_loss 0.4874, mean_acc 0.7914
train >>> fold 1/5, epoch: 5/100, patient 4/24, mean_loss 0.4436, mean_acc 0.7923
train >>> fold 1/5, epoch: 5/100, patient 5/24, mean_loss 0.4105, mean_acc 0.7932
train >>> fold 1/5, epoch: 5/100, patient 6/24, mean_loss 0.3977, mean_acc 0.7933
train >>> fold 1/5, epoch: 5/100, patient 7/24, mean_loss 0.3952, mean_acc 0.7946
train >>> fold 1/5, epoch: 5/100, patient 8/24, mean_loss 0.4228, mean_acc 0.7935
train >>> fold 1/5, epoch: 5/100, patient 9/24, mean_loss 0.4095, mean_acc 0.7944
train >>> fold 1/5, epoch: 5/100, patient 10/24, mean_loss 0.4248, mean_acc 0.7945
train >>> fold 1/5, epoch: 5/100, patient 11/24, mean_loss 0.4186, mean_acc 0.7946
train >>> fold 1/5, epoch: 5/100, patient 12/24, mean_loss 0.4190, mean_acc 0.7942
train >>> fold 1/5, epoch: 5/100, patient 13/24, mean_loss 0.4218, mean_acc 0.7935
train >>> fold 1/5, epoch: 5/100, patient 14/24, mean_loss 0.4262, mean_acc 0.7924
train >>> fold 1/5, epoch: 5/100, patient 15/24, mean_loss 0.4233, mean_acc 0.7924
train >>> fold 1/5, epoch: 5/100, patient 16/24, mean_loss 0.4222, mean_acc 0.7923
train >>> fold 1/5, epoch: 5/100, patient 17/24, mean_loss 0.4245, mean_acc 0.7930
train >>> fold 1/5, epoch: 5/100, patient 18/24, mean_loss 0.4170, mean_acc 0.7935
train >>> fold 1/5, epoch: 5/100, patient 19/24, mean_loss 0.4224, mean_acc 0.7931
train >>> fold 1/5, epoch: 5/100, patient 20/24, mean_loss 0.4275, mean_acc 0.7930
train >>> fold 1/5, epoch: 5/100, patient 21/24, mean_loss 0.4235, mean_acc 0.7929
train >>> fold 1/5, epoch: 5/100, patient 22/24, mean_loss 0.4288, mean_acc 0.7928
train >>> fold 1/5, epoch: 5/100, patient 23/24, mean_loss 0.4273, mean_acc 0.7931
train >>> fold 1/5, epoch: 5/100, patient 24/24, mean_loss 0.4281, mean_acc 0.7925
valid >>> epoch: 5/100, mean_loss: 0.5191, mean_acc: 0.7427
train >>> fold 1/5, epoch: 6/100, patient 1/24, mean_loss 0.3875, mean_acc 0.7924
train >>> fold 1/5, epoch: 6/100, patient 2/24, mean_loss 0.3225, mean_acc 0.7932
train >>> fold 1/5, epoch: 6/100, patient 3/24, mean_loss 0.3858, mean_acc 0.7925
train >>> fold 1/5, epoch: 6/100, patient 4/24, mean_loss 0.3636, mean_acc 0.7929
train >>> fold 1/5, epoch: 6/100, patient 5/24, mean_loss 0.3969, mean_acc 0.7930
train >>> fold 1/5, epoch: 6/100, patient 6/24, mean_loss 0.4030, mean_acc 0.7929
train >>> fold 1/5, epoch: 6/100, patient 7/24, mean_loss 0.3958, mean_acc 0.7939
train >>> fold 1/5, epoch: 6/100, patient 8/24, mean_loss 0.3957, mean_acc 0.7945
train >>> fold 1/5, epoch: 6/100, patient 9/24, mean_loss 0.3871, mean_acc 0.7951
train >>> fold 1/5, epoch: 6/100, patient 10/24, mean_loss 0.3957, mean_acc 0.7948
train >>> fold 1/5, epoch: 6/100, patient 11/24, mean_loss 0.3863, mean_acc 0.7952
train >>> fold 1/5, epoch: 6/100, patient 12/24, mean_loss 0.3917, mean_acc 0.7946
train >>> fold 1/5, epoch: 6/100, patient 13/24, mean_loss 0.4017, mean_acc 0.7946
train >>> fold 1/5, epoch: 6/100, patient 14/24, mean_loss 0.4108, mean_acc 0.7937
train >>> fold 1/5, epoch: 6/100, patient 15/24, mean_loss 0.4153, mean_acc 0.7934
train >>> fold 1/5, epoch: 6/100, patient 16/24, mean_loss 0.4111, mean_acc 0.7934
train >>> fold 1/5, epoch: 6/100, patient 17/24, mean_loss 0.4160, mean_acc 0.7931
train >>> fold 1/5, epoch: 6/100, patient 18/24, mean_loss 0.4115, mean_acc 0.7931
train >>> fold 1/5, epoch: 6/100, patient 19/24, mean_loss 0.4046, mean_acc 0.7937
train >>> fold 1/5, epoch: 6/100, patient 20/24, mean_loss 0.4004, mean_acc 0.7936
train >>> fold 1/5, epoch: 6/100, patient 21/24, mean_loss 0.3968, mean_acc 0.7937
train >>> fold 1/5, epoch: 6/100, patient 22/24, mean_loss 0.4035, mean_acc 0.7936
train >>> fold 1/5, epoch: 6/100, patient 23/24, mean_loss 0.4019, mean_acc 0.7937
train >>> fold 1/5, epoch: 6/100, patient 24/24, mean_loss 0.4055, mean_acc 0.7929
valid >>> epoch: 6/100, mean_loss: 0.5142, mean_acc: 0.7421
train >>> fold 1/5, epoch: 7/100, patient 1/24, mean_loss 0.4789, mean_acc 0.7928
train >>> fold 1/5, epoch: 7/100, patient 2/24, mean_loss 0.4184, mean_acc 0.7929
train >>> fold 1/5, epoch: 7/100, patient 3/24, mean_loss 0.4522, mean_acc 0.7929
train >>> fold 1/5, epoch: 7/100, patient 4/24, mean_loss 0.4428, mean_acc 0.7926
train >>> fold 1/5, epoch: 7/100, patient 5/24, mean_loss 0.4148, mean_acc 0.7929
train >>> fold 1/5, epoch: 7/100, patient 6/24, mean_loss 0.3938, mean_acc 0.7932
train >>> fold 1/5, epoch: 7/100, patient 7/24, mean_loss 0.4080, mean_acc 0.7929
train >>> fold 1/5, epoch: 7/100, patient 8/24, mean_loss 0.3965, mean_acc 0.7938
train >>> fold 1/5, epoch: 7/100, patient 9/24, mean_loss 0.3819, mean_acc 0.7944
train >>> fold 1/5, epoch: 7/100, patient 10/24, mean_loss 0.3783, mean_acc 0.7945
train >>> fold 1/5, epoch: 7/100, patient 11/24, mean_loss 0.3959, mean_acc 0.7938
train >>> fold 1/5, epoch: 7/100, patient 12/24, mean_loss 0.3885, mean_acc 0.7937
train >>> fold 1/5, epoch: 7/100, patient 13/24, mean_loss 0.3929, mean_acc 0.7936
train >>> fold 1/5, epoch: 7/100, patient 14/24, mean_loss 0.3946, mean_acc 0.7932
train >>> fold 1/5, epoch: 7/100, patient 15/24, mean_loss 0.4000, mean_acc 0.7930
train >>> fold 1/5, epoch: 7/100, patient 16/24, mean_loss 0.3957, mean_acc 0.7935
train >>> fold 1/5, epoch: 7/100, patient 17/24, mean_loss 0.4085, mean_acc 0.7936
train >>> fold 1/5, epoch: 7/100, patient 18/24, mean_loss 0.4039, mean_acc 0.7936
train >>> fold 1/5, epoch: 7/100, patient 19/24, mean_loss 0.4105, mean_acc 0.7928
train >>> fold 1/5, epoch: 7/100, patient 20/24, mean_loss 0.4088, mean_acc 0.7929
train >>> fold 1/5, epoch: 7/100, patient 21/24, mean_loss 0.4076, mean_acc 0.7934
train >>> fold 1/5, epoch: 7/100, patient 22/24, mean_loss 0.4085, mean_acc 0.7934
train >>> fold 1/5, epoch: 7/100, patient 23/24, mean_loss 0.4158, mean_acc 0.7929
train >>> fold 1/5, epoch: 7/100, patient 24/24, mean_loss 0.4189, mean_acc 0.7934
valid >>> epoch: 7/100, mean_loss: 0.5103, mean_acc: 0.7422
train >>> fold 1/5, epoch: 8/100, patient 1/24, mean_loss 0.4857, mean_acc 0.7931
train >>> fold 1/5, epoch: 8/100, patient 2/24, mean_loss 0.4396, mean_acc 0.7936
train >>> fold 1/5, epoch: 8/100, patient 3/24, mean_loss 0.4098, mean_acc 0.7937
train >>> fold 1/5, epoch: 8/100, patient 4/24, mean_loss 0.3970, mean_acc 0.7938
train >>> fold 1/5, epoch: 8/100, patient 5/24, mean_loss 0.3851, mean_acc 0.7945
train >>> fold 1/5, epoch: 8/100, patient 6/24, mean_loss 0.3678, mean_acc 0.7950
train >>> fold 1/5, epoch: 8/100, patient 7/24, mean_loss 0.3827, mean_acc 0.7945
train >>> fold 1/5, epoch: 8/100, patient 8/24, mean_loss 0.3810, mean_acc 0.7945
train >>> fold 1/5, epoch: 8/100, patient 9/24, mean_loss 0.3756, mean_acc 0.7945
train >>> fold 1/5, epoch: 8/100, patient 10/24, mean_loss 0.3858, mean_acc 0.7944
train >>> fold 1/5, epoch: 8/100, patient 11/24, mean_loss 0.3958, mean_acc 0.7937
train >>> fold 1/5, epoch: 8/100, patient 12/24, mean_loss 0.3917, mean_acc 0.7939
train >>> fold 1/5, epoch: 8/100, patient 13/24, mean_loss 0.4074, mean_acc 0.7939
train >>> fold 1/5, epoch: 8/100, patient 14/24, mean_loss 0.4092, mean_acc 0.7935
train >>> fold 1/5, epoch: 8/100, patient 15/24, mean_loss 0.4136, mean_acc 0.7935
train >>> fold 1/5, epoch: 8/100, patient 16/24, mean_loss 0.4091, mean_acc 0.7935
train >>> fold 1/5, epoch: 8/100, patient 17/24, mean_loss 0.4042, mean_acc 0.7935
train >>> fold 1/5, epoch: 8/100, patient 18/24, mean_loss 0.4007, mean_acc 0.7940
train >>> fold 1/5, epoch: 8/100, patient 19/24, mean_loss 0.3925, mean_acc 0.7945
train >>> fold 1/5, epoch: 8/100, patient 20/24, mean_loss 0.3862, mean_acc 0.7948
train >>> fold 1/5, epoch: 8/100, patient 21/24, mean_loss 0.3962, mean_acc 0.7942
train >>> fold 1/5, epoch: 8/100, patient 22/24, mean_loss 0.3984, mean_acc 0.7940
train >>> fold 1/5, epoch: 8/100, patient 23/24, mean_loss 0.4026, mean_acc 0.7940
train >>> fold 1/5, epoch: 8/100, patient 24/24, mean_loss 0.4068, mean_acc 0.7942
valid >>> epoch: 8/100, mean_loss: 0.5105, mean_acc: 0.7472
train >>> fold 1/5, epoch: 9/100, patient 1/24, mean_loss 0.3978, mean_acc 0.7944
train >>> fold 1/5, epoch: 9/100, patient 2/24, mean_loss 0.4642, mean_acc 0.7939
train >>> fold 1/5, epoch: 9/100, patient 3/24, mean_loss 0.4099, mean_acc 0.7943
train >>> fold 1/5, epoch: 9/100, patient 4/24, mean_loss 0.3888, mean_acc 0.7943
train >>> fold 1/5, epoch: 9/100, patient 5/24, mean_loss 0.4185, mean_acc 0.7937
train >>> fold 1/5, epoch: 9/100, patient 6/24, mean_loss 0.4013, mean_acc 0.7936
train >>> fold 1/5, epoch: 9/100, patient 7/24, mean_loss 0.4049, mean_acc 0.7940
train >>> fold 1/5, epoch: 9/100, patient 8/24, mean_loss 0.3969, mean_acc 0.7941
train >>> fold 1/5, epoch: 9/100, patient 9/24, mean_loss 0.4052, mean_acc 0.7939
train >>> fold 1/5, epoch: 9/100, patient 10/24, mean_loss 0.3898, mean_acc 0.7943
train >>> fold 1/5, epoch: 9/100, patient 11/24, mean_loss 0.3776, mean_acc 0.7946
train >>> fold 1/5, epoch: 9/100, patient 12/24, mean_loss 0.3751, mean_acc 0.7952
train >>> fold 1/5, epoch: 9/100, patient 13/24, mean_loss 0.3694, mean_acc 0.7951
train >>> fold 1/5, epoch: 9/100, patient 14/24, mean_loss 0.3624, mean_acc 0.7953
train >>> fold 1/5, epoch: 9/100, patient 15/24, mean_loss 0.3689, mean_acc 0.7952
train >>> fold 1/5, epoch: 9/100, patient 16/24, mean_loss 0.3811, mean_acc 0.7952
train >>> fold 1/5, epoch: 9/100, patient 17/24, mean_loss 0.3875, mean_acc 0.7948
train >>> fold 1/5, epoch: 9/100, patient 18/24, mean_loss 0.3908, mean_acc 0.7946
train >>> fold 1/5, epoch: 9/100, patient 19/24, mean_loss 0.3861, mean_acc 0.7947
train >>> fold 1/5, epoch: 9/100, patient 20/24, mean_loss 0.3809, mean_acc 0.7951
train >>> fold 1/5, epoch: 9/100, patient 21/24, mean_loss 0.3891, mean_acc 0.7952
train >>> fold 1/5, epoch: 9/100, patient 22/24, mean_loss 0.3961, mean_acc 0.7951
train >>> fold 1/5, epoch: 9/100, patient 23/24, mean_loss 0.3959, mean_acc 0.7951
train >>> fold 1/5, epoch: 9/100, patient 24/24, mean_loss 0.3964, mean_acc 0.7948
valid >>> epoch: 9/100, mean_loss: 0.5075, mean_acc: 0.7486
criteria decreased from 0.5096 to 0.5075, saving best model at D:\Data\cs-8395-dl\model\2020-03-22-13-45-24\2020-03-22-13-45-24_1_fold-resnet34_best.pt
train >>> fold 1/5, epoch: 10/100, patient 1/24, mean_loss 0.4605, mean_acc 0.7946
train >>> fold 1/5, epoch: 10/100, patient 2/24, mean_loss 0.3751, mean_acc 0.7947
train >>> fold 1/5, epoch: 10/100, patient 3/24, mean_loss 0.3868, mean_acc 0.7945
train >>> fold 1/5, epoch: 10/100, patient 4/24, mean_loss 0.3873, mean_acc 0.7945
train >>> fold 1/5, epoch: 10/100, patient 5/24, mean_loss 0.4047, mean_acc 0.7944
train >>> fold 1/5, epoch: 10/100, patient 6/24, mean_loss 0.4059, mean_acc 0.7941
train >>> fold 1/5, epoch: 10/100, patient 7/24, mean_loss 0.4150, mean_acc 0.7940
train >>> fold 1/5, epoch: 10/100, patient 8/24, mean_loss 0.4298, mean_acc 0.7939
train >>> fold 1/5, epoch: 10/100, patient 9/24, mean_loss 0.4314, mean_acc 0.7937
train >>> fold 1/5, epoch: 10/100, patient 10/24, mean_loss 0.4152, mean_acc 0.7941
train >>> fold 1/5, epoch: 10/100, patient 11/24, mean_loss 0.4047, mean_acc 0.7940
train >>> fold 1/5, epoch: 10/100, patient 12/24, mean_loss 0.3970, mean_acc 0.7944
train >>> fold 1/5, epoch: 10/100, patient 13/24, mean_loss 0.4168, mean_acc 0.7939
train >>> fold 1/5, epoch: 10/100, patient 14/24, mean_loss 0.4219, mean_acc 0.7939
train >>> fold 1/5, epoch: 10/100, patient 15/24, mean_loss 0.4150, mean_acc 0.7945
train >>> fold 1/5, epoch: 10/100, patient 16/24, mean_loss 0.4110, mean_acc 0.7945
train >>> fold 1/5, epoch: 10/100, patient 17/24, mean_loss 0.4121, mean_acc 0.7948
train >>> fold 1/5, epoch: 10/100, patient 18/24, mean_loss 0.4066, mean_acc 0.7948
train >>> fold 1/5, epoch: 10/100, patient 19/24, mean_loss 0.4174, mean_acc 0.7949
train >>> fold 1/5, epoch: 10/100, patient 20/24, mean_loss 0.4122, mean_acc 0.7951
train >>> fold 1/5, epoch: 10/100, patient 21/24, mean_loss 0.4055, mean_acc 0.7955
train >>> fold 1/5, epoch: 10/100, patient 22/24, mean_loss 0.4009, mean_acc 0.7956
train >>> fold 1/5, epoch: 10/100, patient 23/24, mean_loss 0.3949, mean_acc 0.7960
train >>> fold 1/5, epoch: 10/100, patient 24/24, mean_loss 0.4020, mean_acc 0.7954
valid >>> epoch: 10/100, mean_loss: 0.5124, mean_acc: 0.7477
train >>> fold 1/5, epoch: 11/100, patient 1/24, mean_loss 0.3945, mean_acc 0.7958
train >>> fold 1/5, epoch: 11/100, patient 2/24, mean_loss 0.4080, mean_acc 0.7957
train >>> fold 1/5, epoch: 11/100, patient 3/24, mean_loss 0.3811, mean_acc 0.7957
train >>> fold 1/5, epoch: 11/100, patient 4/24, mean_loss 0.3583, mean_acc 0.7961
train >>> fold 1/5, epoch: 11/100, patient 5/24, mean_loss 0.3499, mean_acc 0.7961
train >>> fold 1/5, epoch: 11/100, patient 6/24, mean_loss 0.3709, mean_acc 0.7958
train >>> fold 1/5, epoch: 11/100, patient 7/24, mean_loss 0.3620, mean_acc 0.7962
train >>> fold 1/5, epoch: 11/100, patient 8/24, mean_loss 0.3501, mean_acc 0.7965
train >>> fold 1/5, epoch: 11/100, patient 9/24, mean_loss 0.3638, mean_acc 0.7963
train >>> fold 1/5, epoch: 11/100, patient 10/24, mean_loss 0.3847, mean_acc 0.7963
train >>> fold 1/5, epoch: 11/100, patient 11/24, mean_loss 0.3799, mean_acc 0.7967
train >>> fold 1/5, epoch: 11/100, patient 12/24, mean_loss 0.3942, mean_acc 0.7962
train >>> fold 1/5, epoch: 11/100, patient 13/24, mean_loss 0.4032, mean_acc 0.7958
train >>> fold 1/5, epoch: 11/100, patient 14/24, mean_loss 0.4056, mean_acc 0.7956
train >>> fold 1/5, epoch: 11/100, patient 15/24, mean_loss 0.4062, mean_acc 0.7956
train >>> fold 1/5, epoch: 11/100, patient 16/24, mean_loss 0.4218, mean_acc 0.7956
train >>> fold 1/5, epoch: 11/100, patient 17/24, mean_loss 0.4141, mean_acc 0.7956
train >>> fold 1/5, epoch: 11/100, patient 18/24, mean_loss 0.4146, mean_acc 0.7953
train >>> fold 1/5, epoch: 11/100, patient 19/24, mean_loss 0.4222, mean_acc 0.7953
train >>> fold 1/5, epoch: 11/100, patient 20/24, mean_loss 0.4150, mean_acc 0.7953
train >>> fold 1/5, epoch: 11/100, patient 21/24, mean_loss 0.4103, mean_acc 0.7957
train >>> fold 1/5, epoch: 11/100, patient 22/24, mean_loss 0.4071, mean_acc 0.7957
train >>> fold 1/5, epoch: 11/100, patient 23/24, mean_loss 0.4076, mean_acc 0.7956
train >>> fold 1/5, epoch: 11/100, patient 24/24, mean_loss 0.4055, mean_acc 0.7960
valid >>> epoch: 11/100, mean_loss: 0.5106, mean_acc: 0.7477
train >>> fold 1/5, epoch: 12/100, patient 1/24, mean_loss 0.2373, mean_acc 0.7963
train >>> fold 1/5, epoch: 12/100, patient 2/24, mean_loss 0.3911, mean_acc 0.7963
train >>> fold 1/5, epoch: 12/100, patient 3/24, mean_loss 0.4237, mean_acc 0.7961
train >>> fold 1/5, epoch: 12/100, patient 4/24, mean_loss 0.4493, mean_acc 0.7957
train >>> fold 1/5, epoch: 12/100, patient 5/24, mean_loss 0.4200, mean_acc 0.7960
train >>> fold 1/5, epoch: 12/100, patient 6/24, mean_loss 0.4167, mean_acc 0.7961
train >>> fold 1/5, epoch: 12/100, patient 7/24, mean_loss 0.4329, mean_acc 0.7963
train >>> fold 1/5, epoch: 12/100, patient 8/24, mean_loss 0.4165, mean_acc 0.7966
train >>> fold 1/5, epoch: 12/100, patient 9/24, mean_loss 0.4224, mean_acc 0.7963
train >>> fold 1/5, epoch: 12/100, patient 10/24, mean_loss 0.4091, mean_acc 0.7964
train >>> fold 1/5, epoch: 12/100, patient 11/24, mean_loss 0.4047, mean_acc 0.7963
train >>> fold 1/5, epoch: 12/100, patient 12/24, mean_loss 0.3988, mean_acc 0.7963
train >>> fold 1/5, epoch: 12/100, patient 13/24, mean_loss 0.3909, mean_acc 0.7963
train >>> fold 1/5, epoch: 12/100, patient 14/24, mean_loss 0.3810, mean_acc 0.7966
train >>> fold 1/5, epoch: 12/100, patient 15/24, mean_loss 0.3865, mean_acc 0.7965
train >>> fold 1/5, epoch: 12/100, patient 16/24, mean_loss 0.3844, mean_acc 0.7969
train >>> fold 1/5, epoch: 12/100, patient 17/24, mean_loss 0.3873, mean_acc 0.7966
train >>> fold 1/5, epoch: 12/100, patient 18/24, mean_loss 0.3817, mean_acc 0.7970
train >>> fold 1/5, epoch: 12/100, patient 19/24, mean_loss 0.3844, mean_acc 0.7969
train >>> fold 1/5, epoch: 12/100, patient 20/24, mean_loss 0.3898, mean_acc 0.7966
train >>> fold 1/5, epoch: 12/100, patient 21/24, mean_loss 0.3967, mean_acc 0.7966
train >>> fold 1/5, epoch: 12/100, patient 22/24, mean_loss 0.3929, mean_acc 0.7967
train >>> fold 1/5, epoch: 12/100, patient 23/24, mean_loss 0.3875, mean_acc 0.7969
train >>> fold 1/5, epoch: 12/100, patient 24/24, mean_loss 0.3884, mean_acc 0.7972
valid >>> epoch: 12/100, mean_loss: 0.5119, mean_acc: 0.7471
train >>> fold 1/5, epoch: 13/100, patient 1/24, mean_loss 0.2377, mean_acc 0.7971
train >>> fold 1/5, epoch: 13/100, patient 2/24, mean_loss 0.3831, mean_acc 0.7970
train >>> fold 1/5, epoch: 13/100, patient 3/24, mean_loss 0.4676, mean_acc 0.7971
train >>> fold 1/5, epoch: 13/100, patient 4/24, mean_loss 0.4440, mean_acc 0.7971
train >>> fold 1/5, epoch: 13/100, patient 5/24, mean_loss 0.4119, mean_acc 0.7974
train >>> fold 1/5, epoch: 13/100, patient 6/24, mean_loss 0.3845, mean_acc 0.7976
train >>> fold 1/5, epoch: 13/100, patient 7/24, mean_loss 0.3629, mean_acc 0.7979
train >>> fold 1/5, epoch: 13/100, patient 8/24, mean_loss 0.3563, mean_acc 0.7979
train >>> fold 1/5, epoch: 13/100, patient 9/24, mean_loss 0.3524, mean_acc 0.7980
train >>> fold 1/5, epoch: 13/100, patient 10/24, mean_loss 0.3731, mean_acc 0.7977
train >>> fold 1/5, epoch: 13/100, patient 11/24, mean_loss 0.3829, mean_acc 0.7976
train >>> fold 1/5, epoch: 13/100, patient 12/24, mean_loss 0.3914, mean_acc 0.7974
train >>> fold 1/5, epoch: 13/100, patient 13/24, mean_loss 0.3908, mean_acc 0.7977
train >>> fold 1/5, epoch: 13/100, patient 14/24, mean_loss 0.3994, mean_acc 0.7973
train >>> fold 1/5, epoch: 13/100, patient 15/24, mean_loss 0.4010, mean_acc 0.7970
train >>> fold 1/5, epoch: 13/100, patient 16/24, mean_loss 0.3935, mean_acc 0.7971
train >>> fold 1/5, epoch: 13/100, patient 17/24, mean_loss 0.3929, mean_acc 0.7971
train >>> fold 1/5, epoch: 13/100, patient 18/24, mean_loss 0.4016, mean_acc 0.7971
train >>> fold 1/5, epoch: 13/100, patient 19/24, mean_loss 0.4038, mean_acc 0.7970
train >>> fold 1/5, epoch: 13/100, patient 20/24, mean_loss 0.4055, mean_acc 0.7971
train >>> fold 1/5, epoch: 13/100, patient 21/24, mean_loss 0.4005, mean_acc 0.7972
train >>> fold 1/5, epoch: 13/100, patient 22/24, mean_loss 0.3967, mean_acc 0.7976
train >>> fold 1/5, epoch: 13/100, patient 23/24, mean_loss 0.3912, mean_acc 0.7977
train >>> fold 1/5, epoch: 13/100, patient 24/24, mean_loss 0.3953, mean_acc 0.7975
valid >>> epoch: 13/100, mean_loss: 0.5124, mean_acc: 0.7466
train >>> fold 1/5, epoch: 14/100, patient 1/24, mean_loss 0.3773, mean_acc 0.7975
train >>> fold 1/5, epoch: 14/100, patient 2/24, mean_loss 0.4199, mean_acc 0.7973
train >>> fold 1/5, epoch: 14/100, patient 3/24, mean_loss 0.4565, mean_acc 0.7975
train >>> fold 1/5, epoch: 14/100, patient 4/24, mean_loss 0.4187, mean_acc 0.7978
train >>> fold 1/5, epoch: 14/100, patient 5/24, mean_loss 0.4538, mean_acc 0.7978
train >>> fold 1/5, epoch: 14/100, patient 6/24, mean_loss 0.4312, mean_acc 0.7978
train >>> fold 1/5, epoch: 14/100, patient 7/24, mean_loss 0.4286, mean_acc 0.7980
train >>> fold 1/5, epoch: 14/100, patient 8/24, mean_loss 0.4191, mean_acc 0.7980
train >>> fold 1/5, epoch: 14/100, patient 9/24, mean_loss 0.4036, mean_acc 0.7981
train >>> fold 1/5, epoch: 14/100, patient 10/24, mean_loss 0.3913, mean_acc 0.7983
train >>> fold 1/5, epoch: 14/100, patient 11/24, mean_loss 0.3879, mean_acc 0.7983
train >>> fold 1/5, epoch: 14/100, patient 12/24, mean_loss 0.3818, mean_acc 0.7985
train >>> fold 1/5, epoch: 14/100, patient 13/24, mean_loss 0.3930, mean_acc 0.7981
train >>> fold 1/5, epoch: 14/100, patient 14/24, mean_loss 0.4000, mean_acc 0.7978
train >>> fold 1/5, epoch: 14/100, patient 15/24, mean_loss 0.3931, mean_acc 0.7981
train >>> fold 1/5, epoch: 14/100, patient 16/24, mean_loss 0.3947, mean_acc 0.7985
train >>> fold 1/5, epoch: 14/100, patient 17/24, mean_loss 0.3858, mean_acc 0.7987
train >>> fold 1/5, epoch: 14/100, patient 18/24, mean_loss 0.3799, mean_acc 0.7987
train >>> fold 1/5, epoch: 14/100, patient 19/24, mean_loss 0.3750, mean_acc 0.7987
train >>> fold 1/5, epoch: 14/100, patient 20/24, mean_loss 0.3805, mean_acc 0.7985
train >>> fold 1/5, epoch: 14/100, patient 21/24, mean_loss 0.3829, mean_acc 0.7985
train >>> fold 1/5, epoch: 14/100, patient 22/24, mean_loss 0.3932, mean_acc 0.7985
train >>> fold 1/5, epoch: 14/100, patient 23/24, mean_loss 0.3934, mean_acc 0.7985
train >>> fold 1/5, epoch: 14/100, patient 24/24, mean_loss 0.3958, mean_acc 0.7983
valid >>> epoch: 14/100, mean_loss: 0.5105, mean_acc: 0.7474
train >>> fold 1/5, epoch: 15/100, patient 1/24, mean_loss 0.2419, mean_acc 0.7984
train >>> fold 1/5, epoch: 15/100, patient 2/24, mean_loss 0.3693, mean_acc 0.7983
train >>> fold 1/5, epoch: 15/100, patient 3/24, mean_loss 0.3532, mean_acc 0.7987
train >>> fold 1/5, epoch: 15/100, patient 4/24, mean_loss 0.3762, mean_acc 0.7986
train >>> fold 1/5, epoch: 15/100, patient 5/24, mean_loss 0.3545, mean_acc 0.7988
train >>> fold 1/5, epoch: 15/100, patient 6/24, mean_loss 0.3485, mean_acc 0.7988
train >>> fold 1/5, epoch: 15/100, patient 7/24, mean_loss 0.3650, mean_acc 0.7989
train >>> fold 1/5, epoch: 15/100, patient 8/24, mean_loss 0.3982, mean_acc 0.7989
train >>> fold 1/5, epoch: 15/100, patient 9/24, mean_loss 0.4118, mean_acc 0.7989
train >>> fold 1/5, epoch: 15/100, patient 10/24, mean_loss 0.3978, mean_acc 0.7990
train >>> fold 1/5, epoch: 15/100, patient 11/24, mean_loss 0.3937, mean_acc 0.7989
train >>> fold 1/5, epoch: 15/100, patient 12/24, mean_loss 0.3963, mean_acc 0.7988
train >>> fold 1/5, epoch: 15/100, patient 13/24, mean_loss 0.3920, mean_acc 0.7990
train >>> fold 1/5, epoch: 15/100, patient 14/24, mean_loss 0.3917, mean_acc 0.7989
train >>> fold 1/5, epoch: 15/100, patient 15/24, mean_loss 0.3968, mean_acc 0.7987
train >>> fold 1/5, epoch: 15/100, patient 16/24, mean_loss 0.4070, mean_acc 0.7988
train >>> fold 1/5, epoch: 15/100, patient 17/24, mean_loss 0.4108, mean_acc 0.7986
train >>> fold 1/5, epoch: 15/100, patient 18/24, mean_loss 0.4053, mean_acc 0.7989
train >>> fold 1/5, epoch: 15/100, patient 19/24, mean_loss 0.4032, mean_acc 0.7988
train >>> fold 1/5, epoch: 15/100, patient 20/24, mean_loss 0.3971, mean_acc 0.7989
train >>> fold 1/5, epoch: 15/100, patient 21/24, mean_loss 0.3918, mean_acc 0.7988
train >>> fold 1/5, epoch: 15/100, patient 22/24, mean_loss 0.3846, mean_acc 0.7991
train >>> fold 1/5, epoch: 15/100, patient 23/24, mean_loss 0.3796, mean_acc 0.7993
train >>> fold 1/5, epoch: 15/100, patient 24/24, mean_loss 0.3867, mean_acc 0.7989
valid >>> epoch: 15/100, mean_loss: 0.5133, mean_acc: 0.7470
train >>> fold 1/5, epoch: 16/100, patient 1/24, mean_loss 0.3130, mean_acc 0.7990
train >>> fold 1/5, epoch: 16/100, patient 2/24, mean_loss 0.3183, mean_acc 0.7992
train >>> fold 1/5, epoch: 16/100, patient 3/24, mean_loss 0.3792, mean_acc 0.7991
train >>> fold 1/5, epoch: 16/100, patient 4/24, mean_loss 0.3865, mean_acc 0.7991
train >>> fold 1/5, epoch: 16/100, patient 5/24, mean_loss 0.3646, mean_acc 0.7993
train >>> fold 1/5, epoch: 16/100, patient 6/24, mean_loss 0.3533, mean_acc 0.7993
train >>> fold 1/5, epoch: 16/100, patient 7/24, mean_loss 0.3936, mean_acc 0.7992
train >>> fold 1/5, epoch: 16/100, patient 8/24, mean_loss 0.3764, mean_acc 0.7993
train >>> fold 1/5, epoch: 16/100, patient 9/24, mean_loss 0.3787, mean_acc 0.7996
train >>> fold 1/5, epoch: 16/100, patient 10/24, mean_loss 0.3833, mean_acc 0.7995
train >>> fold 1/5, epoch: 16/100, patient 11/24, mean_loss 0.3725, mean_acc 0.7997
train >>> fold 1/5, epoch: 16/100, patient 12/24, mean_loss 0.3863, mean_acc 0.7994
train >>> fold 1/5, epoch: 16/100, patient 13/24, mean_loss 0.3775, mean_acc 0.7995
train >>> fold 1/5, epoch: 16/100, patient 14/24, mean_loss 0.3696, mean_acc 0.7997
train >>> fold 1/5, epoch: 16/100, patient 15/24, mean_loss 0.3634, mean_acc 0.7997
train >>> fold 1/5, epoch: 16/100, patient 16/24, mean_loss 0.3624, mean_acc 0.7997
train >>> fold 1/5, epoch: 16/100, patient 17/24, mean_loss 0.3684, mean_acc 0.7994
train >>> fold 1/5, epoch: 16/100, patient 18/24, mean_loss 0.3689, mean_acc 0.7994
train >>> fold 1/5, epoch: 16/100, patient 19/24, mean_loss 0.3722, mean_acc 0.7993
train >>> fold 1/5, epoch: 16/100, patient 20/24, mean_loss 0.3777, mean_acc 0.7993
train >>> fold 1/5, epoch: 16/100, patient 21/24, mean_loss 0.3898, mean_acc 0.7993
train >>> fold 1/5, epoch: 16/100, patient 22/24, mean_loss 0.3917, mean_acc 0.7992
train >>> fold 1/5, epoch: 16/100, patient 23/24, mean_loss 0.3941, mean_acc 0.7991
train >>> fold 1/5, epoch: 16/100, patient 24/24, mean_loss 0.3894, mean_acc 0.7993
valid >>> epoch: 16/100, mean_loss: 0.5112, mean_acc: 0.7482
train >>> fold 1/5, epoch: 17/100, patient 1/24, mean_loss 0.4208, mean_acc 0.7993
train >>> fold 1/5, epoch: 17/100, patient 2/24, mean_loss 0.3845, mean_acc 0.7992
train >>> fold 1/5, epoch: 17/100, patient 3/24, mean_loss 0.3438, mean_acc 0.7994
train >>> fold 1/5, epoch: 17/100, patient 4/24, mean_loss 0.3308, mean_acc 0.7996
train >>> fold 1/5, epoch: 17/100, patient 5/24, mean_loss 0.3541, mean_acc 0.7998
train >>> fold 1/5, epoch: 17/100, patient 6/24, mean_loss 0.3710, mean_acc 0.7996
train >>> fold 1/5, epoch: 17/100, patient 7/24, mean_loss 0.3578, mean_acc 0.7996
train >>> fold 1/5, epoch: 17/100, patient 8/24, mean_loss 0.3470, mean_acc 0.7998
train >>> fold 1/5, epoch: 17/100, patient 9/24, mean_loss 0.3510, mean_acc 0.8001
train >>> fold 1/5, epoch: 17/100, patient 10/24, mean_loss 0.3432, mean_acc 0.8001
train >>> fold 1/5, epoch: 17/100, patient 11/24, mean_loss 0.3343, mean_acc 0.8002
train >>> fold 1/5, epoch: 17/100, patient 12/24, mean_loss 0.3549, mean_acc 0.8003
train >>> fold 1/5, epoch: 17/100, patient 13/24, mean_loss 0.3639, mean_acc 0.8001
train >>> fold 1/5, epoch: 17/100, patient 14/24, mean_loss 0.3791, mean_acc 0.8001
train >>> fold 1/5, epoch: 17/100, patient 15/24, mean_loss 0.3847, mean_acc 0.8000
train >>> fold 1/5, epoch: 17/100, patient 16/24, mean_loss 0.3869, mean_acc 0.7998
train >>> fold 1/5, epoch: 17/100, patient 17/24, mean_loss 0.3786, mean_acc 0.8000
train >>> fold 1/5, epoch: 17/100, patient 18/24, mean_loss 0.3851, mean_acc 0.7999
train >>> fold 1/5, epoch: 17/100, patient 19/24, mean_loss 0.3802, mean_acc 0.8000
train >>> fold 1/5, epoch: 17/100, patient 20/24, mean_loss 0.3779, mean_acc 0.8000
train >>> fold 1/5, epoch: 17/100, patient 21/24, mean_loss 0.3735, mean_acc 0.8001
train >>> fold 1/5, epoch: 17/100, patient 22/24, mean_loss 0.3774, mean_acc 0.7998
train >>> fold 1/5, epoch: 17/100, patient 23/24, mean_loss 0.3817, mean_acc 0.7998
train >>> fold 1/5, epoch: 17/100, patient 24/24, mean_loss 0.3809, mean_acc 0.7999
valid >>> epoch: 17/100, mean_loss: 0.5093, mean_acc: 0.7500
train >>> fold 1/5, epoch: 18/100, patient 1/24, mean_loss 0.2919, mean_acc 0.8001
train >>> fold 1/5, epoch: 18/100, patient 2/24, mean_loss 0.2861, mean_acc 0.8002
train >>> fold 1/5, epoch: 18/100, patient 3/24, mean_loss 0.3832, mean_acc 0.8001
train >>> fold 1/5, epoch: 18/100, patient 4/24, mean_loss 0.3590, mean_acc 0.8002
train >>> fold 1/5, epoch: 18/100, patient 5/24, mean_loss 0.3377, mean_acc 0.8004
train >>> fold 1/5, epoch: 18/100, patient 6/24, mean_loss 0.3391, mean_acc 0.8003
train >>> fold 1/5, epoch: 18/100, patient 7/24, mean_loss 0.3436, mean_acc 0.8006
train >>> fold 1/5, epoch: 18/100, patient 8/24, mean_loss 0.3382, mean_acc 0.8007
train >>> fold 1/5, epoch: 18/100, patient 9/24, mean_loss 0.3338, mean_acc 0.8008
train >>> fold 1/5, epoch: 18/100, patient 10/24, mean_loss 0.3575, mean_acc 0.8009
train >>> fold 1/5, epoch: 18/100, patient 11/24, mean_loss 0.3673, mean_acc 0.8007
train >>> fold 1/5, epoch: 18/100, patient 12/24, mean_loss 0.3599, mean_acc 0.8008
train >>> fold 1/5, epoch: 18/100, patient 13/24, mean_loss 0.3675, mean_acc 0.8007
train >>> fold 1/5, epoch: 18/100, patient 14/24, mean_loss 0.3587, mean_acc 0.8009
train >>> fold 1/5, epoch: 18/100, patient 15/24, mean_loss 0.3652, mean_acc 0.8008
train >>> fold 1/5, epoch: 18/100, patient 16/24, mean_loss 0.3700, mean_acc 0.8007
train >>> fold 1/5, epoch: 18/100, patient 17/24, mean_loss 0.3700, mean_acc 0.8007
train >>> fold 1/5, epoch: 18/100, patient 18/24, mean_loss 0.3667, mean_acc 0.8009
train >>> fold 1/5, epoch: 18/100, patient 19/24, mean_loss 0.3613, mean_acc 0.8010
train >>> fold 1/5, epoch: 18/100, patient 20/24, mean_loss 0.3677, mean_acc 0.8010
train >>> fold 1/5, epoch: 18/100, patient 21/24, mean_loss 0.3676, mean_acc 0.8010
train >>> fold 1/5, epoch: 18/100, patient 22/24, mean_loss 0.3706, mean_acc 0.8010
train >>> fold 1/5, epoch: 18/100, patient 23/24, mean_loss 0.3752, mean_acc 0.8011
train >>> fold 1/5, epoch: 18/100, patient 24/24, mean_loss 0.3810, mean_acc 0.8008
valid >>> epoch: 18/100, mean_loss: 0.5079, mean_acc: 0.7510
train >>> fold 1/5, epoch: 19/100, patient 1/24, mean_loss 0.4824, mean_acc 0.8009
train >>> fold 1/5, epoch: 19/100, patient 2/24, mean_loss 0.4235, mean_acc 0.8012
train >>> fold 1/5, epoch: 19/100, patient 3/24, mean_loss 0.4152, mean_acc 0.8012
train >>> fold 1/5, epoch: 19/100, patient 4/24, mean_loss 0.4314, mean_acc 0.8010
train >>> fold 1/5, epoch: 19/100, patient 5/24, mean_loss 0.4462, mean_acc 0.8009
train >>> fold 1/5, epoch: 19/100, patient 6/24, mean_loss 0.4187, mean_acc 0.8012
train >>> fold 1/5, epoch: 19/100, patient 7/24, mean_loss 0.4289, mean_acc 0.8010
train >>> fold 1/5, epoch: 19/100, patient 8/24, mean_loss 0.4148, mean_acc 0.8011
train >>> fold 1/5, epoch: 19/100, patient 9/24, mean_loss 0.3976, mean_acc 0.8011
train >>> fold 1/5, epoch: 19/100, patient 10/24, mean_loss 0.3821, mean_acc 0.8012
train >>> fold 1/5, epoch: 19/100, patient 11/24, mean_loss 0.3878, mean_acc 0.8010
train >>> fold 1/5, epoch: 19/100, patient 12/24, mean_loss 0.3852, mean_acc 0.8010
train >>> fold 1/5, epoch: 19/100, patient 13/24, mean_loss 0.3758, mean_acc 0.8011
train >>> fold 1/5, epoch: 19/100, patient 14/24, mean_loss 0.3799, mean_acc 0.8010
train >>> fold 1/5, epoch: 19/100, patient 15/24, mean_loss 0.3842, mean_acc 0.8008
train >>> fold 1/5, epoch: 19/100, patient 16/24, mean_loss 0.3957, mean_acc 0.8009
train >>> fold 1/5, epoch: 19/100, patient 17/24, mean_loss 0.3902, mean_acc 0.8011
train >>> fold 1/5, epoch: 19/100, patient 18/24, mean_loss 0.3821, mean_acc 0.8013
train >>> fold 1/5, epoch: 19/100, patient 19/24, mean_loss 0.3872, mean_acc 0.8014
train >>> fold 1/5, epoch: 19/100, patient 20/24, mean_loss 0.3919, mean_acc 0.8014
train >>> fold 1/5, epoch: 19/100, patient 21/24, mean_loss 0.3855, mean_acc 0.8016
train >>> fold 1/5, epoch: 19/100, patient 22/24, mean_loss 0.3802, mean_acc 0.8017
train >>> fold 1/5, epoch: 19/100, patient 23/24, mean_loss 0.3811, mean_acc 0.8017
train >>> fold 1/5, epoch: 19/100, patient 24/24, mean_loss 0.3774, mean_acc 0.8019
valid >>> epoch: 19/100, mean_loss: 0.5089, mean_acc: 0.7510
train >>> fold 1/5, epoch: 20/100, patient 1/24, mean_loss 0.5129, mean_acc 0.8018
train >>> fold 1/5, epoch: 20/100, patient 2/24, mean_loss 0.4187, mean_acc 0.8020
train >>> fold 1/5, epoch: 20/100, patient 3/24, mean_loss 0.4495, mean_acc 0.8020
train >>> fold 1/5, epoch: 20/100, patient 4/24, mean_loss 0.4537, mean_acc 0.8020
train >>> fold 1/5, epoch: 20/100, patient 5/24, mean_loss 0.4502, mean_acc 0.8021
train >>> fold 1/5, epoch: 20/100, patient 6/24, mean_loss 0.4267, mean_acc 0.8021
train >>> fold 1/5, epoch: 20/100, patient 7/24, mean_loss 0.4044, mean_acc 0.8023
train >>> fold 1/5, epoch: 20/100, patient 8/24, mean_loss 0.4148, mean_acc 0.8020
train >>> fold 1/5, epoch: 20/100, patient 9/24, mean_loss 0.4154, mean_acc 0.8019
train >>> fold 1/5, epoch: 20/100, patient 10/24, mean_loss 0.4246, mean_acc 0.8017
train >>> fold 1/5, epoch: 20/100, patient 11/24, mean_loss 0.4187, mean_acc 0.8019
train >>> fold 1/5, epoch: 20/100, patient 12/24, mean_loss 0.4063, mean_acc 0.8021
train >>> fold 1/5, epoch: 20/100, patient 13/24, mean_loss 0.3986, mean_acc 0.8024
train >>> fold 1/5, epoch: 20/100, patient 14/24, mean_loss 0.4021, mean_acc 0.8022
train >>> fold 1/5, epoch: 20/100, patient 15/24, mean_loss 0.4070, mean_acc 0.8021
train >>> fold 1/5, epoch: 20/100, patient 16/24, mean_loss 0.3982, mean_acc 0.8023
train >>> fold 1/5, epoch: 20/100, patient 17/24, mean_loss 0.3945, mean_acc 0.8024
train >>> fold 1/5, epoch: 20/100, patient 18/24, mean_loss 0.3884, mean_acc 0.8024
train >>> fold 1/5, epoch: 20/100, patient 19/24, mean_loss 0.3817, mean_acc 0.8026
train >>> fold 1/5, epoch: 20/100, patient 20/24, mean_loss 0.3848, mean_acc 0.8024
train >>> fold 1/5, epoch: 20/100, patient 21/24, mean_loss 0.3826, mean_acc 0.8024
train >>> fold 1/5, epoch: 20/100, patient 22/24, mean_loss 0.3840, mean_acc 0.8023
train >>> fold 1/5, epoch: 20/100, patient 23/24, mean_loss 0.3857, mean_acc 0.8023
train >>> fold 1/5, epoch: 20/100, patient 24/24, mean_loss 0.3820, mean_acc 0.8024
valid >>> epoch: 20/100, mean_loss: 0.5073, mean_acc: 0.7525
criteria decreased from 0.5075 to 0.5073, saving best model at D:\Data\cs-8395-dl\model\2020-03-22-13-45-24\2020-03-22-13-45-24_1_fold-resnet34_best.pt
train >>> fold 1/5, epoch: 21/100, patient 1/24, mean_loss 0.4960, mean_acc 0.8022
train >>> fold 1/5, epoch: 21/100, patient 2/24, mean_loss 0.3702, mean_acc 0.8023
train >>> fold 1/5, epoch: 21/100, patient 3/24, mean_loss 0.3989, mean_acc 0.8022
train >>> fold 1/5, epoch: 21/100, patient 4/24, mean_loss 0.4131, mean_acc 0.8020
train >>> fold 1/5, epoch: 21/100, patient 5/24, mean_loss 0.4178, mean_acc 0.8019
train >>> fold 1/5, epoch: 21/100, patient 6/24, mean_loss 0.4360, mean_acc 0.8018
train >>> fold 1/5, epoch: 21/100, patient 7/24, mean_loss 0.4176, mean_acc 0.8020
train >>> fold 1/5, epoch: 21/100, patient 8/24, mean_loss 0.4111, mean_acc 0.8021
train >>> fold 1/5, epoch: 21/100, patient 9/24, mean_loss 0.4317, mean_acc 0.8020
train >>> fold 1/5, epoch: 21/100, patient 10/24, mean_loss 0.4114, mean_acc 0.8022
train >>> fold 1/5, epoch: 21/100, patient 11/24, mean_loss 0.4080, mean_acc 0.8021
train >>> fold 1/5, epoch: 21/100, patient 12/24, mean_loss 0.4020, mean_acc 0.8024
train >>> fold 1/5, epoch: 21/100, patient 13/24, mean_loss 0.4102, mean_acc 0.8024
train >>> fold 1/5, epoch: 21/100, patient 14/24, mean_loss 0.4093, mean_acc 0.8023
train >>> fold 1/5, epoch: 21/100, patient 15/24, mean_loss 0.4181, mean_acc 0.8024
train >>> fold 1/5, epoch: 21/100, patient 16/24, mean_loss 0.4144, mean_acc 0.8024
train >>> fold 1/5, epoch: 21/100, patient 17/24, mean_loss 0.4051, mean_acc 0.8026
train >>> fold 1/5, epoch: 21/100, patient 18/24, mean_loss 0.3983, mean_acc 0.8027
train >>> fold 1/5, epoch: 21/100, patient 19/24, mean_loss 0.3914, mean_acc 0.8028
train >>> fold 1/5, epoch: 21/100, patient 20/24, mean_loss 0.3835, mean_acc 0.8030
train >>> fold 1/5, epoch: 21/100, patient 21/24, mean_loss 0.3874, mean_acc 0.8029
train >>> fold 1/5, epoch: 21/100, patient 22/24, mean_loss 0.3822, mean_acc 0.8029
train >>> fold 1/5, epoch: 21/100, patient 23/24, mean_loss 0.3790, mean_acc 0.8029
train >>> fold 1/5, epoch: 21/100, patient 24/24, mean_loss 0.3740, mean_acc 0.8031
valid >>> epoch: 21/100, mean_loss: 0.5063, mean_acc: 0.7532
criteria decreased from 0.5073 to 0.5063, saving best model at D:\Data\cs-8395-dl\model\2020-03-22-13-45-24\2020-03-22-13-45-24_1_fold-resnet34_best.pt
train >>> fold 1/5, epoch: 22/100, patient 1/24, mean_loss 0.2890, mean_acc 0.8031
train >>> fold 1/5, epoch: 22/100, patient 2/24, mean_loss 0.3065, mean_acc 0.8033
train >>> fold 1/5, epoch: 22/100, patient 3/24, mean_loss 0.2917, mean_acc 0.8033
train >>> fold 1/5, epoch: 22/100, patient 4/24, mean_loss 0.2726, mean_acc 0.8034
train >>> fold 1/5, epoch: 22/100, patient 5/24, mean_loss 0.3176, mean_acc 0.8033
train >>> fold 1/5, epoch: 22/100, patient 6/24, mean_loss 0.3323, mean_acc 0.8032
train >>> fold 1/5, epoch: 22/100, patient 7/24, mean_loss 0.3656, mean_acc 0.8032
train >>> fold 1/5, epoch: 22/100, patient 8/24, mean_loss 0.3640, mean_acc 0.8035
train >>> fold 1/5, epoch: 22/100, patient 9/24, mean_loss 0.3740, mean_acc 0.8032
train >>> fold 1/5, epoch: 22/100, patient 10/24, mean_loss 0.3907, mean_acc 0.8032
train >>> fold 1/5, epoch: 22/100, patient 11/24, mean_loss 0.3813, mean_acc 0.8033
train >>> fold 1/5, epoch: 22/100, patient 12/24, mean_loss 0.3774, mean_acc 0.8032
train >>> fold 1/5, epoch: 22/100, patient 13/24, mean_loss 0.3687, mean_acc 0.8034
train >>> fold 1/5, epoch: 22/100, patient 14/24, mean_loss 0.3805, mean_acc 0.8034
train >>> fold 1/5, epoch: 22/100, patient 15/24, mean_loss 0.3722, mean_acc 0.8035
train >>> fold 1/5, epoch: 22/100, patient 16/24, mean_loss 0.3760, mean_acc 0.8034
train >>> fold 1/5, epoch: 22/100, patient 17/24, mean_loss 0.3686, mean_acc 0.8035
train >>> fold 1/5, epoch: 22/100, patient 18/24, mean_loss 0.3706, mean_acc 0.8035
train >>> fold 1/5, epoch: 22/100, patient 19/24, mean_loss 0.3759, mean_acc 0.8036
train >>> fold 1/5, epoch: 22/100, patient 20/24, mean_loss 0.3695, mean_acc 0.8037
train >>> fold 1/5, epoch: 22/100, patient 21/24, mean_loss 0.3789, mean_acc 0.8035
train >>> fold 1/5, epoch: 22/100, patient 22/24, mean_loss 0.3796, mean_acc 0.8034
train >>> fold 1/5, epoch: 22/100, patient 23/24, mean_loss 0.3832, mean_acc 0.8033
train >>> fold 1/5, epoch: 22/100, patient 24/24, mean_loss 0.3813, mean_acc 0.8035
valid >>> epoch: 22/100, mean_loss: 0.5050, mean_acc: 0.7545
criteria decreased from 0.5063 to 0.5050, saving best model at D:\Data\cs-8395-dl\model\2020-03-22-13-45-24\2020-03-22-13-45-24_1_fold-resnet34_best.pt
train >>> fold 1/5, epoch: 23/100, patient 1/24, mean_loss 0.2552, mean_acc 0.8037
train >>> fold 1/5, epoch: 23/100, patient 2/24, mean_loss 0.2279, mean_acc 0.8039
train >>> fold 1/5, epoch: 23/100, patient 3/24, mean_loss 0.3075, mean_acc 0.8038
train >>> fold 1/5, epoch: 23/100, patient 4/24, mean_loss 0.3352, mean_acc 0.8036
train >>> fold 1/5, epoch: 23/100, patient 5/24, mean_loss 0.3230, mean_acc 0.8037
train >>> fold 1/5, epoch: 23/100, patient 6/24, mean_loss 0.3480, mean_acc 0.8036
train >>> fold 1/5, epoch: 23/100, patient 7/24, mean_loss 0.3529, mean_acc 0.8036
train >>> fold 1/5, epoch: 23/100, patient 8/24, mean_loss 0.3679, mean_acc 0.8035
train >>> fold 1/5, epoch: 23/100, patient 9/24, mean_loss 0.3781, mean_acc 0.8035
train >>> fold 1/5, epoch: 23/100, patient 10/24, mean_loss 0.3859, mean_acc 0.8037
train >>> fold 1/5, epoch: 23/100, patient 11/24, mean_loss 0.3703, mean_acc 0.8038
train >>> fold 1/5, epoch: 23/100, patient 12/24, mean_loss 0.3628, mean_acc 0.8038
train >>> fold 1/5, epoch: 23/100, patient 13/24, mean_loss 0.3517, mean_acc 0.8039
train >>> fold 1/5, epoch: 23/100, patient 14/24, mean_loss 0.3441, mean_acc 0.8040
train >>> fold 1/5, epoch: 23/100, patient 15/24, mean_loss 0.3637, mean_acc 0.8040
train >>> fold 1/5, epoch: 23/100, patient 16/24, mean_loss 0.3588, mean_acc 0.8041
train >>> fold 1/5, epoch: 23/100, patient 17/24, mean_loss 0.3645, mean_acc 0.8040
train >>> fold 1/5, epoch: 23/100, patient 18/24, mean_loss 0.3687, mean_acc 0.8039
train >>> fold 1/5, epoch: 23/100, patient 19/24, mean_loss 0.3748, mean_acc 0.8039
train >>> fold 1/5, epoch: 23/100, patient 20/24, mean_loss 0.3867, mean_acc 0.8039
train >>> fold 1/5, epoch: 23/100, patient 21/24, mean_loss 0.3830, mean_acc 0.8040
train >>> fold 1/5, epoch: 23/100, patient 22/24, mean_loss 0.3805, mean_acc 0.8040
train >>> fold 1/5, epoch: 23/100, patient 23/24, mean_loss 0.3752, mean_acc 0.8041
train >>> fold 1/5, epoch: 23/100, patient 24/24, mean_loss 0.3781, mean_acc 0.8041
valid >>> epoch: 23/100, mean_loss: 0.5052, mean_acc: 0.7548
train >>> fold 1/5, epoch: 24/100, patient 1/24, mean_loss 0.5160, mean_acc 0.8041
train >>> fold 1/5, epoch: 24/100, patient 2/24, mean_loss 0.4926, mean_acc 0.8040
train >>> fold 1/5, epoch: 24/100, patient 3/24, mean_loss 0.4419, mean_acc 0.8040
train >>> fold 1/5, epoch: 24/100, patient 4/24, mean_loss 0.4738, mean_acc 0.8041
train >>> fold 1/5, epoch: 24/100, patient 5/24, mean_loss 0.4373, mean_acc 0.8041
train >>> fold 1/5, epoch: 24/100, patient 6/24, mean_loss 0.4334, mean_acc 0.8040
train >>> fold 1/5, epoch: 24/100, patient 7/24, mean_loss 0.4419, mean_acc 0.8040
train >>> fold 1/5, epoch: 24/100, patient 8/24, mean_loss 0.4279, mean_acc 0.8042
train >>> fold 1/5, epoch: 24/100, patient 9/24, mean_loss 0.4157, mean_acc 0.8042
train >>> fold 1/5, epoch: 24/100, patient 10/24, mean_loss 0.4227, mean_acc 0.8041
train >>> fold 1/5, epoch: 24/100, patient 11/24, mean_loss 0.4187, mean_acc 0.8041
train >>> fold 1/5, epoch: 24/100, patient 12/24, mean_loss 0.4207, mean_acc 0.8040
train >>> fold 1/5, epoch: 24/100, patient 13/24, mean_loss 0.4087, mean_acc 0.8042
train >>> fold 1/5, epoch: 24/100, patient 14/24, mean_loss 0.3984, mean_acc 0.8043
train >>> fold 1/5, epoch: 24/100, patient 15/24, mean_loss 0.3904, mean_acc 0.8045
train >>> fold 1/5, epoch: 24/100, patient 16/24, mean_loss 0.3823, mean_acc 0.8045
train >>> fold 1/5, epoch: 24/100, patient 17/24, mean_loss 0.3854, mean_acc 0.8044
train >>> fold 1/5, epoch: 24/100, patient 18/24, mean_loss 0.3772, mean_acc 0.8044
train >>> fold 1/5, epoch: 24/100, patient 19/24, mean_loss 0.3861, mean_acc 0.8043
train >>> fold 1/5, epoch: 24/100, patient 20/24, mean_loss 0.3905, mean_acc 0.8042
train >>> fold 1/5, epoch: 24/100, patient 21/24, mean_loss 0.3928, mean_acc 0.8042
train >>> fold 1/5, epoch: 24/100, patient 22/24, mean_loss 0.3865, mean_acc 0.8043
train >>> fold 1/5, epoch: 24/100, patient 23/24, mean_loss 0.3819, mean_acc 0.8044
train >>> fold 1/5, epoch: 24/100, patient 24/24, mean_loss 0.3756, mean_acc 0.8046
valid >>> epoch: 24/100, mean_loss: 0.5064, mean_acc: 0.7547
train >>> fold 1/5, epoch: 25/100, patient 1/24, mean_loss 0.1888, mean_acc 0.8046
train >>> fold 1/5, epoch: 25/100, patient 2/24, mean_loss 0.2234, mean_acc 0.8047
train >>> fold 1/5, epoch: 25/100, patient 3/24, mean_loss 0.3704, mean_acc 0.8047
train >>> fold 1/5, epoch: 25/100, patient 4/24, mean_loss 0.3471, mean_acc 0.8049
train >>> fold 1/5, epoch: 25/100, patient 5/24, mean_loss 0.3599, mean_acc 0.8049
train >>> fold 1/5, epoch: 25/100, patient 6/24, mean_loss 0.3719, mean_acc 0.8047
train >>> fold 1/5, epoch: 25/100, patient 7/24, mean_loss 0.3822, mean_acc 0.8046
train >>> fold 1/5, epoch: 25/100, patient 8/24, mean_loss 0.3697, mean_acc 0.8048
train >>> fold 1/5, epoch: 25/100, patient 9/24, mean_loss 0.3911, mean_acc 0.8047
train >>> fold 1/5, epoch: 25/100, patient 10/24, mean_loss 0.3984, mean_acc 0.8046
train >>> fold 1/5, epoch: 25/100, patient 11/24, mean_loss 0.3842, mean_acc 0.8048
train >>> fold 1/5, epoch: 25/100, patient 12/24, mean_loss 0.3968, mean_acc 0.8048
train >>> fold 1/5, epoch: 25/100, patient 13/24, mean_loss 0.3939, mean_acc 0.8048
train >>> fold 1/5, epoch: 25/100, patient 14/24, mean_loss 0.3908, mean_acc 0.8049
train >>> fold 1/5, epoch: 25/100, patient 15/24, mean_loss 0.3895, mean_acc 0.8049
train >>> fold 1/5, epoch: 25/100, patient 16/24, mean_loss 0.3928, mean_acc 0.8048
train >>> fold 1/5, epoch: 25/100, patient 17/24, mean_loss 0.3985, mean_acc 0.8046
train >>> fold 1/5, epoch: 25/100, patient 18/24, mean_loss 0.3949, mean_acc 0.8047
train >>> fold 1/5, epoch: 25/100, patient 19/24, mean_loss 0.3891, mean_acc 0.8048
train >>> fold 1/5, epoch: 25/100, patient 20/24, mean_loss 0.3841, mean_acc 0.8051
train >>> fold 1/5, epoch: 25/100, patient 21/24, mean_loss 0.3956, mean_acc 0.8050
train >>> fold 1/5, epoch: 25/100, patient 22/24, mean_loss 0.3894, mean_acc 0.8051
train >>> fold 1/5, epoch: 25/100, patient 23/24, mean_loss 0.3862, mean_acc 0.8052
train >>> fold 1/5, epoch: 25/100, patient 24/24, mean_loss 0.3810, mean_acc 0.8052
valid >>> epoch: 25/100, mean_loss: 0.5055, mean_acc: 0.7555
train >>> fold 1/5, epoch: 26/100, patient 1/24, mean_loss 0.3304, mean_acc 0.8054
train >>> fold 1/5, epoch: 26/100, patient 2/24, mean_loss 0.4165, mean_acc 0.8054
train >>> fold 1/5, epoch: 26/100, patient 3/24, mean_loss 0.4448, mean_acc 0.8054
train >>> fold 1/5, epoch: 26/100, patient 4/24, mean_loss 0.4256, mean_acc 0.8055
train >>> fold 1/5, epoch: 26/100, patient 5/24, mean_loss 0.4280, mean_acc 0.8054
train >>> fold 1/5, epoch: 26/100, patient 6/24, mean_loss 0.4369, mean_acc 0.8054
train >>> fold 1/5, epoch: 26/100, patient 7/24, mean_loss 0.4325, mean_acc 0.8053
train >>> fold 1/5, epoch: 26/100, patient 8/24, mean_loss 0.4115, mean_acc 0.8055
train >>> fold 1/5, epoch: 26/100, patient 9/24, mean_loss 0.4046, mean_acc 0.8054
train >>> fold 1/5, epoch: 26/100, patient 10/24, mean_loss 0.4163, mean_acc 0.8052
train >>> fold 1/5, epoch: 26/100, patient 11/24, mean_loss 0.4024, mean_acc 0.8054
train >>> fold 1/5, epoch: 26/100, patient 12/24, mean_loss 0.4068, mean_acc 0.8053
train >>> fold 1/5, epoch: 26/100, patient 13/24, mean_loss 0.4046, mean_acc 0.8053
train >>> fold 1/5, epoch: 26/100, patient 14/24, mean_loss 0.3984, mean_acc 0.8054
train >>> fold 1/5, epoch: 26/100, patient 15/24, mean_loss 0.3875, mean_acc 0.8055
train >>> fold 1/5, epoch: 26/100, patient 16/24, mean_loss 0.3788, mean_acc 0.8056
train >>> fold 1/5, epoch: 26/100, patient 17/24, mean_loss 0.3726, mean_acc 0.8056
train >>> fold 1/5, epoch: 26/100, patient 18/24, mean_loss 0.3694, mean_acc 0.8056
train >>> fold 1/5, epoch: 26/100, patient 19/24, mean_loss 0.3780, mean_acc 0.8054
train >>> fold 1/5, epoch: 26/100, patient 20/24, mean_loss 0.3721, mean_acc 0.8055
train >>> fold 1/5, epoch: 26/100, patient 21/24, mean_loss 0.3668, mean_acc 0.8056
train >>> fold 1/5, epoch: 26/100, patient 22/24, mean_loss 0.3711, mean_acc 0.8056
train >>> fold 1/5, epoch: 26/100, patient 23/24, mean_loss 0.3661, mean_acc 0.8056
train >>> fold 1/5, epoch: 26/100, patient 24/24, mean_loss 0.3700, mean_acc 0.8055
valid >>> epoch: 26/100, mean_loss: 0.5062, mean_acc: 0.7556
train >>> fold 1/5, epoch: 27/100, patient 1/24, mean_loss 0.2269, mean_acc 0.8055
train >>> fold 1/5, epoch: 27/100, patient 2/24, mean_loss 0.2637, mean_acc 0.8057
train >>> fold 1/5, epoch: 27/100, patient 3/24, mean_loss 0.3620, mean_acc 0.8056
train >>> fold 1/5, epoch: 27/100, patient 4/24, mean_loss 0.3381, mean_acc 0.8058
train >>> fold 1/5, epoch: 27/100, patient 5/24, mean_loss 0.3157, mean_acc 0.8060
train >>> fold 1/5, epoch: 27/100, patient 6/24, mean_loss 0.3200, mean_acc 0.8059
train >>> fold 1/5, epoch: 27/100, patient 7/24, mean_loss 0.3528, mean_acc 0.8057
train >>> fold 1/5, epoch: 27/100, patient 8/24, mean_loss 0.3511, mean_acc 0.8058
train >>> fold 1/5, epoch: 27/100, patient 9/24, mean_loss 0.3411, mean_acc 0.8058
train >>> fold 1/5, epoch: 27/100, patient 10/24, mean_loss 0.3478, mean_acc 0.8057
train >>> fold 1/5, epoch: 27/100, patient 11/24, mean_loss 0.3499, mean_acc 0.8058
train >>> fold 1/5, epoch: 27/100, patient 12/24, mean_loss 0.3422, mean_acc 0.8060
train >>> fold 1/5, epoch: 27/100, patient 13/24, mean_loss 0.3383, mean_acc 0.8061
train >>> fold 1/5, epoch: 27/100, patient 14/24, mean_loss 0.3551, mean_acc 0.8060
train >>> fold 1/5, epoch: 27/100, patient 15/24, mean_loss 0.3690, mean_acc 0.8059
train >>> fold 1/5, epoch: 27/100, patient 16/24, mean_loss 0.3693, mean_acc 0.8059
train >>> fold 1/5, epoch: 27/100, patient 17/24, mean_loss 0.3727, mean_acc 0.8059
train >>> fold 1/5, epoch: 27/100, patient 18/24, mean_loss 0.3778, mean_acc 0.8058
train >>> fold 1/5, epoch: 27/100, patient 19/24, mean_loss 0.3896, mean_acc 0.8058
train >>> fold 1/5, epoch: 27/100, patient 20/24, mean_loss 0.3856, mean_acc 0.8060
train >>> fold 1/5, epoch: 27/100, patient 21/24, mean_loss 0.3809, mean_acc 0.8061
train >>> fold 1/5, epoch: 27/100, patient 22/24, mean_loss 0.3892, mean_acc 0.8060
train >>> fold 1/5, epoch: 27/100, patient 23/24, mean_loss 0.3838, mean_acc 0.8061
train >>> fold 1/5, epoch: 27/100, patient 24/24, mean_loss 0.3895, mean_acc 0.8060
valid >>> epoch: 27/100, mean_loss: 0.5069, mean_acc: 0.7558
train >>> fold 1/5, epoch: 28/100, patient 1/24, mean_loss 0.4709, mean_acc 0.8060
train >>> fold 1/5, epoch: 28/100, patient 2/24, mean_loss 0.4884, mean_acc 0.8060
train >>> fold 1/5, epoch: 28/100, patient 3/24, mean_loss 0.4458, mean_acc 0.8061
train >>> fold 1/5, epoch: 28/100, patient 4/24, mean_loss 0.4035, mean_acc 0.8063
train >>> fold 1/5, epoch: 28/100, patient 5/24, mean_loss 0.4128, mean_acc 0.8062
train >>> fold 1/5, epoch: 28/100, patient 6/24, mean_loss 0.4175, mean_acc 0.8062
train >>> fold 1/5, epoch: 28/100, patient 7/24, mean_loss 0.4082, mean_acc 0.8061
train >>> fold 1/5, epoch: 28/100, patient 8/24, mean_loss 0.4043, mean_acc 0.8061
train >>> fold 1/5, epoch: 28/100, patient 9/24, mean_loss 0.3921, mean_acc 0.8062
train >>> fold 1/5, epoch: 28/100, patient 10/24, mean_loss 0.3999, mean_acc 0.8061
train >>> fold 1/5, epoch: 28/100, patient 11/24, mean_loss 0.3864, mean_acc 0.8063
train >>> fold 1/5, epoch: 28/100, patient 12/24, mean_loss 0.3724, mean_acc 0.8063
train >>> fold 1/5, epoch: 28/100, patient 13/24, mean_loss 0.3878, mean_acc 0.8063
train >>> fold 1/5, epoch: 28/100, patient 14/24, mean_loss 0.3926, mean_acc 0.8062
train >>> fold 1/5, epoch: 28/100, patient 15/24, mean_loss 0.4008, mean_acc 0.8062
train >>> fold 1/5, epoch: 28/100, patient 16/24, mean_loss 0.3936, mean_acc 0.8064
train >>> fold 1/5, epoch: 28/100, patient 17/24, mean_loss 0.3861, mean_acc 0.8065
train >>> fold 1/5, epoch: 28/100, patient 18/24, mean_loss 0.3921, mean_acc 0.8066
train >>> fold 1/5, epoch: 28/100, patient 19/24, mean_loss 0.3839, mean_acc 0.8067
train >>> fold 1/5, epoch: 28/100, patient 20/24, mean_loss 0.3776, mean_acc 0.8067
train >>> fold 1/5, epoch: 28/100, patient 21/24, mean_loss 0.3795, mean_acc 0.8067
train >>> fold 1/5, epoch: 28/100, patient 22/24, mean_loss 0.3742, mean_acc 0.8068
train >>> fold 1/5, epoch: 28/100, patient 23/24, mean_loss 0.3718, mean_acc 0.8069
train >>> fold 1/5, epoch: 28/100, patient 24/24, mean_loss 0.3741, mean_acc 0.8068
valid >>> epoch: 28/100, mean_loss: 0.5064, mean_acc: 0.7563
train >>> fold 1/5, epoch: 29/100, patient 1/24, mean_loss 0.3784, mean_acc 0.8068
train >>> fold 1/5, epoch: 29/100, patient 2/24, mean_loss 0.4668, mean_acc 0.8068
train >>> fold 1/5, epoch: 29/100, patient 3/24, mean_loss 0.4431, mean_acc 0.8068
train >>> fold 1/5, epoch: 29/100, patient 4/24, mean_loss 0.4055, mean_acc 0.8068
train >>> fold 1/5, epoch: 29/100, patient 5/24, mean_loss 0.3764, mean_acc 0.8069
train >>> fold 1/5, epoch: 29/100, patient 6/24, mean_loss 0.3529, mean_acc 0.8071
train >>> fold 1/5, epoch: 29/100, patient 7/24, mean_loss 0.3480, mean_acc 0.8070
train >>> fold 1/5, epoch: 29/100, patient 8/24, mean_loss 0.3386, mean_acc 0.8071
train >>> fold 1/5, epoch: 29/100, patient 9/24, mean_loss 0.3294, mean_acc 0.8072
train >>> fold 1/5, epoch: 29/100, patient 10/24, mean_loss 0.3451, mean_acc 0.8072
train >>> fold 1/5, epoch: 29/100, patient 11/24, mean_loss 0.3508, mean_acc 0.8071
train >>> fold 1/5, epoch: 29/100, patient 12/24, mean_loss 0.3572, mean_acc 0.8070
train >>> fold 1/5, epoch: 29/100, patient 13/24, mean_loss 0.3543, mean_acc 0.8072
train >>> fold 1/5, epoch: 29/100, patient 14/24, mean_loss 0.3600, mean_acc 0.8072
train >>> fold 1/5, epoch: 29/100, patient 15/24, mean_loss 0.3543, mean_acc 0.8073
train >>> fold 1/5, epoch: 29/100, patient 16/24, mean_loss 0.3501, mean_acc 0.8073
train >>> fold 1/5, epoch: 29/100, patient 17/24, mean_loss 0.3618, mean_acc 0.8073
train >>> fold 1/5, epoch: 29/100, patient 18/24, mean_loss 0.3616, mean_acc 0.8073
train >>> fold 1/5, epoch: 29/100, patient 19/24, mean_loss 0.3662, mean_acc 0.8072
train >>> fold 1/5, epoch: 29/100, patient 20/24, mean_loss 0.3605, mean_acc 0.8073
train >>> fold 1/5, epoch: 29/100, patient 21/24, mean_loss 0.3727, mean_acc 0.8073
train >>> fold 1/5, epoch: 29/100, patient 22/24, mean_loss 0.3677, mean_acc 0.8075
train >>> fold 1/5, epoch: 29/100, patient 23/24, mean_loss 0.3644, mean_acc 0.8076
train >>> fold 1/5, epoch: 29/100, patient 24/24, mean_loss 0.3692, mean_acc 0.8075
valid >>> epoch: 29/100, mean_loss: 0.5079, mean_acc: 0.7562
train >>> fold 1/5, epoch: 30/100, patient 1/24, mean_loss 0.5294, mean_acc 0.8073
train >>> fold 1/5, epoch: 30/100, patient 2/24, mean_loss 0.5224, mean_acc 0.8073
train >>> fold 1/5, epoch: 30/100, patient 3/24, mean_loss 0.4735, mean_acc 0.8074
train >>> fold 1/5, epoch: 30/100, patient 4/24, mean_loss 0.4453, mean_acc 0.8075
train >>> fold 1/5, epoch: 30/100, patient 5/24, mean_loss 0.4107, mean_acc 0.8076
train >>> fold 1/5, epoch: 30/100, patient 6/24, mean_loss 0.3864, mean_acc 0.8076
train >>> fold 1/5, epoch: 30/100, patient 7/24, mean_loss 0.3734, mean_acc 0.8077
train >>> fold 1/5, epoch: 30/100, patient 8/24, mean_loss 0.3922, mean_acc 0.8075
train >>> fold 1/5, epoch: 30/100, patient 9/24, mean_loss 0.4272, mean_acc 0.8075
train >>> fold 1/5, epoch: 30/100, patient 10/24, mean_loss 0.4294, mean_acc 0.8075
train >>> fold 1/5, epoch: 30/100, patient 11/24, mean_loss 0.4175, mean_acc 0.8077
train >>> fold 1/5, epoch: 30/100, patient 12/24, mean_loss 0.4038, mean_acc 0.8077
train >>> fold 1/5, epoch: 30/100, patient 13/24, mean_loss 0.4079, mean_acc 0.8076
train >>> fold 1/5, epoch: 30/100, patient 14/24, mean_loss 0.4026, mean_acc 0.8076
train >>> fold 1/5, epoch: 30/100, patient 15/24, mean_loss 0.3915, mean_acc 0.8077
train >>> fold 1/5, epoch: 30/100, patient 16/24, mean_loss 0.3853, mean_acc 0.8078
train >>> fold 1/5, epoch: 30/100, patient 17/24, mean_loss 0.3761, mean_acc 0.8079
train >>> fold 1/5, epoch: 30/100, patient 18/24, mean_loss 0.3797, mean_acc 0.8079
train >>> fold 1/5, epoch: 30/100, patient 19/24, mean_loss 0.3873, mean_acc 0.8079
train >>> fold 1/5, epoch: 30/100, patient 20/24, mean_loss 0.3919, mean_acc 0.8078
train >>> fold 1/5, epoch: 30/100, patient 21/24, mean_loss 0.3840, mean_acc 0.8080
train >>> fold 1/5, epoch: 30/100, patient 22/24, mean_loss 0.3787, mean_acc 0.8080
train >>> fold 1/5, epoch: 30/100, patient 23/24, mean_loss 0.3844, mean_acc 0.8079
train >>> fold 1/5, epoch: 30/100, patient 24/24, mean_loss 0.3865, mean_acc 0.8078
valid >>> epoch: 30/100, mean_loss: 0.5087, mean_acc: 0.7563
train >>> fold 1/5, epoch: 31/100, patient 1/24, mean_loss 0.2445, mean_acc 0.8079
train >>> fold 1/5, epoch: 31/100, patient 2/24, mean_loss 0.3783, mean_acc 0.8080
train >>> fold 1/5, epoch: 31/100, patient 3/24, mean_loss 0.3974, mean_acc 0.8079
train >>> fold 1/5, epoch: 31/100, patient 4/24, mean_loss 0.3977, mean_acc 0.8078
train >>> fold 1/5, epoch: 31/100, patient 5/24, mean_loss 0.3817, mean_acc 0.8079
train >>> fold 1/5, epoch: 31/100, patient 6/24, mean_loss 0.3723, mean_acc 0.8080
train >>> fold 1/5, epoch: 31/100, patient 7/24, mean_loss 0.3524, mean_acc 0.8081
train >>> fold 1/5, epoch: 31/100, patient 8/24, mean_loss 0.3386, mean_acc 0.8081
train >>> fold 1/5, epoch: 31/100, patient 9/24, mean_loss 0.3653, mean_acc 0.8080
train >>> fold 1/5, epoch: 31/100, patient 10/24, mean_loss 0.3690, mean_acc 0.8080
train >>> fold 1/5, epoch: 31/100, patient 11/24, mean_loss 0.3732, mean_acc 0.8079
train >>> fold 1/5, epoch: 31/100, patient 12/24, mean_loss 0.3687, mean_acc 0.8080
train >>> fold 1/5, epoch: 31/100, patient 13/24, mean_loss 0.3579, mean_acc 0.8081
train >>> fold 1/5, epoch: 31/100, patient 14/24, mean_loss 0.3501, mean_acc 0.8082
train >>> fold 1/5, epoch: 31/100, patient 15/24, mean_loss 0.3510, mean_acc 0.8083
train >>> fold 1/5, epoch: 31/100, patient 16/24, mean_loss 0.3424, mean_acc 0.8084
train >>> fold 1/5, epoch: 31/100, patient 17/24, mean_loss 0.3384, mean_acc 0.8085
train >>> fold 1/5, epoch: 31/100, patient 18/24, mean_loss 0.3469, mean_acc 0.8085
train >>> fold 1/5, epoch: 31/100, patient 19/24, mean_loss 0.3465, mean_acc 0.8085
train >>> fold 1/5, epoch: 31/100, patient 20/24, mean_loss 0.3504, mean_acc 0.8085
train >>> fold 1/5, epoch: 31/100, patient 21/24, mean_loss 0.3493, mean_acc 0.8086
train >>> fold 1/5, epoch: 31/100, patient 22/24, mean_loss 0.3646, mean_acc 0.8086
train >>> fold 1/5, epoch: 31/100, patient 23/24, mean_loss 0.3722, mean_acc 0.8085
train >>> fold 1/5, epoch: 31/100, patient 24/24, mean_loss 0.3714, mean_acc 0.8085
valid >>> epoch: 31/100, mean_loss: 0.5077, mean_acc: 0.7571
train >>> fold 1/5, epoch: 32/100, patient 1/24, mean_loss 0.2227, mean_acc 0.8086
train >>> fold 1/5, epoch: 32/100, patient 2/24, mean_loss 0.4077, mean_acc 0.8085
train >>> fold 1/5, epoch: 32/100, patient 3/24, mean_loss 0.3555, mean_acc 0.8087
train >>> fold 1/5, epoch: 32/100, patient 4/24, mean_loss 0.3231, mean_acc 0.8088
train >>> fold 1/5, epoch: 32/100, patient 5/24, mean_loss 0.3618, mean_acc 0.8088
train >>> fold 1/5, epoch: 32/100, patient 6/24, mean_loss 0.3776, mean_acc 0.8087
train >>> fold 1/5, epoch: 32/100, patient 7/24, mean_loss 0.3573, mean_acc 0.8088
train >>> fold 1/5, epoch: 32/100, patient 8/24, mean_loss 0.3422, mean_acc 0.8089
train >>> fold 1/5, epoch: 32/100, patient 9/24, mean_loss 0.3381, mean_acc 0.8091
train >>> fold 1/5, epoch: 32/100, patient 10/24, mean_loss 0.3506, mean_acc 0.8090
train >>> fold 1/5, epoch: 32/100, patient 11/24, mean_loss 0.3534, mean_acc 0.8089
train >>> fold 1/5, epoch: 32/100, patient 12/24, mean_loss 0.3444, mean_acc 0.8090
train >>> fold 1/5, epoch: 32/100, patient 13/24, mean_loss 0.3656, mean_acc 0.8090
train >>> fold 1/5, epoch: 32/100, patient 14/24, mean_loss 0.3673, mean_acc 0.8090
train >>> fold 1/5, epoch: 32/100, patient 15/24, mean_loss 0.3596, mean_acc 0.8091
train >>> fold 1/5, epoch: 32/100, patient 16/24, mean_loss 0.3576, mean_acc 0.8091
train >>> fold 1/5, epoch: 32/100, patient 17/24, mean_loss 0.3570, mean_acc 0.8091
train >>> fold 1/5, epoch: 32/100, patient 18/24, mean_loss 0.3518, mean_acc 0.8093
train >>> fold 1/5, epoch: 32/100, patient 19/24, mean_loss 0.3625, mean_acc 0.8093
train >>> fold 1/5, epoch: 32/100, patient 20/24, mean_loss 0.3701, mean_acc 0.8092
train >>> fold 1/5, epoch: 32/100, patient 21/24, mean_loss 0.3650, mean_acc 0.8093
train >>> fold 1/5, epoch: 32/100, patient 22/24, mean_loss 0.3684, mean_acc 0.8093
train >>> fold 1/5, epoch: 32/100, patient 23/24, mean_loss 0.3726, mean_acc 0.8092
train >>> fold 1/5, epoch: 32/100, patient 24/24, mean_loss 0.3723, mean_acc 0.8093
valid >>> epoch: 32/100, mean_loss: 0.5069, mean_acc: 0.7582
train >>> fold 1/5, epoch: 33/100, patient 1/24, mean_loss 0.3149, mean_acc 0.8094
train >>> fold 1/5, epoch: 33/100, patient 2/24, mean_loss 0.3259, mean_acc 0.8095
train >>> fold 1/5, epoch: 33/100, patient 3/24, mean_loss 0.4122, mean_acc 0.8095
train >>> fold 1/5, epoch: 33/100, patient 4/24, mean_loss 0.4113, mean_acc 0.8094
train >>> fold 1/5, epoch: 33/100, patient 5/24, mean_loss 0.4231, mean_acc 0.8094
train >>> fold 1/5, epoch: 33/100, patient 6/24, mean_loss 0.3997, mean_acc 0.8095
train >>> fold 1/5, epoch: 33/100, patient 7/24, mean_loss 0.3824, mean_acc 0.8095
train >>> fold 1/5, epoch: 33/100, patient 8/24, mean_loss 0.3653, mean_acc 0.8096
train >>> fold 1/5, epoch: 33/100, patient 9/24, mean_loss 0.3527, mean_acc 0.8096
train >>> fold 1/5, epoch: 33/100, patient 10/24, mean_loss 0.3419, mean_acc 0.8097
train >>> fold 1/5, epoch: 33/100, patient 11/24, mean_loss 0.3592, mean_acc 0.8097
train >>> fold 1/5, epoch: 33/100, patient 12/24, mean_loss 0.3688, mean_acc 0.8096
train >>> fold 1/5, epoch: 33/100, patient 13/24, mean_loss 0.3797, mean_acc 0.8096
train >>> fold 1/5, epoch: 33/100, patient 14/24, mean_loss 0.3877, mean_acc 0.8096
train >>> fold 1/5, epoch: 33/100, patient 15/24, mean_loss 0.3897, mean_acc 0.8095
train >>> fold 1/5, epoch: 33/100, patient 16/24, mean_loss 0.3828, mean_acc 0.8096
train >>> fold 1/5, epoch: 33/100, patient 17/24, mean_loss 0.3900, mean_acc 0.8095
train >>> fold 1/5, epoch: 33/100, patient 18/24, mean_loss 0.3821, mean_acc 0.8095
train >>> fold 1/5, epoch: 33/100, patient 19/24, mean_loss 0.3825, mean_acc 0.8094
train >>> fold 1/5, epoch: 33/100, patient 20/24, mean_loss 0.3802, mean_acc 0.8094
train >>> fold 1/5, epoch: 33/100, patient 21/24, mean_loss 0.3819, mean_acc 0.8094
train >>> fold 1/5, epoch: 33/100, patient 22/24, mean_loss 0.3779, mean_acc 0.8095
train >>> fold 1/5, epoch: 33/100, patient 23/24, mean_loss 0.3761, mean_acc 0.8096
train >>> fold 1/5, epoch: 33/100, patient 24/24, mean_loss 0.3695, mean_acc 0.8097
valid >>> epoch: 33/100, mean_loss: 0.5073, mean_acc: 0.7583
train >>> fold 1/5, epoch: 34/100, patient 1/24, mean_loss 0.5791, mean_acc 0.8095
train >>> fold 1/5, epoch: 34/100, patient 2/24, mean_loss 0.4032, mean_acc 0.8096
train >>> fold 1/5, epoch: 34/100, patient 3/24, mean_loss 0.3502, mean_acc 0.8097
train >>> fold 1/5, epoch: 34/100, patient 4/24, mean_loss 0.3688, mean_acc 0.8096
train >>> fold 1/5, epoch: 34/100, patient 5/24, mean_loss 0.3421, mean_acc 0.8096
train >>> fold 1/5, epoch: 34/100, patient 6/24, mean_loss 0.3232, mean_acc 0.8098
train >>> fold 1/5, epoch: 34/100, patient 7/24, mean_loss 0.3441, mean_acc 0.8098
train >>> fold 1/5, epoch: 34/100, patient 8/24, mean_loss 0.3369, mean_acc 0.8098
train >>> fold 1/5, epoch: 34/100, patient 9/24, mean_loss 0.3532, mean_acc 0.8096
train >>> fold 1/5, epoch: 34/100, patient 10/24, mean_loss 0.3734, mean_acc 0.8096
train >>> fold 1/5, epoch: 34/100, patient 11/24, mean_loss 0.3767, mean_acc 0.8096
train >>> fold 1/5, epoch: 34/100, patient 12/24, mean_loss 0.3682, mean_acc 0.8097
train >>> fold 1/5, epoch: 34/100, patient 13/24, mean_loss 0.3596, mean_acc 0.8099
train >>> fold 1/5, epoch: 34/100, patient 14/24, mean_loss 0.3577, mean_acc 0.8099
train >>> fold 1/5, epoch: 34/100, patient 15/24, mean_loss 0.3486, mean_acc 0.8099
train >>> fold 1/5, epoch: 34/100, patient 16/24, mean_loss 0.3480, mean_acc 0.8099
train >>> fold 1/5, epoch: 34/100, patient 17/24, mean_loss 0.3496, mean_acc 0.8098
train >>> fold 1/5, epoch: 34/100, patient 18/24, mean_loss 0.3486, mean_acc 0.8099
train >>> fold 1/5, epoch: 34/100, patient 19/24, mean_loss 0.3567, mean_acc 0.8099
train >>> fold 1/5, epoch: 34/100, patient 20/24, mean_loss 0.3531, mean_acc 0.8100
train >>> fold 1/5, epoch: 34/100, patient 21/24, mean_loss 0.3625, mean_acc 0.8100
train >>> fold 1/5, epoch: 34/100, patient 22/24, mean_loss 0.3653, mean_acc 0.8100
train >>> fold 1/5, epoch: 34/100, patient 23/24, mean_loss 0.3611, mean_acc 0.8101
train >>> fold 1/5, epoch: 34/100, patient 24/24, mean_loss 0.3643, mean_acc 0.8100
valid >>> epoch: 34/100, mean_loss: 0.5075, mean_acc: 0.7586
train >>> fold 1/5, epoch: 35/100, patient 1/24, mean_loss 0.3553, mean_acc 0.8100
train >>> fold 1/5, epoch: 35/100, patient 2/24, mean_loss 0.3799, mean_acc 0.8100
train >>> fold 1/5, epoch: 35/100, patient 3/24, mean_loss 0.3358, mean_acc 0.8101
train >>> fold 1/5, epoch: 35/100, patient 4/24, mean_loss 0.3127, mean_acc 0.8102
train >>> fold 1/5, epoch: 35/100, patient 5/24, mean_loss 0.2965, mean_acc 0.8102
train >>> fold 1/5, epoch: 35/100, patient 6/24, mean_loss 0.3321, mean_acc 0.8102
train >>> fold 1/5, epoch: 35/100, patient 7/24, mean_loss 0.3640, mean_acc 0.8102
train >>> fold 1/5, epoch: 35/100, patient 8/24, mean_loss 0.3530, mean_acc 0.8103
train >>> fold 1/5, epoch: 35/100, patient 9/24, mean_loss 0.3433, mean_acc 0.8104
train >>> fold 1/5, epoch: 35/100, patient 10/24, mean_loss 0.3529, mean_acc 0.8103
train >>> fold 1/5, epoch: 35/100, patient 11/24, mean_loss 0.3605, mean_acc 0.8103
train >>> fold 1/5, epoch: 35/100, patient 12/24, mean_loss 0.3570, mean_acc 0.8103
train >>> fold 1/5, epoch: 35/100, patient 13/24, mean_loss 0.3491, mean_acc 0.8104
train >>> fold 1/5, epoch: 35/100, patient 14/24, mean_loss 0.3693, mean_acc 0.8104
train >>> fold 1/5, epoch: 35/100, patient 15/24, mean_loss 0.3623, mean_acc 0.8104
train >>> fold 1/5, epoch: 35/100, patient 16/24, mean_loss 0.3648, mean_acc 0.8103
train >>> fold 1/5, epoch: 35/100, patient 17/24, mean_loss 0.3685, mean_acc 0.8102
train >>> fold 1/5, epoch: 35/100, patient 18/24, mean_loss 0.3752, mean_acc 0.8102
train >>> fold 1/5, epoch: 35/100, patient 19/24, mean_loss 0.3712, mean_acc 0.8104
train >>> fold 1/5, epoch: 35/100, patient 20/24, mean_loss 0.3667, mean_acc 0.8104
train >>> fold 1/5, epoch: 35/100, patient 21/24, mean_loss 0.3634, mean_acc 0.8104
train >>> fold 1/5, epoch: 35/100, patient 22/24, mean_loss 0.3667, mean_acc 0.8103
train >>> fold 1/5, epoch: 35/100, patient 23/24, mean_loss 0.3729, mean_acc 0.8103
train >>> fold 1/5, epoch: 35/100, patient 24/24, mean_loss 0.3712, mean_acc 0.8105
valid >>> epoch: 35/100, mean_loss: 0.5086, mean_acc: 0.7585
train >>> fold 1/5, epoch: 36/100, patient 1/24, mean_loss 0.2635, mean_acc 0.8105
train >>> fold 1/5, epoch: 36/100, patient 2/24, mean_loss 0.2429, mean_acc 0.8106
train >>> fold 1/5, epoch: 36/100, patient 3/24, mean_loss 0.2218, mean_acc 0.8106
train >>> fold 1/5, epoch: 36/100, patient 4/24, mean_loss 0.2772, mean_acc 0.8105
train >>> fold 1/5, epoch: 36/100, patient 5/24, mean_loss 0.3022, mean_acc 0.8105
train >>> fold 1/5, epoch: 36/100, patient 6/24, mean_loss 0.3206, mean_acc 0.8105
train >>> fold 1/5, epoch: 36/100, patient 7/24, mean_loss 0.3356, mean_acc 0.8105
train >>> fold 1/5, epoch: 36/100, patient 8/24, mean_loss 0.3270, mean_acc 0.8106
train >>> fold 1/5, epoch: 36/100, patient 9/24, mean_loss 0.3360, mean_acc 0.8106
train >>> fold 1/5, epoch: 36/100, patient 10/24, mean_loss 0.3393, mean_acc 0.8106
train >>> fold 1/5, epoch: 36/100, patient 11/24, mean_loss 0.3633, mean_acc 0.8106
train >>> fold 1/5, epoch: 36/100, patient 12/24, mean_loss 0.3535, mean_acc 0.8107
train >>> fold 1/5, epoch: 36/100, patient 13/24, mean_loss 0.3522, mean_acc 0.8108
train >>> fold 1/5, epoch: 36/100, patient 14/24, mean_loss 0.3477, mean_acc 0.8108
train >>> fold 1/5, epoch: 36/100, patient 15/24, mean_loss 0.3597, mean_acc 0.8109
train >>> fold 1/5, epoch: 36/100, patient 16/24, mean_loss 0.3708, mean_acc 0.8107
train >>> fold 1/5, epoch: 36/100, patient 17/24, mean_loss 0.3639, mean_acc 0.8108
train >>> fold 1/5, epoch: 36/100, patient 18/24, mean_loss 0.3591, mean_acc 0.8109
train >>> fold 1/5, epoch: 36/100, patient 19/24, mean_loss 0.3540, mean_acc 0.8110
train >>> fold 1/5, epoch: 36/100, patient 20/24, mean_loss 0.3520, mean_acc 0.8110
train >>> fold 1/5, epoch: 36/100, patient 21/24, mean_loss 0.3456, mean_acc 0.8110
train >>> fold 1/5, epoch: 36/100, patient 22/24, mean_loss 0.3539, mean_acc 0.8110
train >>> fold 1/5, epoch: 36/100, patient 23/24, mean_loss 0.3515, mean_acc 0.8111
train >>> fold 1/5, epoch: 36/100, patient 24/24, mean_loss 0.3595, mean_acc 0.8111
valid >>> epoch: 36/100, mean_loss: 0.5078, mean_acc: 0.7593
train >>> fold 1/5, epoch: 37/100, patient 1/24, mean_loss 0.2746, mean_acc 0.8112
train >>> fold 1/5, epoch: 37/100, patient 2/24, mean_loss 0.3732, mean_acc 0.8112
train >>> fold 1/5, epoch: 37/100, patient 3/24, mean_loss 0.3756, mean_acc 0.8111
train >>> fold 1/5, epoch: 37/100, patient 4/24, mean_loss 0.3442, mean_acc 0.8112
train >>> fold 1/5, epoch: 37/100, patient 5/24, mean_loss 0.3629, mean_acc 0.8111
train >>> fold 1/5, epoch: 37/100, patient 6/24, mean_loss 0.3759, mean_acc 0.8110
train >>> fold 1/5, epoch: 37/100, patient 7/24, mean_loss 0.3607, mean_acc 0.8111
train >>> fold 1/5, epoch: 37/100, patient 8/24, mean_loss 0.3732, mean_acc 0.8110
train >>> fold 1/5, epoch: 37/100, patient 9/24, mean_loss 0.3645, mean_acc 0.8111
train >>> fold 1/5, epoch: 37/100, patient 10/24, mean_loss 0.3510, mean_acc 0.8112
train >>> fold 1/5, epoch: 37/100, patient 11/24, mean_loss 0.3748, mean_acc 0.8111
train >>> fold 1/5, epoch: 37/100, patient 12/24, mean_loss 0.3634, mean_acc 0.8112
train >>> fold 1/5, epoch: 37/100, patient 13/24, mean_loss 0.3594, mean_acc 0.8114
train >>> fold 1/5, epoch: 37/100, patient 14/24, mean_loss 0.3715, mean_acc 0.8113
train >>> fold 1/5, epoch: 37/100, patient 15/24, mean_loss 0.3678, mean_acc 0.8113
train >>> fold 1/5, epoch: 37/100, patient 16/24, mean_loss 0.3705, mean_acc 0.8112
train >>> fold 1/5, epoch: 37/100, patient 17/24, mean_loss 0.3720, mean_acc 0.8112
train >>> fold 1/5, epoch: 37/100, patient 18/24, mean_loss 0.3675, mean_acc 0.8113
train >>> fold 1/5, epoch: 37/100, patient 19/24, mean_loss 0.3826, mean_acc 0.8113
train >>> fold 1/5, epoch: 37/100, patient 20/24, mean_loss 0.3786, mean_acc 0.8113
train >>> fold 1/5, epoch: 37/100, patient 21/24, mean_loss 0.3797, mean_acc 0.8113
train >>> fold 1/5, epoch: 37/100, patient 22/24, mean_loss 0.3731, mean_acc 0.8114
train >>> fold 1/5, epoch: 37/100, patient 23/24, mean_loss 0.3720, mean_acc 0.8115
train >>> fold 1/5, epoch: 37/100, patient 24/24, mean_loss 0.3667, mean_acc 0.8116
valid >>> epoch: 37/100, mean_loss: 0.5073, mean_acc: 0.7597
train >>> fold 1/5, epoch: 38/100, patient 1/24, mean_loss 0.2839, mean_acc 0.8116
train >>> fold 1/5, epoch: 38/100, patient 2/24, mean_loss 0.2626, mean_acc 0.8116
train >>> fold 1/5, epoch: 38/100, patient 3/24, mean_loss 0.3552, mean_acc 0.8115
train >>> fold 1/5, epoch: 38/100, patient 4/24, mean_loss 0.3888, mean_acc 0.8113
train >>> fold 1/5, epoch: 38/100, patient 5/24, mean_loss 0.3551, mean_acc 0.8115
train >>> fold 1/5, epoch: 38/100, patient 6/24, mean_loss 0.3529, mean_acc 0.8116
train >>> fold 1/5, epoch: 38/100, patient 7/24, mean_loss 0.3389, mean_acc 0.8117
train >>> fold 1/5, epoch: 38/100, patient 8/24, mean_loss 0.3775, mean_acc 0.8117
train >>> fold 1/5, epoch: 38/100, patient 9/24, mean_loss 0.4044, mean_acc 0.8117
train >>> fold 1/5, epoch: 38/100, patient 10/24, mean_loss 0.4108, mean_acc 0.8117
train >>> fold 1/5, epoch: 38/100, patient 11/24, mean_loss 0.4128, mean_acc 0.8117
train >>> fold 1/5, epoch: 38/100, patient 12/24, mean_loss 0.4011, mean_acc 0.8118
train >>> fold 1/5, epoch: 38/100, patient 13/24, mean_loss 0.3924, mean_acc 0.8118
train >>> fold 1/5, epoch: 38/100, patient 14/24, mean_loss 0.3808, mean_acc 0.8119
train >>> fold 1/5, epoch: 38/100, patient 15/24, mean_loss 0.3866, mean_acc 0.8118
train >>> fold 1/5, epoch: 38/100, patient 16/24, mean_loss 0.3769, mean_acc 0.8119
train >>> fold 1/5, epoch: 38/100, patient 17/24, mean_loss 0.3819, mean_acc 0.8119
train >>> fold 1/5, epoch: 38/100, patient 18/24, mean_loss 0.3734, mean_acc 0.8120
train >>> fold 1/5, epoch: 38/100, patient 19/24, mean_loss 0.3665, mean_acc 0.8121
train >>> fold 1/5, epoch: 38/100, patient 20/24, mean_loss 0.3645, mean_acc 0.8122
train >>> fold 1/5, epoch: 38/100, patient 21/24, mean_loss 0.3685, mean_acc 0.8121
train >>> fold 1/5, epoch: 38/100, patient 22/24, mean_loss 0.3685, mean_acc 0.8121
train >>> fold 1/5, epoch: 38/100, patient 23/24, mean_loss 0.3692, mean_acc 0.8121
train >>> fold 1/5, epoch: 38/100, patient 24/24, mean_loss 0.3695, mean_acc 0.8121
valid >>> epoch: 38/100, mean_loss: 0.5067, mean_acc: 0.7607
train >>> fold 1/5, epoch: 39/100, patient 1/24, mean_loss 0.2100, mean_acc 0.8122
train >>> fold 1/5, epoch: 39/100, patient 2/24, mean_loss 0.3529, mean_acc 0.8121
train >>> fold 1/5, epoch: 39/100, patient 3/24, mean_loss 0.3773, mean_acc 0.8120
train >>> fold 1/5, epoch: 39/100, patient 4/24, mean_loss 0.4235, mean_acc 0.8120
train >>> fold 1/5, epoch: 39/100, patient 5/24, mean_loss 0.4039, mean_acc 0.8121
train >>> fold 1/5, epoch: 39/100, patient 6/24, mean_loss 0.4205, mean_acc 0.8120
train >>> fold 1/5, epoch: 39/100, patient 7/24, mean_loss 0.4217, mean_acc 0.8120
train >>> fold 1/5, epoch: 39/100, patient 8/24, mean_loss 0.4008, mean_acc 0.8121
train >>> fold 1/5, epoch: 39/100, patient 9/24, mean_loss 0.3992, mean_acc 0.8121
train >>> fold 1/5, epoch: 39/100, patient 10/24, mean_loss 0.3849, mean_acc 0.8121
train >>> fold 1/5, epoch: 39/100, patient 11/24, mean_loss 0.3720, mean_acc 0.8122
train >>> fold 1/5, epoch: 39/100, patient 12/24, mean_loss 0.3694, mean_acc 0.8122
train >>> fold 1/5, epoch: 39/100, patient 13/24, mean_loss 0.3646, mean_acc 0.8123
train >>> fold 1/5, epoch: 39/100, patient 14/24, mean_loss 0.3696, mean_acc 0.8122
train >>> fold 1/5, epoch: 39/100, patient 15/24, mean_loss 0.3761, mean_acc 0.8122
train >>> fold 1/5, epoch: 39/100, patient 16/24, mean_loss 0.3754, mean_acc 0.8122
train >>> fold 1/5, epoch: 39/100, patient 17/24, mean_loss 0.3679, mean_acc 0.8123
train >>> fold 1/5, epoch: 39/100, patient 18/24, mean_loss 0.3615, mean_acc 0.8124
train >>> fold 1/5, epoch: 39/100, patient 19/24, mean_loss 0.3537, mean_acc 0.8125
train >>> fold 1/5, epoch: 39/100, patient 20/24, mean_loss 0.3479, mean_acc 0.8125
train >>> fold 1/5, epoch: 39/100, patient 21/24, mean_loss 0.3430, mean_acc 0.8125
train >>> fold 1/5, epoch: 39/100, patient 22/24, mean_loss 0.3528, mean_acc 0.8125
train >>> fold 1/5, epoch: 39/100, patient 23/24, mean_loss 0.3584, mean_acc 0.8124
train >>> fold 1/5, epoch: 39/100, patient 24/24, mean_loss 0.3581, mean_acc 0.8125
valid >>> epoch: 39/100, mean_loss: 0.5060, mean_acc: 0.7613
train >>> fold 1/5, epoch: 40/100, patient 1/24, mean_loss 0.4386, mean_acc 0.8124
train >>> fold 1/5, epoch: 40/100, patient 2/24, mean_loss 0.3298, mean_acc 0.8125
train >>> fold 1/5, epoch: 40/100, patient 3/24, mean_loss 0.4055, mean_acc 0.8125
train >>> fold 1/5, epoch: 40/100, patient 4/24, mean_loss 0.3816, mean_acc 0.8125
train >>> fold 1/5, epoch: 40/100, patient 5/24, mean_loss 0.3493, mean_acc 0.8126
train >>> fold 1/5, epoch: 40/100, patient 6/24, mean_loss 0.3335, mean_acc 0.8127
train >>> fold 1/5, epoch: 40/100, patient 7/24, mean_loss 0.3521, mean_acc 0.8126
train >>> fold 1/5, epoch: 40/100, patient 8/24, mean_loss 0.3646, mean_acc 0.8126
train >>> fold 1/5, epoch: 40/100, patient 9/24, mean_loss 0.3585, mean_acc 0.8126
train >>> fold 1/5, epoch: 40/100, patient 10/24, mean_loss 0.3486, mean_acc 0.8127
train >>> fold 1/5, epoch: 40/100, patient 11/24, mean_loss 0.3390, mean_acc 0.8128
train >>> fold 1/5, epoch: 40/100, patient 12/24, mean_loss 0.3371, mean_acc 0.8129
train >>> fold 1/5, epoch: 40/100, patient 13/24, mean_loss 0.3297, mean_acc 0.8129
train >>> fold 1/5, epoch: 40/100, patient 14/24, mean_loss 0.3230, mean_acc 0.8129
train >>> fold 1/5, epoch: 40/100, patient 15/24, mean_loss 0.3204, mean_acc 0.8129
train >>> fold 1/5, epoch: 40/100, patient 16/24, mean_loss 0.3314, mean_acc 0.8129
train >>> fold 1/5, epoch: 40/100, patient 17/24, mean_loss 0.3479, mean_acc 0.8129
train >>> fold 1/5, epoch: 40/100, patient 18/24, mean_loss 0.3534, mean_acc 0.8129
train >>> fold 1/5, epoch: 40/100, patient 19/24, mean_loss 0.3493, mean_acc 0.8130
train >>> fold 1/5, epoch: 40/100, patient 20/24, mean_loss 0.3438, mean_acc 0.8131
train >>> fold 1/5, epoch: 40/100, patient 21/24, mean_loss 0.3474, mean_acc 0.8131
train >>> fold 1/5, epoch: 40/100, patient 22/24, mean_loss 0.3514, mean_acc 0.8130
train >>> fold 1/5, epoch: 40/100, patient 23/24, mean_loss 0.3572, mean_acc 0.8129
train >>> fold 1/5, epoch: 40/100, patient 24/24, mean_loss 0.3572, mean_acc 0.8129
valid >>> epoch: 40/100, mean_loss: 0.5054, mean_acc: 0.7619
train >>> fold 1/5, epoch: 41/100, patient 1/24, mean_loss 0.2810, mean_acc 0.8130
train >>> fold 1/5, epoch: 41/100, patient 2/24, mean_loss 0.2500, mean_acc 0.8131
train >>> fold 1/5, epoch: 41/100, patient 3/24, mean_loss 0.3074, mean_acc 0.8131
train >>> fold 1/5, epoch: 41/100, patient 4/24, mean_loss 0.3138, mean_acc 0.8132
train >>> fold 1/5, epoch: 41/100, patient 5/24, mean_loss 0.3095, mean_acc 0.8132
train >>> fold 1/5, epoch: 41/100, patient 6/24, mean_loss 0.2929, mean_acc 0.8133
train >>> fold 1/5, epoch: 41/100, patient 7/24, mean_loss 0.3254, mean_acc 0.8132
train >>> fold 1/5, epoch: 41/100, patient 8/24, mean_loss 0.3112, mean_acc 0.8132
train >>> fold 1/5, epoch: 41/100, patient 9/24, mean_loss 0.3266, mean_acc 0.8132
train >>> fold 1/5, epoch: 41/100, patient 10/24, mean_loss 0.3485, mean_acc 0.8132
train >>> fold 1/5, epoch: 41/100, patient 11/24, mean_loss 0.3614, mean_acc 0.8132
train >>> fold 1/5, epoch: 41/100, patient 12/24, mean_loss 0.3547, mean_acc 0.8133
train >>> fold 1/5, epoch: 41/100, patient 13/24, mean_loss 0.3431, mean_acc 0.8134
train >>> fold 1/5, epoch: 41/100, patient 14/24, mean_loss 0.3543, mean_acc 0.8134
train >>> fold 1/5, epoch: 41/100, patient 15/24, mean_loss 0.3759, mean_acc 0.8134
train >>> fold 1/5, epoch: 41/100, patient 16/24, mean_loss 0.3830, mean_acc 0.8134
train >>> fold 1/5, epoch: 41/100, patient 17/24, mean_loss 0.3764, mean_acc 0.8134
train >>> fold 1/5, epoch: 41/100, patient 18/24, mean_loss 0.3818, mean_acc 0.8134
train >>> fold 1/5, epoch: 41/100, patient 19/24, mean_loss 0.3801, mean_acc 0.8133
train >>> fold 1/5, epoch: 41/100, patient 20/24, mean_loss 0.3804, mean_acc 0.8133
train >>> fold 1/5, epoch: 41/100, patient 21/24, mean_loss 0.3746, mean_acc 0.8133
train >>> fold 1/5, epoch: 41/100, patient 22/24, mean_loss 0.3683, mean_acc 0.8134
train >>> fold 1/5, epoch: 41/100, patient 23/24, mean_loss 0.3673, mean_acc 0.8134
train >>> fold 1/5, epoch: 41/100, patient 24/24, mean_loss 0.3712, mean_acc 0.8133
valid >>> epoch: 41/100, mean_loss: 0.5047, mean_acc: 0.7624
criteria decreased from 0.5050 to 0.5047, saving best model at D:\Data\cs-8395-dl\model\2020-03-22-13-45-24\2020-03-22-13-45-24_1_fold-resnet34_best.pt
train >>> fold 1/5, epoch: 42/100, patient 1/24, mean_loss 0.4621, mean_acc 0.8134
train >>> fold 1/5, epoch: 42/100, patient 2/24, mean_loss 0.3885, mean_acc 0.8134
train >>> fold 1/5, epoch: 42/100, patient 3/24, mean_loss 0.3632, mean_acc 0.8134
train >>> fold 1/5, epoch: 42/100, patient 4/24, mean_loss 0.3270, mean_acc 0.8135
train >>> fold 1/5, epoch: 42/100, patient 5/24, mean_loss 0.3371, mean_acc 0.8134
train >>> fold 1/5, epoch: 42/100, patient 6/24, mean_loss 0.3554, mean_acc 0.8134
train >>> fold 1/5, epoch: 42/100, patient 7/24, mean_loss 0.3586, mean_acc 0.8133
train >>> fold 1/5, epoch: 42/100, patient 8/24, mean_loss 0.3415, mean_acc 0.8135
train >>> fold 1/5, epoch: 42/100, patient 9/24, mean_loss 0.3306, mean_acc 0.8136
train >>> fold 1/5, epoch: 42/100, patient 10/24, mean_loss 0.3253, mean_acc 0.8136
train >>> fold 1/5, epoch: 42/100, patient 11/24, mean_loss 0.3168, mean_acc 0.8137
train >>> fold 1/5, epoch: 42/100, patient 12/24, mean_loss 0.3109, mean_acc 0.8137
train >>> fold 1/5, epoch: 42/100, patient 13/24, mean_loss 0.3045, mean_acc 0.8137
train >>> fold 1/5, epoch: 42/100, patient 14/24, mean_loss 0.3234, mean_acc 0.8137
train >>> fold 1/5, epoch: 42/100, patient 15/24, mean_loss 0.3247, mean_acc 0.8137
train >>> fold 1/5, epoch: 42/100, patient 16/24, mean_loss 0.3301, mean_acc 0.8137
train >>> fold 1/5, epoch: 42/100, patient 17/24, mean_loss 0.3374, mean_acc 0.8136
train >>> fold 1/5, epoch: 42/100, patient 18/24, mean_loss 0.3505, mean_acc 0.8135
train >>> fold 1/5, epoch: 42/100, patient 19/24, mean_loss 0.3519, mean_acc 0.8135
train >>> fold 1/5, epoch: 42/100, patient 20/24, mean_loss 0.3520, mean_acc 0.8136
train >>> fold 1/5, epoch: 42/100, patient 21/24, mean_loss 0.3471, mean_acc 0.8137
train >>> fold 1/5, epoch: 42/100, patient 22/24, mean_loss 0.3415, mean_acc 0.8138
train >>> fold 1/5, epoch: 42/100, patient 23/24, mean_loss 0.3533, mean_acc 0.8138
train >>> fold 1/5, epoch: 42/100, patient 24/24, mean_loss 0.3555, mean_acc 0.8137
valid >>> epoch: 42/100, mean_loss: 0.5041, mean_acc: 0.7629
criteria decreased from 0.5047 to 0.5041, saving best model at D:\Data\cs-8395-dl\model\2020-03-22-13-45-24\2020-03-22-13-45-24_1_fold-resnet34_best.pt
train >>> fold 1/5, epoch: 43/100, patient 1/24, mean_loss 0.4472, mean_acc 0.8137
train >>> fold 1/5, epoch: 43/100, patient 2/24, mean_loss 0.4243, mean_acc 0.8136
train >>> fold 1/5, epoch: 43/100, patient 3/24, mean_loss 0.4266, mean_acc 0.8136
train >>> fold 1/5, epoch: 43/100, patient 4/24, mean_loss 0.3871, mean_acc 0.8137
train >>> fold 1/5, epoch: 43/100, patient 5/24, mean_loss 0.3573, mean_acc 0.8137
train >>> fold 1/5, epoch: 43/100, patient 6/24, mean_loss 0.3358, mean_acc 0.8138
train >>> fold 1/5, epoch: 43/100, patient 7/24, mean_loss 0.3777, mean_acc 0.8138
train >>> fold 1/5, epoch: 43/100, patient 8/24, mean_loss 0.3772, mean_acc 0.8138
train >>> fold 1/5, epoch: 43/100, patient 9/24, mean_loss 0.4041, mean_acc 0.8137
train >>> fold 1/5, epoch: 43/100, patient 10/24, mean_loss 0.3999, mean_acc 0.8138
train >>> fold 1/5, epoch: 43/100, patient 11/24, mean_loss 0.4050, mean_acc 0.8138
train >>> fold 1/5, epoch: 43/100, patient 12/24, mean_loss 0.3983, mean_acc 0.8138
train >>> fold 1/5, epoch: 43/100, patient 13/24, mean_loss 0.3844, mean_acc 0.8139
train >>> fold 1/5, epoch: 43/100, patient 14/24, mean_loss 0.3748, mean_acc 0.8139
train >>> fold 1/5, epoch: 43/100, patient 15/24, mean_loss 0.3716, mean_acc 0.8140
train >>> fold 1/5, epoch: 43/100, patient 16/24, mean_loss 0.3698, mean_acc 0.8140
train >>> fold 1/5, epoch: 43/100, patient 17/24, mean_loss 0.3702, mean_acc 0.8139
train >>> fold 1/5, epoch: 43/100, patient 18/24, mean_loss 0.3645, mean_acc 0.8140
train >>> fold 1/5, epoch: 43/100, patient 19/24, mean_loss 0.3703, mean_acc 0.8139
train >>> fold 1/5, epoch: 43/100, patient 20/24, mean_loss 0.3733, mean_acc 0.8139
train >>> fold 1/5, epoch: 43/100, patient 21/24, mean_loss 0.3732, mean_acc 0.8138
train >>> fold 1/5, epoch: 43/100, patient 22/24, mean_loss 0.3680, mean_acc 0.8140
train >>> fold 1/5, epoch: 43/100, patient 23/24, mean_loss 0.3614, mean_acc 0.8141
train >>> fold 1/5, epoch: 43/100, patient 24/24, mean_loss 0.3555, mean_acc 0.8141
valid >>> epoch: 43/100, mean_loss: 0.5068, mean_acc: 0.7626
train >>> fold 1/5, epoch: 44/100, patient 1/24, mean_loss 0.2397, mean_acc 0.8142
train >>> fold 1/5, epoch: 44/100, patient 2/24, mean_loss 0.2311, mean_acc 0.8142
train >>> fold 1/5, epoch: 44/100, patient 3/24, mean_loss 0.2377, mean_acc 0.8142
train >>> fold 1/5, epoch: 44/100, patient 4/24, mean_loss 0.2878, mean_acc 0.8141
train >>> fold 1/5, epoch: 44/100, patient 5/24, mean_loss 0.3198, mean_acc 0.8141
train >>> fold 1/5, epoch: 44/100, patient 6/24, mean_loss 0.3321, mean_acc 0.8140
train >>> fold 1/5, epoch: 44/100, patient 7/24, mean_loss 0.3545, mean_acc 0.8140
train >>> fold 1/5, epoch: 44/100, patient 8/24, mean_loss 0.3549, mean_acc 0.8140
train >>> fold 1/5, epoch: 44/100, patient 9/24, mean_loss 0.3525, mean_acc 0.8141
train >>> fold 1/5, epoch: 44/100, patient 10/24, mean_loss 0.3435, mean_acc 0.8141
train >>> fold 1/5, epoch: 44/100, patient 11/24, mean_loss 0.3540, mean_acc 0.8141
train >>> fold 1/5, epoch: 44/100, patient 12/24, mean_loss 0.3722, mean_acc 0.8140
train >>> fold 1/5, epoch: 44/100, patient 13/24, mean_loss 0.3594, mean_acc 0.8141
train >>> fold 1/5, epoch: 44/100, patient 14/24, mean_loss 0.3555, mean_acc 0.8141
train >>> fold 1/5, epoch: 44/100, patient 15/24, mean_loss 0.3464, mean_acc 0.8142
train >>> fold 1/5, epoch: 44/100, patient 16/24, mean_loss 0.3366, mean_acc 0.8143
train >>> fold 1/5, epoch: 44/100, patient 17/24, mean_loss 0.3415, mean_acc 0.8142
train >>> fold 1/5, epoch: 44/100, patient 18/24, mean_loss 0.3546, mean_acc 0.8142
train >>> fold 1/5, epoch: 44/100, patient 19/24, mean_loss 0.3473, mean_acc 0.8143
train >>> fold 1/5, epoch: 44/100, patient 20/24, mean_loss 0.3412, mean_acc 0.8144
train >>> fold 1/5, epoch: 44/100, patient 21/24, mean_loss 0.3402, mean_acc 0.8145
train >>> fold 1/5, epoch: 44/100, patient 22/24, mean_loss 0.3405, mean_acc 0.8145
train >>> fold 1/5, epoch: 44/100, patient 23/24, mean_loss 0.3467, mean_acc 0.8145
train >>> fold 1/5, epoch: 44/100, patient 24/24, mean_loss 0.3577, mean_acc 0.8145
valid >>> epoch: 44/100, mean_loss: 0.5062, mean_acc: 0.7631
train >>> fold 1/5, epoch: 45/100, patient 1/24, mean_loss 0.5723, mean_acc 0.8145
train >>> fold 1/5, epoch: 45/100, patient 2/24, mean_loss 0.4401, mean_acc 0.8145
train >>> fold 1/5, epoch: 45/100, patient 3/24, mean_loss 0.4594, mean_acc 0.8145
train >>> fold 1/5, epoch: 45/100, patient 4/24, mean_loss 0.4330, mean_acc 0.8146
train >>> fold 1/5, epoch: 45/100, patient 5/24, mean_loss 0.3947, mean_acc 0.8147
train >>> fold 1/5, epoch: 45/100, patient 6/24, mean_loss 0.3675, mean_acc 0.8148
train >>> fold 1/5, epoch: 45/100, patient 7/24, mean_loss 0.3870, mean_acc 0.8148
train >>> fold 1/5, epoch: 45/100, patient 8/24, mean_loss 0.3876, mean_acc 0.8148
train >>> fold 1/5, epoch: 45/100, patient 9/24, mean_loss 0.3973, mean_acc 0.8148
train >>> fold 1/5, epoch: 45/100, patient 10/24, mean_loss 0.3959, mean_acc 0.8148
train >>> fold 1/5, epoch: 45/100, patient 11/24, mean_loss 0.3868, mean_acc 0.8149
train >>> fold 1/5, epoch: 45/100, patient 12/24, mean_loss 0.3751, mean_acc 0.8150
train >>> fold 1/5, epoch: 45/100, patient 13/24, mean_loss 0.3651, mean_acc 0.8150
train >>> fold 1/5, epoch: 45/100, patient 14/24, mean_loss 0.3725, mean_acc 0.8150
train >>> fold 1/5, epoch: 45/100, patient 15/24, mean_loss 0.3630, mean_acc 0.8150
train >>> fold 1/5, epoch: 45/100, patient 16/24, mean_loss 0.3539, mean_acc 0.8151
train >>> fold 1/5, epoch: 45/100, patient 17/24, mean_loss 0.3516, mean_acc 0.8151
train >>> fold 1/5, epoch: 45/100, patient 18/24, mean_loss 0.3584, mean_acc 0.8150
train >>> fold 1/5, epoch: 45/100, patient 19/24, mean_loss 0.3619, mean_acc 0.8150
train >>> fold 1/5, epoch: 45/100, patient 20/24, mean_loss 0.3643, mean_acc 0.8150
train >>> fold 1/5, epoch: 45/100, patient 21/24, mean_loss 0.3628, mean_acc 0.8151
train >>> fold 1/5, epoch: 45/100, patient 22/24, mean_loss 0.3577, mean_acc 0.8151
train >>> fold 1/5, epoch: 45/100, patient 23/24, mean_loss 0.3623, mean_acc 0.8150
train >>> fold 1/5, epoch: 45/100, patient 24/24, mean_loss 0.3666, mean_acc 0.8149
valid >>> epoch: 45/100, mean_loss: 0.5058, mean_acc: 0.7634
train >>> fold 1/5, epoch: 46/100, patient 1/24, mean_loss 0.3635, mean_acc 0.8149
train >>> fold 1/5, epoch: 46/100, patient 2/24, mean_loss 0.3238, mean_acc 0.8150
train >>> fold 1/5, epoch: 46/100, patient 3/24, mean_loss 0.3052, mean_acc 0.8151
train >>> fold 1/5, epoch: 46/100, patient 4/24, mean_loss 0.2823, mean_acc 0.8152
train >>> fold 1/5, epoch: 46/100, patient 5/24, mean_loss 0.2811, mean_acc 0.8152
train >>> fold 1/5, epoch: 46/100, patient 6/24, mean_loss 0.2710, mean_acc 0.8152
train >>> fold 1/5, epoch: 46/100, patient 7/24, mean_loss 0.2595, mean_acc 0.8153
train >>> fold 1/5, epoch: 46/100, patient 8/24, mean_loss 0.2752, mean_acc 0.8152
train >>> fold 1/5, epoch: 46/100, patient 9/24, mean_loss 0.2913, mean_acc 0.8151
train >>> fold 1/5, epoch: 46/100, patient 10/24, mean_loss 0.2921, mean_acc 0.8152
train >>> fold 1/5, epoch: 46/100, patient 11/24, mean_loss 0.2899, mean_acc 0.8153
train >>> fold 1/5, epoch: 46/100, patient 12/24, mean_loss 0.2827, mean_acc 0.8154
train >>> fold 1/5, epoch: 46/100, patient 13/24, mean_loss 0.2979, mean_acc 0.8153
train >>> fold 1/5, epoch: 46/100, patient 14/24, mean_loss 0.3153, mean_acc 0.8152
train >>> fold 1/5, epoch: 46/100, patient 15/24, mean_loss 0.3147, mean_acc 0.8153
train >>> fold 1/5, epoch: 46/100, patient 16/24, mean_loss 0.3205, mean_acc 0.8153
train >>> fold 1/5, epoch: 46/100, patient 17/24, mean_loss 0.3264, mean_acc 0.8153
train >>> fold 1/5, epoch: 46/100, patient 18/24, mean_loss 0.3374, mean_acc 0.8153
train >>> fold 1/5, epoch: 46/100, patient 19/24, mean_loss 0.3474, mean_acc 0.8152
train >>> fold 1/5, epoch: 46/100, patient 20/24, mean_loss 0.3598, mean_acc 0.8152
train >>> fold 1/5, epoch: 46/100, patient 21/24, mean_loss 0.3544, mean_acc 0.8152
train >>> fold 1/5, epoch: 46/100, patient 22/24, mean_loss 0.3558, mean_acc 0.8152
train >>> fold 1/5, epoch: 46/100, patient 23/24, mean_loss 0.3559, mean_acc 0.8152
train >>> fold 1/5, epoch: 46/100, patient 24/24, mean_loss 0.3636, mean_acc 0.8152
valid >>> epoch: 46/100, mean_loss: 0.5053, mean_acc: 0.7640
train >>> fold 1/5, epoch: 47/100, patient 1/24, mean_loss 0.2361, mean_acc 0.8153
train >>> fold 1/5, epoch: 47/100, patient 2/24, mean_loss 0.2694, mean_acc 0.8153
train >>> fold 1/5, epoch: 47/100, patient 3/24, mean_loss 0.2603, mean_acc 0.8153
train >>> fold 1/5, epoch: 47/100, patient 4/24, mean_loss 0.2497, mean_acc 0.8154
train >>> fold 1/5, epoch: 47/100, patient 5/24, mean_loss 0.2510, mean_acc 0.8154