2020-03-20-05-04-42
train.py
--------------------------------------------------------------------------------------------------------------------
batchSize: 4
bottleneckFeatures: 1
brightness: None
contrast: None
cropSize: None
dir_lf: D:\Data\cs-8395-dl
dir_project: ..
encoder: resnet34
epoch: 40
folderData: assignment3\Training
folderPartition: train_test_org
lossWeight: [0.0, 1.0]
loss_weights: None
lr: 0.001
overrideLR: 1
path_kfold: D:\Projects\cs-8395-dl\Assignment_3_segmentation\partition\kfold_5.bin
resize: None
resume_from: None
to_ram: 0
--------------------------------------------------------------------------------------------------------------------
creating directory to save model at D:\Data\cs-8395-dl\model\2020-03-20-05-04-42
accumulating gradients
train >>> epoch: 1/40, batch: 37/37, mean_loss 0.0470, mean_dice_loss: 0.0585, mean_ce: 0.0470
updating weights
accumulating gradients
train >>> epoch: 2/40, batch: 37/37, mean_loss 0.0451, mean_dice_loss: 0.0585, mean_ce: 0.0451
updating weights
accumulating gradients
train >>> epoch: 3/40, batch: 37/37, mean_loss 0.0358, mean_dice_loss: 0.0585, mean_ce: 0.0358
updating weights
accumulating gradients
train >>> epoch: 4/40, batch: 37/37, mean_loss 0.0179, mean_dice_loss: 0.0612, mean_ce: 0.0179
updating weights
accumulating gradients
train >>> epoch: 5/40, batch: 37/37, mean_loss 0.0119, mean_dice_loss: 0.0580, mean_ce: 0.0119
updating weights
accumulating gradients
train >>> epoch: 6/40, batch: 37/37, mean_loss 0.0075, mean_dice_loss: 0.0582, mean_ce: 0.0075
updating weights
accumulating gradients
train >>> epoch: 7/40, batch: 37/37, mean_loss 0.0060, mean_dice_loss: 0.0594, mean_ce: 0.0060
updating weights
accumulating gradients
train >>> epoch: 8/40, batch: 37/37, mean_loss 0.0067, mean_dice_loss: 0.0602, mean_ce: 0.0067
updating weights
accumulating gradients
train >>> epoch: 9/40, batch: 37/37, mean_loss 0.0061, mean_dice_loss: 0.0597, mean_ce: 0.0061
updating weights
