2020-03-22-03-04-01
train.py
--------------------------------------------------------------------------------------------------------------------
batchSize: 12
bottleneckFeatures: 1
brightness: None
contrast: None
cropSize: None
dir_lf: D:\Data\cs-8395-dl
dir_project: ..
encoder: resnet34
epoch: 12
extract_spleen: 1
folderData: assignment3\Training
folderPartition: train_test_org
lossWeight: [1.0, 1.0]
loss_weights: None
lr: 0.0001
msg: None
overrideLR: 1
path_kfold: D:\Projects\cs-8395-dl\Assignment_3_segmentation\partition\kfold_5.bin
resize: None
resume_from: None
resume_training: None
to_ram: 0
--------------------------------------------------------------------------------------------------------------------
creating directory to save model at D:\Data\cs-8395-dl\model\2020-03-22-03-04-01
executing fold 1/5
training patients  ['0001']
validation patients  ['0009']
1
1
1
train >>> epoch: 1/12, patient 1/1, mean_loss 1.6906, mean_dice_loss: 0.9532, mean_ce: 0.7373
valid >>> epoch: 1/12, mean_loss: 1.6465, mean_dice: 0.0891
criteria decreased from inf to 1.6465, saving best model at D:\Data\cs-8395-dl\model\2020-03-22-03-04-01\2020-03-22-03-04-01_1_fold-resnet34_best.pt
