2020-03-20-07-36-21
train.py
--------------------------------------------------------------------------------------------------------------------
batchSize: 8
bottleneckFeatures: 1
brightness: None
contrast: None
cropSize: None
dir_lf: D:\Data\cs-8395-dl
dir_project: ..
encoder: resnet34
epoch: 100
folderData: assignment3\Training
folderPartition: train_test_org
lossWeight: [1.0, 1.0]
loss_weights: None
lr: 0.001
msg: trying to overfit on a section of a spleen
overrideLR: 1
path_kfold: D:\Projects\cs-8395-dl\Assignment_3_segmentation\partition\kfold_5.bin
resize: None
resume_from: None
to_ram: 0
--------------------------------------------------------------------------------------------------------------------
creating directory to save model at D:\Data\cs-8395-dl\model\2020-03-20-07-36-21
executing fold 1/5
epoch: 1/100, training patient 0001
[  0   8  16  24  32  40  48  56  64  72  80  88  96 104 112 120 128 136
 144]
accumulating gradients, acc_step = 19
updating weights
train >>> epoch: 1/100, mean_loss 1.7142, mean_dice_loss: 0.9890, mean_ce: 0.7252
