2020-03-22-02-51-40
train.py
--------------------------------------------------------------------------------------------------------------------
batchSize: 12
bottleneckFeatures: 1
brightness: None
contrast: None
cropSize: None
dir_lf: D:\Data\cs-8395-dl
dir_project: ..
encoder: resnet34
epoch: 24
extract_spleen: 1
folderData: assignment3\Training
folderPartition: train_test_org
lossWeight: [1.0, 1.0]
loss_weights: None
lr: 0.0001
msg: None
overrideLR: 1
path_kfold: D:\Projects\cs-8395-dl\Assignment_3_segmentation\partition\kfold_5.bin
resize: None
resume_from: None
resume_training: None
to_ram: 0
--------------------------------------------------------------------------------------------------------------------
creating directory to save model at D:\Data\cs-8395-dl\model\2020-03-22-02-51-40
executing fold 1/5
training patients  ['0001']
validation patients  ['0009']
train >>> epoch: 1/24, patient 1/1, mean_loss 1.6560, mean_dice_loss: 0.9533, mean_ce: 0.7027
valid >>> epoch: 1/24, mean_loss: 1.6138, mean_dice: 0.0891
criteria decreased from inf to 1.6138, saving best model at D:\Data\cs-8395-dl\model\2020-03-22-02-51-40\2020-03-22-02-51-40_1_fold-resnet34_best.pt
train >>> epoch: 2/24, patient 1/1, mean_loss 1.6535, mean_dice_loss: 0.9533, mean_ce: 0.7002
valid >>> epoch: 2/24, mean_loss: 1.6060, mean_dice: 0.1257
criteria decreased from 1.6138 to 1.6060, saving best model at D:\Data\cs-8395-dl\model\2020-03-22-02-51-40\2020-03-22-02-51-40_1_fold-resnet34_best.pt
train >>> epoch: 3/24, patient 1/1, mean_loss 1.6493, mean_dice_loss: 0.9533, mean_ce: 0.6959
valid >>> epoch: 3/24, mean_loss: 1.5889, mean_dice: 0.0000
criteria decreased from 1.6060 to 1.5889, saving best model at D:\Data\cs-8395-dl\model\2020-03-22-02-51-40\2020-03-22-02-51-40_1_fold-resnet34_best.pt
train >>> epoch: 4/24, patient 1/1, mean_loss 1.6385, mean_dice_loss: 0.9532, mean_ce: 0.6852
valid >>> epoch: 4/24, mean_loss: 1.4882, mean_dice: 0.0000
criteria decreased from 1.5889 to 1.4882, saving best model at D:\Data\cs-8395-dl\model\2020-03-22-02-51-40\2020-03-22-02-51-40_1_fold-resnet34_best.pt
train >>> epoch: 5/24, patient 1/1, mean_loss 1.5817, mean_dice_loss: 0.9507, mean_ce: 0.6310
valid >>> epoch: 5/24, mean_loss: 1.2755, mean_dice: 0.0000
criteria decreased from 1.4882 to 1.2755, saving best model at D:\Data\cs-8395-dl\model\2020-03-22-02-51-40\2020-03-22-02-51-40_1_fold-resnet34_best.pt
train >>> epoch: 6/24, patient 1/1, mean_loss 1.4968, mean_dice_loss: 0.9515, mean_ce: 0.5453
valid >>> epoch: 6/24, mean_loss: 1.5680, mean_dice: 0.0000
train >>> epoch: 7/24, patient 1/1, mean_loss 1.4143, mean_dice_loss: 0.9366, mean_ce: 0.4777
valid >>> epoch: 7/24, mean_loss: 1.2886, mean_dice: 0.0000
train >>> epoch: 8/24, patient 1/1, mean_loss 1.3446, mean_dice_loss: 0.9181, mean_ce: 0.4266
valid >>> epoch: 8/24, mean_loss: 1.2955, mean_dice: 0.0000
train >>> epoch: 9/24, patient 1/1, mean_loss 1.2829, mean_dice_loss: 0.8978, mean_ce: 0.3851
valid >>> epoch: 9/24, mean_loss: 1.4358, mean_dice: 0.0000
train >>> epoch: 10/24, patient 1/1, mean_loss 1.2268, mean_dice_loss: 0.8758, mean_ce: 0.3510
valid >>> epoch: 10/24, mean_loss: 1.4594, mean_dice: 0.0000
train >>> epoch: 11/24, patient 1/1, mean_loss 1.1759, mean_dice_loss: 0.8533, mean_ce: 0.3226
valid >>> epoch: 11/24, mean_loss: 1.6670, mean_dice: 0.0000
train >>> epoch: 12/24, patient 1/1, mean_loss 1.1293, mean_dice_loss: 0.8308, mean_ce: 0.2986
valid >>> epoch: 12/24, mean_loss: 1.9249, mean_dice: 0.0000
