2020-03-22-03-15-36
train.py
--------------------------------------------------------------------------------------------------------------------
batchSize: 12
bottleneckFeatures: 1
brightness: None
contrast: None
cropSize: None
dir_lf: D:\Data\cs-8395-dl
dir_project: ..
encoder: resnet34
epoch: 24
extract_spleen: 1
folderData: assignment3\Training
folderPartition: train_test_org
lossWeight: [1.0, 1.0]
loss_weights: None
lr: 0.0001
msg: None
overrideLR: 1
path_kfold: D:\Projects\cs-8395-dl\Assignment_3_segmentation\partition\kfold_5.bin
resize: None
resume_from: None
resume_training: None
to_ram: 0
--------------------------------------------------------------------------------------------------------------------
creating directory to save model at D:\Data\cs-8395-dl\model\2020-03-22-03-15-36
executing fold 1/5
training patients  ['0001']
validation patients  ['0009']
train >>> epoch: 1/24, patient 1/1, mean_loss 1.6890, mean_dice_loss: 0.9532, mean_ce: 0.7358
valid >>> epoch: 1/24, mean_loss: 1.6457, mean_dice: 0.0891
criteria decreased from inf to 1.6457, saving best model at D:\Data\cs-8395-dl\model\2020-03-22-03-15-36\2020-03-22-03-15-36_1_fold-resnet34_best.pt
train >>> epoch: 2/24, patient 1/1, mean_loss 1.6873, mean_dice_loss: 0.9532, mean_ce: 0.7341
valid >>> epoch: 2/24, mean_loss: 1.6415, mean_dice: 0.0891
criteria decreased from 1.6457 to 1.6415, saving best model at D:\Data\cs-8395-dl\model\2020-03-22-03-15-36\2020-03-22-03-15-36_1_fold-resnet34_best.pt
train >>> epoch: 3/24, patient 1/1, mean_loss 1.6846, mean_dice_loss: 0.9533, mean_ce: 0.7313
valid >>> epoch: 3/24, mean_loss: 1.6289, mean_dice: 0.0891
criteria decreased from 1.6415 to 1.6289, saving best model at D:\Data\cs-8395-dl\model\2020-03-22-03-15-36\2020-03-22-03-15-36_1_fold-resnet34_best.pt
train >>> epoch: 4/24, patient 1/1, mean_loss 1.6763, mean_dice_loss: 0.9532, mean_ce: 0.7232
valid >>> epoch: 4/24, mean_loss: 1.5374, mean_dice: 0.0891
criteria decreased from 1.6289 to 1.5374, saving best model at D:\Data\cs-8395-dl\model\2020-03-22-03-15-36\2020-03-22-03-15-36_1_fold-resnet34_best.pt
train >>> epoch: 5/24, patient 1/1, mean_loss 1.6267, mean_dice_loss: 0.9513, mean_ce: 0.6754
valid >>> epoch: 5/24, mean_loss: 1.2345, mean_dice: 0.0000
criteria decreased from 1.5374 to 1.2345, saving best model at D:\Data\cs-8395-dl\model\2020-03-22-03-15-36\2020-03-22-03-15-36_1_fold-resnet34_best.pt
train >>> epoch: 6/24, patient 1/1, mean_loss 1.5358, mean_dice_loss: 0.9510, mean_ce: 0.5847
valid >>> epoch: 6/24, mean_loss: 1.5605, mean_dice: 0.0000
train >>> epoch: 7/24, patient 1/1, mean_loss 1.4485, mean_dice_loss: 0.9370, mean_ce: 0.5116
valid >>> epoch: 7/24, mean_loss: 1.2821, mean_dice: 0.0000
train >>> epoch: 8/24, patient 1/1, mean_loss 1.3744, mean_dice_loss: 0.9182, mean_ce: 0.4562
valid >>> epoch: 8/24, mean_loss: 1.2892, mean_dice: 0.0000
train >>> epoch: 9/24, patient 1/1, mean_loss 1.3087, mean_dice_loss: 0.8973, mean_ce: 0.4114
valid >>> epoch: 9/24, mean_loss: 1.4360, mean_dice: 0.0000
train >>> epoch: 10/24, patient 1/1, mean_loss 1.2491, mean_dice_loss: 0.8745, mean_ce: 0.3746
valid >>> epoch: 10/24, mean_loss: 1.4470, mean_dice: 0.0000
train >>> epoch: 11/24, patient 1/1, mean_loss 1.1949, mean_dice_loss: 0.8509, mean_ce: 0.3440
valid >>> epoch: 11/24, mean_loss: 1.7232, mean_dice: 0.0000
train >>> epoch: 12/24, patient 1/1, mean_loss 1.1451, mean_dice_loss: 0.8270, mean_ce: 0.3181
valid >>> epoch: 12/24, mean_loss: 2.1171, mean_dice: 0.0043
out_max 0
train >>> epoch: 13/24, patient 1/1, mean_loss 1.0990, mean_dice_loss: 0.8031, mean_ce: 0.2958
out_max 1
valid >>> epoch: 13/24, mean_loss: 2.3448, mean_dice: 0.0141
train >>> epoch: 14/24, patient 1/1, mean_loss 1.0562, mean_dice_loss: 0.7796, mean_ce: 0.2766
valid >>> epoch: 14/24, mean_loss: 2.8292, mean_dice: 0.0271
train >>> epoch: 15/24, patient 1/1, mean_loss 1.0172, mean_dice_loss: 0.7574, mean_ce: 0.2598
valid >>> epoch: 15/24, mean_loss: 3.6300, mean_dice: 0.0869
train >>> epoch: 16/24, patient 1/1, mean_loss 0.9824, mean_dice_loss: 0.7372, mean_ce: 0.2451
valid >>> epoch: 16/24, mean_loss: 4.4013, mean_dice: 0.1136
train >>> epoch: 17/24, patient 1/1, mean_loss 0.9513, mean_dice_loss: 0.7191, mean_ce: 0.2321
valid >>> epoch: 17/24, mean_loss: 4.9947, mean_dice: 0.2838
train >>> epoch: 18/24, patient 1/1, mean_loss 0.9242, mean_dice_loss: 0.7035, mean_ce: 0.2207
