2020-03-23-22-32-38
train.py
--------------------------------------------------------------------------------------------------------------------
axis: axial
batchSize: 12
bottleneckFeatures: 0
brightness: None
contrast: None
cropSize: None
dir_lf: D:\Data\cs-8395-dl
dir_project: ..
encoder: dpn68
epoch: 24
extract_spleen: False
folderData: assignment3\Training
folderPartition: train_test_org
lossWeight: [0.3, 0.7]
loss_weights: None
lr: 1e-05
msg: None
overrideLR: 1
path_kfold: D:\Projects\cs-8395-dl\Assignment_3_segmentation\partition\kfold_5.bin
resize: None
resume_from: D:\Data\cs-8395-dl\model\2020-03-23-09-02-36\2020-03-23-09-02-36_1_fold-dpn68_best.pt
to_ram: 0
--------------------------------------------------------------------------------------------------------------------
creating directory to save model at D:\Data\cs-8395-dl\model\2020-03-23-22-32-38
executing fold 1/5
training patients  ['0001' '0002' '0003' '0004' '0005' '0006' '0007' '0008' '0021' '0022'
 '0023' '0024' '0025' '0027' '0029' '0030' '0031' '0032' '0033' '0035'
 '0036' '0037' '0039' '0040']
validation patients  ['0009' '0010' '0026' '0028' '0034' '0038']
loaded model weights from D:\Data\cs-8395-dl\model\2020-03-23-09-02-36\2020-03-23-09-02-36_1_fold-dpn68_best.pt
epoch 5
validation loss of pretrained model: 0.2953
tensor([0, 0, 0, 0, 0, 0, 0, 0, 0, 0, 0], device='cuda:0')
tensor([[0.7538, 0.3461],
        [0.7860, 0.3109],
        [0.6574, 0.4990],
        [0.8161, 0.2486],
        [0.8868, 0.1569],
        [0.8362, 0.2440],
        [0.7972, 0.2949],
        [0.9191, 0.0985],
        [0.8975, 0.1234],
        [0.7806, 0.3107],
        [0.8501, 0.2009]], device='cuda:0', grad_fn=<SigmoidBackward>)
tensor(0.1036, device='cuda:0', grad_fn=<NllLossBackward>)
tensor([0, 0, 0, 0, 0, 0, 0, 0, 0, 0, 0, 0], device='cuda:0')
tensor([[0.8720, 0.1709],
        [0.9153, 0.1087],
        [0.9131, 0.1083],
        [0.8330, 0.2394],
        [0.8232, 0.2561],
        [0.8453, 0.2098],
        [0.7728, 0.3336],
        [0.7668, 0.3305],
        [0.7668, 0.3355],
        [0.7747, 0.3125],
        [0.7732, 0.3125],
        [0.7396, 0.3620]], device='cuda:0', grad_fn=<SigmoidBackward>)
tensor(0.0903, device='cuda:0', grad_fn=<NllLossBackward>)
tensor([1, 1, 1, 1, 1, 1, 1, 1, 1, 1, 1, 1], device='cuda:0')
tensor([[0.8942, 0.1303],
        [0.8366, 0.1914],
        [0.7452, 0.3326],
        [0.8057, 0.2731],
        [0.7928, 0.2867],
        [0.7679, 0.3398],
        [0.8732, 0.1805],
        [0.8753, 0.1843],
        [0.8387, 0.2414],
        [0.7644, 0.3448],
        [0.8170, 0.2521],
        [0.8593, 0.2156]], device='cuda:0', grad_fn=<SigmoidBackward>)
tensor(2.7922, device='cuda:0', grad_fn=<NllLossBackward>)
tensor([0, 0, 0, 0, 0, 0, 0, 0, 0, 0, 0, 0], device='cuda:0')
tensor([[0.8948, 0.1464],
        [0.6595, 0.4722],
        [0.7807, 0.2998],
        [0.7647, 0.3305],
        [0.7910, 0.3028],
        [0.7842, 0.2923],
        [0.6951, 0.4329],
        [0.7257, 0.3805],
        [0.8337, 0.2311],
        [0.7754, 0.3017],
        [0.8585, 0.2039],
        [0.9010, 0.1355]], device='cuda:0', grad_fn=<SigmoidBackward>)
tensor(0.1336, device='cuda:0', grad_fn=<NllLossBackward>)
tensor([0, 0, 0, 0, 0, 0, 0, 0, 0, 0, 0, 0], device='cuda:0')
tensor([[0.7815, 0.3173],
        [0.8009, 0.2780],
        [0.8257, 0.2487],
        [0.8352, 0.2326],
        [0.7869, 0.3087],
        [0.8205, 0.2479],
        [0.7436, 0.3712],
        [0.7738, 0.3284],
        [0.8318, 0.2253],
        [0.8752, 0.1580],
        [0.8647, 0.1844],
        [0.8739, 0.1613]], device='cuda:0', grad_fn=<SigmoidBackward>)
tensor(0.0823, device='cuda:0', grad_fn=<NllLossBackward>)
tensor([0, 0, 0, 0, 0, 0, 0, 0, 0, 0, 0, 0], device='cuda:0')
tensor([[0.8494, 0.1992],
        [0.8543, 0.1924],
        [0.7177, 0.3869],
        [0.7031, 0.4111],
        [0.8373, 0.2255],
        [0.7134, 0.4071],
        [0.7928, 0.3122],
        [0.8633, 0.1878],
        [0.8795, 0.1732],
        [0.8987, 0.1382],
        [0.8724, 0.1709],
        [0.7965, 0.2743]], device='cuda:0', grad_fn=<SigmoidBackward>)
tensor(0.0981, device='cuda:0', grad_fn=<NllLossBackward>)
tensor([0, 0, 0, 0, 0, 0, 0, 0, 0, 0, 0, 0], device='cuda:0')
tensor([[0.7380, 0.3782],
        [0.7839, 0.3061],
        [0.8413, 0.2154],
        [0.7726, 0.3539],
        [0.8117, 0.2724],
        [0.8394, 0.2308],
        [0.8076, 0.2660],
        [0.8820, 0.1541],
        [0.8860, 0.1380],
        [0.8732, 0.1695],
        [0.8061, 0.2507],
        [0.8533, 0.2073]], device='cuda:0', grad_fn=<SigmoidBackward>)
tensor(0.0773, device='cuda:0', grad_fn=<NllLossBackward>)
tensor([0, 0, 0, 0, 0, 0, 0, 0, 0, 0, 0, 0], device='cuda:0')
tensor([[0.8398, 0.2033],
        [0.8032, 0.2602],
        [0.8146, 0.2661],
        [0.7683, 0.3240],
        [0.7393, 0.3689],
        [0.8472, 0.2137],
        [0.8091, 0.2660],
        [0.8269, 0.2575],
        [0.8786, 0.1709],
        [0.8066, 0.2698],
        [0.8724, 0.1834],
        [0.8069, 0.2703]], device='cuda:0', grad_fn=<SigmoidBackward>)
tensor(0.0802, device='cuda:0', grad_fn=<NllLossBackward>)
tensor([0, 0, 0, 0, 0, 0, 0, 0, 0, 0, 0, 0], device='cuda:0')
tensor([[0.8408, 0.2469],
        [0.8531, 0.2264],
        [0.8509, 0.2152],
        [0.8221, 0.2593],
        [0.8414, 0.2185],
        [0.8160, 0.2824],
        [0.8920, 0.1300],
        [0.7737, 0.3038],
        [0.8639, 0.1721],
        [0.7493, 0.3263],
        [0.7551, 0.3236],
        [0.7108, 0.3906]], device='cuda:0', grad_fn=<SigmoidBackward>)
tensor(0.0885, device='cuda:0', grad_fn=<NllLossBackward>)
tensor([0, 0, 0, 0, 1, 1, 1, 1, 1, 1, 1, 1], device='cuda:0')
tensor([[0.8113, 0.2796],
        [0.8336, 0.2481],
        [0.8627, 0.1997],
        [0.7936, 0.3087],
        [0.7971, 0.3044],
        [0.8347, 0.2493],
        [0.7844, 0.2920],
        [0.8749, 0.1525],
        [0.8565, 0.1756],
        [0.8205, 0.2354],
        [0.8053, 0.2510],
        [0.7998, 0.2698]], device='cuda:0', grad_fn=<SigmoidBackward>)
tensor(2.3032, device='cuda:0', grad_fn=<NllLossBackward>)
tensor([0, 0, 0, 0, 0, 0, 0, 0, 0, 0, 0, 0], device='cuda:0')
tensor([[0.8923, 0.1414],
        [0.8454, 0.2122],
        [0.8331, 0.2256],
        [0.8805, 0.1602],
        [0.7898, 0.2895],
        [0.7226, 0.3953],
        [0.7272, 0.4056],
        [0.7934, 0.3015],
        [0.8450, 0.2200],
        [0.7948, 0.2881],
        [0.7971, 0.2689],
        [0.7078, 0.4219]], device='cuda:0', grad_fn=<SigmoidBackward>)
tensor(0.1095, device='cuda:0', grad_fn=<NllLossBackward>)
train >>> fold 1/5, epoch: 1/24, patient 1/24, mean_loss 0.5417, mean_acc 0.8485
tensor([1, 1, 1, 1, 1, 1, 1, 1, 1, 1, 1, 0], device='cuda:0')
tensor([[0.7428, 0.3768],
        [0.7012, 0.4228],
        [0.5971, 0.5601],
        [0.7444, 0.3821],
        [0.8682, 0.1718],
        [0.8328, 0.2413],
        [0.8381, 0.2129],
        [0.8330, 0.2339],
        [0.8292, 0.2509],
        [0.7884, 0.2694],
        [0.6856, 0.4028],
        [0.7024, 0.3822]], device='cuda:0', grad_fn=<SigmoidBackward>)
tensor(2.1483, device='cuda:0', grad_fn=<NllLossBackward>)
tensor([0, 0, 0, 0, 0, 0, 0, 0, 0, 0, 0, 0], device='cuda:0')
tensor([[0.8621, 0.1863],
        [0.8569, 0.1880],
        [0.7891, 0.2706],
        [0.7602, 0.3260],
        [0.8735, 0.1719],
        [0.8236, 0.2460],
        [0.9235, 0.1017],
        [0.8742, 0.1763],
        [0.8708, 0.1844],
        [0.7238, 0.3877],
        [0.6869, 0.4499],
        [0.6878, 0.4521]], device='cuda:0', grad_fn=<SigmoidBackward>)
tensor(0.1110, device='cuda:0', grad_fn=<NllLossBackward>)
tensor([0, 0, 0, 0, 0, 0, 0, 0, 0, 0, 0, 0], device='cuda:0')
tensor([[0.8011, 0.2458],
        [0.8483, 0.2123],
        [0.8577, 0.1819],
        [0.8476, 0.2133],
        [0.7700, 0.3350],
        [0.7005, 0.4242],
        [0.7380, 0.3603],
        [0.7790, 0.3103],
        [0.7749, 0.3080],
        [0.7476, 0.3706],
        [0.7539, 0.3641],
        [0.7545, 0.3643]], device='cuda:0', grad_fn=<SigmoidBackward>)
tensor(0.1309, device='cuda:0', grad_fn=<NllLossBackward>)
tensor([0, 0, 0, 0, 1, 1, 1, 1, 1, 1, 1, 1], device='cuda:0')
tensor([[0.5968, 0.5605],
        [0.6783, 0.4565],
        [0.6860, 0.4392],
        [0.6262, 0.5058],
        [0.7473, 0.3502],
        [0.5330, 0.6153],
        [0.6198, 0.5242],
        [0.6602, 0.4876],
        [0.5065, 0.6554],
        [0.5843, 0.5419],
        [0.8361, 0.2222],
        [0.8045, 0.2672]], device='cuda:0', grad_fn=<SigmoidBackward>)
tensor(1.2183, device='cuda:0', grad_fn=<NllLossBackward>)
tensor([0, 0, 0, 0, 0, 0, 0, 0, 0, 0, 0, 0], device='cuda:0')
tensor([[0.7262, 0.3583],
        [0.6346, 0.5191],
        [0.6733, 0.4505],
        [0.6623, 0.4747],
        [0.8449, 0.2138],
        [0.7037, 0.4162],
        [0.7785, 0.3182],
        [0.8176, 0.2509],
        [0.7509, 0.3361],
        [0.7766, 0.3046],
        [0.8244, 0.2317],
        [0.7659, 0.3212]], device='cuda:0', grad_fn=<SigmoidBackward>)
tensor(0.1973, device='cuda:0', grad_fn=<NllLossBackward>)
tensor([0, 0, 0], device='cuda:0')
tensor([[0.6416, 0.4882],
        [0.6552, 0.4716],
        [0.6876, 0.4343]], device='cuda:0', grad_fn=<SigmoidBackward>)
tensor(0.3704, device='cuda:0', grad_fn=<NllLossBackward>)
tensor([0, 0, 0, 0, 0, 0, 0, 0, 0, 0, 0, 0], device='cuda:0')
tensor([[0.7753, 0.3051],
        [0.8157, 0.2495],
        [0.7699, 0.3135],
        [0.8075, 0.2654],
        [0.8076, 0.2676],
        [0.7804, 0.3097],
        [0.7435, 0.3648],
        [0.7525, 0.3625],
        [0.7294, 0.3668],
        [0.7512, 0.3440],
        [0.7022, 0.4132],
        [0.6537, 0.4433]], device='cuda:0', grad_fn=<SigmoidBackward>)
tensor(0.1605, device='cuda:0', grad_fn=<NllLossBackward>)
tensor([0, 0, 0, 0, 0, 0, 0, 0, 0, 0, 0, 0], device='cuda:0')
tensor([[0.6535, 0.4802],
        [0.6884, 0.4383],
        [0.7570, 0.3558],
        [0.6968, 0.4110],
        [0.5730, 0.5772],
        [0.6416, 0.5034],
        [0.6331, 0.5066],
        [0.6214, 0.5199],
        [0.6335, 0.4977],
        [0.6045, 0.5268],
        [0.6863, 0.4214],
        [0.7459, 0.3448]], device='cuda:0', grad_fn=<SigmoidBackward>)
tensor(0.3921, device='cuda:0', grad_fn=<NllLossBackward>)
tensor([0, 0, 0, 0, 0, 0, 0, 0, 0, 0, 0, 0], device='cuda:0')
tensor([[0.6016, 0.5440],
        [0.6231, 0.5036],
        [0.5052, 0.6527],
        [0.5844, 0.5557],
        [0.5738, 0.5751],
        [0.6334, 0.5206],
        [0.6689, 0.4581],
        [0.6528, 0.4811],
        [0.6709, 0.4313],
        [0.7688, 0.3070],
        [0.6375, 0.4982],
        [0.7676, 0.3151]], device='cuda:0', grad_fn=<SigmoidBackward>)
tensor(0.4745, device='cuda:0', grad_fn=<NllLossBackward>)
train >>> fold 1/5, epoch: 1/24, patient 2/24, mean_loss 0.5581, mean_acc 0.8333
tensor([1, 1, 0, 0, 0, 0, 0, 0, 0, 0, 0, 0], device='cuda:0')
tensor([[0.5627, 0.5439],
        [0.6946, 0.3896],
        [0.6441, 0.4470],
        [0.6465, 0.4478],
        [0.5888, 0.5545],
        [0.5606, 0.5967],
        [0.6214, 0.5392],
        [0.5951, 0.5612],
        [0.6403, 0.5221],
        [0.6761, 0.4685],
        [0.7066, 0.4325],
        [0.7004, 0.4476]], device='cuda:0', grad_fn=<SigmoidBackward>)
tensor(0.6784, device='cuda:0', grad_fn=<NllLossBackward>)
tensor([0, 0, 0, 0, 0, 0, 0, 0, 0, 0, 0, 0], device='cuda:0')
tensor([[0.7891, 0.2779],
        [0.8675, 0.1681],
        [0.7966, 0.2633],
        [0.6989, 0.4132],
        [0.8196, 0.2542],
        [0.7891, 0.2959],
        [0.7555, 0.3237],
        [0.7273, 0.3700],
        [0.5657, 0.5855],
        [0.6028, 0.5750],
        [0.7302, 0.3902],
        [0.6470, 0.5061]], device='cuda:0', grad_fn=<SigmoidBackward>)
tensor(0.2526, device='cuda:0', grad_fn=<NllLossBackward>)
tensor([0, 0, 0, 0, 0, 0, 0, 0, 0, 0, 0, 0], device='cuda:0')
tensor([[0.6307, 0.5082],
        [0.5928, 0.5515],
        [0.6234, 0.5209],
        [0.5719, 0.5931],
        [0.7014, 0.4272],
        [0.6826, 0.4372],
        [0.7831, 0.2944],
        [0.7367, 0.3799],
        [0.6887, 0.4349],
        [0.7466, 0.3504],
        [0.8159, 0.2428],
        [0.8094, 0.2762]], device='cuda:0', grad_fn=<SigmoidBackward>)
tensor(0.3202, device='cuda:0', grad_fn=<NllLossBackward>)
tensor([0, 0, 0, 0, 0, 0, 0, 0, 0, 0, 0, 0], device='cuda:0')
tensor([[0.6331, 0.4976],
        [0.6648, 0.4353],
        [0.7306, 0.3690],
        [0.7903, 0.2749],
        [0.7618, 0.3300],
        [0.8395, 0.2257],
        [0.7749, 0.3132],
        [0.7927, 0.2977],
        [0.7492, 0.3393],
        [0.7541, 0.3659],
        [0.7400, 0.3675],
        [0.7606, 0.3432]], device='cuda:0', grad_fn=<SigmoidBackward>)
tensor(0.1808, device='cuda:0', grad_fn=<NllLossBackward>)
tensor([0, 0, 0, 0, 0, 0, 0, 0, 0, 0, 0, 0], device='cuda:0')
tensor([[0.8098, 0.2587],
        [0.8196, 0.2595],
        [0.7908, 0.3009],
        [0.8728, 0.1832],
        [0.8594, 0.1967],
        [0.7401, 0.3731],
        [0.7637, 0.3291],
        [0.8185, 0.2414],
        [0.7947, 0.2776],
        [0.7900, 0.2815],
        [0.7270, 0.3645],
        [0.7620, 0.3166]], device='cuda:0', grad_fn=<SigmoidBackward>)
tensor(0.1046, device='cuda:0', grad_fn=<NllLossBackward>)
tensor([0, 0, 0, 0], device='cuda:0')
tensor([[0.7760, 0.3107],
        [0.7456, 0.3489],
        [0.6666, 0.4606],
        [0.7213, 0.3984]], device='cuda:0', grad_fn=<SigmoidBackward>)
tensor(0.2184, device='cuda:0', grad_fn=<NllLossBackward>)
tensor([1, 1, 1, 1, 1, 1, 1, 1, 1, 1, 1, 1], device='cuda:0')
tensor([[0.7585, 0.3139],
        [0.7934, 0.2966],
        [0.6844, 0.4503],
        [0.7441, 0.3533],
        [0.7077, 0.4088],
        [0.7478, 0.3524],
        [0.6617, 0.4753],
        [0.6621, 0.4573],
        [0.7695, 0.3308],
        [0.6025, 0.5600],
        [0.6216, 0.5262],
        [0.6472, 0.4873]], device='cuda:0', grad_fn=<SigmoidBackward>)
tensor(1.5041, device='cuda:0', grad_fn=<NllLossBackward>)
tensor([0, 0, 0, 0, 0, 0, 0, 1, 1, 1, 1, 1], device='cuda:0')
tensor([[0.7599, 0.3501],
        [0.7479, 0.3774],
        [0.8441, 0.2339],
        [0.8171, 0.2682],
        [0.7968, 0.2948],
        [0.8189, 0.2507],
        [0.8178, 0.2614],
        [0.6567, 0.4713],
        [0.6245, 0.5114],
        [0.6979, 0.3946],
        [0.6427, 0.4719],
        [0.7099, 0.3752]], device='cuda:0', grad_fn=<SigmoidBackward>)
tensor(0.8312, device='cuda:0', grad_fn=<NllLossBackward>)
train >>> fold 1/5, epoch: 1/24, patient 3/24, mean_loss 0.5447, mean_acc 0.8155
tensor([0, 0, 1, 1, 1, 1, 1, 1, 1, 1, 1, 1], device='cuda:0')
tensor([[0.7066, 0.4311],
        [0.7660, 0.3359],
        [0.6700, 0.4520],
        [0.6406, 0.4711],
        [0.6731, 0.4468],
        [0.7236, 0.3769],
        [0.6217, 0.5199],
        [0.7132, 0.4056],
        [0.7415, 0.3582],
        [0.7546, 0.3522],
        [0.7616, 0.3432],
        [0.6690, 0.4591]], device='cuda:0', grad_fn=<SigmoidBackward>)
tensor(1.3640, device='cuda:0', grad_fn=<NllLossBackward>)
tensor([0, 0, 0, 0, 0, 0, 0, 0, 0, 0, 0, 0], device='cuda:0')
tensor([[0.7258, 0.3917],
        [0.6792, 0.4397],
        [0.7105, 0.3854],
        [0.7551, 0.3383],
        [0.8107, 0.2521],
        [0.7940, 0.2960],
        [0.7428, 0.3760],
        [0.7579, 0.3383],
        [0.6907, 0.4479],
        [0.7674, 0.3161],
        [0.7067, 0.4030],
        [0.7198, 0.4146]], device='cuda:0', grad_fn=<SigmoidBackward>)
tensor(0.1971, device='cuda:0', grad_fn=<NllLossBackward>)
tensor([0, 0, 0, 0, 0, 0, 0, 0, 0, 0, 0, 0], device='cuda:0')
tensor([[0.7772, 0.3051],
        [0.8029, 0.2599],
        [0.8206, 0.2536],
        [0.8467, 0.2135],
        [0.7927, 0.2929],
        [0.8064, 0.2842],
        [0.8223, 0.2536],
        [0.8395, 0.2264],
        [0.7955, 0.3008],
        [0.7170, 0.3836],
        [0.6962, 0.3883],
        [0.6841, 0.4333]], device='cuda:0', grad_fn=<SigmoidBackward>)
tensor(0.1260, device='cuda:0', grad_fn=<NllLossBackward>)
tensor([0, 0, 0, 0, 0, 0, 0, 0, 0, 0, 0, 0], device='cuda:0')
tensor([[0.7859, 0.3010],
        [0.7707, 0.3372],
        [0.7775, 0.3164],
        [0.8033, 0.2758],
        [0.7300, 0.3643],
        [0.7591, 0.3224],
        [0.7717, 0.3183],
        [0.6806, 0.4644],
        [0.6722, 0.4714],
        [0.7189, 0.3934],
        [0.7406, 0.3672],
        [0.7622, 0.3329]], device='cuda:0', grad_fn=<SigmoidBackward>)
tensor(0.1821, device='cuda:0', grad_fn=<NllLossBackward>)
tensor([0, 0, 0, 0, 0, 0, 0, 0, 0, 0, 0, 0], device='cuda:0')
tensor([[0.7741, 0.3107],
        [0.7727, 0.3141],
        [0.7551, 0.3420],
        [0.7113, 0.3987],
        [0.6636, 0.4507],
        [0.7079, 0.4039],
        [0.7026, 0.4024],
        [0.7401, 0.3584],
        [0.7691, 0.3314],
        [0.7023, 0.4342],
        [0.7301, 0.3917],
        [0.7015, 0.4301]], device='cuda:0', grad_fn=<SigmoidBackward>)
tensor(0.2151, device='cuda:0', grad_fn=<NllLossBackward>)
tensor([1, 1, 1, 1, 1, 1, 1, 1, 1, 1, 1, 1], device='cuda:0')
tensor([[0.5803, 0.5593],
        [0.6966, 0.4346],
        [0.6666, 0.4638],
        [0.6055, 0.5336],
        [0.6031, 0.5225],
        [0.6271, 0.4919],
        [0.7026, 0.4047],
        [0.7287, 0.3768],
        [0.6888, 0.4203],
        [0.5785, 0.5792],
        [0.6231, 0.5113],
        [0.6390, 0.4787]], device='cuda:0', grad_fn=<SigmoidBackward>)
tensor(1.1127, device='cuda:0', grad_fn=<NllLossBackward>)
tensor([0, 0, 0, 0, 0, 0, 0, 0, 0, 0, 0, 0], device='cuda:0')
tensor([[0.8895, 0.1489],
        [0.8238, 0.2510],
        [0.8443, 0.2081],
        [0.8421, 0.2129],
        [0.8436, 0.2181],
        [0.8444, 0.2179],
        [0.8287, 0.2351],
        [0.8240, 0.2513],
        [0.8086, 0.2818],
        [0.7718, 0.3257],
        [0.7892, 0.2801],
        [0.8262, 0.2484]], device='cuda:0', grad_fn=<SigmoidBackward>)
tensor(0.0673, device='cuda:0', grad_fn=<NllLossBackward>)
tensor([0, 0, 0, 0, 0, 0, 0, 0, 0, 0, 0, 0], device='cuda:0')
tensor([[0.7827, 0.2986],
        [0.8354, 0.2339],
        [0.7890, 0.3053],
        [0.8189, 0.2570],
        [0.7617, 0.3380],
        [0.7706, 0.3239],
        [0.7616, 0.3277],
        [0.7790, 0.3036],
        [0.7914, 0.2877],
        [0.7150, 0.3955],
        [0.6737, 0.4281],
        [0.6921, 0.4051]], device='cuda:0', grad_fn=<SigmoidBackward>)
tensor(0.1502, device='cuda:0', grad_fn=<NllLossBackward>)
tensor([0, 0, 0, 0, 0, 0, 0, 0, 0, 0, 0, 0], device='cuda:0')
tensor([[0.7711, 0.3277],
        [0.7561, 0.3497],
        [0.8086, 0.2619],
        [0.7876, 0.2862],
        [0.7636, 0.3328],
        [0.7980, 0.2818],
        [0.8268, 0.2312],
        [0.8064, 0.2686],
        [0.8419, 0.2291],
        [0.8751, 0.1756],
        [0.8603, 0.1894],
        [0.8089, 0.2709]], device='cuda:0', grad_fn=<SigmoidBackward>)
tensor(0.0890, device='cuda:0', grad_fn=<NllLossBackward>)
tensor([0, 0, 0, 0, 0, 0, 0, 0, 0, 0, 0, 0], device='cuda:0')
tensor([[0.6656, 0.4475],
        [0.6629, 0.4517],
        [0.7936, 0.2964],
        [0.8551, 0.2086],
        [0.9187, 0.1040],
        [0.8464, 0.2065],
        [0.7538, 0.3492],
        [0.7777, 0.3078],
        [0.8365, 0.2289],
        [0.8184, 0.2588],
        [0.7680, 0.3251],
        [0.8362, 0.2313]], device='cuda:0', grad_fn=<SigmoidBackward>)
tensor(0.1250, device='cuda:0', grad_fn=<NllLossBackward>)
tensor([0, 0, 0, 0, 0, 0, 0, 0, 0, 0, 0, 0], device='cuda:0')
tensor([[0.7197, 0.3991],
        [0.6943, 0.4216],
        [0.6937, 0.4213],
        [0.7702, 0.3179],
        [0.7797, 0.3068],
        [0.7721, 0.3073],
        [0.7928, 0.2765],
        [0.8316, 0.2246],
        [0.8366, 0.2349],
        [0.8085, 0.2762],
        [0.8331, 0.2374],
        [0.8234, 0.2547]], device='cuda:0', grad_fn=<SigmoidBackward>)
tensor(0.1322, device='cuda:0', grad_fn=<NllLossBackward>)
tensor([1, 1, 1, 1, 1, 1, 1, 1, 1, 1, 0, 0], device='cuda:0')
tensor([[0.6724, 0.4592],
        [0.6455, 0.4768],
        [0.5575, 0.5828],
        [0.6659, 0.4384],
        [0.5507, 0.5709],
        [0.5517, 0.5849],
        [0.6443, 0.5035],
        [0.6656, 0.4856],
        [0.7017, 0.4231],
        [0.6893, 0.4372],
        [0.7853, 0.3256],
        [0.7992, 0.2978]], device='cuda:0', grad_fn=<SigmoidBackward>)
tensor(0.9726, device='cuda:0', grad_fn=<NllLossBackward>)
train >>> fold 1/5, epoch: 1/24, patient 4/24, mean_loss 0.4996, mean_acc 0.8125
tensor([0, 0, 0, 0, 0, 0, 0, 0, 0, 0, 0, 0], device='cuda:0')
tensor([[0.7088, 0.4007],
        [0.5666, 0.5843],
        [0.7926, 0.2889],
        [0.7004, 0.4146],
        [0.7200, 0.3898],
        [0.7975, 0.2849],
        [0.7337, 0.3767],
        [0.6893, 0.4449],
        [0.7607, 0.3387],
        [0.6353, 0.4884],
        [0.6284, 0.5105],
        [0.4071, 0.7510]], device='cuda:0', grad_fn=<SigmoidBackward>)
tensor(0.4096, device='cuda:0', grad_fn=<NllLossBackward>)
tensor([0, 0, 0, 0, 0, 0, 0, 0, 0, 0, 0, 0], device='cuda:0')
tensor([[0.6553, 0.4828],
        [0.7096, 0.4052],
        [0.7220, 0.3887],
        [0.5996, 0.5155],
        [0.8030, 0.2767],
        [0.8056, 0.2607],
        [0.7588, 0.3261],
        [0.7880, 0.2900],
        [0.7312, 0.3707],
        [0.6764, 0.4494],
        [0.6164, 0.5347],
        [0.5944, 0.5400]], device='cuda:0', grad_fn=<SigmoidBackward>)
tensor(0.2895, device='cuda:0', grad_fn=<NllLossBackward>)
tensor([1, 0, 1, 0, 0, 1, 0, 0, 0, 1, 1, 1], device='cuda:0')
tensor([[0.7622, 0.3339],
        [0.6156, 0.5113],
        [0.6480, 0.4858],
        [0.6484, 0.4834],
        [0.6269, 0.5148],
        [0.7280, 0.3851],
        [0.6914, 0.4173],
        [0.5443, 0.5763],
        [0.6419, 0.4894],
        [0.5386, 0.6169],
        [0.7228, 0.3909],
        [0.7495, 0.3440]], device='cuda:0', grad_fn=<SigmoidBackward>)
tensor(1.1718, device='cuda:0', grad_fn=<NllLossBackward>)
