2020-03-22-01-55-57
train.py
--------------------------------------------------------------------------------------------------------------------
batchSize: 12
bottleneckFeatures: 1
brightness: None
contrast: None
cropSize: None
dir_lf: D:\Data\cs-8395-dl
dir_project: ..
encoder: resnet34
epoch: 24
extract_spleen: 1
folderData: assignment3\Training
folderPartition: train_test_org
lossWeight: [1.0, 1.0]
loss_weights: None
lr: 0.0001
msg: None
overrideLR: 1
path_kfold: D:\Projects\cs-8395-dl\Assignment_3_segmentation\partition\kfold_5.bin
resize: None
resume_from: None
resume_training: None
to_ram: 0
--------------------------------------------------------------------------------------------------------------------
creating directory to save model at D:\Data\cs-8395-dl\model\2020-03-22-01-55-57
executing fold 1/5
training patients  ['0001']
validation patients  ['0009']
train >>> epoch: 1/24, patient 1/1, mean_loss 1.5716, mean_dice_loss: 0.9536, mean_ce: 0.6180
valid >>> epoch: 1/24, mean_loss: 1.5350, mean_dice: 0.0000
criteria decreased from inf to 1.5350, saving best model at D:\Data\cs-8395-dl\model\2020-03-22-01-55-57\2020-03-22-01-55-57_1_fold-resnet34_best.pt
train >>> epoch: 2/24, patient 1/1, mean_loss 1.5683, mean_dice_loss: 0.9536, mean_ce: 0.6147
valid >>> epoch: 2/24, mean_loss: 1.5316, mean_dice: 0.0000
criteria decreased from 1.5350 to 1.5316, saving best model at D:\Data\cs-8395-dl\model\2020-03-22-01-55-57\2020-03-22-01-55-57_1_fold-resnet34_best.pt
train >>> epoch: 3/24, patient 1/1, mean_loss 1.5618, mean_dice_loss: 0.9536, mean_ce: 0.6082
valid >>> epoch: 3/24, mean_loss: 1.5198, mean_dice: 0.0000
criteria decreased from 1.5316 to 1.5198, saving best model at D:\Data\cs-8395-dl\model\2020-03-22-01-55-57\2020-03-22-01-55-57_1_fold-resnet34_best.pt
train >>> epoch: 4/24, patient 1/1, mean_loss 1.5346, mean_dice_loss: 0.9531, mean_ce: 0.5816
valid >>> epoch: 4/24, mean_loss: 1.4298, mean_dice: 0.0000
criteria decreased from 1.5198 to 1.4298, saving best model at D:\Data\cs-8395-dl\model\2020-03-22-01-55-57\2020-03-22-01-55-57_1_fold-resnet34_best.pt
train >>> epoch: 5/24, patient 1/1, mean_loss 1.3259, mean_dice_loss: 0.9406, mean_ce: 0.3853
valid >>> epoch: 5/24, mean_loss: 1.2619, mean_dice: 0.0000
criteria decreased from 1.4298 to 1.2619, saving best model at D:\Data\cs-8395-dl\model\2020-03-22-01-55-57\2020-03-22-01-55-57_1_fold-resnet34_best.pt
train >>> epoch: 6/24, patient 1/1, mean_loss 1.0560, mean_dice_loss: 0.9437, mean_ce: 0.1123
valid >>> epoch: 6/24, mean_loss: 1.6219, mean_dice: 0.0000
train >>> epoch: 7/24, patient 1/1, mean_loss 0.9143, mean_dice_loss: 0.8440, mean_ce: 0.0703
valid >>> epoch: 7/24, mean_loss: 1.4135, mean_dice: 0.0000
train >>> epoch: 8/24, patient 1/1, mean_loss 0.8544, mean_dice_loss: 0.7896, mean_ce: 0.0648
valid >>> epoch: 8/24, mean_loss: 1.4877, mean_dice: 0.0000
train >>> epoch: 9/24, patient 1/1, mean_loss 0.7908, mean_dice_loss: 0.7387, mean_ce: 0.0521
valid >>> epoch: 9/24, mean_loss: 1.6381, mean_dice: 0.0000
train >>> epoch: 10/24, patient 1/1, mean_loss 0.7292, mean_dice_loss: 0.6848, mean_ce: 0.0444
valid >>> epoch: 10/24, mean_loss: 1.6370, mean_dice: 0.0000
train >>> epoch: 11/24, patient 1/1, mean_loss 0.6659, mean_dice_loss: 0.6280, mean_ce: 0.0379
valid >>> epoch: 11/24, mean_loss: 1.7439, mean_dice: 0.0000
train >>> epoch: 12/24, patient 1/1, mean_loss 0.6129, mean_dice_loss: 0.5795, mean_ce: 0.0334
valid >>> epoch: 12/24, mean_loss: 2.0277, mean_dice: 0.0000
tensor(-0.2626, device='cuda:0', grad_fn=<MaxBackward1>)
0.43471393
train >>> epoch: 13/24, patient 1/1, mean_loss 0.5734, mean_dice_loss: 0.5422, mean_ce: 0.0312
