2020-03-20-03-49-23
train.py
--------------------------------------------------------------------------------------------------------------------
batchSize: 4
bottleneckFeatures: 1
brightness: None
contrast: None
cropSize: None
dir_lf: D:\Data\cs-8395-dl
dir_project: ..
encoder: resnet34
epoch: 400
folderData: assignment3\Training
folderPartition: train_test_org
lossWeight: [0.2, 0.8]
loss_weights: None
lr: 0.001
overrideLR: 1
path_kfold: D:\Projects\cs-8395-dl\Assignment_3_segmentation\partition\kfold_5.bin
resize: None
resume_from: None
to_ram: 0
--------------------------------------------------------------------------------------------------------------------
creating directory to save model at D:\Data\cs-8395-dl\model\2020-03-20-03-49-23
train >>> epoch: 0/400, mean_loss 0.1163, mean_dice: 0.0555, mean_ce: 0.1592
updating weights
train >>> epoch: 0/400, mean_loss 0.1145, mean_dice: 0.0456, mean_ce: 0.1546
updating weights
train >>> epoch: 0/400, mean_loss 0.0953, mean_dice: 0.0398, mean_ce: 0.1291
updating weights
