2020-03-22-02-35-54
train.py
--------------------------------------------------------------------------------------------------------------------
batchSize: 12
bottleneckFeatures: 1
brightness: None
contrast: None
cropSize: None
dir_lf: D:\Data\cs-8395-dl
dir_project: ..
encoder: resnet34
epoch: 24
extract_spleen: 1
folderData: assignment3\Training
folderPartition: train_test_org
lossWeight: [1.0, 1.0]
loss_weights: None
lr: 0.0001
msg: None
overrideLR: 1
path_kfold: D:\Projects\cs-8395-dl\Assignment_3_segmentation\partition\kfold_5.bin
resize: None
resume_from: None
resume_training: None
to_ram: 0
--------------------------------------------------------------------------------------------------------------------
creating directory to save model at D:\Data\cs-8395-dl\model\2020-03-22-02-35-54
executing fold 1/5
training patients  ['0001']
validation patients  ['0009']
train >>> epoch: 1/24, patient 1/1, mean_loss 1.5978, mean_dice_loss: 0.9535, mean_ce: 0.6443
valid >>> epoch: 1/24, mean_loss: 1.5602, mean_dice: 0.0000
criteria decreased from inf to 1.5602, saving best model at D:\Data\cs-8395-dl\model\2020-03-22-02-35-54\2020-03-22-02-35-54_1_fold-resnet34_best.pt
train >>> epoch: 2/24, patient 1/1, mean_loss 1.5961, mean_dice_loss: 0.9535, mean_ce: 0.6426
valid >>> epoch: 2/24, mean_loss: 1.5560, mean_dice: 0.0000
criteria decreased from 1.5602 to 1.5560, saving best model at D:\Data\cs-8395-dl\model\2020-03-22-02-35-54\2020-03-22-02-35-54_1_fold-resnet34_best.pt
train >>> epoch: 3/24, patient 1/1, mean_loss 1.5942, mean_dice_loss: 0.9535, mean_ce: 0.6407
valid >>> epoch: 3/24, mean_loss: 1.5520, mean_dice: 0.0000
criteria decreased from 1.5560 to 1.5520, saving best model at D:\Data\cs-8395-dl\model\2020-03-22-02-35-54\2020-03-22-02-35-54_1_fold-resnet34_best.pt
train >>> epoch: 4/24, patient 1/1, mean_loss 1.5913, mean_dice_loss: 0.9535, mean_ce: 0.6378
valid >>> epoch: 4/24, mean_loss: 1.5357, mean_dice: 0.0000
criteria decreased from 1.5520 to 1.5357, saving best model at D:\Data\cs-8395-dl\model\2020-03-22-02-35-54\2020-03-22-02-35-54_1_fold-resnet34_best.pt
train >>> epoch: 5/24, patient 1/1, mean_loss 1.5819, mean_dice_loss: 0.9533, mean_ce: 0.6286
valid >>> epoch: 5/24, mean_loss: 1.4030, mean_dice: 0.0000
criteria decreased from 1.5357 to 1.4030, saving best model at D:\Data\cs-8395-dl\model\2020-03-22-02-35-54\2020-03-22-02-35-54_1_fold-resnet34_best.pt
train >>> epoch: 6/24, patient 1/1, mean_loss 1.5315, mean_dice_loss: 0.9503, mean_ce: 0.5812
valid >>> epoch: 6/24, mean_loss: 1.3097, mean_dice: 0.0000
criteria decreased from 1.4030 to 1.3097, saving best model at D:\Data\cs-8395-dl\model\2020-03-22-02-35-54\2020-03-22-02-35-54_1_fold-resnet34_best.pt
train >>> epoch: 7/24, patient 1/1, mean_loss 1.4616, mean_dice_loss: 0.9489, mean_ce: 0.5127
valid >>> epoch: 7/24, mean_loss: 1.5403, mean_dice: 0.0000
train >>> epoch: 8/24, patient 1/1, mean_loss 1.3921, mean_dice_loss: 0.9347, mean_ce: 0.4575
valid >>> epoch: 8/24, mean_loss: 1.3302, mean_dice: 0.0000
train >>> epoch: 9/24, patient 1/1, mean_loss 1.3314, mean_dice_loss: 0.9178, mean_ce: 0.4137
valid >>> epoch: 9/24, mean_loss: 1.4156, mean_dice: 0.0000
train >>> epoch: 10/24, patient 1/1, mean_loss 1.2768, mean_dice_loss: 0.8993, mean_ce: 0.3775
valid >>> epoch: 10/24, mean_loss: 1.4878, mean_dice: 0.0000
train >>> epoch: 11/24, patient 1/1, mean_loss 1.2275, mean_dice_loss: 0.8801, mean_ce: 0.3473
valid >>> epoch: 11/24, mean_loss: 1.5173, mean_dice: 0.0000
train >>> epoch: 12/24, patient 1/1, mean_loss 1.1815, mean_dice_loss: 0.8598, mean_ce: 0.3216
valid >>> epoch: 12/24, mean_loss: 1.7426, mean_dice: 0.0000
train >>> epoch: 13/24, patient 1/1, mean_loss 1.1390, mean_dice_loss: 0.8395, mean_ce: 0.2996
